0 30 0x00000000 0xf14020f3 M   csrrs       x1, mhartid, x0
1 32 0x00000004 0x80002217 M   auipc       x4, 0x80002000
2 34 0x00000008 0xffc20213 M   addi        x4, x4, -4
3 36 0x0000000c 0xff027113 M   andi        x2, x4, -16
4 38 0x00000010 0x80000197 M   auipc       x3, 0x80000000
5 40 0x00000014 0x7f018193 M   addi        x3, x3, 2032
6 42 0x00000018 0x000022b7 M   lui         x5, 0x00002000
7 44 0x0000001c 0x80028293 M   addi        x5, x5, -2048
8 58 0x00000020 0x30029073 M   csrrw       x0, mstatus, x5
9 60 0x00000024 0x00000317 M   auipc       x6, 0x00000000
10 62 0x00000028 0x19430313 M   addi        x6, x6, 404
11 65 0x0000002c 0x30531073 M   csrrw       x0, mtvec, x6
12 68 0x00000030 0x30401073 M   csrrw       x0, mie, x0
13 70 0x00000034 0x00001397 M   auipc       x7, 0x00001000
14 72 0x00000038 0x14838393 M   addi        x7, x7, 328
15 74 0x0000003c 0x80000417 M   auipc       x8, 0x80000000
16 87 0x00000040 0xfc440413 M   addi        x8, x8, -60
17 89 0x00000044 0x80000497 M   auipc       x9, 0x80000000
18 91 0x00000048 0xfbc48493 M   addi        x9, x9, -68
19 93 0x0000004c 0x80000517 M   auipc       x10, 0x80000000
20 95 0x00000050 0xfb450513 M   addi        x10, x10, -76
21 97 0x00000054 0x80000597 M   auipc       x11, 0x80000000
22 99 0x00000058 0xfac58593 M   addi        x11, x11, -84
23 101 0x0000005c 0x00000613 M   addi        x12, x0, 0
24 115 0x00000060 0x00000693 M   addi        x13, x0, 0
25 117 0x00000064 0x00000713 M   addi        x14, x0, 0
26 119 0x00000068 0x00000793 M   addi        x15, x0, 0
27 121 0x0000006c 0x00000813 M   addi        x16, x0, 0
28 123 0x00000070 0x00000893 M   addi        x17, x0, 0
29 125 0x00000074 0x00000913 M   addi        x18, x0, 0
30 127 0x00000078 0x00000993 M   addi        x19, x0, 0
31 129 0x0000007c 0x00000a13 M   addi        x20, x0, 0
32 143 0x00000080 0x00000a93 M   addi        x21, x0, 0
33 145 0x00000084 0x00000b13 M   addi        x22, x0, 0
34 147 0x00000088 0x00000b93 M   addi        x23, x0, 0
35 149 0x0000008c 0x00000c13 M   addi        x24, x0, 0
36 151 0x00000090 0x00000c93 M   addi        x25, x0, 0
37 153 0x00000094 0x00000d13 M   addi        x26, x0, 0
38 155 0x00000098 0x00000d93 M   addi        x27, x0, 0
39 157 0x0000009c 0x00000e13 M   addi        x28, x0, 0
40 171 0x000000a0 0x00000e93 M   addi        x29, x0, 0
41 173 0x000000a4 0x00000f13 M   addi        x30, x0, 0
42 175 0x000000a8 0x00000f93 M   addi        x31, x0, 0
43 178 0x000000ac 0x04008463 M   beq         x1, x0, 72
44 200 0x000000f4 0x00838e63 M   beq         x7, x8, 28
45 203 0x000000f8 0x00945c63 M   bge         x8, x9, 24
46 221 0x00000110 0x00b55863 M   bge         x10, x11, 16
47 239 0x00000120 0x00001417 M   auipc       x8, 0x00001000
48 241 0x00000124 0x05c40413 M   addi        x8, x8, 92
49 243 0x00000128 0x00001497 M   auipc       x9, 0x00001000
50 245 0x0000012c 0x05448493 M   addi        x9, x9, 84
51 248 0x00000130 0x00945a63 M   bge         x8, x9, 20
52 266 0x00000144 0x00000617 M   auipc       x12, 0x00000000
53 268 0x00000148 0x07c60613 M   addi        x12, x12, 124
54 271 0x0000014c 0x0ff0000f M   fence       
55 278 0x00000150 0x0000100f M   fence.i     
56 489 0x00000154 0x00000513 M   addi        x10, x0, 0
57 491 0x00000158 0x00000593 M   addi        x11, x0, 0
58 494 0x0000015c 0x000600e7 M   jalr        x1, 0(x12)
59 522 0x000001c0 0xfff00293 M   addi        x5, x0, -1
60 524 0x000001c4 0x00300313 M   addi        x6, x0, 3
61 527 0x000001c8 0xc0002473 M   csrrs       x8, cycle, x0
62 562 0x000001cc 0x0262c3b3 M   div         x7, x5, x6
63 597 0x000001d0 0x0262c3b3 M   div         x7, x5, x6
64 632 0x000001d4 0x0262c3b3 M   div         x7, x5, x6
65 667 0x000001d8 0x0262c3b3 M   div         x7, x5, x6
66 702 0x000001dc 0x0262c3b3 M   div         x7, x5, x6
67 737 0x000001e0 0x0262c3b3 M   div         x7, x5, x6
68 772 0x000001e4 0x0262c3b3 M   div         x7, x5, x6
69 807 0x000001e8 0x0262c3b3 M   div         x7, x5, x6
70 842 0x000001ec 0x0262c3b3 M   div         x7, x5, x6
71 877 0x000001f0 0x0262c3b3 M   div         x7, x5, x6
72 912 0x000001f4 0x0262c3b3 M   div         x7, x5, x6
73 947 0x000001f8 0x0262c3b3 M   div         x7, x5, x6
74 982 0x000001fc 0x0262c3b3 M   div         x7, x5, x6
75 1017 0x00000200 0x0262c3b3 M   div         x7, x5, x6
76 1052 0x00000204 0x0262c3b3 M   div         x7, x5, x6
77 1087 0x00000208 0x0262c3b3 M   div         x7, x5, x6
78 1122 0x0000020c 0x0262c3b3 M   div         x7, x5, x6
79 1157 0x00000210 0x0262c3b3 M   div         x7, x5, x6
80 1192 0x00000214 0x0262c3b3 M   div         x7, x5, x6
81 1227 0x00000218 0x0262c3b3 M   div         x7, x5, x6
82 1262 0x0000021c 0x0262c3b3 M   div         x7, x5, x6
83 1297 0x00000220 0x0262c3b3 M   div         x7, x5, x6
84 1332 0x00000224 0x0262c3b3 M   div         x7, x5, x6
85 1367 0x00000228 0x0262c3b3 M   div         x7, x5, x6
86 1402 0x0000022c 0x0262c3b3 M   div         x7, x5, x6
87 1437 0x00000230 0x0262c3b3 M   div         x7, x5, x6
88 1472 0x00000234 0x0262c3b3 M   div         x7, x5, x6
89 1507 0x00000238 0x0262c3b3 M   div         x7, x5, x6
90 1542 0x0000023c 0x0262c3b3 M   div         x7, x5, x6
91 1577 0x00000240 0x0262c3b3 M   div         x7, x5, x6
92 1612 0x00000244 0x0262c3b3 M   div         x7, x5, x6
93 1647 0x00000248 0x0262c3b3 M   div         x7, x5, x6
94 1682 0x0000024c 0x0262c3b3 M   div         x7, x5, x6
95 1717 0x00000250 0x0262c3b3 M   div         x7, x5, x6
96 1752 0x00000254 0x0262c3b3 M   div         x7, x5, x6
97 1787 0x00000258 0x0262c3b3 M   div         x7, x5, x6
98 1822 0x0000025c 0x0262c3b3 M   div         x7, x5, x6
99 1857 0x00000260 0x0262c3b3 M   div         x7, x5, x6
100 1892 0x00000264 0x0262c3b3 M   div         x7, x5, x6
101 1927 0x00000268 0x0262c3b3 M   div         x7, x5, x6
102 1962 0x0000026c 0x0262c3b3 M   div         x7, x5, x6
103 1997 0x00000270 0x0262c3b3 M   div         x7, x5, x6
104 2032 0x00000274 0x0262c3b3 M   div         x7, x5, x6
105 2067 0x00000278 0x0262c3b3 M   div         x7, x5, x6
106 2102 0x0000027c 0x0262c3b3 M   div         x7, x5, x6
107 2137 0x00000280 0x0262c3b3 M   div         x7, x5, x6
108 2172 0x00000284 0x0262c3b3 M   div         x7, x5, x6
109 2207 0x00000288 0x0262c3b3 M   div         x7, x5, x6
110 2242 0x0000028c 0x0262c3b3 M   div         x7, x5, x6
111 2277 0x00000290 0x0262c3b3 M   div         x7, x5, x6
112 2312 0x00000294 0x0262c3b3 M   div         x7, x5, x6
113 2347 0x00000298 0x0262c3b3 M   div         x7, x5, x6
114 2382 0x0000029c 0x0262c3b3 M   div         x7, x5, x6
115 2417 0x000002a0 0x0262c3b3 M   div         x7, x5, x6
116 2452 0x000002a4 0x0262c3b3 M   div         x7, x5, x6
117 2487 0x000002a8 0x0262c3b3 M   div         x7, x5, x6
118 2522 0x000002ac 0x0262c3b3 M   div         x7, x5, x6
119 2557 0x000002b0 0x0262c3b3 M   div         x7, x5, x6
120 2592 0x000002b4 0x0262c3b3 M   div         x7, x5, x6
121 2627 0x000002b8 0x0262c3b3 M   div         x7, x5, x6
122 2662 0x000002bc 0x0262c3b3 M   div         x7, x5, x6
123 2697 0x000002c0 0x0262c3b3 M   div         x7, x5, x6
124 2732 0x000002c4 0x0262c3b3 M   div         x7, x5, x6
125 2767 0x000002c8 0x0262c3b3 M   div         x7, x5, x6
126 2802 0x000002cc 0x0262c3b3 M   div         x7, x5, x6
127 2837 0x000002d0 0x0262c3b3 M   div         x7, x5, x6
128 2872 0x000002d4 0x0262c3b3 M   div         x7, x5, x6
129 2907 0x000002d8 0x0262c3b3 M   div         x7, x5, x6
130 2942 0x000002dc 0x0262c3b3 M   div         x7, x5, x6
131 2977 0x000002e0 0x0262c3b3 M   div         x7, x5, x6
132 3012 0x000002e4 0x0262c3b3 M   div         x7, x5, x6
133 3047 0x000002e8 0x0262c3b3 M   div         x7, x5, x6
134 3082 0x000002ec 0x0262c3b3 M   div         x7, x5, x6
135 3117 0x000002f0 0x0262c3b3 M   div         x7, x5, x6
136 3152 0x000002f4 0x0262c3b3 M   div         x7, x5, x6
137 3187 0x000002f8 0x0262c3b3 M   div         x7, x5, x6
138 3222 0x000002fc 0x0262c3b3 M   div         x7, x5, x6
139 3257 0x00000300 0x0262c3b3 M   div         x7, x5, x6
140 3292 0x00000304 0x0262c3b3 M   div         x7, x5, x6
141 3327 0x00000308 0x0262c3b3 M   div         x7, x5, x6
142 3362 0x0000030c 0x0262c3b3 M   div         x7, x5, x6
143 3397 0x00000310 0x0262c3b3 M   div         x7, x5, x6
144 3432 0x00000314 0x0262c3b3 M   div         x7, x5, x6
145 3467 0x00000318 0x0262c3b3 M   div         x7, x5, x6
146 3502 0x0000031c 0x0262c3b3 M   div         x7, x5, x6
147 3537 0x00000320 0x0262c3b3 M   div         x7, x5, x6
148 3572 0x00000324 0x0262c3b3 M   div         x7, x5, x6
149 3607 0x00000328 0x0262c3b3 M   div         x7, x5, x6
150 3642 0x0000032c 0x0262c3b3 M   div         x7, x5, x6
151 3677 0x00000330 0x0262c3b3 M   div         x7, x5, x6
152 3712 0x00000334 0x0262c3b3 M   div         x7, x5, x6
153 3747 0x00000338 0x0262c3b3 M   div         x7, x5, x6
154 3782 0x0000033c 0x0262c3b3 M   div         x7, x5, x6
155 3817 0x00000340 0x0262c3b3 M   div         x7, x5, x6
156 3852 0x00000344 0x0262c3b3 M   div         x7, x5, x6
157 3887 0x00000348 0x0262c3b3 M   div         x7, x5, x6
158 3922 0x0000034c 0x0262c3b3 M   div         x7, x5, x6
159 3957 0x00000350 0x0262c3b3 M   div         x7, x5, x6
160 3992 0x00000354 0x0262c3b3 M   div         x7, x5, x6
161 4027 0x00000358 0x0262c3b3 M   div         x7, x5, x6
162 4062 0x0000035c 0x0262c3b3 M   div         x7, x5, x6
163 4097 0x00000360 0x0262c3b3 M   div         x7, x5, x6
164 4132 0x00000364 0x0262c3b3 M   div         x7, x5, x6
165 4167 0x00000368 0x0262c3b3 M   div         x7, x5, x6
166 4202 0x0000036c 0x0262c3b3 M   div         x7, x5, x6
167 4237 0x00000370 0x0262c3b3 M   div         x7, x5, x6
168 4272 0x00000374 0x0262c3b3 M   div         x7, x5, x6
169 4307 0x00000378 0x0262c3b3 M   div         x7, x5, x6
170 4342 0x0000037c 0x0262c3b3 M   div         x7, x5, x6
171 4377 0x00000380 0x0262c3b3 M   div         x7, x5, x6
172 4412 0x00000384 0x0262c3b3 M   div         x7, x5, x6
173 4447 0x00000388 0x0262c3b3 M   div         x7, x5, x6
174 4482 0x0000038c 0x0262c3b3 M   div         x7, x5, x6
175 4517 0x00000390 0x0262c3b3 M   div         x7, x5, x6
176 4552 0x00000394 0x0262c3b3 M   div         x7, x5, x6
177 4587 0x00000398 0x0262c3b3 M   div         x7, x5, x6
178 4622 0x0000039c 0x0262c3b3 M   div         x7, x5, x6
179 4657 0x000003a0 0x0262c3b3 M   div         x7, x5, x6
180 4692 0x000003a4 0x0262c3b3 M   div         x7, x5, x6
181 4727 0x000003a8 0x0262c3b3 M   div         x7, x5, x6
182 4762 0x000003ac 0x0262c3b3 M   div         x7, x5, x6
183 4797 0x000003b0 0x0262c3b3 M   div         x7, x5, x6
184 4832 0x000003b4 0x0262c3b3 M   div         x7, x5, x6
185 4867 0x000003b8 0x0262c3b3 M   div         x7, x5, x6
186 4902 0x000003bc 0x0262c3b3 M   div         x7, x5, x6
187 4937 0x000003c0 0x0262c3b3 M   div         x7, x5, x6
188 4972 0x000003c4 0x0262c3b3 M   div         x7, x5, x6
189 5007 0x000003c8 0x0262c3b3 M   div         x7, x5, x6
190 5042 0x000003cc 0x0262c3b3 M   div         x7, x5, x6
191 5077 0x000003d0 0x0262c3b3 M   div         x7, x5, x6
192 5112 0x000003d4 0x0262c3b3 M   div         x7, x5, x6
193 5147 0x000003d8 0x0262c3b3 M   div         x7, x5, x6
194 5182 0x000003dc 0x0262c3b3 M   div         x7, x5, x6
195 5217 0x000003e0 0x0262c3b3 M   div         x7, x5, x6
196 5252 0x000003e4 0x0262c3b3 M   div         x7, x5, x6
197 5287 0x000003e8 0x0262c3b3 M   div         x7, x5, x6
198 5322 0x000003ec 0x0262c3b3 M   div         x7, x5, x6
199 5357 0x000003f0 0x0262c3b3 M   div         x7, x5, x6
200 5392 0x000003f4 0x0262c3b3 M   div         x7, x5, x6
201 5427 0x000003f8 0x0262c3b3 M   div         x7, x5, x6
202 5462 0x000003fc 0x0262c3b3 M   div         x7, x5, x6
203 5497 0x00000400 0x0262c3b3 M   div         x7, x5, x6
204 5532 0x00000404 0x0262c3b3 M   div         x7, x5, x6
205 5567 0x00000408 0x0262c3b3 M   div         x7, x5, x6
206 5602 0x0000040c 0x0262c3b3 M   div         x7, x5, x6
207 5637 0x00000410 0x0262c3b3 M   div         x7, x5, x6
208 5672 0x00000414 0x0262c3b3 M   div         x7, x5, x6
209 5707 0x00000418 0x0262c3b3 M   div         x7, x5, x6
210 5742 0x0000041c 0x0262c3b3 M   div         x7, x5, x6
211 5777 0x00000420 0x0262c3b3 M   div         x7, x5, x6
212 5812 0x00000424 0x0262c3b3 M   div         x7, x5, x6
213 5847 0x00000428 0x0262c3b3 M   div         x7, x5, x6
214 5882 0x0000042c 0x0262c3b3 M   div         x7, x5, x6
215 5917 0x00000430 0x0262c3b3 M   div         x7, x5, x6
216 5952 0x00000434 0x0262c3b3 M   div         x7, x5, x6
217 5987 0x00000438 0x0262c3b3 M   div         x7, x5, x6
218 6022 0x0000043c 0x0262c3b3 M   div         x7, x5, x6
219 6057 0x00000440 0x0262c3b3 M   div         x7, x5, x6
220 6092 0x00000444 0x0262c3b3 M   div         x7, x5, x6
221 6127 0x00000448 0x0262c3b3 M   div         x7, x5, x6
222 6162 0x0000044c 0x0262c3b3 M   div         x7, x5, x6
223 6197 0x00000450 0x0262c3b3 M   div         x7, x5, x6
224 6232 0x00000454 0x0262c3b3 M   div         x7, x5, x6
225 6267 0x00000458 0x0262c3b3 M   div         x7, x5, x6
226 6302 0x0000045c 0x0262c3b3 M   div         x7, x5, x6
227 6337 0x00000460 0x0262c3b3 M   div         x7, x5, x6
228 6372 0x00000464 0x0262c3b3 M   div         x7, x5, x6
229 6407 0x00000468 0x0262c3b3 M   div         x7, x5, x6
230 6442 0x0000046c 0x0262c3b3 M   div         x7, x5, x6
231 6477 0x00000470 0x0262c3b3 M   div         x7, x5, x6
232 6512 0x00000474 0x0262c3b3 M   div         x7, x5, x6
233 6547 0x00000478 0x0262c3b3 M   div         x7, x5, x6
234 6582 0x0000047c 0x0262c3b3 M   div         x7, x5, x6
235 6617 0x00000480 0x0262c3b3 M   div         x7, x5, x6
236 6652 0x00000484 0x0262c3b3 M   div         x7, x5, x6
237 6687 0x00000488 0x0262c3b3 M   div         x7, x5, x6
238 6722 0x0000048c 0x0262c3b3 M   div         x7, x5, x6
239 6757 0x00000490 0x0262c3b3 M   div         x7, x5, x6
240 6792 0x00000494 0x0262c3b3 M   div         x7, x5, x6
241 6827 0x00000498 0x0262c3b3 M   div         x7, x5, x6
242 6862 0x0000049c 0x0262c3b3 M   div         x7, x5, x6
243 6897 0x000004a0 0x0262c3b3 M   div         x7, x5, x6
244 6932 0x000004a4 0x0262c3b3 M   div         x7, x5, x6
245 6967 0x000004a8 0x0262c3b3 M   div         x7, x5, x6
246 7002 0x000004ac 0x0262c3b3 M   div         x7, x5, x6
247 7037 0x000004b0 0x0262c3b3 M   div         x7, x5, x6
248 7072 0x000004b4 0x0262c3b3 M   div         x7, x5, x6
249 7107 0x000004b8 0x0262c3b3 M   div         x7, x5, x6
250 7142 0x000004bc 0x0262c3b3 M   div         x7, x5, x6
251 7177 0x000004c0 0x0262c3b3 M   div         x7, x5, x6
252 7212 0x000004c4 0x0262c3b3 M   div         x7, x5, x6
253 7247 0x000004c8 0x0262c3b3 M   div         x7, x5, x6
254 7282 0x000004cc 0x0262c3b3 M   div         x7, x5, x6
255 7317 0x000004d0 0x0262c3b3 M   div         x7, x5, x6
256 7352 0x000004d4 0x0262c3b3 M   div         x7, x5, x6
257 7387 0x000004d8 0x0262c3b3 M   div         x7, x5, x6
258 7422 0x000004dc 0x0262c3b3 M   div         x7, x5, x6
259 7457 0x000004e0 0x0262c3b3 M   div         x7, x5, x6
260 7492 0x000004e4 0x0262c3b3 M   div         x7, x5, x6
261 7527 0x000004e8 0x0262c3b3 M   div         x7, x5, x6
262 7562 0x000004ec 0x0262c3b3 M   div         x7, x5, x6
263 7597 0x000004f0 0x0262c3b3 M   div         x7, x5, x6
264 7632 0x000004f4 0x0262c3b3 M   div         x7, x5, x6
265 7667 0x000004f8 0x0262c3b3 M   div         x7, x5, x6
266 7702 0x000004fc 0x0262c3b3 M   div         x7, x5, x6
267 7737 0x00000500 0x0262c3b3 M   div         x7, x5, x6
268 7772 0x00000504 0x0262c3b3 M   div         x7, x5, x6
269 7807 0x00000508 0x0262c3b3 M   div         x7, x5, x6
270 7842 0x0000050c 0x0262c3b3 M   div         x7, x5, x6
271 7877 0x00000510 0x0262c3b3 M   div         x7, x5, x6
272 7912 0x00000514 0x0262c3b3 M   div         x7, x5, x6
273 7947 0x00000518 0x0262c3b3 M   div         x7, x5, x6
274 7982 0x0000051c 0x0262c3b3 M   div         x7, x5, x6
275 8017 0x00000520 0x0262c3b3 M   div         x7, x5, x6
276 8052 0x00000524 0x0262c3b3 M   div         x7, x5, x6
277 8087 0x00000528 0x0262c3b3 M   div         x7, x5, x6
278 8122 0x0000052c 0x0262c3b3 M   div         x7, x5, x6
279 8157 0x00000530 0x0262c3b3 M   div         x7, x5, x6
280 8192 0x00000534 0x0262c3b3 M   div         x7, x5, x6
281 8227 0x00000538 0x0262c3b3 M   div         x7, x5, x6
282 8262 0x0000053c 0x0262c3b3 M   div         x7, x5, x6
283 8297 0x00000540 0x0262c3b3 M   div         x7, x5, x6
284 8332 0x00000544 0x0262c3b3 M   div         x7, x5, x6
285 8367 0x00000548 0x0262c3b3 M   div         x7, x5, x6
286 8402 0x0000054c 0x0262c3b3 M   div         x7, x5, x6
287 8437 0x00000550 0x0262c3b3 M   div         x7, x5, x6
288 8472 0x00000554 0x0262c3b3 M   div         x7, x5, x6
289 8507 0x00000558 0x0262c3b3 M   div         x7, x5, x6
290 8542 0x0000055c 0x0262c3b3 M   div         x7, x5, x6
291 8577 0x00000560 0x0262c3b3 M   div         x7, x5, x6
292 8612 0x00000564 0x0262c3b3 M   div         x7, x5, x6
293 8647 0x00000568 0x0262c3b3 M   div         x7, x5, x6
294 8682 0x0000056c 0x0262c3b3 M   div         x7, x5, x6
295 8717 0x00000570 0x0262c3b3 M   div         x7, x5, x6
296 8752 0x00000574 0x0262c3b3 M   div         x7, x5, x6
297 8787 0x00000578 0x0262c3b3 M   div         x7, x5, x6
298 8822 0x0000057c 0x0262c3b3 M   div         x7, x5, x6
299 8857 0x00000580 0x0262c3b3 M   div         x7, x5, x6
300 8892 0x00000584 0x0262c3b3 M   div         x7, x5, x6
301 8927 0x00000588 0x0262c3b3 M   div         x7, x5, x6
302 8962 0x0000058c 0x0262c3b3 M   div         x7, x5, x6
303 8997 0x00000590 0x0262c3b3 M   div         x7, x5, x6
304 9032 0x00000594 0x0262c3b3 M   div         x7, x5, x6
305 9067 0x00000598 0x0262c3b3 M   div         x7, x5, x6
306 9102 0x0000059c 0x0262c3b3 M   div         x7, x5, x6
307 9137 0x000005a0 0x0262c3b3 M   div         x7, x5, x6
308 9172 0x000005a4 0x0262c3b3 M   div         x7, x5, x6
309 9207 0x000005a8 0x0262c3b3 M   div         x7, x5, x6
310 9242 0x000005ac 0x0262c3b3 M   div         x7, x5, x6
311 9277 0x000005b0 0x0262c3b3 M   div         x7, x5, x6
312 9312 0x000005b4 0x0262c3b3 M   div         x7, x5, x6
313 9347 0x000005b8 0x0262c3b3 M   div         x7, x5, x6
314 9382 0x000005bc 0x0262c3b3 M   div         x7, x5, x6
315 9417 0x000005c0 0x0262c3b3 M   div         x7, x5, x6
316 9452 0x000005c4 0x0262c3b3 M   div         x7, x5, x6
317 9487 0x000005c8 0x0262c3b3 M   div         x7, x5, x6
318 9522 0x000005cc 0x0262c3b3 M   div         x7, x5, x6
319 9557 0x000005d0 0x0262c3b3 M   div         x7, x5, x6
320 9592 0x000005d4 0x0262c3b3 M   div         x7, x5, x6
321 9627 0x000005d8 0x0262c3b3 M   div         x7, x5, x6
322 9662 0x000005dc 0x0262c3b3 M   div         x7, x5, x6
323 9697 0x000005e0 0x0262c3b3 M   div         x7, x5, x6
324 9732 0x000005e4 0x0262c3b3 M   div         x7, x5, x6
325 9767 0x000005e8 0x0262c3b3 M   div         x7, x5, x6
326 9802 0x000005ec 0x0262c3b3 M   div         x7, x5, x6
327 9837 0x000005f0 0x0262c3b3 M   div         x7, x5, x6
328 9872 0x000005f4 0x0262c3b3 M   div         x7, x5, x6
329 9907 0x000005f8 0x0262c3b3 M   div         x7, x5, x6
330 9942 0x000005fc 0x0262c3b3 M   div         x7, x5, x6
331 9977 0x00000600 0x0262c3b3 M   div         x7, x5, x6
332 10012 0x00000604 0x0262c3b3 M   div         x7, x5, x6
333 10047 0x00000608 0x0262c3b3 M   div         x7, x5, x6
334 10082 0x0000060c 0x0262c3b3 M   div         x7, x5, x6
335 10117 0x00000610 0x0262c3b3 M   div         x7, x5, x6
336 10152 0x00000614 0x0262c3b3 M   div         x7, x5, x6
337 10187 0x00000618 0x0262c3b3 M   div         x7, x5, x6
338 10222 0x0000061c 0x0262c3b3 M   div         x7, x5, x6
339 10257 0x00000620 0x0262c3b3 M   div         x7, x5, x6
340 10292 0x00000624 0x0262c3b3 M   div         x7, x5, x6
341 10327 0x00000628 0x0262c3b3 M   div         x7, x5, x6
342 10362 0x0000062c 0x0262c3b3 M   div         x7, x5, x6
343 10397 0x00000630 0x0262c3b3 M   div         x7, x5, x6
344 10432 0x00000634 0x0262c3b3 M   div         x7, x5, x6
345 10467 0x00000638 0x0262c3b3 M   div         x7, x5, x6
346 10502 0x0000063c 0x0262c3b3 M   div         x7, x5, x6
347 10537 0x00000640 0x0262c3b3 M   div         x7, x5, x6
348 10572 0x00000644 0x0262c3b3 M   div         x7, x5, x6
349 10607 0x00000648 0x0262c3b3 M   div         x7, x5, x6
350 10642 0x0000064c 0x0262c3b3 M   div         x7, x5, x6
351 10677 0x00000650 0x0262c3b3 M   div         x7, x5, x6
352 10712 0x00000654 0x0262c3b3 M   div         x7, x5, x6
353 10747 0x00000658 0x0262c3b3 M   div         x7, x5, x6
354 10782 0x0000065c 0x0262c3b3 M   div         x7, x5, x6
355 10817 0x00000660 0x0262c3b3 M   div         x7, x5, x6
356 10852 0x00000664 0x0262c3b3 M   div         x7, x5, x6
357 10887 0x00000668 0x0262c3b3 M   div         x7, x5, x6
358 10922 0x0000066c 0x0262c3b3 M   div         x7, x5, x6
359 10957 0x00000670 0x0262c3b3 M   div         x7, x5, x6
360 10992 0x00000674 0x0262c3b3 M   div         x7, x5, x6
361 11027 0x00000678 0x0262c3b3 M   div         x7, x5, x6
362 11062 0x0000067c 0x0262c3b3 M   div         x7, x5, x6
363 11097 0x00000680 0x0262c3b3 M   div         x7, x5, x6
364 11132 0x00000684 0x0262c3b3 M   div         x7, x5, x6
365 11167 0x00000688 0x0262c3b3 M   div         x7, x5, x6
366 11202 0x0000068c 0x0262c3b3 M   div         x7, x5, x6
367 11237 0x00000690 0x0262c3b3 M   div         x7, x5, x6
368 11272 0x00000694 0x0262c3b3 M   div         x7, x5, x6
369 11307 0x00000698 0x0262c3b3 M   div         x7, x5, x6
370 11342 0x0000069c 0x0262c3b3 M   div         x7, x5, x6
371 11377 0x000006a0 0x0262c3b3 M   div         x7, x5, x6
372 11412 0x000006a4 0x0262c3b3 M   div         x7, x5, x6
373 11447 0x000006a8 0x0262c3b3 M   div         x7, x5, x6
374 11482 0x000006ac 0x0262c3b3 M   div         x7, x5, x6
375 11517 0x000006b0 0x0262c3b3 M   div         x7, x5, x6
376 11552 0x000006b4 0x0262c3b3 M   div         x7, x5, x6
377 11587 0x000006b8 0x0262c3b3 M   div         x7, x5, x6
378 11622 0x000006bc 0x0262c3b3 M   div         x7, x5, x6
379 11657 0x000006c0 0x0262c3b3 M   div         x7, x5, x6
380 11692 0x000006c4 0x0262c3b3 M   div         x7, x5, x6
381 11727 0x000006c8 0x0262c3b3 M   div         x7, x5, x6
382 11762 0x000006cc 0x0262c3b3 M   div         x7, x5, x6
383 11797 0x000006d0 0x0262c3b3 M   div         x7, x5, x6
384 11832 0x000006d4 0x0262c3b3 M   div         x7, x5, x6
385 11867 0x000006d8 0x0262c3b3 M   div         x7, x5, x6
386 11902 0x000006dc 0x0262c3b3 M   div         x7, x5, x6
387 11937 0x000006e0 0x0262c3b3 M   div         x7, x5, x6
388 11972 0x000006e4 0x0262c3b3 M   div         x7, x5, x6
389 12007 0x000006e8 0x0262c3b3 M   div         x7, x5, x6
390 12042 0x000006ec 0x0262c3b3 M   div         x7, x5, x6
391 12077 0x000006f0 0x0262c3b3 M   div         x7, x5, x6
392 12112 0x000006f4 0x0262c3b3 M   div         x7, x5, x6
393 12147 0x000006f8 0x0262c3b3 M   div         x7, x5, x6
394 12182 0x000006fc 0x0262c3b3 M   div         x7, x5, x6
395 12217 0x00000700 0x0262c3b3 M   div         x7, x5, x6
396 12252 0x00000704 0x0262c3b3 M   div         x7, x5, x6
397 12287 0x00000708 0x0262c3b3 M   div         x7, x5, x6
398 12322 0x0000070c 0x0262c3b3 M   div         x7, x5, x6
399 12357 0x00000710 0x0262c3b3 M   div         x7, x5, x6
400 12392 0x00000714 0x0262c3b3 M   div         x7, x5, x6
401 12427 0x00000718 0x0262c3b3 M   div         x7, x5, x6
402 12462 0x0000071c 0x0262c3b3 M   div         x7, x5, x6
403 12497 0x00000720 0x0262c3b3 M   div         x7, x5, x6
404 12532 0x00000724 0x0262c3b3 M   div         x7, x5, x6
405 12567 0x00000728 0x0262c3b3 M   div         x7, x5, x6
406 12602 0x0000072c 0x0262c3b3 M   div         x7, x5, x6
407 12637 0x00000730 0x0262c3b3 M   div         x7, x5, x6
408 12672 0x00000734 0x0262c3b3 M   div         x7, x5, x6
409 12707 0x00000738 0x0262c3b3 M   div         x7, x5, x6
410 12742 0x0000073c 0x0262c3b3 M   div         x7, x5, x6
411 12777 0x00000740 0x0262c3b3 M   div         x7, x5, x6
412 12812 0x00000744 0x0262c3b3 M   div         x7, x5, x6
413 12847 0x00000748 0x0262c3b3 M   div         x7, x5, x6
414 12882 0x0000074c 0x0262c3b3 M   div         x7, x5, x6
415 12917 0x00000750 0x0262c3b3 M   div         x7, x5, x6
416 12952 0x00000754 0x0262c3b3 M   div         x7, x5, x6
417 12987 0x00000758 0x0262c3b3 M   div         x7, x5, x6
418 13022 0x0000075c 0x0262c3b3 M   div         x7, x5, x6
419 13057 0x00000760 0x0262c3b3 M   div         x7, x5, x6
420 13092 0x00000764 0x0262c3b3 M   div         x7, x5, x6
421 13127 0x00000768 0x0262c3b3 M   div         x7, x5, x6
422 13162 0x0000076c 0x0262c3b3 M   div         x7, x5, x6
423 13197 0x00000770 0x0262c3b3 M   div         x7, x5, x6
424 13232 0x00000774 0x0262c3b3 M   div         x7, x5, x6
425 13267 0x00000778 0x0262c3b3 M   div         x7, x5, x6
426 13302 0x0000077c 0x0262c3b3 M   div         x7, x5, x6
427 13337 0x00000780 0x0262c3b3 M   div         x7, x5, x6
428 13372 0x00000784 0x0262c3b3 M   div         x7, x5, x6
429 13407 0x00000788 0x0262c3b3 M   div         x7, x5, x6
430 13442 0x0000078c 0x0262c3b3 M   div         x7, x5, x6
431 13477 0x00000790 0x0262c3b3 M   div         x7, x5, x6
432 13512 0x00000794 0x0262c3b3 M   div         x7, x5, x6
433 13547 0x00000798 0x0262c3b3 M   div         x7, x5, x6
434 13582 0x0000079c 0x0262c3b3 M   div         x7, x5, x6
435 13617 0x000007a0 0x0262c3b3 M   div         x7, x5, x6
436 13652 0x000007a4 0x0262c3b3 M   div         x7, x5, x6
437 13687 0x000007a8 0x0262c3b3 M   div         x7, x5, x6
438 13722 0x000007ac 0x0262c3b3 M   div         x7, x5, x6
439 13757 0x000007b0 0x0262c3b3 M   div         x7, x5, x6
440 13792 0x000007b4 0x0262c3b3 M   div         x7, x5, x6
441 13827 0x000007b8 0x0262c3b3 M   div         x7, x5, x6
442 13862 0x000007bc 0x0262c3b3 M   div         x7, x5, x6
443 13897 0x000007c0 0x0262c3b3 M   div         x7, x5, x6
444 13932 0x000007c4 0x0262c3b3 M   div         x7, x5, x6
445 13967 0x000007c8 0x0262c3b3 M   div         x7, x5, x6
446 14002 0x000007cc 0x0262c3b3 M   div         x7, x5, x6
447 14037 0x000007d0 0x0262c3b3 M   div         x7, x5, x6
448 14072 0x000007d4 0x0262c3b3 M   div         x7, x5, x6
449 14107 0x000007d8 0x0262c3b3 M   div         x7, x5, x6
450 14142 0x000007dc 0x0262c3b3 M   div         x7, x5, x6
451 14177 0x000007e0 0x0262c3b3 M   div         x7, x5, x6
452 14212 0x000007e4 0x0262c3b3 M   div         x7, x5, x6
453 14247 0x000007e8 0x0262c3b3 M   div         x7, x5, x6
454 14282 0x000007ec 0x0262c3b3 M   div         x7, x5, x6
455 14317 0x000007f0 0x0262c3b3 M   div         x7, x5, x6
456 14352 0x000007f4 0x0262c3b3 M   div         x7, x5, x6
457 14387 0x000007f8 0x0262c3b3 M   div         x7, x5, x6
458 14422 0x000007fc 0x0262c3b3 M   div         x7, x5, x6
459 14457 0x00000800 0x0262c3b3 M   div         x7, x5, x6
460 14492 0x00000804 0x0262c3b3 M   div         x7, x5, x6
461 14527 0x00000808 0x0262c3b3 M   div         x7, x5, x6
462 14562 0x0000080c 0x0262c3b3 M   div         x7, x5, x6
463 14597 0x00000810 0x0262c3b3 M   div         x7, x5, x6
464 14632 0x00000814 0x0262c3b3 M   div         x7, x5, x6
465 14667 0x00000818 0x0262c3b3 M   div         x7, x5, x6
466 14702 0x0000081c 0x0262c3b3 M   div         x7, x5, x6
467 14737 0x00000820 0x0262c3b3 M   div         x7, x5, x6
468 14772 0x00000824 0x0262c3b3 M   div         x7, x5, x6
469 14807 0x00000828 0x0262c3b3 M   div         x7, x5, x6
470 14842 0x0000082c 0x0262c3b3 M   div         x7, x5, x6
471 14877 0x00000830 0x0262c3b3 M   div         x7, x5, x6
472 14912 0x00000834 0x0262c3b3 M   div         x7, x5, x6
473 14947 0x00000838 0x0262c3b3 M   div         x7, x5, x6
474 14982 0x0000083c 0x0262c3b3 M   div         x7, x5, x6
475 15017 0x00000840 0x0262c3b3 M   div         x7, x5, x6
476 15052 0x00000844 0x0262c3b3 M   div         x7, x5, x6
477 15087 0x00000848 0x0262c3b3 M   div         x7, x5, x6
478 15122 0x0000084c 0x0262c3b3 M   div         x7, x5, x6
479 15157 0x00000850 0x0262c3b3 M   div         x7, x5, x6
480 15192 0x00000854 0x0262c3b3 M   div         x7, x5, x6
481 15227 0x00000858 0x0262c3b3 M   div         x7, x5, x6
482 15262 0x0000085c 0x0262c3b3 M   div         x7, x5, x6
483 15297 0x00000860 0x0262c3b3 M   div         x7, x5, x6
484 15332 0x00000864 0x0262c3b3 M   div         x7, x5, x6
485 15367 0x00000868 0x0262c3b3 M   div         x7, x5, x6
486 15402 0x0000086c 0x0262c3b3 M   div         x7, x5, x6
487 15437 0x00000870 0x0262c3b3 M   div         x7, x5, x6
488 15472 0x00000874 0x0262c3b3 M   div         x7, x5, x6
489 15507 0x00000878 0x0262c3b3 M   div         x7, x5, x6
490 15542 0x0000087c 0x0262c3b3 M   div         x7, x5, x6
491 15577 0x00000880 0x0262c3b3 M   div         x7, x5, x6
492 15612 0x00000884 0x0262c3b3 M   div         x7, x5, x6
493 15647 0x00000888 0x0262c3b3 M   div         x7, x5, x6
494 15682 0x0000088c 0x0262c3b3 M   div         x7, x5, x6
495 15717 0x00000890 0x0262c3b3 M   div         x7, x5, x6
496 15752 0x00000894 0x0262c3b3 M   div         x7, x5, x6
497 15787 0x00000898 0x0262c3b3 M   div         x7, x5, x6
498 15822 0x0000089c 0x0262c3b3 M   div         x7, x5, x6
499 15857 0x000008a0 0x0262c3b3 M   div         x7, x5, x6
500 15892 0x000008a4 0x0262c3b3 M   div         x7, x5, x6
501 15927 0x000008a8 0x0262c3b3 M   div         x7, x5, x6
502 15962 0x000008ac 0x0262c3b3 M   div         x7, x5, x6
503 15997 0x000008b0 0x0262c3b3 M   div         x7, x5, x6
504 16032 0x000008b4 0x0262c3b3 M   div         x7, x5, x6
505 16067 0x000008b8 0x0262c3b3 M   div         x7, x5, x6
506 16102 0x000008bc 0x0262c3b3 M   div         x7, x5, x6
507 16137 0x000008c0 0x0262c3b3 M   div         x7, x5, x6
508 16172 0x000008c4 0x0262c3b3 M   div         x7, x5, x6
509 16207 0x000008c8 0x0262c3b3 M   div         x7, x5, x6
510 16242 0x000008cc 0x0262c3b3 M   div         x7, x5, x6
511 16277 0x000008d0 0x0262c3b3 M   div         x7, x5, x6
512 16312 0x000008d4 0x0262c3b3 M   div         x7, x5, x6
513 16347 0x000008d8 0x0262c3b3 M   div         x7, x5, x6
514 16382 0x000008dc 0x0262c3b3 M   div         x7, x5, x6
515 16417 0x000008e0 0x0262c3b3 M   div         x7, x5, x6
516 16452 0x000008e4 0x0262c3b3 M   div         x7, x5, x6
517 16487 0x000008e8 0x0262c3b3 M   div         x7, x5, x6
518 16522 0x000008ec 0x0262c3b3 M   div         x7, x5, x6
519 16557 0x000008f0 0x0262c3b3 M   div         x7, x5, x6
520 16592 0x000008f4 0x0262c3b3 M   div         x7, x5, x6
521 16627 0x000008f8 0x0262c3b3 M   div         x7, x5, x6
522 16662 0x000008fc 0x0262c3b3 M   div         x7, x5, x6
523 16697 0x00000900 0x0262c3b3 M   div         x7, x5, x6
524 16732 0x00000904 0x0262c3b3 M   div         x7, x5, x6
525 16767 0x00000908 0x0262c3b3 M   div         x7, x5, x6
526 16802 0x0000090c 0x0262c3b3 M   div         x7, x5, x6
527 16837 0x00000910 0x0262c3b3 M   div         x7, x5, x6
528 16872 0x00000914 0x0262c3b3 M   div         x7, x5, x6
529 16907 0x00000918 0x0262c3b3 M   div         x7, x5, x6
530 16942 0x0000091c 0x0262c3b3 M   div         x7, x5, x6
531 16977 0x00000920 0x0262c3b3 M   div         x7, x5, x6
532 17012 0x00000924 0x0262c3b3 M   div         x7, x5, x6
533 17047 0x00000928 0x0262c3b3 M   div         x7, x5, x6
534 17082 0x0000092c 0x0262c3b3 M   div         x7, x5, x6
535 17117 0x00000930 0x0262c3b3 M   div         x7, x5, x6
536 17152 0x00000934 0x0262c3b3 M   div         x7, x5, x6
537 17187 0x00000938 0x0262c3b3 M   div         x7, x5, x6
538 17222 0x0000093c 0x0262c3b3 M   div         x7, x5, x6
539 17257 0x00000940 0x0262c3b3 M   div         x7, x5, x6
540 17292 0x00000944 0x0262c3b3 M   div         x7, x5, x6
541 17327 0x00000948 0x0262c3b3 M   div         x7, x5, x6
542 17362 0x0000094c 0x0262c3b3 M   div         x7, x5, x6
543 17397 0x00000950 0x0262c3b3 M   div         x7, x5, x6
544 17432 0x00000954 0x0262c3b3 M   div         x7, x5, x6
545 17467 0x00000958 0x0262c3b3 M   div         x7, x5, x6
546 17502 0x0000095c 0x0262c3b3 M   div         x7, x5, x6
547 17537 0x00000960 0x0262c3b3 M   div         x7, x5, x6
548 17572 0x00000964 0x0262c3b3 M   div         x7, x5, x6
549 17607 0x00000968 0x0262c3b3 M   div         x7, x5, x6
550 17642 0x0000096c 0x0262c3b3 M   div         x7, x5, x6
551 17677 0x00000970 0x0262c3b3 M   div         x7, x5, x6
552 17712 0x00000974 0x0262c3b3 M   div         x7, x5, x6
553 17747 0x00000978 0x0262c3b3 M   div         x7, x5, x6
554 17782 0x0000097c 0x0262c3b3 M   div         x7, x5, x6
555 17817 0x00000980 0x0262c3b3 M   div         x7, x5, x6
556 17852 0x00000984 0x0262c3b3 M   div         x7, x5, x6
557 17887 0x00000988 0x0262c3b3 M   div         x7, x5, x6
558 17922 0x0000098c 0x0262c3b3 M   div         x7, x5, x6
559 17957 0x00000990 0x0262c3b3 M   div         x7, x5, x6
560 17992 0x00000994 0x0262c3b3 M   div         x7, x5, x6
561 18027 0x00000998 0x0262c3b3 M   div         x7, x5, x6
562 18062 0x0000099c 0x0262c3b3 M   div         x7, x5, x6
563 18097 0x000009a0 0x0262c3b3 M   div         x7, x5, x6
564 18132 0x000009a4 0x0262c3b3 M   div         x7, x5, x6
565 18167 0x000009a8 0x0262c3b3 M   div         x7, x5, x6
566 18202 0x000009ac 0x0262c3b3 M   div         x7, x5, x6
567 18237 0x000009b0 0x0262c3b3 M   div         x7, x5, x6
568 18272 0x000009b4 0x0262c3b3 M   div         x7, x5, x6
569 18307 0x000009b8 0x0262c3b3 M   div         x7, x5, x6
570 18342 0x000009bc 0x0262c3b3 M   div         x7, x5, x6
571 18377 0x000009c0 0x0262c3b3 M   div         x7, x5, x6
572 18412 0x000009c4 0x0262c3b3 M   div         x7, x5, x6
573 18447 0x000009c8 0x0262c3b3 M   div         x7, x5, x6
574 18482 0x000009cc 0x0262c3b3 M   div         x7, x5, x6
575 18517 0x000009d0 0x0262c3b3 M   div         x7, x5, x6
576 18552 0x000009d4 0x0262c3b3 M   div         x7, x5, x6
577 18587 0x000009d8 0x0262c3b3 M   div         x7, x5, x6
578 18622 0x000009dc 0x0262c3b3 M   div         x7, x5, x6
579 18657 0x000009e0 0x0262c3b3 M   div         x7, x5, x6
580 18692 0x000009e4 0x0262c3b3 M   div         x7, x5, x6
581 18727 0x000009e8 0x0262c3b3 M   div         x7, x5, x6
582 18762 0x000009ec 0x0262c3b3 M   div         x7, x5, x6
583 18797 0x000009f0 0x0262c3b3 M   div         x7, x5, x6
584 18832 0x000009f4 0x0262c3b3 M   div         x7, x5, x6
585 18867 0x000009f8 0x0262c3b3 M   div         x7, x5, x6
586 18902 0x000009fc 0x0262c3b3 M   div         x7, x5, x6
587 18937 0x00000a00 0x0262c3b3 M   div         x7, x5, x6
588 18972 0x00000a04 0x0262c3b3 M   div         x7, x5, x6
589 19007 0x00000a08 0x0262c3b3 M   div         x7, x5, x6
590 19042 0x00000a0c 0x0262c3b3 M   div         x7, x5, x6
591 19077 0x00000a10 0x0262c3b3 M   div         x7, x5, x6
592 19112 0x00000a14 0x0262c3b3 M   div         x7, x5, x6
593 19147 0x00000a18 0x0262c3b3 M   div         x7, x5, x6
594 19182 0x00000a1c 0x0262c3b3 M   div         x7, x5, x6
595 19217 0x00000a20 0x0262c3b3 M   div         x7, x5, x6
596 19252 0x00000a24 0x0262c3b3 M   div         x7, x5, x6
597 19287 0x00000a28 0x0262c3b3 M   div         x7, x5, x6
598 19322 0x00000a2c 0x0262c3b3 M   div         x7, x5, x6
599 19357 0x00000a30 0x0262c3b3 M   div         x7, x5, x6
600 19392 0x00000a34 0x0262c3b3 M   div         x7, x5, x6
601 19427 0x00000a38 0x0262c3b3 M   div         x7, x5, x6
602 19462 0x00000a3c 0x0262c3b3 M   div         x7, x5, x6
603 19497 0x00000a40 0x0262c3b3 M   div         x7, x5, x6
604 19532 0x00000a44 0x0262c3b3 M   div         x7, x5, x6
605 19567 0x00000a48 0x0262c3b3 M   div         x7, x5, x6
606 19602 0x00000a4c 0x0262c3b3 M   div         x7, x5, x6
607 19637 0x00000a50 0x0262c3b3 M   div         x7, x5, x6
608 19672 0x00000a54 0x0262c3b3 M   div         x7, x5, x6
609 19707 0x00000a58 0x0262c3b3 M   div         x7, x5, x6
610 19742 0x00000a5c 0x0262c3b3 M   div         x7, x5, x6
611 19777 0x00000a60 0x0262c3b3 M   div         x7, x5, x6
612 19812 0x00000a64 0x0262c3b3 M   div         x7, x5, x6
613 19847 0x00000a68 0x0262c3b3 M   div         x7, x5, x6
614 19882 0x00000a6c 0x0262c3b3 M   div         x7, x5, x6
615 19917 0x00000a70 0x0262c3b3 M   div         x7, x5, x6
616 19952 0x00000a74 0x0262c3b3 M   div         x7, x5, x6
617 19987 0x00000a78 0x0262c3b3 M   div         x7, x5, x6
618 20022 0x00000a7c 0x0262c3b3 M   div         x7, x5, x6
619 20057 0x00000a80 0x0262c3b3 M   div         x7, x5, x6
620 20092 0x00000a84 0x0262c3b3 M   div         x7, x5, x6
621 20127 0x00000a88 0x0262c3b3 M   div         x7, x5, x6
622 20162 0x00000a8c 0x0262c3b3 M   div         x7, x5, x6
623 20197 0x00000a90 0x0262c3b3 M   div         x7, x5, x6
624 20232 0x00000a94 0x0262c3b3 M   div         x7, x5, x6
625 20267 0x00000a98 0x0262c3b3 M   div         x7, x5, x6
626 20302 0x00000a9c 0x0262c3b3 M   div         x7, x5, x6
627 20337 0x00000aa0 0x0262c3b3 M   div         x7, x5, x6
628 20372 0x00000aa4 0x0262c3b3 M   div         x7, x5, x6
629 20407 0x00000aa8 0x0262c3b3 M   div         x7, x5, x6
630 20442 0x00000aac 0x0262c3b3 M   div         x7, x5, x6
631 20477 0x00000ab0 0x0262c3b3 M   div         x7, x5, x6
632 20512 0x00000ab4 0x0262c3b3 M   div         x7, x5, x6
633 20547 0x00000ab8 0x0262c3b3 M   div         x7, x5, x6
634 20582 0x00000abc 0x0262c3b3 M   div         x7, x5, x6
635 20617 0x00000ac0 0x0262c3b3 M   div         x7, x5, x6
636 20652 0x00000ac4 0x0262c3b3 M   div         x7, x5, x6
637 20687 0x00000ac8 0x0262c3b3 M   div         x7, x5, x6
638 20722 0x00000acc 0x0262c3b3 M   div         x7, x5, x6
639 20757 0x00000ad0 0x0262c3b3 M   div         x7, x5, x6
640 20792 0x00000ad4 0x0262c3b3 M   div         x7, x5, x6
641 20827 0x00000ad8 0x0262c3b3 M   div         x7, x5, x6
642 20862 0x00000adc 0x0262c3b3 M   div         x7, x5, x6
643 20897 0x00000ae0 0x0262c3b3 M   div         x7, x5, x6
644 20932 0x00000ae4 0x0262c3b3 M   div         x7, x5, x6
645 20967 0x00000ae8 0x0262c3b3 M   div         x7, x5, x6
646 21002 0x00000aec 0x0262c3b3 M   div         x7, x5, x6
647 21037 0x00000af0 0x0262c3b3 M   div         x7, x5, x6
648 21072 0x00000af4 0x0262c3b3 M   div         x7, x5, x6
649 21107 0x00000af8 0x0262c3b3 M   div         x7, x5, x6
650 21142 0x00000afc 0x0262c3b3 M   div         x7, x5, x6
651 21177 0x00000b00 0x0262c3b3 M   div         x7, x5, x6
652 21212 0x00000b04 0x0262c3b3 M   div         x7, x5, x6
653 21247 0x00000b08 0x0262c3b3 M   div         x7, x5, x6
654 21282 0x00000b0c 0x0262c3b3 M   div         x7, x5, x6
655 21317 0x00000b10 0x0262c3b3 M   div         x7, x5, x6
656 21352 0x00000b14 0x0262c3b3 M   div         x7, x5, x6
657 21387 0x00000b18 0x0262c3b3 M   div         x7, x5, x6
658 21422 0x00000b1c 0x0262c3b3 M   div         x7, x5, x6
659 21457 0x00000b20 0x0262c3b3 M   div         x7, x5, x6
660 21492 0x00000b24 0x0262c3b3 M   div         x7, x5, x6
661 21527 0x00000b28 0x0262c3b3 M   div         x7, x5, x6
662 21562 0x00000b2c 0x0262c3b3 M   div         x7, x5, x6
663 21597 0x00000b30 0x0262c3b3 M   div         x7, x5, x6
664 21632 0x00000b34 0x0262c3b3 M   div         x7, x5, x6
665 21667 0x00000b38 0x0262c3b3 M   div         x7, x5, x6
666 21702 0x00000b3c 0x0262c3b3 M   div         x7, x5, x6
667 21737 0x00000b40 0x0262c3b3 M   div         x7, x5, x6
668 21772 0x00000b44 0x0262c3b3 M   div         x7, x5, x6
669 21807 0x00000b48 0x0262c3b3 M   div         x7, x5, x6
670 21842 0x00000b4c 0x0262c3b3 M   div         x7, x5, x6
671 21877 0x00000b50 0x0262c3b3 M   div         x7, x5, x6
672 21912 0x00000b54 0x0262c3b3 M   div         x7, x5, x6
673 21947 0x00000b58 0x0262c3b3 M   div         x7, x5, x6
674 21982 0x00000b5c 0x0262c3b3 M   div         x7, x5, x6
675 22017 0x00000b60 0x0262c3b3 M   div         x7, x5, x6
676 22052 0x00000b64 0x0262c3b3 M   div         x7, x5, x6
677 22087 0x00000b68 0x0262c3b3 M   div         x7, x5, x6
678 22122 0x00000b6c 0x0262c3b3 M   div         x7, x5, x6
679 22157 0x00000b70 0x0262c3b3 M   div         x7, x5, x6
680 22192 0x00000b74 0x0262c3b3 M   div         x7, x5, x6
681 22227 0x00000b78 0x0262c3b3 M   div         x7, x5, x6
682 22262 0x00000b7c 0x0262c3b3 M   div         x7, x5, x6
683 22297 0x00000b80 0x0262c3b3 M   div         x7, x5, x6
684 22332 0x00000b84 0x0262c3b3 M   div         x7, x5, x6
685 22367 0x00000b88 0x0262c3b3 M   div         x7, x5, x6
686 22402 0x00000b8c 0x0262c3b3 M   div         x7, x5, x6
687 22437 0x00000b90 0x0262c3b3 M   div         x7, x5, x6
688 22472 0x00000b94 0x0262c3b3 M   div         x7, x5, x6
689 22507 0x00000b98 0x0262c3b3 M   div         x7, x5, x6
690 22542 0x00000b9c 0x0262c3b3 M   div         x7, x5, x6
691 22577 0x00000ba0 0x0262c3b3 M   div         x7, x5, x6
692 22612 0x00000ba4 0x0262c3b3 M   div         x7, x5, x6
693 22647 0x00000ba8 0x0262c3b3 M   div         x7, x5, x6
694 22682 0x00000bac 0x0262c3b3 M   div         x7, x5, x6
695 22717 0x00000bb0 0x0262c3b3 M   div         x7, x5, x6
696 22752 0x00000bb4 0x0262c3b3 M   div         x7, x5, x6
697 22787 0x00000bb8 0x0262c3b3 M   div         x7, x5, x6
698 22822 0x00000bbc 0x0262c3b3 M   div         x7, x5, x6
699 22857 0x00000bc0 0x0262c3b3 M   div         x7, x5, x6
700 22892 0x00000bc4 0x0262c3b3 M   div         x7, x5, x6
701 22927 0x00000bc8 0x0262c3b3 M   div         x7, x5, x6
702 22962 0x00000bcc 0x0262c3b3 M   div         x7, x5, x6
703 22997 0x00000bd0 0x0262c3b3 M   div         x7, x5, x6
704 23032 0x00000bd4 0x0262c3b3 M   div         x7, x5, x6
705 23067 0x00000bd8 0x0262c3b3 M   div         x7, x5, x6
706 23102 0x00000bdc 0x0262c3b3 M   div         x7, x5, x6
707 23137 0x00000be0 0x0262c3b3 M   div         x7, x5, x6
708 23172 0x00000be4 0x0262c3b3 M   div         x7, x5, x6
709 23207 0x00000be8 0x0262c3b3 M   div         x7, x5, x6
710 23242 0x00000bec 0x0262c3b3 M   div         x7, x5, x6
711 23277 0x00000bf0 0x0262c3b3 M   div         x7, x5, x6
712 23312 0x00000bf4 0x0262c3b3 M   div         x7, x5, x6
713 23347 0x00000bf8 0x0262c3b3 M   div         x7, x5, x6
714 23382 0x00000bfc 0x0262c3b3 M   div         x7, x5, x6
715 23417 0x00000c00 0x0262c3b3 M   div         x7, x5, x6
716 23452 0x00000c04 0x0262c3b3 M   div         x7, x5, x6
717 23487 0x00000c08 0x0262c3b3 M   div         x7, x5, x6
718 23522 0x00000c0c 0x0262c3b3 M   div         x7, x5, x6
719 23557 0x00000c10 0x0262c3b3 M   div         x7, x5, x6
720 23592 0x00000c14 0x0262c3b3 M   div         x7, x5, x6
721 23627 0x00000c18 0x0262c3b3 M   div         x7, x5, x6
722 23662 0x00000c1c 0x0262c3b3 M   div         x7, x5, x6
723 23697 0x00000c20 0x0262c3b3 M   div         x7, x5, x6
724 23732 0x00000c24 0x0262c3b3 M   div         x7, x5, x6
725 23767 0x00000c28 0x0262c3b3 M   div         x7, x5, x6
726 23802 0x00000c2c 0x0262c3b3 M   div         x7, x5, x6
727 23837 0x00000c30 0x0262c3b3 M   div         x7, x5, x6
728 23872 0x00000c34 0x0262c3b3 M   div         x7, x5, x6
729 23907 0x00000c38 0x0262c3b3 M   div         x7, x5, x6
730 23942 0x00000c3c 0x0262c3b3 M   div         x7, x5, x6
731 23977 0x00000c40 0x0262c3b3 M   div         x7, x5, x6
732 24012 0x00000c44 0x0262c3b3 M   div         x7, x5, x6
733 24047 0x00000c48 0x0262c3b3 M   div         x7, x5, x6
734 24082 0x00000c4c 0x0262c3b3 M   div         x7, x5, x6
735 24117 0x00000c50 0x0262c3b3 M   div         x7, x5, x6
736 24152 0x00000c54 0x0262c3b3 M   div         x7, x5, x6
737 24187 0x00000c58 0x0262c3b3 M   div         x7, x5, x6
738 24222 0x00000c5c 0x0262c3b3 M   div         x7, x5, x6
739 24257 0x00000c60 0x0262c3b3 M   div         x7, x5, x6
740 24292 0x00000c64 0x0262c3b3 M   div         x7, x5, x6
741 24327 0x00000c68 0x0262c3b3 M   div         x7, x5, x6
742 24362 0x00000c6c 0x0262c3b3 M   div         x7, x5, x6
743 24397 0x00000c70 0x0262c3b3 M   div         x7, x5, x6
744 24432 0x00000c74 0x0262c3b3 M   div         x7, x5, x6
745 24467 0x00000c78 0x0262c3b3 M   div         x7, x5, x6
746 24502 0x00000c7c 0x0262c3b3 M   div         x7, x5, x6
747 24537 0x00000c80 0x0262c3b3 M   div         x7, x5, x6
748 24572 0x00000c84 0x0262c3b3 M   div         x7, x5, x6
749 24607 0x00000c88 0x0262c3b3 M   div         x7, x5, x6
750 24642 0x00000c8c 0x0262c3b3 M   div         x7, x5, x6
751 24677 0x00000c90 0x0262c3b3 M   div         x7, x5, x6
752 24712 0x00000c94 0x0262c3b3 M   div         x7, x5, x6
753 24747 0x00000c98 0x0262c3b3 M   div         x7, x5, x6
754 24782 0x00000c9c 0x0262c3b3 M   div         x7, x5, x6
755 24817 0x00000ca0 0x0262c3b3 M   div         x7, x5, x6
756 24852 0x00000ca4 0x0262c3b3 M   div         x7, x5, x6
757 24887 0x00000ca8 0x0262c3b3 M   div         x7, x5, x6
758 24922 0x00000cac 0x0262c3b3 M   div         x7, x5, x6
759 24957 0x00000cb0 0x0262c3b3 M   div         x7, x5, x6
760 24992 0x00000cb4 0x0262c3b3 M   div         x7, x5, x6
761 25027 0x00000cb8 0x0262c3b3 M   div         x7, x5, x6
762 25062 0x00000cbc 0x0262c3b3 M   div         x7, x5, x6
763 25097 0x00000cc0 0x0262c3b3 M   div         x7, x5, x6
764 25132 0x00000cc4 0x0262c3b3 M   div         x7, x5, x6
765 25167 0x00000cc8 0x0262c3b3 M   div         x7, x5, x6
766 25202 0x00000ccc 0x0262c3b3 M   div         x7, x5, x6
767 25237 0x00000cd0 0x0262c3b3 M   div         x7, x5, x6
768 25272 0x00000cd4 0x0262c3b3 M   div         x7, x5, x6
769 25307 0x00000cd8 0x0262c3b3 M   div         x7, x5, x6
770 25342 0x00000cdc 0x0262c3b3 M   div         x7, x5, x6
771 25377 0x00000ce0 0x0262c3b3 M   div         x7, x5, x6
772 25412 0x00000ce4 0x0262c3b3 M   div         x7, x5, x6
773 25447 0x00000ce8 0x0262c3b3 M   div         x7, x5, x6
774 25482 0x00000cec 0x0262c3b3 M   div         x7, x5, x6
775 25517 0x00000cf0 0x0262c3b3 M   div         x7, x5, x6
776 25552 0x00000cf4 0x0262c3b3 M   div         x7, x5, x6
777 25587 0x00000cf8 0x0262c3b3 M   div         x7, x5, x6
778 25622 0x00000cfc 0x0262c3b3 M   div         x7, x5, x6
779 25657 0x00000d00 0x0262c3b3 M   div         x7, x5, x6
780 25692 0x00000d04 0x0262c3b3 M   div         x7, x5, x6
781 25727 0x00000d08 0x0262c3b3 M   div         x7, x5, x6
782 25762 0x00000d0c 0x0262c3b3 M   div         x7, x5, x6
783 25797 0x00000d10 0x0262c3b3 M   div         x7, x5, x6
784 25832 0x00000d14 0x0262c3b3 M   div         x7, x5, x6
785 25867 0x00000d18 0x0262c3b3 M   div         x7, x5, x6
786 25902 0x00000d1c 0x0262c3b3 M   div         x7, x5, x6
787 25937 0x00000d20 0x0262c3b3 M   div         x7, x5, x6
788 25972 0x00000d24 0x0262c3b3 M   div         x7, x5, x6
789 26007 0x00000d28 0x0262c3b3 M   div         x7, x5, x6
790 26042 0x00000d2c 0x0262c3b3 M   div         x7, x5, x6
791 26077 0x00000d30 0x0262c3b3 M   div         x7, x5, x6
792 26112 0x00000d34 0x0262c3b3 M   div         x7, x5, x6
793 26147 0x00000d38 0x0262c3b3 M   div         x7, x5, x6
794 26182 0x00000d3c 0x0262c3b3 M   div         x7, x5, x6
795 26217 0x00000d40 0x0262c3b3 M   div         x7, x5, x6
796 26252 0x00000d44 0x0262c3b3 M   div         x7, x5, x6
797 26287 0x00000d48 0x0262c3b3 M   div         x7, x5, x6
798 26322 0x00000d4c 0x0262c3b3 M   div         x7, x5, x6
799 26357 0x00000d50 0x0262c3b3 M   div         x7, x5, x6
800 26392 0x00000d54 0x0262c3b3 M   div         x7, x5, x6
801 26427 0x00000d58 0x0262c3b3 M   div         x7, x5, x6
802 26462 0x00000d5c 0x0262c3b3 M   div         x7, x5, x6
803 26497 0x00000d60 0x0262c3b3 M   div         x7, x5, x6
804 26532 0x00000d64 0x0262c3b3 M   div         x7, x5, x6
805 26567 0x00000d68 0x0262c3b3 M   div         x7, x5, x6
806 26602 0x00000d6c 0x0262c3b3 M   div         x7, x5, x6
807 26637 0x00000d70 0x0262c3b3 M   div         x7, x5, x6
808 26672 0x00000d74 0x0262c3b3 M   div         x7, x5, x6
809 26707 0x00000d78 0x0262c3b3 M   div         x7, x5, x6
810 26742 0x00000d7c 0x0262c3b3 M   div         x7, x5, x6
811 26777 0x00000d80 0x0262c3b3 M   div         x7, x5, x6
812 26812 0x00000d84 0x0262c3b3 M   div         x7, x5, x6
813 26847 0x00000d88 0x0262c3b3 M   div         x7, x5, x6
814 26882 0x00000d8c 0x0262c3b3 M   div         x7, x5, x6
815 26917 0x00000d90 0x0262c3b3 M   div         x7, x5, x6
816 26952 0x00000d94 0x0262c3b3 M   div         x7, x5, x6
817 26987 0x00000d98 0x0262c3b3 M   div         x7, x5, x6
818 27022 0x00000d9c 0x0262c3b3 M   div         x7, x5, x6
819 27057 0x00000da0 0x0262c3b3 M   div         x7, x5, x6
820 27092 0x00000da4 0x0262c3b3 M   div         x7, x5, x6
821 27127 0x00000da8 0x0262c3b3 M   div         x7, x5, x6
822 27162 0x00000dac 0x0262c3b3 M   div         x7, x5, x6
823 27197 0x00000db0 0x0262c3b3 M   div         x7, x5, x6
824 27232 0x00000db4 0x0262c3b3 M   div         x7, x5, x6
825 27267 0x00000db8 0x0262c3b3 M   div         x7, x5, x6
826 27302 0x00000dbc 0x0262c3b3 M   div         x7, x5, x6
827 27337 0x00000dc0 0x0262c3b3 M   div         x7, x5, x6
828 27372 0x00000dc4 0x0262c3b3 M   div         x7, x5, x6
829 27407 0x00000dc8 0x0262c3b3 M   div         x7, x5, x6
830 27442 0x00000dcc 0x0262c3b3 M   div         x7, x5, x6
831 27477 0x00000dd0 0x0262c3b3 M   div         x7, x5, x6
832 27512 0x00000dd4 0x0262c3b3 M   div         x7, x5, x6
833 27547 0x00000dd8 0x0262c3b3 M   div         x7, x5, x6
834 27582 0x00000ddc 0x0262c3b3 M   div         x7, x5, x6
835 27617 0x00000de0 0x0262c3b3 M   div         x7, x5, x6
836 27652 0x00000de4 0x0262c3b3 M   div         x7, x5, x6
837 27687 0x00000de8 0x0262c3b3 M   div         x7, x5, x6
838 27722 0x00000dec 0x0262c3b3 M   div         x7, x5, x6
839 27757 0x00000df0 0x0262c3b3 M   div         x7, x5, x6
840 27792 0x00000df4 0x0262c3b3 M   div         x7, x5, x6
841 27827 0x00000df8 0x0262c3b3 M   div         x7, x5, x6
842 27862 0x00000dfc 0x0262c3b3 M   div         x7, x5, x6
843 27897 0x00000e00 0x0262c3b3 M   div         x7, x5, x6
844 27932 0x00000e04 0x0262c3b3 M   div         x7, x5, x6
845 27967 0x00000e08 0x0262c3b3 M   div         x7, x5, x6
846 28002 0x00000e0c 0x0262c3b3 M   div         x7, x5, x6
847 28037 0x00000e10 0x0262c3b3 M   div         x7, x5, x6
848 28072 0x00000e14 0x0262c3b3 M   div         x7, x5, x6
849 28107 0x00000e18 0x0262c3b3 M   div         x7, x5, x6
850 28142 0x00000e1c 0x0262c3b3 M   div         x7, x5, x6
851 28177 0x00000e20 0x0262c3b3 M   div         x7, x5, x6
852 28212 0x00000e24 0x0262c3b3 M   div         x7, x5, x6
853 28247 0x00000e28 0x0262c3b3 M   div         x7, x5, x6
854 28282 0x00000e2c 0x0262c3b3 M   div         x7, x5, x6
855 28317 0x00000e30 0x0262c3b3 M   div         x7, x5, x6
856 28352 0x00000e34 0x0262c3b3 M   div         x7, x5, x6
857 28387 0x00000e38 0x0262c3b3 M   div         x7, x5, x6
858 28422 0x00000e3c 0x0262c3b3 M   div         x7, x5, x6
859 28457 0x00000e40 0x0262c3b3 M   div         x7, x5, x6
860 28492 0x00000e44 0x0262c3b3 M   div         x7, x5, x6
861 28527 0x00000e48 0x0262c3b3 M   div         x7, x5, x6
862 28562 0x00000e4c 0x0262c3b3 M   div         x7, x5, x6
863 28597 0x00000e50 0x0262c3b3 M   div         x7, x5, x6
864 28632 0x00000e54 0x0262c3b3 M   div         x7, x5, x6
865 28667 0x00000e58 0x0262c3b3 M   div         x7, x5, x6
866 28702 0x00000e5c 0x0262c3b3 M   div         x7, x5, x6
867 28737 0x00000e60 0x0262c3b3 M   div         x7, x5, x6
868 28772 0x00000e64 0x0262c3b3 M   div         x7, x5, x6
869 28807 0x00000e68 0x0262c3b3 M   div         x7, x5, x6
870 28842 0x00000e6c 0x0262c3b3 M   div         x7, x5, x6
871 28877 0x00000e70 0x0262c3b3 M   div         x7, x5, x6
872 28912 0x00000e74 0x0262c3b3 M   div         x7, x5, x6
873 28947 0x00000e78 0x0262c3b3 M   div         x7, x5, x6
874 28982 0x00000e7c 0x0262c3b3 M   div         x7, x5, x6
875 29017 0x00000e80 0x0262c3b3 M   div         x7, x5, x6
876 29052 0x00000e84 0x0262c3b3 M   div         x7, x5, x6
877 29087 0x00000e88 0x0262c3b3 M   div         x7, x5, x6
878 29122 0x00000e8c 0x0262c3b3 M   div         x7, x5, x6
879 29157 0x00000e90 0x0262c3b3 M   div         x7, x5, x6
880 29192 0x00000e94 0x0262c3b3 M   div         x7, x5, x6
881 29227 0x00000e98 0x0262c3b3 M   div         x7, x5, x6
882 29262 0x00000e9c 0x0262c3b3 M   div         x7, x5, x6
883 29297 0x00000ea0 0x0262c3b3 M   div         x7, x5, x6
884 29332 0x00000ea4 0x0262c3b3 M   div         x7, x5, x6
885 29367 0x00000ea8 0x0262c3b3 M   div         x7, x5, x6
886 29402 0x00000eac 0x0262c3b3 M   div         x7, x5, x6
887 29437 0x00000eb0 0x0262c3b3 M   div         x7, x5, x6
888 29472 0x00000eb4 0x0262c3b3 M   div         x7, x5, x6
889 29507 0x00000eb8 0x0262c3b3 M   div         x7, x5, x6
890 29542 0x00000ebc 0x0262c3b3 M   div         x7, x5, x6
891 29577 0x00000ec0 0x0262c3b3 M   div         x7, x5, x6
892 29612 0x00000ec4 0x0262c3b3 M   div         x7, x5, x6
893 29647 0x00000ec8 0x0262c3b3 M   div         x7, x5, x6
894 29682 0x00000ecc 0x0262c3b3 M   div         x7, x5, x6
895 29717 0x00000ed0 0x0262c3b3 M   div         x7, x5, x6
896 29752 0x00000ed4 0x0262c3b3 M   div         x7, x5, x6
897 29787 0x00000ed8 0x0262c3b3 M   div         x7, x5, x6
898 29822 0x00000edc 0x0262c3b3 M   div         x7, x5, x6
899 29857 0x00000ee0 0x0262c3b3 M   div         x7, x5, x6
900 29892 0x00000ee4 0x0262c3b3 M   div         x7, x5, x6
901 29927 0x00000ee8 0x0262c3b3 M   div         x7, x5, x6
902 29962 0x00000eec 0x0262c3b3 M   div         x7, x5, x6
903 29997 0x00000ef0 0x0262c3b3 M   div         x7, x5, x6
904 30032 0x00000ef4 0x0262c3b3 M   div         x7, x5, x6
905 30067 0x00000ef8 0x0262c3b3 M   div         x7, x5, x6
906 30102 0x00000efc 0x0262c3b3 M   div         x7, x5, x6
907 30137 0x00000f00 0x0262c3b3 M   div         x7, x5, x6
908 30172 0x00000f04 0x0262c3b3 M   div         x7, x5, x6
909 30207 0x00000f08 0x0262c3b3 M   div         x7, x5, x6
910 30242 0x00000f0c 0x0262c3b3 M   div         x7, x5, x6
911 30277 0x00000f10 0x0262c3b3 M   div         x7, x5, x6
912 30312 0x00000f14 0x0262c3b3 M   div         x7, x5, x6
913 30347 0x00000f18 0x0262c3b3 M   div         x7, x5, x6
914 30382 0x00000f1c 0x0262c3b3 M   div         x7, x5, x6
915 30417 0x00000f20 0x0262c3b3 M   div         x7, x5, x6
916 30452 0x00000f24 0x0262c3b3 M   div         x7, x5, x6
917 30487 0x00000f28 0x0262c3b3 M   div         x7, x5, x6
918 30522 0x00000f2c 0x0262c3b3 M   div         x7, x5, x6
919 30557 0x00000f30 0x0262c3b3 M   div         x7, x5, x6
920 30592 0x00000f34 0x0262c3b3 M   div         x7, x5, x6
921 30627 0x00000f38 0x0262c3b3 M   div         x7, x5, x6
922 30662 0x00000f3c 0x0262c3b3 M   div         x7, x5, x6
923 30697 0x00000f40 0x0262c3b3 M   div         x7, x5, x6
924 30732 0x00000f44 0x0262c3b3 M   div         x7, x5, x6
925 30767 0x00000f48 0x0262c3b3 M   div         x7, x5, x6
926 30802 0x00000f4c 0x0262c3b3 M   div         x7, x5, x6
927 30837 0x00000f50 0x0262c3b3 M   div         x7, x5, x6
928 30872 0x00000f54 0x0262c3b3 M   div         x7, x5, x6
929 30907 0x00000f58 0x0262c3b3 M   div         x7, x5, x6
930 30942 0x00000f5c 0x0262c3b3 M   div         x7, x5, x6
931 30977 0x00000f60 0x0262c3b3 M   div         x7, x5, x6
932 31012 0x00000f64 0x0262c3b3 M   div         x7, x5, x6
933 31047 0x00000f68 0x0262c3b3 M   div         x7, x5, x6
934 31082 0x00000f6c 0x0262c3b3 M   div         x7, x5, x6
935 31117 0x00000f70 0x0262c3b3 M   div         x7, x5, x6
936 31152 0x00000f74 0x0262c3b3 M   div         x7, x5, x6
937 31187 0x00000f78 0x0262c3b3 M   div         x7, x5, x6
938 31222 0x00000f7c 0x0262c3b3 M   div         x7, x5, x6
939 31257 0x00000f80 0x0262c3b3 M   div         x7, x5, x6
940 31292 0x00000f84 0x0262c3b3 M   div         x7, x5, x6
941 31327 0x00000f88 0x0262c3b3 M   div         x7, x5, x6
942 31362 0x00000f8c 0x0262c3b3 M   div         x7, x5, x6
943 31397 0x00000f90 0x0262c3b3 M   div         x7, x5, x6
944 31432 0x00000f94 0x0262c3b3 M   div         x7, x5, x6
945 31467 0x00000f98 0x0262c3b3 M   div         x7, x5, x6
946 31502 0x00000f9c 0x0262c3b3 M   div         x7, x5, x6
947 31537 0x00000fa0 0x0262c3b3 M   div         x7, x5, x6
948 31572 0x00000fa4 0x0262c3b3 M   div         x7, x5, x6
949 31607 0x00000fa8 0x0262c3b3 M   div         x7, x5, x6
950 31642 0x00000fac 0x0262c3b3 M   div         x7, x5, x6
951 31677 0x00000fb0 0x0262c3b3 M   div         x7, x5, x6
952 31712 0x00000fb4 0x0262c3b3 M   div         x7, x5, x6
953 31747 0x00000fb8 0x0262c3b3 M   div         x7, x5, x6
954 31782 0x00000fbc 0x0262c3b3 M   div         x7, x5, x6
955 31817 0x00000fc0 0x0262c3b3 M   div         x7, x5, x6
956 31852 0x00000fc4 0x0262c3b3 M   div         x7, x5, x6
957 31887 0x00000fc8 0x0262c3b3 M   div         x7, x5, x6
958 31922 0x00000fcc 0x0262c3b3 M   div         x7, x5, x6
959 31957 0x00000fd0 0x0262c3b3 M   div         x7, x5, x6
960 31992 0x00000fd4 0x0262c3b3 M   div         x7, x5, x6
961 32027 0x00000fd8 0x0262c3b3 M   div         x7, x5, x6
962 32062 0x00000fdc 0x0262c3b3 M   div         x7, x5, x6
963 32097 0x00000fe0 0x0262c3b3 M   div         x7, x5, x6
964 32132 0x00000fe4 0x0262c3b3 M   div         x7, x5, x6
965 32167 0x00000fe8 0x0262c3b3 M   div         x7, x5, x6
966 32202 0x00000fec 0x0262c3b3 M   div         x7, x5, x6
967 32237 0x00000ff0 0x0262c3b3 M   div         x7, x5, x6
968 32272 0x00000ff4 0x0262c3b3 M   div         x7, x5, x6
969 32307 0x00000ff8 0x0262c3b3 M   div         x7, x5, x6
970 32342 0x00000ffc 0x0262c3b3 M   div         x7, x5, x6
971 32377 0x00001000 0x0262c3b3 M   div         x7, x5, x6
972 32412 0x00001004 0x0262c3b3 M   div         x7, x5, x6
973 32447 0x00001008 0x0262c3b3 M   div         x7, x5, x6
974 32482 0x0000100c 0x0262c3b3 M   div         x7, x5, x6
975 32517 0x00001010 0x0262c3b3 M   div         x7, x5, x6
976 32552 0x00001014 0x0262c3b3 M   div         x7, x5, x6
977 32587 0x00001018 0x0262c3b3 M   div         x7, x5, x6
978 32622 0x0000101c 0x0262c3b3 M   div         x7, x5, x6
979 32657 0x00001020 0x0262c3b3 M   div         x7, x5, x6
980 32692 0x00001024 0x0262c3b3 M   div         x7, x5, x6
981 32727 0x00001028 0x0262c3b3 M   div         x7, x5, x6
982 32762 0x0000102c 0x0262c3b3 M   div         x7, x5, x6
983 32797 0x00001030 0x0262c3b3 M   div         x7, x5, x6
984 32832 0x00001034 0x0262c3b3 M   div         x7, x5, x6
985 32867 0x00001038 0x0262c3b3 M   div         x7, x5, x6
986 32902 0x0000103c 0x0262c3b3 M   div         x7, x5, x6
987 32937 0x00001040 0x0262c3b3 M   div         x7, x5, x6
988 32972 0x00001044 0x0262c3b3 M   div         x7, x5, x6
989 33007 0x00001048 0x0262c3b3 M   div         x7, x5, x6
990 33042 0x0000104c 0x0262c3b3 M   div         x7, x5, x6
991 33077 0x00001050 0x0262c3b3 M   div         x7, x5, x6
992 33112 0x00001054 0x0262c3b3 M   div         x7, x5, x6
993 33147 0x00001058 0x0262c3b3 M   div         x7, x5, x6
994 33182 0x0000105c 0x0262c3b3 M   div         x7, x5, x6
995 33217 0x00001060 0x0262c3b3 M   div         x7, x5, x6
996 33252 0x00001064 0x0262c3b3 M   div         x7, x5, x6
997 33287 0x00001068 0x0262c3b3 M   div         x7, x5, x6
998 33322 0x0000106c 0x0262c3b3 M   div         x7, x5, x6
999 33357 0x00001070 0x0262c3b3 M   div         x7, x5, x6
1000 33392 0x00001074 0x0262c3b3 M   div         x7, x5, x6
1001 33427 0x00001078 0x0262c3b3 M   div         x7, x5, x6
1002 33462 0x0000107c 0x0262c3b3 M   div         x7, x5, x6
1003 33497 0x00001080 0x0262c3b3 M   div         x7, x5, x6
1004 33532 0x00001084 0x0262c3b3 M   div         x7, x5, x6
1005 33567 0x00001088 0x0262c3b3 M   div         x7, x5, x6
1006 33602 0x0000108c 0x0262c3b3 M   div         x7, x5, x6
1007 33637 0x00001090 0x0262c3b3 M   div         x7, x5, x6
1008 33672 0x00001094 0x0262c3b3 M   div         x7, x5, x6
1009 33707 0x00001098 0x0262c3b3 M   div         x7, x5, x6
1010 33742 0x0000109c 0x0262c3b3 M   div         x7, x5, x6
1011 33777 0x000010a0 0x0262c3b3 M   div         x7, x5, x6
1012 33812 0x000010a4 0x0262c3b3 M   div         x7, x5, x6
1013 33847 0x000010a8 0x0262c3b3 M   div         x7, x5, x6
1014 33882 0x000010ac 0x0262c3b3 M   div         x7, x5, x6
1015 33917 0x000010b0 0x0262c3b3 M   div         x7, x5, x6
1016 33952 0x000010b4 0x0262c3b3 M   div         x7, x5, x6
1017 33987 0x000010b8 0x0262c3b3 M   div         x7, x5, x6
1018 34022 0x000010bc 0x0262c3b3 M   div         x7, x5, x6
1019 34057 0x000010c0 0x0262c3b3 M   div         x7, x5, x6
1020 34092 0x000010c4 0x0262c3b3 M   div         x7, x5, x6
1021 34127 0x000010c8 0x0262c3b3 M   div         x7, x5, x6
1022 34162 0x000010cc 0x0262c3b3 M   div         x7, x5, x6
1023 34197 0x000010d0 0x0262c3b3 M   div         x7, x5, x6
1024 34232 0x000010d4 0x0262c3b3 M   div         x7, x5, x6
1025 34267 0x000010d8 0x0262c3b3 M   div         x7, x5, x6
1026 34302 0x000010dc 0x0262c3b3 M   div         x7, x5, x6
1027 34337 0x000010e0 0x0262c3b3 M   div         x7, x5, x6
1028 34372 0x000010e4 0x0262c3b3 M   div         x7, x5, x6
1029 34407 0x000010e8 0x0262c3b3 M   div         x7, x5, x6
1030 34442 0x000010ec 0x0262c3b3 M   div         x7, x5, x6
1031 34477 0x000010f0 0x0262c3b3 M   div         x7, x5, x6
1032 34512 0x000010f4 0x0262c3b3 M   div         x7, x5, x6
1033 34547 0x000010f8 0x0262c3b3 M   div         x7, x5, x6
1034 34582 0x000010fc 0x0262c3b3 M   div         x7, x5, x6
1035 34617 0x00001100 0x0262c3b3 M   div         x7, x5, x6
1036 34652 0x00001104 0x0262c3b3 M   div         x7, x5, x6
1037 34687 0x00001108 0x0262c3b3 M   div         x7, x5, x6
1038 34722 0x0000110c 0x0262c3b3 M   div         x7, x5, x6
1039 34757 0x00001110 0x0262c3b3 M   div         x7, x5, x6
1040 34792 0x00001114 0x0262c3b3 M   div         x7, x5, x6
1041 34827 0x00001118 0x0262c3b3 M   div         x7, x5, x6
1042 34862 0x0000111c 0x0262c3b3 M   div         x7, x5, x6
1043 34897 0x00001120 0x0262c3b3 M   div         x7, x5, x6
1044 34932 0x00001124 0x0262c3b3 M   div         x7, x5, x6
1045 34967 0x00001128 0x0262c3b3 M   div         x7, x5, x6
1046 35002 0x0000112c 0x0262c3b3 M   div         x7, x5, x6
1047 35037 0x00001130 0x0262c3b3 M   div         x7, x5, x6
1048 35072 0x00001134 0x0262c3b3 M   div         x7, x5, x6
1049 35107 0x00001138 0x0262c3b3 M   div         x7, x5, x6
1050 35142 0x0000113c 0x0262c3b3 M   div         x7, x5, x6
1051 35177 0x00001140 0x0262c3b3 M   div         x7, x5, x6
1052 35212 0x00001144 0x0262c3b3 M   div         x7, x5, x6
1053 35247 0x00001148 0x0262c3b3 M   div         x7, x5, x6
1054 35282 0x0000114c 0x0262c3b3 M   div         x7, x5, x6
1055 35317 0x00001150 0x0262c3b3 M   div         x7, x5, x6
1056 35352 0x00001154 0x0262c3b3 M   div         x7, x5, x6
1057 35387 0x00001158 0x0262c3b3 M   div         x7, x5, x6
1058 35422 0x0000115c 0x0262c3b3 M   div         x7, x5, x6
1059 35457 0x00001160 0x0262c3b3 M   div         x7, x5, x6
1060 35492 0x00001164 0x0262c3b3 M   div         x7, x5, x6
1061 35527 0x00001168 0x0262c3b3 M   div         x7, x5, x6
1062 35530 0x0000116c 0xc00024f3 M   csrrs       x9, cycle, x0
1063 35532 0x00001170 0x40848933 M   sub         x18, x9, x8
1064 35534 0x00001174 0x00000513 M   addi        x10, x0, 0
1065 35537 0x00001178 0x00008067 M   jalr        x0, 0(x1)
1066 35567 0x00000160 0x30047073 M   csrrci      x0, mstatus, 8
1067 35570 0x00000164 0x30401073 M   csrrw       x0, mie, x0
1068 35572 0x00000168 0x00000597 M   auipc       x11, 0x00000000
1069 35574 0x0000016c 0x05058593 M   addi        x11, x11, 80
1070 35577 0x00000170 0x30559073 M   csrrw       x0, mtvec, x11
1071 35580 0x00000174 0x34051073 M   csrrw       x0, mscratch, x10
1072 35583 0x00000178 0xf1402473 M   csrrs       x8, mhartid, x0
1073 35586 0x0000017c 0x02041463 M   bne         x8, x0, 40
1074 35597 0x00000180 0x00001417 M   auipc       x8, 0x00001000
1075 35599 0x00000184 0xffc40413 M   addi        x8, x8, -4
1076 35601 0x00000188 0x00001497 M   auipc       x9, 0x00001000
1077 35603 0x0000018c 0xff448493 M   addi        x9, x9, -12
1078 35606 0x00000190 0x00945a63 M   bge         x8, x9, 20
1079 35625 0x000001a4 0xf1402473 M   csrrs       x8, mhartid, x0
1080 35628 0x000001a8 0x00041463 M   bne         x8, x0, 8
1081 35631 0x000001ac 0x00100073 M   ebreak      
1082 35640 0x000001b8 0x10500073 M   wfi          <TRAP_ENTRY>
