0 30 0x00000000 0xf14020f3 M   csrrs       x1, mhartid, x0
1 32 0x00000004 0x80002217 M   auipc       x4, 0x80002000
2 34 0x00000008 0xffc20213 M   addi        x4, x4, -4
3 36 0x0000000c 0xff027113 M   andi        x2, x4, -16
4 38 0x00000010 0x80000197 M   auipc       x3, 0x80000000
5 40 0x00000014 0x7f018193 M   addi        x3, x3, 2032
6 42 0x00000018 0x000022b7 M   lui         x5, 0x00002000
7 44 0x0000001c 0x80028293 M   addi        x5, x5, -2048
8 58 0x00000020 0x30029073 M   csrrw       x0, mstatus, x5
9 60 0x00000024 0x00000317 M   auipc       x6, 0x00000000
10 62 0x00000028 0x19430313 M   addi        x6, x6, 404
11 65 0x0000002c 0x30531073 M   csrrw       x0, mtvec, x6
12 68 0x00000030 0x30401073 M   csrrw       x0, mie, x0
13 70 0x00000034 0x00001397 M   auipc       x7, 0x00001000
14 72 0x00000038 0x14838393 M   addi        x7, x7, 328
15 74 0x0000003c 0x80000417 M   auipc       x8, 0x80000000
16 87 0x00000040 0xfc440413 M   addi        x8, x8, -60
17 89 0x00000044 0x80000497 M   auipc       x9, 0x80000000
18 91 0x00000048 0xfbc48493 M   addi        x9, x9, -68
19 93 0x0000004c 0x80000517 M   auipc       x10, 0x80000000
20 95 0x00000050 0xfb450513 M   addi        x10, x10, -76
21 97 0x00000054 0x80000597 M   auipc       x11, 0x80000000
22 99 0x00000058 0xfac58593 M   addi        x11, x11, -84
23 101 0x0000005c 0x00000613 M   addi        x12, x0, 0
24 115 0x00000060 0x00000693 M   addi        x13, x0, 0
25 117 0x00000064 0x00000713 M   addi        x14, x0, 0
26 119 0x00000068 0x00000793 M   addi        x15, x0, 0
27 121 0x0000006c 0x00000813 M   addi        x16, x0, 0
28 123 0x00000070 0x00000893 M   addi        x17, x0, 0
29 125 0x00000074 0x00000913 M   addi        x18, x0, 0
30 127 0x00000078 0x00000993 M   addi        x19, x0, 0
31 129 0x0000007c 0x00000a13 M   addi        x20, x0, 0
32 143 0x00000080 0x00000a93 M   addi        x21, x0, 0
33 145 0x00000084 0x00000b13 M   addi        x22, x0, 0
34 147 0x00000088 0x00000b93 M   addi        x23, x0, 0
35 149 0x0000008c 0x00000c13 M   addi        x24, x0, 0
36 151 0x00000090 0x00000c93 M   addi        x25, x0, 0
37 153 0x00000094 0x00000d13 M   addi        x26, x0, 0
38 155 0x00000098 0x00000d93 M   addi        x27, x0, 0
39 157 0x0000009c 0x00000e13 M   addi        x28, x0, 0
40 171 0x000000a0 0x00000e93 M   addi        x29, x0, 0
41 173 0x000000a4 0x00000f13 M   addi        x30, x0, 0
42 175 0x000000a8 0x00000f93 M   addi        x31, x0, 0
43 178 0x000000ac 0x04008463 M   beq         x1, x0, 72
44 200 0x000000f4 0x00838e63 M   beq         x7, x8, 28
45 203 0x000000f8 0x00945c63 M   bge         x8, x9, 24
46 221 0x00000110 0x00b55863 M   bge         x10, x11, 16
47 239 0x00000120 0x00001417 M   auipc       x8, 0x00001000
48 241 0x00000124 0x05c40413 M   addi        x8, x8, 92
49 243 0x00000128 0x00001497 M   auipc       x9, 0x00001000
50 245 0x0000012c 0x05448493 M   addi        x9, x9, 84
51 248 0x00000130 0x00945a63 M   bge         x8, x9, 20
52 266 0x00000144 0x00000617 M   auipc       x12, 0x00000000
53 268 0x00000148 0x07c60613 M   addi        x12, x12, 124
54 271 0x0000014c 0x0ff0000f M   fence       
55 278 0x00000150 0x0000100f M   fence.i     
56 489 0x00000154 0x00000513 M   addi        x10, x0, 0
57 491 0x00000158 0x00000593 M   addi        x11, x0, 0
58 494 0x0000015c 0x000600e7 M   jalr        x1, 0(x12)
59 522 0x000001c0 0x800002b7 M   lui         x5, 0x80000000
60 524 0x000001c4 0x80000337 M   lui         x6, 0x80000000
61 527 0x000001c8 0xc0002473 M   csrrs       x8, cycle, x0
62 529 0x000001cc 0x006283b3 M   add         x7, x5, x6
63 531 0x000001d0 0x006283b3 M   add         x7, x5, x6
64 533 0x000001d4 0x006283b3 M   add         x7, x5, x6
65 535 0x000001d8 0x006283b3 M   add         x7, x5, x6
66 537 0x000001dc 0x006283b3 M   add         x7, x5, x6
67 550 0x000001e0 0x006283b3 M   add         x7, x5, x6
68 552 0x000001e4 0x006283b3 M   add         x7, x5, x6
69 554 0x000001e8 0x006283b3 M   add         x7, x5, x6
70 556 0x000001ec 0x006283b3 M   add         x7, x5, x6
71 558 0x000001f0 0x006283b3 M   add         x7, x5, x6
72 560 0x000001f4 0x006283b3 M   add         x7, x5, x6
73 562 0x000001f8 0x006283b3 M   add         x7, x5, x6
74 564 0x000001fc 0x006283b3 M   add         x7, x5, x6
75 578 0x00000200 0x006283b3 M   add         x7, x5, x6
76 580 0x00000204 0x006283b3 M   add         x7, x5, x6
77 582 0x00000208 0x006283b3 M   add         x7, x5, x6
78 584 0x0000020c 0x006283b3 M   add         x7, x5, x6
79 586 0x00000210 0x006283b3 M   add         x7, x5, x6
80 588 0x00000214 0x006283b3 M   add         x7, x5, x6
81 590 0x00000218 0x006283b3 M   add         x7, x5, x6
82 592 0x0000021c 0x006283b3 M   add         x7, x5, x6
83 606 0x00000220 0x006283b3 M   add         x7, x5, x6
84 608 0x00000224 0x006283b3 M   add         x7, x5, x6
85 610 0x00000228 0x006283b3 M   add         x7, x5, x6
86 612 0x0000022c 0x006283b3 M   add         x7, x5, x6
87 614 0x00000230 0x006283b3 M   add         x7, x5, x6
88 616 0x00000234 0x006283b3 M   add         x7, x5, x6
89 618 0x00000238 0x006283b3 M   add         x7, x5, x6
90 620 0x0000023c 0x006283b3 M   add         x7, x5, x6
91 634 0x00000240 0x006283b3 M   add         x7, x5, x6
92 636 0x00000244 0x006283b3 M   add         x7, x5, x6
93 638 0x00000248 0x006283b3 M   add         x7, x5, x6
94 640 0x0000024c 0x006283b3 M   add         x7, x5, x6
95 642 0x00000250 0x006283b3 M   add         x7, x5, x6
96 644 0x00000254 0x006283b3 M   add         x7, x5, x6
97 646 0x00000258 0x006283b3 M   add         x7, x5, x6
98 648 0x0000025c 0x006283b3 M   add         x7, x5, x6
99 662 0x00000260 0x006283b3 M   add         x7, x5, x6
100 664 0x00000264 0x006283b3 M   add         x7, x5, x6
101 666 0x00000268 0x006283b3 M   add         x7, x5, x6
102 668 0x0000026c 0x006283b3 M   add         x7, x5, x6
103 670 0x00000270 0x006283b3 M   add         x7, x5, x6
104 672 0x00000274 0x006283b3 M   add         x7, x5, x6
105 674 0x00000278 0x006283b3 M   add         x7, x5, x6
106 676 0x0000027c 0x006283b3 M   add         x7, x5, x6
107 690 0x00000280 0x006283b3 M   add         x7, x5, x6
108 692 0x00000284 0x006283b3 M   add         x7, x5, x6
109 694 0x00000288 0x006283b3 M   add         x7, x5, x6
110 696 0x0000028c 0x006283b3 M   add         x7, x5, x6
111 698 0x00000290 0x006283b3 M   add         x7, x5, x6
112 700 0x00000294 0x006283b3 M   add         x7, x5, x6
113 702 0x00000298 0x006283b3 M   add         x7, x5, x6
114 704 0x0000029c 0x006283b3 M   add         x7, x5, x6
115 718 0x000002a0 0x006283b3 M   add         x7, x5, x6
116 720 0x000002a4 0x006283b3 M   add         x7, x5, x6
117 722 0x000002a8 0x006283b3 M   add         x7, x5, x6
118 724 0x000002ac 0x006283b3 M   add         x7, x5, x6
119 726 0x000002b0 0x006283b3 M   add         x7, x5, x6
120 728 0x000002b4 0x006283b3 M   add         x7, x5, x6
121 730 0x000002b8 0x006283b3 M   add         x7, x5, x6
122 732 0x000002bc 0x006283b3 M   add         x7, x5, x6
123 746 0x000002c0 0x006283b3 M   add         x7, x5, x6
124 748 0x000002c4 0x006283b3 M   add         x7, x5, x6
125 750 0x000002c8 0x006283b3 M   add         x7, x5, x6
126 752 0x000002cc 0x006283b3 M   add         x7, x5, x6
127 754 0x000002d0 0x006283b3 M   add         x7, x5, x6
128 756 0x000002d4 0x006283b3 M   add         x7, x5, x6
129 758 0x000002d8 0x006283b3 M   add         x7, x5, x6
130 760 0x000002dc 0x006283b3 M   add         x7, x5, x6
131 774 0x000002e0 0x006283b3 M   add         x7, x5, x6
132 776 0x000002e4 0x006283b3 M   add         x7, x5, x6
133 778 0x000002e8 0x006283b3 M   add         x7, x5, x6
134 780 0x000002ec 0x006283b3 M   add         x7, x5, x6
135 782 0x000002f0 0x006283b3 M   add         x7, x5, x6
136 784 0x000002f4 0x006283b3 M   add         x7, x5, x6
137 786 0x000002f8 0x006283b3 M   add         x7, x5, x6
138 788 0x000002fc 0x006283b3 M   add         x7, x5, x6
139 802 0x00000300 0x006283b3 M   add         x7, x5, x6
140 804 0x00000304 0x006283b3 M   add         x7, x5, x6
141 806 0x00000308 0x006283b3 M   add         x7, x5, x6
142 808 0x0000030c 0x006283b3 M   add         x7, x5, x6
143 810 0x00000310 0x006283b3 M   add         x7, x5, x6
144 812 0x00000314 0x006283b3 M   add         x7, x5, x6
145 814 0x00000318 0x006283b3 M   add         x7, x5, x6
146 816 0x0000031c 0x006283b3 M   add         x7, x5, x6
147 830 0x00000320 0x006283b3 M   add         x7, x5, x6
148 832 0x00000324 0x006283b3 M   add         x7, x5, x6
149 834 0x00000328 0x006283b3 M   add         x7, x5, x6
150 836 0x0000032c 0x006283b3 M   add         x7, x5, x6
151 838 0x00000330 0x006283b3 M   add         x7, x5, x6
152 840 0x00000334 0x006283b3 M   add         x7, x5, x6
153 842 0x00000338 0x006283b3 M   add         x7, x5, x6
154 844 0x0000033c 0x006283b3 M   add         x7, x5, x6
155 858 0x00000340 0x006283b3 M   add         x7, x5, x6
156 860 0x00000344 0x006283b3 M   add         x7, x5, x6
157 862 0x00000348 0x006283b3 M   add         x7, x5, x6
158 864 0x0000034c 0x006283b3 M   add         x7, x5, x6
159 866 0x00000350 0x006283b3 M   add         x7, x5, x6
160 868 0x00000354 0x006283b3 M   add         x7, x5, x6
161 870 0x00000358 0x006283b3 M   add         x7, x5, x6
162 872 0x0000035c 0x006283b3 M   add         x7, x5, x6
163 886 0x00000360 0x006283b3 M   add         x7, x5, x6
164 888 0x00000364 0x006283b3 M   add         x7, x5, x6
165 890 0x00000368 0x006283b3 M   add         x7, x5, x6
166 892 0x0000036c 0x006283b3 M   add         x7, x5, x6
167 894 0x00000370 0x006283b3 M   add         x7, x5, x6
168 896 0x00000374 0x006283b3 M   add         x7, x5, x6
169 898 0x00000378 0x006283b3 M   add         x7, x5, x6
170 900 0x0000037c 0x006283b3 M   add         x7, x5, x6
171 914 0x00000380 0x006283b3 M   add         x7, x5, x6
172 916 0x00000384 0x006283b3 M   add         x7, x5, x6
173 918 0x00000388 0x006283b3 M   add         x7, x5, x6
174 920 0x0000038c 0x006283b3 M   add         x7, x5, x6
175 922 0x00000390 0x006283b3 M   add         x7, x5, x6
176 924 0x00000394 0x006283b3 M   add         x7, x5, x6
177 926 0x00000398 0x006283b3 M   add         x7, x5, x6
178 928 0x0000039c 0x006283b3 M   add         x7, x5, x6
179 942 0x000003a0 0x006283b3 M   add         x7, x5, x6
180 944 0x000003a4 0x006283b3 M   add         x7, x5, x6
181 946 0x000003a8 0x006283b3 M   add         x7, x5, x6
182 948 0x000003ac 0x006283b3 M   add         x7, x5, x6
183 950 0x000003b0 0x006283b3 M   add         x7, x5, x6
184 952 0x000003b4 0x006283b3 M   add         x7, x5, x6
185 954 0x000003b8 0x006283b3 M   add         x7, x5, x6
186 956 0x000003bc 0x006283b3 M   add         x7, x5, x6
187 970 0x000003c0 0x006283b3 M   add         x7, x5, x6
188 972 0x000003c4 0x006283b3 M   add         x7, x5, x6
189 974 0x000003c8 0x006283b3 M   add         x7, x5, x6
190 976 0x000003cc 0x006283b3 M   add         x7, x5, x6
191 978 0x000003d0 0x006283b3 M   add         x7, x5, x6
192 980 0x000003d4 0x006283b3 M   add         x7, x5, x6
193 982 0x000003d8 0x006283b3 M   add         x7, x5, x6
194 984 0x000003dc 0x006283b3 M   add         x7, x5, x6
195 998 0x000003e0 0x006283b3 M   add         x7, x5, x6
196 1000 0x000003e4 0x006283b3 M   add         x7, x5, x6
197 1002 0x000003e8 0x006283b3 M   add         x7, x5, x6
198 1004 0x000003ec 0x006283b3 M   add         x7, x5, x6
199 1006 0x000003f0 0x006283b3 M   add         x7, x5, x6
200 1008 0x000003f4 0x006283b3 M   add         x7, x5, x6
201 1010 0x000003f8 0x006283b3 M   add         x7, x5, x6
202 1012 0x000003fc 0x006283b3 M   add         x7, x5, x6
203 1026 0x00000400 0x006283b3 M   add         x7, x5, x6
204 1028 0x00000404 0x006283b3 M   add         x7, x5, x6
205 1030 0x00000408 0x006283b3 M   add         x7, x5, x6
206 1032 0x0000040c 0x006283b3 M   add         x7, x5, x6
207 1034 0x00000410 0x006283b3 M   add         x7, x5, x6
208 1036 0x00000414 0x006283b3 M   add         x7, x5, x6
209 1038 0x00000418 0x006283b3 M   add         x7, x5, x6
210 1040 0x0000041c 0x006283b3 M   add         x7, x5, x6
211 1054 0x00000420 0x006283b3 M   add         x7, x5, x6
212 1056 0x00000424 0x006283b3 M   add         x7, x5, x6
213 1058 0x00000428 0x006283b3 M   add         x7, x5, x6
214 1060 0x0000042c 0x006283b3 M   add         x7, x5, x6
215 1062 0x00000430 0x006283b3 M   add         x7, x5, x6
216 1064 0x00000434 0x006283b3 M   add         x7, x5, x6
217 1066 0x00000438 0x006283b3 M   add         x7, x5, x6
218 1068 0x0000043c 0x006283b3 M   add         x7, x5, x6
219 1082 0x00000440 0x006283b3 M   add         x7, x5, x6
220 1084 0x00000444 0x006283b3 M   add         x7, x5, x6
221 1086 0x00000448 0x006283b3 M   add         x7, x5, x6
222 1088 0x0000044c 0x006283b3 M   add         x7, x5, x6
223 1090 0x00000450 0x006283b3 M   add         x7, x5, x6
224 1092 0x00000454 0x006283b3 M   add         x7, x5, x6
225 1094 0x00000458 0x006283b3 M   add         x7, x5, x6
226 1096 0x0000045c 0x006283b3 M   add         x7, x5, x6
227 1110 0x00000460 0x006283b3 M   add         x7, x5, x6
228 1112 0x00000464 0x006283b3 M   add         x7, x5, x6
229 1114 0x00000468 0x006283b3 M   add         x7, x5, x6
230 1116 0x0000046c 0x006283b3 M   add         x7, x5, x6
231 1118 0x00000470 0x006283b3 M   add         x7, x5, x6
232 1120 0x00000474 0x006283b3 M   add         x7, x5, x6
233 1122 0x00000478 0x006283b3 M   add         x7, x5, x6
234 1124 0x0000047c 0x006283b3 M   add         x7, x5, x6
235 1138 0x00000480 0x006283b3 M   add         x7, x5, x6
236 1140 0x00000484 0x006283b3 M   add         x7, x5, x6
237 1142 0x00000488 0x006283b3 M   add         x7, x5, x6
238 1144 0x0000048c 0x006283b3 M   add         x7, x5, x6
239 1146 0x00000490 0x006283b3 M   add         x7, x5, x6
240 1148 0x00000494 0x006283b3 M   add         x7, x5, x6
241 1150 0x00000498 0x006283b3 M   add         x7, x5, x6
242 1152 0x0000049c 0x006283b3 M   add         x7, x5, x6
243 1166 0x000004a0 0x006283b3 M   add         x7, x5, x6
244 1168 0x000004a4 0x006283b3 M   add         x7, x5, x6
245 1170 0x000004a8 0x006283b3 M   add         x7, x5, x6
246 1172 0x000004ac 0x006283b3 M   add         x7, x5, x6
247 1174 0x000004b0 0x006283b3 M   add         x7, x5, x6
248 1176 0x000004b4 0x006283b3 M   add         x7, x5, x6
249 1178 0x000004b8 0x006283b3 M   add         x7, x5, x6
250 1180 0x000004bc 0x006283b3 M   add         x7, x5, x6
251 1194 0x000004c0 0x006283b3 M   add         x7, x5, x6
252 1196 0x000004c4 0x006283b3 M   add         x7, x5, x6
253 1198 0x000004c8 0x006283b3 M   add         x7, x5, x6
254 1200 0x000004cc 0x006283b3 M   add         x7, x5, x6
255 1202 0x000004d0 0x006283b3 M   add         x7, x5, x6
256 1204 0x000004d4 0x006283b3 M   add         x7, x5, x6
257 1206 0x000004d8 0x006283b3 M   add         x7, x5, x6
258 1208 0x000004dc 0x006283b3 M   add         x7, x5, x6
259 1222 0x000004e0 0x006283b3 M   add         x7, x5, x6
260 1224 0x000004e4 0x006283b3 M   add         x7, x5, x6
261 1226 0x000004e8 0x006283b3 M   add         x7, x5, x6
262 1228 0x000004ec 0x006283b3 M   add         x7, x5, x6
263 1230 0x000004f0 0x006283b3 M   add         x7, x5, x6
264 1232 0x000004f4 0x006283b3 M   add         x7, x5, x6
265 1234 0x000004f8 0x006283b3 M   add         x7, x5, x6
266 1236 0x000004fc 0x006283b3 M   add         x7, x5, x6
267 1250 0x00000500 0x006283b3 M   add         x7, x5, x6
268 1252 0x00000504 0x006283b3 M   add         x7, x5, x6
269 1254 0x00000508 0x006283b3 M   add         x7, x5, x6
270 1256 0x0000050c 0x006283b3 M   add         x7, x5, x6
271 1258 0x00000510 0x006283b3 M   add         x7, x5, x6
272 1260 0x00000514 0x006283b3 M   add         x7, x5, x6
273 1262 0x00000518 0x006283b3 M   add         x7, x5, x6
274 1264 0x0000051c 0x006283b3 M   add         x7, x5, x6
275 1278 0x00000520 0x006283b3 M   add         x7, x5, x6
276 1280 0x00000524 0x006283b3 M   add         x7, x5, x6
277 1282 0x00000528 0x006283b3 M   add         x7, x5, x6
278 1284 0x0000052c 0x006283b3 M   add         x7, x5, x6
279 1286 0x00000530 0x006283b3 M   add         x7, x5, x6
280 1288 0x00000534 0x006283b3 M   add         x7, x5, x6
281 1290 0x00000538 0x006283b3 M   add         x7, x5, x6
282 1292 0x0000053c 0x006283b3 M   add         x7, x5, x6
283 1306 0x00000540 0x006283b3 M   add         x7, x5, x6
284 1308 0x00000544 0x006283b3 M   add         x7, x5, x6
285 1310 0x00000548 0x006283b3 M   add         x7, x5, x6
286 1312 0x0000054c 0x006283b3 M   add         x7, x5, x6
287 1314 0x00000550 0x006283b3 M   add         x7, x5, x6
288 1316 0x00000554 0x006283b3 M   add         x7, x5, x6
289 1318 0x00000558 0x006283b3 M   add         x7, x5, x6
290 1320 0x0000055c 0x006283b3 M   add         x7, x5, x6
291 1334 0x00000560 0x006283b3 M   add         x7, x5, x6
292 1336 0x00000564 0x006283b3 M   add         x7, x5, x6
293 1338 0x00000568 0x006283b3 M   add         x7, x5, x6
294 1340 0x0000056c 0x006283b3 M   add         x7, x5, x6
295 1342 0x00000570 0x006283b3 M   add         x7, x5, x6
296 1344 0x00000574 0x006283b3 M   add         x7, x5, x6
297 1346 0x00000578 0x006283b3 M   add         x7, x5, x6
298 1348 0x0000057c 0x006283b3 M   add         x7, x5, x6
299 1362 0x00000580 0x006283b3 M   add         x7, x5, x6
300 1364 0x00000584 0x006283b3 M   add         x7, x5, x6
301 1366 0x00000588 0x006283b3 M   add         x7, x5, x6
302 1368 0x0000058c 0x006283b3 M   add         x7, x5, x6
303 1370 0x00000590 0x006283b3 M   add         x7, x5, x6
304 1372 0x00000594 0x006283b3 M   add         x7, x5, x6
305 1374 0x00000598 0x006283b3 M   add         x7, x5, x6
306 1376 0x0000059c 0x006283b3 M   add         x7, x5, x6
307 1390 0x000005a0 0x006283b3 M   add         x7, x5, x6
308 1392 0x000005a4 0x006283b3 M   add         x7, x5, x6
309 1394 0x000005a8 0x006283b3 M   add         x7, x5, x6
310 1396 0x000005ac 0x006283b3 M   add         x7, x5, x6
311 1398 0x000005b0 0x006283b3 M   add         x7, x5, x6
312 1400 0x000005b4 0x006283b3 M   add         x7, x5, x6
313 1402 0x000005b8 0x006283b3 M   add         x7, x5, x6
314 1404 0x000005bc 0x006283b3 M   add         x7, x5, x6
315 1418 0x000005c0 0x006283b3 M   add         x7, x5, x6
316 1420 0x000005c4 0x006283b3 M   add         x7, x5, x6
317 1422 0x000005c8 0x006283b3 M   add         x7, x5, x6
318 1424 0x000005cc 0x006283b3 M   add         x7, x5, x6
319 1426 0x000005d0 0x006283b3 M   add         x7, x5, x6
320 1428 0x000005d4 0x006283b3 M   add         x7, x5, x6
321 1430 0x000005d8 0x006283b3 M   add         x7, x5, x6
322 1432 0x000005dc 0x006283b3 M   add         x7, x5, x6
323 1446 0x000005e0 0x006283b3 M   add         x7, x5, x6
324 1448 0x000005e4 0x006283b3 M   add         x7, x5, x6
325 1450 0x000005e8 0x006283b3 M   add         x7, x5, x6
326 1452 0x000005ec 0x006283b3 M   add         x7, x5, x6
327 1454 0x000005f0 0x006283b3 M   add         x7, x5, x6
328 1456 0x000005f4 0x006283b3 M   add         x7, x5, x6
329 1458 0x000005f8 0x006283b3 M   add         x7, x5, x6
330 1460 0x000005fc 0x006283b3 M   add         x7, x5, x6
331 1474 0x00000600 0x006283b3 M   add         x7, x5, x6
332 1476 0x00000604 0x006283b3 M   add         x7, x5, x6
333 1478 0x00000608 0x006283b3 M   add         x7, x5, x6
334 1480 0x0000060c 0x006283b3 M   add         x7, x5, x6
335 1482 0x00000610 0x006283b3 M   add         x7, x5, x6
336 1484 0x00000614 0x006283b3 M   add         x7, x5, x6
337 1486 0x00000618 0x006283b3 M   add         x7, x5, x6
338 1488 0x0000061c 0x006283b3 M   add         x7, x5, x6
339 1502 0x00000620 0x006283b3 M   add         x7, x5, x6
340 1504 0x00000624 0x006283b3 M   add         x7, x5, x6
341 1506 0x00000628 0x006283b3 M   add         x7, x5, x6
342 1508 0x0000062c 0x006283b3 M   add         x7, x5, x6
343 1510 0x00000630 0x006283b3 M   add         x7, x5, x6
344 1512 0x00000634 0x006283b3 M   add         x7, x5, x6
345 1514 0x00000638 0x006283b3 M   add         x7, x5, x6
346 1516 0x0000063c 0x006283b3 M   add         x7, x5, x6
347 1530 0x00000640 0x006283b3 M   add         x7, x5, x6
348 1532 0x00000644 0x006283b3 M   add         x7, x5, x6
349 1534 0x00000648 0x006283b3 M   add         x7, x5, x6
350 1536 0x0000064c 0x006283b3 M   add         x7, x5, x6
351 1538 0x00000650 0x006283b3 M   add         x7, x5, x6
352 1540 0x00000654 0x006283b3 M   add         x7, x5, x6
353 1542 0x00000658 0x006283b3 M   add         x7, x5, x6
354 1544 0x0000065c 0x006283b3 M   add         x7, x5, x6
355 1558 0x00000660 0x006283b3 M   add         x7, x5, x6
356 1560 0x00000664 0x006283b3 M   add         x7, x5, x6
357 1562 0x00000668 0x006283b3 M   add         x7, x5, x6
358 1564 0x0000066c 0x006283b3 M   add         x7, x5, x6
359 1566 0x00000670 0x006283b3 M   add         x7, x5, x6
360 1568 0x00000674 0x006283b3 M   add         x7, x5, x6
361 1570 0x00000678 0x006283b3 M   add         x7, x5, x6
362 1572 0x0000067c 0x006283b3 M   add         x7, x5, x6
363 1586 0x00000680 0x006283b3 M   add         x7, x5, x6
364 1588 0x00000684 0x006283b3 M   add         x7, x5, x6
365 1590 0x00000688 0x006283b3 M   add         x7, x5, x6
366 1592 0x0000068c 0x006283b3 M   add         x7, x5, x6
367 1594 0x00000690 0x006283b3 M   add         x7, x5, x6
368 1596 0x00000694 0x006283b3 M   add         x7, x5, x6
369 1598 0x00000698 0x006283b3 M   add         x7, x5, x6
370 1600 0x0000069c 0x006283b3 M   add         x7, x5, x6
371 1614 0x000006a0 0x006283b3 M   add         x7, x5, x6
372 1616 0x000006a4 0x006283b3 M   add         x7, x5, x6
373 1618 0x000006a8 0x006283b3 M   add         x7, x5, x6
374 1620 0x000006ac 0x006283b3 M   add         x7, x5, x6
375 1622 0x000006b0 0x006283b3 M   add         x7, x5, x6
376 1624 0x000006b4 0x006283b3 M   add         x7, x5, x6
377 1626 0x000006b8 0x006283b3 M   add         x7, x5, x6
378 1628 0x000006bc 0x006283b3 M   add         x7, x5, x6
379 1642 0x000006c0 0x006283b3 M   add         x7, x5, x6
380 1644 0x000006c4 0x006283b3 M   add         x7, x5, x6
381 1646 0x000006c8 0x006283b3 M   add         x7, x5, x6
382 1648 0x000006cc 0x006283b3 M   add         x7, x5, x6
383 1650 0x000006d0 0x006283b3 M   add         x7, x5, x6
384 1652 0x000006d4 0x006283b3 M   add         x7, x5, x6
385 1654 0x000006d8 0x006283b3 M   add         x7, x5, x6
386 1656 0x000006dc 0x006283b3 M   add         x7, x5, x6
387 1670 0x000006e0 0x006283b3 M   add         x7, x5, x6
388 1672 0x000006e4 0x006283b3 M   add         x7, x5, x6
389 1674 0x000006e8 0x006283b3 M   add         x7, x5, x6
390 1676 0x000006ec 0x006283b3 M   add         x7, x5, x6
391 1678 0x000006f0 0x006283b3 M   add         x7, x5, x6
392 1680 0x000006f4 0x006283b3 M   add         x7, x5, x6
393 1682 0x000006f8 0x006283b3 M   add         x7, x5, x6
394 1684 0x000006fc 0x006283b3 M   add         x7, x5, x6
395 1698 0x00000700 0x006283b3 M   add         x7, x5, x6
396 1700 0x00000704 0x006283b3 M   add         x7, x5, x6
397 1702 0x00000708 0x006283b3 M   add         x7, x5, x6
398 1704 0x0000070c 0x006283b3 M   add         x7, x5, x6
399 1706 0x00000710 0x006283b3 M   add         x7, x5, x6
400 1708 0x00000714 0x006283b3 M   add         x7, x5, x6
401 1710 0x00000718 0x006283b3 M   add         x7, x5, x6
402 1712 0x0000071c 0x006283b3 M   add         x7, x5, x6
403 1726 0x00000720 0x006283b3 M   add         x7, x5, x6
404 1728 0x00000724 0x006283b3 M   add         x7, x5, x6
405 1730 0x00000728 0x006283b3 M   add         x7, x5, x6
406 1732 0x0000072c 0x006283b3 M   add         x7, x5, x6
407 1734 0x00000730 0x006283b3 M   add         x7, x5, x6
408 1736 0x00000734 0x006283b3 M   add         x7, x5, x6
409 1738 0x00000738 0x006283b3 M   add         x7, x5, x6
410 1740 0x0000073c 0x006283b3 M   add         x7, x5, x6
411 1754 0x00000740 0x006283b3 M   add         x7, x5, x6
412 1756 0x00000744 0x006283b3 M   add         x7, x5, x6
413 1758 0x00000748 0x006283b3 M   add         x7, x5, x6
414 1760 0x0000074c 0x006283b3 M   add         x7, x5, x6
415 1762 0x00000750 0x006283b3 M   add         x7, x5, x6
416 1764 0x00000754 0x006283b3 M   add         x7, x5, x6
417 1766 0x00000758 0x006283b3 M   add         x7, x5, x6
418 1768 0x0000075c 0x006283b3 M   add         x7, x5, x6
419 1782 0x00000760 0x006283b3 M   add         x7, x5, x6
420 1784 0x00000764 0x006283b3 M   add         x7, x5, x6
421 1786 0x00000768 0x006283b3 M   add         x7, x5, x6
422 1788 0x0000076c 0x006283b3 M   add         x7, x5, x6
423 1790 0x00000770 0x006283b3 M   add         x7, x5, x6
424 1792 0x00000774 0x006283b3 M   add         x7, x5, x6
425 1794 0x00000778 0x006283b3 M   add         x7, x5, x6
426 1796 0x0000077c 0x006283b3 M   add         x7, x5, x6
427 1810 0x00000780 0x006283b3 M   add         x7, x5, x6
428 1812 0x00000784 0x006283b3 M   add         x7, x5, x6
429 1814 0x00000788 0x006283b3 M   add         x7, x5, x6
430 1816 0x0000078c 0x006283b3 M   add         x7, x5, x6
431 1818 0x00000790 0x006283b3 M   add         x7, x5, x6
432 1820 0x00000794 0x006283b3 M   add         x7, x5, x6
433 1822 0x00000798 0x006283b3 M   add         x7, x5, x6
434 1824 0x0000079c 0x006283b3 M   add         x7, x5, x6
435 1838 0x000007a0 0x006283b3 M   add         x7, x5, x6
436 1840 0x000007a4 0x006283b3 M   add         x7, x5, x6
437 1842 0x000007a8 0x006283b3 M   add         x7, x5, x6
438 1844 0x000007ac 0x006283b3 M   add         x7, x5, x6
439 1846 0x000007b0 0x006283b3 M   add         x7, x5, x6
440 1848 0x000007b4 0x006283b3 M   add         x7, x5, x6
441 1850 0x000007b8 0x006283b3 M   add         x7, x5, x6
442 1852 0x000007bc 0x006283b3 M   add         x7, x5, x6
443 1866 0x000007c0 0x006283b3 M   add         x7, x5, x6
444 1868 0x000007c4 0x006283b3 M   add         x7, x5, x6
445 1870 0x000007c8 0x006283b3 M   add         x7, x5, x6
446 1872 0x000007cc 0x006283b3 M   add         x7, x5, x6
447 1874 0x000007d0 0x006283b3 M   add         x7, x5, x6
448 1876 0x000007d4 0x006283b3 M   add         x7, x5, x6
449 1878 0x000007d8 0x006283b3 M   add         x7, x5, x6
450 1880 0x000007dc 0x006283b3 M   add         x7, x5, x6
451 1894 0x000007e0 0x006283b3 M   add         x7, x5, x6
452 1896 0x000007e4 0x006283b3 M   add         x7, x5, x6
453 1898 0x000007e8 0x006283b3 M   add         x7, x5, x6
454 1900 0x000007ec 0x006283b3 M   add         x7, x5, x6
455 1902 0x000007f0 0x006283b3 M   add         x7, x5, x6
456 1904 0x000007f4 0x006283b3 M   add         x7, x5, x6
457 1906 0x000007f8 0x006283b3 M   add         x7, x5, x6
458 1908 0x000007fc 0x006283b3 M   add         x7, x5, x6
459 1922 0x00000800 0x006283b3 M   add         x7, x5, x6
460 1924 0x00000804 0x006283b3 M   add         x7, x5, x6
461 1926 0x00000808 0x006283b3 M   add         x7, x5, x6
462 1928 0x0000080c 0x006283b3 M   add         x7, x5, x6
463 1930 0x00000810 0x006283b3 M   add         x7, x5, x6
464 1932 0x00000814 0x006283b3 M   add         x7, x5, x6
465 1934 0x00000818 0x006283b3 M   add         x7, x5, x6
466 1936 0x0000081c 0x006283b3 M   add         x7, x5, x6
467 1950 0x00000820 0x006283b3 M   add         x7, x5, x6
468 1952 0x00000824 0x006283b3 M   add         x7, x5, x6
469 1954 0x00000828 0x006283b3 M   add         x7, x5, x6
470 1956 0x0000082c 0x006283b3 M   add         x7, x5, x6
471 1958 0x00000830 0x006283b3 M   add         x7, x5, x6
472 1960 0x00000834 0x006283b3 M   add         x7, x5, x6
473 1962 0x00000838 0x006283b3 M   add         x7, x5, x6
474 1964 0x0000083c 0x006283b3 M   add         x7, x5, x6
475 1978 0x00000840 0x006283b3 M   add         x7, x5, x6
476 1980 0x00000844 0x006283b3 M   add         x7, x5, x6
477 1982 0x00000848 0x006283b3 M   add         x7, x5, x6
478 1984 0x0000084c 0x006283b3 M   add         x7, x5, x6
479 1986 0x00000850 0x006283b3 M   add         x7, x5, x6
480 1988 0x00000854 0x006283b3 M   add         x7, x5, x6
481 1990 0x00000858 0x006283b3 M   add         x7, x5, x6
482 1992 0x0000085c 0x006283b3 M   add         x7, x5, x6
483 2006 0x00000860 0x006283b3 M   add         x7, x5, x6
484 2008 0x00000864 0x006283b3 M   add         x7, x5, x6
485 2010 0x00000868 0x006283b3 M   add         x7, x5, x6
486 2012 0x0000086c 0x006283b3 M   add         x7, x5, x6
487 2014 0x00000870 0x006283b3 M   add         x7, x5, x6
488 2016 0x00000874 0x006283b3 M   add         x7, x5, x6
489 2018 0x00000878 0x006283b3 M   add         x7, x5, x6
490 2020 0x0000087c 0x006283b3 M   add         x7, x5, x6
491 2034 0x00000880 0x006283b3 M   add         x7, x5, x6
492 2036 0x00000884 0x006283b3 M   add         x7, x5, x6
493 2038 0x00000888 0x006283b3 M   add         x7, x5, x6
494 2040 0x0000088c 0x006283b3 M   add         x7, x5, x6
495 2042 0x00000890 0x006283b3 M   add         x7, x5, x6
496 2044 0x00000894 0x006283b3 M   add         x7, x5, x6
497 2046 0x00000898 0x006283b3 M   add         x7, x5, x6
498 2048 0x0000089c 0x006283b3 M   add         x7, x5, x6
499 2062 0x000008a0 0x006283b3 M   add         x7, x5, x6
500 2064 0x000008a4 0x006283b3 M   add         x7, x5, x6
501 2066 0x000008a8 0x006283b3 M   add         x7, x5, x6
502 2068 0x000008ac 0x006283b3 M   add         x7, x5, x6
503 2070 0x000008b0 0x006283b3 M   add         x7, x5, x6
504 2072 0x000008b4 0x006283b3 M   add         x7, x5, x6
505 2074 0x000008b8 0x006283b3 M   add         x7, x5, x6
506 2076 0x000008bc 0x006283b3 M   add         x7, x5, x6
507 2090 0x000008c0 0x006283b3 M   add         x7, x5, x6
508 2092 0x000008c4 0x006283b3 M   add         x7, x5, x6
509 2094 0x000008c8 0x006283b3 M   add         x7, x5, x6
510 2096 0x000008cc 0x006283b3 M   add         x7, x5, x6
511 2098 0x000008d0 0x006283b3 M   add         x7, x5, x6
512 2100 0x000008d4 0x006283b3 M   add         x7, x5, x6
513 2102 0x000008d8 0x006283b3 M   add         x7, x5, x6
514 2104 0x000008dc 0x006283b3 M   add         x7, x5, x6
515 2118 0x000008e0 0x006283b3 M   add         x7, x5, x6
516 2120 0x000008e4 0x006283b3 M   add         x7, x5, x6
517 2122 0x000008e8 0x006283b3 M   add         x7, x5, x6
518 2124 0x000008ec 0x006283b3 M   add         x7, x5, x6
519 2126 0x000008f0 0x006283b3 M   add         x7, x5, x6
520 2128 0x000008f4 0x006283b3 M   add         x7, x5, x6
521 2130 0x000008f8 0x006283b3 M   add         x7, x5, x6
522 2132 0x000008fc 0x006283b3 M   add         x7, x5, x6
523 2146 0x00000900 0x006283b3 M   add         x7, x5, x6
524 2148 0x00000904 0x006283b3 M   add         x7, x5, x6
525 2150 0x00000908 0x006283b3 M   add         x7, x5, x6
526 2152 0x0000090c 0x006283b3 M   add         x7, x5, x6
527 2154 0x00000910 0x006283b3 M   add         x7, x5, x6
528 2156 0x00000914 0x006283b3 M   add         x7, x5, x6
529 2158 0x00000918 0x006283b3 M   add         x7, x5, x6
530 2160 0x0000091c 0x006283b3 M   add         x7, x5, x6
531 2174 0x00000920 0x006283b3 M   add         x7, x5, x6
532 2176 0x00000924 0x006283b3 M   add         x7, x5, x6
533 2178 0x00000928 0x006283b3 M   add         x7, x5, x6
534 2180 0x0000092c 0x006283b3 M   add         x7, x5, x6
535 2182 0x00000930 0x006283b3 M   add         x7, x5, x6
536 2184 0x00000934 0x006283b3 M   add         x7, x5, x6
537 2186 0x00000938 0x006283b3 M   add         x7, x5, x6
538 2188 0x0000093c 0x006283b3 M   add         x7, x5, x6
539 2202 0x00000940 0x006283b3 M   add         x7, x5, x6
540 2204 0x00000944 0x006283b3 M   add         x7, x5, x6
541 2206 0x00000948 0x006283b3 M   add         x7, x5, x6
542 2208 0x0000094c 0x006283b3 M   add         x7, x5, x6
543 2210 0x00000950 0x006283b3 M   add         x7, x5, x6
544 2212 0x00000954 0x006283b3 M   add         x7, x5, x6
545 2214 0x00000958 0x006283b3 M   add         x7, x5, x6
546 2216 0x0000095c 0x006283b3 M   add         x7, x5, x6
547 2230 0x00000960 0x006283b3 M   add         x7, x5, x6
548 2232 0x00000964 0x006283b3 M   add         x7, x5, x6
549 2234 0x00000968 0x006283b3 M   add         x7, x5, x6
550 2236 0x0000096c 0x006283b3 M   add         x7, x5, x6
551 2238 0x00000970 0x006283b3 M   add         x7, x5, x6
552 2240 0x00000974 0x006283b3 M   add         x7, x5, x6
553 2242 0x00000978 0x006283b3 M   add         x7, x5, x6
554 2244 0x0000097c 0x006283b3 M   add         x7, x5, x6
555 2258 0x00000980 0x006283b3 M   add         x7, x5, x6
556 2260 0x00000984 0x006283b3 M   add         x7, x5, x6
557 2262 0x00000988 0x006283b3 M   add         x7, x5, x6
558 2264 0x0000098c 0x006283b3 M   add         x7, x5, x6
559 2266 0x00000990 0x006283b3 M   add         x7, x5, x6
560 2268 0x00000994 0x006283b3 M   add         x7, x5, x6
561 2270 0x00000998 0x006283b3 M   add         x7, x5, x6
562 2272 0x0000099c 0x006283b3 M   add         x7, x5, x6
563 2286 0x000009a0 0x006283b3 M   add         x7, x5, x6
564 2288 0x000009a4 0x006283b3 M   add         x7, x5, x6
565 2290 0x000009a8 0x006283b3 M   add         x7, x5, x6
566 2292 0x000009ac 0x006283b3 M   add         x7, x5, x6
567 2294 0x000009b0 0x006283b3 M   add         x7, x5, x6
568 2296 0x000009b4 0x006283b3 M   add         x7, x5, x6
569 2298 0x000009b8 0x006283b3 M   add         x7, x5, x6
570 2300 0x000009bc 0x006283b3 M   add         x7, x5, x6
571 2314 0x000009c0 0x006283b3 M   add         x7, x5, x6
572 2316 0x000009c4 0x006283b3 M   add         x7, x5, x6
573 2318 0x000009c8 0x006283b3 M   add         x7, x5, x6
574 2320 0x000009cc 0x006283b3 M   add         x7, x5, x6
575 2322 0x000009d0 0x006283b3 M   add         x7, x5, x6
576 2324 0x000009d4 0x006283b3 M   add         x7, x5, x6
577 2326 0x000009d8 0x006283b3 M   add         x7, x5, x6
578 2328 0x000009dc 0x006283b3 M   add         x7, x5, x6
579 2342 0x000009e0 0x006283b3 M   add         x7, x5, x6
580 2344 0x000009e4 0x006283b3 M   add         x7, x5, x6
581 2346 0x000009e8 0x006283b3 M   add         x7, x5, x6
582 2348 0x000009ec 0x006283b3 M   add         x7, x5, x6
583 2350 0x000009f0 0x006283b3 M   add         x7, x5, x6
584 2352 0x000009f4 0x006283b3 M   add         x7, x5, x6
585 2354 0x000009f8 0x006283b3 M   add         x7, x5, x6
586 2356 0x000009fc 0x006283b3 M   add         x7, x5, x6
587 2370 0x00000a00 0x006283b3 M   add         x7, x5, x6
588 2372 0x00000a04 0x006283b3 M   add         x7, x5, x6
589 2374 0x00000a08 0x006283b3 M   add         x7, x5, x6
590 2376 0x00000a0c 0x006283b3 M   add         x7, x5, x6
591 2378 0x00000a10 0x006283b3 M   add         x7, x5, x6
592 2380 0x00000a14 0x006283b3 M   add         x7, x5, x6
593 2382 0x00000a18 0x006283b3 M   add         x7, x5, x6
594 2384 0x00000a1c 0x006283b3 M   add         x7, x5, x6
595 2398 0x00000a20 0x006283b3 M   add         x7, x5, x6
596 2400 0x00000a24 0x006283b3 M   add         x7, x5, x6
597 2402 0x00000a28 0x006283b3 M   add         x7, x5, x6
598 2404 0x00000a2c 0x006283b3 M   add         x7, x5, x6
599 2406 0x00000a30 0x006283b3 M   add         x7, x5, x6
600 2408 0x00000a34 0x006283b3 M   add         x7, x5, x6
601 2410 0x00000a38 0x006283b3 M   add         x7, x5, x6
602 2412 0x00000a3c 0x006283b3 M   add         x7, x5, x6
603 2426 0x00000a40 0x006283b3 M   add         x7, x5, x6
604 2428 0x00000a44 0x006283b3 M   add         x7, x5, x6
605 2430 0x00000a48 0x006283b3 M   add         x7, x5, x6
606 2432 0x00000a4c 0x006283b3 M   add         x7, x5, x6
607 2434 0x00000a50 0x006283b3 M   add         x7, x5, x6
608 2436 0x00000a54 0x006283b3 M   add         x7, x5, x6
609 2438 0x00000a58 0x006283b3 M   add         x7, x5, x6
610 2440 0x00000a5c 0x006283b3 M   add         x7, x5, x6
611 2454 0x00000a60 0x006283b3 M   add         x7, x5, x6
612 2456 0x00000a64 0x006283b3 M   add         x7, x5, x6
613 2458 0x00000a68 0x006283b3 M   add         x7, x5, x6
614 2460 0x00000a6c 0x006283b3 M   add         x7, x5, x6
615 2462 0x00000a70 0x006283b3 M   add         x7, x5, x6
616 2464 0x00000a74 0x006283b3 M   add         x7, x5, x6
617 2466 0x00000a78 0x006283b3 M   add         x7, x5, x6
618 2468 0x00000a7c 0x006283b3 M   add         x7, x5, x6
619 2482 0x00000a80 0x006283b3 M   add         x7, x5, x6
620 2484 0x00000a84 0x006283b3 M   add         x7, x5, x6
621 2486 0x00000a88 0x006283b3 M   add         x7, x5, x6
622 2488 0x00000a8c 0x006283b3 M   add         x7, x5, x6
623 2490 0x00000a90 0x006283b3 M   add         x7, x5, x6
624 2492 0x00000a94 0x006283b3 M   add         x7, x5, x6
625 2494 0x00000a98 0x006283b3 M   add         x7, x5, x6
626 2496 0x00000a9c 0x006283b3 M   add         x7, x5, x6
627 2510 0x00000aa0 0x006283b3 M   add         x7, x5, x6
628 2512 0x00000aa4 0x006283b3 M   add         x7, x5, x6
629 2514 0x00000aa8 0x006283b3 M   add         x7, x5, x6
630 2516 0x00000aac 0x006283b3 M   add         x7, x5, x6
631 2518 0x00000ab0 0x006283b3 M   add         x7, x5, x6
632 2520 0x00000ab4 0x006283b3 M   add         x7, x5, x6
633 2522 0x00000ab8 0x006283b3 M   add         x7, x5, x6
634 2524 0x00000abc 0x006283b3 M   add         x7, x5, x6
635 2538 0x00000ac0 0x006283b3 M   add         x7, x5, x6
636 2540 0x00000ac4 0x006283b3 M   add         x7, x5, x6
637 2542 0x00000ac8 0x006283b3 M   add         x7, x5, x6
638 2544 0x00000acc 0x006283b3 M   add         x7, x5, x6
639 2546 0x00000ad0 0x006283b3 M   add         x7, x5, x6
640 2548 0x00000ad4 0x006283b3 M   add         x7, x5, x6
641 2550 0x00000ad8 0x006283b3 M   add         x7, x5, x6
642 2552 0x00000adc 0x006283b3 M   add         x7, x5, x6
643 2566 0x00000ae0 0x006283b3 M   add         x7, x5, x6
644 2568 0x00000ae4 0x006283b3 M   add         x7, x5, x6
645 2570 0x00000ae8 0x006283b3 M   add         x7, x5, x6
646 2572 0x00000aec 0x006283b3 M   add         x7, x5, x6
647 2574 0x00000af0 0x006283b3 M   add         x7, x5, x6
648 2576 0x00000af4 0x006283b3 M   add         x7, x5, x6
649 2578 0x00000af8 0x006283b3 M   add         x7, x5, x6
650 2580 0x00000afc 0x006283b3 M   add         x7, x5, x6
651 2594 0x00000b00 0x006283b3 M   add         x7, x5, x6
652 2596 0x00000b04 0x006283b3 M   add         x7, x5, x6
653 2598 0x00000b08 0x006283b3 M   add         x7, x5, x6
654 2600 0x00000b0c 0x006283b3 M   add         x7, x5, x6
655 2602 0x00000b10 0x006283b3 M   add         x7, x5, x6
656 2604 0x00000b14 0x006283b3 M   add         x7, x5, x6
657 2606 0x00000b18 0x006283b3 M   add         x7, x5, x6
658 2608 0x00000b1c 0x006283b3 M   add         x7, x5, x6
659 2622 0x00000b20 0x006283b3 M   add         x7, x5, x6
660 2624 0x00000b24 0x006283b3 M   add         x7, x5, x6
661 2626 0x00000b28 0x006283b3 M   add         x7, x5, x6
662 2628 0x00000b2c 0x006283b3 M   add         x7, x5, x6
663 2630 0x00000b30 0x006283b3 M   add         x7, x5, x6
664 2632 0x00000b34 0x006283b3 M   add         x7, x5, x6
665 2634 0x00000b38 0x006283b3 M   add         x7, x5, x6
666 2636 0x00000b3c 0x006283b3 M   add         x7, x5, x6
667 2650 0x00000b40 0x006283b3 M   add         x7, x5, x6
668 2652 0x00000b44 0x006283b3 M   add         x7, x5, x6
669 2654 0x00000b48 0x006283b3 M   add         x7, x5, x6
670 2656 0x00000b4c 0x006283b3 M   add         x7, x5, x6
671 2658 0x00000b50 0x006283b3 M   add         x7, x5, x6
672 2660 0x00000b54 0x006283b3 M   add         x7, x5, x6
673 2662 0x00000b58 0x006283b3 M   add         x7, x5, x6
674 2664 0x00000b5c 0x006283b3 M   add         x7, x5, x6
675 2678 0x00000b60 0x006283b3 M   add         x7, x5, x6
676 2680 0x00000b64 0x006283b3 M   add         x7, x5, x6
677 2682 0x00000b68 0x006283b3 M   add         x7, x5, x6
678 2684 0x00000b6c 0x006283b3 M   add         x7, x5, x6
679 2686 0x00000b70 0x006283b3 M   add         x7, x5, x6
680 2688 0x00000b74 0x006283b3 M   add         x7, x5, x6
681 2690 0x00000b78 0x006283b3 M   add         x7, x5, x6
682 2692 0x00000b7c 0x006283b3 M   add         x7, x5, x6
683 2706 0x00000b80 0x006283b3 M   add         x7, x5, x6
684 2708 0x00000b84 0x006283b3 M   add         x7, x5, x6
685 2710 0x00000b88 0x006283b3 M   add         x7, x5, x6
686 2712 0x00000b8c 0x006283b3 M   add         x7, x5, x6
687 2714 0x00000b90 0x006283b3 M   add         x7, x5, x6
688 2716 0x00000b94 0x006283b3 M   add         x7, x5, x6
689 2718 0x00000b98 0x006283b3 M   add         x7, x5, x6
690 2720 0x00000b9c 0x006283b3 M   add         x7, x5, x6
691 2734 0x00000ba0 0x006283b3 M   add         x7, x5, x6
692 2736 0x00000ba4 0x006283b3 M   add         x7, x5, x6
693 2738 0x00000ba8 0x006283b3 M   add         x7, x5, x6
694 2740 0x00000bac 0x006283b3 M   add         x7, x5, x6
695 2742 0x00000bb0 0x006283b3 M   add         x7, x5, x6
696 2744 0x00000bb4 0x006283b3 M   add         x7, x5, x6
697 2746 0x00000bb8 0x006283b3 M   add         x7, x5, x6
698 2748 0x00000bbc 0x006283b3 M   add         x7, x5, x6
699 2762 0x00000bc0 0x006283b3 M   add         x7, x5, x6
700 2764 0x00000bc4 0x006283b3 M   add         x7, x5, x6
701 2766 0x00000bc8 0x006283b3 M   add         x7, x5, x6
702 2768 0x00000bcc 0x006283b3 M   add         x7, x5, x6
703 2770 0x00000bd0 0x006283b3 M   add         x7, x5, x6
704 2772 0x00000bd4 0x006283b3 M   add         x7, x5, x6
705 2774 0x00000bd8 0x006283b3 M   add         x7, x5, x6
706 2776 0x00000bdc 0x006283b3 M   add         x7, x5, x6
707 2790 0x00000be0 0x006283b3 M   add         x7, x5, x6
708 2792 0x00000be4 0x006283b3 M   add         x7, x5, x6
709 2794 0x00000be8 0x006283b3 M   add         x7, x5, x6
710 2796 0x00000bec 0x006283b3 M   add         x7, x5, x6
711 2798 0x00000bf0 0x006283b3 M   add         x7, x5, x6
712 2800 0x00000bf4 0x006283b3 M   add         x7, x5, x6
713 2802 0x00000bf8 0x006283b3 M   add         x7, x5, x6
714 2804 0x00000bfc 0x006283b3 M   add         x7, x5, x6
715 2818 0x00000c00 0x006283b3 M   add         x7, x5, x6
716 2820 0x00000c04 0x006283b3 M   add         x7, x5, x6
717 2822 0x00000c08 0x006283b3 M   add         x7, x5, x6
718 2824 0x00000c0c 0x006283b3 M   add         x7, x5, x6
719 2826 0x00000c10 0x006283b3 M   add         x7, x5, x6
720 2828 0x00000c14 0x006283b3 M   add         x7, x5, x6
721 2830 0x00000c18 0x006283b3 M   add         x7, x5, x6
722 2832 0x00000c1c 0x006283b3 M   add         x7, x5, x6
723 2846 0x00000c20 0x006283b3 M   add         x7, x5, x6
724 2848 0x00000c24 0x006283b3 M   add         x7, x5, x6
725 2850 0x00000c28 0x006283b3 M   add         x7, x5, x6
726 2852 0x00000c2c 0x006283b3 M   add         x7, x5, x6
727 2854 0x00000c30 0x006283b3 M   add         x7, x5, x6
728 2856 0x00000c34 0x006283b3 M   add         x7, x5, x6
729 2858 0x00000c38 0x006283b3 M   add         x7, x5, x6
730 2860 0x00000c3c 0x006283b3 M   add         x7, x5, x6
731 2874 0x00000c40 0x006283b3 M   add         x7, x5, x6
732 2876 0x00000c44 0x006283b3 M   add         x7, x5, x6
733 2878 0x00000c48 0x006283b3 M   add         x7, x5, x6
734 2880 0x00000c4c 0x006283b3 M   add         x7, x5, x6
735 2882 0x00000c50 0x006283b3 M   add         x7, x5, x6
736 2884 0x00000c54 0x006283b3 M   add         x7, x5, x6
737 2886 0x00000c58 0x006283b3 M   add         x7, x5, x6
738 2888 0x00000c5c 0x006283b3 M   add         x7, x5, x6
739 2902 0x00000c60 0x006283b3 M   add         x7, x5, x6
740 2904 0x00000c64 0x006283b3 M   add         x7, x5, x6
741 2906 0x00000c68 0x006283b3 M   add         x7, x5, x6
742 2908 0x00000c6c 0x006283b3 M   add         x7, x5, x6
743 2910 0x00000c70 0x006283b3 M   add         x7, x5, x6
744 2912 0x00000c74 0x006283b3 M   add         x7, x5, x6
745 2914 0x00000c78 0x006283b3 M   add         x7, x5, x6
746 2916 0x00000c7c 0x006283b3 M   add         x7, x5, x6
747 2930 0x00000c80 0x006283b3 M   add         x7, x5, x6
748 2932 0x00000c84 0x006283b3 M   add         x7, x5, x6
749 2934 0x00000c88 0x006283b3 M   add         x7, x5, x6
750 2936 0x00000c8c 0x006283b3 M   add         x7, x5, x6
751 2938 0x00000c90 0x006283b3 M   add         x7, x5, x6
752 2940 0x00000c94 0x006283b3 M   add         x7, x5, x6
753 2942 0x00000c98 0x006283b3 M   add         x7, x5, x6
754 2944 0x00000c9c 0x006283b3 M   add         x7, x5, x6
755 2958 0x00000ca0 0x006283b3 M   add         x7, x5, x6
756 2960 0x00000ca4 0x006283b3 M   add         x7, x5, x6
757 2962 0x00000ca8 0x006283b3 M   add         x7, x5, x6
758 2964 0x00000cac 0x006283b3 M   add         x7, x5, x6
759 2966 0x00000cb0 0x006283b3 M   add         x7, x5, x6
760 2968 0x00000cb4 0x006283b3 M   add         x7, x5, x6
761 2970 0x00000cb8 0x006283b3 M   add         x7, x5, x6
762 2972 0x00000cbc 0x006283b3 M   add         x7, x5, x6
763 2986 0x00000cc0 0x006283b3 M   add         x7, x5, x6
764 2988 0x00000cc4 0x006283b3 M   add         x7, x5, x6
765 2990 0x00000cc8 0x006283b3 M   add         x7, x5, x6
766 2992 0x00000ccc 0x006283b3 M   add         x7, x5, x6
767 2994 0x00000cd0 0x006283b3 M   add         x7, x5, x6
768 2996 0x00000cd4 0x006283b3 M   add         x7, x5, x6
769 2998 0x00000cd8 0x006283b3 M   add         x7, x5, x6
770 3000 0x00000cdc 0x006283b3 M   add         x7, x5, x6
771 3014 0x00000ce0 0x006283b3 M   add         x7, x5, x6
772 3016 0x00000ce4 0x006283b3 M   add         x7, x5, x6
773 3018 0x00000ce8 0x006283b3 M   add         x7, x5, x6
774 3020 0x00000cec 0x006283b3 M   add         x7, x5, x6
775 3022 0x00000cf0 0x006283b3 M   add         x7, x5, x6
776 3024 0x00000cf4 0x006283b3 M   add         x7, x5, x6
777 3026 0x00000cf8 0x006283b3 M   add         x7, x5, x6
778 3028 0x00000cfc 0x006283b3 M   add         x7, x5, x6
779 3042 0x00000d00 0x006283b3 M   add         x7, x5, x6
780 3044 0x00000d04 0x006283b3 M   add         x7, x5, x6
781 3046 0x00000d08 0x006283b3 M   add         x7, x5, x6
782 3048 0x00000d0c 0x006283b3 M   add         x7, x5, x6
783 3050 0x00000d10 0x006283b3 M   add         x7, x5, x6
784 3052 0x00000d14 0x006283b3 M   add         x7, x5, x6
785 3054 0x00000d18 0x006283b3 M   add         x7, x5, x6
786 3056 0x00000d1c 0x006283b3 M   add         x7, x5, x6
787 3070 0x00000d20 0x006283b3 M   add         x7, x5, x6
788 3072 0x00000d24 0x006283b3 M   add         x7, x5, x6
789 3074 0x00000d28 0x006283b3 M   add         x7, x5, x6
790 3076 0x00000d2c 0x006283b3 M   add         x7, x5, x6
791 3078 0x00000d30 0x006283b3 M   add         x7, x5, x6
792 3080 0x00000d34 0x006283b3 M   add         x7, x5, x6
793 3082 0x00000d38 0x006283b3 M   add         x7, x5, x6
794 3084 0x00000d3c 0x006283b3 M   add         x7, x5, x6
795 3098 0x00000d40 0x006283b3 M   add         x7, x5, x6
796 3100 0x00000d44 0x006283b3 M   add         x7, x5, x6
797 3102 0x00000d48 0x006283b3 M   add         x7, x5, x6
798 3104 0x00000d4c 0x006283b3 M   add         x7, x5, x6
799 3106 0x00000d50 0x006283b3 M   add         x7, x5, x6
800 3108 0x00000d54 0x006283b3 M   add         x7, x5, x6
801 3110 0x00000d58 0x006283b3 M   add         x7, x5, x6
802 3112 0x00000d5c 0x006283b3 M   add         x7, x5, x6
803 3126 0x00000d60 0x006283b3 M   add         x7, x5, x6
804 3128 0x00000d64 0x006283b3 M   add         x7, x5, x6
805 3130 0x00000d68 0x006283b3 M   add         x7, x5, x6
806 3132 0x00000d6c 0x006283b3 M   add         x7, x5, x6
807 3134 0x00000d70 0x006283b3 M   add         x7, x5, x6
808 3136 0x00000d74 0x006283b3 M   add         x7, x5, x6
809 3138 0x00000d78 0x006283b3 M   add         x7, x5, x6
810 3140 0x00000d7c 0x006283b3 M   add         x7, x5, x6
811 3154 0x00000d80 0x006283b3 M   add         x7, x5, x6
812 3156 0x00000d84 0x006283b3 M   add         x7, x5, x6
813 3158 0x00000d88 0x006283b3 M   add         x7, x5, x6
814 3160 0x00000d8c 0x006283b3 M   add         x7, x5, x6
815 3162 0x00000d90 0x006283b3 M   add         x7, x5, x6
816 3164 0x00000d94 0x006283b3 M   add         x7, x5, x6
817 3166 0x00000d98 0x006283b3 M   add         x7, x5, x6
818 3168 0x00000d9c 0x006283b3 M   add         x7, x5, x6
819 3182 0x00000da0 0x006283b3 M   add         x7, x5, x6
820 3184 0x00000da4 0x006283b3 M   add         x7, x5, x6
821 3186 0x00000da8 0x006283b3 M   add         x7, x5, x6
822 3188 0x00000dac 0x006283b3 M   add         x7, x5, x6
823 3190 0x00000db0 0x006283b3 M   add         x7, x5, x6
824 3192 0x00000db4 0x006283b3 M   add         x7, x5, x6
825 3194 0x00000db8 0x006283b3 M   add         x7, x5, x6
826 3196 0x00000dbc 0x006283b3 M   add         x7, x5, x6
827 3210 0x00000dc0 0x006283b3 M   add         x7, x5, x6
828 3212 0x00000dc4 0x006283b3 M   add         x7, x5, x6
829 3214 0x00000dc8 0x006283b3 M   add         x7, x5, x6
830 3216 0x00000dcc 0x006283b3 M   add         x7, x5, x6
831 3218 0x00000dd0 0x006283b3 M   add         x7, x5, x6
832 3220 0x00000dd4 0x006283b3 M   add         x7, x5, x6
833 3222 0x00000dd8 0x006283b3 M   add         x7, x5, x6
834 3224 0x00000ddc 0x006283b3 M   add         x7, x5, x6
835 3238 0x00000de0 0x006283b3 M   add         x7, x5, x6
836 3240 0x00000de4 0x006283b3 M   add         x7, x5, x6
837 3242 0x00000de8 0x006283b3 M   add         x7, x5, x6
838 3244 0x00000dec 0x006283b3 M   add         x7, x5, x6
839 3246 0x00000df0 0x006283b3 M   add         x7, x5, x6
840 3248 0x00000df4 0x006283b3 M   add         x7, x5, x6
841 3250 0x00000df8 0x006283b3 M   add         x7, x5, x6
842 3252 0x00000dfc 0x006283b3 M   add         x7, x5, x6
843 3266 0x00000e00 0x006283b3 M   add         x7, x5, x6
844 3268 0x00000e04 0x006283b3 M   add         x7, x5, x6
845 3270 0x00000e08 0x006283b3 M   add         x7, x5, x6
846 3272 0x00000e0c 0x006283b3 M   add         x7, x5, x6
847 3274 0x00000e10 0x006283b3 M   add         x7, x5, x6
848 3276 0x00000e14 0x006283b3 M   add         x7, x5, x6
849 3278 0x00000e18 0x006283b3 M   add         x7, x5, x6
850 3280 0x00000e1c 0x006283b3 M   add         x7, x5, x6
851 3294 0x00000e20 0x006283b3 M   add         x7, x5, x6
852 3296 0x00000e24 0x006283b3 M   add         x7, x5, x6
853 3298 0x00000e28 0x006283b3 M   add         x7, x5, x6
854 3300 0x00000e2c 0x006283b3 M   add         x7, x5, x6
855 3302 0x00000e30 0x006283b3 M   add         x7, x5, x6
856 3304 0x00000e34 0x006283b3 M   add         x7, x5, x6
857 3306 0x00000e38 0x006283b3 M   add         x7, x5, x6
858 3308 0x00000e3c 0x006283b3 M   add         x7, x5, x6
859 3322 0x00000e40 0x006283b3 M   add         x7, x5, x6
860 3324 0x00000e44 0x006283b3 M   add         x7, x5, x6
861 3326 0x00000e48 0x006283b3 M   add         x7, x5, x6
862 3328 0x00000e4c 0x006283b3 M   add         x7, x5, x6
863 3330 0x00000e50 0x006283b3 M   add         x7, x5, x6
864 3332 0x00000e54 0x006283b3 M   add         x7, x5, x6
865 3334 0x00000e58 0x006283b3 M   add         x7, x5, x6
866 3336 0x00000e5c 0x006283b3 M   add         x7, x5, x6
867 3350 0x00000e60 0x006283b3 M   add         x7, x5, x6
868 3352 0x00000e64 0x006283b3 M   add         x7, x5, x6
869 3354 0x00000e68 0x006283b3 M   add         x7, x5, x6
870 3356 0x00000e6c 0x006283b3 M   add         x7, x5, x6
871 3358 0x00000e70 0x006283b3 M   add         x7, x5, x6
872 3360 0x00000e74 0x006283b3 M   add         x7, x5, x6
873 3362 0x00000e78 0x006283b3 M   add         x7, x5, x6
874 3364 0x00000e7c 0x006283b3 M   add         x7, x5, x6
875 3378 0x00000e80 0x006283b3 M   add         x7, x5, x6
876 3380 0x00000e84 0x006283b3 M   add         x7, x5, x6
877 3382 0x00000e88 0x006283b3 M   add         x7, x5, x6
878 3384 0x00000e8c 0x006283b3 M   add         x7, x5, x6
879 3386 0x00000e90 0x006283b3 M   add         x7, x5, x6
880 3388 0x00000e94 0x006283b3 M   add         x7, x5, x6
881 3390 0x00000e98 0x006283b3 M   add         x7, x5, x6
882 3392 0x00000e9c 0x006283b3 M   add         x7, x5, x6
883 3406 0x00000ea0 0x006283b3 M   add         x7, x5, x6
884 3408 0x00000ea4 0x006283b3 M   add         x7, x5, x6
885 3410 0x00000ea8 0x006283b3 M   add         x7, x5, x6
886 3412 0x00000eac 0x006283b3 M   add         x7, x5, x6
887 3414 0x00000eb0 0x006283b3 M   add         x7, x5, x6
888 3416 0x00000eb4 0x006283b3 M   add         x7, x5, x6
889 3418 0x00000eb8 0x006283b3 M   add         x7, x5, x6
890 3420 0x00000ebc 0x006283b3 M   add         x7, x5, x6
891 3434 0x00000ec0 0x006283b3 M   add         x7, x5, x6
892 3436 0x00000ec4 0x006283b3 M   add         x7, x5, x6
893 3438 0x00000ec8 0x006283b3 M   add         x7, x5, x6
894 3440 0x00000ecc 0x006283b3 M   add         x7, x5, x6
895 3442 0x00000ed0 0x006283b3 M   add         x7, x5, x6
896 3444 0x00000ed4 0x006283b3 M   add         x7, x5, x6
897 3446 0x00000ed8 0x006283b3 M   add         x7, x5, x6
898 3448 0x00000edc 0x006283b3 M   add         x7, x5, x6
899 3462 0x00000ee0 0x006283b3 M   add         x7, x5, x6
900 3464 0x00000ee4 0x006283b3 M   add         x7, x5, x6
901 3466 0x00000ee8 0x006283b3 M   add         x7, x5, x6
902 3468 0x00000eec 0x006283b3 M   add         x7, x5, x6
903 3470 0x00000ef0 0x006283b3 M   add         x7, x5, x6
904 3472 0x00000ef4 0x006283b3 M   add         x7, x5, x6
905 3474 0x00000ef8 0x006283b3 M   add         x7, x5, x6
906 3476 0x00000efc 0x006283b3 M   add         x7, x5, x6
907 3490 0x00000f00 0x006283b3 M   add         x7, x5, x6
908 3492 0x00000f04 0x006283b3 M   add         x7, x5, x6
909 3494 0x00000f08 0x006283b3 M   add         x7, x5, x6
910 3496 0x00000f0c 0x006283b3 M   add         x7, x5, x6
911 3498 0x00000f10 0x006283b3 M   add         x7, x5, x6
912 3500 0x00000f14 0x006283b3 M   add         x7, x5, x6
913 3502 0x00000f18 0x006283b3 M   add         x7, x5, x6
914 3504 0x00000f1c 0x006283b3 M   add         x7, x5, x6
915 3518 0x00000f20 0x006283b3 M   add         x7, x5, x6
916 3520 0x00000f24 0x006283b3 M   add         x7, x5, x6
917 3522 0x00000f28 0x006283b3 M   add         x7, x5, x6
918 3524 0x00000f2c 0x006283b3 M   add         x7, x5, x6
919 3526 0x00000f30 0x006283b3 M   add         x7, x5, x6
920 3528 0x00000f34 0x006283b3 M   add         x7, x5, x6
921 3530 0x00000f38 0x006283b3 M   add         x7, x5, x6
922 3532 0x00000f3c 0x006283b3 M   add         x7, x5, x6
923 3546 0x00000f40 0x006283b3 M   add         x7, x5, x6
924 3548 0x00000f44 0x006283b3 M   add         x7, x5, x6
925 3550 0x00000f48 0x006283b3 M   add         x7, x5, x6
926 3552 0x00000f4c 0x006283b3 M   add         x7, x5, x6
927 3554 0x00000f50 0x006283b3 M   add         x7, x5, x6
928 3556 0x00000f54 0x006283b3 M   add         x7, x5, x6
929 3558 0x00000f58 0x006283b3 M   add         x7, x5, x6
930 3560 0x00000f5c 0x006283b3 M   add         x7, x5, x6
931 3574 0x00000f60 0x006283b3 M   add         x7, x5, x6
932 3576 0x00000f64 0x006283b3 M   add         x7, x5, x6
933 3578 0x00000f68 0x006283b3 M   add         x7, x5, x6
934 3580 0x00000f6c 0x006283b3 M   add         x7, x5, x6
935 3582 0x00000f70 0x006283b3 M   add         x7, x5, x6
936 3584 0x00000f74 0x006283b3 M   add         x7, x5, x6
937 3586 0x00000f78 0x006283b3 M   add         x7, x5, x6
938 3588 0x00000f7c 0x006283b3 M   add         x7, x5, x6
939 3602 0x00000f80 0x006283b3 M   add         x7, x5, x6
940 3604 0x00000f84 0x006283b3 M   add         x7, x5, x6
941 3606 0x00000f88 0x006283b3 M   add         x7, x5, x6
942 3608 0x00000f8c 0x006283b3 M   add         x7, x5, x6
943 3610 0x00000f90 0x006283b3 M   add         x7, x5, x6
944 3612 0x00000f94 0x006283b3 M   add         x7, x5, x6
945 3614 0x00000f98 0x006283b3 M   add         x7, x5, x6
946 3616 0x00000f9c 0x006283b3 M   add         x7, x5, x6
947 3630 0x00000fa0 0x006283b3 M   add         x7, x5, x6
948 3632 0x00000fa4 0x006283b3 M   add         x7, x5, x6
949 3634 0x00000fa8 0x006283b3 M   add         x7, x5, x6
950 3636 0x00000fac 0x006283b3 M   add         x7, x5, x6
951 3638 0x00000fb0 0x006283b3 M   add         x7, x5, x6
952 3640 0x00000fb4 0x006283b3 M   add         x7, x5, x6
953 3642 0x00000fb8 0x006283b3 M   add         x7, x5, x6
954 3644 0x00000fbc 0x006283b3 M   add         x7, x5, x6
955 3658 0x00000fc0 0x006283b3 M   add         x7, x5, x6
956 3660 0x00000fc4 0x006283b3 M   add         x7, x5, x6
957 3662 0x00000fc8 0x006283b3 M   add         x7, x5, x6
958 3664 0x00000fcc 0x006283b3 M   add         x7, x5, x6
959 3666 0x00000fd0 0x006283b3 M   add         x7, x5, x6
960 3668 0x00000fd4 0x006283b3 M   add         x7, x5, x6
961 3670 0x00000fd8 0x006283b3 M   add         x7, x5, x6
962 3672 0x00000fdc 0x006283b3 M   add         x7, x5, x6
963 3686 0x00000fe0 0x006283b3 M   add         x7, x5, x6
964 3688 0x00000fe4 0x006283b3 M   add         x7, x5, x6
965 3690 0x00000fe8 0x006283b3 M   add         x7, x5, x6
966 3692 0x00000fec 0x006283b3 M   add         x7, x5, x6
967 3694 0x00000ff0 0x006283b3 M   add         x7, x5, x6
968 3696 0x00000ff4 0x006283b3 M   add         x7, x5, x6
969 3698 0x00000ff8 0x006283b3 M   add         x7, x5, x6
970 3700 0x00000ffc 0x006283b3 M   add         x7, x5, x6
971 3714 0x00001000 0x006283b3 M   add         x7, x5, x6
972 3716 0x00001004 0x006283b3 M   add         x7, x5, x6
973 3718 0x00001008 0x006283b3 M   add         x7, x5, x6
974 3720 0x0000100c 0x006283b3 M   add         x7, x5, x6
975 3722 0x00001010 0x006283b3 M   add         x7, x5, x6
976 3724 0x00001014 0x006283b3 M   add         x7, x5, x6
977 3726 0x00001018 0x006283b3 M   add         x7, x5, x6
978 3728 0x0000101c 0x006283b3 M   add         x7, x5, x6
979 3742 0x00001020 0x006283b3 M   add         x7, x5, x6
980 3744 0x00001024 0x006283b3 M   add         x7, x5, x6
981 3746 0x00001028 0x006283b3 M   add         x7, x5, x6
982 3748 0x0000102c 0x006283b3 M   add         x7, x5, x6
983 3750 0x00001030 0x006283b3 M   add         x7, x5, x6
984 3752 0x00001034 0x006283b3 M   add         x7, x5, x6
985 3754 0x00001038 0x006283b3 M   add         x7, x5, x6
986 3756 0x0000103c 0x006283b3 M   add         x7, x5, x6
987 3770 0x00001040 0x006283b3 M   add         x7, x5, x6
988 3772 0x00001044 0x006283b3 M   add         x7, x5, x6
989 3774 0x00001048 0x006283b3 M   add         x7, x5, x6
990 3776 0x0000104c 0x006283b3 M   add         x7, x5, x6
991 3778 0x00001050 0x006283b3 M   add         x7, x5, x6
992 3780 0x00001054 0x006283b3 M   add         x7, x5, x6
993 3782 0x00001058 0x006283b3 M   add         x7, x5, x6
994 3784 0x0000105c 0x006283b3 M   add         x7, x5, x6
995 3798 0x00001060 0x006283b3 M   add         x7, x5, x6
996 3800 0x00001064 0x006283b3 M   add         x7, x5, x6
997 3802 0x00001068 0x006283b3 M   add         x7, x5, x6
998 3804 0x0000106c 0x006283b3 M   add         x7, x5, x6
999 3806 0x00001070 0x006283b3 M   add         x7, x5, x6
1000 3808 0x00001074 0x006283b3 M   add         x7, x5, x6
1001 3810 0x00001078 0x006283b3 M   add         x7, x5, x6
1002 3812 0x0000107c 0x006283b3 M   add         x7, x5, x6
1003 3826 0x00001080 0x006283b3 M   add         x7, x5, x6
1004 3828 0x00001084 0x006283b3 M   add         x7, x5, x6
1005 3830 0x00001088 0x006283b3 M   add         x7, x5, x6
1006 3832 0x0000108c 0x006283b3 M   add         x7, x5, x6
1007 3834 0x00001090 0x006283b3 M   add         x7, x5, x6
1008 3836 0x00001094 0x006283b3 M   add         x7, x5, x6
1009 3838 0x00001098 0x006283b3 M   add         x7, x5, x6
1010 3840 0x0000109c 0x006283b3 M   add         x7, x5, x6
1011 3854 0x000010a0 0x006283b3 M   add         x7, x5, x6
1012 3856 0x000010a4 0x006283b3 M   add         x7, x5, x6
1013 3858 0x000010a8 0x006283b3 M   add         x7, x5, x6
1014 3860 0x000010ac 0x006283b3 M   add         x7, x5, x6
1015 3862 0x000010b0 0x006283b3 M   add         x7, x5, x6
1016 3864 0x000010b4 0x006283b3 M   add         x7, x5, x6
1017 3866 0x000010b8 0x006283b3 M   add         x7, x5, x6
1018 3868 0x000010bc 0x006283b3 M   add         x7, x5, x6
1019 3882 0x000010c0 0x006283b3 M   add         x7, x5, x6
1020 3884 0x000010c4 0x006283b3 M   add         x7, x5, x6
1021 3886 0x000010c8 0x006283b3 M   add         x7, x5, x6
1022 3888 0x000010cc 0x006283b3 M   add         x7, x5, x6
1023 3890 0x000010d0 0x006283b3 M   add         x7, x5, x6
1024 3892 0x000010d4 0x006283b3 M   add         x7, x5, x6
1025 3894 0x000010d8 0x006283b3 M   add         x7, x5, x6
1026 3896 0x000010dc 0x006283b3 M   add         x7, x5, x6
1027 3910 0x000010e0 0x006283b3 M   add         x7, x5, x6
1028 3912 0x000010e4 0x006283b3 M   add         x7, x5, x6
1029 3914 0x000010e8 0x006283b3 M   add         x7, x5, x6
1030 3916 0x000010ec 0x006283b3 M   add         x7, x5, x6
1031 3918 0x000010f0 0x006283b3 M   add         x7, x5, x6
1032 3920 0x000010f4 0x006283b3 M   add         x7, x5, x6
1033 3922 0x000010f8 0x006283b3 M   add         x7, x5, x6
1034 3924 0x000010fc 0x006283b3 M   add         x7, x5, x6
1035 3938 0x00001100 0x006283b3 M   add         x7, x5, x6
1036 3940 0x00001104 0x006283b3 M   add         x7, x5, x6
1037 3942 0x00001108 0x006283b3 M   add         x7, x5, x6
1038 3944 0x0000110c 0x006283b3 M   add         x7, x5, x6
1039 3946 0x00001110 0x006283b3 M   add         x7, x5, x6
1040 3948 0x00001114 0x006283b3 M   add         x7, x5, x6
1041 3950 0x00001118 0x006283b3 M   add         x7, x5, x6
1042 3952 0x0000111c 0x006283b3 M   add         x7, x5, x6
1043 3966 0x00001120 0x006283b3 M   add         x7, x5, x6
1044 3968 0x00001124 0x006283b3 M   add         x7, x5, x6
1045 3970 0x00001128 0x006283b3 M   add         x7, x5, x6
1046 3972 0x0000112c 0x006283b3 M   add         x7, x5, x6
1047 3974 0x00001130 0x006283b3 M   add         x7, x5, x6
1048 3976 0x00001134 0x006283b3 M   add         x7, x5, x6
1049 3978 0x00001138 0x006283b3 M   add         x7, x5, x6
1050 3980 0x0000113c 0x006283b3 M   add         x7, x5, x6
1051 3994 0x00001140 0x006283b3 M   add         x7, x5, x6
1052 3996 0x00001144 0x006283b3 M   add         x7, x5, x6
1053 3998 0x00001148 0x006283b3 M   add         x7, x5, x6
1054 4000 0x0000114c 0x006283b3 M   add         x7, x5, x6
1055 4002 0x00001150 0x006283b3 M   add         x7, x5, x6
1056 4004 0x00001154 0x006283b3 M   add         x7, x5, x6
1057 4006 0x00001158 0x006283b3 M   add         x7, x5, x6
1058 4008 0x0000115c 0x006283b3 M   add         x7, x5, x6
1059 4022 0x00001160 0x006283b3 M   add         x7, x5, x6
1060 4024 0x00001164 0x006283b3 M   add         x7, x5, x6
1061 4026 0x00001168 0x006283b3 M   add         x7, x5, x6
1062 4029 0x0000116c 0xc00024f3 M   csrrs       x9, cycle, x0
1063 4031 0x00001170 0x40848933 M   sub         x18, x9, x8
1064 4033 0x00001174 0x00000513 M   addi        x10, x0, 0
1065 4036 0x00001178 0x00008067 M   jalr        x0, 0(x1)
1066 4066 0x00000160 0x30047073 M   csrrci      x0, mstatus, 8
1067 4069 0x00000164 0x30401073 M   csrrw       x0, mie, x0
1068 4071 0x00000168 0x00000597 M   auipc       x11, 0x00000000
1069 4073 0x0000016c 0x05058593 M   addi        x11, x11, 80
1070 4076 0x00000170 0x30559073 M   csrrw       x0, mtvec, x11
1071 4079 0x00000174 0x34051073 M   csrrw       x0, mscratch, x10
1072 4082 0x00000178 0xf1402473 M   csrrs       x8, mhartid, x0
1073 4085 0x0000017c 0x02041463 M   bne         x8, x0, 40
1074 4096 0x00000180 0x00001417 M   auipc       x8, 0x00001000
1075 4098 0x00000184 0xffc40413 M   addi        x8, x8, -4
1076 4100 0x00000188 0x00001497 M   auipc       x9, 0x00001000
1077 4102 0x0000018c 0xff448493 M   addi        x9, x9, -12
1078 4105 0x00000190 0x00945a63 M   bge         x8, x9, 20
1079 4124 0x000001a4 0xf1402473 M   csrrs       x8, mhartid, x0
1080 4127 0x000001a8 0x00041463 M   bne         x8, x0, 8
1081 4130 0x000001ac 0x00100073 M   ebreak      
1082 4139 0x000001b8 0x10500073 M   wfi          <TRAP_ENTRY>
