0 30 0x00000000 0xf14020f3 M   csrrs       x1, mhartid, x0
1 32 0x00000004 0x80002217 M   auipc       x4, 0x80002000
2 34 0x00000008 0xffc20213 M   addi        x4, x4, -4
3 36 0x0000000c 0xff027113 M   andi        x2, x4, -16
4 38 0x00000010 0x80000197 M   auipc       x3, 0x80000000
5 40 0x00000014 0x7f018193 M   addi        x3, x3, 2032
6 42 0x00000018 0x000022b7 M   lui         x5, 0x00002000
7 44 0x0000001c 0x80028293 M   addi        x5, x5, -2048
8 58 0x00000020 0x30029073 M   csrrw       x0, mstatus, x5
9 60 0x00000024 0x00000317 M   auipc       x6, 0x00000000
10 62 0x00000028 0x19430313 M   addi        x6, x6, 404
11 65 0x0000002c 0x30531073 M   csrrw       x0, mtvec, x6
12 68 0x00000030 0x30401073 M   csrrw       x0, mie, x0
13 70 0x00000034 0x00001397 M   auipc       x7, 0x00001000
14 72 0x00000038 0x14c38393 M   addi        x7, x7, 332
15 74 0x0000003c 0x80000417 M   auipc       x8, 0x80000000
16 87 0x00000040 0xfc440413 M   addi        x8, x8, -60
17 89 0x00000044 0x80000497 M   auipc       x9, 0x80000000
18 91 0x00000048 0xfbc48493 M   addi        x9, x9, -68
19 93 0x0000004c 0x80000517 M   auipc       x10, 0x80000000
20 95 0x00000050 0xfb450513 M   addi        x10, x10, -76
21 97 0x00000054 0x80000597 M   auipc       x11, 0x80000000
22 99 0x00000058 0xfac58593 M   addi        x11, x11, -84
23 101 0x0000005c 0x00000613 M   addi        x12, x0, 0
24 115 0x00000060 0x00000693 M   addi        x13, x0, 0
25 117 0x00000064 0x00000713 M   addi        x14, x0, 0
26 119 0x00000068 0x00000793 M   addi        x15, x0, 0
27 121 0x0000006c 0x00000813 M   addi        x16, x0, 0
28 123 0x00000070 0x00000893 M   addi        x17, x0, 0
29 125 0x00000074 0x00000913 M   addi        x18, x0, 0
30 127 0x00000078 0x00000993 M   addi        x19, x0, 0
31 129 0x0000007c 0x00000a13 M   addi        x20, x0, 0
32 143 0x00000080 0x00000a93 M   addi        x21, x0, 0
33 145 0x00000084 0x00000b13 M   addi        x22, x0, 0
34 147 0x00000088 0x00000b93 M   addi        x23, x0, 0
35 149 0x0000008c 0x00000c13 M   addi        x24, x0, 0
36 151 0x00000090 0x00000c93 M   addi        x25, x0, 0
37 153 0x00000094 0x00000d13 M   addi        x26, x0, 0
38 155 0x00000098 0x00000d93 M   addi        x27, x0, 0
39 157 0x0000009c 0x00000e13 M   addi        x28, x0, 0
40 171 0x000000a0 0x00000e93 M   addi        x29, x0, 0
41 173 0x000000a4 0x00000f13 M   addi        x30, x0, 0
42 175 0x000000a8 0x00000f93 M   addi        x31, x0, 0
43 178 0x000000ac 0x04008463 M   beq         x1, x0, 72
44 200 0x000000f4 0x00838e63 M   beq         x7, x8, 28
45 203 0x000000f8 0x00945c63 M   bge         x8, x9, 24
46 221 0x00000110 0x00b55863 M   bge         x10, x11, 16
47 239 0x00000120 0x00001417 M   auipc       x8, 0x00001000
48 241 0x00000124 0x06040413 M   addi        x8, x8, 96
49 243 0x00000128 0x00001497 M   auipc       x9, 0x00001000
50 245 0x0000012c 0x05848493 M   addi        x9, x9, 88
51 248 0x00000130 0x00945a63 M   bge         x8, x9, 20
52 266 0x00000144 0x00000617 M   auipc       x12, 0x00000000
53 268 0x00000148 0x07c60613 M   addi        x12, x12, 124
54 271 0x0000014c 0x0ff0000f M   fence       
55 278 0x00000150 0x0000100f M   fence.i     
56 489 0x00000154 0x00000513 M   addi        x10, x0, 0
57 491 0x00000158 0x00000593 M   addi        x11, x0, 0
58 494 0x0000015c 0x000600e7 M   jalr        x1, 0(x12)
59 522 0x000001c0 0x123452b7 M   lui         x5, 0x12345000
60 524 0x000001c4 0x67828293 M   addi        x5, x5, 1656
61 526 0x000001c8 0x01100313 M   addi        x6, x0, 17
62 529 0x000001cc 0xc0002473 M   csrrs       x8, cycle, x0
63 564 0x000001d0 0x0262c2b3 M   div         x5, x5, x6
64 599 0x000001d4 0x0262c2b3 M   div         x5, x5, x6
65 634 0x000001d8 0x0262c2b3 M   div         x5, x5, x6
66 669 0x000001dc 0x0262c2b3 M   div         x5, x5, x6
67 704 0x000001e0 0x0262c2b3 M   div         x5, x5, x6
68 739 0x000001e4 0x0262c2b3 M   div         x5, x5, x6
69 774 0x000001e8 0x0262c2b3 M   div         x5, x5, x6
70 809 0x000001ec 0x0262c2b3 M   div         x5, x5, x6
71 844 0x000001f0 0x0262c2b3 M   div         x5, x5, x6
72 879 0x000001f4 0x0262c2b3 M   div         x5, x5, x6
73 914 0x000001f8 0x0262c2b3 M   div         x5, x5, x6
74 949 0x000001fc 0x0262c2b3 M   div         x5, x5, x6
75 984 0x00000200 0x0262c2b3 M   div         x5, x5, x6
76 1019 0x00000204 0x0262c2b3 M   div         x5, x5, x6
77 1054 0x00000208 0x0262c2b3 M   div         x5, x5, x6
78 1089 0x0000020c 0x0262c2b3 M   div         x5, x5, x6
79 1124 0x00000210 0x0262c2b3 M   div         x5, x5, x6
80 1159 0x00000214 0x0262c2b3 M   div         x5, x5, x6
81 1194 0x00000218 0x0262c2b3 M   div         x5, x5, x6
82 1229 0x0000021c 0x0262c2b3 M   div         x5, x5, x6
83 1264 0x00000220 0x0262c2b3 M   div         x5, x5, x6
84 1299 0x00000224 0x0262c2b3 M   div         x5, x5, x6
85 1334 0x00000228 0x0262c2b3 M   div         x5, x5, x6
86 1369 0x0000022c 0x0262c2b3 M   div         x5, x5, x6
87 1404 0x00000230 0x0262c2b3 M   div         x5, x5, x6
88 1439 0x00000234 0x0262c2b3 M   div         x5, x5, x6
89 1474 0x00000238 0x0262c2b3 M   div         x5, x5, x6
90 1509 0x0000023c 0x0262c2b3 M   div         x5, x5, x6
91 1544 0x00000240 0x0262c2b3 M   div         x5, x5, x6
92 1579 0x00000244 0x0262c2b3 M   div         x5, x5, x6
93 1614 0x00000248 0x0262c2b3 M   div         x5, x5, x6
94 1649 0x0000024c 0x0262c2b3 M   div         x5, x5, x6
95 1684 0x00000250 0x0262c2b3 M   div         x5, x5, x6
96 1719 0x00000254 0x0262c2b3 M   div         x5, x5, x6
97 1754 0x00000258 0x0262c2b3 M   div         x5, x5, x6
98 1789 0x0000025c 0x0262c2b3 M   div         x5, x5, x6
99 1824 0x00000260 0x0262c2b3 M   div         x5, x5, x6
100 1859 0x00000264 0x0262c2b3 M   div         x5, x5, x6
101 1894 0x00000268 0x0262c2b3 M   div         x5, x5, x6
102 1929 0x0000026c 0x0262c2b3 M   div         x5, x5, x6
103 1964 0x00000270 0x0262c2b3 M   div         x5, x5, x6
104 1999 0x00000274 0x0262c2b3 M   div         x5, x5, x6
105 2034 0x00000278 0x0262c2b3 M   div         x5, x5, x6
106 2069 0x0000027c 0x0262c2b3 M   div         x5, x5, x6
107 2104 0x00000280 0x0262c2b3 M   div         x5, x5, x6
108 2139 0x00000284 0x0262c2b3 M   div         x5, x5, x6
109 2174 0x00000288 0x0262c2b3 M   div         x5, x5, x6
110 2209 0x0000028c 0x0262c2b3 M   div         x5, x5, x6
111 2244 0x00000290 0x0262c2b3 M   div         x5, x5, x6
112 2279 0x00000294 0x0262c2b3 M   div         x5, x5, x6
113 2314 0x00000298 0x0262c2b3 M   div         x5, x5, x6
114 2349 0x0000029c 0x0262c2b3 M   div         x5, x5, x6
115 2384 0x000002a0 0x0262c2b3 M   div         x5, x5, x6
116 2419 0x000002a4 0x0262c2b3 M   div         x5, x5, x6
117 2454 0x000002a8 0x0262c2b3 M   div         x5, x5, x6
118 2489 0x000002ac 0x0262c2b3 M   div         x5, x5, x6
119 2524 0x000002b0 0x0262c2b3 M   div         x5, x5, x6
120 2559 0x000002b4 0x0262c2b3 M   div         x5, x5, x6
121 2594 0x000002b8 0x0262c2b3 M   div         x5, x5, x6
122 2629 0x000002bc 0x0262c2b3 M   div         x5, x5, x6
123 2664 0x000002c0 0x0262c2b3 M   div         x5, x5, x6
124 2699 0x000002c4 0x0262c2b3 M   div         x5, x5, x6
125 2734 0x000002c8 0x0262c2b3 M   div         x5, x5, x6
126 2769 0x000002cc 0x0262c2b3 M   div         x5, x5, x6
127 2804 0x000002d0 0x0262c2b3 M   div         x5, x5, x6
128 2839 0x000002d4 0x0262c2b3 M   div         x5, x5, x6
129 2874 0x000002d8 0x0262c2b3 M   div         x5, x5, x6
130 2909 0x000002dc 0x0262c2b3 M   div         x5, x5, x6
131 2944 0x000002e0 0x0262c2b3 M   div         x5, x5, x6
132 2979 0x000002e4 0x0262c2b3 M   div         x5, x5, x6
133 3014 0x000002e8 0x0262c2b3 M   div         x5, x5, x6
134 3049 0x000002ec 0x0262c2b3 M   div         x5, x5, x6
135 3084 0x000002f0 0x0262c2b3 M   div         x5, x5, x6
136 3119 0x000002f4 0x0262c2b3 M   div         x5, x5, x6
137 3154 0x000002f8 0x0262c2b3 M   div         x5, x5, x6
138 3189 0x000002fc 0x0262c2b3 M   div         x5, x5, x6
139 3224 0x00000300 0x0262c2b3 M   div         x5, x5, x6
140 3259 0x00000304 0x0262c2b3 M   div         x5, x5, x6
141 3294 0x00000308 0x0262c2b3 M   div         x5, x5, x6
142 3329 0x0000030c 0x0262c2b3 M   div         x5, x5, x6
143 3364 0x00000310 0x0262c2b3 M   div         x5, x5, x6
144 3399 0x00000314 0x0262c2b3 M   div         x5, x5, x6
145 3434 0x00000318 0x0262c2b3 M   div         x5, x5, x6
146 3469 0x0000031c 0x0262c2b3 M   div         x5, x5, x6
147 3504 0x00000320 0x0262c2b3 M   div         x5, x5, x6
148 3539 0x00000324 0x0262c2b3 M   div         x5, x5, x6
149 3574 0x00000328 0x0262c2b3 M   div         x5, x5, x6
150 3609 0x0000032c 0x0262c2b3 M   div         x5, x5, x6
151 3644 0x00000330 0x0262c2b3 M   div         x5, x5, x6
152 3679 0x00000334 0x0262c2b3 M   div         x5, x5, x6
153 3714 0x00000338 0x0262c2b3 M   div         x5, x5, x6
154 3749 0x0000033c 0x0262c2b3 M   div         x5, x5, x6
155 3784 0x00000340 0x0262c2b3 M   div         x5, x5, x6
156 3819 0x00000344 0x0262c2b3 M   div         x5, x5, x6
157 3854 0x00000348 0x0262c2b3 M   div         x5, x5, x6
158 3889 0x0000034c 0x0262c2b3 M   div         x5, x5, x6
159 3924 0x00000350 0x0262c2b3 M   div         x5, x5, x6
160 3959 0x00000354 0x0262c2b3 M   div         x5, x5, x6
161 3994 0x00000358 0x0262c2b3 M   div         x5, x5, x6
162 4029 0x0000035c 0x0262c2b3 M   div         x5, x5, x6
163 4064 0x00000360 0x0262c2b3 M   div         x5, x5, x6
164 4099 0x00000364 0x0262c2b3 M   div         x5, x5, x6
165 4134 0x00000368 0x0262c2b3 M   div         x5, x5, x6
166 4169 0x0000036c 0x0262c2b3 M   div         x5, x5, x6
167 4204 0x00000370 0x0262c2b3 M   div         x5, x5, x6
168 4239 0x00000374 0x0262c2b3 M   div         x5, x5, x6
169 4274 0x00000378 0x0262c2b3 M   div         x5, x5, x6
170 4309 0x0000037c 0x0262c2b3 M   div         x5, x5, x6
171 4344 0x00000380 0x0262c2b3 M   div         x5, x5, x6
172 4379 0x00000384 0x0262c2b3 M   div         x5, x5, x6
173 4414 0x00000388 0x0262c2b3 M   div         x5, x5, x6
174 4449 0x0000038c 0x0262c2b3 M   div         x5, x5, x6
175 4484 0x00000390 0x0262c2b3 M   div         x5, x5, x6
176 4519 0x00000394 0x0262c2b3 M   div         x5, x5, x6
177 4554 0x00000398 0x0262c2b3 M   div         x5, x5, x6
178 4589 0x0000039c 0x0262c2b3 M   div         x5, x5, x6
179 4624 0x000003a0 0x0262c2b3 M   div         x5, x5, x6
180 4659 0x000003a4 0x0262c2b3 M   div         x5, x5, x6
181 4694 0x000003a8 0x0262c2b3 M   div         x5, x5, x6
182 4729 0x000003ac 0x0262c2b3 M   div         x5, x5, x6
183 4764 0x000003b0 0x0262c2b3 M   div         x5, x5, x6
184 4799 0x000003b4 0x0262c2b3 M   div         x5, x5, x6
185 4834 0x000003b8 0x0262c2b3 M   div         x5, x5, x6
186 4869 0x000003bc 0x0262c2b3 M   div         x5, x5, x6
187 4904 0x000003c0 0x0262c2b3 M   div         x5, x5, x6
188 4939 0x000003c4 0x0262c2b3 M   div         x5, x5, x6
189 4974 0x000003c8 0x0262c2b3 M   div         x5, x5, x6
190 5009 0x000003cc 0x0262c2b3 M   div         x5, x5, x6
191 5044 0x000003d0 0x0262c2b3 M   div         x5, x5, x6
192 5079 0x000003d4 0x0262c2b3 M   div         x5, x5, x6
193 5114 0x000003d8 0x0262c2b3 M   div         x5, x5, x6
194 5149 0x000003dc 0x0262c2b3 M   div         x5, x5, x6
195 5184 0x000003e0 0x0262c2b3 M   div         x5, x5, x6
196 5219 0x000003e4 0x0262c2b3 M   div         x5, x5, x6
197 5254 0x000003e8 0x0262c2b3 M   div         x5, x5, x6
198 5289 0x000003ec 0x0262c2b3 M   div         x5, x5, x6
199 5324 0x000003f0 0x0262c2b3 M   div         x5, x5, x6
200 5359 0x000003f4 0x0262c2b3 M   div         x5, x5, x6
201 5394 0x000003f8 0x0262c2b3 M   div         x5, x5, x6
202 5429 0x000003fc 0x0262c2b3 M   div         x5, x5, x6
203 5464 0x00000400 0x0262c2b3 M   div         x5, x5, x6
204 5499 0x00000404 0x0262c2b3 M   div         x5, x5, x6
205 5534 0x00000408 0x0262c2b3 M   div         x5, x5, x6
206 5569 0x0000040c 0x0262c2b3 M   div         x5, x5, x6
207 5604 0x00000410 0x0262c2b3 M   div         x5, x5, x6
208 5639 0x00000414 0x0262c2b3 M   div         x5, x5, x6
209 5674 0x00000418 0x0262c2b3 M   div         x5, x5, x6
210 5709 0x0000041c 0x0262c2b3 M   div         x5, x5, x6
211 5744 0x00000420 0x0262c2b3 M   div         x5, x5, x6
212 5779 0x00000424 0x0262c2b3 M   div         x5, x5, x6
213 5814 0x00000428 0x0262c2b3 M   div         x5, x5, x6
214 5849 0x0000042c 0x0262c2b3 M   div         x5, x5, x6
215 5884 0x00000430 0x0262c2b3 M   div         x5, x5, x6
216 5919 0x00000434 0x0262c2b3 M   div         x5, x5, x6
217 5954 0x00000438 0x0262c2b3 M   div         x5, x5, x6
218 5989 0x0000043c 0x0262c2b3 M   div         x5, x5, x6
219 6024 0x00000440 0x0262c2b3 M   div         x5, x5, x6
220 6059 0x00000444 0x0262c2b3 M   div         x5, x5, x6
221 6094 0x00000448 0x0262c2b3 M   div         x5, x5, x6
222 6129 0x0000044c 0x0262c2b3 M   div         x5, x5, x6
223 6164 0x00000450 0x0262c2b3 M   div         x5, x5, x6
224 6199 0x00000454 0x0262c2b3 M   div         x5, x5, x6
225 6234 0x00000458 0x0262c2b3 M   div         x5, x5, x6
226 6269 0x0000045c 0x0262c2b3 M   div         x5, x5, x6
227 6304 0x00000460 0x0262c2b3 M   div         x5, x5, x6
228 6339 0x00000464 0x0262c2b3 M   div         x5, x5, x6
229 6374 0x00000468 0x0262c2b3 M   div         x5, x5, x6
230 6409 0x0000046c 0x0262c2b3 M   div         x5, x5, x6
231 6444 0x00000470 0x0262c2b3 M   div         x5, x5, x6
232 6479 0x00000474 0x0262c2b3 M   div         x5, x5, x6
233 6514 0x00000478 0x0262c2b3 M   div         x5, x5, x6
234 6549 0x0000047c 0x0262c2b3 M   div         x5, x5, x6
235 6584 0x00000480 0x0262c2b3 M   div         x5, x5, x6
236 6619 0x00000484 0x0262c2b3 M   div         x5, x5, x6
237 6654 0x00000488 0x0262c2b3 M   div         x5, x5, x6
238 6689 0x0000048c 0x0262c2b3 M   div         x5, x5, x6
239 6724 0x00000490 0x0262c2b3 M   div         x5, x5, x6
240 6759 0x00000494 0x0262c2b3 M   div         x5, x5, x6
241 6794 0x00000498 0x0262c2b3 M   div         x5, x5, x6
242 6829 0x0000049c 0x0262c2b3 M   div         x5, x5, x6
243 6864 0x000004a0 0x0262c2b3 M   div         x5, x5, x6
244 6899 0x000004a4 0x0262c2b3 M   div         x5, x5, x6
245 6934 0x000004a8 0x0262c2b3 M   div         x5, x5, x6
246 6969 0x000004ac 0x0262c2b3 M   div         x5, x5, x6
247 7004 0x000004b0 0x0262c2b3 M   div         x5, x5, x6
248 7039 0x000004b4 0x0262c2b3 M   div         x5, x5, x6
249 7074 0x000004b8 0x0262c2b3 M   div         x5, x5, x6
250 7109 0x000004bc 0x0262c2b3 M   div         x5, x5, x6
251 7144 0x000004c0 0x0262c2b3 M   div         x5, x5, x6
252 7179 0x000004c4 0x0262c2b3 M   div         x5, x5, x6
253 7214 0x000004c8 0x0262c2b3 M   div         x5, x5, x6
254 7249 0x000004cc 0x0262c2b3 M   div         x5, x5, x6
255 7284 0x000004d0 0x0262c2b3 M   div         x5, x5, x6
256 7319 0x000004d4 0x0262c2b3 M   div         x5, x5, x6
257 7354 0x000004d8 0x0262c2b3 M   div         x5, x5, x6
258 7389 0x000004dc 0x0262c2b3 M   div         x5, x5, x6
259 7424 0x000004e0 0x0262c2b3 M   div         x5, x5, x6
260 7459 0x000004e4 0x0262c2b3 M   div         x5, x5, x6
261 7494 0x000004e8 0x0262c2b3 M   div         x5, x5, x6
262 7529 0x000004ec 0x0262c2b3 M   div         x5, x5, x6
263 7564 0x000004f0 0x0262c2b3 M   div         x5, x5, x6
264 7599 0x000004f4 0x0262c2b3 M   div         x5, x5, x6
265 7634 0x000004f8 0x0262c2b3 M   div         x5, x5, x6
266 7669 0x000004fc 0x0262c2b3 M   div         x5, x5, x6
267 7704 0x00000500 0x0262c2b3 M   div         x5, x5, x6
268 7739 0x00000504 0x0262c2b3 M   div         x5, x5, x6
269 7774 0x00000508 0x0262c2b3 M   div         x5, x5, x6
270 7809 0x0000050c 0x0262c2b3 M   div         x5, x5, x6
271 7844 0x00000510 0x0262c2b3 M   div         x5, x5, x6
272 7879 0x00000514 0x0262c2b3 M   div         x5, x5, x6
273 7914 0x00000518 0x0262c2b3 M   div         x5, x5, x6
274 7949 0x0000051c 0x0262c2b3 M   div         x5, x5, x6
275 7984 0x00000520 0x0262c2b3 M   div         x5, x5, x6
276 8019 0x00000524 0x0262c2b3 M   div         x5, x5, x6
277 8054 0x00000528 0x0262c2b3 M   div         x5, x5, x6
278 8089 0x0000052c 0x0262c2b3 M   div         x5, x5, x6
279 8124 0x00000530 0x0262c2b3 M   div         x5, x5, x6
280 8159 0x00000534 0x0262c2b3 M   div         x5, x5, x6
281 8194 0x00000538 0x0262c2b3 M   div         x5, x5, x6
282 8229 0x0000053c 0x0262c2b3 M   div         x5, x5, x6
283 8264 0x00000540 0x0262c2b3 M   div         x5, x5, x6
284 8299 0x00000544 0x0262c2b3 M   div         x5, x5, x6
285 8334 0x00000548 0x0262c2b3 M   div         x5, x5, x6
286 8369 0x0000054c 0x0262c2b3 M   div         x5, x5, x6
287 8404 0x00000550 0x0262c2b3 M   div         x5, x5, x6
288 8439 0x00000554 0x0262c2b3 M   div         x5, x5, x6
289 8474 0x00000558 0x0262c2b3 M   div         x5, x5, x6
290 8509 0x0000055c 0x0262c2b3 M   div         x5, x5, x6
291 8544 0x00000560 0x0262c2b3 M   div         x5, x5, x6
292 8579 0x00000564 0x0262c2b3 M   div         x5, x5, x6
293 8614 0x00000568 0x0262c2b3 M   div         x5, x5, x6
294 8649 0x0000056c 0x0262c2b3 M   div         x5, x5, x6
295 8684 0x00000570 0x0262c2b3 M   div         x5, x5, x6
296 8719 0x00000574 0x0262c2b3 M   div         x5, x5, x6
297 8754 0x00000578 0x0262c2b3 M   div         x5, x5, x6
298 8789 0x0000057c 0x0262c2b3 M   div         x5, x5, x6
299 8824 0x00000580 0x0262c2b3 M   div         x5, x5, x6
300 8859 0x00000584 0x0262c2b3 M   div         x5, x5, x6
301 8894 0x00000588 0x0262c2b3 M   div         x5, x5, x6
302 8929 0x0000058c 0x0262c2b3 M   div         x5, x5, x6
303 8964 0x00000590 0x0262c2b3 M   div         x5, x5, x6
304 8999 0x00000594 0x0262c2b3 M   div         x5, x5, x6
305 9034 0x00000598 0x0262c2b3 M   div         x5, x5, x6
306 9069 0x0000059c 0x0262c2b3 M   div         x5, x5, x6
307 9104 0x000005a0 0x0262c2b3 M   div         x5, x5, x6
308 9139 0x000005a4 0x0262c2b3 M   div         x5, x5, x6
309 9174 0x000005a8 0x0262c2b3 M   div         x5, x5, x6
310 9209 0x000005ac 0x0262c2b3 M   div         x5, x5, x6
311 9244 0x000005b0 0x0262c2b3 M   div         x5, x5, x6
312 9279 0x000005b4 0x0262c2b3 M   div         x5, x5, x6
313 9314 0x000005b8 0x0262c2b3 M   div         x5, x5, x6
314 9349 0x000005bc 0x0262c2b3 M   div         x5, x5, x6
315 9384 0x000005c0 0x0262c2b3 M   div         x5, x5, x6
316 9419 0x000005c4 0x0262c2b3 M   div         x5, x5, x6
317 9454 0x000005c8 0x0262c2b3 M   div         x5, x5, x6
318 9489 0x000005cc 0x0262c2b3 M   div         x5, x5, x6
319 9524 0x000005d0 0x0262c2b3 M   div         x5, x5, x6
320 9559 0x000005d4 0x0262c2b3 M   div         x5, x5, x6
321 9594 0x000005d8 0x0262c2b3 M   div         x5, x5, x6
322 9629 0x000005dc 0x0262c2b3 M   div         x5, x5, x6
323 9664 0x000005e0 0x0262c2b3 M   div         x5, x5, x6
324 9699 0x000005e4 0x0262c2b3 M   div         x5, x5, x6
325 9734 0x000005e8 0x0262c2b3 M   div         x5, x5, x6
326 9769 0x000005ec 0x0262c2b3 M   div         x5, x5, x6
327 9804 0x000005f0 0x0262c2b3 M   div         x5, x5, x6
328 9839 0x000005f4 0x0262c2b3 M   div         x5, x5, x6
329 9874 0x000005f8 0x0262c2b3 M   div         x5, x5, x6
330 9909 0x000005fc 0x0262c2b3 M   div         x5, x5, x6
331 9944 0x00000600 0x0262c2b3 M   div         x5, x5, x6
332 9979 0x00000604 0x0262c2b3 M   div         x5, x5, x6
333 10014 0x00000608 0x0262c2b3 M   div         x5, x5, x6
334 10049 0x0000060c 0x0262c2b3 M   div         x5, x5, x6
335 10084 0x00000610 0x0262c2b3 M   div         x5, x5, x6
336 10119 0x00000614 0x0262c2b3 M   div         x5, x5, x6
337 10154 0x00000618 0x0262c2b3 M   div         x5, x5, x6
338 10189 0x0000061c 0x0262c2b3 M   div         x5, x5, x6
339 10224 0x00000620 0x0262c2b3 M   div         x5, x5, x6
340 10259 0x00000624 0x0262c2b3 M   div         x5, x5, x6
341 10294 0x00000628 0x0262c2b3 M   div         x5, x5, x6
342 10329 0x0000062c 0x0262c2b3 M   div         x5, x5, x6
343 10364 0x00000630 0x0262c2b3 M   div         x5, x5, x6
344 10399 0x00000634 0x0262c2b3 M   div         x5, x5, x6
345 10434 0x00000638 0x0262c2b3 M   div         x5, x5, x6
346 10469 0x0000063c 0x0262c2b3 M   div         x5, x5, x6
347 10504 0x00000640 0x0262c2b3 M   div         x5, x5, x6
348 10539 0x00000644 0x0262c2b3 M   div         x5, x5, x6
349 10574 0x00000648 0x0262c2b3 M   div         x5, x5, x6
350 10609 0x0000064c 0x0262c2b3 M   div         x5, x5, x6
351 10644 0x00000650 0x0262c2b3 M   div         x5, x5, x6
352 10679 0x00000654 0x0262c2b3 M   div         x5, x5, x6
353 10714 0x00000658 0x0262c2b3 M   div         x5, x5, x6
354 10749 0x0000065c 0x0262c2b3 M   div         x5, x5, x6
355 10784 0x00000660 0x0262c2b3 M   div         x5, x5, x6
356 10819 0x00000664 0x0262c2b3 M   div         x5, x5, x6
357 10854 0x00000668 0x0262c2b3 M   div         x5, x5, x6
358 10889 0x0000066c 0x0262c2b3 M   div         x5, x5, x6
359 10924 0x00000670 0x0262c2b3 M   div         x5, x5, x6
360 10959 0x00000674 0x0262c2b3 M   div         x5, x5, x6
361 10994 0x00000678 0x0262c2b3 M   div         x5, x5, x6
362 11029 0x0000067c 0x0262c2b3 M   div         x5, x5, x6
363 11064 0x00000680 0x0262c2b3 M   div         x5, x5, x6
364 11099 0x00000684 0x0262c2b3 M   div         x5, x5, x6
365 11134 0x00000688 0x0262c2b3 M   div         x5, x5, x6
366 11169 0x0000068c 0x0262c2b3 M   div         x5, x5, x6
367 11204 0x00000690 0x0262c2b3 M   div         x5, x5, x6
368 11239 0x00000694 0x0262c2b3 M   div         x5, x5, x6
369 11274 0x00000698 0x0262c2b3 M   div         x5, x5, x6
370 11309 0x0000069c 0x0262c2b3 M   div         x5, x5, x6
371 11344 0x000006a0 0x0262c2b3 M   div         x5, x5, x6
372 11379 0x000006a4 0x0262c2b3 M   div         x5, x5, x6
373 11414 0x000006a8 0x0262c2b3 M   div         x5, x5, x6
374 11449 0x000006ac 0x0262c2b3 M   div         x5, x5, x6
375 11484 0x000006b0 0x0262c2b3 M   div         x5, x5, x6
376 11519 0x000006b4 0x0262c2b3 M   div         x5, x5, x6
377 11554 0x000006b8 0x0262c2b3 M   div         x5, x5, x6
378 11589 0x000006bc 0x0262c2b3 M   div         x5, x5, x6
379 11624 0x000006c0 0x0262c2b3 M   div         x5, x5, x6
380 11659 0x000006c4 0x0262c2b3 M   div         x5, x5, x6
381 11694 0x000006c8 0x0262c2b3 M   div         x5, x5, x6
382 11729 0x000006cc 0x0262c2b3 M   div         x5, x5, x6
383 11764 0x000006d0 0x0262c2b3 M   div         x5, x5, x6
384 11799 0x000006d4 0x0262c2b3 M   div         x5, x5, x6
385 11834 0x000006d8 0x0262c2b3 M   div         x5, x5, x6
386 11869 0x000006dc 0x0262c2b3 M   div         x5, x5, x6
387 11904 0x000006e0 0x0262c2b3 M   div         x5, x5, x6
388 11939 0x000006e4 0x0262c2b3 M   div         x5, x5, x6
389 11974 0x000006e8 0x0262c2b3 M   div         x5, x5, x6
390 12009 0x000006ec 0x0262c2b3 M   div         x5, x5, x6
391 12044 0x000006f0 0x0262c2b3 M   div         x5, x5, x6
392 12079 0x000006f4 0x0262c2b3 M   div         x5, x5, x6
393 12114 0x000006f8 0x0262c2b3 M   div         x5, x5, x6
394 12149 0x000006fc 0x0262c2b3 M   div         x5, x5, x6
395 12184 0x00000700 0x0262c2b3 M   div         x5, x5, x6
396 12219 0x00000704 0x0262c2b3 M   div         x5, x5, x6
397 12254 0x00000708 0x0262c2b3 M   div         x5, x5, x6
398 12289 0x0000070c 0x0262c2b3 M   div         x5, x5, x6
399 12324 0x00000710 0x0262c2b3 M   div         x5, x5, x6
400 12359 0x00000714 0x0262c2b3 M   div         x5, x5, x6
401 12394 0x00000718 0x0262c2b3 M   div         x5, x5, x6
402 12429 0x0000071c 0x0262c2b3 M   div         x5, x5, x6
403 12464 0x00000720 0x0262c2b3 M   div         x5, x5, x6
404 12499 0x00000724 0x0262c2b3 M   div         x5, x5, x6
405 12534 0x00000728 0x0262c2b3 M   div         x5, x5, x6
406 12569 0x0000072c 0x0262c2b3 M   div         x5, x5, x6
407 12604 0x00000730 0x0262c2b3 M   div         x5, x5, x6
408 12639 0x00000734 0x0262c2b3 M   div         x5, x5, x6
409 12674 0x00000738 0x0262c2b3 M   div         x5, x5, x6
410 12709 0x0000073c 0x0262c2b3 M   div         x5, x5, x6
411 12744 0x00000740 0x0262c2b3 M   div         x5, x5, x6
412 12779 0x00000744 0x0262c2b3 M   div         x5, x5, x6
413 12814 0x00000748 0x0262c2b3 M   div         x5, x5, x6
414 12849 0x0000074c 0x0262c2b3 M   div         x5, x5, x6
415 12884 0x00000750 0x0262c2b3 M   div         x5, x5, x6
416 12919 0x00000754 0x0262c2b3 M   div         x5, x5, x6
417 12954 0x00000758 0x0262c2b3 M   div         x5, x5, x6
418 12989 0x0000075c 0x0262c2b3 M   div         x5, x5, x6
419 13024 0x00000760 0x0262c2b3 M   div         x5, x5, x6
420 13059 0x00000764 0x0262c2b3 M   div         x5, x5, x6
421 13094 0x00000768 0x0262c2b3 M   div         x5, x5, x6
422 13129 0x0000076c 0x0262c2b3 M   div         x5, x5, x6
423 13164 0x00000770 0x0262c2b3 M   div         x5, x5, x6
424 13199 0x00000774 0x0262c2b3 M   div         x5, x5, x6
425 13234 0x00000778 0x0262c2b3 M   div         x5, x5, x6
426 13269 0x0000077c 0x0262c2b3 M   div         x5, x5, x6
427 13304 0x00000780 0x0262c2b3 M   div         x5, x5, x6
428 13339 0x00000784 0x0262c2b3 M   div         x5, x5, x6
429 13374 0x00000788 0x0262c2b3 M   div         x5, x5, x6
430 13409 0x0000078c 0x0262c2b3 M   div         x5, x5, x6
431 13444 0x00000790 0x0262c2b3 M   div         x5, x5, x6
432 13479 0x00000794 0x0262c2b3 M   div         x5, x5, x6
433 13514 0x00000798 0x0262c2b3 M   div         x5, x5, x6
434 13549 0x0000079c 0x0262c2b3 M   div         x5, x5, x6
435 13584 0x000007a0 0x0262c2b3 M   div         x5, x5, x6
436 13619 0x000007a4 0x0262c2b3 M   div         x5, x5, x6
437 13654 0x000007a8 0x0262c2b3 M   div         x5, x5, x6
438 13689 0x000007ac 0x0262c2b3 M   div         x5, x5, x6
439 13724 0x000007b0 0x0262c2b3 M   div         x5, x5, x6
440 13759 0x000007b4 0x0262c2b3 M   div         x5, x5, x6
441 13794 0x000007b8 0x0262c2b3 M   div         x5, x5, x6
442 13829 0x000007bc 0x0262c2b3 M   div         x5, x5, x6
443 13864 0x000007c0 0x0262c2b3 M   div         x5, x5, x6
444 13899 0x000007c4 0x0262c2b3 M   div         x5, x5, x6
445 13934 0x000007c8 0x0262c2b3 M   div         x5, x5, x6
446 13969 0x000007cc 0x0262c2b3 M   div         x5, x5, x6
447 14004 0x000007d0 0x0262c2b3 M   div         x5, x5, x6
448 14039 0x000007d4 0x0262c2b3 M   div         x5, x5, x6
449 14074 0x000007d8 0x0262c2b3 M   div         x5, x5, x6
450 14109 0x000007dc 0x0262c2b3 M   div         x5, x5, x6
451 14144 0x000007e0 0x0262c2b3 M   div         x5, x5, x6
452 14179 0x000007e4 0x0262c2b3 M   div         x5, x5, x6
453 14214 0x000007e8 0x0262c2b3 M   div         x5, x5, x6
454 14249 0x000007ec 0x0262c2b3 M   div         x5, x5, x6
455 14284 0x000007f0 0x0262c2b3 M   div         x5, x5, x6
456 14319 0x000007f4 0x0262c2b3 M   div         x5, x5, x6
457 14354 0x000007f8 0x0262c2b3 M   div         x5, x5, x6
458 14389 0x000007fc 0x0262c2b3 M   div         x5, x5, x6
459 14424 0x00000800 0x0262c2b3 M   div         x5, x5, x6
460 14459 0x00000804 0x0262c2b3 M   div         x5, x5, x6
461 14494 0x00000808 0x0262c2b3 M   div         x5, x5, x6
462 14529 0x0000080c 0x0262c2b3 M   div         x5, x5, x6
463 14564 0x00000810 0x0262c2b3 M   div         x5, x5, x6
464 14599 0x00000814 0x0262c2b3 M   div         x5, x5, x6
465 14634 0x00000818 0x0262c2b3 M   div         x5, x5, x6
466 14669 0x0000081c 0x0262c2b3 M   div         x5, x5, x6
467 14704 0x00000820 0x0262c2b3 M   div         x5, x5, x6
468 14739 0x00000824 0x0262c2b3 M   div         x5, x5, x6
469 14774 0x00000828 0x0262c2b3 M   div         x5, x5, x6
470 14809 0x0000082c 0x0262c2b3 M   div         x5, x5, x6
471 14844 0x00000830 0x0262c2b3 M   div         x5, x5, x6
472 14879 0x00000834 0x0262c2b3 M   div         x5, x5, x6
473 14914 0x00000838 0x0262c2b3 M   div         x5, x5, x6
474 14949 0x0000083c 0x0262c2b3 M   div         x5, x5, x6
475 14984 0x00000840 0x0262c2b3 M   div         x5, x5, x6
476 15019 0x00000844 0x0262c2b3 M   div         x5, x5, x6
477 15054 0x00000848 0x0262c2b3 M   div         x5, x5, x6
478 15089 0x0000084c 0x0262c2b3 M   div         x5, x5, x6
479 15124 0x00000850 0x0262c2b3 M   div         x5, x5, x6
480 15159 0x00000854 0x0262c2b3 M   div         x5, x5, x6
481 15194 0x00000858 0x0262c2b3 M   div         x5, x5, x6
482 15229 0x0000085c 0x0262c2b3 M   div         x5, x5, x6
483 15264 0x00000860 0x0262c2b3 M   div         x5, x5, x6
484 15299 0x00000864 0x0262c2b3 M   div         x5, x5, x6
485 15334 0x00000868 0x0262c2b3 M   div         x5, x5, x6
486 15369 0x0000086c 0x0262c2b3 M   div         x5, x5, x6
487 15404 0x00000870 0x0262c2b3 M   div         x5, x5, x6
488 15439 0x00000874 0x0262c2b3 M   div         x5, x5, x6
489 15474 0x00000878 0x0262c2b3 M   div         x5, x5, x6
490 15509 0x0000087c 0x0262c2b3 M   div         x5, x5, x6
491 15544 0x00000880 0x0262c2b3 M   div         x5, x5, x6
492 15579 0x00000884 0x0262c2b3 M   div         x5, x5, x6
493 15614 0x00000888 0x0262c2b3 M   div         x5, x5, x6
494 15649 0x0000088c 0x0262c2b3 M   div         x5, x5, x6
495 15684 0x00000890 0x0262c2b3 M   div         x5, x5, x6
496 15719 0x00000894 0x0262c2b3 M   div         x5, x5, x6
497 15754 0x00000898 0x0262c2b3 M   div         x5, x5, x6
498 15789 0x0000089c 0x0262c2b3 M   div         x5, x5, x6
499 15824 0x000008a0 0x0262c2b3 M   div         x5, x5, x6
500 15859 0x000008a4 0x0262c2b3 M   div         x5, x5, x6
501 15894 0x000008a8 0x0262c2b3 M   div         x5, x5, x6
502 15929 0x000008ac 0x0262c2b3 M   div         x5, x5, x6
503 15964 0x000008b0 0x0262c2b3 M   div         x5, x5, x6
504 15999 0x000008b4 0x0262c2b3 M   div         x5, x5, x6
505 16034 0x000008b8 0x0262c2b3 M   div         x5, x5, x6
506 16069 0x000008bc 0x0262c2b3 M   div         x5, x5, x6
507 16104 0x000008c0 0x0262c2b3 M   div         x5, x5, x6
508 16139 0x000008c4 0x0262c2b3 M   div         x5, x5, x6
509 16174 0x000008c8 0x0262c2b3 M   div         x5, x5, x6
510 16209 0x000008cc 0x0262c2b3 M   div         x5, x5, x6
511 16244 0x000008d0 0x0262c2b3 M   div         x5, x5, x6
512 16279 0x000008d4 0x0262c2b3 M   div         x5, x5, x6
513 16314 0x000008d8 0x0262c2b3 M   div         x5, x5, x6
514 16349 0x000008dc 0x0262c2b3 M   div         x5, x5, x6
515 16384 0x000008e0 0x0262c2b3 M   div         x5, x5, x6
516 16419 0x000008e4 0x0262c2b3 M   div         x5, x5, x6
517 16454 0x000008e8 0x0262c2b3 M   div         x5, x5, x6
518 16489 0x000008ec 0x0262c2b3 M   div         x5, x5, x6
519 16524 0x000008f0 0x0262c2b3 M   div         x5, x5, x6
520 16559 0x000008f4 0x0262c2b3 M   div         x5, x5, x6
521 16594 0x000008f8 0x0262c2b3 M   div         x5, x5, x6
522 16629 0x000008fc 0x0262c2b3 M   div         x5, x5, x6
523 16664 0x00000900 0x0262c2b3 M   div         x5, x5, x6
524 16699 0x00000904 0x0262c2b3 M   div         x5, x5, x6
525 16734 0x00000908 0x0262c2b3 M   div         x5, x5, x6
526 16769 0x0000090c 0x0262c2b3 M   div         x5, x5, x6
527 16804 0x00000910 0x0262c2b3 M   div         x5, x5, x6
528 16839 0x00000914 0x0262c2b3 M   div         x5, x5, x6
529 16874 0x00000918 0x0262c2b3 M   div         x5, x5, x6
530 16909 0x0000091c 0x0262c2b3 M   div         x5, x5, x6
531 16944 0x00000920 0x0262c2b3 M   div         x5, x5, x6
532 16979 0x00000924 0x0262c2b3 M   div         x5, x5, x6
533 17014 0x00000928 0x0262c2b3 M   div         x5, x5, x6
534 17049 0x0000092c 0x0262c2b3 M   div         x5, x5, x6
535 17084 0x00000930 0x0262c2b3 M   div         x5, x5, x6
536 17119 0x00000934 0x0262c2b3 M   div         x5, x5, x6
537 17154 0x00000938 0x0262c2b3 M   div         x5, x5, x6
538 17189 0x0000093c 0x0262c2b3 M   div         x5, x5, x6
539 17224 0x00000940 0x0262c2b3 M   div         x5, x5, x6
540 17259 0x00000944 0x0262c2b3 M   div         x5, x5, x6
541 17294 0x00000948 0x0262c2b3 M   div         x5, x5, x6
542 17329 0x0000094c 0x0262c2b3 M   div         x5, x5, x6
543 17364 0x00000950 0x0262c2b3 M   div         x5, x5, x6
544 17399 0x00000954 0x0262c2b3 M   div         x5, x5, x6
545 17434 0x00000958 0x0262c2b3 M   div         x5, x5, x6
546 17469 0x0000095c 0x0262c2b3 M   div         x5, x5, x6
547 17504 0x00000960 0x0262c2b3 M   div         x5, x5, x6
548 17539 0x00000964 0x0262c2b3 M   div         x5, x5, x6
549 17574 0x00000968 0x0262c2b3 M   div         x5, x5, x6
550 17609 0x0000096c 0x0262c2b3 M   div         x5, x5, x6
551 17644 0x00000970 0x0262c2b3 M   div         x5, x5, x6
552 17679 0x00000974 0x0262c2b3 M   div         x5, x5, x6
553 17714 0x00000978 0x0262c2b3 M   div         x5, x5, x6
554 17749 0x0000097c 0x0262c2b3 M   div         x5, x5, x6
555 17784 0x00000980 0x0262c2b3 M   div         x5, x5, x6
556 17819 0x00000984 0x0262c2b3 M   div         x5, x5, x6
557 17854 0x00000988 0x0262c2b3 M   div         x5, x5, x6
558 17889 0x0000098c 0x0262c2b3 M   div         x5, x5, x6
559 17924 0x00000990 0x0262c2b3 M   div         x5, x5, x6
560 17959 0x00000994 0x0262c2b3 M   div         x5, x5, x6
561 17994 0x00000998 0x0262c2b3 M   div         x5, x5, x6
562 18029 0x0000099c 0x0262c2b3 M   div         x5, x5, x6
563 18064 0x000009a0 0x0262c2b3 M   div         x5, x5, x6
564 18099 0x000009a4 0x0262c2b3 M   div         x5, x5, x6
565 18134 0x000009a8 0x0262c2b3 M   div         x5, x5, x6
566 18169 0x000009ac 0x0262c2b3 M   div         x5, x5, x6
567 18204 0x000009b0 0x0262c2b3 M   div         x5, x5, x6
568 18239 0x000009b4 0x0262c2b3 M   div         x5, x5, x6
569 18274 0x000009b8 0x0262c2b3 M   div         x5, x5, x6
570 18309 0x000009bc 0x0262c2b3 M   div         x5, x5, x6
571 18344 0x000009c0 0x0262c2b3 M   div         x5, x5, x6
572 18379 0x000009c4 0x0262c2b3 M   div         x5, x5, x6
573 18414 0x000009c8 0x0262c2b3 M   div         x5, x5, x6
574 18449 0x000009cc 0x0262c2b3 M   div         x5, x5, x6
575 18484 0x000009d0 0x0262c2b3 M   div         x5, x5, x6
576 18519 0x000009d4 0x0262c2b3 M   div         x5, x5, x6
577 18554 0x000009d8 0x0262c2b3 M   div         x5, x5, x6
578 18589 0x000009dc 0x0262c2b3 M   div         x5, x5, x6
579 18624 0x000009e0 0x0262c2b3 M   div         x5, x5, x6
580 18659 0x000009e4 0x0262c2b3 M   div         x5, x5, x6
581 18694 0x000009e8 0x0262c2b3 M   div         x5, x5, x6
582 18729 0x000009ec 0x0262c2b3 M   div         x5, x5, x6
583 18764 0x000009f0 0x0262c2b3 M   div         x5, x5, x6
584 18799 0x000009f4 0x0262c2b3 M   div         x5, x5, x6
585 18834 0x000009f8 0x0262c2b3 M   div         x5, x5, x6
586 18869 0x000009fc 0x0262c2b3 M   div         x5, x5, x6
587 18904 0x00000a00 0x0262c2b3 M   div         x5, x5, x6
588 18939 0x00000a04 0x0262c2b3 M   div         x5, x5, x6
589 18974 0x00000a08 0x0262c2b3 M   div         x5, x5, x6
590 19009 0x00000a0c 0x0262c2b3 M   div         x5, x5, x6
591 19044 0x00000a10 0x0262c2b3 M   div         x5, x5, x6
592 19079 0x00000a14 0x0262c2b3 M   div         x5, x5, x6
593 19114 0x00000a18 0x0262c2b3 M   div         x5, x5, x6
594 19149 0x00000a1c 0x0262c2b3 M   div         x5, x5, x6
595 19184 0x00000a20 0x0262c2b3 M   div         x5, x5, x6
596 19219 0x00000a24 0x0262c2b3 M   div         x5, x5, x6
597 19254 0x00000a28 0x0262c2b3 M   div         x5, x5, x6
598 19289 0x00000a2c 0x0262c2b3 M   div         x5, x5, x6
599 19324 0x00000a30 0x0262c2b3 M   div         x5, x5, x6
600 19359 0x00000a34 0x0262c2b3 M   div         x5, x5, x6
601 19394 0x00000a38 0x0262c2b3 M   div         x5, x5, x6
602 19429 0x00000a3c 0x0262c2b3 M   div         x5, x5, x6
603 19464 0x00000a40 0x0262c2b3 M   div         x5, x5, x6
604 19499 0x00000a44 0x0262c2b3 M   div         x5, x5, x6
605 19534 0x00000a48 0x0262c2b3 M   div         x5, x5, x6
606 19569 0x00000a4c 0x0262c2b3 M   div         x5, x5, x6
607 19604 0x00000a50 0x0262c2b3 M   div         x5, x5, x6
608 19639 0x00000a54 0x0262c2b3 M   div         x5, x5, x6
609 19674 0x00000a58 0x0262c2b3 M   div         x5, x5, x6
610 19709 0x00000a5c 0x0262c2b3 M   div         x5, x5, x6
611 19744 0x00000a60 0x0262c2b3 M   div         x5, x5, x6
612 19779 0x00000a64 0x0262c2b3 M   div         x5, x5, x6
613 19814 0x00000a68 0x0262c2b3 M   div         x5, x5, x6
614 19849 0x00000a6c 0x0262c2b3 M   div         x5, x5, x6
615 19884 0x00000a70 0x0262c2b3 M   div         x5, x5, x6
616 19919 0x00000a74 0x0262c2b3 M   div         x5, x5, x6
617 19954 0x00000a78 0x0262c2b3 M   div         x5, x5, x6
618 19989 0x00000a7c 0x0262c2b3 M   div         x5, x5, x6
619 20024 0x00000a80 0x0262c2b3 M   div         x5, x5, x6
620 20059 0x00000a84 0x0262c2b3 M   div         x5, x5, x6
621 20094 0x00000a88 0x0262c2b3 M   div         x5, x5, x6
622 20129 0x00000a8c 0x0262c2b3 M   div         x5, x5, x6
623 20164 0x00000a90 0x0262c2b3 M   div         x5, x5, x6
624 20199 0x00000a94 0x0262c2b3 M   div         x5, x5, x6
625 20234 0x00000a98 0x0262c2b3 M   div         x5, x5, x6
626 20269 0x00000a9c 0x0262c2b3 M   div         x5, x5, x6
627 20304 0x00000aa0 0x0262c2b3 M   div         x5, x5, x6
628 20339 0x00000aa4 0x0262c2b3 M   div         x5, x5, x6
629 20374 0x00000aa8 0x0262c2b3 M   div         x5, x5, x6
630 20409 0x00000aac 0x0262c2b3 M   div         x5, x5, x6
631 20444 0x00000ab0 0x0262c2b3 M   div         x5, x5, x6
632 20479 0x00000ab4 0x0262c2b3 M   div         x5, x5, x6
633 20514 0x00000ab8 0x0262c2b3 M   div         x5, x5, x6
634 20549 0x00000abc 0x0262c2b3 M   div         x5, x5, x6
635 20584 0x00000ac0 0x0262c2b3 M   div         x5, x5, x6
636 20619 0x00000ac4 0x0262c2b3 M   div         x5, x5, x6
637 20654 0x00000ac8 0x0262c2b3 M   div         x5, x5, x6
638 20689 0x00000acc 0x0262c2b3 M   div         x5, x5, x6
639 20724 0x00000ad0 0x0262c2b3 M   div         x5, x5, x6
640 20759 0x00000ad4 0x0262c2b3 M   div         x5, x5, x6
641 20794 0x00000ad8 0x0262c2b3 M   div         x5, x5, x6
642 20829 0x00000adc 0x0262c2b3 M   div         x5, x5, x6
643 20864 0x00000ae0 0x0262c2b3 M   div         x5, x5, x6
644 20899 0x00000ae4 0x0262c2b3 M   div         x5, x5, x6
645 20934 0x00000ae8 0x0262c2b3 M   div         x5, x5, x6
646 20969 0x00000aec 0x0262c2b3 M   div         x5, x5, x6
647 21004 0x00000af0 0x0262c2b3 M   div         x5, x5, x6
648 21039 0x00000af4 0x0262c2b3 M   div         x5, x5, x6
649 21074 0x00000af8 0x0262c2b3 M   div         x5, x5, x6
650 21109 0x00000afc 0x0262c2b3 M   div         x5, x5, x6
651 21144 0x00000b00 0x0262c2b3 M   div         x5, x5, x6
652 21179 0x00000b04 0x0262c2b3 M   div         x5, x5, x6
653 21214 0x00000b08 0x0262c2b3 M   div         x5, x5, x6
654 21249 0x00000b0c 0x0262c2b3 M   div         x5, x5, x6
655 21284 0x00000b10 0x0262c2b3 M   div         x5, x5, x6
656 21319 0x00000b14 0x0262c2b3 M   div         x5, x5, x6
657 21354 0x00000b18 0x0262c2b3 M   div         x5, x5, x6
658 21389 0x00000b1c 0x0262c2b3 M   div         x5, x5, x6
659 21424 0x00000b20 0x0262c2b3 M   div         x5, x5, x6
660 21459 0x00000b24 0x0262c2b3 M   div         x5, x5, x6
661 21494 0x00000b28 0x0262c2b3 M   div         x5, x5, x6
662 21529 0x00000b2c 0x0262c2b3 M   div         x5, x5, x6
663 21564 0x00000b30 0x0262c2b3 M   div         x5, x5, x6
664 21599 0x00000b34 0x0262c2b3 M   div         x5, x5, x6
665 21634 0x00000b38 0x0262c2b3 M   div         x5, x5, x6
666 21669 0x00000b3c 0x0262c2b3 M   div         x5, x5, x6
667 21704 0x00000b40 0x0262c2b3 M   div         x5, x5, x6
668 21739 0x00000b44 0x0262c2b3 M   div         x5, x5, x6
669 21774 0x00000b48 0x0262c2b3 M   div         x5, x5, x6
670 21809 0x00000b4c 0x0262c2b3 M   div         x5, x5, x6
671 21844 0x00000b50 0x0262c2b3 M   div         x5, x5, x6
672 21879 0x00000b54 0x0262c2b3 M   div         x5, x5, x6
673 21914 0x00000b58 0x0262c2b3 M   div         x5, x5, x6
674 21949 0x00000b5c 0x0262c2b3 M   div         x5, x5, x6
675 21984 0x00000b60 0x0262c2b3 M   div         x5, x5, x6
676 22019 0x00000b64 0x0262c2b3 M   div         x5, x5, x6
677 22054 0x00000b68 0x0262c2b3 M   div         x5, x5, x6
678 22089 0x00000b6c 0x0262c2b3 M   div         x5, x5, x6
679 22124 0x00000b70 0x0262c2b3 M   div         x5, x5, x6
680 22159 0x00000b74 0x0262c2b3 M   div         x5, x5, x6
681 22194 0x00000b78 0x0262c2b3 M   div         x5, x5, x6
682 22229 0x00000b7c 0x0262c2b3 M   div         x5, x5, x6
683 22264 0x00000b80 0x0262c2b3 M   div         x5, x5, x6
684 22299 0x00000b84 0x0262c2b3 M   div         x5, x5, x6
685 22334 0x00000b88 0x0262c2b3 M   div         x5, x5, x6
686 22369 0x00000b8c 0x0262c2b3 M   div         x5, x5, x6
687 22404 0x00000b90 0x0262c2b3 M   div         x5, x5, x6
688 22439 0x00000b94 0x0262c2b3 M   div         x5, x5, x6
689 22474 0x00000b98 0x0262c2b3 M   div         x5, x5, x6
690 22509 0x00000b9c 0x0262c2b3 M   div         x5, x5, x6
691 22544 0x00000ba0 0x0262c2b3 M   div         x5, x5, x6
692 22579 0x00000ba4 0x0262c2b3 M   div         x5, x5, x6
693 22614 0x00000ba8 0x0262c2b3 M   div         x5, x5, x6
694 22649 0x00000bac 0x0262c2b3 M   div         x5, x5, x6
695 22684 0x00000bb0 0x0262c2b3 M   div         x5, x5, x6
696 22719 0x00000bb4 0x0262c2b3 M   div         x5, x5, x6
697 22754 0x00000bb8 0x0262c2b3 M   div         x5, x5, x6
698 22789 0x00000bbc 0x0262c2b3 M   div         x5, x5, x6
699 22824 0x00000bc0 0x0262c2b3 M   div         x5, x5, x6
700 22859 0x00000bc4 0x0262c2b3 M   div         x5, x5, x6
701 22894 0x00000bc8 0x0262c2b3 M   div         x5, x5, x6
702 22929 0x00000bcc 0x0262c2b3 M   div         x5, x5, x6
703 22964 0x00000bd0 0x0262c2b3 M   div         x5, x5, x6
704 22999 0x00000bd4 0x0262c2b3 M   div         x5, x5, x6
705 23034 0x00000bd8 0x0262c2b3 M   div         x5, x5, x6
706 23069 0x00000bdc 0x0262c2b3 M   div         x5, x5, x6
707 23104 0x00000be0 0x0262c2b3 M   div         x5, x5, x6
708 23139 0x00000be4 0x0262c2b3 M   div         x5, x5, x6
709 23174 0x00000be8 0x0262c2b3 M   div         x5, x5, x6
710 23209 0x00000bec 0x0262c2b3 M   div         x5, x5, x6
711 23244 0x00000bf0 0x0262c2b3 M   div         x5, x5, x6
712 23279 0x00000bf4 0x0262c2b3 M   div         x5, x5, x6
713 23314 0x00000bf8 0x0262c2b3 M   div         x5, x5, x6
714 23349 0x00000bfc 0x0262c2b3 M   div         x5, x5, x6
715 23384 0x00000c00 0x0262c2b3 M   div         x5, x5, x6
716 23419 0x00000c04 0x0262c2b3 M   div         x5, x5, x6
717 23454 0x00000c08 0x0262c2b3 M   div         x5, x5, x6
718 23489 0x00000c0c 0x0262c2b3 M   div         x5, x5, x6
719 23524 0x00000c10 0x0262c2b3 M   div         x5, x5, x6
720 23559 0x00000c14 0x0262c2b3 M   div         x5, x5, x6
721 23594 0x00000c18 0x0262c2b3 M   div         x5, x5, x6
722 23629 0x00000c1c 0x0262c2b3 M   div         x5, x5, x6
723 23664 0x00000c20 0x0262c2b3 M   div         x5, x5, x6
724 23699 0x00000c24 0x0262c2b3 M   div         x5, x5, x6
725 23734 0x00000c28 0x0262c2b3 M   div         x5, x5, x6
726 23769 0x00000c2c 0x0262c2b3 M   div         x5, x5, x6
727 23804 0x00000c30 0x0262c2b3 M   div         x5, x5, x6
728 23839 0x00000c34 0x0262c2b3 M   div         x5, x5, x6
729 23874 0x00000c38 0x0262c2b3 M   div         x5, x5, x6
730 23909 0x00000c3c 0x0262c2b3 M   div         x5, x5, x6
731 23944 0x00000c40 0x0262c2b3 M   div         x5, x5, x6
732 23979 0x00000c44 0x0262c2b3 M   div         x5, x5, x6
733 24014 0x00000c48 0x0262c2b3 M   div         x5, x5, x6
734 24049 0x00000c4c 0x0262c2b3 M   div         x5, x5, x6
735 24084 0x00000c50 0x0262c2b3 M   div         x5, x5, x6
736 24119 0x00000c54 0x0262c2b3 M   div         x5, x5, x6
737 24154 0x00000c58 0x0262c2b3 M   div         x5, x5, x6
738 24189 0x00000c5c 0x0262c2b3 M   div         x5, x5, x6
739 24224 0x00000c60 0x0262c2b3 M   div         x5, x5, x6
740 24259 0x00000c64 0x0262c2b3 M   div         x5, x5, x6
741 24294 0x00000c68 0x0262c2b3 M   div         x5, x5, x6
742 24329 0x00000c6c 0x0262c2b3 M   div         x5, x5, x6
743 24364 0x00000c70 0x0262c2b3 M   div         x5, x5, x6
744 24399 0x00000c74 0x0262c2b3 M   div         x5, x5, x6
745 24434 0x00000c78 0x0262c2b3 M   div         x5, x5, x6
746 24469 0x00000c7c 0x0262c2b3 M   div         x5, x5, x6
747 24504 0x00000c80 0x0262c2b3 M   div         x5, x5, x6
748 24539 0x00000c84 0x0262c2b3 M   div         x5, x5, x6
749 24574 0x00000c88 0x0262c2b3 M   div         x5, x5, x6
750 24609 0x00000c8c 0x0262c2b3 M   div         x5, x5, x6
751 24644 0x00000c90 0x0262c2b3 M   div         x5, x5, x6
752 24679 0x00000c94 0x0262c2b3 M   div         x5, x5, x6
753 24714 0x00000c98 0x0262c2b3 M   div         x5, x5, x6
754 24749 0x00000c9c 0x0262c2b3 M   div         x5, x5, x6
755 24784 0x00000ca0 0x0262c2b3 M   div         x5, x5, x6
756 24819 0x00000ca4 0x0262c2b3 M   div         x5, x5, x6
757 24854 0x00000ca8 0x0262c2b3 M   div         x5, x5, x6
758 24889 0x00000cac 0x0262c2b3 M   div         x5, x5, x6
759 24924 0x00000cb0 0x0262c2b3 M   div         x5, x5, x6
760 24959 0x00000cb4 0x0262c2b3 M   div         x5, x5, x6
761 24994 0x00000cb8 0x0262c2b3 M   div         x5, x5, x6
762 25029 0x00000cbc 0x0262c2b3 M   div         x5, x5, x6
763 25064 0x00000cc0 0x0262c2b3 M   div         x5, x5, x6
764 25099 0x00000cc4 0x0262c2b3 M   div         x5, x5, x6
765 25134 0x00000cc8 0x0262c2b3 M   div         x5, x5, x6
766 25169 0x00000ccc 0x0262c2b3 M   div         x5, x5, x6
767 25204 0x00000cd0 0x0262c2b3 M   div         x5, x5, x6
768 25239 0x00000cd4 0x0262c2b3 M   div         x5, x5, x6
769 25274 0x00000cd8 0x0262c2b3 M   div         x5, x5, x6
770 25309 0x00000cdc 0x0262c2b3 M   div         x5, x5, x6
771 25344 0x00000ce0 0x0262c2b3 M   div         x5, x5, x6
772 25379 0x00000ce4 0x0262c2b3 M   div         x5, x5, x6
773 25414 0x00000ce8 0x0262c2b3 M   div         x5, x5, x6
774 25449 0x00000cec 0x0262c2b3 M   div         x5, x5, x6
775 25484 0x00000cf0 0x0262c2b3 M   div         x5, x5, x6
776 25519 0x00000cf4 0x0262c2b3 M   div         x5, x5, x6
777 25554 0x00000cf8 0x0262c2b3 M   div         x5, x5, x6
778 25589 0x00000cfc 0x0262c2b3 M   div         x5, x5, x6
779 25624 0x00000d00 0x0262c2b3 M   div         x5, x5, x6
780 25659 0x00000d04 0x0262c2b3 M   div         x5, x5, x6
781 25694 0x00000d08 0x0262c2b3 M   div         x5, x5, x6
782 25729 0x00000d0c 0x0262c2b3 M   div         x5, x5, x6
783 25764 0x00000d10 0x0262c2b3 M   div         x5, x5, x6
784 25799 0x00000d14 0x0262c2b3 M   div         x5, x5, x6
785 25834 0x00000d18 0x0262c2b3 M   div         x5, x5, x6
786 25869 0x00000d1c 0x0262c2b3 M   div         x5, x5, x6
787 25904 0x00000d20 0x0262c2b3 M   div         x5, x5, x6
788 25939 0x00000d24 0x0262c2b3 M   div         x5, x5, x6
789 25974 0x00000d28 0x0262c2b3 M   div         x5, x5, x6
790 26009 0x00000d2c 0x0262c2b3 M   div         x5, x5, x6
791 26044 0x00000d30 0x0262c2b3 M   div         x5, x5, x6
792 26079 0x00000d34 0x0262c2b3 M   div         x5, x5, x6
793 26114 0x00000d38 0x0262c2b3 M   div         x5, x5, x6
794 26149 0x00000d3c 0x0262c2b3 M   div         x5, x5, x6
795 26184 0x00000d40 0x0262c2b3 M   div         x5, x5, x6
796 26219 0x00000d44 0x0262c2b3 M   div         x5, x5, x6
797 26254 0x00000d48 0x0262c2b3 M   div         x5, x5, x6
798 26289 0x00000d4c 0x0262c2b3 M   div         x5, x5, x6
799 26324 0x00000d50 0x0262c2b3 M   div         x5, x5, x6
800 26359 0x00000d54 0x0262c2b3 M   div         x5, x5, x6
801 26394 0x00000d58 0x0262c2b3 M   div         x5, x5, x6
802 26429 0x00000d5c 0x0262c2b3 M   div         x5, x5, x6
803 26464 0x00000d60 0x0262c2b3 M   div         x5, x5, x6
804 26499 0x00000d64 0x0262c2b3 M   div         x5, x5, x6
805 26534 0x00000d68 0x0262c2b3 M   div         x5, x5, x6
806 26569 0x00000d6c 0x0262c2b3 M   div         x5, x5, x6
807 26604 0x00000d70 0x0262c2b3 M   div         x5, x5, x6
808 26639 0x00000d74 0x0262c2b3 M   div         x5, x5, x6
809 26674 0x00000d78 0x0262c2b3 M   div         x5, x5, x6
810 26709 0x00000d7c 0x0262c2b3 M   div         x5, x5, x6
811 26744 0x00000d80 0x0262c2b3 M   div         x5, x5, x6
812 26779 0x00000d84 0x0262c2b3 M   div         x5, x5, x6
813 26814 0x00000d88 0x0262c2b3 M   div         x5, x5, x6
814 26849 0x00000d8c 0x0262c2b3 M   div         x5, x5, x6
815 26884 0x00000d90 0x0262c2b3 M   div         x5, x5, x6
816 26919 0x00000d94 0x0262c2b3 M   div         x5, x5, x6
817 26954 0x00000d98 0x0262c2b3 M   div         x5, x5, x6
818 26989 0x00000d9c 0x0262c2b3 M   div         x5, x5, x6
819 27024 0x00000da0 0x0262c2b3 M   div         x5, x5, x6
820 27059 0x00000da4 0x0262c2b3 M   div         x5, x5, x6
821 27094 0x00000da8 0x0262c2b3 M   div         x5, x5, x6
822 27129 0x00000dac 0x0262c2b3 M   div         x5, x5, x6
823 27164 0x00000db0 0x0262c2b3 M   div         x5, x5, x6
824 27199 0x00000db4 0x0262c2b3 M   div         x5, x5, x6
825 27234 0x00000db8 0x0262c2b3 M   div         x5, x5, x6
826 27269 0x00000dbc 0x0262c2b3 M   div         x5, x5, x6
827 27304 0x00000dc0 0x0262c2b3 M   div         x5, x5, x6
828 27339 0x00000dc4 0x0262c2b3 M   div         x5, x5, x6
829 27374 0x00000dc8 0x0262c2b3 M   div         x5, x5, x6
830 27409 0x00000dcc 0x0262c2b3 M   div         x5, x5, x6
831 27444 0x00000dd0 0x0262c2b3 M   div         x5, x5, x6
832 27479 0x00000dd4 0x0262c2b3 M   div         x5, x5, x6
833 27514 0x00000dd8 0x0262c2b3 M   div         x5, x5, x6
834 27549 0x00000ddc 0x0262c2b3 M   div         x5, x5, x6
835 27584 0x00000de0 0x0262c2b3 M   div         x5, x5, x6
836 27619 0x00000de4 0x0262c2b3 M   div         x5, x5, x6
837 27654 0x00000de8 0x0262c2b3 M   div         x5, x5, x6
838 27689 0x00000dec 0x0262c2b3 M   div         x5, x5, x6
839 27724 0x00000df0 0x0262c2b3 M   div         x5, x5, x6
840 27759 0x00000df4 0x0262c2b3 M   div         x5, x5, x6
841 27794 0x00000df8 0x0262c2b3 M   div         x5, x5, x6
842 27829 0x00000dfc 0x0262c2b3 M   div         x5, x5, x6
843 27864 0x00000e00 0x0262c2b3 M   div         x5, x5, x6
844 27899 0x00000e04 0x0262c2b3 M   div         x5, x5, x6
845 27934 0x00000e08 0x0262c2b3 M   div         x5, x5, x6
846 27969 0x00000e0c 0x0262c2b3 M   div         x5, x5, x6
847 28004 0x00000e10 0x0262c2b3 M   div         x5, x5, x6
848 28039 0x00000e14 0x0262c2b3 M   div         x5, x5, x6
849 28074 0x00000e18 0x0262c2b3 M   div         x5, x5, x6
850 28109 0x00000e1c 0x0262c2b3 M   div         x5, x5, x6
851 28144 0x00000e20 0x0262c2b3 M   div         x5, x5, x6
852 28179 0x00000e24 0x0262c2b3 M   div         x5, x5, x6
853 28214 0x00000e28 0x0262c2b3 M   div         x5, x5, x6
854 28249 0x00000e2c 0x0262c2b3 M   div         x5, x5, x6
855 28284 0x00000e30 0x0262c2b3 M   div         x5, x5, x6
856 28319 0x00000e34 0x0262c2b3 M   div         x5, x5, x6
857 28354 0x00000e38 0x0262c2b3 M   div         x5, x5, x6
858 28389 0x00000e3c 0x0262c2b3 M   div         x5, x5, x6
859 28424 0x00000e40 0x0262c2b3 M   div         x5, x5, x6
860 28459 0x00000e44 0x0262c2b3 M   div         x5, x5, x6
861 28494 0x00000e48 0x0262c2b3 M   div         x5, x5, x6
862 28529 0x00000e4c 0x0262c2b3 M   div         x5, x5, x6
863 28564 0x00000e50 0x0262c2b3 M   div         x5, x5, x6
864 28599 0x00000e54 0x0262c2b3 M   div         x5, x5, x6
865 28634 0x00000e58 0x0262c2b3 M   div         x5, x5, x6
866 28669 0x00000e5c 0x0262c2b3 M   div         x5, x5, x6
867 28704 0x00000e60 0x0262c2b3 M   div         x5, x5, x6
868 28739 0x00000e64 0x0262c2b3 M   div         x5, x5, x6
869 28774 0x00000e68 0x0262c2b3 M   div         x5, x5, x6
870 28809 0x00000e6c 0x0262c2b3 M   div         x5, x5, x6
871 28844 0x00000e70 0x0262c2b3 M   div         x5, x5, x6
872 28879 0x00000e74 0x0262c2b3 M   div         x5, x5, x6
873 28914 0x00000e78 0x0262c2b3 M   div         x5, x5, x6
874 28949 0x00000e7c 0x0262c2b3 M   div         x5, x5, x6
875 28984 0x00000e80 0x0262c2b3 M   div         x5, x5, x6
876 29019 0x00000e84 0x0262c2b3 M   div         x5, x5, x6
877 29054 0x00000e88 0x0262c2b3 M   div         x5, x5, x6
878 29089 0x00000e8c 0x0262c2b3 M   div         x5, x5, x6
879 29124 0x00000e90 0x0262c2b3 M   div         x5, x5, x6
880 29159 0x00000e94 0x0262c2b3 M   div         x5, x5, x6
881 29194 0x00000e98 0x0262c2b3 M   div         x5, x5, x6
882 29229 0x00000e9c 0x0262c2b3 M   div         x5, x5, x6
883 29264 0x00000ea0 0x0262c2b3 M   div         x5, x5, x6
884 29299 0x00000ea4 0x0262c2b3 M   div         x5, x5, x6
885 29334 0x00000ea8 0x0262c2b3 M   div         x5, x5, x6
886 29369 0x00000eac 0x0262c2b3 M   div         x5, x5, x6
887 29404 0x00000eb0 0x0262c2b3 M   div         x5, x5, x6
888 29439 0x00000eb4 0x0262c2b3 M   div         x5, x5, x6
889 29474 0x00000eb8 0x0262c2b3 M   div         x5, x5, x6
890 29509 0x00000ebc 0x0262c2b3 M   div         x5, x5, x6
891 29544 0x00000ec0 0x0262c2b3 M   div         x5, x5, x6
892 29579 0x00000ec4 0x0262c2b3 M   div         x5, x5, x6
893 29614 0x00000ec8 0x0262c2b3 M   div         x5, x5, x6
894 29649 0x00000ecc 0x0262c2b3 M   div         x5, x5, x6
895 29684 0x00000ed0 0x0262c2b3 M   div         x5, x5, x6
896 29719 0x00000ed4 0x0262c2b3 M   div         x5, x5, x6
897 29754 0x00000ed8 0x0262c2b3 M   div         x5, x5, x6
898 29789 0x00000edc 0x0262c2b3 M   div         x5, x5, x6
899 29824 0x00000ee0 0x0262c2b3 M   div         x5, x5, x6
900 29859 0x00000ee4 0x0262c2b3 M   div         x5, x5, x6
901 29894 0x00000ee8 0x0262c2b3 M   div         x5, x5, x6
902 29929 0x00000eec 0x0262c2b3 M   div         x5, x5, x6
903 29964 0x00000ef0 0x0262c2b3 M   div         x5, x5, x6
904 29999 0x00000ef4 0x0262c2b3 M   div         x5, x5, x6
905 30034 0x00000ef8 0x0262c2b3 M   div         x5, x5, x6
906 30069 0x00000efc 0x0262c2b3 M   div         x5, x5, x6
907 30104 0x00000f00 0x0262c2b3 M   div         x5, x5, x6
908 30139 0x00000f04 0x0262c2b3 M   div         x5, x5, x6
909 30174 0x00000f08 0x0262c2b3 M   div         x5, x5, x6
910 30209 0x00000f0c 0x0262c2b3 M   div         x5, x5, x6
911 30244 0x00000f10 0x0262c2b3 M   div         x5, x5, x6
912 30279 0x00000f14 0x0262c2b3 M   div         x5, x5, x6
913 30314 0x00000f18 0x0262c2b3 M   div         x5, x5, x6
914 30349 0x00000f1c 0x0262c2b3 M   div         x5, x5, x6
915 30384 0x00000f20 0x0262c2b3 M   div         x5, x5, x6
916 30419 0x00000f24 0x0262c2b3 M   div         x5, x5, x6
917 30454 0x00000f28 0x0262c2b3 M   div         x5, x5, x6
918 30489 0x00000f2c 0x0262c2b3 M   div         x5, x5, x6
919 30524 0x00000f30 0x0262c2b3 M   div         x5, x5, x6
920 30559 0x00000f34 0x0262c2b3 M   div         x5, x5, x6
921 30594 0x00000f38 0x0262c2b3 M   div         x5, x5, x6
922 30629 0x00000f3c 0x0262c2b3 M   div         x5, x5, x6
923 30664 0x00000f40 0x0262c2b3 M   div         x5, x5, x6
924 30699 0x00000f44 0x0262c2b3 M   div         x5, x5, x6
925 30734 0x00000f48 0x0262c2b3 M   div         x5, x5, x6
926 30769 0x00000f4c 0x0262c2b3 M   div         x5, x5, x6
927 30804 0x00000f50 0x0262c2b3 M   div         x5, x5, x6
928 30839 0x00000f54 0x0262c2b3 M   div         x5, x5, x6
929 30874 0x00000f58 0x0262c2b3 M   div         x5, x5, x6
930 30909 0x00000f5c 0x0262c2b3 M   div         x5, x5, x6
931 30944 0x00000f60 0x0262c2b3 M   div         x5, x5, x6
932 30979 0x00000f64 0x0262c2b3 M   div         x5, x5, x6
933 31014 0x00000f68 0x0262c2b3 M   div         x5, x5, x6
934 31049 0x00000f6c 0x0262c2b3 M   div         x5, x5, x6
935 31084 0x00000f70 0x0262c2b3 M   div         x5, x5, x6
936 31119 0x00000f74 0x0262c2b3 M   div         x5, x5, x6
937 31154 0x00000f78 0x0262c2b3 M   div         x5, x5, x6
938 31189 0x00000f7c 0x0262c2b3 M   div         x5, x5, x6
939 31224 0x00000f80 0x0262c2b3 M   div         x5, x5, x6
940 31259 0x00000f84 0x0262c2b3 M   div         x5, x5, x6
941 31294 0x00000f88 0x0262c2b3 M   div         x5, x5, x6
942 31329 0x00000f8c 0x0262c2b3 M   div         x5, x5, x6
943 31364 0x00000f90 0x0262c2b3 M   div         x5, x5, x6
944 31399 0x00000f94 0x0262c2b3 M   div         x5, x5, x6
945 31434 0x00000f98 0x0262c2b3 M   div         x5, x5, x6
946 31469 0x00000f9c 0x0262c2b3 M   div         x5, x5, x6
947 31504 0x00000fa0 0x0262c2b3 M   div         x5, x5, x6
948 31539 0x00000fa4 0x0262c2b3 M   div         x5, x5, x6
949 31574 0x00000fa8 0x0262c2b3 M   div         x5, x5, x6
950 31609 0x00000fac 0x0262c2b3 M   div         x5, x5, x6
951 31644 0x00000fb0 0x0262c2b3 M   div         x5, x5, x6
952 31679 0x00000fb4 0x0262c2b3 M   div         x5, x5, x6
953 31714 0x00000fb8 0x0262c2b3 M   div         x5, x5, x6
954 31749 0x00000fbc 0x0262c2b3 M   div         x5, x5, x6
955 31784 0x00000fc0 0x0262c2b3 M   div         x5, x5, x6
956 31819 0x00000fc4 0x0262c2b3 M   div         x5, x5, x6
957 31854 0x00000fc8 0x0262c2b3 M   div         x5, x5, x6
958 31889 0x00000fcc 0x0262c2b3 M   div         x5, x5, x6
959 31924 0x00000fd0 0x0262c2b3 M   div         x5, x5, x6
960 31959 0x00000fd4 0x0262c2b3 M   div         x5, x5, x6
961 31994 0x00000fd8 0x0262c2b3 M   div         x5, x5, x6
962 32029 0x00000fdc 0x0262c2b3 M   div         x5, x5, x6
963 32064 0x00000fe0 0x0262c2b3 M   div         x5, x5, x6
964 32099 0x00000fe4 0x0262c2b3 M   div         x5, x5, x6
965 32134 0x00000fe8 0x0262c2b3 M   div         x5, x5, x6
966 32169 0x00000fec 0x0262c2b3 M   div         x5, x5, x6
967 32204 0x00000ff0 0x0262c2b3 M   div         x5, x5, x6
968 32239 0x00000ff4 0x0262c2b3 M   div         x5, x5, x6
969 32274 0x00000ff8 0x0262c2b3 M   div         x5, x5, x6
970 32309 0x00000ffc 0x0262c2b3 M   div         x5, x5, x6
971 32344 0x00001000 0x0262c2b3 M   div         x5, x5, x6
972 32379 0x00001004 0x0262c2b3 M   div         x5, x5, x6
973 32414 0x00001008 0x0262c2b3 M   div         x5, x5, x6
974 32449 0x0000100c 0x0262c2b3 M   div         x5, x5, x6
975 32484 0x00001010 0x0262c2b3 M   div         x5, x5, x6
976 32519 0x00001014 0x0262c2b3 M   div         x5, x5, x6
977 32554 0x00001018 0x0262c2b3 M   div         x5, x5, x6
978 32589 0x0000101c 0x0262c2b3 M   div         x5, x5, x6
979 32624 0x00001020 0x0262c2b3 M   div         x5, x5, x6
980 32659 0x00001024 0x0262c2b3 M   div         x5, x5, x6
981 32694 0x00001028 0x0262c2b3 M   div         x5, x5, x6
982 32729 0x0000102c 0x0262c2b3 M   div         x5, x5, x6
983 32764 0x00001030 0x0262c2b3 M   div         x5, x5, x6
984 32799 0x00001034 0x0262c2b3 M   div         x5, x5, x6
985 32834 0x00001038 0x0262c2b3 M   div         x5, x5, x6
986 32869 0x0000103c 0x0262c2b3 M   div         x5, x5, x6
987 32904 0x00001040 0x0262c2b3 M   div         x5, x5, x6
988 32939 0x00001044 0x0262c2b3 M   div         x5, x5, x6
989 32974 0x00001048 0x0262c2b3 M   div         x5, x5, x6
990 33009 0x0000104c 0x0262c2b3 M   div         x5, x5, x6
991 33044 0x00001050 0x0262c2b3 M   div         x5, x5, x6
992 33079 0x00001054 0x0262c2b3 M   div         x5, x5, x6
993 33114 0x00001058 0x0262c2b3 M   div         x5, x5, x6
994 33149 0x0000105c 0x0262c2b3 M   div         x5, x5, x6
995 33184 0x00001060 0x0262c2b3 M   div         x5, x5, x6
996 33219 0x00001064 0x0262c2b3 M   div         x5, x5, x6
997 33254 0x00001068 0x0262c2b3 M   div         x5, x5, x6
998 33289 0x0000106c 0x0262c2b3 M   div         x5, x5, x6
999 33324 0x00001070 0x0262c2b3 M   div         x5, x5, x6
1000 33359 0x00001074 0x0262c2b3 M   div         x5, x5, x6
1001 33394 0x00001078 0x0262c2b3 M   div         x5, x5, x6
1002 33429 0x0000107c 0x0262c2b3 M   div         x5, x5, x6
1003 33464 0x00001080 0x0262c2b3 M   div         x5, x5, x6
1004 33499 0x00001084 0x0262c2b3 M   div         x5, x5, x6
1005 33534 0x00001088 0x0262c2b3 M   div         x5, x5, x6
1006 33569 0x0000108c 0x0262c2b3 M   div         x5, x5, x6
1007 33604 0x00001090 0x0262c2b3 M   div         x5, x5, x6
1008 33639 0x00001094 0x0262c2b3 M   div         x5, x5, x6
1009 33674 0x00001098 0x0262c2b3 M   div         x5, x5, x6
1010 33709 0x0000109c 0x0262c2b3 M   div         x5, x5, x6
1011 33744 0x000010a0 0x0262c2b3 M   div         x5, x5, x6
1012 33779 0x000010a4 0x0262c2b3 M   div         x5, x5, x6
1013 33814 0x000010a8 0x0262c2b3 M   div         x5, x5, x6
1014 33849 0x000010ac 0x0262c2b3 M   div         x5, x5, x6
1015 33884 0x000010b0 0x0262c2b3 M   div         x5, x5, x6
1016 33919 0x000010b4 0x0262c2b3 M   div         x5, x5, x6
1017 33954 0x000010b8 0x0262c2b3 M   div         x5, x5, x6
1018 33989 0x000010bc 0x0262c2b3 M   div         x5, x5, x6
1019 34024 0x000010c0 0x0262c2b3 M   div         x5, x5, x6
1020 34059 0x000010c4 0x0262c2b3 M   div         x5, x5, x6
1021 34094 0x000010c8 0x0262c2b3 M   div         x5, x5, x6
1022 34129 0x000010cc 0x0262c2b3 M   div         x5, x5, x6
1023 34164 0x000010d0 0x0262c2b3 M   div         x5, x5, x6
1024 34199 0x000010d4 0x0262c2b3 M   div         x5, x5, x6
1025 34234 0x000010d8 0x0262c2b3 M   div         x5, x5, x6
1026 34269 0x000010dc 0x0262c2b3 M   div         x5, x5, x6
1027 34304 0x000010e0 0x0262c2b3 M   div         x5, x5, x6
1028 34339 0x000010e4 0x0262c2b3 M   div         x5, x5, x6
1029 34374 0x000010e8 0x0262c2b3 M   div         x5, x5, x6
1030 34409 0x000010ec 0x0262c2b3 M   div         x5, x5, x6
1031 34444 0x000010f0 0x0262c2b3 M   div         x5, x5, x6
1032 34479 0x000010f4 0x0262c2b3 M   div         x5, x5, x6
1033 34514 0x000010f8 0x0262c2b3 M   div         x5, x5, x6
1034 34549 0x000010fc 0x0262c2b3 M   div         x5, x5, x6
1035 34584 0x00001100 0x0262c2b3 M   div         x5, x5, x6
1036 34619 0x00001104 0x0262c2b3 M   div         x5, x5, x6
1037 34654 0x00001108 0x0262c2b3 M   div         x5, x5, x6
1038 34689 0x0000110c 0x0262c2b3 M   div         x5, x5, x6
1039 34724 0x00001110 0x0262c2b3 M   div         x5, x5, x6
1040 34759 0x00001114 0x0262c2b3 M   div         x5, x5, x6
1041 34794 0x00001118 0x0262c2b3 M   div         x5, x5, x6
1042 34829 0x0000111c 0x0262c2b3 M   div         x5, x5, x6
1043 34864 0x00001120 0x0262c2b3 M   div         x5, x5, x6
1044 34899 0x00001124 0x0262c2b3 M   div         x5, x5, x6
1045 34934 0x00001128 0x0262c2b3 M   div         x5, x5, x6
1046 34969 0x0000112c 0x0262c2b3 M   div         x5, x5, x6
1047 35004 0x00001130 0x0262c2b3 M   div         x5, x5, x6
1048 35039 0x00001134 0x0262c2b3 M   div         x5, x5, x6
1049 35074 0x00001138 0x0262c2b3 M   div         x5, x5, x6
1050 35109 0x0000113c 0x0262c2b3 M   div         x5, x5, x6
1051 35144 0x00001140 0x0262c2b3 M   div         x5, x5, x6
1052 35179 0x00001144 0x0262c2b3 M   div         x5, x5, x6
1053 35214 0x00001148 0x0262c2b3 M   div         x5, x5, x6
1054 35249 0x0000114c 0x0262c2b3 M   div         x5, x5, x6
1055 35284 0x00001150 0x0262c2b3 M   div         x5, x5, x6
1056 35319 0x00001154 0x0262c2b3 M   div         x5, x5, x6
1057 35354 0x00001158 0x0262c2b3 M   div         x5, x5, x6
1058 35389 0x0000115c 0x0262c2b3 M   div         x5, x5, x6
1059 35424 0x00001160 0x0262c2b3 M   div         x5, x5, x6
1060 35459 0x00001164 0x0262c2b3 M   div         x5, x5, x6
1061 35494 0x00001168 0x0262c2b3 M   div         x5, x5, x6
1062 35529 0x0000116c 0x0262c2b3 M   div         x5, x5, x6
1063 35532 0x00001170 0xc00024f3 M   csrrs       x9, cycle, x0
1064 35534 0x00001174 0x40848933 M   sub         x18, x9, x8
1065 35536 0x00001178 0x00000513 M   addi        x10, x0, 0
1066 35539 0x0000117c 0x00008067 M   jalr        x0, 0(x1)
1067 35567 0x00000160 0x30047073 M   csrrci      x0, mstatus, 8
1068 35570 0x00000164 0x30401073 M   csrrw       x0, mie, x0
1069 35572 0x00000168 0x00000597 M   auipc       x11, 0x00000000
1070 35574 0x0000016c 0x05058593 M   addi        x11, x11, 80
1071 35577 0x00000170 0x30559073 M   csrrw       x0, mtvec, x11
1072 35580 0x00000174 0x34051073 M   csrrw       x0, mscratch, x10
1073 35583 0x00000178 0xf1402473 M   csrrs       x8, mhartid, x0
1074 35586 0x0000017c 0x02041463 M   bne         x8, x0, 40
1075 35597 0x00000180 0x00001417 M   auipc       x8, 0x00001000
1076 35599 0x00000184 0x00040413 M   addi        x8, x8, 0
1077 35601 0x00000188 0x00001497 M   auipc       x9, 0x00001000
1078 35603 0x0000018c 0xff848493 M   addi        x9, x9, -8
1079 35606 0x00000190 0x00945a63 M   bge         x8, x9, 20
1080 35625 0x000001a4 0xf1402473 M   csrrs       x8, mhartid, x0
1081 35628 0x000001a8 0x00041463 M   bne         x8, x0, 8
1082 35631 0x000001ac 0x00100073 M   ebreak      
1083 35640 0x000001b8 0x10500073 M   wfi          <TRAP_ENTRY>
