0 30 0x00000000 0xf14020f3 M   csrrs       x1, mhartid, x0
1 32 0x00000004 0x80002217 M   auipc       x4, 0x80002000
2 34 0x00000008 0xffb20213 M   addi        x4, x4, -5
3 36 0x0000000c 0xff027113 M   andi        x2, x4, -16
4 38 0x00000010 0x80000197 M   auipc       x3, 0x80000000
5 40 0x00000014 0x7f018193 M   addi        x3, x3, 2032
6 42 0x00000018 0x000022b7 M   lui         x5, 0x00002000
7 44 0x0000001c 0x80028293 M   addi        x5, x5, -2048
8 58 0x00000020 0x30029073 M   csrrw       x0, mstatus, x5
9 60 0x00000024 0x00000317 M   auipc       x6, 0x00000000
10 62 0x00000028 0x19030313 M   addi        x6, x6, 400
11 65 0x0000002c 0x30531073 M   csrrw       x0, mtvec, x6
12 68 0x00000030 0x30401073 M   csrrw       x0, mie, x0
13 70 0x00000034 0x00001397 M   auipc       x7, 0x00001000
14 72 0x00000038 0x14038393 M   addi        x7, x7, 320
15 74 0x0000003c 0x80000417 M   auipc       x8, 0x80000000
16 87 0x00000040 0xfc440413 M   addi        x8, x8, -60
17 89 0x00000044 0x80000497 M   auipc       x9, 0x80000000
18 91 0x00000048 0xfcc48493 M   addi        x9, x9, -52
19 93 0x0000004c 0x80000517 M   auipc       x10, 0x80000000
20 95 0x00000050 0xfc450513 M   addi        x10, x10, -60
21 97 0x00000054 0x80000597 M   auipc       x11, 0x80000000
22 99 0x00000058 0xfbc58593 M   addi        x11, x11, -68
23 101 0x0000005c 0x00000613 M   addi        x12, x0, 0
24 115 0x00000060 0x00000693 M   addi        x13, x0, 0
25 117 0x00000064 0x00000713 M   addi        x14, x0, 0
26 119 0x00000068 0x00000793 M   addi        x15, x0, 0
27 121 0x0000006c 0x00000813 M   addi        x16, x0, 0
28 123 0x00000070 0x00000893 M   addi        x17, x0, 0
29 125 0x00000074 0x00000913 M   addi        x18, x0, 0
30 127 0x00000078 0x00000993 M   addi        x19, x0, 0
31 129 0x0000007c 0x00000a13 M   addi        x20, x0, 0
32 143 0x00000080 0x00000a93 M   addi        x21, x0, 0
33 145 0x00000084 0x00000b13 M   addi        x22, x0, 0
34 147 0x00000088 0x00000b93 M   addi        x23, x0, 0
35 149 0x0000008c 0x00000c13 M   addi        x24, x0, 0
36 151 0x00000090 0x00000c93 M   addi        x25, x0, 0
37 153 0x00000094 0x00000d13 M   addi        x26, x0, 0
38 155 0x00000098 0x00000d93 M   addi        x27, x0, 0
39 157 0x0000009c 0x00000e13 M   addi        x28, x0, 0
40 171 0x000000a0 0x00000e93 M   addi        x29, x0, 0
41 173 0x000000a4 0x00000f13 M   addi        x30, x0, 0
42 175 0x000000a8 0x00000f93 M   addi        x31, x0, 0
43 178 0x000000ac 0x04008263 M   beq         x1, x0, 68
44 200 0x000000f0 0x00838e63 M   beq         x7, x8, 28
45 203 0x000000f4 0x00945c63 M   bge         x8, x9, 24
46 229 0x000000f8 0x0003a783 M   lw          x15, 0(x7)
47 248 0x000000fc 0x00f42023 M   sw          x15, 0(x8)
48 250 0x00000100 0x00438393 M   addi        x7, x7, 4
49 252 0x00000104 0x00440413 M   addi        x8, x8, 4
50 255 0x00000108 0xfedff06f M   jal         x0, -20
51 261 0x000000f4 0x00945c63 M   bge         x8, x9, 24
52 266 0x000000f8 0x0003a783 M   lw          x15, 0(x7)
53 271 0x000000fc 0x00f42023 M   sw          x15, 0(x8)
54 273 0x00000100 0x00438393 M   addi        x7, x7, 4
55 275 0x00000104 0x00440413 M   addi        x8, x8, 4
56 278 0x00000108 0xfedff06f M   jal         x0, -20
57 284 0x000000f4 0x00945c63 M   bge         x8, x9, 24
58 289 0x000000f8 0x0003a783 M   lw          x15, 0(x7)
59 294 0x000000fc 0x00f42023 M   sw          x15, 0(x8)
60 296 0x00000100 0x00438393 M   addi        x7, x7, 4
61 298 0x00000104 0x00440413 M   addi        x8, x8, 4
62 301 0x00000108 0xfedff06f M   jal         x0, -20
63 307 0x000000f4 0x00945c63 M   bge         x8, x9, 24
64 324 0x000000f8 0x0003a783 M   lw          x15, 0(x7)
65 329 0x000000fc 0x00f42023 M   sw          x15, 0(x8)
66 331 0x00000100 0x00438393 M   addi        x7, x7, 4
67 333 0x00000104 0x00440413 M   addi        x8, x8, 4
68 336 0x00000108 0xfedff06f M   jal         x0, -20
69 342 0x000000f4 0x00945c63 M   bge         x8, x9, 24
70 349 0x0000010c 0x00b55863 M   bge         x10, x11, 16
71 355 0x0000011c 0x00001417 M   auipc       x8, 0x00001000
72 369 0x00000120 0x05840413 M   addi        x8, x8, 88
73 371 0x00000124 0x00001497 M   auipc       x9, 0x00001000
74 373 0x00000128 0x05048493 M   addi        x9, x9, 80
75 376 0x0000012c 0x00945a63 M   bge         x8, x9, 20
76 394 0x00000140 0x00000617 M   auipc       x12, 0x00000000
77 396 0x00000144 0x07c60613 M   addi        x12, x12, 124
78 399 0x00000148 0x0ff0000f M   fence       
79 406 0x0000014c 0x0000100f M   fence.i     
80 617 0x00000150 0x00000513 M   addi        x10, x0, 0
81 619 0x00000154 0x00000593 M   addi        x11, x0, 0
82 622 0x00000158 0x000600e7 M   jalr        x1, 0(x12)
83 652 0x000001bc 0x80000297 M   auipc       x5, 0x80000000
84 666 0x000001c0 0xe4428293 M   addi        x5, x5, -444
85 668 0x000001c4 0xdeadc337 M   lui         x6, 0xdeadc000
86 670 0x000001c8 0xeef30313 M   addi        x6, x6, -273
87 689 0x000001cc 0x0002a383 M   lw          x7, 0(x5)
88 694 0x000001d0 0x0002a383 M   lw          x7, 0(x5)
89 699 0x000001d4 0x0002a383 M   lw          x7, 0(x5)
90 704 0x000001d8 0x0002a383 M   lw          x7, 0(x5)
91 709 0x000001dc 0x0002a383 M   lw          x7, 0(x5)
92 719 0x000001e0 0x0002a383 M   lw          x7, 0(x5)
93 724 0x000001e4 0x0002a383 M   lw          x7, 0(x5)
94 729 0x000001e8 0x0002a383 M   lw          x7, 0(x5)
95 734 0x000001ec 0x0002a383 M   lw          x7, 0(x5)
96 739 0x000001f0 0x0002a383 M   lw          x7, 0(x5)
97 744 0x000001f4 0x0002a383 M   lw          x7, 0(x5)
98 749 0x000001f8 0x0002a383 M   lw          x7, 0(x5)
99 754 0x000001fc 0x0002a383 M   lw          x7, 0(x5)
100 764 0x00000200 0x0002a383 M   lw          x7, 0(x5)
101 769 0x00000204 0x0002a383 M   lw          x7, 0(x5)
102 774 0x00000208 0x0002a383 M   lw          x7, 0(x5)
103 779 0x0000020c 0x0002a383 M   lw          x7, 0(x5)
104 784 0x00000210 0x0002a383 M   lw          x7, 0(x5)
105 789 0x00000214 0x0002a383 M   lw          x7, 0(x5)
106 794 0x00000218 0x0002a383 M   lw          x7, 0(x5)
107 799 0x0000021c 0x0002a383 M   lw          x7, 0(x5)
108 809 0x00000220 0x0002a383 M   lw          x7, 0(x5)
109 814 0x00000224 0x0002a383 M   lw          x7, 0(x5)
110 819 0x00000228 0x0002a383 M   lw          x7, 0(x5)
111 824 0x0000022c 0x0002a383 M   lw          x7, 0(x5)
112 829 0x00000230 0x0002a383 M   lw          x7, 0(x5)
113 834 0x00000234 0x0002a383 M   lw          x7, 0(x5)
114 839 0x00000238 0x0002a383 M   lw          x7, 0(x5)
115 844 0x0000023c 0x0002a383 M   lw          x7, 0(x5)
116 854 0x00000240 0x0002a383 M   lw          x7, 0(x5)
117 859 0x00000244 0x0002a383 M   lw          x7, 0(x5)
118 864 0x00000248 0x0002a383 M   lw          x7, 0(x5)
119 869 0x0000024c 0x0002a383 M   lw          x7, 0(x5)
120 874 0x00000250 0x0002a383 M   lw          x7, 0(x5)
121 879 0x00000254 0x0002a383 M   lw          x7, 0(x5)
122 884 0x00000258 0x0002a383 M   lw          x7, 0(x5)
123 889 0x0000025c 0x0002a383 M   lw          x7, 0(x5)
124 899 0x00000260 0x0002a383 M   lw          x7, 0(x5)
125 904 0x00000264 0x0002a383 M   lw          x7, 0(x5)
126 909 0x00000268 0x0002a383 M   lw          x7, 0(x5)
127 914 0x0000026c 0x0002a383 M   lw          x7, 0(x5)
128 919 0x00000270 0x0002a383 M   lw          x7, 0(x5)
129 924 0x00000274 0x0002a383 M   lw          x7, 0(x5)
130 929 0x00000278 0x0002a383 M   lw          x7, 0(x5)
131 934 0x0000027c 0x0002a383 M   lw          x7, 0(x5)
132 944 0x00000280 0x0002a383 M   lw          x7, 0(x5)
133 949 0x00000284 0x0002a383 M   lw          x7, 0(x5)
134 954 0x00000288 0x0002a383 M   lw          x7, 0(x5)
135 959 0x0000028c 0x0002a383 M   lw          x7, 0(x5)
136 964 0x00000290 0x0002a383 M   lw          x7, 0(x5)
137 969 0x00000294 0x0002a383 M   lw          x7, 0(x5)
138 974 0x00000298 0x0002a383 M   lw          x7, 0(x5)
139 979 0x0000029c 0x0002a383 M   lw          x7, 0(x5)
140 989 0x000002a0 0x0002a383 M   lw          x7, 0(x5)
141 994 0x000002a4 0x0002a383 M   lw          x7, 0(x5)
142 999 0x000002a8 0x0002a383 M   lw          x7, 0(x5)
143 1004 0x000002ac 0x0002a383 M   lw          x7, 0(x5)
144 1009 0x000002b0 0x0002a383 M   lw          x7, 0(x5)
145 1014 0x000002b4 0x0002a383 M   lw          x7, 0(x5)
146 1019 0x000002b8 0x0002a383 M   lw          x7, 0(x5)
147 1024 0x000002bc 0x0002a383 M   lw          x7, 0(x5)
148 1034 0x000002c0 0x0002a383 M   lw          x7, 0(x5)
149 1039 0x000002c4 0x0002a383 M   lw          x7, 0(x5)
150 1044 0x000002c8 0x0002a383 M   lw          x7, 0(x5)
151 1049 0x000002cc 0x0002a383 M   lw          x7, 0(x5)
152 1054 0x000002d0 0x0002a383 M   lw          x7, 0(x5)
153 1059 0x000002d4 0x0002a383 M   lw          x7, 0(x5)
154 1064 0x000002d8 0x0002a383 M   lw          x7, 0(x5)
155 1069 0x000002dc 0x0002a383 M   lw          x7, 0(x5)
156 1079 0x000002e0 0x0002a383 M   lw          x7, 0(x5)
157 1084 0x000002e4 0x0002a383 M   lw          x7, 0(x5)
158 1089 0x000002e8 0x0002a383 M   lw          x7, 0(x5)
159 1094 0x000002ec 0x0002a383 M   lw          x7, 0(x5)
160 1099 0x000002f0 0x0002a383 M   lw          x7, 0(x5)
161 1104 0x000002f4 0x0002a383 M   lw          x7, 0(x5)
162 1109 0x000002f8 0x0002a383 M   lw          x7, 0(x5)
163 1114 0x000002fc 0x0002a383 M   lw          x7, 0(x5)
164 1124 0x00000300 0x0002a383 M   lw          x7, 0(x5)
165 1129 0x00000304 0x0002a383 M   lw          x7, 0(x5)
166 1134 0x00000308 0x0002a383 M   lw          x7, 0(x5)
167 1139 0x0000030c 0x0002a383 M   lw          x7, 0(x5)
168 1144 0x00000310 0x0002a383 M   lw          x7, 0(x5)
169 1149 0x00000314 0x0002a383 M   lw          x7, 0(x5)
170 1154 0x00000318 0x0002a383 M   lw          x7, 0(x5)
171 1159 0x0000031c 0x0002a383 M   lw          x7, 0(x5)
172 1169 0x00000320 0x0002a383 M   lw          x7, 0(x5)
173 1174 0x00000324 0x0002a383 M   lw          x7, 0(x5)
174 1179 0x00000328 0x0002a383 M   lw          x7, 0(x5)
175 1184 0x0000032c 0x0002a383 M   lw          x7, 0(x5)
176 1189 0x00000330 0x0002a383 M   lw          x7, 0(x5)
177 1194 0x00000334 0x0002a383 M   lw          x7, 0(x5)
178 1199 0x00000338 0x0002a383 M   lw          x7, 0(x5)
179 1204 0x0000033c 0x0002a383 M   lw          x7, 0(x5)
180 1214 0x00000340 0x0002a383 M   lw          x7, 0(x5)
181 1219 0x00000344 0x0002a383 M   lw          x7, 0(x5)
182 1224 0x00000348 0x0002a383 M   lw          x7, 0(x5)
183 1229 0x0000034c 0x0002a383 M   lw          x7, 0(x5)
184 1234 0x00000350 0x0002a383 M   lw          x7, 0(x5)
185 1239 0x00000354 0x0002a383 M   lw          x7, 0(x5)
186 1244 0x00000358 0x0002a383 M   lw          x7, 0(x5)
187 1249 0x0000035c 0x0002a383 M   lw          x7, 0(x5)
188 1259 0x00000360 0x0002a383 M   lw          x7, 0(x5)
189 1264 0x00000364 0x0002a383 M   lw          x7, 0(x5)
190 1269 0x00000368 0x0002a383 M   lw          x7, 0(x5)
191 1274 0x0000036c 0x0002a383 M   lw          x7, 0(x5)
192 1279 0x00000370 0x0002a383 M   lw          x7, 0(x5)
193 1284 0x00000374 0x0002a383 M   lw          x7, 0(x5)
194 1289 0x00000378 0x0002a383 M   lw          x7, 0(x5)
195 1294 0x0000037c 0x0002a383 M   lw          x7, 0(x5)
196 1304 0x00000380 0x0002a383 M   lw          x7, 0(x5)
197 1309 0x00000384 0x0002a383 M   lw          x7, 0(x5)
198 1314 0x00000388 0x0002a383 M   lw          x7, 0(x5)
199 1319 0x0000038c 0x0002a383 M   lw          x7, 0(x5)
200 1324 0x00000390 0x0002a383 M   lw          x7, 0(x5)
201 1329 0x00000394 0x0002a383 M   lw          x7, 0(x5)
202 1334 0x00000398 0x0002a383 M   lw          x7, 0(x5)
203 1339 0x0000039c 0x0002a383 M   lw          x7, 0(x5)
204 1349 0x000003a0 0x0002a383 M   lw          x7, 0(x5)
205 1354 0x000003a4 0x0002a383 M   lw          x7, 0(x5)
206 1359 0x000003a8 0x0002a383 M   lw          x7, 0(x5)
207 1364 0x000003ac 0x0002a383 M   lw          x7, 0(x5)
208 1369 0x000003b0 0x0002a383 M   lw          x7, 0(x5)
209 1374 0x000003b4 0x0002a383 M   lw          x7, 0(x5)
210 1379 0x000003b8 0x0002a383 M   lw          x7, 0(x5)
211 1384 0x000003bc 0x0002a383 M   lw          x7, 0(x5)
212 1394 0x000003c0 0x0002a383 M   lw          x7, 0(x5)
213 1399 0x000003c4 0x0002a383 M   lw          x7, 0(x5)
214 1404 0x000003c8 0x0002a383 M   lw          x7, 0(x5)
215 1409 0x000003cc 0x0002a383 M   lw          x7, 0(x5)
216 1414 0x000003d0 0x0002a383 M   lw          x7, 0(x5)
217 1419 0x000003d4 0x0002a383 M   lw          x7, 0(x5)
218 1424 0x000003d8 0x0002a383 M   lw          x7, 0(x5)
219 1429 0x000003dc 0x0002a383 M   lw          x7, 0(x5)
220 1439 0x000003e0 0x0002a383 M   lw          x7, 0(x5)
221 1444 0x000003e4 0x0002a383 M   lw          x7, 0(x5)
222 1449 0x000003e8 0x0002a383 M   lw          x7, 0(x5)
223 1454 0x000003ec 0x0002a383 M   lw          x7, 0(x5)
224 1459 0x000003f0 0x0002a383 M   lw          x7, 0(x5)
225 1464 0x000003f4 0x0002a383 M   lw          x7, 0(x5)
226 1469 0x000003f8 0x0002a383 M   lw          x7, 0(x5)
227 1474 0x000003fc 0x0002a383 M   lw          x7, 0(x5)
228 1484 0x00000400 0x0002a383 M   lw          x7, 0(x5)
229 1489 0x00000404 0x0002a383 M   lw          x7, 0(x5)
230 1494 0x00000408 0x0002a383 M   lw          x7, 0(x5)
231 1499 0x0000040c 0x0002a383 M   lw          x7, 0(x5)
232 1504 0x00000410 0x0002a383 M   lw          x7, 0(x5)
233 1509 0x00000414 0x0002a383 M   lw          x7, 0(x5)
234 1514 0x00000418 0x0002a383 M   lw          x7, 0(x5)
235 1519 0x0000041c 0x0002a383 M   lw          x7, 0(x5)
236 1529 0x00000420 0x0002a383 M   lw          x7, 0(x5)
237 1534 0x00000424 0x0002a383 M   lw          x7, 0(x5)
238 1539 0x00000428 0x0002a383 M   lw          x7, 0(x5)
239 1544 0x0000042c 0x0002a383 M   lw          x7, 0(x5)
240 1549 0x00000430 0x0002a383 M   lw          x7, 0(x5)
241 1554 0x00000434 0x0002a383 M   lw          x7, 0(x5)
242 1559 0x00000438 0x0002a383 M   lw          x7, 0(x5)
243 1564 0x0000043c 0x0002a383 M   lw          x7, 0(x5)
244 1574 0x00000440 0x0002a383 M   lw          x7, 0(x5)
245 1579 0x00000444 0x0002a383 M   lw          x7, 0(x5)
246 1584 0x00000448 0x0002a383 M   lw          x7, 0(x5)
247 1589 0x0000044c 0x0002a383 M   lw          x7, 0(x5)
248 1594 0x00000450 0x0002a383 M   lw          x7, 0(x5)
249 1599 0x00000454 0x0002a383 M   lw          x7, 0(x5)
250 1604 0x00000458 0x0002a383 M   lw          x7, 0(x5)
251 1609 0x0000045c 0x0002a383 M   lw          x7, 0(x5)
252 1619 0x00000460 0x0002a383 M   lw          x7, 0(x5)
253 1624 0x00000464 0x0002a383 M   lw          x7, 0(x5)
254 1629 0x00000468 0x0002a383 M   lw          x7, 0(x5)
255 1634 0x0000046c 0x0002a383 M   lw          x7, 0(x5)
256 1639 0x00000470 0x0002a383 M   lw          x7, 0(x5)
257 1644 0x00000474 0x0002a383 M   lw          x7, 0(x5)
258 1649 0x00000478 0x0002a383 M   lw          x7, 0(x5)
259 1654 0x0000047c 0x0002a383 M   lw          x7, 0(x5)
260 1664 0x00000480 0x0002a383 M   lw          x7, 0(x5)
261 1669 0x00000484 0x0002a383 M   lw          x7, 0(x5)
262 1674 0x00000488 0x0002a383 M   lw          x7, 0(x5)
263 1679 0x0000048c 0x0002a383 M   lw          x7, 0(x5)
264 1684 0x00000490 0x0002a383 M   lw          x7, 0(x5)
265 1689 0x00000494 0x0002a383 M   lw          x7, 0(x5)
266 1694 0x00000498 0x0002a383 M   lw          x7, 0(x5)
267 1699 0x0000049c 0x0002a383 M   lw          x7, 0(x5)
268 1709 0x000004a0 0x0002a383 M   lw          x7, 0(x5)
269 1714 0x000004a4 0x0002a383 M   lw          x7, 0(x5)
270 1719 0x000004a8 0x0002a383 M   lw          x7, 0(x5)
271 1724 0x000004ac 0x0002a383 M   lw          x7, 0(x5)
272 1729 0x000004b0 0x0002a383 M   lw          x7, 0(x5)
273 1734 0x000004b4 0x0002a383 M   lw          x7, 0(x5)
274 1739 0x000004b8 0x0002a383 M   lw          x7, 0(x5)
275 1744 0x000004bc 0x0002a383 M   lw          x7, 0(x5)
276 1754 0x000004c0 0x0002a383 M   lw          x7, 0(x5)
277 1759 0x000004c4 0x0002a383 M   lw          x7, 0(x5)
278 1764 0x000004c8 0x0002a383 M   lw          x7, 0(x5)
279 1769 0x000004cc 0x0002a383 M   lw          x7, 0(x5)
280 1774 0x000004d0 0x0002a383 M   lw          x7, 0(x5)
281 1779 0x000004d4 0x0002a383 M   lw          x7, 0(x5)
282 1784 0x000004d8 0x0002a383 M   lw          x7, 0(x5)
283 1789 0x000004dc 0x0002a383 M   lw          x7, 0(x5)
284 1799 0x000004e0 0x0002a383 M   lw          x7, 0(x5)
285 1804 0x000004e4 0x0002a383 M   lw          x7, 0(x5)
286 1809 0x000004e8 0x0002a383 M   lw          x7, 0(x5)
287 1814 0x000004ec 0x0002a383 M   lw          x7, 0(x5)
288 1819 0x000004f0 0x0002a383 M   lw          x7, 0(x5)
289 1824 0x000004f4 0x0002a383 M   lw          x7, 0(x5)
290 1829 0x000004f8 0x0002a383 M   lw          x7, 0(x5)
291 1834 0x000004fc 0x0002a383 M   lw          x7, 0(x5)
292 1844 0x00000500 0x0002a383 M   lw          x7, 0(x5)
293 1849 0x00000504 0x0002a383 M   lw          x7, 0(x5)
294 1854 0x00000508 0x0002a383 M   lw          x7, 0(x5)
295 1859 0x0000050c 0x0002a383 M   lw          x7, 0(x5)
296 1864 0x00000510 0x0002a383 M   lw          x7, 0(x5)
297 1869 0x00000514 0x0002a383 M   lw          x7, 0(x5)
298 1874 0x00000518 0x0002a383 M   lw          x7, 0(x5)
299 1879 0x0000051c 0x0002a383 M   lw          x7, 0(x5)
300 1889 0x00000520 0x0002a383 M   lw          x7, 0(x5)
301 1894 0x00000524 0x0002a383 M   lw          x7, 0(x5)
302 1899 0x00000528 0x0002a383 M   lw          x7, 0(x5)
303 1904 0x0000052c 0x0002a383 M   lw          x7, 0(x5)
304 1909 0x00000530 0x0002a383 M   lw          x7, 0(x5)
305 1914 0x00000534 0x0002a383 M   lw          x7, 0(x5)
306 1919 0x00000538 0x0002a383 M   lw          x7, 0(x5)
307 1924 0x0000053c 0x0002a383 M   lw          x7, 0(x5)
308 1934 0x00000540 0x0002a383 M   lw          x7, 0(x5)
309 1939 0x00000544 0x0002a383 M   lw          x7, 0(x5)
310 1944 0x00000548 0x0002a383 M   lw          x7, 0(x5)
311 1949 0x0000054c 0x0002a383 M   lw          x7, 0(x5)
312 1954 0x00000550 0x0002a383 M   lw          x7, 0(x5)
313 1959 0x00000554 0x0002a383 M   lw          x7, 0(x5)
314 1964 0x00000558 0x0002a383 M   lw          x7, 0(x5)
315 1969 0x0000055c 0x0002a383 M   lw          x7, 0(x5)
316 1979 0x00000560 0x0002a383 M   lw          x7, 0(x5)
317 1984 0x00000564 0x0002a383 M   lw          x7, 0(x5)
318 1989 0x00000568 0x0002a383 M   lw          x7, 0(x5)
319 1994 0x0000056c 0x0002a383 M   lw          x7, 0(x5)
320 1999 0x00000570 0x0002a383 M   lw          x7, 0(x5)
321 2004 0x00000574 0x0002a383 M   lw          x7, 0(x5)
322 2009 0x00000578 0x0002a383 M   lw          x7, 0(x5)
323 2014 0x0000057c 0x0002a383 M   lw          x7, 0(x5)
324 2024 0x00000580 0x0002a383 M   lw          x7, 0(x5)
325 2029 0x00000584 0x0002a383 M   lw          x7, 0(x5)
326 2034 0x00000588 0x0002a383 M   lw          x7, 0(x5)
327 2039 0x0000058c 0x0002a383 M   lw          x7, 0(x5)
328 2044 0x00000590 0x0002a383 M   lw          x7, 0(x5)
329 2049 0x00000594 0x0002a383 M   lw          x7, 0(x5)
330 2054 0x00000598 0x0002a383 M   lw          x7, 0(x5)
331 2059 0x0000059c 0x0002a383 M   lw          x7, 0(x5)
332 2069 0x000005a0 0x0002a383 M   lw          x7, 0(x5)
333 2074 0x000005a4 0x0002a383 M   lw          x7, 0(x5)
334 2079 0x000005a8 0x0002a383 M   lw          x7, 0(x5)
335 2084 0x000005ac 0x0002a383 M   lw          x7, 0(x5)
336 2089 0x000005b0 0x0002a383 M   lw          x7, 0(x5)
337 2094 0x000005b4 0x0002a383 M   lw          x7, 0(x5)
338 2099 0x000005b8 0x0002a383 M   lw          x7, 0(x5)
339 2104 0x000005bc 0x0002a383 M   lw          x7, 0(x5)
340 2114 0x000005c0 0x0002a383 M   lw          x7, 0(x5)
341 2119 0x000005c4 0x0002a383 M   lw          x7, 0(x5)
342 2124 0x000005c8 0x0002a383 M   lw          x7, 0(x5)
343 2129 0x000005cc 0x0002a383 M   lw          x7, 0(x5)
344 2134 0x000005d0 0x0002a383 M   lw          x7, 0(x5)
345 2139 0x000005d4 0x0002a383 M   lw          x7, 0(x5)
346 2144 0x000005d8 0x0002a383 M   lw          x7, 0(x5)
347 2149 0x000005dc 0x0002a383 M   lw          x7, 0(x5)
348 2159 0x000005e0 0x0002a383 M   lw          x7, 0(x5)
349 2164 0x000005e4 0x0002a383 M   lw          x7, 0(x5)
350 2169 0x000005e8 0x0002a383 M   lw          x7, 0(x5)
351 2174 0x000005ec 0x0002a383 M   lw          x7, 0(x5)
352 2179 0x000005f0 0x0002a383 M   lw          x7, 0(x5)
353 2184 0x000005f4 0x0002a383 M   lw          x7, 0(x5)
354 2189 0x000005f8 0x0002a383 M   lw          x7, 0(x5)
355 2194 0x000005fc 0x0002a383 M   lw          x7, 0(x5)
356 2204 0x00000600 0x0002a383 M   lw          x7, 0(x5)
357 2209 0x00000604 0x0002a383 M   lw          x7, 0(x5)
358 2214 0x00000608 0x0002a383 M   lw          x7, 0(x5)
359 2219 0x0000060c 0x0002a383 M   lw          x7, 0(x5)
360 2224 0x00000610 0x0002a383 M   lw          x7, 0(x5)
361 2229 0x00000614 0x0002a383 M   lw          x7, 0(x5)
362 2234 0x00000618 0x0002a383 M   lw          x7, 0(x5)
363 2239 0x0000061c 0x0002a383 M   lw          x7, 0(x5)
364 2249 0x00000620 0x0002a383 M   lw          x7, 0(x5)
365 2254 0x00000624 0x0002a383 M   lw          x7, 0(x5)
366 2259 0x00000628 0x0002a383 M   lw          x7, 0(x5)
367 2264 0x0000062c 0x0002a383 M   lw          x7, 0(x5)
368 2269 0x00000630 0x0002a383 M   lw          x7, 0(x5)
369 2274 0x00000634 0x0002a383 M   lw          x7, 0(x5)
370 2279 0x00000638 0x0002a383 M   lw          x7, 0(x5)
371 2284 0x0000063c 0x0002a383 M   lw          x7, 0(x5)
372 2294 0x00000640 0x0002a383 M   lw          x7, 0(x5)
373 2299 0x00000644 0x0002a383 M   lw          x7, 0(x5)
374 2304 0x00000648 0x0002a383 M   lw          x7, 0(x5)
375 2309 0x0000064c 0x0002a383 M   lw          x7, 0(x5)
376 2314 0x00000650 0x0002a383 M   lw          x7, 0(x5)
377 2319 0x00000654 0x0002a383 M   lw          x7, 0(x5)
378 2324 0x00000658 0x0002a383 M   lw          x7, 0(x5)
379 2329 0x0000065c 0x0002a383 M   lw          x7, 0(x5)
380 2339 0x00000660 0x0002a383 M   lw          x7, 0(x5)
381 2344 0x00000664 0x0002a383 M   lw          x7, 0(x5)
382 2349 0x00000668 0x0002a383 M   lw          x7, 0(x5)
383 2354 0x0000066c 0x0002a383 M   lw          x7, 0(x5)
384 2359 0x00000670 0x0002a383 M   lw          x7, 0(x5)
385 2364 0x00000674 0x0002a383 M   lw          x7, 0(x5)
386 2369 0x00000678 0x0002a383 M   lw          x7, 0(x5)
387 2374 0x0000067c 0x0002a383 M   lw          x7, 0(x5)
388 2384 0x00000680 0x0002a383 M   lw          x7, 0(x5)
389 2389 0x00000684 0x0002a383 M   lw          x7, 0(x5)
390 2394 0x00000688 0x0002a383 M   lw          x7, 0(x5)
391 2399 0x0000068c 0x0002a383 M   lw          x7, 0(x5)
392 2404 0x00000690 0x0002a383 M   lw          x7, 0(x5)
393 2409 0x00000694 0x0002a383 M   lw          x7, 0(x5)
394 2414 0x00000698 0x0002a383 M   lw          x7, 0(x5)
395 2419 0x0000069c 0x0002a383 M   lw          x7, 0(x5)
396 2429 0x000006a0 0x0002a383 M   lw          x7, 0(x5)
397 2434 0x000006a4 0x0002a383 M   lw          x7, 0(x5)
398 2439 0x000006a8 0x0002a383 M   lw          x7, 0(x5)
399 2444 0x000006ac 0x0002a383 M   lw          x7, 0(x5)
400 2449 0x000006b0 0x0002a383 M   lw          x7, 0(x5)
401 2454 0x000006b4 0x0002a383 M   lw          x7, 0(x5)
402 2459 0x000006b8 0x0002a383 M   lw          x7, 0(x5)
403 2464 0x000006bc 0x0002a383 M   lw          x7, 0(x5)
404 2474 0x000006c0 0x0002a383 M   lw          x7, 0(x5)
405 2479 0x000006c4 0x0002a383 M   lw          x7, 0(x5)
406 2484 0x000006c8 0x0002a383 M   lw          x7, 0(x5)
407 2489 0x000006cc 0x0002a383 M   lw          x7, 0(x5)
408 2494 0x000006d0 0x0002a383 M   lw          x7, 0(x5)
409 2499 0x000006d4 0x0002a383 M   lw          x7, 0(x5)
410 2504 0x000006d8 0x0002a383 M   lw          x7, 0(x5)
411 2509 0x000006dc 0x0002a383 M   lw          x7, 0(x5)
412 2519 0x000006e0 0x0002a383 M   lw          x7, 0(x5)
413 2524 0x000006e4 0x0002a383 M   lw          x7, 0(x5)
414 2529 0x000006e8 0x0002a383 M   lw          x7, 0(x5)
415 2534 0x000006ec 0x0002a383 M   lw          x7, 0(x5)
416 2539 0x000006f0 0x0002a383 M   lw          x7, 0(x5)
417 2544 0x000006f4 0x0002a383 M   lw          x7, 0(x5)
418 2549 0x000006f8 0x0002a383 M   lw          x7, 0(x5)
419 2554 0x000006fc 0x0002a383 M   lw          x7, 0(x5)
420 2564 0x00000700 0x0002a383 M   lw          x7, 0(x5)
421 2569 0x00000704 0x0002a383 M   lw          x7, 0(x5)
422 2574 0x00000708 0x0002a383 M   lw          x7, 0(x5)
423 2579 0x0000070c 0x0002a383 M   lw          x7, 0(x5)
424 2584 0x00000710 0x0002a383 M   lw          x7, 0(x5)
425 2589 0x00000714 0x0002a383 M   lw          x7, 0(x5)
426 2594 0x00000718 0x0002a383 M   lw          x7, 0(x5)
427 2599 0x0000071c 0x0002a383 M   lw          x7, 0(x5)
428 2609 0x00000720 0x0002a383 M   lw          x7, 0(x5)
429 2614 0x00000724 0x0002a383 M   lw          x7, 0(x5)
430 2619 0x00000728 0x0002a383 M   lw          x7, 0(x5)
431 2624 0x0000072c 0x0002a383 M   lw          x7, 0(x5)
432 2629 0x00000730 0x0002a383 M   lw          x7, 0(x5)
433 2634 0x00000734 0x0002a383 M   lw          x7, 0(x5)
434 2639 0x00000738 0x0002a383 M   lw          x7, 0(x5)
435 2644 0x0000073c 0x0002a383 M   lw          x7, 0(x5)
436 2654 0x00000740 0x0002a383 M   lw          x7, 0(x5)
437 2659 0x00000744 0x0002a383 M   lw          x7, 0(x5)
438 2664 0x00000748 0x0002a383 M   lw          x7, 0(x5)
439 2669 0x0000074c 0x0002a383 M   lw          x7, 0(x5)
440 2674 0x00000750 0x0002a383 M   lw          x7, 0(x5)
441 2679 0x00000754 0x0002a383 M   lw          x7, 0(x5)
442 2684 0x00000758 0x0002a383 M   lw          x7, 0(x5)
443 2689 0x0000075c 0x0002a383 M   lw          x7, 0(x5)
444 2699 0x00000760 0x0002a383 M   lw          x7, 0(x5)
445 2704 0x00000764 0x0002a383 M   lw          x7, 0(x5)
446 2709 0x00000768 0x0002a383 M   lw          x7, 0(x5)
447 2714 0x0000076c 0x0002a383 M   lw          x7, 0(x5)
448 2719 0x00000770 0x0002a383 M   lw          x7, 0(x5)
449 2724 0x00000774 0x0002a383 M   lw          x7, 0(x5)
450 2729 0x00000778 0x0002a383 M   lw          x7, 0(x5)
451 2734 0x0000077c 0x0002a383 M   lw          x7, 0(x5)
452 2744 0x00000780 0x0002a383 M   lw          x7, 0(x5)
453 2749 0x00000784 0x0002a383 M   lw          x7, 0(x5)
454 2754 0x00000788 0x0002a383 M   lw          x7, 0(x5)
455 2759 0x0000078c 0x0002a383 M   lw          x7, 0(x5)
456 2764 0x00000790 0x0002a383 M   lw          x7, 0(x5)
457 2769 0x00000794 0x0002a383 M   lw          x7, 0(x5)
458 2774 0x00000798 0x0002a383 M   lw          x7, 0(x5)
459 2779 0x0000079c 0x0002a383 M   lw          x7, 0(x5)
460 2789 0x000007a0 0x0002a383 M   lw          x7, 0(x5)
461 2794 0x000007a4 0x0002a383 M   lw          x7, 0(x5)
462 2799 0x000007a8 0x0002a383 M   lw          x7, 0(x5)
463 2804 0x000007ac 0x0002a383 M   lw          x7, 0(x5)
464 2809 0x000007b0 0x0002a383 M   lw          x7, 0(x5)
465 2814 0x000007b4 0x0002a383 M   lw          x7, 0(x5)
466 2819 0x000007b8 0x0002a383 M   lw          x7, 0(x5)
467 2824 0x000007bc 0x0002a383 M   lw          x7, 0(x5)
468 2834 0x000007c0 0x0002a383 M   lw          x7, 0(x5)
469 2839 0x000007c4 0x0002a383 M   lw          x7, 0(x5)
470 2844 0x000007c8 0x0002a383 M   lw          x7, 0(x5)
471 2849 0x000007cc 0x0002a383 M   lw          x7, 0(x5)
472 2854 0x000007d0 0x0002a383 M   lw          x7, 0(x5)
473 2859 0x000007d4 0x0002a383 M   lw          x7, 0(x5)
474 2864 0x000007d8 0x0002a383 M   lw          x7, 0(x5)
475 2869 0x000007dc 0x0002a383 M   lw          x7, 0(x5)
476 2879 0x000007e0 0x0002a383 M   lw          x7, 0(x5)
477 2884 0x000007e4 0x0002a383 M   lw          x7, 0(x5)
478 2889 0x000007e8 0x0002a383 M   lw          x7, 0(x5)
479 2894 0x000007ec 0x0002a383 M   lw          x7, 0(x5)
480 2899 0x000007f0 0x0002a383 M   lw          x7, 0(x5)
481 2904 0x000007f4 0x0002a383 M   lw          x7, 0(x5)
482 2909 0x000007f8 0x0002a383 M   lw          x7, 0(x5)
483 2914 0x000007fc 0x0002a383 M   lw          x7, 0(x5)
484 2924 0x00000800 0x0002a383 M   lw          x7, 0(x5)
485 2929 0x00000804 0x0002a383 M   lw          x7, 0(x5)
486 2934 0x00000808 0x0002a383 M   lw          x7, 0(x5)
487 2939 0x0000080c 0x0002a383 M   lw          x7, 0(x5)
488 2944 0x00000810 0x0002a383 M   lw          x7, 0(x5)
489 2949 0x00000814 0x0002a383 M   lw          x7, 0(x5)
490 2954 0x00000818 0x0002a383 M   lw          x7, 0(x5)
491 2959 0x0000081c 0x0002a383 M   lw          x7, 0(x5)
492 2969 0x00000820 0x0002a383 M   lw          x7, 0(x5)
493 2974 0x00000824 0x0002a383 M   lw          x7, 0(x5)
494 2979 0x00000828 0x0002a383 M   lw          x7, 0(x5)
495 2984 0x0000082c 0x0002a383 M   lw          x7, 0(x5)
496 2989 0x00000830 0x0002a383 M   lw          x7, 0(x5)
497 2994 0x00000834 0x0002a383 M   lw          x7, 0(x5)
498 2999 0x00000838 0x0002a383 M   lw          x7, 0(x5)
499 3004 0x0000083c 0x0002a383 M   lw          x7, 0(x5)
500 3014 0x00000840 0x0002a383 M   lw          x7, 0(x5)
501 3019 0x00000844 0x0002a383 M   lw          x7, 0(x5)
502 3024 0x00000848 0x0002a383 M   lw          x7, 0(x5)
503 3029 0x0000084c 0x0002a383 M   lw          x7, 0(x5)
504 3034 0x00000850 0x0002a383 M   lw          x7, 0(x5)
505 3039 0x00000854 0x0002a383 M   lw          x7, 0(x5)
506 3044 0x00000858 0x0002a383 M   lw          x7, 0(x5)
507 3049 0x0000085c 0x0002a383 M   lw          x7, 0(x5)
508 3059 0x00000860 0x0002a383 M   lw          x7, 0(x5)
509 3064 0x00000864 0x0002a383 M   lw          x7, 0(x5)
510 3069 0x00000868 0x0002a383 M   lw          x7, 0(x5)
511 3074 0x0000086c 0x0002a383 M   lw          x7, 0(x5)
512 3079 0x00000870 0x0002a383 M   lw          x7, 0(x5)
513 3084 0x00000874 0x0002a383 M   lw          x7, 0(x5)
514 3089 0x00000878 0x0002a383 M   lw          x7, 0(x5)
515 3094 0x0000087c 0x0002a383 M   lw          x7, 0(x5)
516 3104 0x00000880 0x0002a383 M   lw          x7, 0(x5)
517 3109 0x00000884 0x0002a383 M   lw          x7, 0(x5)
518 3114 0x00000888 0x0002a383 M   lw          x7, 0(x5)
519 3119 0x0000088c 0x0002a383 M   lw          x7, 0(x5)
520 3124 0x00000890 0x0002a383 M   lw          x7, 0(x5)
521 3129 0x00000894 0x0002a383 M   lw          x7, 0(x5)
522 3134 0x00000898 0x0002a383 M   lw          x7, 0(x5)
523 3139 0x0000089c 0x0002a383 M   lw          x7, 0(x5)
524 3149 0x000008a0 0x0002a383 M   lw          x7, 0(x5)
525 3154 0x000008a4 0x0002a383 M   lw          x7, 0(x5)
526 3159 0x000008a8 0x0002a383 M   lw          x7, 0(x5)
527 3164 0x000008ac 0x0002a383 M   lw          x7, 0(x5)
528 3169 0x000008b0 0x0002a383 M   lw          x7, 0(x5)
529 3174 0x000008b4 0x0002a383 M   lw          x7, 0(x5)
530 3179 0x000008b8 0x0002a383 M   lw          x7, 0(x5)
531 3184 0x000008bc 0x0002a383 M   lw          x7, 0(x5)
532 3194 0x000008c0 0x0002a383 M   lw          x7, 0(x5)
533 3199 0x000008c4 0x0002a383 M   lw          x7, 0(x5)
534 3204 0x000008c8 0x0002a383 M   lw          x7, 0(x5)
535 3209 0x000008cc 0x0002a383 M   lw          x7, 0(x5)
536 3214 0x000008d0 0x0002a383 M   lw          x7, 0(x5)
537 3219 0x000008d4 0x0002a383 M   lw          x7, 0(x5)
538 3224 0x000008d8 0x0002a383 M   lw          x7, 0(x5)
539 3229 0x000008dc 0x0002a383 M   lw          x7, 0(x5)
540 3239 0x000008e0 0x0002a383 M   lw          x7, 0(x5)
541 3244 0x000008e4 0x0002a383 M   lw          x7, 0(x5)
542 3249 0x000008e8 0x0002a383 M   lw          x7, 0(x5)
543 3254 0x000008ec 0x0002a383 M   lw          x7, 0(x5)
544 3259 0x000008f0 0x0002a383 M   lw          x7, 0(x5)
545 3264 0x000008f4 0x0002a383 M   lw          x7, 0(x5)
546 3269 0x000008f8 0x0002a383 M   lw          x7, 0(x5)
547 3274 0x000008fc 0x0002a383 M   lw          x7, 0(x5)
548 3284 0x00000900 0x0002a383 M   lw          x7, 0(x5)
549 3289 0x00000904 0x0002a383 M   lw          x7, 0(x5)
550 3294 0x00000908 0x0002a383 M   lw          x7, 0(x5)
551 3299 0x0000090c 0x0002a383 M   lw          x7, 0(x5)
552 3304 0x00000910 0x0002a383 M   lw          x7, 0(x5)
553 3309 0x00000914 0x0002a383 M   lw          x7, 0(x5)
554 3314 0x00000918 0x0002a383 M   lw          x7, 0(x5)
555 3319 0x0000091c 0x0002a383 M   lw          x7, 0(x5)
556 3329 0x00000920 0x0002a383 M   lw          x7, 0(x5)
557 3334 0x00000924 0x0002a383 M   lw          x7, 0(x5)
558 3339 0x00000928 0x0002a383 M   lw          x7, 0(x5)
559 3344 0x0000092c 0x0002a383 M   lw          x7, 0(x5)
560 3349 0x00000930 0x0002a383 M   lw          x7, 0(x5)
561 3354 0x00000934 0x0002a383 M   lw          x7, 0(x5)
562 3359 0x00000938 0x0002a383 M   lw          x7, 0(x5)
563 3364 0x0000093c 0x0002a383 M   lw          x7, 0(x5)
564 3374 0x00000940 0x0002a383 M   lw          x7, 0(x5)
565 3379 0x00000944 0x0002a383 M   lw          x7, 0(x5)
566 3384 0x00000948 0x0002a383 M   lw          x7, 0(x5)
567 3389 0x0000094c 0x0002a383 M   lw          x7, 0(x5)
568 3394 0x00000950 0x0002a383 M   lw          x7, 0(x5)
569 3399 0x00000954 0x0002a383 M   lw          x7, 0(x5)
570 3404 0x00000958 0x0002a383 M   lw          x7, 0(x5)
571 3409 0x0000095c 0x0002a383 M   lw          x7, 0(x5)
572 3419 0x00000960 0x0002a383 M   lw          x7, 0(x5)
573 3424 0x00000964 0x0002a383 M   lw          x7, 0(x5)
574 3429 0x00000968 0x0002a383 M   lw          x7, 0(x5)
575 3434 0x0000096c 0x0002a383 M   lw          x7, 0(x5)
576 3439 0x00000970 0x0002a383 M   lw          x7, 0(x5)
577 3444 0x00000974 0x0002a383 M   lw          x7, 0(x5)
578 3449 0x00000978 0x0002a383 M   lw          x7, 0(x5)
579 3454 0x0000097c 0x0002a383 M   lw          x7, 0(x5)
580 3464 0x00000980 0x0002a383 M   lw          x7, 0(x5)
581 3469 0x00000984 0x0002a383 M   lw          x7, 0(x5)
582 3474 0x00000988 0x0002a383 M   lw          x7, 0(x5)
583 3479 0x0000098c 0x0002a383 M   lw          x7, 0(x5)
584 3484 0x00000990 0x0002a383 M   lw          x7, 0(x5)
585 3489 0x00000994 0x0002a383 M   lw          x7, 0(x5)
586 3494 0x00000998 0x0002a383 M   lw          x7, 0(x5)
587 3499 0x0000099c 0x0002a383 M   lw          x7, 0(x5)
588 3509 0x000009a0 0x0002a383 M   lw          x7, 0(x5)
589 3514 0x000009a4 0x0002a383 M   lw          x7, 0(x5)
590 3519 0x000009a8 0x0002a383 M   lw          x7, 0(x5)
591 3524 0x000009ac 0x0002a383 M   lw          x7, 0(x5)
592 3529 0x000009b0 0x0002a383 M   lw          x7, 0(x5)
593 3534 0x000009b4 0x0002a383 M   lw          x7, 0(x5)
594 3539 0x000009b8 0x0002a383 M   lw          x7, 0(x5)
595 3544 0x000009bc 0x0002a383 M   lw          x7, 0(x5)
596 3554 0x000009c0 0x0002a383 M   lw          x7, 0(x5)
597 3559 0x000009c4 0x0002a383 M   lw          x7, 0(x5)
598 3564 0x000009c8 0x0002a383 M   lw          x7, 0(x5)
599 3569 0x000009cc 0x0002a383 M   lw          x7, 0(x5)
600 3574 0x000009d0 0x0002a383 M   lw          x7, 0(x5)
601 3579 0x000009d4 0x0002a383 M   lw          x7, 0(x5)
602 3584 0x000009d8 0x0002a383 M   lw          x7, 0(x5)
603 3589 0x000009dc 0x0002a383 M   lw          x7, 0(x5)
604 3599 0x000009e0 0x0002a383 M   lw          x7, 0(x5)
605 3604 0x000009e4 0x0002a383 M   lw          x7, 0(x5)
606 3609 0x000009e8 0x0002a383 M   lw          x7, 0(x5)
607 3614 0x000009ec 0x0002a383 M   lw          x7, 0(x5)
608 3619 0x000009f0 0x0002a383 M   lw          x7, 0(x5)
609 3624 0x000009f4 0x0002a383 M   lw          x7, 0(x5)
610 3629 0x000009f8 0x0002a383 M   lw          x7, 0(x5)
611 3634 0x000009fc 0x0002a383 M   lw          x7, 0(x5)
612 3644 0x00000a00 0x0002a383 M   lw          x7, 0(x5)
613 3649 0x00000a04 0x0002a383 M   lw          x7, 0(x5)
614 3654 0x00000a08 0x0002a383 M   lw          x7, 0(x5)
615 3659 0x00000a0c 0x0002a383 M   lw          x7, 0(x5)
616 3664 0x00000a10 0x0002a383 M   lw          x7, 0(x5)
617 3669 0x00000a14 0x0002a383 M   lw          x7, 0(x5)
618 3674 0x00000a18 0x0002a383 M   lw          x7, 0(x5)
619 3679 0x00000a1c 0x0002a383 M   lw          x7, 0(x5)
620 3689 0x00000a20 0x0002a383 M   lw          x7, 0(x5)
621 3694 0x00000a24 0x0002a383 M   lw          x7, 0(x5)
622 3699 0x00000a28 0x0002a383 M   lw          x7, 0(x5)
623 3704 0x00000a2c 0x0002a383 M   lw          x7, 0(x5)
624 3709 0x00000a30 0x0002a383 M   lw          x7, 0(x5)
625 3714 0x00000a34 0x0002a383 M   lw          x7, 0(x5)
626 3719 0x00000a38 0x0002a383 M   lw          x7, 0(x5)
627 3724 0x00000a3c 0x0002a383 M   lw          x7, 0(x5)
628 3734 0x00000a40 0x0002a383 M   lw          x7, 0(x5)
629 3739 0x00000a44 0x0002a383 M   lw          x7, 0(x5)
630 3744 0x00000a48 0x0002a383 M   lw          x7, 0(x5)
631 3749 0x00000a4c 0x0002a383 M   lw          x7, 0(x5)
632 3754 0x00000a50 0x0002a383 M   lw          x7, 0(x5)
633 3759 0x00000a54 0x0002a383 M   lw          x7, 0(x5)
634 3764 0x00000a58 0x0002a383 M   lw          x7, 0(x5)
635 3769 0x00000a5c 0x0002a383 M   lw          x7, 0(x5)
636 3779 0x00000a60 0x0002a383 M   lw          x7, 0(x5)
637 3784 0x00000a64 0x0002a383 M   lw          x7, 0(x5)
638 3789 0x00000a68 0x0002a383 M   lw          x7, 0(x5)
639 3794 0x00000a6c 0x0002a383 M   lw          x7, 0(x5)
640 3799 0x00000a70 0x0002a383 M   lw          x7, 0(x5)
641 3804 0x00000a74 0x0002a383 M   lw          x7, 0(x5)
642 3809 0x00000a78 0x0002a383 M   lw          x7, 0(x5)
643 3814 0x00000a7c 0x0002a383 M   lw          x7, 0(x5)
644 3824 0x00000a80 0x0002a383 M   lw          x7, 0(x5)
645 3829 0x00000a84 0x0002a383 M   lw          x7, 0(x5)
646 3834 0x00000a88 0x0002a383 M   lw          x7, 0(x5)
647 3839 0x00000a8c 0x0002a383 M   lw          x7, 0(x5)
648 3844 0x00000a90 0x0002a383 M   lw          x7, 0(x5)
649 3849 0x00000a94 0x0002a383 M   lw          x7, 0(x5)
650 3854 0x00000a98 0x0002a383 M   lw          x7, 0(x5)
651 3859 0x00000a9c 0x0002a383 M   lw          x7, 0(x5)
652 3869 0x00000aa0 0x0002a383 M   lw          x7, 0(x5)
653 3874 0x00000aa4 0x0002a383 M   lw          x7, 0(x5)
654 3879 0x00000aa8 0x0002a383 M   lw          x7, 0(x5)
655 3884 0x00000aac 0x0002a383 M   lw          x7, 0(x5)
656 3889 0x00000ab0 0x0002a383 M   lw          x7, 0(x5)
657 3894 0x00000ab4 0x0002a383 M   lw          x7, 0(x5)
658 3899 0x00000ab8 0x0002a383 M   lw          x7, 0(x5)
659 3904 0x00000abc 0x0002a383 M   lw          x7, 0(x5)
660 3914 0x00000ac0 0x0002a383 M   lw          x7, 0(x5)
661 3919 0x00000ac4 0x0002a383 M   lw          x7, 0(x5)
662 3924 0x00000ac8 0x0002a383 M   lw          x7, 0(x5)
663 3929 0x00000acc 0x0002a383 M   lw          x7, 0(x5)
664 3934 0x00000ad0 0x0002a383 M   lw          x7, 0(x5)
665 3939 0x00000ad4 0x0002a383 M   lw          x7, 0(x5)
666 3944 0x00000ad8 0x0002a383 M   lw          x7, 0(x5)
667 3949 0x00000adc 0x0002a383 M   lw          x7, 0(x5)
668 3959 0x00000ae0 0x0002a383 M   lw          x7, 0(x5)
669 3964 0x00000ae4 0x0002a383 M   lw          x7, 0(x5)
670 3969 0x00000ae8 0x0002a383 M   lw          x7, 0(x5)
671 3974 0x00000aec 0x0002a383 M   lw          x7, 0(x5)
672 3979 0x00000af0 0x0002a383 M   lw          x7, 0(x5)
673 3984 0x00000af4 0x0002a383 M   lw          x7, 0(x5)
674 3989 0x00000af8 0x0002a383 M   lw          x7, 0(x5)
675 3994 0x00000afc 0x0002a383 M   lw          x7, 0(x5)
676 4004 0x00000b00 0x0002a383 M   lw          x7, 0(x5)
677 4009 0x00000b04 0x0002a383 M   lw          x7, 0(x5)
678 4014 0x00000b08 0x0002a383 M   lw          x7, 0(x5)
679 4019 0x00000b0c 0x0002a383 M   lw          x7, 0(x5)
680 4024 0x00000b10 0x0002a383 M   lw          x7, 0(x5)
681 4029 0x00000b14 0x0002a383 M   lw          x7, 0(x5)
682 4034 0x00000b18 0x0002a383 M   lw          x7, 0(x5)
683 4039 0x00000b1c 0x0002a383 M   lw          x7, 0(x5)
684 4049 0x00000b20 0x0002a383 M   lw          x7, 0(x5)
685 4054 0x00000b24 0x0002a383 M   lw          x7, 0(x5)
686 4059 0x00000b28 0x0002a383 M   lw          x7, 0(x5)
687 4064 0x00000b2c 0x0002a383 M   lw          x7, 0(x5)
688 4069 0x00000b30 0x0002a383 M   lw          x7, 0(x5)
689 4074 0x00000b34 0x0002a383 M   lw          x7, 0(x5)
690 4079 0x00000b38 0x0002a383 M   lw          x7, 0(x5)
691 4084 0x00000b3c 0x0002a383 M   lw          x7, 0(x5)
692 4094 0x00000b40 0x0002a383 M   lw          x7, 0(x5)
693 4099 0x00000b44 0x0002a383 M   lw          x7, 0(x5)
694 4104 0x00000b48 0x0002a383 M   lw          x7, 0(x5)
695 4109 0x00000b4c 0x0002a383 M   lw          x7, 0(x5)
696 4114 0x00000b50 0x0002a383 M   lw          x7, 0(x5)
697 4119 0x00000b54 0x0002a383 M   lw          x7, 0(x5)
698 4124 0x00000b58 0x0002a383 M   lw          x7, 0(x5)
699 4129 0x00000b5c 0x0002a383 M   lw          x7, 0(x5)
700 4139 0x00000b60 0x0002a383 M   lw          x7, 0(x5)
701 4144 0x00000b64 0x0002a383 M   lw          x7, 0(x5)
702 4149 0x00000b68 0x0002a383 M   lw          x7, 0(x5)
703 4154 0x00000b6c 0x0002a383 M   lw          x7, 0(x5)
704 4159 0x00000b70 0x0002a383 M   lw          x7, 0(x5)
705 4164 0x00000b74 0x0002a383 M   lw          x7, 0(x5)
706 4169 0x00000b78 0x0002a383 M   lw          x7, 0(x5)
707 4174 0x00000b7c 0x0002a383 M   lw          x7, 0(x5)
708 4184 0x00000b80 0x0002a383 M   lw          x7, 0(x5)
709 4189 0x00000b84 0x0002a383 M   lw          x7, 0(x5)
710 4194 0x00000b88 0x0002a383 M   lw          x7, 0(x5)
711 4199 0x00000b8c 0x0002a383 M   lw          x7, 0(x5)
712 4204 0x00000b90 0x0002a383 M   lw          x7, 0(x5)
713 4209 0x00000b94 0x0002a383 M   lw          x7, 0(x5)
714 4214 0x00000b98 0x0002a383 M   lw          x7, 0(x5)
715 4219 0x00000b9c 0x0002a383 M   lw          x7, 0(x5)
716 4229 0x00000ba0 0x0002a383 M   lw          x7, 0(x5)
717 4234 0x00000ba4 0x0002a383 M   lw          x7, 0(x5)
718 4239 0x00000ba8 0x0002a383 M   lw          x7, 0(x5)
719 4244 0x00000bac 0x0002a383 M   lw          x7, 0(x5)
720 4249 0x00000bb0 0x0002a383 M   lw          x7, 0(x5)
721 4254 0x00000bb4 0x0002a383 M   lw          x7, 0(x5)
722 4259 0x00000bb8 0x0002a383 M   lw          x7, 0(x5)
723 4264 0x00000bbc 0x0002a383 M   lw          x7, 0(x5)
724 4274 0x00000bc0 0x0002a383 M   lw          x7, 0(x5)
725 4279 0x00000bc4 0x0002a383 M   lw          x7, 0(x5)
726 4284 0x00000bc8 0x0002a383 M   lw          x7, 0(x5)
727 4289 0x00000bcc 0x0002a383 M   lw          x7, 0(x5)
728 4294 0x00000bd0 0x0002a383 M   lw          x7, 0(x5)
729 4299 0x00000bd4 0x0002a383 M   lw          x7, 0(x5)
730 4304 0x00000bd8 0x0002a383 M   lw          x7, 0(x5)
731 4309 0x00000bdc 0x0002a383 M   lw          x7, 0(x5)
732 4319 0x00000be0 0x0002a383 M   lw          x7, 0(x5)
733 4324 0x00000be4 0x0002a383 M   lw          x7, 0(x5)
734 4329 0x00000be8 0x0002a383 M   lw          x7, 0(x5)
735 4334 0x00000bec 0x0002a383 M   lw          x7, 0(x5)
736 4339 0x00000bf0 0x0002a383 M   lw          x7, 0(x5)
737 4344 0x00000bf4 0x0002a383 M   lw          x7, 0(x5)
738 4349 0x00000bf8 0x0002a383 M   lw          x7, 0(x5)
739 4354 0x00000bfc 0x0002a383 M   lw          x7, 0(x5)
740 4364 0x00000c00 0x0002a383 M   lw          x7, 0(x5)
741 4369 0x00000c04 0x0002a383 M   lw          x7, 0(x5)
742 4374 0x00000c08 0x0002a383 M   lw          x7, 0(x5)
743 4379 0x00000c0c 0x0002a383 M   lw          x7, 0(x5)
744 4384 0x00000c10 0x0002a383 M   lw          x7, 0(x5)
745 4389 0x00000c14 0x0002a383 M   lw          x7, 0(x5)
746 4394 0x00000c18 0x0002a383 M   lw          x7, 0(x5)
747 4399 0x00000c1c 0x0002a383 M   lw          x7, 0(x5)
748 4409 0x00000c20 0x0002a383 M   lw          x7, 0(x5)
749 4414 0x00000c24 0x0002a383 M   lw          x7, 0(x5)
750 4419 0x00000c28 0x0002a383 M   lw          x7, 0(x5)
751 4424 0x00000c2c 0x0002a383 M   lw          x7, 0(x5)
752 4429 0x00000c30 0x0002a383 M   lw          x7, 0(x5)
753 4434 0x00000c34 0x0002a383 M   lw          x7, 0(x5)
754 4439 0x00000c38 0x0002a383 M   lw          x7, 0(x5)
755 4444 0x00000c3c 0x0002a383 M   lw          x7, 0(x5)
756 4454 0x00000c40 0x0002a383 M   lw          x7, 0(x5)
757 4459 0x00000c44 0x0002a383 M   lw          x7, 0(x5)
758 4464 0x00000c48 0x0002a383 M   lw          x7, 0(x5)
759 4469 0x00000c4c 0x0002a383 M   lw          x7, 0(x5)
760 4474 0x00000c50 0x0002a383 M   lw          x7, 0(x5)
761 4479 0x00000c54 0x0002a383 M   lw          x7, 0(x5)
762 4484 0x00000c58 0x0002a383 M   lw          x7, 0(x5)
763 4489 0x00000c5c 0x0002a383 M   lw          x7, 0(x5)
764 4499 0x00000c60 0x0002a383 M   lw          x7, 0(x5)
765 4504 0x00000c64 0x0002a383 M   lw          x7, 0(x5)
766 4509 0x00000c68 0x0002a383 M   lw          x7, 0(x5)
767 4514 0x00000c6c 0x0002a383 M   lw          x7, 0(x5)
768 4519 0x00000c70 0x0002a383 M   lw          x7, 0(x5)
769 4524 0x00000c74 0x0002a383 M   lw          x7, 0(x5)
770 4529 0x00000c78 0x0002a383 M   lw          x7, 0(x5)
771 4534 0x00000c7c 0x0002a383 M   lw          x7, 0(x5)
772 4544 0x00000c80 0x0002a383 M   lw          x7, 0(x5)
773 4549 0x00000c84 0x0002a383 M   lw          x7, 0(x5)
774 4554 0x00000c88 0x0002a383 M   lw          x7, 0(x5)
775 4559 0x00000c8c 0x0002a383 M   lw          x7, 0(x5)
776 4564 0x00000c90 0x0002a383 M   lw          x7, 0(x5)
777 4569 0x00000c94 0x0002a383 M   lw          x7, 0(x5)
778 4574 0x00000c98 0x0002a383 M   lw          x7, 0(x5)
779 4579 0x00000c9c 0x0002a383 M   lw          x7, 0(x5)
780 4589 0x00000ca0 0x0002a383 M   lw          x7, 0(x5)
781 4594 0x00000ca4 0x0002a383 M   lw          x7, 0(x5)
782 4599 0x00000ca8 0x0002a383 M   lw          x7, 0(x5)
783 4604 0x00000cac 0x0002a383 M   lw          x7, 0(x5)
784 4609 0x00000cb0 0x0002a383 M   lw          x7, 0(x5)
785 4614 0x00000cb4 0x0002a383 M   lw          x7, 0(x5)
786 4619 0x00000cb8 0x0002a383 M   lw          x7, 0(x5)
787 4624 0x00000cbc 0x0002a383 M   lw          x7, 0(x5)
788 4634 0x00000cc0 0x0002a383 M   lw          x7, 0(x5)
789 4639 0x00000cc4 0x0002a383 M   lw          x7, 0(x5)
790 4644 0x00000cc8 0x0002a383 M   lw          x7, 0(x5)
791 4649 0x00000ccc 0x0002a383 M   lw          x7, 0(x5)
792 4654 0x00000cd0 0x0002a383 M   lw          x7, 0(x5)
793 4659 0x00000cd4 0x0002a383 M   lw          x7, 0(x5)
794 4664 0x00000cd8 0x0002a383 M   lw          x7, 0(x5)
795 4669 0x00000cdc 0x0002a383 M   lw          x7, 0(x5)
796 4679 0x00000ce0 0x0002a383 M   lw          x7, 0(x5)
797 4684 0x00000ce4 0x0002a383 M   lw          x7, 0(x5)
798 4689 0x00000ce8 0x0002a383 M   lw          x7, 0(x5)
799 4694 0x00000cec 0x0002a383 M   lw          x7, 0(x5)
800 4699 0x00000cf0 0x0002a383 M   lw          x7, 0(x5)
801 4704 0x00000cf4 0x0002a383 M   lw          x7, 0(x5)
802 4709 0x00000cf8 0x0002a383 M   lw          x7, 0(x5)
803 4714 0x00000cfc 0x0002a383 M   lw          x7, 0(x5)
804 4724 0x00000d00 0x0002a383 M   lw          x7, 0(x5)
805 4729 0x00000d04 0x0002a383 M   lw          x7, 0(x5)
806 4734 0x00000d08 0x0002a383 M   lw          x7, 0(x5)
807 4739 0x00000d0c 0x0002a383 M   lw          x7, 0(x5)
808 4744 0x00000d10 0x0002a383 M   lw          x7, 0(x5)
809 4749 0x00000d14 0x0002a383 M   lw          x7, 0(x5)
810 4754 0x00000d18 0x0002a383 M   lw          x7, 0(x5)
811 4759 0x00000d1c 0x0002a383 M   lw          x7, 0(x5)
812 4769 0x00000d20 0x0002a383 M   lw          x7, 0(x5)
813 4774 0x00000d24 0x0002a383 M   lw          x7, 0(x5)
814 4779 0x00000d28 0x0002a383 M   lw          x7, 0(x5)
815 4784 0x00000d2c 0x0002a383 M   lw          x7, 0(x5)
816 4789 0x00000d30 0x0002a383 M   lw          x7, 0(x5)
817 4794 0x00000d34 0x0002a383 M   lw          x7, 0(x5)
818 4799 0x00000d38 0x0002a383 M   lw          x7, 0(x5)
819 4804 0x00000d3c 0x0002a383 M   lw          x7, 0(x5)
820 4814 0x00000d40 0x0002a383 M   lw          x7, 0(x5)
821 4819 0x00000d44 0x0002a383 M   lw          x7, 0(x5)
822 4824 0x00000d48 0x0002a383 M   lw          x7, 0(x5)
823 4829 0x00000d4c 0x0002a383 M   lw          x7, 0(x5)
824 4834 0x00000d50 0x0002a383 M   lw          x7, 0(x5)
825 4839 0x00000d54 0x0002a383 M   lw          x7, 0(x5)
826 4844 0x00000d58 0x0002a383 M   lw          x7, 0(x5)
827 4849 0x00000d5c 0x0002a383 M   lw          x7, 0(x5)
828 4859 0x00000d60 0x0002a383 M   lw          x7, 0(x5)
829 4864 0x00000d64 0x0002a383 M   lw          x7, 0(x5)
830 4869 0x00000d68 0x0002a383 M   lw          x7, 0(x5)
831 4874 0x00000d6c 0x0002a383 M   lw          x7, 0(x5)
832 4879 0x00000d70 0x0002a383 M   lw          x7, 0(x5)
833 4884 0x00000d74 0x0002a383 M   lw          x7, 0(x5)
834 4889 0x00000d78 0x0002a383 M   lw          x7, 0(x5)
835 4894 0x00000d7c 0x0002a383 M   lw          x7, 0(x5)
836 4904 0x00000d80 0x0002a383 M   lw          x7, 0(x5)
837 4909 0x00000d84 0x0002a383 M   lw          x7, 0(x5)
838 4914 0x00000d88 0x0002a383 M   lw          x7, 0(x5)
839 4919 0x00000d8c 0x0002a383 M   lw          x7, 0(x5)
840 4924 0x00000d90 0x0002a383 M   lw          x7, 0(x5)
841 4929 0x00000d94 0x0002a383 M   lw          x7, 0(x5)
842 4934 0x00000d98 0x0002a383 M   lw          x7, 0(x5)
843 4939 0x00000d9c 0x0002a383 M   lw          x7, 0(x5)
844 4949 0x00000da0 0x0002a383 M   lw          x7, 0(x5)
845 4954 0x00000da4 0x0002a383 M   lw          x7, 0(x5)
846 4959 0x00000da8 0x0002a383 M   lw          x7, 0(x5)
847 4964 0x00000dac 0x0002a383 M   lw          x7, 0(x5)
848 4969 0x00000db0 0x0002a383 M   lw          x7, 0(x5)
849 4974 0x00000db4 0x0002a383 M   lw          x7, 0(x5)
850 4979 0x00000db8 0x0002a383 M   lw          x7, 0(x5)
851 4984 0x00000dbc 0x0002a383 M   lw          x7, 0(x5)
852 4994 0x00000dc0 0x0002a383 M   lw          x7, 0(x5)
853 4999 0x00000dc4 0x0002a383 M   lw          x7, 0(x5)
854 5004 0x00000dc8 0x0002a383 M   lw          x7, 0(x5)
855 5009 0x00000dcc 0x0002a383 M   lw          x7, 0(x5)
856 5014 0x00000dd0 0x0002a383 M   lw          x7, 0(x5)
857 5019 0x00000dd4 0x0002a383 M   lw          x7, 0(x5)
858 5024 0x00000dd8 0x0002a383 M   lw          x7, 0(x5)
859 5029 0x00000ddc 0x0002a383 M   lw          x7, 0(x5)
860 5039 0x00000de0 0x0002a383 M   lw          x7, 0(x5)
861 5044 0x00000de4 0x0002a383 M   lw          x7, 0(x5)
862 5049 0x00000de8 0x0002a383 M   lw          x7, 0(x5)
863 5054 0x00000dec 0x0002a383 M   lw          x7, 0(x5)
864 5059 0x00000df0 0x0002a383 M   lw          x7, 0(x5)
865 5064 0x00000df4 0x0002a383 M   lw          x7, 0(x5)
866 5069 0x00000df8 0x0002a383 M   lw          x7, 0(x5)
867 5074 0x00000dfc 0x0002a383 M   lw          x7, 0(x5)
868 5084 0x00000e00 0x0002a383 M   lw          x7, 0(x5)
869 5089 0x00000e04 0x0002a383 M   lw          x7, 0(x5)
870 5094 0x00000e08 0x0002a383 M   lw          x7, 0(x5)
871 5099 0x00000e0c 0x0002a383 M   lw          x7, 0(x5)
872 5104 0x00000e10 0x0002a383 M   lw          x7, 0(x5)
873 5109 0x00000e14 0x0002a383 M   lw          x7, 0(x5)
874 5114 0x00000e18 0x0002a383 M   lw          x7, 0(x5)
875 5119 0x00000e1c 0x0002a383 M   lw          x7, 0(x5)
876 5129 0x00000e20 0x0002a383 M   lw          x7, 0(x5)
877 5134 0x00000e24 0x0002a383 M   lw          x7, 0(x5)
878 5139 0x00000e28 0x0002a383 M   lw          x7, 0(x5)
879 5144 0x00000e2c 0x0002a383 M   lw          x7, 0(x5)
880 5149 0x00000e30 0x0002a383 M   lw          x7, 0(x5)
881 5154 0x00000e34 0x0002a383 M   lw          x7, 0(x5)
882 5159 0x00000e38 0x0002a383 M   lw          x7, 0(x5)
883 5164 0x00000e3c 0x0002a383 M   lw          x7, 0(x5)
884 5174 0x00000e40 0x0002a383 M   lw          x7, 0(x5)
885 5179 0x00000e44 0x0002a383 M   lw          x7, 0(x5)
886 5184 0x00000e48 0x0002a383 M   lw          x7, 0(x5)
887 5189 0x00000e4c 0x0002a383 M   lw          x7, 0(x5)
888 5194 0x00000e50 0x0002a383 M   lw          x7, 0(x5)
889 5199 0x00000e54 0x0002a383 M   lw          x7, 0(x5)
890 5204 0x00000e58 0x0002a383 M   lw          x7, 0(x5)
891 5209 0x00000e5c 0x0002a383 M   lw          x7, 0(x5)
892 5219 0x00000e60 0x0002a383 M   lw          x7, 0(x5)
893 5224 0x00000e64 0x0002a383 M   lw          x7, 0(x5)
894 5229 0x00000e68 0x0002a383 M   lw          x7, 0(x5)
895 5234 0x00000e6c 0x0002a383 M   lw          x7, 0(x5)
896 5239 0x00000e70 0x0002a383 M   lw          x7, 0(x5)
897 5244 0x00000e74 0x0002a383 M   lw          x7, 0(x5)
898 5249 0x00000e78 0x0002a383 M   lw          x7, 0(x5)
899 5254 0x00000e7c 0x0002a383 M   lw          x7, 0(x5)
900 5264 0x00000e80 0x0002a383 M   lw          x7, 0(x5)
901 5269 0x00000e84 0x0002a383 M   lw          x7, 0(x5)
902 5274 0x00000e88 0x0002a383 M   lw          x7, 0(x5)
903 5279 0x00000e8c 0x0002a383 M   lw          x7, 0(x5)
904 5284 0x00000e90 0x0002a383 M   lw          x7, 0(x5)
905 5289 0x00000e94 0x0002a383 M   lw          x7, 0(x5)
906 5294 0x00000e98 0x0002a383 M   lw          x7, 0(x5)
907 5299 0x00000e9c 0x0002a383 M   lw          x7, 0(x5)
908 5309 0x00000ea0 0x0002a383 M   lw          x7, 0(x5)
909 5314 0x00000ea4 0x0002a383 M   lw          x7, 0(x5)
910 5319 0x00000ea8 0x0002a383 M   lw          x7, 0(x5)
911 5324 0x00000eac 0x0002a383 M   lw          x7, 0(x5)
912 5329 0x00000eb0 0x0002a383 M   lw          x7, 0(x5)
913 5334 0x00000eb4 0x0002a383 M   lw          x7, 0(x5)
914 5339 0x00000eb8 0x0002a383 M   lw          x7, 0(x5)
915 5344 0x00000ebc 0x0002a383 M   lw          x7, 0(x5)
916 5354 0x00000ec0 0x0002a383 M   lw          x7, 0(x5)
917 5359 0x00000ec4 0x0002a383 M   lw          x7, 0(x5)
918 5364 0x00000ec8 0x0002a383 M   lw          x7, 0(x5)
919 5369 0x00000ecc 0x0002a383 M   lw          x7, 0(x5)
920 5374 0x00000ed0 0x0002a383 M   lw          x7, 0(x5)
921 5379 0x00000ed4 0x0002a383 M   lw          x7, 0(x5)
922 5384 0x00000ed8 0x0002a383 M   lw          x7, 0(x5)
923 5389 0x00000edc 0x0002a383 M   lw          x7, 0(x5)
924 5399 0x00000ee0 0x0002a383 M   lw          x7, 0(x5)
925 5404 0x00000ee4 0x0002a383 M   lw          x7, 0(x5)
926 5409 0x00000ee8 0x0002a383 M   lw          x7, 0(x5)
927 5414 0x00000eec 0x0002a383 M   lw          x7, 0(x5)
928 5419 0x00000ef0 0x0002a383 M   lw          x7, 0(x5)
929 5424 0x00000ef4 0x0002a383 M   lw          x7, 0(x5)
930 5429 0x00000ef8 0x0002a383 M   lw          x7, 0(x5)
931 5434 0x00000efc 0x0002a383 M   lw          x7, 0(x5)
932 5444 0x00000f00 0x0002a383 M   lw          x7, 0(x5)
933 5449 0x00000f04 0x0002a383 M   lw          x7, 0(x5)
934 5454 0x00000f08 0x0002a383 M   lw          x7, 0(x5)
935 5459 0x00000f0c 0x0002a383 M   lw          x7, 0(x5)
936 5464 0x00000f10 0x0002a383 M   lw          x7, 0(x5)
937 5469 0x00000f14 0x0002a383 M   lw          x7, 0(x5)
938 5474 0x00000f18 0x0002a383 M   lw          x7, 0(x5)
939 5479 0x00000f1c 0x0002a383 M   lw          x7, 0(x5)
940 5489 0x00000f20 0x0002a383 M   lw          x7, 0(x5)
941 5494 0x00000f24 0x0002a383 M   lw          x7, 0(x5)
942 5499 0x00000f28 0x0002a383 M   lw          x7, 0(x5)
943 5504 0x00000f2c 0x0002a383 M   lw          x7, 0(x5)
944 5509 0x00000f30 0x0002a383 M   lw          x7, 0(x5)
945 5514 0x00000f34 0x0002a383 M   lw          x7, 0(x5)
946 5519 0x00000f38 0x0002a383 M   lw          x7, 0(x5)
947 5524 0x00000f3c 0x0002a383 M   lw          x7, 0(x5)
948 5534 0x00000f40 0x0002a383 M   lw          x7, 0(x5)
949 5539 0x00000f44 0x0002a383 M   lw          x7, 0(x5)
950 5544 0x00000f48 0x0002a383 M   lw          x7, 0(x5)
951 5549 0x00000f4c 0x0002a383 M   lw          x7, 0(x5)
952 5554 0x00000f50 0x0002a383 M   lw          x7, 0(x5)
953 5559 0x00000f54 0x0002a383 M   lw          x7, 0(x5)
954 5564 0x00000f58 0x0002a383 M   lw          x7, 0(x5)
955 5569 0x00000f5c 0x0002a383 M   lw          x7, 0(x5)
956 5579 0x00000f60 0x0002a383 M   lw          x7, 0(x5)
957 5584 0x00000f64 0x0002a383 M   lw          x7, 0(x5)
958 5589 0x00000f68 0x0002a383 M   lw          x7, 0(x5)
959 5594 0x00000f6c 0x0002a383 M   lw          x7, 0(x5)
960 5599 0x00000f70 0x0002a383 M   lw          x7, 0(x5)
961 5604 0x00000f74 0x0002a383 M   lw          x7, 0(x5)
962 5609 0x00000f78 0x0002a383 M   lw          x7, 0(x5)
963 5614 0x00000f7c 0x0002a383 M   lw          x7, 0(x5)
964 5624 0x00000f80 0x0002a383 M   lw          x7, 0(x5)
965 5629 0x00000f84 0x0002a383 M   lw          x7, 0(x5)
966 5634 0x00000f88 0x0002a383 M   lw          x7, 0(x5)
967 5639 0x00000f8c 0x0002a383 M   lw          x7, 0(x5)
968 5644 0x00000f90 0x0002a383 M   lw          x7, 0(x5)
969 5649 0x00000f94 0x0002a383 M   lw          x7, 0(x5)
970 5654 0x00000f98 0x0002a383 M   lw          x7, 0(x5)
971 5659 0x00000f9c 0x0002a383 M   lw          x7, 0(x5)
972 5669 0x00000fa0 0x0002a383 M   lw          x7, 0(x5)
973 5674 0x00000fa4 0x0002a383 M   lw          x7, 0(x5)
974 5679 0x00000fa8 0x0002a383 M   lw          x7, 0(x5)
975 5684 0x00000fac 0x0002a383 M   lw          x7, 0(x5)
976 5689 0x00000fb0 0x0002a383 M   lw          x7, 0(x5)
977 5694 0x00000fb4 0x0002a383 M   lw          x7, 0(x5)
978 5699 0x00000fb8 0x0002a383 M   lw          x7, 0(x5)
979 5704 0x00000fbc 0x0002a383 M   lw          x7, 0(x5)
980 5714 0x00000fc0 0x0002a383 M   lw          x7, 0(x5)
981 5719 0x00000fc4 0x0002a383 M   lw          x7, 0(x5)
982 5724 0x00000fc8 0x0002a383 M   lw          x7, 0(x5)
983 5729 0x00000fcc 0x0002a383 M   lw          x7, 0(x5)
984 5734 0x00000fd0 0x0002a383 M   lw          x7, 0(x5)
985 5739 0x00000fd4 0x0002a383 M   lw          x7, 0(x5)
986 5744 0x00000fd8 0x0002a383 M   lw          x7, 0(x5)
987 5749 0x00000fdc 0x0002a383 M   lw          x7, 0(x5)
988 5759 0x00000fe0 0x0002a383 M   lw          x7, 0(x5)
989 5764 0x00000fe4 0x0002a383 M   lw          x7, 0(x5)
990 5769 0x00000fe8 0x0002a383 M   lw          x7, 0(x5)
991 5774 0x00000fec 0x0002a383 M   lw          x7, 0(x5)
992 5779 0x00000ff0 0x0002a383 M   lw          x7, 0(x5)
993 5784 0x00000ff4 0x0002a383 M   lw          x7, 0(x5)
994 5789 0x00000ff8 0x0002a383 M   lw          x7, 0(x5)
995 5794 0x00000ffc 0x0002a383 M   lw          x7, 0(x5)
996 5804 0x00001000 0x0002a383 M   lw          x7, 0(x5)
997 5809 0x00001004 0x0002a383 M   lw          x7, 0(x5)
998 5814 0x00001008 0x0002a383 M   lw          x7, 0(x5)
999 5819 0x0000100c 0x0002a383 M   lw          x7, 0(x5)
1000 5824 0x00001010 0x0002a383 M   lw          x7, 0(x5)
1001 5829 0x00001014 0x0002a383 M   lw          x7, 0(x5)
1002 5834 0x00001018 0x0002a383 M   lw          x7, 0(x5)
1003 5839 0x0000101c 0x0002a383 M   lw          x7, 0(x5)
1004 5849 0x00001020 0x0002a383 M   lw          x7, 0(x5)
1005 5854 0x00001024 0x0002a383 M   lw          x7, 0(x5)
1006 5859 0x00001028 0x0002a383 M   lw          x7, 0(x5)
1007 5864 0x0000102c 0x0002a383 M   lw          x7, 0(x5)
1008 5869 0x00001030 0x0002a383 M   lw          x7, 0(x5)
1009 5874 0x00001034 0x0002a383 M   lw          x7, 0(x5)
1010 5879 0x00001038 0x0002a383 M   lw          x7, 0(x5)
1011 5884 0x0000103c 0x0002a383 M   lw          x7, 0(x5)
1012 5894 0x00001040 0x0002a383 M   lw          x7, 0(x5)
1013 5899 0x00001044 0x0002a383 M   lw          x7, 0(x5)
1014 5904 0x00001048 0x0002a383 M   lw          x7, 0(x5)
1015 5909 0x0000104c 0x0002a383 M   lw          x7, 0(x5)
1016 5914 0x00001050 0x0002a383 M   lw          x7, 0(x5)
1017 5919 0x00001054 0x0002a383 M   lw          x7, 0(x5)
1018 5924 0x00001058 0x0002a383 M   lw          x7, 0(x5)
1019 5929 0x0000105c 0x0002a383 M   lw          x7, 0(x5)
1020 5939 0x00001060 0x0002a383 M   lw          x7, 0(x5)
1021 5944 0x00001064 0x0002a383 M   lw          x7, 0(x5)
1022 5949 0x00001068 0x0002a383 M   lw          x7, 0(x5)
1023 5954 0x0000106c 0x0002a383 M   lw          x7, 0(x5)
1024 5959 0x00001070 0x0002a383 M   lw          x7, 0(x5)
1025 5964 0x00001074 0x0002a383 M   lw          x7, 0(x5)
1026 5969 0x00001078 0x0002a383 M   lw          x7, 0(x5)
1027 5974 0x0000107c 0x0002a383 M   lw          x7, 0(x5)
1028 5984 0x00001080 0x0002a383 M   lw          x7, 0(x5)
1029 5989 0x00001084 0x0002a383 M   lw          x7, 0(x5)
1030 5994 0x00001088 0x0002a383 M   lw          x7, 0(x5)
1031 5999 0x0000108c 0x0002a383 M   lw          x7, 0(x5)
1032 6004 0x00001090 0x0002a383 M   lw          x7, 0(x5)
1033 6009 0x00001094 0x0002a383 M   lw          x7, 0(x5)
1034 6014 0x00001098 0x0002a383 M   lw          x7, 0(x5)
1035 6019 0x0000109c 0x0002a383 M   lw          x7, 0(x5)
1036 6029 0x000010a0 0x0002a383 M   lw          x7, 0(x5)
1037 6034 0x000010a4 0x0002a383 M   lw          x7, 0(x5)
1038 6039 0x000010a8 0x0002a383 M   lw          x7, 0(x5)
1039 6044 0x000010ac 0x0002a383 M   lw          x7, 0(x5)
1040 6049 0x000010b0 0x0002a383 M   lw          x7, 0(x5)
1041 6054 0x000010b4 0x0002a383 M   lw          x7, 0(x5)
1042 6059 0x000010b8 0x0002a383 M   lw          x7, 0(x5)
1043 6064 0x000010bc 0x0002a383 M   lw          x7, 0(x5)
1044 6074 0x000010c0 0x0002a383 M   lw          x7, 0(x5)
1045 6079 0x000010c4 0x0002a383 M   lw          x7, 0(x5)
1046 6084 0x000010c8 0x0002a383 M   lw          x7, 0(x5)
1047 6089 0x000010cc 0x0002a383 M   lw          x7, 0(x5)
1048 6094 0x000010d0 0x0002a383 M   lw          x7, 0(x5)
1049 6099 0x000010d4 0x0002a383 M   lw          x7, 0(x5)
1050 6104 0x000010d8 0x0002a383 M   lw          x7, 0(x5)
1051 6109 0x000010dc 0x0002a383 M   lw          x7, 0(x5)
1052 6119 0x000010e0 0x0002a383 M   lw          x7, 0(x5)
1053 6124 0x000010e4 0x0002a383 M   lw          x7, 0(x5)
1054 6129 0x000010e8 0x0002a383 M   lw          x7, 0(x5)
1055 6134 0x000010ec 0x0002a383 M   lw          x7, 0(x5)
1056 6139 0x000010f0 0x0002a383 M   lw          x7, 0(x5)
1057 6144 0x000010f4 0x0002a383 M   lw          x7, 0(x5)
1058 6149 0x000010f8 0x0002a383 M   lw          x7, 0(x5)
1059 6154 0x000010fc 0x0002a383 M   lw          x7, 0(x5)
1060 6164 0x00001100 0x0002a383 M   lw          x7, 0(x5)
1061 6169 0x00001104 0x0002a383 M   lw          x7, 0(x5)
1062 6174 0x00001108 0x0002a383 M   lw          x7, 0(x5)
1063 6179 0x0000110c 0x0002a383 M   lw          x7, 0(x5)
1064 6184 0x00001110 0x0002a383 M   lw          x7, 0(x5)
1065 6189 0x00001114 0x0002a383 M   lw          x7, 0(x5)
1066 6194 0x00001118 0x0002a383 M   lw          x7, 0(x5)
1067 6199 0x0000111c 0x0002a383 M   lw          x7, 0(x5)
1068 6209 0x00001120 0x0002a383 M   lw          x7, 0(x5)
1069 6214 0x00001124 0x0002a383 M   lw          x7, 0(x5)
1070 6219 0x00001128 0x0002a383 M   lw          x7, 0(x5)
1071 6224 0x0000112c 0x0002a383 M   lw          x7, 0(x5)
1072 6229 0x00001130 0x0002a383 M   lw          x7, 0(x5)
1073 6234 0x00001134 0x0002a383 M   lw          x7, 0(x5)
1074 6239 0x00001138 0x0002a383 M   lw          x7, 0(x5)
1075 6244 0x0000113c 0x0002a383 M   lw          x7, 0(x5)
1076 6254 0x00001140 0x0002a383 M   lw          x7, 0(x5)
1077 6259 0x00001144 0x0002a383 M   lw          x7, 0(x5)
1078 6264 0x00001148 0x0002a383 M   lw          x7, 0(x5)
1079 6269 0x0000114c 0x0002a383 M   lw          x7, 0(x5)
1080 6274 0x00001150 0x0002a383 M   lw          x7, 0(x5)
1081 6279 0x00001154 0x0002a383 M   lw          x7, 0(x5)
1082 6284 0x00001158 0x0002a383 M   lw          x7, 0(x5)
1083 6289 0x0000115c 0x0002a383 M   lw          x7, 0(x5)
1084 6299 0x00001160 0x0002a383 M   lw          x7, 0(x5)
1085 6304 0x00001164 0x0002a383 M   lw          x7, 0(x5)
1086 6309 0x00001168 0x0002a383 M   lw          x7, 0(x5)
1087 6311 0x0000116c 0x00000513 M   addi        x10, x0, 0
1088 6314 0x00001170 0x00008067 M   jalr        x0, 0(x1)
1089 6332 0x0000015c 0x30047073 M   csrrci      x0, mstatus, 8
1090 6346 0x00000160 0x30401073 M   csrrw       x0, mie, x0
1091 6348 0x00000164 0x00000597 M   auipc       x11, 0x00000000
1092 6350 0x00000168 0x05058593 M   addi        x11, x11, 80
1093 6353 0x0000016c 0x30559073 M   csrrw       x0, mtvec, x11
1094 6356 0x00000170 0x34051073 M   csrrw       x0, mscratch, x10
1095 6359 0x00000174 0xf1402473 M   csrrs       x8, mhartid, x0
1096 6362 0x00000178 0x02041463 M   bne         x8, x0, 40
1097 6364 0x0000017c 0x00001417 M   auipc       x8, 0x00001000
1098 6376 0x00000180 0xff840413 M   addi        x8, x8, -8
1099 6378 0x00000184 0x00001497 M   auipc       x9, 0x00001000
1100 6380 0x00000188 0xff048493 M   addi        x9, x9, -16
1101 6383 0x0000018c 0x00945a63 M   bge         x8, x9, 20
1102 6402 0x000001a0 0xf1402473 M   csrrs       x8, mhartid, x0
1103 6405 0x000001a4 0x00041463 M   bne         x8, x0, 8
1104 6408 0x000001a8 0x00100073 M   ebreak      
1105 6417 0x000001b4 0x10500073 M   wfi          <TRAP_ENTRY>
