0 30 0x00000000 0xf14020f3 M   csrrs       x1, mhartid, x0
1 32 0x00000004 0x80002217 M   auipc       x4, 0x80002000
2 34 0x00000008 0xffb20213 M   addi        x4, x4, -5
3 36 0x0000000c 0xff027113 M   andi        x2, x4, -16
4 38 0x00000010 0x80000197 M   auipc       x3, 0x80000000
5 40 0x00000014 0x7f018193 M   addi        x3, x3, 2032
6 42 0x00000018 0x000022b7 M   lui         x5, 0x00002000
7 44 0x0000001c 0x80028293 M   addi        x5, x5, -2048
8 58 0x00000020 0x30029073 M   csrrw       x0, mstatus, x5
9 60 0x00000024 0x00000317 M   auipc       x6, 0x00000000
10 62 0x00000028 0x19030313 M   addi        x6, x6, 400
11 65 0x0000002c 0x30531073 M   csrrw       x0, mtvec, x6
12 68 0x00000030 0x30401073 M   csrrw       x0, mie, x0
13 70 0x00000034 0x00001397 M   auipc       x7, 0x00001000
14 72 0x00000038 0x13c38393 M   addi        x7, x7, 316
15 74 0x0000003c 0x80000417 M   auipc       x8, 0x80000000
16 87 0x00000040 0xfc440413 M   addi        x8, x8, -60
17 89 0x00000044 0x80000497 M   auipc       x9, 0x80000000
18 91 0x00000048 0xfcc48493 M   addi        x9, x9, -52
19 93 0x0000004c 0x80000517 M   auipc       x10, 0x80000000
20 95 0x00000050 0xfc450513 M   addi        x10, x10, -60
21 97 0x00000054 0x80000597 M   auipc       x11, 0x80000000
22 99 0x00000058 0xfbc58593 M   addi        x11, x11, -68
23 101 0x0000005c 0x00000613 M   addi        x12, x0, 0
24 115 0x00000060 0x00000693 M   addi        x13, x0, 0
25 117 0x00000064 0x00000713 M   addi        x14, x0, 0
26 119 0x00000068 0x00000793 M   addi        x15, x0, 0
27 121 0x0000006c 0x00000813 M   addi        x16, x0, 0
28 123 0x00000070 0x00000893 M   addi        x17, x0, 0
29 125 0x00000074 0x00000913 M   addi        x18, x0, 0
30 127 0x00000078 0x00000993 M   addi        x19, x0, 0
31 129 0x0000007c 0x00000a13 M   addi        x20, x0, 0
32 143 0x00000080 0x00000a93 M   addi        x21, x0, 0
33 145 0x00000084 0x00000b13 M   addi        x22, x0, 0
34 147 0x00000088 0x00000b93 M   addi        x23, x0, 0
35 149 0x0000008c 0x00000c13 M   addi        x24, x0, 0
36 151 0x00000090 0x00000c93 M   addi        x25, x0, 0
37 153 0x00000094 0x00000d13 M   addi        x26, x0, 0
38 155 0x00000098 0x00000d93 M   addi        x27, x0, 0
39 157 0x0000009c 0x00000e13 M   addi        x28, x0, 0
40 171 0x000000a0 0x00000e93 M   addi        x29, x0, 0
41 173 0x000000a4 0x00000f13 M   addi        x30, x0, 0
42 175 0x000000a8 0x00000f93 M   addi        x31, x0, 0
43 178 0x000000ac 0x04008263 M   beq         x1, x0, 68
44 200 0x000000f0 0x00838e63 M   beq         x7, x8, 28
45 203 0x000000f4 0x00945c63 M   bge         x8, x9, 24
46 229 0x000000f8 0x0003a783 M   lw          x15, 0(x7)
47 248 0x000000fc 0x00f42023 M   sw          x15, 0(x8)
48 250 0x00000100 0x00438393 M   addi        x7, x7, 4
49 252 0x00000104 0x00440413 M   addi        x8, x8, 4
50 255 0x00000108 0xfedff06f M   jal         x0, -20
51 261 0x000000f4 0x00945c63 M   bge         x8, x9, 24
52 266 0x000000f8 0x0003a783 M   lw          x15, 0(x7)
53 271 0x000000fc 0x00f42023 M   sw          x15, 0(x8)
54 273 0x00000100 0x00438393 M   addi        x7, x7, 4
55 275 0x00000104 0x00440413 M   addi        x8, x8, 4
56 278 0x00000108 0xfedff06f M   jal         x0, -20
57 284 0x000000f4 0x00945c63 M   bge         x8, x9, 24
58 289 0x000000f8 0x0003a783 M   lw          x15, 0(x7)
59 294 0x000000fc 0x00f42023 M   sw          x15, 0(x8)
60 296 0x00000100 0x00438393 M   addi        x7, x7, 4
61 298 0x00000104 0x00440413 M   addi        x8, x8, 4
62 301 0x00000108 0xfedff06f M   jal         x0, -20
63 307 0x000000f4 0x00945c63 M   bge         x8, x9, 24
64 312 0x000000f8 0x0003a783 M   lw          x15, 0(x7)
65 317 0x000000fc 0x00f42023 M   sw          x15, 0(x8)
66 319 0x00000100 0x00438393 M   addi        x7, x7, 4
67 321 0x00000104 0x00440413 M   addi        x8, x8, 4
68 324 0x00000108 0xfedff06f M   jal         x0, -20
69 330 0x000000f4 0x00945c63 M   bge         x8, x9, 24
70 337 0x0000010c 0x00b55863 M   bge         x10, x11, 16
71 343 0x0000011c 0x00001417 M   auipc       x8, 0x00001000
72 357 0x00000120 0x05440413 M   addi        x8, x8, 84
73 359 0x00000124 0x00001497 M   auipc       x9, 0x00001000
74 361 0x00000128 0x04c48493 M   addi        x9, x9, 76
75 364 0x0000012c 0x00945a63 M   bge         x8, x9, 20
76 382 0x00000140 0x00000617 M   auipc       x12, 0x00000000
77 384 0x00000144 0x07c60613 M   addi        x12, x12, 124
78 387 0x00000148 0x0ff0000f M   fence       
79 394 0x0000014c 0x0000100f M   fence.i     
80 605 0x00000150 0x00000513 M   addi        x10, x0, 0
81 607 0x00000154 0x00000593 M   addi        x11, x0, 0
82 610 0x00000158 0x000600e7 M   jalr        x1, 0(x12)
83 640 0x000001bc 0x80000297 M   auipc       x5, 0x80000000
84 654 0x000001c0 0xe4428293 M   addi        x5, x5, -444
85 656 0x000001c4 0x00000313 M   addi        x6, x0, 0
86 675 0x000001c8 0x0002a383 M   lw          x7, 0(x5)
87 680 0x000001cc 0x0002a383 M   lw          x7, 0(x5)
88 685 0x000001d0 0x0002a383 M   lw          x7, 0(x5)
89 690 0x000001d4 0x0002a383 M   lw          x7, 0(x5)
90 695 0x000001d8 0x0002a383 M   lw          x7, 0(x5)
91 700 0x000001dc 0x0002a383 M   lw          x7, 0(x5)
92 710 0x000001e0 0x0002a383 M   lw          x7, 0(x5)
93 715 0x000001e4 0x0002a383 M   lw          x7, 0(x5)
94 720 0x000001e8 0x0002a383 M   lw          x7, 0(x5)
95 725 0x000001ec 0x0002a383 M   lw          x7, 0(x5)
96 730 0x000001f0 0x0002a383 M   lw          x7, 0(x5)
97 735 0x000001f4 0x0002a383 M   lw          x7, 0(x5)
98 740 0x000001f8 0x0002a383 M   lw          x7, 0(x5)
99 745 0x000001fc 0x0002a383 M   lw          x7, 0(x5)
100 755 0x00000200 0x0002a383 M   lw          x7, 0(x5)
101 760 0x00000204 0x0002a383 M   lw          x7, 0(x5)
102 765 0x00000208 0x0002a383 M   lw          x7, 0(x5)
103 770 0x0000020c 0x0002a383 M   lw          x7, 0(x5)
104 775 0x00000210 0x0002a383 M   lw          x7, 0(x5)
105 780 0x00000214 0x0002a383 M   lw          x7, 0(x5)
106 785 0x00000218 0x0002a383 M   lw          x7, 0(x5)
107 790 0x0000021c 0x0002a383 M   lw          x7, 0(x5)
108 800 0x00000220 0x0002a383 M   lw          x7, 0(x5)
109 805 0x00000224 0x0002a383 M   lw          x7, 0(x5)
110 810 0x00000228 0x0002a383 M   lw          x7, 0(x5)
111 815 0x0000022c 0x0002a383 M   lw          x7, 0(x5)
112 820 0x00000230 0x0002a383 M   lw          x7, 0(x5)
113 825 0x00000234 0x0002a383 M   lw          x7, 0(x5)
114 830 0x00000238 0x0002a383 M   lw          x7, 0(x5)
115 835 0x0000023c 0x0002a383 M   lw          x7, 0(x5)
116 845 0x00000240 0x0002a383 M   lw          x7, 0(x5)
117 850 0x00000244 0x0002a383 M   lw          x7, 0(x5)
118 855 0x00000248 0x0002a383 M   lw          x7, 0(x5)
119 860 0x0000024c 0x0002a383 M   lw          x7, 0(x5)
120 865 0x00000250 0x0002a383 M   lw          x7, 0(x5)
121 870 0x00000254 0x0002a383 M   lw          x7, 0(x5)
122 875 0x00000258 0x0002a383 M   lw          x7, 0(x5)
123 880 0x0000025c 0x0002a383 M   lw          x7, 0(x5)
124 890 0x00000260 0x0002a383 M   lw          x7, 0(x5)
125 895 0x00000264 0x0002a383 M   lw          x7, 0(x5)
126 900 0x00000268 0x0002a383 M   lw          x7, 0(x5)
127 905 0x0000026c 0x0002a383 M   lw          x7, 0(x5)
128 910 0x00000270 0x0002a383 M   lw          x7, 0(x5)
129 915 0x00000274 0x0002a383 M   lw          x7, 0(x5)
130 920 0x00000278 0x0002a383 M   lw          x7, 0(x5)
131 925 0x0000027c 0x0002a383 M   lw          x7, 0(x5)
132 935 0x00000280 0x0002a383 M   lw          x7, 0(x5)
133 940 0x00000284 0x0002a383 M   lw          x7, 0(x5)
134 945 0x00000288 0x0002a383 M   lw          x7, 0(x5)
135 950 0x0000028c 0x0002a383 M   lw          x7, 0(x5)
136 955 0x00000290 0x0002a383 M   lw          x7, 0(x5)
137 960 0x00000294 0x0002a383 M   lw          x7, 0(x5)
138 965 0x00000298 0x0002a383 M   lw          x7, 0(x5)
139 970 0x0000029c 0x0002a383 M   lw          x7, 0(x5)
140 980 0x000002a0 0x0002a383 M   lw          x7, 0(x5)
141 985 0x000002a4 0x0002a383 M   lw          x7, 0(x5)
142 990 0x000002a8 0x0002a383 M   lw          x7, 0(x5)
143 995 0x000002ac 0x0002a383 M   lw          x7, 0(x5)
144 1000 0x000002b0 0x0002a383 M   lw          x7, 0(x5)
145 1005 0x000002b4 0x0002a383 M   lw          x7, 0(x5)
146 1010 0x000002b8 0x0002a383 M   lw          x7, 0(x5)
147 1015 0x000002bc 0x0002a383 M   lw          x7, 0(x5)
148 1025 0x000002c0 0x0002a383 M   lw          x7, 0(x5)
149 1030 0x000002c4 0x0002a383 M   lw          x7, 0(x5)
150 1035 0x000002c8 0x0002a383 M   lw          x7, 0(x5)
151 1040 0x000002cc 0x0002a383 M   lw          x7, 0(x5)
152 1045 0x000002d0 0x0002a383 M   lw          x7, 0(x5)
153 1050 0x000002d4 0x0002a383 M   lw          x7, 0(x5)
154 1055 0x000002d8 0x0002a383 M   lw          x7, 0(x5)
155 1060 0x000002dc 0x0002a383 M   lw          x7, 0(x5)
156 1070 0x000002e0 0x0002a383 M   lw          x7, 0(x5)
157 1075 0x000002e4 0x0002a383 M   lw          x7, 0(x5)
158 1080 0x000002e8 0x0002a383 M   lw          x7, 0(x5)
159 1085 0x000002ec 0x0002a383 M   lw          x7, 0(x5)
160 1090 0x000002f0 0x0002a383 M   lw          x7, 0(x5)
161 1095 0x000002f4 0x0002a383 M   lw          x7, 0(x5)
162 1100 0x000002f8 0x0002a383 M   lw          x7, 0(x5)
163 1105 0x000002fc 0x0002a383 M   lw          x7, 0(x5)
164 1115 0x00000300 0x0002a383 M   lw          x7, 0(x5)
165 1120 0x00000304 0x0002a383 M   lw          x7, 0(x5)
166 1125 0x00000308 0x0002a383 M   lw          x7, 0(x5)
167 1130 0x0000030c 0x0002a383 M   lw          x7, 0(x5)
168 1135 0x00000310 0x0002a383 M   lw          x7, 0(x5)
169 1140 0x00000314 0x0002a383 M   lw          x7, 0(x5)
170 1145 0x00000318 0x0002a383 M   lw          x7, 0(x5)
171 1150 0x0000031c 0x0002a383 M   lw          x7, 0(x5)
172 1160 0x00000320 0x0002a383 M   lw          x7, 0(x5)
173 1165 0x00000324 0x0002a383 M   lw          x7, 0(x5)
174 1170 0x00000328 0x0002a383 M   lw          x7, 0(x5)
175 1175 0x0000032c 0x0002a383 M   lw          x7, 0(x5)
176 1180 0x00000330 0x0002a383 M   lw          x7, 0(x5)
177 1185 0x00000334 0x0002a383 M   lw          x7, 0(x5)
178 1190 0x00000338 0x0002a383 M   lw          x7, 0(x5)
179 1195 0x0000033c 0x0002a383 M   lw          x7, 0(x5)
180 1205 0x00000340 0x0002a383 M   lw          x7, 0(x5)
181 1210 0x00000344 0x0002a383 M   lw          x7, 0(x5)
182 1215 0x00000348 0x0002a383 M   lw          x7, 0(x5)
183 1220 0x0000034c 0x0002a383 M   lw          x7, 0(x5)
184 1225 0x00000350 0x0002a383 M   lw          x7, 0(x5)
185 1230 0x00000354 0x0002a383 M   lw          x7, 0(x5)
186 1235 0x00000358 0x0002a383 M   lw          x7, 0(x5)
187 1240 0x0000035c 0x0002a383 M   lw          x7, 0(x5)
188 1250 0x00000360 0x0002a383 M   lw          x7, 0(x5)
189 1255 0x00000364 0x0002a383 M   lw          x7, 0(x5)
190 1260 0x00000368 0x0002a383 M   lw          x7, 0(x5)
191 1265 0x0000036c 0x0002a383 M   lw          x7, 0(x5)
192 1270 0x00000370 0x0002a383 M   lw          x7, 0(x5)
193 1275 0x00000374 0x0002a383 M   lw          x7, 0(x5)
194 1280 0x00000378 0x0002a383 M   lw          x7, 0(x5)
195 1285 0x0000037c 0x0002a383 M   lw          x7, 0(x5)
196 1295 0x00000380 0x0002a383 M   lw          x7, 0(x5)
197 1300 0x00000384 0x0002a383 M   lw          x7, 0(x5)
198 1305 0x00000388 0x0002a383 M   lw          x7, 0(x5)
199 1310 0x0000038c 0x0002a383 M   lw          x7, 0(x5)
200 1315 0x00000390 0x0002a383 M   lw          x7, 0(x5)
201 1320 0x00000394 0x0002a383 M   lw          x7, 0(x5)
202 1325 0x00000398 0x0002a383 M   lw          x7, 0(x5)
203 1330 0x0000039c 0x0002a383 M   lw          x7, 0(x5)
204 1340 0x000003a0 0x0002a383 M   lw          x7, 0(x5)
205 1345 0x000003a4 0x0002a383 M   lw          x7, 0(x5)
206 1350 0x000003a8 0x0002a383 M   lw          x7, 0(x5)
207 1355 0x000003ac 0x0002a383 M   lw          x7, 0(x5)
208 1360 0x000003b0 0x0002a383 M   lw          x7, 0(x5)
209 1365 0x000003b4 0x0002a383 M   lw          x7, 0(x5)
210 1370 0x000003b8 0x0002a383 M   lw          x7, 0(x5)
211 1375 0x000003bc 0x0002a383 M   lw          x7, 0(x5)
212 1385 0x000003c0 0x0002a383 M   lw          x7, 0(x5)
213 1390 0x000003c4 0x0002a383 M   lw          x7, 0(x5)
214 1395 0x000003c8 0x0002a383 M   lw          x7, 0(x5)
215 1400 0x000003cc 0x0002a383 M   lw          x7, 0(x5)
216 1405 0x000003d0 0x0002a383 M   lw          x7, 0(x5)
217 1410 0x000003d4 0x0002a383 M   lw          x7, 0(x5)
218 1415 0x000003d8 0x0002a383 M   lw          x7, 0(x5)
219 1420 0x000003dc 0x0002a383 M   lw          x7, 0(x5)
220 1430 0x000003e0 0x0002a383 M   lw          x7, 0(x5)
221 1435 0x000003e4 0x0002a383 M   lw          x7, 0(x5)
222 1440 0x000003e8 0x0002a383 M   lw          x7, 0(x5)
223 1445 0x000003ec 0x0002a383 M   lw          x7, 0(x5)
224 1450 0x000003f0 0x0002a383 M   lw          x7, 0(x5)
225 1455 0x000003f4 0x0002a383 M   lw          x7, 0(x5)
226 1460 0x000003f8 0x0002a383 M   lw          x7, 0(x5)
227 1465 0x000003fc 0x0002a383 M   lw          x7, 0(x5)
228 1475 0x00000400 0x0002a383 M   lw          x7, 0(x5)
229 1480 0x00000404 0x0002a383 M   lw          x7, 0(x5)
230 1485 0x00000408 0x0002a383 M   lw          x7, 0(x5)
231 1490 0x0000040c 0x0002a383 M   lw          x7, 0(x5)
232 1495 0x00000410 0x0002a383 M   lw          x7, 0(x5)
233 1500 0x00000414 0x0002a383 M   lw          x7, 0(x5)
234 1505 0x00000418 0x0002a383 M   lw          x7, 0(x5)
235 1510 0x0000041c 0x0002a383 M   lw          x7, 0(x5)
236 1520 0x00000420 0x0002a383 M   lw          x7, 0(x5)
237 1525 0x00000424 0x0002a383 M   lw          x7, 0(x5)
238 1530 0x00000428 0x0002a383 M   lw          x7, 0(x5)
239 1535 0x0000042c 0x0002a383 M   lw          x7, 0(x5)
240 1540 0x00000430 0x0002a383 M   lw          x7, 0(x5)
241 1545 0x00000434 0x0002a383 M   lw          x7, 0(x5)
242 1550 0x00000438 0x0002a383 M   lw          x7, 0(x5)
243 1555 0x0000043c 0x0002a383 M   lw          x7, 0(x5)
244 1565 0x00000440 0x0002a383 M   lw          x7, 0(x5)
245 1570 0x00000444 0x0002a383 M   lw          x7, 0(x5)
246 1575 0x00000448 0x0002a383 M   lw          x7, 0(x5)
247 1580 0x0000044c 0x0002a383 M   lw          x7, 0(x5)
248 1585 0x00000450 0x0002a383 M   lw          x7, 0(x5)
249 1590 0x00000454 0x0002a383 M   lw          x7, 0(x5)
250 1595 0x00000458 0x0002a383 M   lw          x7, 0(x5)
251 1600 0x0000045c 0x0002a383 M   lw          x7, 0(x5)
252 1610 0x00000460 0x0002a383 M   lw          x7, 0(x5)
253 1615 0x00000464 0x0002a383 M   lw          x7, 0(x5)
254 1620 0x00000468 0x0002a383 M   lw          x7, 0(x5)
255 1625 0x0000046c 0x0002a383 M   lw          x7, 0(x5)
256 1630 0x00000470 0x0002a383 M   lw          x7, 0(x5)
257 1635 0x00000474 0x0002a383 M   lw          x7, 0(x5)
258 1640 0x00000478 0x0002a383 M   lw          x7, 0(x5)
259 1645 0x0000047c 0x0002a383 M   lw          x7, 0(x5)
260 1655 0x00000480 0x0002a383 M   lw          x7, 0(x5)
261 1660 0x00000484 0x0002a383 M   lw          x7, 0(x5)
262 1665 0x00000488 0x0002a383 M   lw          x7, 0(x5)
263 1670 0x0000048c 0x0002a383 M   lw          x7, 0(x5)
264 1675 0x00000490 0x0002a383 M   lw          x7, 0(x5)
265 1680 0x00000494 0x0002a383 M   lw          x7, 0(x5)
266 1685 0x00000498 0x0002a383 M   lw          x7, 0(x5)
267 1690 0x0000049c 0x0002a383 M   lw          x7, 0(x5)
268 1700 0x000004a0 0x0002a383 M   lw          x7, 0(x5)
269 1705 0x000004a4 0x0002a383 M   lw          x7, 0(x5)
270 1710 0x000004a8 0x0002a383 M   lw          x7, 0(x5)
271 1715 0x000004ac 0x0002a383 M   lw          x7, 0(x5)
272 1720 0x000004b0 0x0002a383 M   lw          x7, 0(x5)
273 1725 0x000004b4 0x0002a383 M   lw          x7, 0(x5)
274 1730 0x000004b8 0x0002a383 M   lw          x7, 0(x5)
275 1735 0x000004bc 0x0002a383 M   lw          x7, 0(x5)
276 1745 0x000004c0 0x0002a383 M   lw          x7, 0(x5)
277 1750 0x000004c4 0x0002a383 M   lw          x7, 0(x5)
278 1755 0x000004c8 0x0002a383 M   lw          x7, 0(x5)
279 1760 0x000004cc 0x0002a383 M   lw          x7, 0(x5)
280 1765 0x000004d0 0x0002a383 M   lw          x7, 0(x5)
281 1770 0x000004d4 0x0002a383 M   lw          x7, 0(x5)
282 1775 0x000004d8 0x0002a383 M   lw          x7, 0(x5)
283 1780 0x000004dc 0x0002a383 M   lw          x7, 0(x5)
284 1790 0x000004e0 0x0002a383 M   lw          x7, 0(x5)
285 1795 0x000004e4 0x0002a383 M   lw          x7, 0(x5)
286 1800 0x000004e8 0x0002a383 M   lw          x7, 0(x5)
287 1805 0x000004ec 0x0002a383 M   lw          x7, 0(x5)
288 1810 0x000004f0 0x0002a383 M   lw          x7, 0(x5)
289 1815 0x000004f4 0x0002a383 M   lw          x7, 0(x5)
290 1820 0x000004f8 0x0002a383 M   lw          x7, 0(x5)
291 1825 0x000004fc 0x0002a383 M   lw          x7, 0(x5)
292 1835 0x00000500 0x0002a383 M   lw          x7, 0(x5)
293 1840 0x00000504 0x0002a383 M   lw          x7, 0(x5)
294 1845 0x00000508 0x0002a383 M   lw          x7, 0(x5)
295 1850 0x0000050c 0x0002a383 M   lw          x7, 0(x5)
296 1855 0x00000510 0x0002a383 M   lw          x7, 0(x5)
297 1860 0x00000514 0x0002a383 M   lw          x7, 0(x5)
298 1865 0x00000518 0x0002a383 M   lw          x7, 0(x5)
299 1870 0x0000051c 0x0002a383 M   lw          x7, 0(x5)
300 1880 0x00000520 0x0002a383 M   lw          x7, 0(x5)
301 1885 0x00000524 0x0002a383 M   lw          x7, 0(x5)
302 1890 0x00000528 0x0002a383 M   lw          x7, 0(x5)
303 1895 0x0000052c 0x0002a383 M   lw          x7, 0(x5)
304 1900 0x00000530 0x0002a383 M   lw          x7, 0(x5)
305 1905 0x00000534 0x0002a383 M   lw          x7, 0(x5)
306 1910 0x00000538 0x0002a383 M   lw          x7, 0(x5)
307 1915 0x0000053c 0x0002a383 M   lw          x7, 0(x5)
308 1925 0x00000540 0x0002a383 M   lw          x7, 0(x5)
309 1930 0x00000544 0x0002a383 M   lw          x7, 0(x5)
310 1935 0x00000548 0x0002a383 M   lw          x7, 0(x5)
311 1940 0x0000054c 0x0002a383 M   lw          x7, 0(x5)
312 1945 0x00000550 0x0002a383 M   lw          x7, 0(x5)
313 1950 0x00000554 0x0002a383 M   lw          x7, 0(x5)
314 1955 0x00000558 0x0002a383 M   lw          x7, 0(x5)
315 1960 0x0000055c 0x0002a383 M   lw          x7, 0(x5)
316 1970 0x00000560 0x0002a383 M   lw          x7, 0(x5)
317 1975 0x00000564 0x0002a383 M   lw          x7, 0(x5)
318 1980 0x00000568 0x0002a383 M   lw          x7, 0(x5)
319 1985 0x0000056c 0x0002a383 M   lw          x7, 0(x5)
320 1990 0x00000570 0x0002a383 M   lw          x7, 0(x5)
321 1995 0x00000574 0x0002a383 M   lw          x7, 0(x5)
322 2000 0x00000578 0x0002a383 M   lw          x7, 0(x5)
323 2005 0x0000057c 0x0002a383 M   lw          x7, 0(x5)
324 2015 0x00000580 0x0002a383 M   lw          x7, 0(x5)
325 2020 0x00000584 0x0002a383 M   lw          x7, 0(x5)
326 2025 0x00000588 0x0002a383 M   lw          x7, 0(x5)
327 2030 0x0000058c 0x0002a383 M   lw          x7, 0(x5)
328 2035 0x00000590 0x0002a383 M   lw          x7, 0(x5)
329 2040 0x00000594 0x0002a383 M   lw          x7, 0(x5)
330 2045 0x00000598 0x0002a383 M   lw          x7, 0(x5)
331 2050 0x0000059c 0x0002a383 M   lw          x7, 0(x5)
332 2060 0x000005a0 0x0002a383 M   lw          x7, 0(x5)
333 2065 0x000005a4 0x0002a383 M   lw          x7, 0(x5)
334 2070 0x000005a8 0x0002a383 M   lw          x7, 0(x5)
335 2075 0x000005ac 0x0002a383 M   lw          x7, 0(x5)
336 2080 0x000005b0 0x0002a383 M   lw          x7, 0(x5)
337 2085 0x000005b4 0x0002a383 M   lw          x7, 0(x5)
338 2090 0x000005b8 0x0002a383 M   lw          x7, 0(x5)
339 2095 0x000005bc 0x0002a383 M   lw          x7, 0(x5)
340 2105 0x000005c0 0x0002a383 M   lw          x7, 0(x5)
341 2110 0x000005c4 0x0002a383 M   lw          x7, 0(x5)
342 2115 0x000005c8 0x0002a383 M   lw          x7, 0(x5)
343 2120 0x000005cc 0x0002a383 M   lw          x7, 0(x5)
344 2125 0x000005d0 0x0002a383 M   lw          x7, 0(x5)
345 2130 0x000005d4 0x0002a383 M   lw          x7, 0(x5)
346 2135 0x000005d8 0x0002a383 M   lw          x7, 0(x5)
347 2140 0x000005dc 0x0002a383 M   lw          x7, 0(x5)
348 2150 0x000005e0 0x0002a383 M   lw          x7, 0(x5)
349 2155 0x000005e4 0x0002a383 M   lw          x7, 0(x5)
350 2160 0x000005e8 0x0002a383 M   lw          x7, 0(x5)
351 2165 0x000005ec 0x0002a383 M   lw          x7, 0(x5)
352 2170 0x000005f0 0x0002a383 M   lw          x7, 0(x5)
353 2175 0x000005f4 0x0002a383 M   lw          x7, 0(x5)
354 2180 0x000005f8 0x0002a383 M   lw          x7, 0(x5)
355 2185 0x000005fc 0x0002a383 M   lw          x7, 0(x5)
356 2195 0x00000600 0x0002a383 M   lw          x7, 0(x5)
357 2200 0x00000604 0x0002a383 M   lw          x7, 0(x5)
358 2205 0x00000608 0x0002a383 M   lw          x7, 0(x5)
359 2210 0x0000060c 0x0002a383 M   lw          x7, 0(x5)
360 2215 0x00000610 0x0002a383 M   lw          x7, 0(x5)
361 2220 0x00000614 0x0002a383 M   lw          x7, 0(x5)
362 2225 0x00000618 0x0002a383 M   lw          x7, 0(x5)
363 2230 0x0000061c 0x0002a383 M   lw          x7, 0(x5)
364 2240 0x00000620 0x0002a383 M   lw          x7, 0(x5)
365 2245 0x00000624 0x0002a383 M   lw          x7, 0(x5)
366 2250 0x00000628 0x0002a383 M   lw          x7, 0(x5)
367 2255 0x0000062c 0x0002a383 M   lw          x7, 0(x5)
368 2260 0x00000630 0x0002a383 M   lw          x7, 0(x5)
369 2265 0x00000634 0x0002a383 M   lw          x7, 0(x5)
370 2270 0x00000638 0x0002a383 M   lw          x7, 0(x5)
371 2275 0x0000063c 0x0002a383 M   lw          x7, 0(x5)
372 2285 0x00000640 0x0002a383 M   lw          x7, 0(x5)
373 2290 0x00000644 0x0002a383 M   lw          x7, 0(x5)
374 2295 0x00000648 0x0002a383 M   lw          x7, 0(x5)
375 2300 0x0000064c 0x0002a383 M   lw          x7, 0(x5)
376 2305 0x00000650 0x0002a383 M   lw          x7, 0(x5)
377 2310 0x00000654 0x0002a383 M   lw          x7, 0(x5)
378 2315 0x00000658 0x0002a383 M   lw          x7, 0(x5)
379 2320 0x0000065c 0x0002a383 M   lw          x7, 0(x5)
380 2330 0x00000660 0x0002a383 M   lw          x7, 0(x5)
381 2335 0x00000664 0x0002a383 M   lw          x7, 0(x5)
382 2340 0x00000668 0x0002a383 M   lw          x7, 0(x5)
383 2345 0x0000066c 0x0002a383 M   lw          x7, 0(x5)
384 2350 0x00000670 0x0002a383 M   lw          x7, 0(x5)
385 2355 0x00000674 0x0002a383 M   lw          x7, 0(x5)
386 2360 0x00000678 0x0002a383 M   lw          x7, 0(x5)
387 2365 0x0000067c 0x0002a383 M   lw          x7, 0(x5)
388 2375 0x00000680 0x0002a383 M   lw          x7, 0(x5)
389 2380 0x00000684 0x0002a383 M   lw          x7, 0(x5)
390 2385 0x00000688 0x0002a383 M   lw          x7, 0(x5)
391 2390 0x0000068c 0x0002a383 M   lw          x7, 0(x5)
392 2395 0x00000690 0x0002a383 M   lw          x7, 0(x5)
393 2400 0x00000694 0x0002a383 M   lw          x7, 0(x5)
394 2405 0x00000698 0x0002a383 M   lw          x7, 0(x5)
395 2410 0x0000069c 0x0002a383 M   lw          x7, 0(x5)
396 2420 0x000006a0 0x0002a383 M   lw          x7, 0(x5)
397 2425 0x000006a4 0x0002a383 M   lw          x7, 0(x5)
398 2430 0x000006a8 0x0002a383 M   lw          x7, 0(x5)
399 2435 0x000006ac 0x0002a383 M   lw          x7, 0(x5)
400 2440 0x000006b0 0x0002a383 M   lw          x7, 0(x5)
401 2445 0x000006b4 0x0002a383 M   lw          x7, 0(x5)
402 2450 0x000006b8 0x0002a383 M   lw          x7, 0(x5)
403 2455 0x000006bc 0x0002a383 M   lw          x7, 0(x5)
404 2465 0x000006c0 0x0002a383 M   lw          x7, 0(x5)
405 2470 0x000006c4 0x0002a383 M   lw          x7, 0(x5)
406 2475 0x000006c8 0x0002a383 M   lw          x7, 0(x5)
407 2480 0x000006cc 0x0002a383 M   lw          x7, 0(x5)
408 2485 0x000006d0 0x0002a383 M   lw          x7, 0(x5)
409 2490 0x000006d4 0x0002a383 M   lw          x7, 0(x5)
410 2495 0x000006d8 0x0002a383 M   lw          x7, 0(x5)
411 2500 0x000006dc 0x0002a383 M   lw          x7, 0(x5)
412 2510 0x000006e0 0x0002a383 M   lw          x7, 0(x5)
413 2515 0x000006e4 0x0002a383 M   lw          x7, 0(x5)
414 2520 0x000006e8 0x0002a383 M   lw          x7, 0(x5)
415 2525 0x000006ec 0x0002a383 M   lw          x7, 0(x5)
416 2530 0x000006f0 0x0002a383 M   lw          x7, 0(x5)
417 2535 0x000006f4 0x0002a383 M   lw          x7, 0(x5)
418 2540 0x000006f8 0x0002a383 M   lw          x7, 0(x5)
419 2545 0x000006fc 0x0002a383 M   lw          x7, 0(x5)
420 2555 0x00000700 0x0002a383 M   lw          x7, 0(x5)
421 2560 0x00000704 0x0002a383 M   lw          x7, 0(x5)
422 2565 0x00000708 0x0002a383 M   lw          x7, 0(x5)
423 2570 0x0000070c 0x0002a383 M   lw          x7, 0(x5)
424 2575 0x00000710 0x0002a383 M   lw          x7, 0(x5)
425 2580 0x00000714 0x0002a383 M   lw          x7, 0(x5)
426 2585 0x00000718 0x0002a383 M   lw          x7, 0(x5)
427 2590 0x0000071c 0x0002a383 M   lw          x7, 0(x5)
428 2600 0x00000720 0x0002a383 M   lw          x7, 0(x5)
429 2605 0x00000724 0x0002a383 M   lw          x7, 0(x5)
430 2610 0x00000728 0x0002a383 M   lw          x7, 0(x5)
431 2615 0x0000072c 0x0002a383 M   lw          x7, 0(x5)
432 2620 0x00000730 0x0002a383 M   lw          x7, 0(x5)
433 2625 0x00000734 0x0002a383 M   lw          x7, 0(x5)
434 2630 0x00000738 0x0002a383 M   lw          x7, 0(x5)
435 2635 0x0000073c 0x0002a383 M   lw          x7, 0(x5)
436 2645 0x00000740 0x0002a383 M   lw          x7, 0(x5)
437 2650 0x00000744 0x0002a383 M   lw          x7, 0(x5)
438 2655 0x00000748 0x0002a383 M   lw          x7, 0(x5)
439 2660 0x0000074c 0x0002a383 M   lw          x7, 0(x5)
440 2665 0x00000750 0x0002a383 M   lw          x7, 0(x5)
441 2670 0x00000754 0x0002a383 M   lw          x7, 0(x5)
442 2675 0x00000758 0x0002a383 M   lw          x7, 0(x5)
443 2680 0x0000075c 0x0002a383 M   lw          x7, 0(x5)
444 2690 0x00000760 0x0002a383 M   lw          x7, 0(x5)
445 2695 0x00000764 0x0002a383 M   lw          x7, 0(x5)
446 2700 0x00000768 0x0002a383 M   lw          x7, 0(x5)
447 2705 0x0000076c 0x0002a383 M   lw          x7, 0(x5)
448 2710 0x00000770 0x0002a383 M   lw          x7, 0(x5)
449 2715 0x00000774 0x0002a383 M   lw          x7, 0(x5)
450 2720 0x00000778 0x0002a383 M   lw          x7, 0(x5)
451 2725 0x0000077c 0x0002a383 M   lw          x7, 0(x5)
452 2735 0x00000780 0x0002a383 M   lw          x7, 0(x5)
453 2740 0x00000784 0x0002a383 M   lw          x7, 0(x5)
454 2745 0x00000788 0x0002a383 M   lw          x7, 0(x5)
455 2750 0x0000078c 0x0002a383 M   lw          x7, 0(x5)
456 2755 0x00000790 0x0002a383 M   lw          x7, 0(x5)
457 2760 0x00000794 0x0002a383 M   lw          x7, 0(x5)
458 2765 0x00000798 0x0002a383 M   lw          x7, 0(x5)
459 2770 0x0000079c 0x0002a383 M   lw          x7, 0(x5)
460 2780 0x000007a0 0x0002a383 M   lw          x7, 0(x5)
461 2785 0x000007a4 0x0002a383 M   lw          x7, 0(x5)
462 2790 0x000007a8 0x0002a383 M   lw          x7, 0(x5)
463 2795 0x000007ac 0x0002a383 M   lw          x7, 0(x5)
464 2800 0x000007b0 0x0002a383 M   lw          x7, 0(x5)
465 2805 0x000007b4 0x0002a383 M   lw          x7, 0(x5)
466 2810 0x000007b8 0x0002a383 M   lw          x7, 0(x5)
467 2815 0x000007bc 0x0002a383 M   lw          x7, 0(x5)
468 2825 0x000007c0 0x0002a383 M   lw          x7, 0(x5)
469 2830 0x000007c4 0x0002a383 M   lw          x7, 0(x5)
470 2835 0x000007c8 0x0002a383 M   lw          x7, 0(x5)
471 2840 0x000007cc 0x0002a383 M   lw          x7, 0(x5)
472 2845 0x000007d0 0x0002a383 M   lw          x7, 0(x5)
473 2850 0x000007d4 0x0002a383 M   lw          x7, 0(x5)
474 2855 0x000007d8 0x0002a383 M   lw          x7, 0(x5)
475 2860 0x000007dc 0x0002a383 M   lw          x7, 0(x5)
476 2870 0x000007e0 0x0002a383 M   lw          x7, 0(x5)
477 2875 0x000007e4 0x0002a383 M   lw          x7, 0(x5)
478 2880 0x000007e8 0x0002a383 M   lw          x7, 0(x5)
479 2885 0x000007ec 0x0002a383 M   lw          x7, 0(x5)
480 2890 0x000007f0 0x0002a383 M   lw          x7, 0(x5)
481 2895 0x000007f4 0x0002a383 M   lw          x7, 0(x5)
482 2900 0x000007f8 0x0002a383 M   lw          x7, 0(x5)
483 2905 0x000007fc 0x0002a383 M   lw          x7, 0(x5)
484 2915 0x00000800 0x0002a383 M   lw          x7, 0(x5)
485 2920 0x00000804 0x0002a383 M   lw          x7, 0(x5)
486 2925 0x00000808 0x0002a383 M   lw          x7, 0(x5)
487 2930 0x0000080c 0x0002a383 M   lw          x7, 0(x5)
488 2935 0x00000810 0x0002a383 M   lw          x7, 0(x5)
489 2940 0x00000814 0x0002a383 M   lw          x7, 0(x5)
490 2945 0x00000818 0x0002a383 M   lw          x7, 0(x5)
491 2950 0x0000081c 0x0002a383 M   lw          x7, 0(x5)
492 2960 0x00000820 0x0002a383 M   lw          x7, 0(x5)
493 2965 0x00000824 0x0002a383 M   lw          x7, 0(x5)
494 2970 0x00000828 0x0002a383 M   lw          x7, 0(x5)
495 2975 0x0000082c 0x0002a383 M   lw          x7, 0(x5)
496 2980 0x00000830 0x0002a383 M   lw          x7, 0(x5)
497 2985 0x00000834 0x0002a383 M   lw          x7, 0(x5)
498 2990 0x00000838 0x0002a383 M   lw          x7, 0(x5)
499 2995 0x0000083c 0x0002a383 M   lw          x7, 0(x5)
500 3005 0x00000840 0x0002a383 M   lw          x7, 0(x5)
501 3010 0x00000844 0x0002a383 M   lw          x7, 0(x5)
502 3015 0x00000848 0x0002a383 M   lw          x7, 0(x5)
503 3020 0x0000084c 0x0002a383 M   lw          x7, 0(x5)
504 3025 0x00000850 0x0002a383 M   lw          x7, 0(x5)
505 3030 0x00000854 0x0002a383 M   lw          x7, 0(x5)
506 3035 0x00000858 0x0002a383 M   lw          x7, 0(x5)
507 3040 0x0000085c 0x0002a383 M   lw          x7, 0(x5)
508 3050 0x00000860 0x0002a383 M   lw          x7, 0(x5)
509 3055 0x00000864 0x0002a383 M   lw          x7, 0(x5)
510 3060 0x00000868 0x0002a383 M   lw          x7, 0(x5)
511 3065 0x0000086c 0x0002a383 M   lw          x7, 0(x5)
512 3070 0x00000870 0x0002a383 M   lw          x7, 0(x5)
513 3075 0x00000874 0x0002a383 M   lw          x7, 0(x5)
514 3080 0x00000878 0x0002a383 M   lw          x7, 0(x5)
515 3085 0x0000087c 0x0002a383 M   lw          x7, 0(x5)
516 3095 0x00000880 0x0002a383 M   lw          x7, 0(x5)
517 3100 0x00000884 0x0002a383 M   lw          x7, 0(x5)
518 3105 0x00000888 0x0002a383 M   lw          x7, 0(x5)
519 3110 0x0000088c 0x0002a383 M   lw          x7, 0(x5)
520 3115 0x00000890 0x0002a383 M   lw          x7, 0(x5)
521 3120 0x00000894 0x0002a383 M   lw          x7, 0(x5)
522 3125 0x00000898 0x0002a383 M   lw          x7, 0(x5)
523 3130 0x0000089c 0x0002a383 M   lw          x7, 0(x5)
524 3140 0x000008a0 0x0002a383 M   lw          x7, 0(x5)
525 3145 0x000008a4 0x0002a383 M   lw          x7, 0(x5)
526 3150 0x000008a8 0x0002a383 M   lw          x7, 0(x5)
527 3155 0x000008ac 0x0002a383 M   lw          x7, 0(x5)
528 3160 0x000008b0 0x0002a383 M   lw          x7, 0(x5)
529 3165 0x000008b4 0x0002a383 M   lw          x7, 0(x5)
530 3170 0x000008b8 0x0002a383 M   lw          x7, 0(x5)
531 3175 0x000008bc 0x0002a383 M   lw          x7, 0(x5)
532 3185 0x000008c0 0x0002a383 M   lw          x7, 0(x5)
533 3190 0x000008c4 0x0002a383 M   lw          x7, 0(x5)
534 3195 0x000008c8 0x0002a383 M   lw          x7, 0(x5)
535 3200 0x000008cc 0x0002a383 M   lw          x7, 0(x5)
536 3205 0x000008d0 0x0002a383 M   lw          x7, 0(x5)
537 3210 0x000008d4 0x0002a383 M   lw          x7, 0(x5)
538 3215 0x000008d8 0x0002a383 M   lw          x7, 0(x5)
539 3220 0x000008dc 0x0002a383 M   lw          x7, 0(x5)
540 3230 0x000008e0 0x0002a383 M   lw          x7, 0(x5)
541 3235 0x000008e4 0x0002a383 M   lw          x7, 0(x5)
542 3240 0x000008e8 0x0002a383 M   lw          x7, 0(x5)
543 3245 0x000008ec 0x0002a383 M   lw          x7, 0(x5)
544 3250 0x000008f0 0x0002a383 M   lw          x7, 0(x5)
545 3255 0x000008f4 0x0002a383 M   lw          x7, 0(x5)
546 3260 0x000008f8 0x0002a383 M   lw          x7, 0(x5)
547 3265 0x000008fc 0x0002a383 M   lw          x7, 0(x5)
548 3275 0x00000900 0x0002a383 M   lw          x7, 0(x5)
549 3280 0x00000904 0x0002a383 M   lw          x7, 0(x5)
550 3285 0x00000908 0x0002a383 M   lw          x7, 0(x5)
551 3290 0x0000090c 0x0002a383 M   lw          x7, 0(x5)
552 3295 0x00000910 0x0002a383 M   lw          x7, 0(x5)
553 3300 0x00000914 0x0002a383 M   lw          x7, 0(x5)
554 3305 0x00000918 0x0002a383 M   lw          x7, 0(x5)
555 3310 0x0000091c 0x0002a383 M   lw          x7, 0(x5)
556 3320 0x00000920 0x0002a383 M   lw          x7, 0(x5)
557 3325 0x00000924 0x0002a383 M   lw          x7, 0(x5)
558 3330 0x00000928 0x0002a383 M   lw          x7, 0(x5)
559 3335 0x0000092c 0x0002a383 M   lw          x7, 0(x5)
560 3340 0x00000930 0x0002a383 M   lw          x7, 0(x5)
561 3345 0x00000934 0x0002a383 M   lw          x7, 0(x5)
562 3350 0x00000938 0x0002a383 M   lw          x7, 0(x5)
563 3355 0x0000093c 0x0002a383 M   lw          x7, 0(x5)
564 3365 0x00000940 0x0002a383 M   lw          x7, 0(x5)
565 3370 0x00000944 0x0002a383 M   lw          x7, 0(x5)
566 3375 0x00000948 0x0002a383 M   lw          x7, 0(x5)
567 3380 0x0000094c 0x0002a383 M   lw          x7, 0(x5)
568 3385 0x00000950 0x0002a383 M   lw          x7, 0(x5)
569 3390 0x00000954 0x0002a383 M   lw          x7, 0(x5)
570 3395 0x00000958 0x0002a383 M   lw          x7, 0(x5)
571 3400 0x0000095c 0x0002a383 M   lw          x7, 0(x5)
572 3410 0x00000960 0x0002a383 M   lw          x7, 0(x5)
573 3415 0x00000964 0x0002a383 M   lw          x7, 0(x5)
574 3420 0x00000968 0x0002a383 M   lw          x7, 0(x5)
575 3425 0x0000096c 0x0002a383 M   lw          x7, 0(x5)
576 3430 0x00000970 0x0002a383 M   lw          x7, 0(x5)
577 3435 0x00000974 0x0002a383 M   lw          x7, 0(x5)
578 3440 0x00000978 0x0002a383 M   lw          x7, 0(x5)
579 3445 0x0000097c 0x0002a383 M   lw          x7, 0(x5)
580 3455 0x00000980 0x0002a383 M   lw          x7, 0(x5)
581 3460 0x00000984 0x0002a383 M   lw          x7, 0(x5)
582 3465 0x00000988 0x0002a383 M   lw          x7, 0(x5)
583 3470 0x0000098c 0x0002a383 M   lw          x7, 0(x5)
584 3475 0x00000990 0x0002a383 M   lw          x7, 0(x5)
585 3480 0x00000994 0x0002a383 M   lw          x7, 0(x5)
586 3485 0x00000998 0x0002a383 M   lw          x7, 0(x5)
587 3490 0x0000099c 0x0002a383 M   lw          x7, 0(x5)
588 3500 0x000009a0 0x0002a383 M   lw          x7, 0(x5)
589 3505 0x000009a4 0x0002a383 M   lw          x7, 0(x5)
590 3510 0x000009a8 0x0002a383 M   lw          x7, 0(x5)
591 3515 0x000009ac 0x0002a383 M   lw          x7, 0(x5)
592 3520 0x000009b0 0x0002a383 M   lw          x7, 0(x5)
593 3525 0x000009b4 0x0002a383 M   lw          x7, 0(x5)
594 3530 0x000009b8 0x0002a383 M   lw          x7, 0(x5)
595 3535 0x000009bc 0x0002a383 M   lw          x7, 0(x5)
596 3545 0x000009c0 0x0002a383 M   lw          x7, 0(x5)
597 3550 0x000009c4 0x0002a383 M   lw          x7, 0(x5)
598 3555 0x000009c8 0x0002a383 M   lw          x7, 0(x5)
599 3560 0x000009cc 0x0002a383 M   lw          x7, 0(x5)
600 3565 0x000009d0 0x0002a383 M   lw          x7, 0(x5)
601 3570 0x000009d4 0x0002a383 M   lw          x7, 0(x5)
602 3575 0x000009d8 0x0002a383 M   lw          x7, 0(x5)
603 3580 0x000009dc 0x0002a383 M   lw          x7, 0(x5)
604 3590 0x000009e0 0x0002a383 M   lw          x7, 0(x5)
605 3595 0x000009e4 0x0002a383 M   lw          x7, 0(x5)
606 3600 0x000009e8 0x0002a383 M   lw          x7, 0(x5)
607 3605 0x000009ec 0x0002a383 M   lw          x7, 0(x5)
608 3610 0x000009f0 0x0002a383 M   lw          x7, 0(x5)
609 3615 0x000009f4 0x0002a383 M   lw          x7, 0(x5)
610 3620 0x000009f8 0x0002a383 M   lw          x7, 0(x5)
611 3625 0x000009fc 0x0002a383 M   lw          x7, 0(x5)
612 3635 0x00000a00 0x0002a383 M   lw          x7, 0(x5)
613 3640 0x00000a04 0x0002a383 M   lw          x7, 0(x5)
614 3645 0x00000a08 0x0002a383 M   lw          x7, 0(x5)
615 3650 0x00000a0c 0x0002a383 M   lw          x7, 0(x5)
616 3655 0x00000a10 0x0002a383 M   lw          x7, 0(x5)
617 3660 0x00000a14 0x0002a383 M   lw          x7, 0(x5)
618 3665 0x00000a18 0x0002a383 M   lw          x7, 0(x5)
619 3670 0x00000a1c 0x0002a383 M   lw          x7, 0(x5)
620 3680 0x00000a20 0x0002a383 M   lw          x7, 0(x5)
621 3685 0x00000a24 0x0002a383 M   lw          x7, 0(x5)
622 3690 0x00000a28 0x0002a383 M   lw          x7, 0(x5)
623 3695 0x00000a2c 0x0002a383 M   lw          x7, 0(x5)
624 3700 0x00000a30 0x0002a383 M   lw          x7, 0(x5)
625 3705 0x00000a34 0x0002a383 M   lw          x7, 0(x5)
626 3710 0x00000a38 0x0002a383 M   lw          x7, 0(x5)
627 3715 0x00000a3c 0x0002a383 M   lw          x7, 0(x5)
628 3725 0x00000a40 0x0002a383 M   lw          x7, 0(x5)
629 3730 0x00000a44 0x0002a383 M   lw          x7, 0(x5)
630 3735 0x00000a48 0x0002a383 M   lw          x7, 0(x5)
631 3740 0x00000a4c 0x0002a383 M   lw          x7, 0(x5)
632 3745 0x00000a50 0x0002a383 M   lw          x7, 0(x5)
633 3750 0x00000a54 0x0002a383 M   lw          x7, 0(x5)
634 3755 0x00000a58 0x0002a383 M   lw          x7, 0(x5)
635 3760 0x00000a5c 0x0002a383 M   lw          x7, 0(x5)
636 3770 0x00000a60 0x0002a383 M   lw          x7, 0(x5)
637 3775 0x00000a64 0x0002a383 M   lw          x7, 0(x5)
638 3780 0x00000a68 0x0002a383 M   lw          x7, 0(x5)
639 3785 0x00000a6c 0x0002a383 M   lw          x7, 0(x5)
640 3790 0x00000a70 0x0002a383 M   lw          x7, 0(x5)
641 3795 0x00000a74 0x0002a383 M   lw          x7, 0(x5)
642 3800 0x00000a78 0x0002a383 M   lw          x7, 0(x5)
643 3805 0x00000a7c 0x0002a383 M   lw          x7, 0(x5)
644 3815 0x00000a80 0x0002a383 M   lw          x7, 0(x5)
645 3820 0x00000a84 0x0002a383 M   lw          x7, 0(x5)
646 3825 0x00000a88 0x0002a383 M   lw          x7, 0(x5)
647 3830 0x00000a8c 0x0002a383 M   lw          x7, 0(x5)
648 3835 0x00000a90 0x0002a383 M   lw          x7, 0(x5)
649 3840 0x00000a94 0x0002a383 M   lw          x7, 0(x5)
650 3845 0x00000a98 0x0002a383 M   lw          x7, 0(x5)
651 3850 0x00000a9c 0x0002a383 M   lw          x7, 0(x5)
652 3860 0x00000aa0 0x0002a383 M   lw          x7, 0(x5)
653 3865 0x00000aa4 0x0002a383 M   lw          x7, 0(x5)
654 3870 0x00000aa8 0x0002a383 M   lw          x7, 0(x5)
655 3875 0x00000aac 0x0002a383 M   lw          x7, 0(x5)
656 3880 0x00000ab0 0x0002a383 M   lw          x7, 0(x5)
657 3885 0x00000ab4 0x0002a383 M   lw          x7, 0(x5)
658 3890 0x00000ab8 0x0002a383 M   lw          x7, 0(x5)
659 3895 0x00000abc 0x0002a383 M   lw          x7, 0(x5)
660 3905 0x00000ac0 0x0002a383 M   lw          x7, 0(x5)
661 3910 0x00000ac4 0x0002a383 M   lw          x7, 0(x5)
662 3915 0x00000ac8 0x0002a383 M   lw          x7, 0(x5)
663 3920 0x00000acc 0x0002a383 M   lw          x7, 0(x5)
664 3925 0x00000ad0 0x0002a383 M   lw          x7, 0(x5)
665 3930 0x00000ad4 0x0002a383 M   lw          x7, 0(x5)
666 3935 0x00000ad8 0x0002a383 M   lw          x7, 0(x5)
667 3940 0x00000adc 0x0002a383 M   lw          x7, 0(x5)
668 3950 0x00000ae0 0x0002a383 M   lw          x7, 0(x5)
669 3955 0x00000ae4 0x0002a383 M   lw          x7, 0(x5)
670 3960 0x00000ae8 0x0002a383 M   lw          x7, 0(x5)
671 3965 0x00000aec 0x0002a383 M   lw          x7, 0(x5)
672 3970 0x00000af0 0x0002a383 M   lw          x7, 0(x5)
673 3975 0x00000af4 0x0002a383 M   lw          x7, 0(x5)
674 3980 0x00000af8 0x0002a383 M   lw          x7, 0(x5)
675 3985 0x00000afc 0x0002a383 M   lw          x7, 0(x5)
676 3995 0x00000b00 0x0002a383 M   lw          x7, 0(x5)
677 4000 0x00000b04 0x0002a383 M   lw          x7, 0(x5)
678 4005 0x00000b08 0x0002a383 M   lw          x7, 0(x5)
679 4010 0x00000b0c 0x0002a383 M   lw          x7, 0(x5)
680 4015 0x00000b10 0x0002a383 M   lw          x7, 0(x5)
681 4020 0x00000b14 0x0002a383 M   lw          x7, 0(x5)
682 4025 0x00000b18 0x0002a383 M   lw          x7, 0(x5)
683 4030 0x00000b1c 0x0002a383 M   lw          x7, 0(x5)
684 4040 0x00000b20 0x0002a383 M   lw          x7, 0(x5)
685 4045 0x00000b24 0x0002a383 M   lw          x7, 0(x5)
686 4050 0x00000b28 0x0002a383 M   lw          x7, 0(x5)
687 4055 0x00000b2c 0x0002a383 M   lw          x7, 0(x5)
688 4060 0x00000b30 0x0002a383 M   lw          x7, 0(x5)
689 4065 0x00000b34 0x0002a383 M   lw          x7, 0(x5)
690 4070 0x00000b38 0x0002a383 M   lw          x7, 0(x5)
691 4075 0x00000b3c 0x0002a383 M   lw          x7, 0(x5)
692 4085 0x00000b40 0x0002a383 M   lw          x7, 0(x5)
693 4090 0x00000b44 0x0002a383 M   lw          x7, 0(x5)
694 4095 0x00000b48 0x0002a383 M   lw          x7, 0(x5)
695 4100 0x00000b4c 0x0002a383 M   lw          x7, 0(x5)
696 4105 0x00000b50 0x0002a383 M   lw          x7, 0(x5)
697 4110 0x00000b54 0x0002a383 M   lw          x7, 0(x5)
698 4115 0x00000b58 0x0002a383 M   lw          x7, 0(x5)
699 4120 0x00000b5c 0x0002a383 M   lw          x7, 0(x5)
700 4130 0x00000b60 0x0002a383 M   lw          x7, 0(x5)
701 4135 0x00000b64 0x0002a383 M   lw          x7, 0(x5)
702 4140 0x00000b68 0x0002a383 M   lw          x7, 0(x5)
703 4145 0x00000b6c 0x0002a383 M   lw          x7, 0(x5)
704 4150 0x00000b70 0x0002a383 M   lw          x7, 0(x5)
705 4155 0x00000b74 0x0002a383 M   lw          x7, 0(x5)
706 4160 0x00000b78 0x0002a383 M   lw          x7, 0(x5)
707 4165 0x00000b7c 0x0002a383 M   lw          x7, 0(x5)
708 4175 0x00000b80 0x0002a383 M   lw          x7, 0(x5)
709 4180 0x00000b84 0x0002a383 M   lw          x7, 0(x5)
710 4185 0x00000b88 0x0002a383 M   lw          x7, 0(x5)
711 4190 0x00000b8c 0x0002a383 M   lw          x7, 0(x5)
712 4195 0x00000b90 0x0002a383 M   lw          x7, 0(x5)
713 4200 0x00000b94 0x0002a383 M   lw          x7, 0(x5)
714 4205 0x00000b98 0x0002a383 M   lw          x7, 0(x5)
715 4210 0x00000b9c 0x0002a383 M   lw          x7, 0(x5)
716 4220 0x00000ba0 0x0002a383 M   lw          x7, 0(x5)
717 4225 0x00000ba4 0x0002a383 M   lw          x7, 0(x5)
718 4230 0x00000ba8 0x0002a383 M   lw          x7, 0(x5)
719 4235 0x00000bac 0x0002a383 M   lw          x7, 0(x5)
720 4240 0x00000bb0 0x0002a383 M   lw          x7, 0(x5)
721 4245 0x00000bb4 0x0002a383 M   lw          x7, 0(x5)
722 4250 0x00000bb8 0x0002a383 M   lw          x7, 0(x5)
723 4255 0x00000bbc 0x0002a383 M   lw          x7, 0(x5)
724 4265 0x00000bc0 0x0002a383 M   lw          x7, 0(x5)
725 4270 0x00000bc4 0x0002a383 M   lw          x7, 0(x5)
726 4275 0x00000bc8 0x0002a383 M   lw          x7, 0(x5)
727 4280 0x00000bcc 0x0002a383 M   lw          x7, 0(x5)
728 4285 0x00000bd0 0x0002a383 M   lw          x7, 0(x5)
729 4290 0x00000bd4 0x0002a383 M   lw          x7, 0(x5)
730 4295 0x00000bd8 0x0002a383 M   lw          x7, 0(x5)
731 4300 0x00000bdc 0x0002a383 M   lw          x7, 0(x5)
732 4310 0x00000be0 0x0002a383 M   lw          x7, 0(x5)
733 4315 0x00000be4 0x0002a383 M   lw          x7, 0(x5)
734 4320 0x00000be8 0x0002a383 M   lw          x7, 0(x5)
735 4325 0x00000bec 0x0002a383 M   lw          x7, 0(x5)
736 4330 0x00000bf0 0x0002a383 M   lw          x7, 0(x5)
737 4335 0x00000bf4 0x0002a383 M   lw          x7, 0(x5)
738 4340 0x00000bf8 0x0002a383 M   lw          x7, 0(x5)
739 4345 0x00000bfc 0x0002a383 M   lw          x7, 0(x5)
740 4355 0x00000c00 0x0002a383 M   lw          x7, 0(x5)
741 4360 0x00000c04 0x0002a383 M   lw          x7, 0(x5)
742 4365 0x00000c08 0x0002a383 M   lw          x7, 0(x5)
743 4370 0x00000c0c 0x0002a383 M   lw          x7, 0(x5)
744 4375 0x00000c10 0x0002a383 M   lw          x7, 0(x5)
745 4380 0x00000c14 0x0002a383 M   lw          x7, 0(x5)
746 4385 0x00000c18 0x0002a383 M   lw          x7, 0(x5)
747 4390 0x00000c1c 0x0002a383 M   lw          x7, 0(x5)
748 4400 0x00000c20 0x0002a383 M   lw          x7, 0(x5)
749 4405 0x00000c24 0x0002a383 M   lw          x7, 0(x5)
750 4410 0x00000c28 0x0002a383 M   lw          x7, 0(x5)
751 4415 0x00000c2c 0x0002a383 M   lw          x7, 0(x5)
752 4420 0x00000c30 0x0002a383 M   lw          x7, 0(x5)
753 4425 0x00000c34 0x0002a383 M   lw          x7, 0(x5)
754 4430 0x00000c38 0x0002a383 M   lw          x7, 0(x5)
755 4435 0x00000c3c 0x0002a383 M   lw          x7, 0(x5)
756 4445 0x00000c40 0x0002a383 M   lw          x7, 0(x5)
757 4450 0x00000c44 0x0002a383 M   lw          x7, 0(x5)
758 4455 0x00000c48 0x0002a383 M   lw          x7, 0(x5)
759 4460 0x00000c4c 0x0002a383 M   lw          x7, 0(x5)
760 4465 0x00000c50 0x0002a383 M   lw          x7, 0(x5)
761 4470 0x00000c54 0x0002a383 M   lw          x7, 0(x5)
762 4475 0x00000c58 0x0002a383 M   lw          x7, 0(x5)
763 4480 0x00000c5c 0x0002a383 M   lw          x7, 0(x5)
764 4490 0x00000c60 0x0002a383 M   lw          x7, 0(x5)
765 4495 0x00000c64 0x0002a383 M   lw          x7, 0(x5)
766 4500 0x00000c68 0x0002a383 M   lw          x7, 0(x5)
767 4505 0x00000c6c 0x0002a383 M   lw          x7, 0(x5)
768 4510 0x00000c70 0x0002a383 M   lw          x7, 0(x5)
769 4515 0x00000c74 0x0002a383 M   lw          x7, 0(x5)
770 4520 0x00000c78 0x0002a383 M   lw          x7, 0(x5)
771 4525 0x00000c7c 0x0002a383 M   lw          x7, 0(x5)
772 4535 0x00000c80 0x0002a383 M   lw          x7, 0(x5)
773 4540 0x00000c84 0x0002a383 M   lw          x7, 0(x5)
774 4545 0x00000c88 0x0002a383 M   lw          x7, 0(x5)
775 4550 0x00000c8c 0x0002a383 M   lw          x7, 0(x5)
776 4555 0x00000c90 0x0002a383 M   lw          x7, 0(x5)
777 4560 0x00000c94 0x0002a383 M   lw          x7, 0(x5)
778 4565 0x00000c98 0x0002a383 M   lw          x7, 0(x5)
779 4570 0x00000c9c 0x0002a383 M   lw          x7, 0(x5)
780 4580 0x00000ca0 0x0002a383 M   lw          x7, 0(x5)
781 4585 0x00000ca4 0x0002a383 M   lw          x7, 0(x5)
782 4590 0x00000ca8 0x0002a383 M   lw          x7, 0(x5)
783 4595 0x00000cac 0x0002a383 M   lw          x7, 0(x5)
784 4600 0x00000cb0 0x0002a383 M   lw          x7, 0(x5)
785 4605 0x00000cb4 0x0002a383 M   lw          x7, 0(x5)
786 4610 0x00000cb8 0x0002a383 M   lw          x7, 0(x5)
787 4615 0x00000cbc 0x0002a383 M   lw          x7, 0(x5)
788 4625 0x00000cc0 0x0002a383 M   lw          x7, 0(x5)
789 4630 0x00000cc4 0x0002a383 M   lw          x7, 0(x5)
790 4635 0x00000cc8 0x0002a383 M   lw          x7, 0(x5)
791 4640 0x00000ccc 0x0002a383 M   lw          x7, 0(x5)
792 4645 0x00000cd0 0x0002a383 M   lw          x7, 0(x5)
793 4650 0x00000cd4 0x0002a383 M   lw          x7, 0(x5)
794 4655 0x00000cd8 0x0002a383 M   lw          x7, 0(x5)
795 4660 0x00000cdc 0x0002a383 M   lw          x7, 0(x5)
796 4670 0x00000ce0 0x0002a383 M   lw          x7, 0(x5)
797 4675 0x00000ce4 0x0002a383 M   lw          x7, 0(x5)
798 4680 0x00000ce8 0x0002a383 M   lw          x7, 0(x5)
799 4685 0x00000cec 0x0002a383 M   lw          x7, 0(x5)
800 4690 0x00000cf0 0x0002a383 M   lw          x7, 0(x5)
801 4695 0x00000cf4 0x0002a383 M   lw          x7, 0(x5)
802 4700 0x00000cf8 0x0002a383 M   lw          x7, 0(x5)
803 4705 0x00000cfc 0x0002a383 M   lw          x7, 0(x5)
804 4715 0x00000d00 0x0002a383 M   lw          x7, 0(x5)
805 4720 0x00000d04 0x0002a383 M   lw          x7, 0(x5)
806 4725 0x00000d08 0x0002a383 M   lw          x7, 0(x5)
807 4730 0x00000d0c 0x0002a383 M   lw          x7, 0(x5)
808 4735 0x00000d10 0x0002a383 M   lw          x7, 0(x5)
809 4740 0x00000d14 0x0002a383 M   lw          x7, 0(x5)
810 4745 0x00000d18 0x0002a383 M   lw          x7, 0(x5)
811 4750 0x00000d1c 0x0002a383 M   lw          x7, 0(x5)
812 4760 0x00000d20 0x0002a383 M   lw          x7, 0(x5)
813 4765 0x00000d24 0x0002a383 M   lw          x7, 0(x5)
814 4770 0x00000d28 0x0002a383 M   lw          x7, 0(x5)
815 4775 0x00000d2c 0x0002a383 M   lw          x7, 0(x5)
816 4780 0x00000d30 0x0002a383 M   lw          x7, 0(x5)
817 4785 0x00000d34 0x0002a383 M   lw          x7, 0(x5)
818 4790 0x00000d38 0x0002a383 M   lw          x7, 0(x5)
819 4795 0x00000d3c 0x0002a383 M   lw          x7, 0(x5)
820 4805 0x00000d40 0x0002a383 M   lw          x7, 0(x5)
821 4810 0x00000d44 0x0002a383 M   lw          x7, 0(x5)
822 4815 0x00000d48 0x0002a383 M   lw          x7, 0(x5)
823 4820 0x00000d4c 0x0002a383 M   lw          x7, 0(x5)
824 4825 0x00000d50 0x0002a383 M   lw          x7, 0(x5)
825 4830 0x00000d54 0x0002a383 M   lw          x7, 0(x5)
826 4835 0x00000d58 0x0002a383 M   lw          x7, 0(x5)
827 4840 0x00000d5c 0x0002a383 M   lw          x7, 0(x5)
828 4850 0x00000d60 0x0002a383 M   lw          x7, 0(x5)
829 4855 0x00000d64 0x0002a383 M   lw          x7, 0(x5)
830 4860 0x00000d68 0x0002a383 M   lw          x7, 0(x5)
831 4865 0x00000d6c 0x0002a383 M   lw          x7, 0(x5)
832 4870 0x00000d70 0x0002a383 M   lw          x7, 0(x5)
833 4875 0x00000d74 0x0002a383 M   lw          x7, 0(x5)
834 4880 0x00000d78 0x0002a383 M   lw          x7, 0(x5)
835 4885 0x00000d7c 0x0002a383 M   lw          x7, 0(x5)
836 4895 0x00000d80 0x0002a383 M   lw          x7, 0(x5)
837 4900 0x00000d84 0x0002a383 M   lw          x7, 0(x5)
838 4905 0x00000d88 0x0002a383 M   lw          x7, 0(x5)
839 4910 0x00000d8c 0x0002a383 M   lw          x7, 0(x5)
840 4915 0x00000d90 0x0002a383 M   lw          x7, 0(x5)
841 4920 0x00000d94 0x0002a383 M   lw          x7, 0(x5)
842 4925 0x00000d98 0x0002a383 M   lw          x7, 0(x5)
843 4930 0x00000d9c 0x0002a383 M   lw          x7, 0(x5)
844 4940 0x00000da0 0x0002a383 M   lw          x7, 0(x5)
845 4945 0x00000da4 0x0002a383 M   lw          x7, 0(x5)
846 4950 0x00000da8 0x0002a383 M   lw          x7, 0(x5)
847 4955 0x00000dac 0x0002a383 M   lw          x7, 0(x5)
848 4960 0x00000db0 0x0002a383 M   lw          x7, 0(x5)
849 4965 0x00000db4 0x0002a383 M   lw          x7, 0(x5)
850 4970 0x00000db8 0x0002a383 M   lw          x7, 0(x5)
851 4975 0x00000dbc 0x0002a383 M   lw          x7, 0(x5)
852 4985 0x00000dc0 0x0002a383 M   lw          x7, 0(x5)
853 4990 0x00000dc4 0x0002a383 M   lw          x7, 0(x5)
854 4995 0x00000dc8 0x0002a383 M   lw          x7, 0(x5)
855 5000 0x00000dcc 0x0002a383 M   lw          x7, 0(x5)
856 5005 0x00000dd0 0x0002a383 M   lw          x7, 0(x5)
857 5010 0x00000dd4 0x0002a383 M   lw          x7, 0(x5)
858 5015 0x00000dd8 0x0002a383 M   lw          x7, 0(x5)
859 5020 0x00000ddc 0x0002a383 M   lw          x7, 0(x5)
860 5030 0x00000de0 0x0002a383 M   lw          x7, 0(x5)
861 5035 0x00000de4 0x0002a383 M   lw          x7, 0(x5)
862 5040 0x00000de8 0x0002a383 M   lw          x7, 0(x5)
863 5045 0x00000dec 0x0002a383 M   lw          x7, 0(x5)
864 5050 0x00000df0 0x0002a383 M   lw          x7, 0(x5)
865 5055 0x00000df4 0x0002a383 M   lw          x7, 0(x5)
866 5060 0x00000df8 0x0002a383 M   lw          x7, 0(x5)
867 5065 0x00000dfc 0x0002a383 M   lw          x7, 0(x5)
868 5075 0x00000e00 0x0002a383 M   lw          x7, 0(x5)
869 5080 0x00000e04 0x0002a383 M   lw          x7, 0(x5)
870 5085 0x00000e08 0x0002a383 M   lw          x7, 0(x5)
871 5090 0x00000e0c 0x0002a383 M   lw          x7, 0(x5)
872 5095 0x00000e10 0x0002a383 M   lw          x7, 0(x5)
873 5100 0x00000e14 0x0002a383 M   lw          x7, 0(x5)
874 5105 0x00000e18 0x0002a383 M   lw          x7, 0(x5)
875 5110 0x00000e1c 0x0002a383 M   lw          x7, 0(x5)
876 5120 0x00000e20 0x0002a383 M   lw          x7, 0(x5)
877 5125 0x00000e24 0x0002a383 M   lw          x7, 0(x5)
878 5130 0x00000e28 0x0002a383 M   lw          x7, 0(x5)
879 5135 0x00000e2c 0x0002a383 M   lw          x7, 0(x5)
880 5140 0x00000e30 0x0002a383 M   lw          x7, 0(x5)
881 5145 0x00000e34 0x0002a383 M   lw          x7, 0(x5)
882 5150 0x00000e38 0x0002a383 M   lw          x7, 0(x5)
883 5155 0x00000e3c 0x0002a383 M   lw          x7, 0(x5)
884 5165 0x00000e40 0x0002a383 M   lw          x7, 0(x5)
885 5170 0x00000e44 0x0002a383 M   lw          x7, 0(x5)
886 5175 0x00000e48 0x0002a383 M   lw          x7, 0(x5)
887 5180 0x00000e4c 0x0002a383 M   lw          x7, 0(x5)
888 5185 0x00000e50 0x0002a383 M   lw          x7, 0(x5)
889 5190 0x00000e54 0x0002a383 M   lw          x7, 0(x5)
890 5195 0x00000e58 0x0002a383 M   lw          x7, 0(x5)
891 5200 0x00000e5c 0x0002a383 M   lw          x7, 0(x5)
892 5210 0x00000e60 0x0002a383 M   lw          x7, 0(x5)
893 5215 0x00000e64 0x0002a383 M   lw          x7, 0(x5)
894 5220 0x00000e68 0x0002a383 M   lw          x7, 0(x5)
895 5225 0x00000e6c 0x0002a383 M   lw          x7, 0(x5)
896 5230 0x00000e70 0x0002a383 M   lw          x7, 0(x5)
897 5235 0x00000e74 0x0002a383 M   lw          x7, 0(x5)
898 5240 0x00000e78 0x0002a383 M   lw          x7, 0(x5)
899 5245 0x00000e7c 0x0002a383 M   lw          x7, 0(x5)
900 5255 0x00000e80 0x0002a383 M   lw          x7, 0(x5)
901 5260 0x00000e84 0x0002a383 M   lw          x7, 0(x5)
902 5265 0x00000e88 0x0002a383 M   lw          x7, 0(x5)
903 5270 0x00000e8c 0x0002a383 M   lw          x7, 0(x5)
904 5275 0x00000e90 0x0002a383 M   lw          x7, 0(x5)
905 5280 0x00000e94 0x0002a383 M   lw          x7, 0(x5)
906 5285 0x00000e98 0x0002a383 M   lw          x7, 0(x5)
907 5290 0x00000e9c 0x0002a383 M   lw          x7, 0(x5)
908 5300 0x00000ea0 0x0002a383 M   lw          x7, 0(x5)
909 5305 0x00000ea4 0x0002a383 M   lw          x7, 0(x5)
910 5310 0x00000ea8 0x0002a383 M   lw          x7, 0(x5)
911 5315 0x00000eac 0x0002a383 M   lw          x7, 0(x5)
912 5320 0x00000eb0 0x0002a383 M   lw          x7, 0(x5)
913 5325 0x00000eb4 0x0002a383 M   lw          x7, 0(x5)
914 5330 0x00000eb8 0x0002a383 M   lw          x7, 0(x5)
915 5335 0x00000ebc 0x0002a383 M   lw          x7, 0(x5)
916 5345 0x00000ec0 0x0002a383 M   lw          x7, 0(x5)
917 5350 0x00000ec4 0x0002a383 M   lw          x7, 0(x5)
918 5355 0x00000ec8 0x0002a383 M   lw          x7, 0(x5)
919 5360 0x00000ecc 0x0002a383 M   lw          x7, 0(x5)
920 5365 0x00000ed0 0x0002a383 M   lw          x7, 0(x5)
921 5370 0x00000ed4 0x0002a383 M   lw          x7, 0(x5)
922 5375 0x00000ed8 0x0002a383 M   lw          x7, 0(x5)
923 5380 0x00000edc 0x0002a383 M   lw          x7, 0(x5)
924 5390 0x00000ee0 0x0002a383 M   lw          x7, 0(x5)
925 5395 0x00000ee4 0x0002a383 M   lw          x7, 0(x5)
926 5400 0x00000ee8 0x0002a383 M   lw          x7, 0(x5)
927 5405 0x00000eec 0x0002a383 M   lw          x7, 0(x5)
928 5410 0x00000ef0 0x0002a383 M   lw          x7, 0(x5)
929 5415 0x00000ef4 0x0002a383 M   lw          x7, 0(x5)
930 5420 0x00000ef8 0x0002a383 M   lw          x7, 0(x5)
931 5425 0x00000efc 0x0002a383 M   lw          x7, 0(x5)
932 5435 0x00000f00 0x0002a383 M   lw          x7, 0(x5)
933 5440 0x00000f04 0x0002a383 M   lw          x7, 0(x5)
934 5445 0x00000f08 0x0002a383 M   lw          x7, 0(x5)
935 5450 0x00000f0c 0x0002a383 M   lw          x7, 0(x5)
936 5455 0x00000f10 0x0002a383 M   lw          x7, 0(x5)
937 5460 0x00000f14 0x0002a383 M   lw          x7, 0(x5)
938 5465 0x00000f18 0x0002a383 M   lw          x7, 0(x5)
939 5470 0x00000f1c 0x0002a383 M   lw          x7, 0(x5)
940 5480 0x00000f20 0x0002a383 M   lw          x7, 0(x5)
941 5485 0x00000f24 0x0002a383 M   lw          x7, 0(x5)
942 5490 0x00000f28 0x0002a383 M   lw          x7, 0(x5)
943 5495 0x00000f2c 0x0002a383 M   lw          x7, 0(x5)
944 5500 0x00000f30 0x0002a383 M   lw          x7, 0(x5)
945 5505 0x00000f34 0x0002a383 M   lw          x7, 0(x5)
946 5510 0x00000f38 0x0002a383 M   lw          x7, 0(x5)
947 5515 0x00000f3c 0x0002a383 M   lw          x7, 0(x5)
948 5525 0x00000f40 0x0002a383 M   lw          x7, 0(x5)
949 5530 0x00000f44 0x0002a383 M   lw          x7, 0(x5)
950 5535 0x00000f48 0x0002a383 M   lw          x7, 0(x5)
951 5540 0x00000f4c 0x0002a383 M   lw          x7, 0(x5)
952 5545 0x00000f50 0x0002a383 M   lw          x7, 0(x5)
953 5550 0x00000f54 0x0002a383 M   lw          x7, 0(x5)
954 5555 0x00000f58 0x0002a383 M   lw          x7, 0(x5)
955 5560 0x00000f5c 0x0002a383 M   lw          x7, 0(x5)
956 5570 0x00000f60 0x0002a383 M   lw          x7, 0(x5)
957 5575 0x00000f64 0x0002a383 M   lw          x7, 0(x5)
958 5580 0x00000f68 0x0002a383 M   lw          x7, 0(x5)
959 5585 0x00000f6c 0x0002a383 M   lw          x7, 0(x5)
960 5590 0x00000f70 0x0002a383 M   lw          x7, 0(x5)
961 5595 0x00000f74 0x0002a383 M   lw          x7, 0(x5)
962 5600 0x00000f78 0x0002a383 M   lw          x7, 0(x5)
963 5605 0x00000f7c 0x0002a383 M   lw          x7, 0(x5)
964 5615 0x00000f80 0x0002a383 M   lw          x7, 0(x5)
965 5620 0x00000f84 0x0002a383 M   lw          x7, 0(x5)
966 5625 0x00000f88 0x0002a383 M   lw          x7, 0(x5)
967 5630 0x00000f8c 0x0002a383 M   lw          x7, 0(x5)
968 5635 0x00000f90 0x0002a383 M   lw          x7, 0(x5)
969 5640 0x00000f94 0x0002a383 M   lw          x7, 0(x5)
970 5645 0x00000f98 0x0002a383 M   lw          x7, 0(x5)
971 5650 0x00000f9c 0x0002a383 M   lw          x7, 0(x5)
972 5660 0x00000fa0 0x0002a383 M   lw          x7, 0(x5)
973 5665 0x00000fa4 0x0002a383 M   lw          x7, 0(x5)
974 5670 0x00000fa8 0x0002a383 M   lw          x7, 0(x5)
975 5675 0x00000fac 0x0002a383 M   lw          x7, 0(x5)
976 5680 0x00000fb0 0x0002a383 M   lw          x7, 0(x5)
977 5685 0x00000fb4 0x0002a383 M   lw          x7, 0(x5)
978 5690 0x00000fb8 0x0002a383 M   lw          x7, 0(x5)
979 5695 0x00000fbc 0x0002a383 M   lw          x7, 0(x5)
980 5705 0x00000fc0 0x0002a383 M   lw          x7, 0(x5)
981 5710 0x00000fc4 0x0002a383 M   lw          x7, 0(x5)
982 5715 0x00000fc8 0x0002a383 M   lw          x7, 0(x5)
983 5720 0x00000fcc 0x0002a383 M   lw          x7, 0(x5)
984 5725 0x00000fd0 0x0002a383 M   lw          x7, 0(x5)
985 5730 0x00000fd4 0x0002a383 M   lw          x7, 0(x5)
986 5735 0x00000fd8 0x0002a383 M   lw          x7, 0(x5)
987 5740 0x00000fdc 0x0002a383 M   lw          x7, 0(x5)
988 5750 0x00000fe0 0x0002a383 M   lw          x7, 0(x5)
989 5755 0x00000fe4 0x0002a383 M   lw          x7, 0(x5)
990 5760 0x00000fe8 0x0002a383 M   lw          x7, 0(x5)
991 5765 0x00000fec 0x0002a383 M   lw          x7, 0(x5)
992 5770 0x00000ff0 0x0002a383 M   lw          x7, 0(x5)
993 5775 0x00000ff4 0x0002a383 M   lw          x7, 0(x5)
994 5780 0x00000ff8 0x0002a383 M   lw          x7, 0(x5)
995 5785 0x00000ffc 0x0002a383 M   lw          x7, 0(x5)
996 5795 0x00001000 0x0002a383 M   lw          x7, 0(x5)
997 5800 0x00001004 0x0002a383 M   lw          x7, 0(x5)
998 5805 0x00001008 0x0002a383 M   lw          x7, 0(x5)
999 5810 0x0000100c 0x0002a383 M   lw          x7, 0(x5)
1000 5815 0x00001010 0x0002a383 M   lw          x7, 0(x5)
1001 5820 0x00001014 0x0002a383 M   lw          x7, 0(x5)
1002 5825 0x00001018 0x0002a383 M   lw          x7, 0(x5)
1003 5830 0x0000101c 0x0002a383 M   lw          x7, 0(x5)
1004 5840 0x00001020 0x0002a383 M   lw          x7, 0(x5)
1005 5845 0x00001024 0x0002a383 M   lw          x7, 0(x5)
1006 5850 0x00001028 0x0002a383 M   lw          x7, 0(x5)
1007 5855 0x0000102c 0x0002a383 M   lw          x7, 0(x5)
1008 5860 0x00001030 0x0002a383 M   lw          x7, 0(x5)
1009 5865 0x00001034 0x0002a383 M   lw          x7, 0(x5)
1010 5870 0x00001038 0x0002a383 M   lw          x7, 0(x5)
1011 5875 0x0000103c 0x0002a383 M   lw          x7, 0(x5)
1012 5885 0x00001040 0x0002a383 M   lw          x7, 0(x5)
1013 5890 0x00001044 0x0002a383 M   lw          x7, 0(x5)
1014 5895 0x00001048 0x0002a383 M   lw          x7, 0(x5)
1015 5900 0x0000104c 0x0002a383 M   lw          x7, 0(x5)
1016 5905 0x00001050 0x0002a383 M   lw          x7, 0(x5)
1017 5910 0x00001054 0x0002a383 M   lw          x7, 0(x5)
1018 5915 0x00001058 0x0002a383 M   lw          x7, 0(x5)
1019 5920 0x0000105c 0x0002a383 M   lw          x7, 0(x5)
1020 5930 0x00001060 0x0002a383 M   lw          x7, 0(x5)
1021 5935 0x00001064 0x0002a383 M   lw          x7, 0(x5)
1022 5940 0x00001068 0x0002a383 M   lw          x7, 0(x5)
1023 5945 0x0000106c 0x0002a383 M   lw          x7, 0(x5)
1024 5950 0x00001070 0x0002a383 M   lw          x7, 0(x5)
1025 5955 0x00001074 0x0002a383 M   lw          x7, 0(x5)
1026 5960 0x00001078 0x0002a383 M   lw          x7, 0(x5)
1027 5965 0x0000107c 0x0002a383 M   lw          x7, 0(x5)
1028 5975 0x00001080 0x0002a383 M   lw          x7, 0(x5)
1029 5980 0x00001084 0x0002a383 M   lw          x7, 0(x5)
1030 5985 0x00001088 0x0002a383 M   lw          x7, 0(x5)
1031 5990 0x0000108c 0x0002a383 M   lw          x7, 0(x5)
1032 5995 0x00001090 0x0002a383 M   lw          x7, 0(x5)
1033 6000 0x00001094 0x0002a383 M   lw          x7, 0(x5)
1034 6005 0x00001098 0x0002a383 M   lw          x7, 0(x5)
1035 6010 0x0000109c 0x0002a383 M   lw          x7, 0(x5)
1036 6020 0x000010a0 0x0002a383 M   lw          x7, 0(x5)
1037 6025 0x000010a4 0x0002a383 M   lw          x7, 0(x5)
1038 6030 0x000010a8 0x0002a383 M   lw          x7, 0(x5)
1039 6035 0x000010ac 0x0002a383 M   lw          x7, 0(x5)
1040 6040 0x000010b0 0x0002a383 M   lw          x7, 0(x5)
1041 6045 0x000010b4 0x0002a383 M   lw          x7, 0(x5)
1042 6050 0x000010b8 0x0002a383 M   lw          x7, 0(x5)
1043 6055 0x000010bc 0x0002a383 M   lw          x7, 0(x5)
1044 6065 0x000010c0 0x0002a383 M   lw          x7, 0(x5)
1045 6070 0x000010c4 0x0002a383 M   lw          x7, 0(x5)
1046 6075 0x000010c8 0x0002a383 M   lw          x7, 0(x5)
1047 6080 0x000010cc 0x0002a383 M   lw          x7, 0(x5)
1048 6085 0x000010d0 0x0002a383 M   lw          x7, 0(x5)
1049 6090 0x000010d4 0x0002a383 M   lw          x7, 0(x5)
1050 6095 0x000010d8 0x0002a383 M   lw          x7, 0(x5)
1051 6100 0x000010dc 0x0002a383 M   lw          x7, 0(x5)
1052 6110 0x000010e0 0x0002a383 M   lw          x7, 0(x5)
1053 6115 0x000010e4 0x0002a383 M   lw          x7, 0(x5)
1054 6120 0x000010e8 0x0002a383 M   lw          x7, 0(x5)
1055 6125 0x000010ec 0x0002a383 M   lw          x7, 0(x5)
1056 6130 0x000010f0 0x0002a383 M   lw          x7, 0(x5)
1057 6135 0x000010f4 0x0002a383 M   lw          x7, 0(x5)
1058 6140 0x000010f8 0x0002a383 M   lw          x7, 0(x5)
1059 6145 0x000010fc 0x0002a383 M   lw          x7, 0(x5)
1060 6155 0x00001100 0x0002a383 M   lw          x7, 0(x5)
1061 6160 0x00001104 0x0002a383 M   lw          x7, 0(x5)
1062 6165 0x00001108 0x0002a383 M   lw          x7, 0(x5)
1063 6170 0x0000110c 0x0002a383 M   lw          x7, 0(x5)
1064 6175 0x00001110 0x0002a383 M   lw          x7, 0(x5)
1065 6180 0x00001114 0x0002a383 M   lw          x7, 0(x5)
1066 6185 0x00001118 0x0002a383 M   lw          x7, 0(x5)
1067 6190 0x0000111c 0x0002a383 M   lw          x7, 0(x5)
1068 6200 0x00001120 0x0002a383 M   lw          x7, 0(x5)
1069 6205 0x00001124 0x0002a383 M   lw          x7, 0(x5)
1070 6210 0x00001128 0x0002a383 M   lw          x7, 0(x5)
1071 6215 0x0000112c 0x0002a383 M   lw          x7, 0(x5)
1072 6220 0x00001130 0x0002a383 M   lw          x7, 0(x5)
1073 6225 0x00001134 0x0002a383 M   lw          x7, 0(x5)
1074 6230 0x00001138 0x0002a383 M   lw          x7, 0(x5)
1075 6235 0x0000113c 0x0002a383 M   lw          x7, 0(x5)
1076 6245 0x00001140 0x0002a383 M   lw          x7, 0(x5)
1077 6250 0x00001144 0x0002a383 M   lw          x7, 0(x5)
1078 6255 0x00001148 0x0002a383 M   lw          x7, 0(x5)
1079 6260 0x0000114c 0x0002a383 M   lw          x7, 0(x5)
1080 6265 0x00001150 0x0002a383 M   lw          x7, 0(x5)
1081 6270 0x00001154 0x0002a383 M   lw          x7, 0(x5)
1082 6275 0x00001158 0x0002a383 M   lw          x7, 0(x5)
1083 6280 0x0000115c 0x0002a383 M   lw          x7, 0(x5)
1084 6290 0x00001160 0x0002a383 M   lw          x7, 0(x5)
1085 6295 0x00001164 0x0002a383 M   lw          x7, 0(x5)
1086 6297 0x00001168 0x00000513 M   addi        x10, x0, 0
1087 6300 0x0000116c 0x00008067 M   jalr        x0, 0(x1)
1088 6318 0x0000015c 0x30047073 M   csrrci      x0, mstatus, 8
1089 6332 0x00000160 0x30401073 M   csrrw       x0, mie, x0
1090 6334 0x00000164 0x00000597 M   auipc       x11, 0x00000000
1091 6336 0x00000168 0x05058593 M   addi        x11, x11, 80
1092 6339 0x0000016c 0x30559073 M   csrrw       x0, mtvec, x11
1093 6342 0x00000170 0x34051073 M   csrrw       x0, mscratch, x10
1094 6345 0x00000174 0xf1402473 M   csrrs       x8, mhartid, x0
1095 6348 0x00000178 0x02041463 M   bne         x8, x0, 40
1096 6350 0x0000017c 0x00001417 M   auipc       x8, 0x00001000
1097 6362 0x00000180 0xff440413 M   addi        x8, x8, -12
1098 6364 0x00000184 0x00001497 M   auipc       x9, 0x00001000
1099 6366 0x00000188 0xfec48493 M   addi        x9, x9, -20
1100 6369 0x0000018c 0x00945a63 M   bge         x8, x9, 20
1101 6388 0x000001a0 0xf1402473 M   csrrs       x8, mhartid, x0
1102 6391 0x000001a4 0x00041463 M   bne         x8, x0, 8
1103 6394 0x000001a8 0x00100073 M   ebreak      
1104 6403 0x000001b4 0x10500073 M   wfi          <TRAP_ENTRY>
