0 30 0x00000000 0xf14020f3 M   csrrs       x1, mhartid, x0
1 32 0x00000004 0x80002217 M   auipc       x4, 0x80002000
2 34 0x00000008 0xffc20213 M   addi        x4, x4, -4
3 36 0x0000000c 0xff027113 M   andi        x2, x4, -16
4 38 0x00000010 0x80000197 M   auipc       x3, 0x80000000
5 40 0x00000014 0x7f018193 M   addi        x3, x3, 2032
6 42 0x00000018 0x000022b7 M   lui         x5, 0x00002000
7 44 0x0000001c 0x80028293 M   addi        x5, x5, -2048
8 58 0x00000020 0x30029073 M   csrrw       x0, mstatus, x5
9 60 0x00000024 0x00000317 M   auipc       x6, 0x00000000
10 62 0x00000028 0x19430313 M   addi        x6, x6, 404
11 65 0x0000002c 0x30531073 M   csrrw       x0, mtvec, x6
12 68 0x00000030 0x30401073 M   csrrw       x0, mie, x0
13 70 0x00000034 0x00001397 M   auipc       x7, 0x00001000
14 72 0x00000038 0x14438393 M   addi        x7, x7, 324
15 74 0x0000003c 0x80000417 M   auipc       x8, 0x80000000
16 87 0x00000040 0xfc440413 M   addi        x8, x8, -60
17 89 0x00000044 0x80000497 M   auipc       x9, 0x80000000
18 91 0x00000048 0xfd448493 M   addi        x9, x9, -44
19 93 0x0000004c 0x80000517 M   auipc       x10, 0x80000000
20 95 0x00000050 0xfcc50513 M   addi        x10, x10, -52
21 97 0x00000054 0x80000597 M   auipc       x11, 0x80000000
22 99 0x00000058 0xfc458593 M   addi        x11, x11, -60
23 101 0x0000005c 0x00000613 M   addi        x12, x0, 0
24 115 0x00000060 0x00000693 M   addi        x13, x0, 0
25 117 0x00000064 0x00000713 M   addi        x14, x0, 0
26 119 0x00000068 0x00000793 M   addi        x15, x0, 0
27 121 0x0000006c 0x00000813 M   addi        x16, x0, 0
28 123 0x00000070 0x00000893 M   addi        x17, x0, 0
29 125 0x00000074 0x00000913 M   addi        x18, x0, 0
30 127 0x00000078 0x00000993 M   addi        x19, x0, 0
31 129 0x0000007c 0x00000a13 M   addi        x20, x0, 0
32 143 0x00000080 0x00000a93 M   addi        x21, x0, 0
33 145 0x00000084 0x00000b13 M   addi        x22, x0, 0
34 147 0x00000088 0x00000b93 M   addi        x23, x0, 0
35 149 0x0000008c 0x00000c13 M   addi        x24, x0, 0
36 151 0x00000090 0x00000c93 M   addi        x25, x0, 0
37 153 0x00000094 0x00000d13 M   addi        x26, x0, 0
38 155 0x00000098 0x00000d93 M   addi        x27, x0, 0
39 157 0x0000009c 0x00000e13 M   addi        x28, x0, 0
40 171 0x000000a0 0x00000e93 M   addi        x29, x0, 0
41 173 0x000000a4 0x00000f13 M   addi        x30, x0, 0
42 175 0x000000a8 0x00000f93 M   addi        x31, x0, 0
43 178 0x000000ac 0x04008463 M   beq         x1, x0, 72
44 200 0x000000f4 0x00838e63 M   beq         x7, x8, 28
45 203 0x000000f8 0x00945c63 M   bge         x8, x9, 24
46 226 0x000000fc 0x0003a783 M   lw          x15, 0(x7)
47 245 0x00000100 0x00f42023 M   sw          x15, 0(x8)
48 247 0x00000104 0x00438393 M   addi        x7, x7, 4
49 249 0x00000108 0x00440413 M   addi        x8, x8, 4
50 252 0x0000010c 0xfe9448e3 M   blt         x8, x9, -16
51 260 0x000000fc 0x0003a783 M   lw          x15, 0(x7)
52 265 0x00000100 0x00f42023 M   sw          x15, 0(x8)
53 267 0x00000104 0x00438393 M   addi        x7, x7, 4
54 269 0x00000108 0x00440413 M   addi        x8, x8, 4
55 272 0x0000010c 0xfe9448e3 M   blt         x8, x9, -16
56 292 0x000000fc 0x0003a783 M   lw          x15, 0(x7)
57 297 0x00000100 0x00f42023 M   sw          x15, 0(x8)
58 299 0x00000104 0x00438393 M   addi        x7, x7, 4
59 301 0x00000108 0x00440413 M   addi        x8, x8, 4
60 304 0x0000010c 0xfe9448e3 M   blt         x8, x9, -16
61 312 0x000000fc 0x0003a783 M   lw          x15, 0(x7)
62 317 0x00000100 0x00f42023 M   sw          x15, 0(x8)
63 319 0x00000104 0x00438393 M   addi        x7, x7, 4
64 321 0x00000108 0x00440413 M   addi        x8, x8, 4
65 324 0x0000010c 0xfe9448e3 M   blt         x8, x9, -16
66 332 0x000000fc 0x0003a783 M   lw          x15, 0(x7)
67 337 0x00000100 0x00f42023 M   sw          x15, 0(x8)
68 339 0x00000104 0x00438393 M   addi        x7, x7, 4
69 341 0x00000108 0x00440413 M   addi        x8, x8, 4
70 344 0x0000010c 0xfe9448e3 M   blt         x8, x9, -16
71 352 0x000000fc 0x0003a783 M   lw          x15, 0(x7)
72 357 0x00000100 0x00f42023 M   sw          x15, 0(x8)
73 359 0x00000104 0x00438393 M   addi        x7, x7, 4
74 361 0x00000108 0x00440413 M   addi        x8, x8, 4
75 364 0x0000010c 0xfe9448e3 M   blt         x8, x9, -16
76 367 0x00000110 0x00b55863 M   bge         x10, x11, 16
77 384 0x00000120 0x00001417 M   auipc       x8, 0x00001000
78 386 0x00000124 0x05840413 M   addi        x8, x8, 88
79 388 0x00000128 0x00001497 M   auipc       x9, 0x00001000
80 390 0x0000012c 0x05048493 M   addi        x9, x9, 80
81 393 0x00000130 0x00945a63 M   bge         x8, x9, 20
82 411 0x00000144 0x00000617 M   auipc       x12, 0x00000000
83 413 0x00000148 0x07c60613 M   addi        x12, x12, 124
84 416 0x0000014c 0x0ff0000f M   fence       
85 423 0x00000150 0x0000100f M   fence.i     
86 634 0x00000154 0x00000513 M   addi        x10, x0, 0
87 636 0x00000158 0x00000593 M   addi        x11, x0, 0
88 639 0x0000015c 0x000600e7 M   jalr        x1, 0(x12)
89 667 0x000001c0 0x80000297 M   auipc       x5, 0x80000000
90 669 0x000001c4 0xe4028293 M   addi        x5, x5, -448
91 671 0x000001c8 0x00000313 M   addi        x6, x0, 0
92 674 0x000001cc 0xc0002473 M   csrrs       x8, cycle, x0
93 693 0x000001d0 0x0062a023 M   sw          x6, 0(x5)
94 698 0x000001d4 0x0062a023 M   sw          x6, 0(x5)
95 703 0x000001d8 0x0062a023 M   sw          x6, 0(x5)
96 708 0x000001dc 0x0062a023 M   sw          x6, 0(x5)
97 718 0x000001e0 0x0062a023 M   sw          x6, 0(x5)
98 723 0x000001e4 0x0062a023 M   sw          x6, 0(x5)
99 728 0x000001e8 0x0062a023 M   sw          x6, 0(x5)
100 733 0x000001ec 0x0062a023 M   sw          x6, 0(x5)
101 738 0x000001f0 0x0062a023 M   sw          x6, 0(x5)
102 743 0x000001f4 0x0062a023 M   sw          x6, 0(x5)
103 748 0x000001f8 0x0062a023 M   sw          x6, 0(x5)
104 753 0x000001fc 0x0062a023 M   sw          x6, 0(x5)
105 763 0x00000200 0x0062a023 M   sw          x6, 0(x5)
106 768 0x00000204 0x0062a023 M   sw          x6, 0(x5)
107 773 0x00000208 0x0062a023 M   sw          x6, 0(x5)
108 778 0x0000020c 0x0062a023 M   sw          x6, 0(x5)
109 783 0x00000210 0x0062a023 M   sw          x6, 0(x5)
110 788 0x00000214 0x0062a023 M   sw          x6, 0(x5)
111 793 0x00000218 0x0062a023 M   sw          x6, 0(x5)
112 798 0x0000021c 0x0062a023 M   sw          x6, 0(x5)
113 808 0x00000220 0x0062a023 M   sw          x6, 0(x5)
114 813 0x00000224 0x0062a023 M   sw          x6, 0(x5)
115 818 0x00000228 0x0062a023 M   sw          x6, 0(x5)
116 823 0x0000022c 0x0062a023 M   sw          x6, 0(x5)
117 828 0x00000230 0x0062a023 M   sw          x6, 0(x5)
118 833 0x00000234 0x0062a023 M   sw          x6, 0(x5)
119 838 0x00000238 0x0062a023 M   sw          x6, 0(x5)
120 843 0x0000023c 0x0062a023 M   sw          x6, 0(x5)
121 853 0x00000240 0x0062a023 M   sw          x6, 0(x5)
122 858 0x00000244 0x0062a023 M   sw          x6, 0(x5)
123 863 0x00000248 0x0062a023 M   sw          x6, 0(x5)
124 868 0x0000024c 0x0062a023 M   sw          x6, 0(x5)
125 873 0x00000250 0x0062a023 M   sw          x6, 0(x5)
126 878 0x00000254 0x0062a023 M   sw          x6, 0(x5)
127 883 0x00000258 0x0062a023 M   sw          x6, 0(x5)
128 888 0x0000025c 0x0062a023 M   sw          x6, 0(x5)
129 898 0x00000260 0x0062a023 M   sw          x6, 0(x5)
130 903 0x00000264 0x0062a023 M   sw          x6, 0(x5)
131 908 0x00000268 0x0062a023 M   sw          x6, 0(x5)
132 913 0x0000026c 0x0062a023 M   sw          x6, 0(x5)
133 918 0x00000270 0x0062a023 M   sw          x6, 0(x5)
134 923 0x00000274 0x0062a023 M   sw          x6, 0(x5)
135 928 0x00000278 0x0062a023 M   sw          x6, 0(x5)
136 933 0x0000027c 0x0062a023 M   sw          x6, 0(x5)
137 943 0x00000280 0x0062a023 M   sw          x6, 0(x5)
138 948 0x00000284 0x0062a023 M   sw          x6, 0(x5)
139 953 0x00000288 0x0062a023 M   sw          x6, 0(x5)
140 958 0x0000028c 0x0062a023 M   sw          x6, 0(x5)
141 963 0x00000290 0x0062a023 M   sw          x6, 0(x5)
142 968 0x00000294 0x0062a023 M   sw          x6, 0(x5)
143 973 0x00000298 0x0062a023 M   sw          x6, 0(x5)
144 978 0x0000029c 0x0062a023 M   sw          x6, 0(x5)
145 988 0x000002a0 0x0062a023 M   sw          x6, 0(x5)
146 993 0x000002a4 0x0062a023 M   sw          x6, 0(x5)
147 998 0x000002a8 0x0062a023 M   sw          x6, 0(x5)
148 1003 0x000002ac 0x0062a023 M   sw          x6, 0(x5)
149 1008 0x000002b0 0x0062a023 M   sw          x6, 0(x5)
150 1013 0x000002b4 0x0062a023 M   sw          x6, 0(x5)
151 1018 0x000002b8 0x0062a023 M   sw          x6, 0(x5)
152 1023 0x000002bc 0x0062a023 M   sw          x6, 0(x5)
153 1033 0x000002c0 0x0062a023 M   sw          x6, 0(x5)
154 1038 0x000002c4 0x0062a023 M   sw          x6, 0(x5)
155 1043 0x000002c8 0x0062a023 M   sw          x6, 0(x5)
156 1048 0x000002cc 0x0062a023 M   sw          x6, 0(x5)
157 1053 0x000002d0 0x0062a023 M   sw          x6, 0(x5)
158 1058 0x000002d4 0x0062a023 M   sw          x6, 0(x5)
159 1063 0x000002d8 0x0062a023 M   sw          x6, 0(x5)
160 1068 0x000002dc 0x0062a023 M   sw          x6, 0(x5)
161 1078 0x000002e0 0x0062a023 M   sw          x6, 0(x5)
162 1083 0x000002e4 0x0062a023 M   sw          x6, 0(x5)
163 1088 0x000002e8 0x0062a023 M   sw          x6, 0(x5)
164 1093 0x000002ec 0x0062a023 M   sw          x6, 0(x5)
165 1098 0x000002f0 0x0062a023 M   sw          x6, 0(x5)
166 1103 0x000002f4 0x0062a023 M   sw          x6, 0(x5)
167 1108 0x000002f8 0x0062a023 M   sw          x6, 0(x5)
168 1113 0x000002fc 0x0062a023 M   sw          x6, 0(x5)
169 1123 0x00000300 0x0062a023 M   sw          x6, 0(x5)
170 1128 0x00000304 0x0062a023 M   sw          x6, 0(x5)
171 1133 0x00000308 0x0062a023 M   sw          x6, 0(x5)
172 1138 0x0000030c 0x0062a023 M   sw          x6, 0(x5)
173 1143 0x00000310 0x0062a023 M   sw          x6, 0(x5)
174 1148 0x00000314 0x0062a023 M   sw          x6, 0(x5)
175 1153 0x00000318 0x0062a023 M   sw          x6, 0(x5)
176 1158 0x0000031c 0x0062a023 M   sw          x6, 0(x5)
177 1168 0x00000320 0x0062a023 M   sw          x6, 0(x5)
178 1173 0x00000324 0x0062a023 M   sw          x6, 0(x5)
179 1178 0x00000328 0x0062a023 M   sw          x6, 0(x5)
180 1183 0x0000032c 0x0062a023 M   sw          x6, 0(x5)
181 1188 0x00000330 0x0062a023 M   sw          x6, 0(x5)
182 1193 0x00000334 0x0062a023 M   sw          x6, 0(x5)
183 1198 0x00000338 0x0062a023 M   sw          x6, 0(x5)
184 1203 0x0000033c 0x0062a023 M   sw          x6, 0(x5)
185 1213 0x00000340 0x0062a023 M   sw          x6, 0(x5)
186 1218 0x00000344 0x0062a023 M   sw          x6, 0(x5)
187 1223 0x00000348 0x0062a023 M   sw          x6, 0(x5)
188 1228 0x0000034c 0x0062a023 M   sw          x6, 0(x5)
189 1233 0x00000350 0x0062a023 M   sw          x6, 0(x5)
190 1238 0x00000354 0x0062a023 M   sw          x6, 0(x5)
191 1243 0x00000358 0x0062a023 M   sw          x6, 0(x5)
192 1248 0x0000035c 0x0062a023 M   sw          x6, 0(x5)
193 1258 0x00000360 0x0062a023 M   sw          x6, 0(x5)
194 1263 0x00000364 0x0062a023 M   sw          x6, 0(x5)
195 1268 0x00000368 0x0062a023 M   sw          x6, 0(x5)
196 1273 0x0000036c 0x0062a023 M   sw          x6, 0(x5)
197 1278 0x00000370 0x0062a023 M   sw          x6, 0(x5)
198 1283 0x00000374 0x0062a023 M   sw          x6, 0(x5)
199 1288 0x00000378 0x0062a023 M   sw          x6, 0(x5)
200 1293 0x0000037c 0x0062a023 M   sw          x6, 0(x5)
201 1303 0x00000380 0x0062a023 M   sw          x6, 0(x5)
202 1308 0x00000384 0x0062a023 M   sw          x6, 0(x5)
203 1313 0x00000388 0x0062a023 M   sw          x6, 0(x5)
204 1318 0x0000038c 0x0062a023 M   sw          x6, 0(x5)
205 1323 0x00000390 0x0062a023 M   sw          x6, 0(x5)
206 1328 0x00000394 0x0062a023 M   sw          x6, 0(x5)
207 1333 0x00000398 0x0062a023 M   sw          x6, 0(x5)
208 1338 0x0000039c 0x0062a023 M   sw          x6, 0(x5)
209 1348 0x000003a0 0x0062a023 M   sw          x6, 0(x5)
210 1353 0x000003a4 0x0062a023 M   sw          x6, 0(x5)
211 1358 0x000003a8 0x0062a023 M   sw          x6, 0(x5)
212 1363 0x000003ac 0x0062a023 M   sw          x6, 0(x5)
213 1368 0x000003b0 0x0062a023 M   sw          x6, 0(x5)
214 1373 0x000003b4 0x0062a023 M   sw          x6, 0(x5)
215 1378 0x000003b8 0x0062a023 M   sw          x6, 0(x5)
216 1383 0x000003bc 0x0062a023 M   sw          x6, 0(x5)
217 1393 0x000003c0 0x0062a023 M   sw          x6, 0(x5)
218 1398 0x000003c4 0x0062a023 M   sw          x6, 0(x5)
219 1403 0x000003c8 0x0062a023 M   sw          x6, 0(x5)
220 1408 0x000003cc 0x0062a023 M   sw          x6, 0(x5)
221 1413 0x000003d0 0x0062a023 M   sw          x6, 0(x5)
222 1418 0x000003d4 0x0062a023 M   sw          x6, 0(x5)
223 1423 0x000003d8 0x0062a023 M   sw          x6, 0(x5)
224 1428 0x000003dc 0x0062a023 M   sw          x6, 0(x5)
225 1438 0x000003e0 0x0062a023 M   sw          x6, 0(x5)
226 1443 0x000003e4 0x0062a023 M   sw          x6, 0(x5)
227 1448 0x000003e8 0x0062a023 M   sw          x6, 0(x5)
228 1453 0x000003ec 0x0062a023 M   sw          x6, 0(x5)
229 1458 0x000003f0 0x0062a023 M   sw          x6, 0(x5)
230 1463 0x000003f4 0x0062a023 M   sw          x6, 0(x5)
231 1468 0x000003f8 0x0062a023 M   sw          x6, 0(x5)
232 1473 0x000003fc 0x0062a023 M   sw          x6, 0(x5)
233 1483 0x00000400 0x0062a023 M   sw          x6, 0(x5)
234 1488 0x00000404 0x0062a023 M   sw          x6, 0(x5)
235 1493 0x00000408 0x0062a023 M   sw          x6, 0(x5)
236 1498 0x0000040c 0x0062a023 M   sw          x6, 0(x5)
237 1503 0x00000410 0x0062a023 M   sw          x6, 0(x5)
238 1508 0x00000414 0x0062a023 M   sw          x6, 0(x5)
239 1513 0x00000418 0x0062a023 M   sw          x6, 0(x5)
240 1518 0x0000041c 0x0062a023 M   sw          x6, 0(x5)
241 1528 0x00000420 0x0062a023 M   sw          x6, 0(x5)
242 1533 0x00000424 0x0062a023 M   sw          x6, 0(x5)
243 1538 0x00000428 0x0062a023 M   sw          x6, 0(x5)
244 1543 0x0000042c 0x0062a023 M   sw          x6, 0(x5)
245 1548 0x00000430 0x0062a023 M   sw          x6, 0(x5)
246 1553 0x00000434 0x0062a023 M   sw          x6, 0(x5)
247 1558 0x00000438 0x0062a023 M   sw          x6, 0(x5)
248 1563 0x0000043c 0x0062a023 M   sw          x6, 0(x5)
249 1573 0x00000440 0x0062a023 M   sw          x6, 0(x5)
250 1578 0x00000444 0x0062a023 M   sw          x6, 0(x5)
251 1583 0x00000448 0x0062a023 M   sw          x6, 0(x5)
252 1588 0x0000044c 0x0062a023 M   sw          x6, 0(x5)
253 1593 0x00000450 0x0062a023 M   sw          x6, 0(x5)
254 1598 0x00000454 0x0062a023 M   sw          x6, 0(x5)
255 1603 0x00000458 0x0062a023 M   sw          x6, 0(x5)
256 1608 0x0000045c 0x0062a023 M   sw          x6, 0(x5)
257 1618 0x00000460 0x0062a023 M   sw          x6, 0(x5)
258 1623 0x00000464 0x0062a023 M   sw          x6, 0(x5)
259 1628 0x00000468 0x0062a023 M   sw          x6, 0(x5)
260 1633 0x0000046c 0x0062a023 M   sw          x6, 0(x5)
261 1638 0x00000470 0x0062a023 M   sw          x6, 0(x5)
262 1643 0x00000474 0x0062a023 M   sw          x6, 0(x5)
263 1648 0x00000478 0x0062a023 M   sw          x6, 0(x5)
264 1653 0x0000047c 0x0062a023 M   sw          x6, 0(x5)
265 1663 0x00000480 0x0062a023 M   sw          x6, 0(x5)
266 1668 0x00000484 0x0062a023 M   sw          x6, 0(x5)
267 1673 0x00000488 0x0062a023 M   sw          x6, 0(x5)
268 1678 0x0000048c 0x0062a023 M   sw          x6, 0(x5)
269 1683 0x00000490 0x0062a023 M   sw          x6, 0(x5)
270 1688 0x00000494 0x0062a023 M   sw          x6, 0(x5)
271 1693 0x00000498 0x0062a023 M   sw          x6, 0(x5)
272 1698 0x0000049c 0x0062a023 M   sw          x6, 0(x5)
273 1708 0x000004a0 0x0062a023 M   sw          x6, 0(x5)
274 1713 0x000004a4 0x0062a023 M   sw          x6, 0(x5)
275 1718 0x000004a8 0x0062a023 M   sw          x6, 0(x5)
276 1723 0x000004ac 0x0062a023 M   sw          x6, 0(x5)
277 1728 0x000004b0 0x0062a023 M   sw          x6, 0(x5)
278 1733 0x000004b4 0x0062a023 M   sw          x6, 0(x5)
279 1738 0x000004b8 0x0062a023 M   sw          x6, 0(x5)
280 1743 0x000004bc 0x0062a023 M   sw          x6, 0(x5)
281 1753 0x000004c0 0x0062a023 M   sw          x6, 0(x5)
282 1758 0x000004c4 0x0062a023 M   sw          x6, 0(x5)
283 1763 0x000004c8 0x0062a023 M   sw          x6, 0(x5)
284 1768 0x000004cc 0x0062a023 M   sw          x6, 0(x5)
285 1773 0x000004d0 0x0062a023 M   sw          x6, 0(x5)
286 1778 0x000004d4 0x0062a023 M   sw          x6, 0(x5)
287 1783 0x000004d8 0x0062a023 M   sw          x6, 0(x5)
288 1788 0x000004dc 0x0062a023 M   sw          x6, 0(x5)
289 1798 0x000004e0 0x0062a023 M   sw          x6, 0(x5)
290 1803 0x000004e4 0x0062a023 M   sw          x6, 0(x5)
291 1808 0x000004e8 0x0062a023 M   sw          x6, 0(x5)
292 1813 0x000004ec 0x0062a023 M   sw          x6, 0(x5)
293 1818 0x000004f0 0x0062a023 M   sw          x6, 0(x5)
294 1823 0x000004f4 0x0062a023 M   sw          x6, 0(x5)
295 1828 0x000004f8 0x0062a023 M   sw          x6, 0(x5)
296 1833 0x000004fc 0x0062a023 M   sw          x6, 0(x5)
297 1843 0x00000500 0x0062a023 M   sw          x6, 0(x5)
298 1848 0x00000504 0x0062a023 M   sw          x6, 0(x5)
299 1853 0x00000508 0x0062a023 M   sw          x6, 0(x5)
300 1858 0x0000050c 0x0062a023 M   sw          x6, 0(x5)
301 1863 0x00000510 0x0062a023 M   sw          x6, 0(x5)
302 1868 0x00000514 0x0062a023 M   sw          x6, 0(x5)
303 1873 0x00000518 0x0062a023 M   sw          x6, 0(x5)
304 1878 0x0000051c 0x0062a023 M   sw          x6, 0(x5)
305 1888 0x00000520 0x0062a023 M   sw          x6, 0(x5)
306 1893 0x00000524 0x0062a023 M   sw          x6, 0(x5)
307 1898 0x00000528 0x0062a023 M   sw          x6, 0(x5)
308 1903 0x0000052c 0x0062a023 M   sw          x6, 0(x5)
309 1908 0x00000530 0x0062a023 M   sw          x6, 0(x5)
310 1913 0x00000534 0x0062a023 M   sw          x6, 0(x5)
311 1918 0x00000538 0x0062a023 M   sw          x6, 0(x5)
312 1923 0x0000053c 0x0062a023 M   sw          x6, 0(x5)
313 1933 0x00000540 0x0062a023 M   sw          x6, 0(x5)
314 1938 0x00000544 0x0062a023 M   sw          x6, 0(x5)
315 1943 0x00000548 0x0062a023 M   sw          x6, 0(x5)
316 1948 0x0000054c 0x0062a023 M   sw          x6, 0(x5)
317 1953 0x00000550 0x0062a023 M   sw          x6, 0(x5)
318 1958 0x00000554 0x0062a023 M   sw          x6, 0(x5)
319 1963 0x00000558 0x0062a023 M   sw          x6, 0(x5)
320 1968 0x0000055c 0x0062a023 M   sw          x6, 0(x5)
321 1978 0x00000560 0x0062a023 M   sw          x6, 0(x5)
322 1983 0x00000564 0x0062a023 M   sw          x6, 0(x5)
323 1988 0x00000568 0x0062a023 M   sw          x6, 0(x5)
324 1993 0x0000056c 0x0062a023 M   sw          x6, 0(x5)
325 1998 0x00000570 0x0062a023 M   sw          x6, 0(x5)
326 2003 0x00000574 0x0062a023 M   sw          x6, 0(x5)
327 2008 0x00000578 0x0062a023 M   sw          x6, 0(x5)
328 2013 0x0000057c 0x0062a023 M   sw          x6, 0(x5)
329 2023 0x00000580 0x0062a023 M   sw          x6, 0(x5)
330 2028 0x00000584 0x0062a023 M   sw          x6, 0(x5)
331 2033 0x00000588 0x0062a023 M   sw          x6, 0(x5)
332 2038 0x0000058c 0x0062a023 M   sw          x6, 0(x5)
333 2043 0x00000590 0x0062a023 M   sw          x6, 0(x5)
334 2048 0x00000594 0x0062a023 M   sw          x6, 0(x5)
335 2053 0x00000598 0x0062a023 M   sw          x6, 0(x5)
336 2058 0x0000059c 0x0062a023 M   sw          x6, 0(x5)
337 2068 0x000005a0 0x0062a023 M   sw          x6, 0(x5)
338 2073 0x000005a4 0x0062a023 M   sw          x6, 0(x5)
339 2078 0x000005a8 0x0062a023 M   sw          x6, 0(x5)
340 2083 0x000005ac 0x0062a023 M   sw          x6, 0(x5)
341 2088 0x000005b0 0x0062a023 M   sw          x6, 0(x5)
342 2093 0x000005b4 0x0062a023 M   sw          x6, 0(x5)
343 2098 0x000005b8 0x0062a023 M   sw          x6, 0(x5)
344 2103 0x000005bc 0x0062a023 M   sw          x6, 0(x5)
345 2113 0x000005c0 0x0062a023 M   sw          x6, 0(x5)
346 2118 0x000005c4 0x0062a023 M   sw          x6, 0(x5)
347 2123 0x000005c8 0x0062a023 M   sw          x6, 0(x5)
348 2128 0x000005cc 0x0062a023 M   sw          x6, 0(x5)
349 2133 0x000005d0 0x0062a023 M   sw          x6, 0(x5)
350 2138 0x000005d4 0x0062a023 M   sw          x6, 0(x5)
351 2143 0x000005d8 0x0062a023 M   sw          x6, 0(x5)
352 2148 0x000005dc 0x0062a023 M   sw          x6, 0(x5)
353 2158 0x000005e0 0x0062a023 M   sw          x6, 0(x5)
354 2163 0x000005e4 0x0062a023 M   sw          x6, 0(x5)
355 2168 0x000005e8 0x0062a023 M   sw          x6, 0(x5)
356 2173 0x000005ec 0x0062a023 M   sw          x6, 0(x5)
357 2178 0x000005f0 0x0062a023 M   sw          x6, 0(x5)
358 2183 0x000005f4 0x0062a023 M   sw          x6, 0(x5)
359 2188 0x000005f8 0x0062a023 M   sw          x6, 0(x5)
360 2193 0x000005fc 0x0062a023 M   sw          x6, 0(x5)
361 2203 0x00000600 0x0062a023 M   sw          x6, 0(x5)
362 2208 0x00000604 0x0062a023 M   sw          x6, 0(x5)
363 2213 0x00000608 0x0062a023 M   sw          x6, 0(x5)
364 2218 0x0000060c 0x0062a023 M   sw          x6, 0(x5)
365 2223 0x00000610 0x0062a023 M   sw          x6, 0(x5)
366 2228 0x00000614 0x0062a023 M   sw          x6, 0(x5)
367 2233 0x00000618 0x0062a023 M   sw          x6, 0(x5)
368 2238 0x0000061c 0x0062a023 M   sw          x6, 0(x5)
369 2248 0x00000620 0x0062a023 M   sw          x6, 0(x5)
370 2253 0x00000624 0x0062a023 M   sw          x6, 0(x5)
371 2258 0x00000628 0x0062a023 M   sw          x6, 0(x5)
372 2263 0x0000062c 0x0062a023 M   sw          x6, 0(x5)
373 2268 0x00000630 0x0062a023 M   sw          x6, 0(x5)
374 2273 0x00000634 0x0062a023 M   sw          x6, 0(x5)
375 2278 0x00000638 0x0062a023 M   sw          x6, 0(x5)
376 2283 0x0000063c 0x0062a023 M   sw          x6, 0(x5)
377 2293 0x00000640 0x0062a023 M   sw          x6, 0(x5)
378 2298 0x00000644 0x0062a023 M   sw          x6, 0(x5)
379 2303 0x00000648 0x0062a023 M   sw          x6, 0(x5)
380 2308 0x0000064c 0x0062a023 M   sw          x6, 0(x5)
381 2313 0x00000650 0x0062a023 M   sw          x6, 0(x5)
382 2318 0x00000654 0x0062a023 M   sw          x6, 0(x5)
383 2323 0x00000658 0x0062a023 M   sw          x6, 0(x5)
384 2328 0x0000065c 0x0062a023 M   sw          x6, 0(x5)
385 2338 0x00000660 0x0062a023 M   sw          x6, 0(x5)
386 2343 0x00000664 0x0062a023 M   sw          x6, 0(x5)
387 2348 0x00000668 0x0062a023 M   sw          x6, 0(x5)
388 2353 0x0000066c 0x0062a023 M   sw          x6, 0(x5)
389 2358 0x00000670 0x0062a023 M   sw          x6, 0(x5)
390 2363 0x00000674 0x0062a023 M   sw          x6, 0(x5)
391 2368 0x00000678 0x0062a023 M   sw          x6, 0(x5)
392 2373 0x0000067c 0x0062a023 M   sw          x6, 0(x5)
393 2383 0x00000680 0x0062a023 M   sw          x6, 0(x5)
394 2388 0x00000684 0x0062a023 M   sw          x6, 0(x5)
395 2393 0x00000688 0x0062a023 M   sw          x6, 0(x5)
396 2398 0x0000068c 0x0062a023 M   sw          x6, 0(x5)
397 2403 0x00000690 0x0062a023 M   sw          x6, 0(x5)
398 2408 0x00000694 0x0062a023 M   sw          x6, 0(x5)
399 2413 0x00000698 0x0062a023 M   sw          x6, 0(x5)
400 2418 0x0000069c 0x0062a023 M   sw          x6, 0(x5)
401 2428 0x000006a0 0x0062a023 M   sw          x6, 0(x5)
402 2433 0x000006a4 0x0062a023 M   sw          x6, 0(x5)
403 2438 0x000006a8 0x0062a023 M   sw          x6, 0(x5)
404 2443 0x000006ac 0x0062a023 M   sw          x6, 0(x5)
405 2448 0x000006b0 0x0062a023 M   sw          x6, 0(x5)
406 2453 0x000006b4 0x0062a023 M   sw          x6, 0(x5)
407 2458 0x000006b8 0x0062a023 M   sw          x6, 0(x5)
408 2463 0x000006bc 0x0062a023 M   sw          x6, 0(x5)
409 2473 0x000006c0 0x0062a023 M   sw          x6, 0(x5)
410 2478 0x000006c4 0x0062a023 M   sw          x6, 0(x5)
411 2483 0x000006c8 0x0062a023 M   sw          x6, 0(x5)
412 2488 0x000006cc 0x0062a023 M   sw          x6, 0(x5)
413 2493 0x000006d0 0x0062a023 M   sw          x6, 0(x5)
414 2498 0x000006d4 0x0062a023 M   sw          x6, 0(x5)
415 2503 0x000006d8 0x0062a023 M   sw          x6, 0(x5)
416 2508 0x000006dc 0x0062a023 M   sw          x6, 0(x5)
417 2518 0x000006e0 0x0062a023 M   sw          x6, 0(x5)
418 2523 0x000006e4 0x0062a023 M   sw          x6, 0(x5)
419 2528 0x000006e8 0x0062a023 M   sw          x6, 0(x5)
420 2533 0x000006ec 0x0062a023 M   sw          x6, 0(x5)
421 2538 0x000006f0 0x0062a023 M   sw          x6, 0(x5)
422 2543 0x000006f4 0x0062a023 M   sw          x6, 0(x5)
423 2548 0x000006f8 0x0062a023 M   sw          x6, 0(x5)
424 2553 0x000006fc 0x0062a023 M   sw          x6, 0(x5)
425 2563 0x00000700 0x0062a023 M   sw          x6, 0(x5)
426 2568 0x00000704 0x0062a023 M   sw          x6, 0(x5)
427 2573 0x00000708 0x0062a023 M   sw          x6, 0(x5)
428 2578 0x0000070c 0x0062a023 M   sw          x6, 0(x5)
429 2583 0x00000710 0x0062a023 M   sw          x6, 0(x5)
430 2588 0x00000714 0x0062a023 M   sw          x6, 0(x5)
431 2593 0x00000718 0x0062a023 M   sw          x6, 0(x5)
432 2598 0x0000071c 0x0062a023 M   sw          x6, 0(x5)
433 2608 0x00000720 0x0062a023 M   sw          x6, 0(x5)
434 2613 0x00000724 0x0062a023 M   sw          x6, 0(x5)
435 2618 0x00000728 0x0062a023 M   sw          x6, 0(x5)
436 2623 0x0000072c 0x0062a023 M   sw          x6, 0(x5)
437 2628 0x00000730 0x0062a023 M   sw          x6, 0(x5)
438 2633 0x00000734 0x0062a023 M   sw          x6, 0(x5)
439 2638 0x00000738 0x0062a023 M   sw          x6, 0(x5)
440 2643 0x0000073c 0x0062a023 M   sw          x6, 0(x5)
441 2653 0x00000740 0x0062a023 M   sw          x6, 0(x5)
442 2658 0x00000744 0x0062a023 M   sw          x6, 0(x5)
443 2663 0x00000748 0x0062a023 M   sw          x6, 0(x5)
444 2668 0x0000074c 0x0062a023 M   sw          x6, 0(x5)
445 2673 0x00000750 0x0062a023 M   sw          x6, 0(x5)
446 2678 0x00000754 0x0062a023 M   sw          x6, 0(x5)
447 2683 0x00000758 0x0062a023 M   sw          x6, 0(x5)
448 2688 0x0000075c 0x0062a023 M   sw          x6, 0(x5)
449 2698 0x00000760 0x0062a023 M   sw          x6, 0(x5)
450 2703 0x00000764 0x0062a023 M   sw          x6, 0(x5)
451 2708 0x00000768 0x0062a023 M   sw          x6, 0(x5)
452 2713 0x0000076c 0x0062a023 M   sw          x6, 0(x5)
453 2718 0x00000770 0x0062a023 M   sw          x6, 0(x5)
454 2723 0x00000774 0x0062a023 M   sw          x6, 0(x5)
455 2728 0x00000778 0x0062a023 M   sw          x6, 0(x5)
456 2733 0x0000077c 0x0062a023 M   sw          x6, 0(x5)
457 2743 0x00000780 0x0062a023 M   sw          x6, 0(x5)
458 2748 0x00000784 0x0062a023 M   sw          x6, 0(x5)
459 2753 0x00000788 0x0062a023 M   sw          x6, 0(x5)
460 2758 0x0000078c 0x0062a023 M   sw          x6, 0(x5)
461 2763 0x00000790 0x0062a023 M   sw          x6, 0(x5)
462 2768 0x00000794 0x0062a023 M   sw          x6, 0(x5)
463 2773 0x00000798 0x0062a023 M   sw          x6, 0(x5)
464 2778 0x0000079c 0x0062a023 M   sw          x6, 0(x5)
465 2788 0x000007a0 0x0062a023 M   sw          x6, 0(x5)
466 2793 0x000007a4 0x0062a023 M   sw          x6, 0(x5)
467 2798 0x000007a8 0x0062a023 M   sw          x6, 0(x5)
468 2803 0x000007ac 0x0062a023 M   sw          x6, 0(x5)
469 2808 0x000007b0 0x0062a023 M   sw          x6, 0(x5)
470 2813 0x000007b4 0x0062a023 M   sw          x6, 0(x5)
471 2818 0x000007b8 0x0062a023 M   sw          x6, 0(x5)
472 2823 0x000007bc 0x0062a023 M   sw          x6, 0(x5)
473 2833 0x000007c0 0x0062a023 M   sw          x6, 0(x5)
474 2838 0x000007c4 0x0062a023 M   sw          x6, 0(x5)
475 2843 0x000007c8 0x0062a023 M   sw          x6, 0(x5)
476 2848 0x000007cc 0x0062a023 M   sw          x6, 0(x5)
477 2853 0x000007d0 0x0062a023 M   sw          x6, 0(x5)
478 2858 0x000007d4 0x0062a023 M   sw          x6, 0(x5)
479 2863 0x000007d8 0x0062a023 M   sw          x6, 0(x5)
480 2868 0x000007dc 0x0062a023 M   sw          x6, 0(x5)
481 2878 0x000007e0 0x0062a023 M   sw          x6, 0(x5)
482 2883 0x000007e4 0x0062a023 M   sw          x6, 0(x5)
483 2888 0x000007e8 0x0062a023 M   sw          x6, 0(x5)
484 2893 0x000007ec 0x0062a023 M   sw          x6, 0(x5)
485 2898 0x000007f0 0x0062a023 M   sw          x6, 0(x5)
486 2903 0x000007f4 0x0062a023 M   sw          x6, 0(x5)
487 2908 0x000007f8 0x0062a023 M   sw          x6, 0(x5)
488 2913 0x000007fc 0x0062a023 M   sw          x6, 0(x5)
489 2923 0x00000800 0x0062a023 M   sw          x6, 0(x5)
490 2928 0x00000804 0x0062a023 M   sw          x6, 0(x5)
491 2933 0x00000808 0x0062a023 M   sw          x6, 0(x5)
492 2938 0x0000080c 0x0062a023 M   sw          x6, 0(x5)
493 2943 0x00000810 0x0062a023 M   sw          x6, 0(x5)
494 2948 0x00000814 0x0062a023 M   sw          x6, 0(x5)
495 2953 0x00000818 0x0062a023 M   sw          x6, 0(x5)
496 2958 0x0000081c 0x0062a023 M   sw          x6, 0(x5)
497 2968 0x00000820 0x0062a023 M   sw          x6, 0(x5)
498 2973 0x00000824 0x0062a023 M   sw          x6, 0(x5)
499 2978 0x00000828 0x0062a023 M   sw          x6, 0(x5)
500 2983 0x0000082c 0x0062a023 M   sw          x6, 0(x5)
501 2988 0x00000830 0x0062a023 M   sw          x6, 0(x5)
502 2993 0x00000834 0x0062a023 M   sw          x6, 0(x5)
503 2998 0x00000838 0x0062a023 M   sw          x6, 0(x5)
504 3003 0x0000083c 0x0062a023 M   sw          x6, 0(x5)
505 3013 0x00000840 0x0062a023 M   sw          x6, 0(x5)
506 3018 0x00000844 0x0062a023 M   sw          x6, 0(x5)
507 3023 0x00000848 0x0062a023 M   sw          x6, 0(x5)
508 3028 0x0000084c 0x0062a023 M   sw          x6, 0(x5)
509 3033 0x00000850 0x0062a023 M   sw          x6, 0(x5)
510 3038 0x00000854 0x0062a023 M   sw          x6, 0(x5)
511 3043 0x00000858 0x0062a023 M   sw          x6, 0(x5)
512 3048 0x0000085c 0x0062a023 M   sw          x6, 0(x5)
513 3058 0x00000860 0x0062a023 M   sw          x6, 0(x5)
514 3063 0x00000864 0x0062a023 M   sw          x6, 0(x5)
515 3068 0x00000868 0x0062a023 M   sw          x6, 0(x5)
516 3073 0x0000086c 0x0062a023 M   sw          x6, 0(x5)
517 3078 0x00000870 0x0062a023 M   sw          x6, 0(x5)
518 3083 0x00000874 0x0062a023 M   sw          x6, 0(x5)
519 3088 0x00000878 0x0062a023 M   sw          x6, 0(x5)
520 3093 0x0000087c 0x0062a023 M   sw          x6, 0(x5)
521 3103 0x00000880 0x0062a023 M   sw          x6, 0(x5)
522 3108 0x00000884 0x0062a023 M   sw          x6, 0(x5)
523 3113 0x00000888 0x0062a023 M   sw          x6, 0(x5)
524 3118 0x0000088c 0x0062a023 M   sw          x6, 0(x5)
525 3123 0x00000890 0x0062a023 M   sw          x6, 0(x5)
526 3128 0x00000894 0x0062a023 M   sw          x6, 0(x5)
527 3133 0x00000898 0x0062a023 M   sw          x6, 0(x5)
528 3138 0x0000089c 0x0062a023 M   sw          x6, 0(x5)
529 3148 0x000008a0 0x0062a023 M   sw          x6, 0(x5)
530 3153 0x000008a4 0x0062a023 M   sw          x6, 0(x5)
531 3158 0x000008a8 0x0062a023 M   sw          x6, 0(x5)
532 3163 0x000008ac 0x0062a023 M   sw          x6, 0(x5)
533 3168 0x000008b0 0x0062a023 M   sw          x6, 0(x5)
534 3173 0x000008b4 0x0062a023 M   sw          x6, 0(x5)
535 3178 0x000008b8 0x0062a023 M   sw          x6, 0(x5)
536 3183 0x000008bc 0x0062a023 M   sw          x6, 0(x5)
537 3193 0x000008c0 0x0062a023 M   sw          x6, 0(x5)
538 3198 0x000008c4 0x0062a023 M   sw          x6, 0(x5)
539 3203 0x000008c8 0x0062a023 M   sw          x6, 0(x5)
540 3208 0x000008cc 0x0062a023 M   sw          x6, 0(x5)
541 3213 0x000008d0 0x0062a023 M   sw          x6, 0(x5)
542 3218 0x000008d4 0x0062a023 M   sw          x6, 0(x5)
543 3223 0x000008d8 0x0062a023 M   sw          x6, 0(x5)
544 3228 0x000008dc 0x0062a023 M   sw          x6, 0(x5)
545 3238 0x000008e0 0x0062a023 M   sw          x6, 0(x5)
546 3243 0x000008e4 0x0062a023 M   sw          x6, 0(x5)
547 3248 0x000008e8 0x0062a023 M   sw          x6, 0(x5)
548 3253 0x000008ec 0x0062a023 M   sw          x6, 0(x5)
549 3258 0x000008f0 0x0062a023 M   sw          x6, 0(x5)
550 3263 0x000008f4 0x0062a023 M   sw          x6, 0(x5)
551 3268 0x000008f8 0x0062a023 M   sw          x6, 0(x5)
552 3273 0x000008fc 0x0062a023 M   sw          x6, 0(x5)
553 3283 0x00000900 0x0062a023 M   sw          x6, 0(x5)
554 3288 0x00000904 0x0062a023 M   sw          x6, 0(x5)
555 3293 0x00000908 0x0062a023 M   sw          x6, 0(x5)
556 3298 0x0000090c 0x0062a023 M   sw          x6, 0(x5)
557 3303 0x00000910 0x0062a023 M   sw          x6, 0(x5)
558 3308 0x00000914 0x0062a023 M   sw          x6, 0(x5)
559 3313 0x00000918 0x0062a023 M   sw          x6, 0(x5)
560 3318 0x0000091c 0x0062a023 M   sw          x6, 0(x5)
561 3328 0x00000920 0x0062a023 M   sw          x6, 0(x5)
562 3333 0x00000924 0x0062a023 M   sw          x6, 0(x5)
563 3338 0x00000928 0x0062a023 M   sw          x6, 0(x5)
564 3343 0x0000092c 0x0062a023 M   sw          x6, 0(x5)
565 3348 0x00000930 0x0062a023 M   sw          x6, 0(x5)
566 3353 0x00000934 0x0062a023 M   sw          x6, 0(x5)
567 3358 0x00000938 0x0062a023 M   sw          x6, 0(x5)
568 3363 0x0000093c 0x0062a023 M   sw          x6, 0(x5)
569 3373 0x00000940 0x0062a023 M   sw          x6, 0(x5)
570 3378 0x00000944 0x0062a023 M   sw          x6, 0(x5)
571 3383 0x00000948 0x0062a023 M   sw          x6, 0(x5)
572 3388 0x0000094c 0x0062a023 M   sw          x6, 0(x5)
573 3393 0x00000950 0x0062a023 M   sw          x6, 0(x5)
574 3398 0x00000954 0x0062a023 M   sw          x6, 0(x5)
575 3403 0x00000958 0x0062a023 M   sw          x6, 0(x5)
576 3408 0x0000095c 0x0062a023 M   sw          x6, 0(x5)
577 3418 0x00000960 0x0062a023 M   sw          x6, 0(x5)
578 3423 0x00000964 0x0062a023 M   sw          x6, 0(x5)
579 3428 0x00000968 0x0062a023 M   sw          x6, 0(x5)
580 3433 0x0000096c 0x0062a023 M   sw          x6, 0(x5)
581 3438 0x00000970 0x0062a023 M   sw          x6, 0(x5)
582 3443 0x00000974 0x0062a023 M   sw          x6, 0(x5)
583 3448 0x00000978 0x0062a023 M   sw          x6, 0(x5)
584 3453 0x0000097c 0x0062a023 M   sw          x6, 0(x5)
585 3463 0x00000980 0x0062a023 M   sw          x6, 0(x5)
586 3468 0x00000984 0x0062a023 M   sw          x6, 0(x5)
587 3473 0x00000988 0x0062a023 M   sw          x6, 0(x5)
588 3478 0x0000098c 0x0062a023 M   sw          x6, 0(x5)
589 3483 0x00000990 0x0062a023 M   sw          x6, 0(x5)
590 3488 0x00000994 0x0062a023 M   sw          x6, 0(x5)
591 3493 0x00000998 0x0062a023 M   sw          x6, 0(x5)
592 3498 0x0000099c 0x0062a023 M   sw          x6, 0(x5)
593 3508 0x000009a0 0x0062a023 M   sw          x6, 0(x5)
594 3513 0x000009a4 0x0062a023 M   sw          x6, 0(x5)
595 3518 0x000009a8 0x0062a023 M   sw          x6, 0(x5)
596 3523 0x000009ac 0x0062a023 M   sw          x6, 0(x5)
597 3528 0x000009b0 0x0062a023 M   sw          x6, 0(x5)
598 3533 0x000009b4 0x0062a023 M   sw          x6, 0(x5)
599 3538 0x000009b8 0x0062a023 M   sw          x6, 0(x5)
600 3543 0x000009bc 0x0062a023 M   sw          x6, 0(x5)
601 3553 0x000009c0 0x0062a023 M   sw          x6, 0(x5)
602 3558 0x000009c4 0x0062a023 M   sw          x6, 0(x5)
603 3563 0x000009c8 0x0062a023 M   sw          x6, 0(x5)
604 3568 0x000009cc 0x0062a023 M   sw          x6, 0(x5)
605 3573 0x000009d0 0x0062a023 M   sw          x6, 0(x5)
606 3578 0x000009d4 0x0062a023 M   sw          x6, 0(x5)
607 3583 0x000009d8 0x0062a023 M   sw          x6, 0(x5)
608 3588 0x000009dc 0x0062a023 M   sw          x6, 0(x5)
609 3598 0x000009e0 0x0062a023 M   sw          x6, 0(x5)
610 3603 0x000009e4 0x0062a023 M   sw          x6, 0(x5)
611 3608 0x000009e8 0x0062a023 M   sw          x6, 0(x5)
612 3613 0x000009ec 0x0062a023 M   sw          x6, 0(x5)
613 3618 0x000009f0 0x0062a023 M   sw          x6, 0(x5)
614 3623 0x000009f4 0x0062a023 M   sw          x6, 0(x5)
615 3628 0x000009f8 0x0062a023 M   sw          x6, 0(x5)
616 3633 0x000009fc 0x0062a023 M   sw          x6, 0(x5)
617 3643 0x00000a00 0x0062a023 M   sw          x6, 0(x5)
618 3648 0x00000a04 0x0062a023 M   sw          x6, 0(x5)
619 3653 0x00000a08 0x0062a023 M   sw          x6, 0(x5)
620 3658 0x00000a0c 0x0062a023 M   sw          x6, 0(x5)
621 3663 0x00000a10 0x0062a023 M   sw          x6, 0(x5)
622 3668 0x00000a14 0x0062a023 M   sw          x6, 0(x5)
623 3673 0x00000a18 0x0062a023 M   sw          x6, 0(x5)
624 3678 0x00000a1c 0x0062a023 M   sw          x6, 0(x5)
625 3688 0x00000a20 0x0062a023 M   sw          x6, 0(x5)
626 3693 0x00000a24 0x0062a023 M   sw          x6, 0(x5)
627 3698 0x00000a28 0x0062a023 M   sw          x6, 0(x5)
628 3703 0x00000a2c 0x0062a023 M   sw          x6, 0(x5)
629 3708 0x00000a30 0x0062a023 M   sw          x6, 0(x5)
630 3713 0x00000a34 0x0062a023 M   sw          x6, 0(x5)
631 3718 0x00000a38 0x0062a023 M   sw          x6, 0(x5)
632 3723 0x00000a3c 0x0062a023 M   sw          x6, 0(x5)
633 3733 0x00000a40 0x0062a023 M   sw          x6, 0(x5)
634 3738 0x00000a44 0x0062a023 M   sw          x6, 0(x5)
635 3743 0x00000a48 0x0062a023 M   sw          x6, 0(x5)
636 3748 0x00000a4c 0x0062a023 M   sw          x6, 0(x5)
637 3753 0x00000a50 0x0062a023 M   sw          x6, 0(x5)
638 3758 0x00000a54 0x0062a023 M   sw          x6, 0(x5)
639 3763 0x00000a58 0x0062a023 M   sw          x6, 0(x5)
640 3768 0x00000a5c 0x0062a023 M   sw          x6, 0(x5)
641 3778 0x00000a60 0x0062a023 M   sw          x6, 0(x5)
642 3783 0x00000a64 0x0062a023 M   sw          x6, 0(x5)
643 3788 0x00000a68 0x0062a023 M   sw          x6, 0(x5)
644 3793 0x00000a6c 0x0062a023 M   sw          x6, 0(x5)
645 3798 0x00000a70 0x0062a023 M   sw          x6, 0(x5)
646 3803 0x00000a74 0x0062a023 M   sw          x6, 0(x5)
647 3808 0x00000a78 0x0062a023 M   sw          x6, 0(x5)
648 3813 0x00000a7c 0x0062a023 M   sw          x6, 0(x5)
649 3823 0x00000a80 0x0062a023 M   sw          x6, 0(x5)
650 3828 0x00000a84 0x0062a023 M   sw          x6, 0(x5)
651 3833 0x00000a88 0x0062a023 M   sw          x6, 0(x5)
652 3838 0x00000a8c 0x0062a023 M   sw          x6, 0(x5)
653 3843 0x00000a90 0x0062a023 M   sw          x6, 0(x5)
654 3848 0x00000a94 0x0062a023 M   sw          x6, 0(x5)
655 3853 0x00000a98 0x0062a023 M   sw          x6, 0(x5)
656 3858 0x00000a9c 0x0062a023 M   sw          x6, 0(x5)
657 3868 0x00000aa0 0x0062a023 M   sw          x6, 0(x5)
658 3873 0x00000aa4 0x0062a023 M   sw          x6, 0(x5)
659 3878 0x00000aa8 0x0062a023 M   sw          x6, 0(x5)
660 3883 0x00000aac 0x0062a023 M   sw          x6, 0(x5)
661 3888 0x00000ab0 0x0062a023 M   sw          x6, 0(x5)
662 3893 0x00000ab4 0x0062a023 M   sw          x6, 0(x5)
663 3898 0x00000ab8 0x0062a023 M   sw          x6, 0(x5)
664 3903 0x00000abc 0x0062a023 M   sw          x6, 0(x5)
665 3913 0x00000ac0 0x0062a023 M   sw          x6, 0(x5)
666 3918 0x00000ac4 0x0062a023 M   sw          x6, 0(x5)
667 3923 0x00000ac8 0x0062a023 M   sw          x6, 0(x5)
668 3928 0x00000acc 0x0062a023 M   sw          x6, 0(x5)
669 3933 0x00000ad0 0x0062a023 M   sw          x6, 0(x5)
670 3938 0x00000ad4 0x0062a023 M   sw          x6, 0(x5)
671 3943 0x00000ad8 0x0062a023 M   sw          x6, 0(x5)
672 3948 0x00000adc 0x0062a023 M   sw          x6, 0(x5)
673 3958 0x00000ae0 0x0062a023 M   sw          x6, 0(x5)
674 3963 0x00000ae4 0x0062a023 M   sw          x6, 0(x5)
675 3968 0x00000ae8 0x0062a023 M   sw          x6, 0(x5)
676 3973 0x00000aec 0x0062a023 M   sw          x6, 0(x5)
677 3978 0x00000af0 0x0062a023 M   sw          x6, 0(x5)
678 3983 0x00000af4 0x0062a023 M   sw          x6, 0(x5)
679 3988 0x00000af8 0x0062a023 M   sw          x6, 0(x5)
680 3993 0x00000afc 0x0062a023 M   sw          x6, 0(x5)
681 4003 0x00000b00 0x0062a023 M   sw          x6, 0(x5)
682 4008 0x00000b04 0x0062a023 M   sw          x6, 0(x5)
683 4013 0x00000b08 0x0062a023 M   sw          x6, 0(x5)
684 4018 0x00000b0c 0x0062a023 M   sw          x6, 0(x5)
685 4023 0x00000b10 0x0062a023 M   sw          x6, 0(x5)
686 4028 0x00000b14 0x0062a023 M   sw          x6, 0(x5)
687 4033 0x00000b18 0x0062a023 M   sw          x6, 0(x5)
688 4038 0x00000b1c 0x0062a023 M   sw          x6, 0(x5)
689 4048 0x00000b20 0x0062a023 M   sw          x6, 0(x5)
690 4053 0x00000b24 0x0062a023 M   sw          x6, 0(x5)
691 4058 0x00000b28 0x0062a023 M   sw          x6, 0(x5)
692 4063 0x00000b2c 0x0062a023 M   sw          x6, 0(x5)
693 4068 0x00000b30 0x0062a023 M   sw          x6, 0(x5)
694 4073 0x00000b34 0x0062a023 M   sw          x6, 0(x5)
695 4078 0x00000b38 0x0062a023 M   sw          x6, 0(x5)
696 4083 0x00000b3c 0x0062a023 M   sw          x6, 0(x5)
697 4093 0x00000b40 0x0062a023 M   sw          x6, 0(x5)
698 4098 0x00000b44 0x0062a023 M   sw          x6, 0(x5)
699 4103 0x00000b48 0x0062a023 M   sw          x6, 0(x5)
700 4108 0x00000b4c 0x0062a023 M   sw          x6, 0(x5)
701 4113 0x00000b50 0x0062a023 M   sw          x6, 0(x5)
702 4118 0x00000b54 0x0062a023 M   sw          x6, 0(x5)
703 4123 0x00000b58 0x0062a023 M   sw          x6, 0(x5)
704 4128 0x00000b5c 0x0062a023 M   sw          x6, 0(x5)
705 4138 0x00000b60 0x0062a023 M   sw          x6, 0(x5)
706 4143 0x00000b64 0x0062a023 M   sw          x6, 0(x5)
707 4148 0x00000b68 0x0062a023 M   sw          x6, 0(x5)
708 4153 0x00000b6c 0x0062a023 M   sw          x6, 0(x5)
709 4158 0x00000b70 0x0062a023 M   sw          x6, 0(x5)
710 4163 0x00000b74 0x0062a023 M   sw          x6, 0(x5)
711 4168 0x00000b78 0x0062a023 M   sw          x6, 0(x5)
712 4173 0x00000b7c 0x0062a023 M   sw          x6, 0(x5)
713 4183 0x00000b80 0x0062a023 M   sw          x6, 0(x5)
714 4188 0x00000b84 0x0062a023 M   sw          x6, 0(x5)
715 4193 0x00000b88 0x0062a023 M   sw          x6, 0(x5)
716 4198 0x00000b8c 0x0062a023 M   sw          x6, 0(x5)
717 4203 0x00000b90 0x0062a023 M   sw          x6, 0(x5)
718 4208 0x00000b94 0x0062a023 M   sw          x6, 0(x5)
719 4213 0x00000b98 0x0062a023 M   sw          x6, 0(x5)
720 4218 0x00000b9c 0x0062a023 M   sw          x6, 0(x5)
721 4228 0x00000ba0 0x0062a023 M   sw          x6, 0(x5)
722 4233 0x00000ba4 0x0062a023 M   sw          x6, 0(x5)
723 4238 0x00000ba8 0x0062a023 M   sw          x6, 0(x5)
724 4243 0x00000bac 0x0062a023 M   sw          x6, 0(x5)
725 4248 0x00000bb0 0x0062a023 M   sw          x6, 0(x5)
726 4253 0x00000bb4 0x0062a023 M   sw          x6, 0(x5)
727 4258 0x00000bb8 0x0062a023 M   sw          x6, 0(x5)
728 4263 0x00000bbc 0x0062a023 M   sw          x6, 0(x5)
729 4273 0x00000bc0 0x0062a023 M   sw          x6, 0(x5)
730 4278 0x00000bc4 0x0062a023 M   sw          x6, 0(x5)
731 4283 0x00000bc8 0x0062a023 M   sw          x6, 0(x5)
732 4288 0x00000bcc 0x0062a023 M   sw          x6, 0(x5)
733 4293 0x00000bd0 0x0062a023 M   sw          x6, 0(x5)
734 4298 0x00000bd4 0x0062a023 M   sw          x6, 0(x5)
735 4303 0x00000bd8 0x0062a023 M   sw          x6, 0(x5)
736 4308 0x00000bdc 0x0062a023 M   sw          x6, 0(x5)
737 4318 0x00000be0 0x0062a023 M   sw          x6, 0(x5)
738 4323 0x00000be4 0x0062a023 M   sw          x6, 0(x5)
739 4328 0x00000be8 0x0062a023 M   sw          x6, 0(x5)
740 4333 0x00000bec 0x0062a023 M   sw          x6, 0(x5)
741 4338 0x00000bf0 0x0062a023 M   sw          x6, 0(x5)
742 4343 0x00000bf4 0x0062a023 M   sw          x6, 0(x5)
743 4348 0x00000bf8 0x0062a023 M   sw          x6, 0(x5)
744 4353 0x00000bfc 0x0062a023 M   sw          x6, 0(x5)
745 4363 0x00000c00 0x0062a023 M   sw          x6, 0(x5)
746 4368 0x00000c04 0x0062a023 M   sw          x6, 0(x5)
747 4373 0x00000c08 0x0062a023 M   sw          x6, 0(x5)
748 4378 0x00000c0c 0x0062a023 M   sw          x6, 0(x5)
749 4383 0x00000c10 0x0062a023 M   sw          x6, 0(x5)
750 4388 0x00000c14 0x0062a023 M   sw          x6, 0(x5)
751 4393 0x00000c18 0x0062a023 M   sw          x6, 0(x5)
752 4398 0x00000c1c 0x0062a023 M   sw          x6, 0(x5)
753 4408 0x00000c20 0x0062a023 M   sw          x6, 0(x5)
754 4413 0x00000c24 0x0062a023 M   sw          x6, 0(x5)
755 4418 0x00000c28 0x0062a023 M   sw          x6, 0(x5)
756 4423 0x00000c2c 0x0062a023 M   sw          x6, 0(x5)
757 4428 0x00000c30 0x0062a023 M   sw          x6, 0(x5)
758 4433 0x00000c34 0x0062a023 M   sw          x6, 0(x5)
759 4438 0x00000c38 0x0062a023 M   sw          x6, 0(x5)
760 4443 0x00000c3c 0x0062a023 M   sw          x6, 0(x5)
761 4453 0x00000c40 0x0062a023 M   sw          x6, 0(x5)
762 4458 0x00000c44 0x0062a023 M   sw          x6, 0(x5)
763 4463 0x00000c48 0x0062a023 M   sw          x6, 0(x5)
764 4468 0x00000c4c 0x0062a023 M   sw          x6, 0(x5)
765 4473 0x00000c50 0x0062a023 M   sw          x6, 0(x5)
766 4478 0x00000c54 0x0062a023 M   sw          x6, 0(x5)
767 4483 0x00000c58 0x0062a023 M   sw          x6, 0(x5)
768 4488 0x00000c5c 0x0062a023 M   sw          x6, 0(x5)
769 4498 0x00000c60 0x0062a023 M   sw          x6, 0(x5)
770 4503 0x00000c64 0x0062a023 M   sw          x6, 0(x5)
771 4508 0x00000c68 0x0062a023 M   sw          x6, 0(x5)
772 4513 0x00000c6c 0x0062a023 M   sw          x6, 0(x5)
773 4518 0x00000c70 0x0062a023 M   sw          x6, 0(x5)
774 4523 0x00000c74 0x0062a023 M   sw          x6, 0(x5)
775 4528 0x00000c78 0x0062a023 M   sw          x6, 0(x5)
776 4533 0x00000c7c 0x0062a023 M   sw          x6, 0(x5)
777 4543 0x00000c80 0x0062a023 M   sw          x6, 0(x5)
778 4548 0x00000c84 0x0062a023 M   sw          x6, 0(x5)
779 4553 0x00000c88 0x0062a023 M   sw          x6, 0(x5)
780 4558 0x00000c8c 0x0062a023 M   sw          x6, 0(x5)
781 4563 0x00000c90 0x0062a023 M   sw          x6, 0(x5)
782 4568 0x00000c94 0x0062a023 M   sw          x6, 0(x5)
783 4573 0x00000c98 0x0062a023 M   sw          x6, 0(x5)
784 4578 0x00000c9c 0x0062a023 M   sw          x6, 0(x5)
785 4588 0x00000ca0 0x0062a023 M   sw          x6, 0(x5)
786 4593 0x00000ca4 0x0062a023 M   sw          x6, 0(x5)
787 4598 0x00000ca8 0x0062a023 M   sw          x6, 0(x5)
788 4603 0x00000cac 0x0062a023 M   sw          x6, 0(x5)
789 4608 0x00000cb0 0x0062a023 M   sw          x6, 0(x5)
790 4613 0x00000cb4 0x0062a023 M   sw          x6, 0(x5)
791 4618 0x00000cb8 0x0062a023 M   sw          x6, 0(x5)
792 4623 0x00000cbc 0x0062a023 M   sw          x6, 0(x5)
793 4633 0x00000cc0 0x0062a023 M   sw          x6, 0(x5)
794 4638 0x00000cc4 0x0062a023 M   sw          x6, 0(x5)
795 4643 0x00000cc8 0x0062a023 M   sw          x6, 0(x5)
796 4648 0x00000ccc 0x0062a023 M   sw          x6, 0(x5)
797 4653 0x00000cd0 0x0062a023 M   sw          x6, 0(x5)
798 4658 0x00000cd4 0x0062a023 M   sw          x6, 0(x5)
799 4663 0x00000cd8 0x0062a023 M   sw          x6, 0(x5)
800 4668 0x00000cdc 0x0062a023 M   sw          x6, 0(x5)
801 4678 0x00000ce0 0x0062a023 M   sw          x6, 0(x5)
802 4683 0x00000ce4 0x0062a023 M   sw          x6, 0(x5)
803 4688 0x00000ce8 0x0062a023 M   sw          x6, 0(x5)
804 4693 0x00000cec 0x0062a023 M   sw          x6, 0(x5)
805 4698 0x00000cf0 0x0062a023 M   sw          x6, 0(x5)
806 4703 0x00000cf4 0x0062a023 M   sw          x6, 0(x5)
807 4708 0x00000cf8 0x0062a023 M   sw          x6, 0(x5)
808 4713 0x00000cfc 0x0062a023 M   sw          x6, 0(x5)
809 4723 0x00000d00 0x0062a023 M   sw          x6, 0(x5)
810 4728 0x00000d04 0x0062a023 M   sw          x6, 0(x5)
811 4733 0x00000d08 0x0062a023 M   sw          x6, 0(x5)
812 4738 0x00000d0c 0x0062a023 M   sw          x6, 0(x5)
813 4743 0x00000d10 0x0062a023 M   sw          x6, 0(x5)
814 4748 0x00000d14 0x0062a023 M   sw          x6, 0(x5)
815 4753 0x00000d18 0x0062a023 M   sw          x6, 0(x5)
816 4758 0x00000d1c 0x0062a023 M   sw          x6, 0(x5)
817 4768 0x00000d20 0x0062a023 M   sw          x6, 0(x5)
818 4773 0x00000d24 0x0062a023 M   sw          x6, 0(x5)
819 4778 0x00000d28 0x0062a023 M   sw          x6, 0(x5)
820 4783 0x00000d2c 0x0062a023 M   sw          x6, 0(x5)
821 4788 0x00000d30 0x0062a023 M   sw          x6, 0(x5)
822 4793 0x00000d34 0x0062a023 M   sw          x6, 0(x5)
823 4798 0x00000d38 0x0062a023 M   sw          x6, 0(x5)
824 4803 0x00000d3c 0x0062a023 M   sw          x6, 0(x5)
825 4813 0x00000d40 0x0062a023 M   sw          x6, 0(x5)
826 4818 0x00000d44 0x0062a023 M   sw          x6, 0(x5)
827 4823 0x00000d48 0x0062a023 M   sw          x6, 0(x5)
828 4828 0x00000d4c 0x0062a023 M   sw          x6, 0(x5)
829 4833 0x00000d50 0x0062a023 M   sw          x6, 0(x5)
830 4838 0x00000d54 0x0062a023 M   sw          x6, 0(x5)
831 4843 0x00000d58 0x0062a023 M   sw          x6, 0(x5)
832 4848 0x00000d5c 0x0062a023 M   sw          x6, 0(x5)
833 4858 0x00000d60 0x0062a023 M   sw          x6, 0(x5)
834 4863 0x00000d64 0x0062a023 M   sw          x6, 0(x5)
835 4868 0x00000d68 0x0062a023 M   sw          x6, 0(x5)
836 4873 0x00000d6c 0x0062a023 M   sw          x6, 0(x5)
837 4878 0x00000d70 0x0062a023 M   sw          x6, 0(x5)
838 4883 0x00000d74 0x0062a023 M   sw          x6, 0(x5)
839 4888 0x00000d78 0x0062a023 M   sw          x6, 0(x5)
840 4893 0x00000d7c 0x0062a023 M   sw          x6, 0(x5)
841 4903 0x00000d80 0x0062a023 M   sw          x6, 0(x5)
842 4908 0x00000d84 0x0062a023 M   sw          x6, 0(x5)
843 4913 0x00000d88 0x0062a023 M   sw          x6, 0(x5)
844 4918 0x00000d8c 0x0062a023 M   sw          x6, 0(x5)
845 4923 0x00000d90 0x0062a023 M   sw          x6, 0(x5)
846 4928 0x00000d94 0x0062a023 M   sw          x6, 0(x5)
847 4933 0x00000d98 0x0062a023 M   sw          x6, 0(x5)
848 4938 0x00000d9c 0x0062a023 M   sw          x6, 0(x5)
849 4948 0x00000da0 0x0062a023 M   sw          x6, 0(x5)
850 4953 0x00000da4 0x0062a023 M   sw          x6, 0(x5)
851 4958 0x00000da8 0x0062a023 M   sw          x6, 0(x5)
852 4963 0x00000dac 0x0062a023 M   sw          x6, 0(x5)
853 4968 0x00000db0 0x0062a023 M   sw          x6, 0(x5)
854 4973 0x00000db4 0x0062a023 M   sw          x6, 0(x5)
855 4978 0x00000db8 0x0062a023 M   sw          x6, 0(x5)
856 4983 0x00000dbc 0x0062a023 M   sw          x6, 0(x5)
857 4993 0x00000dc0 0x0062a023 M   sw          x6, 0(x5)
858 4998 0x00000dc4 0x0062a023 M   sw          x6, 0(x5)
859 5003 0x00000dc8 0x0062a023 M   sw          x6, 0(x5)
860 5008 0x00000dcc 0x0062a023 M   sw          x6, 0(x5)
861 5013 0x00000dd0 0x0062a023 M   sw          x6, 0(x5)
862 5018 0x00000dd4 0x0062a023 M   sw          x6, 0(x5)
863 5023 0x00000dd8 0x0062a023 M   sw          x6, 0(x5)
864 5028 0x00000ddc 0x0062a023 M   sw          x6, 0(x5)
865 5038 0x00000de0 0x0062a023 M   sw          x6, 0(x5)
866 5043 0x00000de4 0x0062a023 M   sw          x6, 0(x5)
867 5048 0x00000de8 0x0062a023 M   sw          x6, 0(x5)
868 5053 0x00000dec 0x0062a023 M   sw          x6, 0(x5)
869 5058 0x00000df0 0x0062a023 M   sw          x6, 0(x5)
870 5063 0x00000df4 0x0062a023 M   sw          x6, 0(x5)
871 5068 0x00000df8 0x0062a023 M   sw          x6, 0(x5)
872 5073 0x00000dfc 0x0062a023 M   sw          x6, 0(x5)
873 5083 0x00000e00 0x0062a023 M   sw          x6, 0(x5)
874 5088 0x00000e04 0x0062a023 M   sw          x6, 0(x5)
875 5093 0x00000e08 0x0062a023 M   sw          x6, 0(x5)
876 5098 0x00000e0c 0x0062a023 M   sw          x6, 0(x5)
877 5103 0x00000e10 0x0062a023 M   sw          x6, 0(x5)
878 5108 0x00000e14 0x0062a023 M   sw          x6, 0(x5)
879 5113 0x00000e18 0x0062a023 M   sw          x6, 0(x5)
880 5118 0x00000e1c 0x0062a023 M   sw          x6, 0(x5)
881 5128 0x00000e20 0x0062a023 M   sw          x6, 0(x5)
882 5133 0x00000e24 0x0062a023 M   sw          x6, 0(x5)
883 5138 0x00000e28 0x0062a023 M   sw          x6, 0(x5)
884 5143 0x00000e2c 0x0062a023 M   sw          x6, 0(x5)
885 5148 0x00000e30 0x0062a023 M   sw          x6, 0(x5)
886 5153 0x00000e34 0x0062a023 M   sw          x6, 0(x5)
887 5158 0x00000e38 0x0062a023 M   sw          x6, 0(x5)
888 5163 0x00000e3c 0x0062a023 M   sw          x6, 0(x5)
889 5173 0x00000e40 0x0062a023 M   sw          x6, 0(x5)
890 5178 0x00000e44 0x0062a023 M   sw          x6, 0(x5)
891 5183 0x00000e48 0x0062a023 M   sw          x6, 0(x5)
892 5188 0x00000e4c 0x0062a023 M   sw          x6, 0(x5)
893 5193 0x00000e50 0x0062a023 M   sw          x6, 0(x5)
894 5198 0x00000e54 0x0062a023 M   sw          x6, 0(x5)
895 5203 0x00000e58 0x0062a023 M   sw          x6, 0(x5)
896 5208 0x00000e5c 0x0062a023 M   sw          x6, 0(x5)
897 5218 0x00000e60 0x0062a023 M   sw          x6, 0(x5)
898 5223 0x00000e64 0x0062a023 M   sw          x6, 0(x5)
899 5228 0x00000e68 0x0062a023 M   sw          x6, 0(x5)
900 5233 0x00000e6c 0x0062a023 M   sw          x6, 0(x5)
901 5238 0x00000e70 0x0062a023 M   sw          x6, 0(x5)
902 5243 0x00000e74 0x0062a023 M   sw          x6, 0(x5)
903 5248 0x00000e78 0x0062a023 M   sw          x6, 0(x5)
904 5253 0x00000e7c 0x0062a023 M   sw          x6, 0(x5)
905 5263 0x00000e80 0x0062a023 M   sw          x6, 0(x5)
906 5268 0x00000e84 0x0062a023 M   sw          x6, 0(x5)
907 5273 0x00000e88 0x0062a023 M   sw          x6, 0(x5)
908 5278 0x00000e8c 0x0062a023 M   sw          x6, 0(x5)
909 5283 0x00000e90 0x0062a023 M   sw          x6, 0(x5)
910 5288 0x00000e94 0x0062a023 M   sw          x6, 0(x5)
911 5293 0x00000e98 0x0062a023 M   sw          x6, 0(x5)
912 5298 0x00000e9c 0x0062a023 M   sw          x6, 0(x5)
913 5308 0x00000ea0 0x0062a023 M   sw          x6, 0(x5)
914 5313 0x00000ea4 0x0062a023 M   sw          x6, 0(x5)
915 5318 0x00000ea8 0x0062a023 M   sw          x6, 0(x5)
916 5323 0x00000eac 0x0062a023 M   sw          x6, 0(x5)
917 5328 0x00000eb0 0x0062a023 M   sw          x6, 0(x5)
918 5333 0x00000eb4 0x0062a023 M   sw          x6, 0(x5)
919 5338 0x00000eb8 0x0062a023 M   sw          x6, 0(x5)
920 5343 0x00000ebc 0x0062a023 M   sw          x6, 0(x5)
921 5353 0x00000ec0 0x0062a023 M   sw          x6, 0(x5)
922 5358 0x00000ec4 0x0062a023 M   sw          x6, 0(x5)
923 5363 0x00000ec8 0x0062a023 M   sw          x6, 0(x5)
924 5368 0x00000ecc 0x0062a023 M   sw          x6, 0(x5)
925 5373 0x00000ed0 0x0062a023 M   sw          x6, 0(x5)
926 5378 0x00000ed4 0x0062a023 M   sw          x6, 0(x5)
927 5383 0x00000ed8 0x0062a023 M   sw          x6, 0(x5)
928 5388 0x00000edc 0x0062a023 M   sw          x6, 0(x5)
929 5398 0x00000ee0 0x0062a023 M   sw          x6, 0(x5)
930 5403 0x00000ee4 0x0062a023 M   sw          x6, 0(x5)
931 5408 0x00000ee8 0x0062a023 M   sw          x6, 0(x5)
932 5413 0x00000eec 0x0062a023 M   sw          x6, 0(x5)
933 5418 0x00000ef0 0x0062a023 M   sw          x6, 0(x5)
934 5423 0x00000ef4 0x0062a023 M   sw          x6, 0(x5)
935 5428 0x00000ef8 0x0062a023 M   sw          x6, 0(x5)
936 5433 0x00000efc 0x0062a023 M   sw          x6, 0(x5)
937 5443 0x00000f00 0x0062a023 M   sw          x6, 0(x5)
938 5448 0x00000f04 0x0062a023 M   sw          x6, 0(x5)
939 5453 0x00000f08 0x0062a023 M   sw          x6, 0(x5)
940 5458 0x00000f0c 0x0062a023 M   sw          x6, 0(x5)
941 5463 0x00000f10 0x0062a023 M   sw          x6, 0(x5)
942 5468 0x00000f14 0x0062a023 M   sw          x6, 0(x5)
943 5473 0x00000f18 0x0062a023 M   sw          x6, 0(x5)
944 5478 0x00000f1c 0x0062a023 M   sw          x6, 0(x5)
945 5488 0x00000f20 0x0062a023 M   sw          x6, 0(x5)
946 5493 0x00000f24 0x0062a023 M   sw          x6, 0(x5)
947 5498 0x00000f28 0x0062a023 M   sw          x6, 0(x5)
948 5503 0x00000f2c 0x0062a023 M   sw          x6, 0(x5)
949 5508 0x00000f30 0x0062a023 M   sw          x6, 0(x5)
950 5513 0x00000f34 0x0062a023 M   sw          x6, 0(x5)
951 5518 0x00000f38 0x0062a023 M   sw          x6, 0(x5)
952 5523 0x00000f3c 0x0062a023 M   sw          x6, 0(x5)
953 5533 0x00000f40 0x0062a023 M   sw          x6, 0(x5)
954 5538 0x00000f44 0x0062a023 M   sw          x6, 0(x5)
955 5543 0x00000f48 0x0062a023 M   sw          x6, 0(x5)
956 5548 0x00000f4c 0x0062a023 M   sw          x6, 0(x5)
957 5553 0x00000f50 0x0062a023 M   sw          x6, 0(x5)
958 5558 0x00000f54 0x0062a023 M   sw          x6, 0(x5)
959 5563 0x00000f58 0x0062a023 M   sw          x6, 0(x5)
960 5568 0x00000f5c 0x0062a023 M   sw          x6, 0(x5)
961 5578 0x00000f60 0x0062a023 M   sw          x6, 0(x5)
962 5583 0x00000f64 0x0062a023 M   sw          x6, 0(x5)
963 5588 0x00000f68 0x0062a023 M   sw          x6, 0(x5)
964 5593 0x00000f6c 0x0062a023 M   sw          x6, 0(x5)
965 5598 0x00000f70 0x0062a023 M   sw          x6, 0(x5)
966 5603 0x00000f74 0x0062a023 M   sw          x6, 0(x5)
967 5608 0x00000f78 0x0062a023 M   sw          x6, 0(x5)
968 5613 0x00000f7c 0x0062a023 M   sw          x6, 0(x5)
969 5623 0x00000f80 0x0062a023 M   sw          x6, 0(x5)
970 5628 0x00000f84 0x0062a023 M   sw          x6, 0(x5)
971 5633 0x00000f88 0x0062a023 M   sw          x6, 0(x5)
972 5638 0x00000f8c 0x0062a023 M   sw          x6, 0(x5)
973 5643 0x00000f90 0x0062a023 M   sw          x6, 0(x5)
974 5648 0x00000f94 0x0062a023 M   sw          x6, 0(x5)
975 5653 0x00000f98 0x0062a023 M   sw          x6, 0(x5)
976 5658 0x00000f9c 0x0062a023 M   sw          x6, 0(x5)
977 5668 0x00000fa0 0x0062a023 M   sw          x6, 0(x5)
978 5673 0x00000fa4 0x0062a023 M   sw          x6, 0(x5)
979 5678 0x00000fa8 0x0062a023 M   sw          x6, 0(x5)
980 5683 0x00000fac 0x0062a023 M   sw          x6, 0(x5)
981 5688 0x00000fb0 0x0062a023 M   sw          x6, 0(x5)
982 5693 0x00000fb4 0x0062a023 M   sw          x6, 0(x5)
983 5698 0x00000fb8 0x0062a023 M   sw          x6, 0(x5)
984 5703 0x00000fbc 0x0062a023 M   sw          x6, 0(x5)
985 5713 0x00000fc0 0x0062a023 M   sw          x6, 0(x5)
986 5718 0x00000fc4 0x0062a023 M   sw          x6, 0(x5)
987 5723 0x00000fc8 0x0062a023 M   sw          x6, 0(x5)
988 5728 0x00000fcc 0x0062a023 M   sw          x6, 0(x5)
989 5733 0x00000fd0 0x0062a023 M   sw          x6, 0(x5)
990 5738 0x00000fd4 0x0062a023 M   sw          x6, 0(x5)
991 5743 0x00000fd8 0x0062a023 M   sw          x6, 0(x5)
992 5748 0x00000fdc 0x0062a023 M   sw          x6, 0(x5)
993 5758 0x00000fe0 0x0062a023 M   sw          x6, 0(x5)
994 5763 0x00000fe4 0x0062a023 M   sw          x6, 0(x5)
995 5768 0x00000fe8 0x0062a023 M   sw          x6, 0(x5)
996 5773 0x00000fec 0x0062a023 M   sw          x6, 0(x5)
997 5778 0x00000ff0 0x0062a023 M   sw          x6, 0(x5)
998 5783 0x00000ff4 0x0062a023 M   sw          x6, 0(x5)
999 5788 0x00000ff8 0x0062a023 M   sw          x6, 0(x5)
1000 5793 0x00000ffc 0x0062a023 M   sw          x6, 0(x5)
1001 5803 0x00001000 0x0062a023 M   sw          x6, 0(x5)
1002 5808 0x00001004 0x0062a023 M   sw          x6, 0(x5)
1003 5813 0x00001008 0x0062a023 M   sw          x6, 0(x5)
1004 5818 0x0000100c 0x0062a023 M   sw          x6, 0(x5)
1005 5823 0x00001010 0x0062a023 M   sw          x6, 0(x5)
1006 5828 0x00001014 0x0062a023 M   sw          x6, 0(x5)
1007 5833 0x00001018 0x0062a023 M   sw          x6, 0(x5)
1008 5838 0x0000101c 0x0062a023 M   sw          x6, 0(x5)
1009 5848 0x00001020 0x0062a023 M   sw          x6, 0(x5)
1010 5853 0x00001024 0x0062a023 M   sw          x6, 0(x5)
1011 5858 0x00001028 0x0062a023 M   sw          x6, 0(x5)
1012 5863 0x0000102c 0x0062a023 M   sw          x6, 0(x5)
1013 5868 0x00001030 0x0062a023 M   sw          x6, 0(x5)
1014 5873 0x00001034 0x0062a023 M   sw          x6, 0(x5)
1015 5878 0x00001038 0x0062a023 M   sw          x6, 0(x5)
1016 5883 0x0000103c 0x0062a023 M   sw          x6, 0(x5)
1017 5893 0x00001040 0x0062a023 M   sw          x6, 0(x5)
1018 5898 0x00001044 0x0062a023 M   sw          x6, 0(x5)
1019 5903 0x00001048 0x0062a023 M   sw          x6, 0(x5)
1020 5908 0x0000104c 0x0062a023 M   sw          x6, 0(x5)
1021 5913 0x00001050 0x0062a023 M   sw          x6, 0(x5)
1022 5918 0x00001054 0x0062a023 M   sw          x6, 0(x5)
1023 5923 0x00001058 0x0062a023 M   sw          x6, 0(x5)
1024 5928 0x0000105c 0x0062a023 M   sw          x6, 0(x5)
1025 5938 0x00001060 0x0062a023 M   sw          x6, 0(x5)
1026 5943 0x00001064 0x0062a023 M   sw          x6, 0(x5)
1027 5948 0x00001068 0x0062a023 M   sw          x6, 0(x5)
1028 5953 0x0000106c 0x0062a023 M   sw          x6, 0(x5)
1029 5958 0x00001070 0x0062a023 M   sw          x6, 0(x5)
1030 5963 0x00001074 0x0062a023 M   sw          x6, 0(x5)
1031 5968 0x00001078 0x0062a023 M   sw          x6, 0(x5)
1032 5973 0x0000107c 0x0062a023 M   sw          x6, 0(x5)
1033 5983 0x00001080 0x0062a023 M   sw          x6, 0(x5)
1034 5988 0x00001084 0x0062a023 M   sw          x6, 0(x5)
1035 5993 0x00001088 0x0062a023 M   sw          x6, 0(x5)
1036 5998 0x0000108c 0x0062a023 M   sw          x6, 0(x5)
1037 6003 0x00001090 0x0062a023 M   sw          x6, 0(x5)
1038 6008 0x00001094 0x0062a023 M   sw          x6, 0(x5)
1039 6013 0x00001098 0x0062a023 M   sw          x6, 0(x5)
1040 6018 0x0000109c 0x0062a023 M   sw          x6, 0(x5)
1041 6028 0x000010a0 0x0062a023 M   sw          x6, 0(x5)
1042 6033 0x000010a4 0x0062a023 M   sw          x6, 0(x5)
1043 6038 0x000010a8 0x0062a023 M   sw          x6, 0(x5)
1044 6043 0x000010ac 0x0062a023 M   sw          x6, 0(x5)
1045 6048 0x000010b0 0x0062a023 M   sw          x6, 0(x5)
1046 6053 0x000010b4 0x0062a023 M   sw          x6, 0(x5)
1047 6058 0x000010b8 0x0062a023 M   sw          x6, 0(x5)
1048 6063 0x000010bc 0x0062a023 M   sw          x6, 0(x5)
1049 6073 0x000010c0 0x0062a023 M   sw          x6, 0(x5)
1050 6078 0x000010c4 0x0062a023 M   sw          x6, 0(x5)
1051 6083 0x000010c8 0x0062a023 M   sw          x6, 0(x5)
1052 6088 0x000010cc 0x0062a023 M   sw          x6, 0(x5)
1053 6093 0x000010d0 0x0062a023 M   sw          x6, 0(x5)
1054 6098 0x000010d4 0x0062a023 M   sw          x6, 0(x5)
1055 6103 0x000010d8 0x0062a023 M   sw          x6, 0(x5)
1056 6108 0x000010dc 0x0062a023 M   sw          x6, 0(x5)
1057 6118 0x000010e0 0x0062a023 M   sw          x6, 0(x5)
1058 6123 0x000010e4 0x0062a023 M   sw          x6, 0(x5)
1059 6128 0x000010e8 0x0062a023 M   sw          x6, 0(x5)
1060 6133 0x000010ec 0x0062a023 M   sw          x6, 0(x5)
1061 6138 0x000010f0 0x0062a023 M   sw          x6, 0(x5)
1062 6143 0x000010f4 0x0062a023 M   sw          x6, 0(x5)
1063 6148 0x000010f8 0x0062a023 M   sw          x6, 0(x5)
1064 6153 0x000010fc 0x0062a023 M   sw          x6, 0(x5)
1065 6163 0x00001100 0x0062a023 M   sw          x6, 0(x5)
1066 6168 0x00001104 0x0062a023 M   sw          x6, 0(x5)
1067 6173 0x00001108 0x0062a023 M   sw          x6, 0(x5)
1068 6178 0x0000110c 0x0062a023 M   sw          x6, 0(x5)
1069 6183 0x00001110 0x0062a023 M   sw          x6, 0(x5)
1070 6188 0x00001114 0x0062a023 M   sw          x6, 0(x5)
1071 6193 0x00001118 0x0062a023 M   sw          x6, 0(x5)
1072 6198 0x0000111c 0x0062a023 M   sw          x6, 0(x5)
1073 6208 0x00001120 0x0062a023 M   sw          x6, 0(x5)
1074 6213 0x00001124 0x0062a023 M   sw          x6, 0(x5)
1075 6218 0x00001128 0x0062a023 M   sw          x6, 0(x5)
1076 6223 0x0000112c 0x0062a023 M   sw          x6, 0(x5)
1077 6228 0x00001130 0x0062a023 M   sw          x6, 0(x5)
1078 6233 0x00001134 0x0062a023 M   sw          x6, 0(x5)
1079 6238 0x00001138 0x0062a023 M   sw          x6, 0(x5)
1080 6243 0x0000113c 0x0062a023 M   sw          x6, 0(x5)
1081 6253 0x00001140 0x0062a023 M   sw          x6, 0(x5)
1082 6258 0x00001144 0x0062a023 M   sw          x6, 0(x5)
1083 6263 0x00001148 0x0062a023 M   sw          x6, 0(x5)
1084 6268 0x0000114c 0x0062a023 M   sw          x6, 0(x5)
1085 6273 0x00001150 0x0062a023 M   sw          x6, 0(x5)
1086 6278 0x00001154 0x0062a023 M   sw          x6, 0(x5)
1087 6283 0x00001158 0x0062a023 M   sw          x6, 0(x5)
1088 6288 0x0000115c 0x0062a023 M   sw          x6, 0(x5)
1089 6298 0x00001160 0x0062a023 M   sw          x6, 0(x5)
1090 6303 0x00001164 0x0062a023 M   sw          x6, 0(x5)
1091 6308 0x00001168 0x0062a023 M   sw          x6, 0(x5)
1092 6313 0x0000116c 0x0062a023 M   sw          x6, 0(x5)
1093 6316 0x00001170 0xc00024f3 M   csrrs       x9, cycle, x0
1094 6318 0x00001174 0x40848933 M   sub         x18, x9, x8
1095 6321 0x00001178 0xdeadbeef M   jal         x29, -150038
1096 6343 0xfffdc762 0x00000001 M c.INVALID     
1097 6364 0x000001b8 0x10500073 M   wfi          <TRAP_ENTRY>
