0 30 0x00000000 0xf14020f3 M   csrrs       x1, mhartid, x0
1 32 0x00000004 0x80002217 M   auipc       x4, 0x80002000
2 34 0x00000008 0xffb20213 M   addi        x4, x4, -5
3 36 0x0000000c 0xff027113 M   andi        x2, x4, -16
4 38 0x00000010 0x80000197 M   auipc       x3, 0x80000000
5 40 0x00000014 0x7f018193 M   addi        x3, x3, 2032
6 42 0x00000018 0x000022b7 M   lui         x5, 0x00002000
7 44 0x0000001c 0x80028293 M   addi        x5, x5, -2048
8 58 0x00000020 0x30029073 M   csrrw       x0, mstatus, x5
9 60 0x00000024 0x00000317 M   auipc       x6, 0x00000000
10 62 0x00000028 0x19030313 M   addi        x6, x6, 400
11 65 0x0000002c 0x30531073 M   csrrw       x0, mtvec, x6
12 68 0x00000030 0x30401073 M   csrrw       x0, mie, x0
13 70 0x00000034 0x00001397 M   auipc       x7, 0x00001000
14 72 0x00000038 0x13838393 M   addi        x7, x7, 312
15 74 0x0000003c 0x80000417 M   auipc       x8, 0x80000000
16 87 0x00000040 0xfc440413 M   addi        x8, x8, -60
17 89 0x00000044 0x80000497 M   auipc       x9, 0x80000000
18 91 0x00000048 0xfbc48493 M   addi        x9, x9, -68
19 93 0x0000004c 0x80000517 M   auipc       x10, 0x80000000
20 95 0x00000050 0xfb450513 M   addi        x10, x10, -76
21 97 0x00000054 0x80000597 M   auipc       x11, 0x80000000
22 99 0x00000058 0xfac58593 M   addi        x11, x11, -84
23 101 0x0000005c 0x00000613 M   addi        x12, x0, 0
24 115 0x00000060 0x00000693 M   addi        x13, x0, 0
25 117 0x00000064 0x00000713 M   addi        x14, x0, 0
26 119 0x00000068 0x00000793 M   addi        x15, x0, 0
27 121 0x0000006c 0x00000813 M   addi        x16, x0, 0
28 123 0x00000070 0x00000893 M   addi        x17, x0, 0
29 125 0x00000074 0x00000913 M   addi        x18, x0, 0
30 127 0x00000078 0x00000993 M   addi        x19, x0, 0
31 129 0x0000007c 0x00000a13 M   addi        x20, x0, 0
32 143 0x00000080 0x00000a93 M   addi        x21, x0, 0
33 145 0x00000084 0x00000b13 M   addi        x22, x0, 0
34 147 0x00000088 0x00000b93 M   addi        x23, x0, 0
35 149 0x0000008c 0x00000c13 M   addi        x24, x0, 0
36 151 0x00000090 0x00000c93 M   addi        x25, x0, 0
37 153 0x00000094 0x00000d13 M   addi        x26, x0, 0
38 155 0x00000098 0x00000d93 M   addi        x27, x0, 0
39 157 0x0000009c 0x00000e13 M   addi        x28, x0, 0
40 171 0x000000a0 0x00000e93 M   addi        x29, x0, 0
41 173 0x000000a4 0x00000f13 M   addi        x30, x0, 0
42 175 0x000000a8 0x00000f93 M   addi        x31, x0, 0
43 178 0x000000ac 0x04008263 M   beq         x1, x0, 68
44 200 0x000000f0 0x00838e63 M   beq         x7, x8, 28
45 203 0x000000f4 0x00945c63 M   bge         x8, x9, 24
46 221 0x0000010c 0x00b55863 M   bge         x10, x11, 16
47 227 0x0000011c 0x00001417 M   auipc       x8, 0x00001000
48 241 0x00000120 0x05040413 M   addi        x8, x8, 80
49 243 0x00000124 0x00001497 M   auipc       x9, 0x00001000
50 245 0x00000128 0x04848493 M   addi        x9, x9, 72
51 248 0x0000012c 0x00945a63 M   bge         x8, x9, 20
52 266 0x00000140 0x00000617 M   auipc       x12, 0x00000000
53 268 0x00000144 0x07c60613 M   addi        x12, x12, 124
54 271 0x00000148 0x0ff0000f M   fence       
55 278 0x0000014c 0x0000100f M   fence.i     
56 489 0x00000150 0x00000513 M   addi        x10, x0, 0
57 491 0x00000154 0x00000593 M   addi        x11, x0, 0
58 494 0x00000158 0x000600e7 M   jalr        x1, 0(x12)
59 524 0x000001bc 0x00100293 M   addi        x5, x0, 1
60 538 0x000001c0 0x00000313 M   addi        x6, x0, 0
61 541 0x000001c4 0x006292b3 M   sll         x5, x5, x6
62 544 0x000001c8 0x006292b3 M   sll         x5, x5, x6
63 547 0x000001cc 0x006292b3 M   sll         x5, x5, x6
64 550 0x000001d0 0x006292b3 M   sll         x5, x5, x6
65 553 0x000001d4 0x006292b3 M   sll         x5, x5, x6
66 556 0x000001d8 0x006292b3 M   sll         x5, x5, x6
67 559 0x000001dc 0x006292b3 M   sll         x5, x5, x6
68 571 0x000001e0 0x006292b3 M   sll         x5, x5, x6
69 574 0x000001e4 0x006292b3 M   sll         x5, x5, x6
70 577 0x000001e8 0x006292b3 M   sll         x5, x5, x6
71 580 0x000001ec 0x006292b3 M   sll         x5, x5, x6
72 583 0x000001f0 0x006292b3 M   sll         x5, x5, x6
73 586 0x000001f4 0x006292b3 M   sll         x5, x5, x6
74 589 0x000001f8 0x006292b3 M   sll         x5, x5, x6
75 592 0x000001fc 0x006292b3 M   sll         x5, x5, x6
76 604 0x00000200 0x006292b3 M   sll         x5, x5, x6
77 607 0x00000204 0x006292b3 M   sll         x5, x5, x6
78 610 0x00000208 0x006292b3 M   sll         x5, x5, x6
79 613 0x0000020c 0x006292b3 M   sll         x5, x5, x6
80 616 0x00000210 0x006292b3 M   sll         x5, x5, x6
81 619 0x00000214 0x006292b3 M   sll         x5, x5, x6
82 622 0x00000218 0x006292b3 M   sll         x5, x5, x6
83 625 0x0000021c 0x006292b3 M   sll         x5, x5, x6
84 637 0x00000220 0x006292b3 M   sll         x5, x5, x6
85 640 0x00000224 0x006292b3 M   sll         x5, x5, x6
86 643 0x00000228 0x006292b3 M   sll         x5, x5, x6
87 646 0x0000022c 0x006292b3 M   sll         x5, x5, x6
88 649 0x00000230 0x006292b3 M   sll         x5, x5, x6
89 652 0x00000234 0x006292b3 M   sll         x5, x5, x6
90 655 0x00000238 0x006292b3 M   sll         x5, x5, x6
91 658 0x0000023c 0x006292b3 M   sll         x5, x5, x6
92 670 0x00000240 0x006292b3 M   sll         x5, x5, x6
93 673 0x00000244 0x006292b3 M   sll         x5, x5, x6
94 676 0x00000248 0x006292b3 M   sll         x5, x5, x6
95 679 0x0000024c 0x006292b3 M   sll         x5, x5, x6
96 682 0x00000250 0x006292b3 M   sll         x5, x5, x6
97 685 0x00000254 0x006292b3 M   sll         x5, x5, x6
98 688 0x00000258 0x006292b3 M   sll         x5, x5, x6
99 691 0x0000025c 0x006292b3 M   sll         x5, x5, x6
100 703 0x00000260 0x006292b3 M   sll         x5, x5, x6
101 706 0x00000264 0x006292b3 M   sll         x5, x5, x6
102 709 0x00000268 0x006292b3 M   sll         x5, x5, x6
103 712 0x0000026c 0x006292b3 M   sll         x5, x5, x6
104 715 0x00000270 0x006292b3 M   sll         x5, x5, x6
105 718 0x00000274 0x006292b3 M   sll         x5, x5, x6
106 721 0x00000278 0x006292b3 M   sll         x5, x5, x6
107 724 0x0000027c 0x006292b3 M   sll         x5, x5, x6
108 736 0x00000280 0x006292b3 M   sll         x5, x5, x6
109 739 0x00000284 0x006292b3 M   sll         x5, x5, x6
110 742 0x00000288 0x006292b3 M   sll         x5, x5, x6
111 745 0x0000028c 0x006292b3 M   sll         x5, x5, x6
112 748 0x00000290 0x006292b3 M   sll         x5, x5, x6
113 751 0x00000294 0x006292b3 M   sll         x5, x5, x6
114 754 0x00000298 0x006292b3 M   sll         x5, x5, x6
115 757 0x0000029c 0x006292b3 M   sll         x5, x5, x6
116 769 0x000002a0 0x006292b3 M   sll         x5, x5, x6
117 772 0x000002a4 0x006292b3 M   sll         x5, x5, x6
118 775 0x000002a8 0x006292b3 M   sll         x5, x5, x6
119 778 0x000002ac 0x006292b3 M   sll         x5, x5, x6
120 781 0x000002b0 0x006292b3 M   sll         x5, x5, x6
121 784 0x000002b4 0x006292b3 M   sll         x5, x5, x6
122 787 0x000002b8 0x006292b3 M   sll         x5, x5, x6
123 790 0x000002bc 0x006292b3 M   sll         x5, x5, x6
124 802 0x000002c0 0x006292b3 M   sll         x5, x5, x6
125 805 0x000002c4 0x006292b3 M   sll         x5, x5, x6
126 808 0x000002c8 0x006292b3 M   sll         x5, x5, x6
127 811 0x000002cc 0x006292b3 M   sll         x5, x5, x6
128 814 0x000002d0 0x006292b3 M   sll         x5, x5, x6
129 817 0x000002d4 0x006292b3 M   sll         x5, x5, x6
130 820 0x000002d8 0x006292b3 M   sll         x5, x5, x6
131 823 0x000002dc 0x006292b3 M   sll         x5, x5, x6
132 835 0x000002e0 0x006292b3 M   sll         x5, x5, x6
133 838 0x000002e4 0x006292b3 M   sll         x5, x5, x6
134 841 0x000002e8 0x006292b3 M   sll         x5, x5, x6
135 844 0x000002ec 0x006292b3 M   sll         x5, x5, x6
136 847 0x000002f0 0x006292b3 M   sll         x5, x5, x6
137 850 0x000002f4 0x006292b3 M   sll         x5, x5, x6
138 853 0x000002f8 0x006292b3 M   sll         x5, x5, x6
139 856 0x000002fc 0x006292b3 M   sll         x5, x5, x6
140 868 0x00000300 0x006292b3 M   sll         x5, x5, x6
141 871 0x00000304 0x006292b3 M   sll         x5, x5, x6
142 874 0x00000308 0x006292b3 M   sll         x5, x5, x6
143 877 0x0000030c 0x006292b3 M   sll         x5, x5, x6
144 880 0x00000310 0x006292b3 M   sll         x5, x5, x6
145 883 0x00000314 0x006292b3 M   sll         x5, x5, x6
146 886 0x00000318 0x006292b3 M   sll         x5, x5, x6
147 889 0x0000031c 0x006292b3 M   sll         x5, x5, x6
148 901 0x00000320 0x006292b3 M   sll         x5, x5, x6
149 904 0x00000324 0x006292b3 M   sll         x5, x5, x6
150 907 0x00000328 0x006292b3 M   sll         x5, x5, x6
151 910 0x0000032c 0x006292b3 M   sll         x5, x5, x6
152 913 0x00000330 0x006292b3 M   sll         x5, x5, x6
153 916 0x00000334 0x006292b3 M   sll         x5, x5, x6
154 919 0x00000338 0x006292b3 M   sll         x5, x5, x6
155 922 0x0000033c 0x006292b3 M   sll         x5, x5, x6
156 934 0x00000340 0x006292b3 M   sll         x5, x5, x6
157 937 0x00000344 0x006292b3 M   sll         x5, x5, x6
158 940 0x00000348 0x006292b3 M   sll         x5, x5, x6
159 943 0x0000034c 0x006292b3 M   sll         x5, x5, x6
160 946 0x00000350 0x006292b3 M   sll         x5, x5, x6
161 949 0x00000354 0x006292b3 M   sll         x5, x5, x6
162 952 0x00000358 0x006292b3 M   sll         x5, x5, x6
163 955 0x0000035c 0x006292b3 M   sll         x5, x5, x6
164 967 0x00000360 0x006292b3 M   sll         x5, x5, x6
165 970 0x00000364 0x006292b3 M   sll         x5, x5, x6
166 973 0x00000368 0x006292b3 M   sll         x5, x5, x6
167 976 0x0000036c 0x006292b3 M   sll         x5, x5, x6
168 979 0x00000370 0x006292b3 M   sll         x5, x5, x6
169 982 0x00000374 0x006292b3 M   sll         x5, x5, x6
170 985 0x00000378 0x006292b3 M   sll         x5, x5, x6
171 988 0x0000037c 0x006292b3 M   sll         x5, x5, x6
172 1000 0x00000380 0x006292b3 M   sll         x5, x5, x6
173 1003 0x00000384 0x006292b3 M   sll         x5, x5, x6
174 1006 0x00000388 0x006292b3 M   sll         x5, x5, x6
175 1009 0x0000038c 0x006292b3 M   sll         x5, x5, x6
176 1012 0x00000390 0x006292b3 M   sll         x5, x5, x6
177 1015 0x00000394 0x006292b3 M   sll         x5, x5, x6
178 1018 0x00000398 0x006292b3 M   sll         x5, x5, x6
179 1021 0x0000039c 0x006292b3 M   sll         x5, x5, x6
180 1033 0x000003a0 0x006292b3 M   sll         x5, x5, x6
181 1036 0x000003a4 0x006292b3 M   sll         x5, x5, x6
182 1039 0x000003a8 0x006292b3 M   sll         x5, x5, x6
183 1042 0x000003ac 0x006292b3 M   sll         x5, x5, x6
184 1045 0x000003b0 0x006292b3 M   sll         x5, x5, x6
185 1048 0x000003b4 0x006292b3 M   sll         x5, x5, x6
186 1051 0x000003b8 0x006292b3 M   sll         x5, x5, x6
187 1054 0x000003bc 0x006292b3 M   sll         x5, x5, x6
188 1066 0x000003c0 0x006292b3 M   sll         x5, x5, x6
189 1069 0x000003c4 0x006292b3 M   sll         x5, x5, x6
190 1072 0x000003c8 0x006292b3 M   sll         x5, x5, x6
191 1075 0x000003cc 0x006292b3 M   sll         x5, x5, x6
192 1078 0x000003d0 0x006292b3 M   sll         x5, x5, x6
193 1081 0x000003d4 0x006292b3 M   sll         x5, x5, x6
194 1084 0x000003d8 0x006292b3 M   sll         x5, x5, x6
195 1087 0x000003dc 0x006292b3 M   sll         x5, x5, x6
196 1099 0x000003e0 0x006292b3 M   sll         x5, x5, x6
197 1102 0x000003e4 0x006292b3 M   sll         x5, x5, x6
198 1105 0x000003e8 0x006292b3 M   sll         x5, x5, x6
199 1108 0x000003ec 0x006292b3 M   sll         x5, x5, x6
200 1111 0x000003f0 0x006292b3 M   sll         x5, x5, x6
201 1114 0x000003f4 0x006292b3 M   sll         x5, x5, x6
202 1117 0x000003f8 0x006292b3 M   sll         x5, x5, x6
203 1120 0x000003fc 0x006292b3 M   sll         x5, x5, x6
204 1132 0x00000400 0x006292b3 M   sll         x5, x5, x6
205 1135 0x00000404 0x006292b3 M   sll         x5, x5, x6
206 1138 0x00000408 0x006292b3 M   sll         x5, x5, x6
207 1141 0x0000040c 0x006292b3 M   sll         x5, x5, x6
208 1144 0x00000410 0x006292b3 M   sll         x5, x5, x6
209 1147 0x00000414 0x006292b3 M   sll         x5, x5, x6
210 1150 0x00000418 0x006292b3 M   sll         x5, x5, x6
211 1153 0x0000041c 0x006292b3 M   sll         x5, x5, x6
212 1165 0x00000420 0x006292b3 M   sll         x5, x5, x6
213 1168 0x00000424 0x006292b3 M   sll         x5, x5, x6
214 1171 0x00000428 0x006292b3 M   sll         x5, x5, x6
215 1174 0x0000042c 0x006292b3 M   sll         x5, x5, x6
216 1177 0x00000430 0x006292b3 M   sll         x5, x5, x6
217 1180 0x00000434 0x006292b3 M   sll         x5, x5, x6
218 1183 0x00000438 0x006292b3 M   sll         x5, x5, x6
219 1186 0x0000043c 0x006292b3 M   sll         x5, x5, x6
220 1198 0x00000440 0x006292b3 M   sll         x5, x5, x6
221 1201 0x00000444 0x006292b3 M   sll         x5, x5, x6
222 1204 0x00000448 0x006292b3 M   sll         x5, x5, x6
223 1207 0x0000044c 0x006292b3 M   sll         x5, x5, x6
224 1210 0x00000450 0x006292b3 M   sll         x5, x5, x6
225 1213 0x00000454 0x006292b3 M   sll         x5, x5, x6
226 1216 0x00000458 0x006292b3 M   sll         x5, x5, x6
227 1219 0x0000045c 0x006292b3 M   sll         x5, x5, x6
228 1231 0x00000460 0x006292b3 M   sll         x5, x5, x6
229 1234 0x00000464 0x006292b3 M   sll         x5, x5, x6
230 1237 0x00000468 0x006292b3 M   sll         x5, x5, x6
231 1240 0x0000046c 0x006292b3 M   sll         x5, x5, x6
232 1243 0x00000470 0x006292b3 M   sll         x5, x5, x6
233 1246 0x00000474 0x006292b3 M   sll         x5, x5, x6
234 1249 0x00000478 0x006292b3 M   sll         x5, x5, x6
235 1252 0x0000047c 0x006292b3 M   sll         x5, x5, x6
236 1264 0x00000480 0x006292b3 M   sll         x5, x5, x6
237 1267 0x00000484 0x006292b3 M   sll         x5, x5, x6
238 1270 0x00000488 0x006292b3 M   sll         x5, x5, x6
239 1273 0x0000048c 0x006292b3 M   sll         x5, x5, x6
240 1276 0x00000490 0x006292b3 M   sll         x5, x5, x6
241 1279 0x00000494 0x006292b3 M   sll         x5, x5, x6
242 1282 0x00000498 0x006292b3 M   sll         x5, x5, x6
243 1285 0x0000049c 0x006292b3 M   sll         x5, x5, x6
244 1297 0x000004a0 0x006292b3 M   sll         x5, x5, x6
245 1300 0x000004a4 0x006292b3 M   sll         x5, x5, x6
246 1303 0x000004a8 0x006292b3 M   sll         x5, x5, x6
247 1306 0x000004ac 0x006292b3 M   sll         x5, x5, x6
248 1309 0x000004b0 0x006292b3 M   sll         x5, x5, x6
249 1312 0x000004b4 0x006292b3 M   sll         x5, x5, x6
250 1315 0x000004b8 0x006292b3 M   sll         x5, x5, x6
251 1318 0x000004bc 0x006292b3 M   sll         x5, x5, x6
252 1330 0x000004c0 0x006292b3 M   sll         x5, x5, x6
253 1333 0x000004c4 0x006292b3 M   sll         x5, x5, x6
254 1336 0x000004c8 0x006292b3 M   sll         x5, x5, x6
255 1339 0x000004cc 0x006292b3 M   sll         x5, x5, x6
256 1342 0x000004d0 0x006292b3 M   sll         x5, x5, x6
257 1345 0x000004d4 0x006292b3 M   sll         x5, x5, x6
258 1348 0x000004d8 0x006292b3 M   sll         x5, x5, x6
259 1351 0x000004dc 0x006292b3 M   sll         x5, x5, x6
260 1363 0x000004e0 0x006292b3 M   sll         x5, x5, x6
261 1366 0x000004e4 0x006292b3 M   sll         x5, x5, x6
262 1369 0x000004e8 0x006292b3 M   sll         x5, x5, x6
263 1372 0x000004ec 0x006292b3 M   sll         x5, x5, x6
264 1375 0x000004f0 0x006292b3 M   sll         x5, x5, x6
265 1378 0x000004f4 0x006292b3 M   sll         x5, x5, x6
266 1381 0x000004f8 0x006292b3 M   sll         x5, x5, x6
267 1384 0x000004fc 0x006292b3 M   sll         x5, x5, x6
268 1396 0x00000500 0x006292b3 M   sll         x5, x5, x6
269 1399 0x00000504 0x006292b3 M   sll         x5, x5, x6
270 1402 0x00000508 0x006292b3 M   sll         x5, x5, x6
271 1405 0x0000050c 0x006292b3 M   sll         x5, x5, x6
272 1408 0x00000510 0x006292b3 M   sll         x5, x5, x6
273 1411 0x00000514 0x006292b3 M   sll         x5, x5, x6
274 1414 0x00000518 0x006292b3 M   sll         x5, x5, x6
275 1417 0x0000051c 0x006292b3 M   sll         x5, x5, x6
276 1429 0x00000520 0x006292b3 M   sll         x5, x5, x6
277 1432 0x00000524 0x006292b3 M   sll         x5, x5, x6
278 1435 0x00000528 0x006292b3 M   sll         x5, x5, x6
279 1438 0x0000052c 0x006292b3 M   sll         x5, x5, x6
280 1441 0x00000530 0x006292b3 M   sll         x5, x5, x6
281 1444 0x00000534 0x006292b3 M   sll         x5, x5, x6
282 1447 0x00000538 0x006292b3 M   sll         x5, x5, x6
283 1450 0x0000053c 0x006292b3 M   sll         x5, x5, x6
284 1462 0x00000540 0x006292b3 M   sll         x5, x5, x6
285 1465 0x00000544 0x006292b3 M   sll         x5, x5, x6
286 1468 0x00000548 0x006292b3 M   sll         x5, x5, x6
287 1471 0x0000054c 0x006292b3 M   sll         x5, x5, x6
288 1474 0x00000550 0x006292b3 M   sll         x5, x5, x6
289 1477 0x00000554 0x006292b3 M   sll         x5, x5, x6
290 1480 0x00000558 0x006292b3 M   sll         x5, x5, x6
291 1483 0x0000055c 0x006292b3 M   sll         x5, x5, x6
292 1495 0x00000560 0x006292b3 M   sll         x5, x5, x6
293 1498 0x00000564 0x006292b3 M   sll         x5, x5, x6
294 1501 0x00000568 0x006292b3 M   sll         x5, x5, x6
295 1504 0x0000056c 0x006292b3 M   sll         x5, x5, x6
296 1507 0x00000570 0x006292b3 M   sll         x5, x5, x6
297 1510 0x00000574 0x006292b3 M   sll         x5, x5, x6
298 1513 0x00000578 0x006292b3 M   sll         x5, x5, x6
299 1516 0x0000057c 0x006292b3 M   sll         x5, x5, x6
300 1528 0x00000580 0x006292b3 M   sll         x5, x5, x6
301 1531 0x00000584 0x006292b3 M   sll         x5, x5, x6
302 1534 0x00000588 0x006292b3 M   sll         x5, x5, x6
303 1537 0x0000058c 0x006292b3 M   sll         x5, x5, x6
304 1540 0x00000590 0x006292b3 M   sll         x5, x5, x6
305 1543 0x00000594 0x006292b3 M   sll         x5, x5, x6
306 1546 0x00000598 0x006292b3 M   sll         x5, x5, x6
307 1549 0x0000059c 0x006292b3 M   sll         x5, x5, x6
308 1561 0x000005a0 0x006292b3 M   sll         x5, x5, x6
309 1564 0x000005a4 0x006292b3 M   sll         x5, x5, x6
310 1567 0x000005a8 0x006292b3 M   sll         x5, x5, x6
311 1570 0x000005ac 0x006292b3 M   sll         x5, x5, x6
312 1573 0x000005b0 0x006292b3 M   sll         x5, x5, x6
313 1576 0x000005b4 0x006292b3 M   sll         x5, x5, x6
314 1579 0x000005b8 0x006292b3 M   sll         x5, x5, x6
315 1582 0x000005bc 0x006292b3 M   sll         x5, x5, x6
316 1594 0x000005c0 0x006292b3 M   sll         x5, x5, x6
317 1597 0x000005c4 0x006292b3 M   sll         x5, x5, x6
318 1600 0x000005c8 0x006292b3 M   sll         x5, x5, x6
319 1603 0x000005cc 0x006292b3 M   sll         x5, x5, x6
320 1606 0x000005d0 0x006292b3 M   sll         x5, x5, x6
321 1609 0x000005d4 0x006292b3 M   sll         x5, x5, x6
322 1612 0x000005d8 0x006292b3 M   sll         x5, x5, x6
323 1615 0x000005dc 0x006292b3 M   sll         x5, x5, x6
324 1627 0x000005e0 0x006292b3 M   sll         x5, x5, x6
325 1630 0x000005e4 0x006292b3 M   sll         x5, x5, x6
326 1633 0x000005e8 0x006292b3 M   sll         x5, x5, x6
327 1636 0x000005ec 0x006292b3 M   sll         x5, x5, x6
328 1639 0x000005f0 0x006292b3 M   sll         x5, x5, x6
329 1642 0x000005f4 0x006292b3 M   sll         x5, x5, x6
330 1645 0x000005f8 0x006292b3 M   sll         x5, x5, x6
331 1648 0x000005fc 0x006292b3 M   sll         x5, x5, x6
332 1660 0x00000600 0x006292b3 M   sll         x5, x5, x6
333 1663 0x00000604 0x006292b3 M   sll         x5, x5, x6
334 1666 0x00000608 0x006292b3 M   sll         x5, x5, x6
335 1669 0x0000060c 0x006292b3 M   sll         x5, x5, x6
336 1672 0x00000610 0x006292b3 M   sll         x5, x5, x6
337 1675 0x00000614 0x006292b3 M   sll         x5, x5, x6
338 1678 0x00000618 0x006292b3 M   sll         x5, x5, x6
339 1681 0x0000061c 0x006292b3 M   sll         x5, x5, x6
340 1693 0x00000620 0x006292b3 M   sll         x5, x5, x6
341 1696 0x00000624 0x006292b3 M   sll         x5, x5, x6
342 1699 0x00000628 0x006292b3 M   sll         x5, x5, x6
343 1702 0x0000062c 0x006292b3 M   sll         x5, x5, x6
344 1705 0x00000630 0x006292b3 M   sll         x5, x5, x6
345 1708 0x00000634 0x006292b3 M   sll         x5, x5, x6
346 1711 0x00000638 0x006292b3 M   sll         x5, x5, x6
347 1714 0x0000063c 0x006292b3 M   sll         x5, x5, x6
348 1726 0x00000640 0x006292b3 M   sll         x5, x5, x6
349 1729 0x00000644 0x006292b3 M   sll         x5, x5, x6
350 1732 0x00000648 0x006292b3 M   sll         x5, x5, x6
351 1735 0x0000064c 0x006292b3 M   sll         x5, x5, x6
352 1738 0x00000650 0x006292b3 M   sll         x5, x5, x6
353 1741 0x00000654 0x006292b3 M   sll         x5, x5, x6
354 1744 0x00000658 0x006292b3 M   sll         x5, x5, x6
355 1747 0x0000065c 0x006292b3 M   sll         x5, x5, x6
356 1759 0x00000660 0x006292b3 M   sll         x5, x5, x6
357 1762 0x00000664 0x006292b3 M   sll         x5, x5, x6
358 1765 0x00000668 0x006292b3 M   sll         x5, x5, x6
359 1768 0x0000066c 0x006292b3 M   sll         x5, x5, x6
360 1771 0x00000670 0x006292b3 M   sll         x5, x5, x6
361 1774 0x00000674 0x006292b3 M   sll         x5, x5, x6
362 1777 0x00000678 0x006292b3 M   sll         x5, x5, x6
363 1780 0x0000067c 0x006292b3 M   sll         x5, x5, x6
364 1792 0x00000680 0x006292b3 M   sll         x5, x5, x6
365 1795 0x00000684 0x006292b3 M   sll         x5, x5, x6
366 1798 0x00000688 0x006292b3 M   sll         x5, x5, x6
367 1801 0x0000068c 0x006292b3 M   sll         x5, x5, x6
368 1804 0x00000690 0x006292b3 M   sll         x5, x5, x6
369 1807 0x00000694 0x006292b3 M   sll         x5, x5, x6
370 1810 0x00000698 0x006292b3 M   sll         x5, x5, x6
371 1813 0x0000069c 0x006292b3 M   sll         x5, x5, x6
372 1825 0x000006a0 0x006292b3 M   sll         x5, x5, x6
373 1828 0x000006a4 0x006292b3 M   sll         x5, x5, x6
374 1831 0x000006a8 0x006292b3 M   sll         x5, x5, x6
375 1834 0x000006ac 0x006292b3 M   sll         x5, x5, x6
376 1837 0x000006b0 0x006292b3 M   sll         x5, x5, x6
377 1840 0x000006b4 0x006292b3 M   sll         x5, x5, x6
378 1843 0x000006b8 0x006292b3 M   sll         x5, x5, x6
379 1846 0x000006bc 0x006292b3 M   sll         x5, x5, x6
380 1858 0x000006c0 0x006292b3 M   sll         x5, x5, x6
381 1861 0x000006c4 0x006292b3 M   sll         x5, x5, x6
382 1864 0x000006c8 0x006292b3 M   sll         x5, x5, x6
383 1867 0x000006cc 0x006292b3 M   sll         x5, x5, x6
384 1870 0x000006d0 0x006292b3 M   sll         x5, x5, x6
385 1873 0x000006d4 0x006292b3 M   sll         x5, x5, x6
386 1876 0x000006d8 0x006292b3 M   sll         x5, x5, x6
387 1879 0x000006dc 0x006292b3 M   sll         x5, x5, x6
388 1891 0x000006e0 0x006292b3 M   sll         x5, x5, x6
389 1894 0x000006e4 0x006292b3 M   sll         x5, x5, x6
390 1897 0x000006e8 0x006292b3 M   sll         x5, x5, x6
391 1900 0x000006ec 0x006292b3 M   sll         x5, x5, x6
392 1903 0x000006f0 0x006292b3 M   sll         x5, x5, x6
393 1906 0x000006f4 0x006292b3 M   sll         x5, x5, x6
394 1909 0x000006f8 0x006292b3 M   sll         x5, x5, x6
395 1912 0x000006fc 0x006292b3 M   sll         x5, x5, x6
396 1924 0x00000700 0x006292b3 M   sll         x5, x5, x6
397 1927 0x00000704 0x006292b3 M   sll         x5, x5, x6
398 1930 0x00000708 0x006292b3 M   sll         x5, x5, x6
399 1933 0x0000070c 0x006292b3 M   sll         x5, x5, x6
400 1936 0x00000710 0x006292b3 M   sll         x5, x5, x6
401 1939 0x00000714 0x006292b3 M   sll         x5, x5, x6
402 1942 0x00000718 0x006292b3 M   sll         x5, x5, x6
403 1945 0x0000071c 0x006292b3 M   sll         x5, x5, x6
404 1957 0x00000720 0x006292b3 M   sll         x5, x5, x6
405 1960 0x00000724 0x006292b3 M   sll         x5, x5, x6
406 1963 0x00000728 0x006292b3 M   sll         x5, x5, x6
407 1966 0x0000072c 0x006292b3 M   sll         x5, x5, x6
408 1969 0x00000730 0x006292b3 M   sll         x5, x5, x6
409 1972 0x00000734 0x006292b3 M   sll         x5, x5, x6
410 1975 0x00000738 0x006292b3 M   sll         x5, x5, x6
411 1978 0x0000073c 0x006292b3 M   sll         x5, x5, x6
412 1990 0x00000740 0x006292b3 M   sll         x5, x5, x6
413 1993 0x00000744 0x006292b3 M   sll         x5, x5, x6
414 1996 0x00000748 0x006292b3 M   sll         x5, x5, x6
415 1999 0x0000074c 0x006292b3 M   sll         x5, x5, x6
416 2002 0x00000750 0x006292b3 M   sll         x5, x5, x6
417 2005 0x00000754 0x006292b3 M   sll         x5, x5, x6
418 2008 0x00000758 0x006292b3 M   sll         x5, x5, x6
419 2011 0x0000075c 0x006292b3 M   sll         x5, x5, x6
420 2023 0x00000760 0x006292b3 M   sll         x5, x5, x6
421 2026 0x00000764 0x006292b3 M   sll         x5, x5, x6
422 2029 0x00000768 0x006292b3 M   sll         x5, x5, x6
423 2032 0x0000076c 0x006292b3 M   sll         x5, x5, x6
424 2035 0x00000770 0x006292b3 M   sll         x5, x5, x6
425 2038 0x00000774 0x006292b3 M   sll         x5, x5, x6
426 2041 0x00000778 0x006292b3 M   sll         x5, x5, x6
427 2044 0x0000077c 0x006292b3 M   sll         x5, x5, x6
428 2056 0x00000780 0x006292b3 M   sll         x5, x5, x6
429 2059 0x00000784 0x006292b3 M   sll         x5, x5, x6
430 2062 0x00000788 0x006292b3 M   sll         x5, x5, x6
431 2065 0x0000078c 0x006292b3 M   sll         x5, x5, x6
432 2068 0x00000790 0x006292b3 M   sll         x5, x5, x6
433 2071 0x00000794 0x006292b3 M   sll         x5, x5, x6
434 2074 0x00000798 0x006292b3 M   sll         x5, x5, x6
435 2077 0x0000079c 0x006292b3 M   sll         x5, x5, x6
436 2089 0x000007a0 0x006292b3 M   sll         x5, x5, x6
437 2092 0x000007a4 0x006292b3 M   sll         x5, x5, x6
438 2095 0x000007a8 0x006292b3 M   sll         x5, x5, x6
439 2098 0x000007ac 0x006292b3 M   sll         x5, x5, x6
440 2101 0x000007b0 0x006292b3 M   sll         x5, x5, x6
441 2104 0x000007b4 0x006292b3 M   sll         x5, x5, x6
442 2107 0x000007b8 0x006292b3 M   sll         x5, x5, x6
443 2110 0x000007bc 0x006292b3 M   sll         x5, x5, x6
444 2122 0x000007c0 0x006292b3 M   sll         x5, x5, x6
445 2125 0x000007c4 0x006292b3 M   sll         x5, x5, x6
446 2128 0x000007c8 0x006292b3 M   sll         x5, x5, x6
447 2131 0x000007cc 0x006292b3 M   sll         x5, x5, x6
448 2134 0x000007d0 0x006292b3 M   sll         x5, x5, x6
449 2137 0x000007d4 0x006292b3 M   sll         x5, x5, x6
450 2140 0x000007d8 0x006292b3 M   sll         x5, x5, x6
451 2143 0x000007dc 0x006292b3 M   sll         x5, x5, x6
452 2155 0x000007e0 0x006292b3 M   sll         x5, x5, x6
453 2158 0x000007e4 0x006292b3 M   sll         x5, x5, x6
454 2161 0x000007e8 0x006292b3 M   sll         x5, x5, x6
455 2164 0x000007ec 0x006292b3 M   sll         x5, x5, x6
456 2167 0x000007f0 0x006292b3 M   sll         x5, x5, x6
457 2170 0x000007f4 0x006292b3 M   sll         x5, x5, x6
458 2173 0x000007f8 0x006292b3 M   sll         x5, x5, x6
459 2176 0x000007fc 0x006292b3 M   sll         x5, x5, x6
460 2188 0x00000800 0x006292b3 M   sll         x5, x5, x6
461 2191 0x00000804 0x006292b3 M   sll         x5, x5, x6
462 2194 0x00000808 0x006292b3 M   sll         x5, x5, x6
463 2197 0x0000080c 0x006292b3 M   sll         x5, x5, x6
464 2200 0x00000810 0x006292b3 M   sll         x5, x5, x6
465 2203 0x00000814 0x006292b3 M   sll         x5, x5, x6
466 2206 0x00000818 0x006292b3 M   sll         x5, x5, x6
467 2209 0x0000081c 0x006292b3 M   sll         x5, x5, x6
468 2221 0x00000820 0x006292b3 M   sll         x5, x5, x6
469 2224 0x00000824 0x006292b3 M   sll         x5, x5, x6
470 2227 0x00000828 0x006292b3 M   sll         x5, x5, x6
471 2230 0x0000082c 0x006292b3 M   sll         x5, x5, x6
472 2233 0x00000830 0x006292b3 M   sll         x5, x5, x6
473 2236 0x00000834 0x006292b3 M   sll         x5, x5, x6
474 2239 0x00000838 0x006292b3 M   sll         x5, x5, x6
475 2242 0x0000083c 0x006292b3 M   sll         x5, x5, x6
476 2254 0x00000840 0x006292b3 M   sll         x5, x5, x6
477 2257 0x00000844 0x006292b3 M   sll         x5, x5, x6
478 2260 0x00000848 0x006292b3 M   sll         x5, x5, x6
479 2263 0x0000084c 0x006292b3 M   sll         x5, x5, x6
480 2266 0x00000850 0x006292b3 M   sll         x5, x5, x6
481 2269 0x00000854 0x006292b3 M   sll         x5, x5, x6
482 2272 0x00000858 0x006292b3 M   sll         x5, x5, x6
483 2275 0x0000085c 0x006292b3 M   sll         x5, x5, x6
484 2287 0x00000860 0x006292b3 M   sll         x5, x5, x6
485 2290 0x00000864 0x006292b3 M   sll         x5, x5, x6
486 2293 0x00000868 0x006292b3 M   sll         x5, x5, x6
487 2296 0x0000086c 0x006292b3 M   sll         x5, x5, x6
488 2299 0x00000870 0x006292b3 M   sll         x5, x5, x6
489 2302 0x00000874 0x006292b3 M   sll         x5, x5, x6
490 2305 0x00000878 0x006292b3 M   sll         x5, x5, x6
491 2308 0x0000087c 0x006292b3 M   sll         x5, x5, x6
492 2320 0x00000880 0x006292b3 M   sll         x5, x5, x6
493 2323 0x00000884 0x006292b3 M   sll         x5, x5, x6
494 2326 0x00000888 0x006292b3 M   sll         x5, x5, x6
495 2329 0x0000088c 0x006292b3 M   sll         x5, x5, x6
496 2332 0x00000890 0x006292b3 M   sll         x5, x5, x6
497 2335 0x00000894 0x006292b3 M   sll         x5, x5, x6
498 2338 0x00000898 0x006292b3 M   sll         x5, x5, x6
499 2341 0x0000089c 0x006292b3 M   sll         x5, x5, x6
500 2353 0x000008a0 0x006292b3 M   sll         x5, x5, x6
501 2356 0x000008a4 0x006292b3 M   sll         x5, x5, x6
502 2359 0x000008a8 0x006292b3 M   sll         x5, x5, x6
503 2362 0x000008ac 0x006292b3 M   sll         x5, x5, x6
504 2365 0x000008b0 0x006292b3 M   sll         x5, x5, x6
505 2368 0x000008b4 0x006292b3 M   sll         x5, x5, x6
506 2371 0x000008b8 0x006292b3 M   sll         x5, x5, x6
507 2374 0x000008bc 0x006292b3 M   sll         x5, x5, x6
508 2386 0x000008c0 0x006292b3 M   sll         x5, x5, x6
509 2389 0x000008c4 0x006292b3 M   sll         x5, x5, x6
510 2392 0x000008c8 0x006292b3 M   sll         x5, x5, x6
511 2395 0x000008cc 0x006292b3 M   sll         x5, x5, x6
512 2398 0x000008d0 0x006292b3 M   sll         x5, x5, x6
513 2401 0x000008d4 0x006292b3 M   sll         x5, x5, x6
514 2404 0x000008d8 0x006292b3 M   sll         x5, x5, x6
515 2407 0x000008dc 0x006292b3 M   sll         x5, x5, x6
516 2419 0x000008e0 0x006292b3 M   sll         x5, x5, x6
517 2422 0x000008e4 0x006292b3 M   sll         x5, x5, x6
518 2425 0x000008e8 0x006292b3 M   sll         x5, x5, x6
519 2428 0x000008ec 0x006292b3 M   sll         x5, x5, x6
520 2431 0x000008f0 0x006292b3 M   sll         x5, x5, x6
521 2434 0x000008f4 0x006292b3 M   sll         x5, x5, x6
522 2437 0x000008f8 0x006292b3 M   sll         x5, x5, x6
523 2440 0x000008fc 0x006292b3 M   sll         x5, x5, x6
524 2452 0x00000900 0x006292b3 M   sll         x5, x5, x6
525 2455 0x00000904 0x006292b3 M   sll         x5, x5, x6
526 2458 0x00000908 0x006292b3 M   sll         x5, x5, x6
527 2461 0x0000090c 0x006292b3 M   sll         x5, x5, x6
528 2464 0x00000910 0x006292b3 M   sll         x5, x5, x6
529 2467 0x00000914 0x006292b3 M   sll         x5, x5, x6
530 2470 0x00000918 0x006292b3 M   sll         x5, x5, x6
531 2473 0x0000091c 0x006292b3 M   sll         x5, x5, x6
532 2485 0x00000920 0x006292b3 M   sll         x5, x5, x6
533 2488 0x00000924 0x006292b3 M   sll         x5, x5, x6
534 2491 0x00000928 0x006292b3 M   sll         x5, x5, x6
535 2494 0x0000092c 0x006292b3 M   sll         x5, x5, x6
536 2497 0x00000930 0x006292b3 M   sll         x5, x5, x6
537 2500 0x00000934 0x006292b3 M   sll         x5, x5, x6
538 2503 0x00000938 0x006292b3 M   sll         x5, x5, x6
539 2506 0x0000093c 0x006292b3 M   sll         x5, x5, x6
540 2518 0x00000940 0x006292b3 M   sll         x5, x5, x6
541 2521 0x00000944 0x006292b3 M   sll         x5, x5, x6
542 2524 0x00000948 0x006292b3 M   sll         x5, x5, x6
543 2527 0x0000094c 0x006292b3 M   sll         x5, x5, x6
544 2530 0x00000950 0x006292b3 M   sll         x5, x5, x6
545 2533 0x00000954 0x006292b3 M   sll         x5, x5, x6
546 2536 0x00000958 0x006292b3 M   sll         x5, x5, x6
547 2539 0x0000095c 0x006292b3 M   sll         x5, x5, x6
548 2551 0x00000960 0x006292b3 M   sll         x5, x5, x6
549 2554 0x00000964 0x006292b3 M   sll         x5, x5, x6
550 2557 0x00000968 0x006292b3 M   sll         x5, x5, x6
551 2560 0x0000096c 0x006292b3 M   sll         x5, x5, x6
552 2563 0x00000970 0x006292b3 M   sll         x5, x5, x6
553 2566 0x00000974 0x006292b3 M   sll         x5, x5, x6
554 2569 0x00000978 0x006292b3 M   sll         x5, x5, x6
555 2572 0x0000097c 0x006292b3 M   sll         x5, x5, x6
556 2584 0x00000980 0x006292b3 M   sll         x5, x5, x6
557 2587 0x00000984 0x006292b3 M   sll         x5, x5, x6
558 2590 0x00000988 0x006292b3 M   sll         x5, x5, x6
559 2593 0x0000098c 0x006292b3 M   sll         x5, x5, x6
560 2596 0x00000990 0x006292b3 M   sll         x5, x5, x6
561 2599 0x00000994 0x006292b3 M   sll         x5, x5, x6
562 2602 0x00000998 0x006292b3 M   sll         x5, x5, x6
563 2605 0x0000099c 0x006292b3 M   sll         x5, x5, x6
564 2617 0x000009a0 0x006292b3 M   sll         x5, x5, x6
565 2620 0x000009a4 0x006292b3 M   sll         x5, x5, x6
566 2623 0x000009a8 0x006292b3 M   sll         x5, x5, x6
567 2626 0x000009ac 0x006292b3 M   sll         x5, x5, x6
568 2629 0x000009b0 0x006292b3 M   sll         x5, x5, x6
569 2632 0x000009b4 0x006292b3 M   sll         x5, x5, x6
570 2635 0x000009b8 0x006292b3 M   sll         x5, x5, x6
571 2638 0x000009bc 0x006292b3 M   sll         x5, x5, x6
572 2650 0x000009c0 0x006292b3 M   sll         x5, x5, x6
573 2653 0x000009c4 0x006292b3 M   sll         x5, x5, x6
574 2656 0x000009c8 0x006292b3 M   sll         x5, x5, x6
575 2659 0x000009cc 0x006292b3 M   sll         x5, x5, x6
576 2662 0x000009d0 0x006292b3 M   sll         x5, x5, x6
577 2665 0x000009d4 0x006292b3 M   sll         x5, x5, x6
578 2668 0x000009d8 0x006292b3 M   sll         x5, x5, x6
579 2671 0x000009dc 0x006292b3 M   sll         x5, x5, x6
580 2683 0x000009e0 0x006292b3 M   sll         x5, x5, x6
581 2686 0x000009e4 0x006292b3 M   sll         x5, x5, x6
582 2689 0x000009e8 0x006292b3 M   sll         x5, x5, x6
583 2692 0x000009ec 0x006292b3 M   sll         x5, x5, x6
584 2695 0x000009f0 0x006292b3 M   sll         x5, x5, x6
585 2698 0x000009f4 0x006292b3 M   sll         x5, x5, x6
586 2701 0x000009f8 0x006292b3 M   sll         x5, x5, x6
587 2704 0x000009fc 0x006292b3 M   sll         x5, x5, x6
588 2716 0x00000a00 0x006292b3 M   sll         x5, x5, x6
589 2719 0x00000a04 0x006292b3 M   sll         x5, x5, x6
590 2722 0x00000a08 0x006292b3 M   sll         x5, x5, x6
591 2725 0x00000a0c 0x006292b3 M   sll         x5, x5, x6
592 2728 0x00000a10 0x006292b3 M   sll         x5, x5, x6
593 2731 0x00000a14 0x006292b3 M   sll         x5, x5, x6
594 2734 0x00000a18 0x006292b3 M   sll         x5, x5, x6
595 2737 0x00000a1c 0x006292b3 M   sll         x5, x5, x6
596 2749 0x00000a20 0x006292b3 M   sll         x5, x5, x6
597 2752 0x00000a24 0x006292b3 M   sll         x5, x5, x6
598 2755 0x00000a28 0x006292b3 M   sll         x5, x5, x6
599 2758 0x00000a2c 0x006292b3 M   sll         x5, x5, x6
600 2761 0x00000a30 0x006292b3 M   sll         x5, x5, x6
601 2764 0x00000a34 0x006292b3 M   sll         x5, x5, x6
602 2767 0x00000a38 0x006292b3 M   sll         x5, x5, x6
603 2770 0x00000a3c 0x006292b3 M   sll         x5, x5, x6
604 2782 0x00000a40 0x006292b3 M   sll         x5, x5, x6
605 2785 0x00000a44 0x006292b3 M   sll         x5, x5, x6
606 2788 0x00000a48 0x006292b3 M   sll         x5, x5, x6
607 2791 0x00000a4c 0x006292b3 M   sll         x5, x5, x6
608 2794 0x00000a50 0x006292b3 M   sll         x5, x5, x6
609 2797 0x00000a54 0x006292b3 M   sll         x5, x5, x6
610 2800 0x00000a58 0x006292b3 M   sll         x5, x5, x6
611 2803 0x00000a5c 0x006292b3 M   sll         x5, x5, x6
612 2815 0x00000a60 0x006292b3 M   sll         x5, x5, x6
613 2818 0x00000a64 0x006292b3 M   sll         x5, x5, x6
614 2821 0x00000a68 0x006292b3 M   sll         x5, x5, x6
615 2824 0x00000a6c 0x006292b3 M   sll         x5, x5, x6
616 2827 0x00000a70 0x006292b3 M   sll         x5, x5, x6
617 2830 0x00000a74 0x006292b3 M   sll         x5, x5, x6
618 2833 0x00000a78 0x006292b3 M   sll         x5, x5, x6
619 2836 0x00000a7c 0x006292b3 M   sll         x5, x5, x6
620 2848 0x00000a80 0x006292b3 M   sll         x5, x5, x6
621 2851 0x00000a84 0x006292b3 M   sll         x5, x5, x6
622 2854 0x00000a88 0x006292b3 M   sll         x5, x5, x6
623 2857 0x00000a8c 0x006292b3 M   sll         x5, x5, x6
624 2860 0x00000a90 0x006292b3 M   sll         x5, x5, x6
625 2863 0x00000a94 0x006292b3 M   sll         x5, x5, x6
626 2866 0x00000a98 0x006292b3 M   sll         x5, x5, x6
627 2869 0x00000a9c 0x006292b3 M   sll         x5, x5, x6
628 2881 0x00000aa0 0x006292b3 M   sll         x5, x5, x6
629 2884 0x00000aa4 0x006292b3 M   sll         x5, x5, x6
630 2887 0x00000aa8 0x006292b3 M   sll         x5, x5, x6
631 2890 0x00000aac 0x006292b3 M   sll         x5, x5, x6
632 2893 0x00000ab0 0x006292b3 M   sll         x5, x5, x6
633 2896 0x00000ab4 0x006292b3 M   sll         x5, x5, x6
634 2899 0x00000ab8 0x006292b3 M   sll         x5, x5, x6
635 2902 0x00000abc 0x006292b3 M   sll         x5, x5, x6
636 2914 0x00000ac0 0x006292b3 M   sll         x5, x5, x6
637 2917 0x00000ac4 0x006292b3 M   sll         x5, x5, x6
638 2920 0x00000ac8 0x006292b3 M   sll         x5, x5, x6
639 2923 0x00000acc 0x006292b3 M   sll         x5, x5, x6
640 2926 0x00000ad0 0x006292b3 M   sll         x5, x5, x6
641 2929 0x00000ad4 0x006292b3 M   sll         x5, x5, x6
642 2932 0x00000ad8 0x006292b3 M   sll         x5, x5, x6
643 2935 0x00000adc 0x006292b3 M   sll         x5, x5, x6
644 2947 0x00000ae0 0x006292b3 M   sll         x5, x5, x6
645 2950 0x00000ae4 0x006292b3 M   sll         x5, x5, x6
646 2953 0x00000ae8 0x006292b3 M   sll         x5, x5, x6
647 2956 0x00000aec 0x006292b3 M   sll         x5, x5, x6
648 2959 0x00000af0 0x006292b3 M   sll         x5, x5, x6
649 2962 0x00000af4 0x006292b3 M   sll         x5, x5, x6
650 2965 0x00000af8 0x006292b3 M   sll         x5, x5, x6
651 2968 0x00000afc 0x006292b3 M   sll         x5, x5, x6
652 2980 0x00000b00 0x006292b3 M   sll         x5, x5, x6
653 2983 0x00000b04 0x006292b3 M   sll         x5, x5, x6
654 2986 0x00000b08 0x006292b3 M   sll         x5, x5, x6
655 2989 0x00000b0c 0x006292b3 M   sll         x5, x5, x6
656 2992 0x00000b10 0x006292b3 M   sll         x5, x5, x6
657 2995 0x00000b14 0x006292b3 M   sll         x5, x5, x6
658 2998 0x00000b18 0x006292b3 M   sll         x5, x5, x6
659 3001 0x00000b1c 0x006292b3 M   sll         x5, x5, x6
660 3013 0x00000b20 0x006292b3 M   sll         x5, x5, x6
661 3016 0x00000b24 0x006292b3 M   sll         x5, x5, x6
662 3019 0x00000b28 0x006292b3 M   sll         x5, x5, x6
663 3022 0x00000b2c 0x006292b3 M   sll         x5, x5, x6
664 3025 0x00000b30 0x006292b3 M   sll         x5, x5, x6
665 3028 0x00000b34 0x006292b3 M   sll         x5, x5, x6
666 3031 0x00000b38 0x006292b3 M   sll         x5, x5, x6
667 3034 0x00000b3c 0x006292b3 M   sll         x5, x5, x6
668 3046 0x00000b40 0x006292b3 M   sll         x5, x5, x6
669 3049 0x00000b44 0x006292b3 M   sll         x5, x5, x6
670 3052 0x00000b48 0x006292b3 M   sll         x5, x5, x6
671 3055 0x00000b4c 0x006292b3 M   sll         x5, x5, x6
672 3058 0x00000b50 0x006292b3 M   sll         x5, x5, x6
673 3061 0x00000b54 0x006292b3 M   sll         x5, x5, x6
674 3064 0x00000b58 0x006292b3 M   sll         x5, x5, x6
675 3067 0x00000b5c 0x006292b3 M   sll         x5, x5, x6
676 3079 0x00000b60 0x006292b3 M   sll         x5, x5, x6
677 3082 0x00000b64 0x006292b3 M   sll         x5, x5, x6
678 3085 0x00000b68 0x006292b3 M   sll         x5, x5, x6
679 3088 0x00000b6c 0x006292b3 M   sll         x5, x5, x6
680 3091 0x00000b70 0x006292b3 M   sll         x5, x5, x6
681 3094 0x00000b74 0x006292b3 M   sll         x5, x5, x6
682 3097 0x00000b78 0x006292b3 M   sll         x5, x5, x6
683 3100 0x00000b7c 0x006292b3 M   sll         x5, x5, x6
684 3112 0x00000b80 0x006292b3 M   sll         x5, x5, x6
685 3115 0x00000b84 0x006292b3 M   sll         x5, x5, x6
686 3118 0x00000b88 0x006292b3 M   sll         x5, x5, x6
687 3121 0x00000b8c 0x006292b3 M   sll         x5, x5, x6
688 3124 0x00000b90 0x006292b3 M   sll         x5, x5, x6
689 3127 0x00000b94 0x006292b3 M   sll         x5, x5, x6
690 3130 0x00000b98 0x006292b3 M   sll         x5, x5, x6
691 3133 0x00000b9c 0x006292b3 M   sll         x5, x5, x6
692 3145 0x00000ba0 0x006292b3 M   sll         x5, x5, x6
693 3148 0x00000ba4 0x006292b3 M   sll         x5, x5, x6
694 3151 0x00000ba8 0x006292b3 M   sll         x5, x5, x6
695 3154 0x00000bac 0x006292b3 M   sll         x5, x5, x6
696 3157 0x00000bb0 0x006292b3 M   sll         x5, x5, x6
697 3160 0x00000bb4 0x006292b3 M   sll         x5, x5, x6
698 3163 0x00000bb8 0x006292b3 M   sll         x5, x5, x6
699 3166 0x00000bbc 0x006292b3 M   sll         x5, x5, x6
700 3178 0x00000bc0 0x006292b3 M   sll         x5, x5, x6
701 3181 0x00000bc4 0x006292b3 M   sll         x5, x5, x6
702 3184 0x00000bc8 0x006292b3 M   sll         x5, x5, x6
703 3187 0x00000bcc 0x006292b3 M   sll         x5, x5, x6
704 3190 0x00000bd0 0x006292b3 M   sll         x5, x5, x6
705 3193 0x00000bd4 0x006292b3 M   sll         x5, x5, x6
706 3196 0x00000bd8 0x006292b3 M   sll         x5, x5, x6
707 3199 0x00000bdc 0x006292b3 M   sll         x5, x5, x6
708 3211 0x00000be0 0x006292b3 M   sll         x5, x5, x6
709 3214 0x00000be4 0x006292b3 M   sll         x5, x5, x6
710 3217 0x00000be8 0x006292b3 M   sll         x5, x5, x6
711 3220 0x00000bec 0x006292b3 M   sll         x5, x5, x6
712 3223 0x00000bf0 0x006292b3 M   sll         x5, x5, x6
713 3226 0x00000bf4 0x006292b3 M   sll         x5, x5, x6
714 3229 0x00000bf8 0x006292b3 M   sll         x5, x5, x6
715 3232 0x00000bfc 0x006292b3 M   sll         x5, x5, x6
716 3244 0x00000c00 0x006292b3 M   sll         x5, x5, x6
717 3247 0x00000c04 0x006292b3 M   sll         x5, x5, x6
718 3250 0x00000c08 0x006292b3 M   sll         x5, x5, x6
719 3253 0x00000c0c 0x006292b3 M   sll         x5, x5, x6
720 3256 0x00000c10 0x006292b3 M   sll         x5, x5, x6
721 3259 0x00000c14 0x006292b3 M   sll         x5, x5, x6
722 3262 0x00000c18 0x006292b3 M   sll         x5, x5, x6
723 3265 0x00000c1c 0x006292b3 M   sll         x5, x5, x6
724 3277 0x00000c20 0x006292b3 M   sll         x5, x5, x6
725 3280 0x00000c24 0x006292b3 M   sll         x5, x5, x6
726 3283 0x00000c28 0x006292b3 M   sll         x5, x5, x6
727 3286 0x00000c2c 0x006292b3 M   sll         x5, x5, x6
728 3289 0x00000c30 0x006292b3 M   sll         x5, x5, x6
729 3292 0x00000c34 0x006292b3 M   sll         x5, x5, x6
730 3295 0x00000c38 0x006292b3 M   sll         x5, x5, x6
731 3298 0x00000c3c 0x006292b3 M   sll         x5, x5, x6
732 3310 0x00000c40 0x006292b3 M   sll         x5, x5, x6
733 3313 0x00000c44 0x006292b3 M   sll         x5, x5, x6
734 3316 0x00000c48 0x006292b3 M   sll         x5, x5, x6
735 3319 0x00000c4c 0x006292b3 M   sll         x5, x5, x6
736 3322 0x00000c50 0x006292b3 M   sll         x5, x5, x6
737 3325 0x00000c54 0x006292b3 M   sll         x5, x5, x6
738 3328 0x00000c58 0x006292b3 M   sll         x5, x5, x6
739 3331 0x00000c5c 0x006292b3 M   sll         x5, x5, x6
740 3343 0x00000c60 0x006292b3 M   sll         x5, x5, x6
741 3346 0x00000c64 0x006292b3 M   sll         x5, x5, x6
742 3349 0x00000c68 0x006292b3 M   sll         x5, x5, x6
743 3352 0x00000c6c 0x006292b3 M   sll         x5, x5, x6
744 3355 0x00000c70 0x006292b3 M   sll         x5, x5, x6
745 3358 0x00000c74 0x006292b3 M   sll         x5, x5, x6
746 3361 0x00000c78 0x006292b3 M   sll         x5, x5, x6
747 3364 0x00000c7c 0x006292b3 M   sll         x5, x5, x6
748 3376 0x00000c80 0x006292b3 M   sll         x5, x5, x6
749 3379 0x00000c84 0x006292b3 M   sll         x5, x5, x6
750 3382 0x00000c88 0x006292b3 M   sll         x5, x5, x6
751 3385 0x00000c8c 0x006292b3 M   sll         x5, x5, x6
752 3388 0x00000c90 0x006292b3 M   sll         x5, x5, x6
753 3391 0x00000c94 0x006292b3 M   sll         x5, x5, x6
754 3394 0x00000c98 0x006292b3 M   sll         x5, x5, x6
755 3397 0x00000c9c 0x006292b3 M   sll         x5, x5, x6
756 3409 0x00000ca0 0x006292b3 M   sll         x5, x5, x6
757 3412 0x00000ca4 0x006292b3 M   sll         x5, x5, x6
758 3415 0x00000ca8 0x006292b3 M   sll         x5, x5, x6
759 3418 0x00000cac 0x006292b3 M   sll         x5, x5, x6
760 3421 0x00000cb0 0x006292b3 M   sll         x5, x5, x6
761 3424 0x00000cb4 0x006292b3 M   sll         x5, x5, x6
762 3427 0x00000cb8 0x006292b3 M   sll         x5, x5, x6
763 3430 0x00000cbc 0x006292b3 M   sll         x5, x5, x6
764 3442 0x00000cc0 0x006292b3 M   sll         x5, x5, x6
765 3445 0x00000cc4 0x006292b3 M   sll         x5, x5, x6
766 3448 0x00000cc8 0x006292b3 M   sll         x5, x5, x6
767 3451 0x00000ccc 0x006292b3 M   sll         x5, x5, x6
768 3454 0x00000cd0 0x006292b3 M   sll         x5, x5, x6
769 3457 0x00000cd4 0x006292b3 M   sll         x5, x5, x6
770 3460 0x00000cd8 0x006292b3 M   sll         x5, x5, x6
771 3463 0x00000cdc 0x006292b3 M   sll         x5, x5, x6
772 3475 0x00000ce0 0x006292b3 M   sll         x5, x5, x6
773 3478 0x00000ce4 0x006292b3 M   sll         x5, x5, x6
774 3481 0x00000ce8 0x006292b3 M   sll         x5, x5, x6
775 3484 0x00000cec 0x006292b3 M   sll         x5, x5, x6
776 3487 0x00000cf0 0x006292b3 M   sll         x5, x5, x6
777 3490 0x00000cf4 0x006292b3 M   sll         x5, x5, x6
778 3493 0x00000cf8 0x006292b3 M   sll         x5, x5, x6
779 3496 0x00000cfc 0x006292b3 M   sll         x5, x5, x6
780 3508 0x00000d00 0x006292b3 M   sll         x5, x5, x6
781 3511 0x00000d04 0x006292b3 M   sll         x5, x5, x6
782 3514 0x00000d08 0x006292b3 M   sll         x5, x5, x6
783 3517 0x00000d0c 0x006292b3 M   sll         x5, x5, x6
784 3520 0x00000d10 0x006292b3 M   sll         x5, x5, x6
785 3523 0x00000d14 0x006292b3 M   sll         x5, x5, x6
786 3526 0x00000d18 0x006292b3 M   sll         x5, x5, x6
787 3529 0x00000d1c 0x006292b3 M   sll         x5, x5, x6
788 3541 0x00000d20 0x006292b3 M   sll         x5, x5, x6
789 3544 0x00000d24 0x006292b3 M   sll         x5, x5, x6
790 3547 0x00000d28 0x006292b3 M   sll         x5, x5, x6
791 3550 0x00000d2c 0x006292b3 M   sll         x5, x5, x6
792 3553 0x00000d30 0x006292b3 M   sll         x5, x5, x6
793 3556 0x00000d34 0x006292b3 M   sll         x5, x5, x6
794 3559 0x00000d38 0x006292b3 M   sll         x5, x5, x6
795 3562 0x00000d3c 0x006292b3 M   sll         x5, x5, x6
796 3574 0x00000d40 0x006292b3 M   sll         x5, x5, x6
797 3577 0x00000d44 0x006292b3 M   sll         x5, x5, x6
798 3580 0x00000d48 0x006292b3 M   sll         x5, x5, x6
799 3583 0x00000d4c 0x006292b3 M   sll         x5, x5, x6
800 3586 0x00000d50 0x006292b3 M   sll         x5, x5, x6
801 3589 0x00000d54 0x006292b3 M   sll         x5, x5, x6
802 3592 0x00000d58 0x006292b3 M   sll         x5, x5, x6
803 3595 0x00000d5c 0x006292b3 M   sll         x5, x5, x6
804 3607 0x00000d60 0x006292b3 M   sll         x5, x5, x6
805 3610 0x00000d64 0x006292b3 M   sll         x5, x5, x6
806 3613 0x00000d68 0x006292b3 M   sll         x5, x5, x6
807 3616 0x00000d6c 0x006292b3 M   sll         x5, x5, x6
808 3619 0x00000d70 0x006292b3 M   sll         x5, x5, x6
809 3622 0x00000d74 0x006292b3 M   sll         x5, x5, x6
810 3625 0x00000d78 0x006292b3 M   sll         x5, x5, x6
811 3628 0x00000d7c 0x006292b3 M   sll         x5, x5, x6
812 3640 0x00000d80 0x006292b3 M   sll         x5, x5, x6
813 3643 0x00000d84 0x006292b3 M   sll         x5, x5, x6
814 3646 0x00000d88 0x006292b3 M   sll         x5, x5, x6
815 3649 0x00000d8c 0x006292b3 M   sll         x5, x5, x6
816 3652 0x00000d90 0x006292b3 M   sll         x5, x5, x6
817 3655 0x00000d94 0x006292b3 M   sll         x5, x5, x6
818 3658 0x00000d98 0x006292b3 M   sll         x5, x5, x6
819 3661 0x00000d9c 0x006292b3 M   sll         x5, x5, x6
820 3673 0x00000da0 0x006292b3 M   sll         x5, x5, x6
821 3676 0x00000da4 0x006292b3 M   sll         x5, x5, x6
822 3679 0x00000da8 0x006292b3 M   sll         x5, x5, x6
823 3682 0x00000dac 0x006292b3 M   sll         x5, x5, x6
824 3685 0x00000db0 0x006292b3 M   sll         x5, x5, x6
825 3688 0x00000db4 0x006292b3 M   sll         x5, x5, x6
826 3691 0x00000db8 0x006292b3 M   sll         x5, x5, x6
827 3694 0x00000dbc 0x006292b3 M   sll         x5, x5, x6
828 3706 0x00000dc0 0x006292b3 M   sll         x5, x5, x6
829 3709 0x00000dc4 0x006292b3 M   sll         x5, x5, x6
830 3712 0x00000dc8 0x006292b3 M   sll         x5, x5, x6
831 3715 0x00000dcc 0x006292b3 M   sll         x5, x5, x6
832 3718 0x00000dd0 0x006292b3 M   sll         x5, x5, x6
833 3721 0x00000dd4 0x006292b3 M   sll         x5, x5, x6
834 3724 0x00000dd8 0x006292b3 M   sll         x5, x5, x6
835 3727 0x00000ddc 0x006292b3 M   sll         x5, x5, x6
836 3739 0x00000de0 0x006292b3 M   sll         x5, x5, x6
837 3742 0x00000de4 0x006292b3 M   sll         x5, x5, x6
838 3745 0x00000de8 0x006292b3 M   sll         x5, x5, x6
839 3748 0x00000dec 0x006292b3 M   sll         x5, x5, x6
840 3751 0x00000df0 0x006292b3 M   sll         x5, x5, x6
841 3754 0x00000df4 0x006292b3 M   sll         x5, x5, x6
842 3757 0x00000df8 0x006292b3 M   sll         x5, x5, x6
843 3760 0x00000dfc 0x006292b3 M   sll         x5, x5, x6
844 3772 0x00000e00 0x006292b3 M   sll         x5, x5, x6
845 3775 0x00000e04 0x006292b3 M   sll         x5, x5, x6
846 3778 0x00000e08 0x006292b3 M   sll         x5, x5, x6
847 3781 0x00000e0c 0x006292b3 M   sll         x5, x5, x6
848 3784 0x00000e10 0x006292b3 M   sll         x5, x5, x6
849 3787 0x00000e14 0x006292b3 M   sll         x5, x5, x6
850 3790 0x00000e18 0x006292b3 M   sll         x5, x5, x6
851 3793 0x00000e1c 0x006292b3 M   sll         x5, x5, x6
852 3805 0x00000e20 0x006292b3 M   sll         x5, x5, x6
853 3808 0x00000e24 0x006292b3 M   sll         x5, x5, x6
854 3811 0x00000e28 0x006292b3 M   sll         x5, x5, x6
855 3814 0x00000e2c 0x006292b3 M   sll         x5, x5, x6
856 3817 0x00000e30 0x006292b3 M   sll         x5, x5, x6
857 3820 0x00000e34 0x006292b3 M   sll         x5, x5, x6
858 3823 0x00000e38 0x006292b3 M   sll         x5, x5, x6
859 3826 0x00000e3c 0x006292b3 M   sll         x5, x5, x6
860 3838 0x00000e40 0x006292b3 M   sll         x5, x5, x6
861 3841 0x00000e44 0x006292b3 M   sll         x5, x5, x6
862 3844 0x00000e48 0x006292b3 M   sll         x5, x5, x6
863 3847 0x00000e4c 0x006292b3 M   sll         x5, x5, x6
864 3850 0x00000e50 0x006292b3 M   sll         x5, x5, x6
865 3853 0x00000e54 0x006292b3 M   sll         x5, x5, x6
866 3856 0x00000e58 0x006292b3 M   sll         x5, x5, x6
867 3859 0x00000e5c 0x006292b3 M   sll         x5, x5, x6
868 3871 0x00000e60 0x006292b3 M   sll         x5, x5, x6
869 3874 0x00000e64 0x006292b3 M   sll         x5, x5, x6
870 3877 0x00000e68 0x006292b3 M   sll         x5, x5, x6
871 3880 0x00000e6c 0x006292b3 M   sll         x5, x5, x6
872 3883 0x00000e70 0x006292b3 M   sll         x5, x5, x6
873 3886 0x00000e74 0x006292b3 M   sll         x5, x5, x6
874 3889 0x00000e78 0x006292b3 M   sll         x5, x5, x6
875 3892 0x00000e7c 0x006292b3 M   sll         x5, x5, x6
876 3904 0x00000e80 0x006292b3 M   sll         x5, x5, x6
877 3907 0x00000e84 0x006292b3 M   sll         x5, x5, x6
878 3910 0x00000e88 0x006292b3 M   sll         x5, x5, x6
879 3913 0x00000e8c 0x006292b3 M   sll         x5, x5, x6
880 3916 0x00000e90 0x006292b3 M   sll         x5, x5, x6
881 3919 0x00000e94 0x006292b3 M   sll         x5, x5, x6
882 3922 0x00000e98 0x006292b3 M   sll         x5, x5, x6
883 3925 0x00000e9c 0x006292b3 M   sll         x5, x5, x6
884 3937 0x00000ea0 0x006292b3 M   sll         x5, x5, x6
885 3940 0x00000ea4 0x006292b3 M   sll         x5, x5, x6
886 3943 0x00000ea8 0x006292b3 M   sll         x5, x5, x6
887 3946 0x00000eac 0x006292b3 M   sll         x5, x5, x6
888 3949 0x00000eb0 0x006292b3 M   sll         x5, x5, x6
889 3952 0x00000eb4 0x006292b3 M   sll         x5, x5, x6
890 3955 0x00000eb8 0x006292b3 M   sll         x5, x5, x6
891 3958 0x00000ebc 0x006292b3 M   sll         x5, x5, x6
892 3970 0x00000ec0 0x006292b3 M   sll         x5, x5, x6
893 3973 0x00000ec4 0x006292b3 M   sll         x5, x5, x6
894 3976 0x00000ec8 0x006292b3 M   sll         x5, x5, x6
895 3979 0x00000ecc 0x006292b3 M   sll         x5, x5, x6
896 3982 0x00000ed0 0x006292b3 M   sll         x5, x5, x6
897 3985 0x00000ed4 0x006292b3 M   sll         x5, x5, x6
898 3988 0x00000ed8 0x006292b3 M   sll         x5, x5, x6
899 3991 0x00000edc 0x006292b3 M   sll         x5, x5, x6
900 4003 0x00000ee0 0x006292b3 M   sll         x5, x5, x6
901 4006 0x00000ee4 0x006292b3 M   sll         x5, x5, x6
902 4009 0x00000ee8 0x006292b3 M   sll         x5, x5, x6
903 4012 0x00000eec 0x006292b3 M   sll         x5, x5, x6
904 4015 0x00000ef0 0x006292b3 M   sll         x5, x5, x6
905 4018 0x00000ef4 0x006292b3 M   sll         x5, x5, x6
906 4021 0x00000ef8 0x006292b3 M   sll         x5, x5, x6
907 4024 0x00000efc 0x006292b3 M   sll         x5, x5, x6
908 4036 0x00000f00 0x006292b3 M   sll         x5, x5, x6
909 4039 0x00000f04 0x006292b3 M   sll         x5, x5, x6
910 4042 0x00000f08 0x006292b3 M   sll         x5, x5, x6
911 4045 0x00000f0c 0x006292b3 M   sll         x5, x5, x6
912 4048 0x00000f10 0x006292b3 M   sll         x5, x5, x6
913 4051 0x00000f14 0x006292b3 M   sll         x5, x5, x6
914 4054 0x00000f18 0x006292b3 M   sll         x5, x5, x6
915 4057 0x00000f1c 0x006292b3 M   sll         x5, x5, x6
916 4069 0x00000f20 0x006292b3 M   sll         x5, x5, x6
917 4072 0x00000f24 0x006292b3 M   sll         x5, x5, x6
918 4075 0x00000f28 0x006292b3 M   sll         x5, x5, x6
919 4078 0x00000f2c 0x006292b3 M   sll         x5, x5, x6
920 4081 0x00000f30 0x006292b3 M   sll         x5, x5, x6
921 4084 0x00000f34 0x006292b3 M   sll         x5, x5, x6
922 4087 0x00000f38 0x006292b3 M   sll         x5, x5, x6
923 4090 0x00000f3c 0x006292b3 M   sll         x5, x5, x6
924 4102 0x00000f40 0x006292b3 M   sll         x5, x5, x6
925 4105 0x00000f44 0x006292b3 M   sll         x5, x5, x6
926 4108 0x00000f48 0x006292b3 M   sll         x5, x5, x6
927 4111 0x00000f4c 0x006292b3 M   sll         x5, x5, x6
928 4114 0x00000f50 0x006292b3 M   sll         x5, x5, x6
929 4117 0x00000f54 0x006292b3 M   sll         x5, x5, x6
930 4120 0x00000f58 0x006292b3 M   sll         x5, x5, x6
931 4123 0x00000f5c 0x006292b3 M   sll         x5, x5, x6
932 4135 0x00000f60 0x006292b3 M   sll         x5, x5, x6
933 4138 0x00000f64 0x006292b3 M   sll         x5, x5, x6
934 4141 0x00000f68 0x006292b3 M   sll         x5, x5, x6
935 4144 0x00000f6c 0x006292b3 M   sll         x5, x5, x6
936 4147 0x00000f70 0x006292b3 M   sll         x5, x5, x6
937 4150 0x00000f74 0x006292b3 M   sll         x5, x5, x6
938 4153 0x00000f78 0x006292b3 M   sll         x5, x5, x6
939 4156 0x00000f7c 0x006292b3 M   sll         x5, x5, x6
940 4168 0x00000f80 0x006292b3 M   sll         x5, x5, x6
941 4171 0x00000f84 0x006292b3 M   sll         x5, x5, x6
942 4174 0x00000f88 0x006292b3 M   sll         x5, x5, x6
943 4177 0x00000f8c 0x006292b3 M   sll         x5, x5, x6
944 4180 0x00000f90 0x006292b3 M   sll         x5, x5, x6
945 4183 0x00000f94 0x006292b3 M   sll         x5, x5, x6
946 4186 0x00000f98 0x006292b3 M   sll         x5, x5, x6
947 4189 0x00000f9c 0x006292b3 M   sll         x5, x5, x6
948 4201 0x00000fa0 0x006292b3 M   sll         x5, x5, x6
949 4204 0x00000fa4 0x006292b3 M   sll         x5, x5, x6
950 4207 0x00000fa8 0x006292b3 M   sll         x5, x5, x6
951 4210 0x00000fac 0x006292b3 M   sll         x5, x5, x6
952 4213 0x00000fb0 0x006292b3 M   sll         x5, x5, x6
953 4216 0x00000fb4 0x006292b3 M   sll         x5, x5, x6
954 4219 0x00000fb8 0x006292b3 M   sll         x5, x5, x6
955 4222 0x00000fbc 0x006292b3 M   sll         x5, x5, x6
956 4234 0x00000fc0 0x006292b3 M   sll         x5, x5, x6
957 4237 0x00000fc4 0x006292b3 M   sll         x5, x5, x6
958 4240 0x00000fc8 0x006292b3 M   sll         x5, x5, x6
959 4243 0x00000fcc 0x006292b3 M   sll         x5, x5, x6
960 4246 0x00000fd0 0x006292b3 M   sll         x5, x5, x6
961 4249 0x00000fd4 0x006292b3 M   sll         x5, x5, x6
962 4252 0x00000fd8 0x006292b3 M   sll         x5, x5, x6
963 4255 0x00000fdc 0x006292b3 M   sll         x5, x5, x6
964 4267 0x00000fe0 0x006292b3 M   sll         x5, x5, x6
965 4270 0x00000fe4 0x006292b3 M   sll         x5, x5, x6
966 4273 0x00000fe8 0x006292b3 M   sll         x5, x5, x6
967 4276 0x00000fec 0x006292b3 M   sll         x5, x5, x6
968 4279 0x00000ff0 0x006292b3 M   sll         x5, x5, x6
969 4282 0x00000ff4 0x006292b3 M   sll         x5, x5, x6
970 4285 0x00000ff8 0x006292b3 M   sll         x5, x5, x6
971 4288 0x00000ffc 0x006292b3 M   sll         x5, x5, x6
972 4300 0x00001000 0x006292b3 M   sll         x5, x5, x6
973 4303 0x00001004 0x006292b3 M   sll         x5, x5, x6
974 4306 0x00001008 0x006292b3 M   sll         x5, x5, x6
975 4309 0x0000100c 0x006292b3 M   sll         x5, x5, x6
976 4312 0x00001010 0x006292b3 M   sll         x5, x5, x6
977 4315 0x00001014 0x006292b3 M   sll         x5, x5, x6
978 4318 0x00001018 0x006292b3 M   sll         x5, x5, x6
979 4321 0x0000101c 0x006292b3 M   sll         x5, x5, x6
980 4333 0x00001020 0x006292b3 M   sll         x5, x5, x6
981 4336 0x00001024 0x006292b3 M   sll         x5, x5, x6
982 4339 0x00001028 0x006292b3 M   sll         x5, x5, x6
983 4342 0x0000102c 0x006292b3 M   sll         x5, x5, x6
984 4345 0x00001030 0x006292b3 M   sll         x5, x5, x6
985 4348 0x00001034 0x006292b3 M   sll         x5, x5, x6
986 4351 0x00001038 0x006292b3 M   sll         x5, x5, x6
987 4354 0x0000103c 0x006292b3 M   sll         x5, x5, x6
988 4366 0x00001040 0x006292b3 M   sll         x5, x5, x6
989 4369 0x00001044 0x006292b3 M   sll         x5, x5, x6
990 4372 0x00001048 0x006292b3 M   sll         x5, x5, x6
991 4375 0x0000104c 0x006292b3 M   sll         x5, x5, x6
992 4378 0x00001050 0x006292b3 M   sll         x5, x5, x6
993 4381 0x00001054 0x006292b3 M   sll         x5, x5, x6
994 4384 0x00001058 0x006292b3 M   sll         x5, x5, x6
995 4387 0x0000105c 0x006292b3 M   sll         x5, x5, x6
996 4399 0x00001060 0x006292b3 M   sll         x5, x5, x6
997 4402 0x00001064 0x006292b3 M   sll         x5, x5, x6
998 4405 0x00001068 0x006292b3 M   sll         x5, x5, x6
999 4408 0x0000106c 0x006292b3 M   sll         x5, x5, x6
1000 4411 0x00001070 0x006292b3 M   sll         x5, x5, x6
1001 4414 0x00001074 0x006292b3 M   sll         x5, x5, x6
1002 4417 0x00001078 0x006292b3 M   sll         x5, x5, x6
1003 4420 0x0000107c 0x006292b3 M   sll         x5, x5, x6
1004 4432 0x00001080 0x006292b3 M   sll         x5, x5, x6
1005 4435 0x00001084 0x006292b3 M   sll         x5, x5, x6
1006 4438 0x00001088 0x006292b3 M   sll         x5, x5, x6
1007 4441 0x0000108c 0x006292b3 M   sll         x5, x5, x6
1008 4444 0x00001090 0x006292b3 M   sll         x5, x5, x6
1009 4447 0x00001094 0x006292b3 M   sll         x5, x5, x6
1010 4450 0x00001098 0x006292b3 M   sll         x5, x5, x6
1011 4453 0x0000109c 0x006292b3 M   sll         x5, x5, x6
1012 4465 0x000010a0 0x006292b3 M   sll         x5, x5, x6
1013 4468 0x000010a4 0x006292b3 M   sll         x5, x5, x6
1014 4471 0x000010a8 0x006292b3 M   sll         x5, x5, x6
1015 4474 0x000010ac 0x006292b3 M   sll         x5, x5, x6
1016 4477 0x000010b0 0x006292b3 M   sll         x5, x5, x6
1017 4480 0x000010b4 0x006292b3 M   sll         x5, x5, x6
1018 4483 0x000010b8 0x006292b3 M   sll         x5, x5, x6
1019 4486 0x000010bc 0x006292b3 M   sll         x5, x5, x6
1020 4498 0x000010c0 0x006292b3 M   sll         x5, x5, x6
1021 4501 0x000010c4 0x006292b3 M   sll         x5, x5, x6
1022 4504 0x000010c8 0x006292b3 M   sll         x5, x5, x6
1023 4507 0x000010cc 0x006292b3 M   sll         x5, x5, x6
1024 4510 0x000010d0 0x006292b3 M   sll         x5, x5, x6
1025 4513 0x000010d4 0x006292b3 M   sll         x5, x5, x6
1026 4516 0x000010d8 0x006292b3 M   sll         x5, x5, x6
1027 4519 0x000010dc 0x006292b3 M   sll         x5, x5, x6
1028 4531 0x000010e0 0x006292b3 M   sll         x5, x5, x6
1029 4534 0x000010e4 0x006292b3 M   sll         x5, x5, x6
1030 4537 0x000010e8 0x006292b3 M   sll         x5, x5, x6
1031 4540 0x000010ec 0x006292b3 M   sll         x5, x5, x6
1032 4543 0x000010f0 0x006292b3 M   sll         x5, x5, x6
1033 4546 0x000010f4 0x006292b3 M   sll         x5, x5, x6
1034 4549 0x000010f8 0x006292b3 M   sll         x5, x5, x6
1035 4552 0x000010fc 0x006292b3 M   sll         x5, x5, x6
1036 4564 0x00001100 0x006292b3 M   sll         x5, x5, x6
1037 4567 0x00001104 0x006292b3 M   sll         x5, x5, x6
1038 4570 0x00001108 0x006292b3 M   sll         x5, x5, x6
1039 4573 0x0000110c 0x006292b3 M   sll         x5, x5, x6
1040 4576 0x00001110 0x006292b3 M   sll         x5, x5, x6
1041 4579 0x00001114 0x006292b3 M   sll         x5, x5, x6
1042 4582 0x00001118 0x006292b3 M   sll         x5, x5, x6
1043 4585 0x0000111c 0x006292b3 M   sll         x5, x5, x6
1044 4597 0x00001120 0x006292b3 M   sll         x5, x5, x6
1045 4600 0x00001124 0x006292b3 M   sll         x5, x5, x6
1046 4603 0x00001128 0x006292b3 M   sll         x5, x5, x6
1047 4606 0x0000112c 0x006292b3 M   sll         x5, x5, x6
1048 4609 0x00001130 0x006292b3 M   sll         x5, x5, x6
1049 4612 0x00001134 0x006292b3 M   sll         x5, x5, x6
1050 4615 0x00001138 0x006292b3 M   sll         x5, x5, x6
1051 4618 0x0000113c 0x006292b3 M   sll         x5, x5, x6
1052 4630 0x00001140 0x006292b3 M   sll         x5, x5, x6
1053 4633 0x00001144 0x006292b3 M   sll         x5, x5, x6
1054 4636 0x00001148 0x006292b3 M   sll         x5, x5, x6
1055 4639 0x0000114c 0x006292b3 M   sll         x5, x5, x6
1056 4642 0x00001150 0x006292b3 M   sll         x5, x5, x6
1057 4645 0x00001154 0x006292b3 M   sll         x5, x5, x6
1058 4648 0x00001158 0x006292b3 M   sll         x5, x5, x6
1059 4651 0x0000115c 0x006292b3 M   sll         x5, x5, x6
1060 4663 0x00001160 0x006292b3 M   sll         x5, x5, x6
1061 4665 0x00001164 0x00000513 M   addi        x10, x0, 0
1062 4668 0x00001168 0x00008067 M   jalr        x0, 0(x1)
1063 4686 0x0000015c 0x30047073 M   csrrci      x0, mstatus, 8
1064 4700 0x00000160 0x30401073 M   csrrw       x0, mie, x0
1065 4702 0x00000164 0x00000597 M   auipc       x11, 0x00000000
1066 4704 0x00000168 0x05058593 M   addi        x11, x11, 80
1067 4707 0x0000016c 0x30559073 M   csrrw       x0, mtvec, x11
1068 4710 0x00000170 0x34051073 M   csrrw       x0, mscratch, x10
1069 4713 0x00000174 0xf1402473 M   csrrs       x8, mhartid, x0
1070 4716 0x00000178 0x02041463 M   bne         x8, x0, 40
1071 4718 0x0000017c 0x00001417 M   auipc       x8, 0x00001000
1072 4730 0x00000180 0xff040413 M   addi        x8, x8, -16
1073 4732 0x00000184 0x00001497 M   auipc       x9, 0x00001000
1074 4734 0x00000188 0xfe848493 M   addi        x9, x9, -24
1075 4737 0x0000018c 0x00945a63 M   bge         x8, x9, 20
1076 4756 0x000001a0 0xf1402473 M   csrrs       x8, mhartid, x0
1077 4759 0x000001a4 0x00041463 M   bne         x8, x0, 8
1078 4762 0x000001a8 0x00100073 M   ebreak      
1079 4771 0x000001b4 0x10500073 M   wfi          <TRAP_ENTRY>
