0 30 0x00000000 0xf14020f3 M   csrrs       x1, mhartid, x0
1 32 0x00000004 0x80002217 M   auipc       x4, 0x80002000
2 34 0x00000008 0xffc20213 M   addi        x4, x4, -4
3 36 0x0000000c 0xff027113 M   andi        x2, x4, -16
4 38 0x00000010 0x80000197 M   auipc       x3, 0x80000000
5 40 0x00000014 0x7f018193 M   addi        x3, x3, 2032
6 42 0x00000018 0x000022b7 M   lui         x5, 0x00002000
7 44 0x0000001c 0x80028293 M   addi        x5, x5, -2048
8 58 0x00000020 0x30029073 M   csrrw       x0, mstatus, x5
9 60 0x00000024 0x00000317 M   auipc       x6, 0x00000000
10 62 0x00000028 0x19430313 M   addi        x6, x6, 404
11 65 0x0000002c 0x30531073 M   csrrw       x0, mtvec, x6
12 68 0x00000030 0x30401073 M   csrrw       x0, mie, x0
13 70 0x00000034 0x00000397 M   auipc       x7, 0x00000000
14 72 0x00000038 0x1ac38393 M   addi        x7, x7, 428
15 74 0x0000003c 0x80000417 M   auipc       x8, 0x80000000
16 87 0x00000040 0xfc440413 M   addi        x8, x8, -60
17 89 0x00000044 0x80000497 M   auipc       x9, 0x80000000
18 91 0x00000048 0xfbc48493 M   addi        x9, x9, -68
19 93 0x0000004c 0x80000517 M   auipc       x10, 0x80000000
20 95 0x00000050 0xfb450513 M   addi        x10, x10, -76
21 97 0x00000054 0x80000597 M   auipc       x11, 0x80000000
22 99 0x00000058 0xfac58593 M   addi        x11, x11, -84
23 101 0x0000005c 0x00000613 M   addi        x12, x0, 0
24 115 0x00000060 0x00000693 M   addi        x13, x0, 0
25 117 0x00000064 0x00000713 M   addi        x14, x0, 0
26 119 0x00000068 0x00000793 M   addi        x15, x0, 0
27 121 0x0000006c 0x00000813 M   addi        x16, x0, 0
28 123 0x00000070 0x00000893 M   addi        x17, x0, 0
29 125 0x00000074 0x00000913 M   addi        x18, x0, 0
30 127 0x00000078 0x00000993 M   addi        x19, x0, 0
31 129 0x0000007c 0x00000a13 M   addi        x20, x0, 0
32 143 0x00000080 0x00000a93 M   addi        x21, x0, 0
33 145 0x00000084 0x00000b13 M   addi        x22, x0, 0
34 147 0x00000088 0x00000b93 M   addi        x23, x0, 0
35 149 0x0000008c 0x00000c13 M   addi        x24, x0, 0
36 151 0x00000090 0x00000c93 M   addi        x25, x0, 0
37 153 0x00000094 0x00000d13 M   addi        x26, x0, 0
38 155 0x00000098 0x00000d93 M   addi        x27, x0, 0
39 157 0x0000009c 0x00000e13 M   addi        x28, x0, 0
40 171 0x000000a0 0x00000e93 M   addi        x29, x0, 0
41 173 0x000000a4 0x00000f13 M   addi        x30, x0, 0
42 175 0x000000a8 0x00000f93 M   addi        x31, x0, 0
43 178 0x000000ac 0x04008463 M   beq         x1, x0, 72
44 200 0x000000f4 0x00838e63 M   beq         x7, x8, 28
45 203 0x000000f8 0x00945c63 M   bge         x8, x9, 24
46 221 0x00000110 0x00b55863 M   bge         x10, x11, 16
47 239 0x00000120 0x00000417 M   auipc       x8, 0x00000000
48 241 0x00000124 0x0c040413 M   addi        x8, x8, 192
49 243 0x00000128 0x00000497 M   auipc       x9, 0x00000000
50 245 0x0000012c 0x0b848493 M   addi        x9, x9, 184
51 248 0x00000130 0x00945a63 M   bge         x8, x9, 20
52 266 0x00000144 0x00000617 M   auipc       x12, 0x00000000
53 268 0x00000148 0x07c60613 M   addi        x12, x12, 124
54 271 0x0000014c 0x0ff0000f M   fence       
55 278 0x00000150 0x0000100f M   fence.i     
56 489 0x00000154 0x00000513 M   addi        x10, x0, 0
57 491 0x00000158 0x00000593 M   addi        x11, x0, 0
58 494 0x0000015c 0x000600e7 M   jalr        x1, 0(x12)
59 522 0x000001c0 0x00000293 M   addi        x5, x0, 0
60 524 0x000001c4 0xfff00313 M   addi        x6, x0, -1
61 527 0x000001c8 0xc0002473 M   csrrs       x8, cycle, x0
62 531 0x000001cc 0x026283b3 M   mul         x7, x5, x6
63 534 0x000001d0 0xc00024f3 M   csrrs       x9, cycle, x0
64 536 0x000001d4 0x40848933 M   sub         x18, x9, x8
65 538 0x000001d8 0x00000513 M   addi        x10, x0, 0
66 541 0x000001dc 0x00008067 M   jalr        x0, 0(x1)
67 557 0x00000160 0x30047073 M   csrrci      x0, mstatus, 8
68 560 0x00000164 0x30401073 M   csrrw       x0, mie, x0
69 562 0x00000168 0x00000597 M   auipc       x11, 0x00000000
70 564 0x0000016c 0x05058593 M   addi        x11, x11, 80
71 567 0x00000170 0x30559073 M   csrrw       x0, mtvec, x11
72 570 0x00000174 0x34051073 M   csrrw       x0, mscratch, x10
73 573 0x00000178 0xf1402473 M   csrrs       x8, mhartid, x0
74 576 0x0000017c 0x02041463 M   bne         x8, x0, 40
75 587 0x00000180 0x00000417 M   auipc       x8, 0x00000000
76 589 0x00000184 0x06040413 M   addi        x8, x8, 96
77 591 0x00000188 0x00000497 M   auipc       x9, 0x00000000
78 593 0x0000018c 0x05848493 M   addi        x9, x9, 88
79 596 0x00000190 0x00945a63 M   bge         x8, x9, 20
80 615 0x000001a4 0xf1402473 M   csrrs       x8, mhartid, x0
81 618 0x000001a8 0x00041463 M   bne         x8, x0, 8
82 621 0x000001ac 0x00100073 M   ebreak      
83 630 0x000001b8 0x10500073 M   wfi          <TRAP_ENTRY>
