0 30 0x00000000 0xf14020f3 M   csrrs       x1, mhartid, x0
1 32 0x00000004 0x80002217 M   auipc       x4, 0x80002000
2 34 0x00000008 0xffc20213 M   addi        x4, x4, -4
3 36 0x0000000c 0xff027113 M   andi        x2, x4, -16
4 38 0x00000010 0x80000197 M   auipc       x3, 0x80000000
5 40 0x00000014 0x7f018193 M   addi        x3, x3, 2032
6 42 0x00000018 0x000022b7 M   lui         x5, 0x00002000
7 44 0x0000001c 0x80028293 M   addi        x5, x5, -2048
8 58 0x00000020 0x30029073 M   csrrw       x0, mstatus, x5
9 60 0x00000024 0x00000317 M   auipc       x6, 0x00000000
10 62 0x00000028 0x19430313 M   addi        x6, x6, 404
11 65 0x0000002c 0x30531073 M   csrrw       x0, mtvec, x6
12 68 0x00000030 0x30401073 M   csrrw       x0, mie, x0
13 70 0x00000034 0x00001397 M   auipc       x7, 0x00001000
14 72 0x00000038 0x14838393 M   addi        x7, x7, 328
15 74 0x0000003c 0x80000417 M   auipc       x8, 0x80000000
16 87 0x00000040 0xfc440413 M   addi        x8, x8, -60
17 89 0x00000044 0x80000497 M   auipc       x9, 0x80000000
18 91 0x00000048 0xfd448493 M   addi        x9, x9, -44
19 93 0x0000004c 0x80000517 M   auipc       x10, 0x80000000
20 95 0x00000050 0xfcc50513 M   addi        x10, x10, -52
21 97 0x00000054 0x80000597 M   auipc       x11, 0x80000000
22 99 0x00000058 0xfc458593 M   addi        x11, x11, -60
23 101 0x0000005c 0x00000613 M   addi        x12, x0, 0
24 115 0x00000060 0x00000693 M   addi        x13, x0, 0
25 117 0x00000064 0x00000713 M   addi        x14, x0, 0
26 119 0x00000068 0x00000793 M   addi        x15, x0, 0
27 121 0x0000006c 0x00000813 M   addi        x16, x0, 0
28 123 0x00000070 0x00000893 M   addi        x17, x0, 0
29 125 0x00000074 0x00000913 M   addi        x18, x0, 0
30 127 0x00000078 0x00000993 M   addi        x19, x0, 0
31 129 0x0000007c 0x00000a13 M   addi        x20, x0, 0
32 143 0x00000080 0x00000a93 M   addi        x21, x0, 0
33 145 0x00000084 0x00000b13 M   addi        x22, x0, 0
34 147 0x00000088 0x00000b93 M   addi        x23, x0, 0
35 149 0x0000008c 0x00000c13 M   addi        x24, x0, 0
36 151 0x00000090 0x00000c93 M   addi        x25, x0, 0
37 153 0x00000094 0x00000d13 M   addi        x26, x0, 0
38 155 0x00000098 0x00000d93 M   addi        x27, x0, 0
39 157 0x0000009c 0x00000e13 M   addi        x28, x0, 0
40 171 0x000000a0 0x00000e93 M   addi        x29, x0, 0
41 173 0x000000a4 0x00000f13 M   addi        x30, x0, 0
42 175 0x000000a8 0x00000f93 M   addi        x31, x0, 0
43 178 0x000000ac 0x04008463 M   beq         x1, x0, 72
44 200 0x000000f4 0x00838e63 M   beq         x7, x8, 28
45 203 0x000000f8 0x00945c63 M   bge         x8, x9, 24
46 226 0x000000fc 0x0003a783 M   lw          x15, 0(x7)
47 245 0x00000100 0x00f42023 M   sw          x15, 0(x8)
48 247 0x00000104 0x00438393 M   addi        x7, x7, 4
49 249 0x00000108 0x00440413 M   addi        x8, x8, 4
50 252 0x0000010c 0xfe9448e3 M   blt         x8, x9, -16
51 272 0x000000fc 0x0003a783 M   lw          x15, 0(x7)
52 277 0x00000100 0x00f42023 M   sw          x15, 0(x8)
53 279 0x00000104 0x00438393 M   addi        x7, x7, 4
54 281 0x00000108 0x00440413 M   addi        x8, x8, 4
55 284 0x0000010c 0xfe9448e3 M   blt         x8, x9, -16
56 292 0x000000fc 0x0003a783 M   lw          x15, 0(x7)
57 297 0x00000100 0x00f42023 M   sw          x15, 0(x8)
58 299 0x00000104 0x00438393 M   addi        x7, x7, 4
59 301 0x00000108 0x00440413 M   addi        x8, x8, 4
60 304 0x0000010c 0xfe9448e3 M   blt         x8, x9, -16
61 312 0x000000fc 0x0003a783 M   lw          x15, 0(x7)
62 317 0x00000100 0x00f42023 M   sw          x15, 0(x8)
63 319 0x00000104 0x00438393 M   addi        x7, x7, 4
64 321 0x00000108 0x00440413 M   addi        x8, x8, 4
65 324 0x0000010c 0xfe9448e3 M   blt         x8, x9, -16
66 332 0x000000fc 0x0003a783 M   lw          x15, 0(x7)
67 337 0x00000100 0x00f42023 M   sw          x15, 0(x8)
68 339 0x00000104 0x00438393 M   addi        x7, x7, 4
69 341 0x00000108 0x00440413 M   addi        x8, x8, 4
70 344 0x0000010c 0xfe9448e3 M   blt         x8, x9, -16
71 352 0x000000fc 0x0003a783 M   lw          x15, 0(x7)
72 357 0x00000100 0x00f42023 M   sw          x15, 0(x8)
73 359 0x00000104 0x00438393 M   addi        x7, x7, 4
74 361 0x00000108 0x00440413 M   addi        x8, x8, 4
75 364 0x0000010c 0xfe9448e3 M   blt         x8, x9, -16
76 367 0x00000110 0x00b55863 M   bge         x10, x11, 16
77 384 0x00000120 0x00001417 M   auipc       x8, 0x00001000
78 386 0x00000124 0x05c40413 M   addi        x8, x8, 92
79 388 0x00000128 0x00001497 M   auipc       x9, 0x00001000
80 390 0x0000012c 0x05448493 M   addi        x9, x9, 84
81 393 0x00000130 0x00945a63 M   bge         x8, x9, 20
82 411 0x00000144 0x00000617 M   auipc       x12, 0x00000000
83 413 0x00000148 0x07c60613 M   addi        x12, x12, 124
84 416 0x0000014c 0x0ff0000f M   fence       
85 423 0x00000150 0x0000100f M   fence.i     
86 634 0x00000154 0x00000513 M   addi        x10, x0, 0
87 636 0x00000158 0x00000593 M   addi        x11, x0, 0
88 639 0x0000015c 0x000600e7 M   jalr        x1, 0(x12)
89 667 0x000001c0 0x80000297 M   auipc       x5, 0x80000000
90 669 0x000001c4 0xe4028293 M   addi        x5, x5, -448
91 671 0x000001c8 0xdeadc337 M   lui         x6, 0xdeadc000
92 673 0x000001cc 0xeef30313 M   addi        x6, x6, -273
93 676 0x000001d0 0xc0002473 M   csrrs       x8, cycle, x0
94 695 0x000001d4 0x00029383 M   lh          x7, 0(x5)
95 700 0x000001d8 0x00029383 M   lh          x7, 0(x5)
96 705 0x000001dc 0x00029383 M   lh          x7, 0(x5)
97 715 0x000001e0 0x00029383 M   lh          x7, 0(x5)
98 720 0x000001e4 0x00029383 M   lh          x7, 0(x5)
99 725 0x000001e8 0x00029383 M   lh          x7, 0(x5)
100 730 0x000001ec 0x00029383 M   lh          x7, 0(x5)
101 735 0x000001f0 0x00029383 M   lh          x7, 0(x5)
102 740 0x000001f4 0x00029383 M   lh          x7, 0(x5)
103 745 0x000001f8 0x00029383 M   lh          x7, 0(x5)
104 750 0x000001fc 0x00029383 M   lh          x7, 0(x5)
105 760 0x00000200 0x00029383 M   lh          x7, 0(x5)
106 765 0x00000204 0x00029383 M   lh          x7, 0(x5)
107 770 0x00000208 0x00029383 M   lh          x7, 0(x5)
108 775 0x0000020c 0x00029383 M   lh          x7, 0(x5)
109 780 0x00000210 0x00029383 M   lh          x7, 0(x5)
110 785 0x00000214 0x00029383 M   lh          x7, 0(x5)
111 790 0x00000218 0x00029383 M   lh          x7, 0(x5)
112 795 0x0000021c 0x00029383 M   lh          x7, 0(x5)
113 805 0x00000220 0x00029383 M   lh          x7, 0(x5)
114 810 0x00000224 0x00029383 M   lh          x7, 0(x5)
115 815 0x00000228 0x00029383 M   lh          x7, 0(x5)
116 820 0x0000022c 0x00029383 M   lh          x7, 0(x5)
117 825 0x00000230 0x00029383 M   lh          x7, 0(x5)
118 830 0x00000234 0x00029383 M   lh          x7, 0(x5)
119 835 0x00000238 0x00029383 M   lh          x7, 0(x5)
120 840 0x0000023c 0x00029383 M   lh          x7, 0(x5)
121 850 0x00000240 0x00029383 M   lh          x7, 0(x5)
122 855 0x00000244 0x00029383 M   lh          x7, 0(x5)
123 860 0x00000248 0x00029383 M   lh          x7, 0(x5)
124 865 0x0000024c 0x00029383 M   lh          x7, 0(x5)
125 870 0x00000250 0x00029383 M   lh          x7, 0(x5)
126 875 0x00000254 0x00029383 M   lh          x7, 0(x5)
127 880 0x00000258 0x00029383 M   lh          x7, 0(x5)
128 885 0x0000025c 0x00029383 M   lh          x7, 0(x5)
129 895 0x00000260 0x00029383 M   lh          x7, 0(x5)
130 900 0x00000264 0x00029383 M   lh          x7, 0(x5)
131 905 0x00000268 0x00029383 M   lh          x7, 0(x5)
132 910 0x0000026c 0x00029383 M   lh          x7, 0(x5)
133 915 0x00000270 0x00029383 M   lh          x7, 0(x5)
134 920 0x00000274 0x00029383 M   lh          x7, 0(x5)
135 925 0x00000278 0x00029383 M   lh          x7, 0(x5)
136 930 0x0000027c 0x00029383 M   lh          x7, 0(x5)
137 940 0x00000280 0x00029383 M   lh          x7, 0(x5)
138 945 0x00000284 0x00029383 M   lh          x7, 0(x5)
139 950 0x00000288 0x00029383 M   lh          x7, 0(x5)
140 955 0x0000028c 0x00029383 M   lh          x7, 0(x5)
141 960 0x00000290 0x00029383 M   lh          x7, 0(x5)
142 965 0x00000294 0x00029383 M   lh          x7, 0(x5)
143 970 0x00000298 0x00029383 M   lh          x7, 0(x5)
144 975 0x0000029c 0x00029383 M   lh          x7, 0(x5)
145 985 0x000002a0 0x00029383 M   lh          x7, 0(x5)
146 990 0x000002a4 0x00029383 M   lh          x7, 0(x5)
147 995 0x000002a8 0x00029383 M   lh          x7, 0(x5)
148 1000 0x000002ac 0x00029383 M   lh          x7, 0(x5)
149 1005 0x000002b0 0x00029383 M   lh          x7, 0(x5)
150 1010 0x000002b4 0x00029383 M   lh          x7, 0(x5)
151 1015 0x000002b8 0x00029383 M   lh          x7, 0(x5)
152 1020 0x000002bc 0x00029383 M   lh          x7, 0(x5)
153 1030 0x000002c0 0x00029383 M   lh          x7, 0(x5)
154 1035 0x000002c4 0x00029383 M   lh          x7, 0(x5)
155 1040 0x000002c8 0x00029383 M   lh          x7, 0(x5)
156 1045 0x000002cc 0x00029383 M   lh          x7, 0(x5)
157 1050 0x000002d0 0x00029383 M   lh          x7, 0(x5)
158 1055 0x000002d4 0x00029383 M   lh          x7, 0(x5)
159 1060 0x000002d8 0x00029383 M   lh          x7, 0(x5)
160 1065 0x000002dc 0x00029383 M   lh          x7, 0(x5)
161 1075 0x000002e0 0x00029383 M   lh          x7, 0(x5)
162 1080 0x000002e4 0x00029383 M   lh          x7, 0(x5)
163 1085 0x000002e8 0x00029383 M   lh          x7, 0(x5)
164 1090 0x000002ec 0x00029383 M   lh          x7, 0(x5)
165 1095 0x000002f0 0x00029383 M   lh          x7, 0(x5)
166 1100 0x000002f4 0x00029383 M   lh          x7, 0(x5)
167 1105 0x000002f8 0x00029383 M   lh          x7, 0(x5)
168 1110 0x000002fc 0x00029383 M   lh          x7, 0(x5)
169 1120 0x00000300 0x00029383 M   lh          x7, 0(x5)
170 1125 0x00000304 0x00029383 M   lh          x7, 0(x5)
171 1130 0x00000308 0x00029383 M   lh          x7, 0(x5)
172 1135 0x0000030c 0x00029383 M   lh          x7, 0(x5)
173 1140 0x00000310 0x00029383 M   lh          x7, 0(x5)
174 1145 0x00000314 0x00029383 M   lh          x7, 0(x5)
175 1150 0x00000318 0x00029383 M   lh          x7, 0(x5)
176 1155 0x0000031c 0x00029383 M   lh          x7, 0(x5)
177 1165 0x00000320 0x00029383 M   lh          x7, 0(x5)
178 1170 0x00000324 0x00029383 M   lh          x7, 0(x5)
179 1175 0x00000328 0x00029383 M   lh          x7, 0(x5)
180 1180 0x0000032c 0x00029383 M   lh          x7, 0(x5)
181 1185 0x00000330 0x00029383 M   lh          x7, 0(x5)
182 1190 0x00000334 0x00029383 M   lh          x7, 0(x5)
183 1195 0x00000338 0x00029383 M   lh          x7, 0(x5)
184 1200 0x0000033c 0x00029383 M   lh          x7, 0(x5)
185 1210 0x00000340 0x00029383 M   lh          x7, 0(x5)
186 1215 0x00000344 0x00029383 M   lh          x7, 0(x5)
187 1220 0x00000348 0x00029383 M   lh          x7, 0(x5)
188 1225 0x0000034c 0x00029383 M   lh          x7, 0(x5)
189 1230 0x00000350 0x00029383 M   lh          x7, 0(x5)
190 1235 0x00000354 0x00029383 M   lh          x7, 0(x5)
191 1240 0x00000358 0x00029383 M   lh          x7, 0(x5)
192 1245 0x0000035c 0x00029383 M   lh          x7, 0(x5)
193 1255 0x00000360 0x00029383 M   lh          x7, 0(x5)
194 1260 0x00000364 0x00029383 M   lh          x7, 0(x5)
195 1265 0x00000368 0x00029383 M   lh          x7, 0(x5)
196 1270 0x0000036c 0x00029383 M   lh          x7, 0(x5)
197 1275 0x00000370 0x00029383 M   lh          x7, 0(x5)
198 1280 0x00000374 0x00029383 M   lh          x7, 0(x5)
199 1285 0x00000378 0x00029383 M   lh          x7, 0(x5)
200 1290 0x0000037c 0x00029383 M   lh          x7, 0(x5)
201 1300 0x00000380 0x00029383 M   lh          x7, 0(x5)
202 1305 0x00000384 0x00029383 M   lh          x7, 0(x5)
203 1310 0x00000388 0x00029383 M   lh          x7, 0(x5)
204 1315 0x0000038c 0x00029383 M   lh          x7, 0(x5)
205 1320 0x00000390 0x00029383 M   lh          x7, 0(x5)
206 1325 0x00000394 0x00029383 M   lh          x7, 0(x5)
207 1330 0x00000398 0x00029383 M   lh          x7, 0(x5)
208 1335 0x0000039c 0x00029383 M   lh          x7, 0(x5)
209 1345 0x000003a0 0x00029383 M   lh          x7, 0(x5)
210 1350 0x000003a4 0x00029383 M   lh          x7, 0(x5)
211 1355 0x000003a8 0x00029383 M   lh          x7, 0(x5)
212 1360 0x000003ac 0x00029383 M   lh          x7, 0(x5)
213 1365 0x000003b0 0x00029383 M   lh          x7, 0(x5)
214 1370 0x000003b4 0x00029383 M   lh          x7, 0(x5)
215 1375 0x000003b8 0x00029383 M   lh          x7, 0(x5)
216 1380 0x000003bc 0x00029383 M   lh          x7, 0(x5)
217 1390 0x000003c0 0x00029383 M   lh          x7, 0(x5)
218 1395 0x000003c4 0x00029383 M   lh          x7, 0(x5)
219 1400 0x000003c8 0x00029383 M   lh          x7, 0(x5)
220 1405 0x000003cc 0x00029383 M   lh          x7, 0(x5)
221 1410 0x000003d0 0x00029383 M   lh          x7, 0(x5)
222 1415 0x000003d4 0x00029383 M   lh          x7, 0(x5)
223 1420 0x000003d8 0x00029383 M   lh          x7, 0(x5)
224 1425 0x000003dc 0x00029383 M   lh          x7, 0(x5)
225 1435 0x000003e0 0x00029383 M   lh          x7, 0(x5)
226 1440 0x000003e4 0x00029383 M   lh          x7, 0(x5)
227 1445 0x000003e8 0x00029383 M   lh          x7, 0(x5)
228 1450 0x000003ec 0x00029383 M   lh          x7, 0(x5)
229 1455 0x000003f0 0x00029383 M   lh          x7, 0(x5)
230 1460 0x000003f4 0x00029383 M   lh          x7, 0(x5)
231 1465 0x000003f8 0x00029383 M   lh          x7, 0(x5)
232 1470 0x000003fc 0x00029383 M   lh          x7, 0(x5)
233 1480 0x00000400 0x00029383 M   lh          x7, 0(x5)
234 1485 0x00000404 0x00029383 M   lh          x7, 0(x5)
235 1490 0x00000408 0x00029383 M   lh          x7, 0(x5)
236 1495 0x0000040c 0x00029383 M   lh          x7, 0(x5)
237 1500 0x00000410 0x00029383 M   lh          x7, 0(x5)
238 1505 0x00000414 0x00029383 M   lh          x7, 0(x5)
239 1510 0x00000418 0x00029383 M   lh          x7, 0(x5)
240 1515 0x0000041c 0x00029383 M   lh          x7, 0(x5)
241 1525 0x00000420 0x00029383 M   lh          x7, 0(x5)
242 1530 0x00000424 0x00029383 M   lh          x7, 0(x5)
243 1535 0x00000428 0x00029383 M   lh          x7, 0(x5)
244 1540 0x0000042c 0x00029383 M   lh          x7, 0(x5)
245 1545 0x00000430 0x00029383 M   lh          x7, 0(x5)
246 1550 0x00000434 0x00029383 M   lh          x7, 0(x5)
247 1555 0x00000438 0x00029383 M   lh          x7, 0(x5)
248 1560 0x0000043c 0x00029383 M   lh          x7, 0(x5)
249 1570 0x00000440 0x00029383 M   lh          x7, 0(x5)
250 1575 0x00000444 0x00029383 M   lh          x7, 0(x5)
251 1580 0x00000448 0x00029383 M   lh          x7, 0(x5)
252 1585 0x0000044c 0x00029383 M   lh          x7, 0(x5)
253 1590 0x00000450 0x00029383 M   lh          x7, 0(x5)
254 1595 0x00000454 0x00029383 M   lh          x7, 0(x5)
255 1600 0x00000458 0x00029383 M   lh          x7, 0(x5)
256 1605 0x0000045c 0x00029383 M   lh          x7, 0(x5)
257 1615 0x00000460 0x00029383 M   lh          x7, 0(x5)
258 1620 0x00000464 0x00029383 M   lh          x7, 0(x5)
259 1625 0x00000468 0x00029383 M   lh          x7, 0(x5)
260 1630 0x0000046c 0x00029383 M   lh          x7, 0(x5)
261 1635 0x00000470 0x00029383 M   lh          x7, 0(x5)
262 1640 0x00000474 0x00029383 M   lh          x7, 0(x5)
263 1645 0x00000478 0x00029383 M   lh          x7, 0(x5)
264 1650 0x0000047c 0x00029383 M   lh          x7, 0(x5)
265 1660 0x00000480 0x00029383 M   lh          x7, 0(x5)
266 1665 0x00000484 0x00029383 M   lh          x7, 0(x5)
267 1670 0x00000488 0x00029383 M   lh          x7, 0(x5)
268 1675 0x0000048c 0x00029383 M   lh          x7, 0(x5)
269 1680 0x00000490 0x00029383 M   lh          x7, 0(x5)
270 1685 0x00000494 0x00029383 M   lh          x7, 0(x5)
271 1690 0x00000498 0x00029383 M   lh          x7, 0(x5)
272 1695 0x0000049c 0x00029383 M   lh          x7, 0(x5)
273 1705 0x000004a0 0x00029383 M   lh          x7, 0(x5)
274 1710 0x000004a4 0x00029383 M   lh          x7, 0(x5)
275 1715 0x000004a8 0x00029383 M   lh          x7, 0(x5)
276 1720 0x000004ac 0x00029383 M   lh          x7, 0(x5)
277 1725 0x000004b0 0x00029383 M   lh          x7, 0(x5)
278 1730 0x000004b4 0x00029383 M   lh          x7, 0(x5)
279 1735 0x000004b8 0x00029383 M   lh          x7, 0(x5)
280 1740 0x000004bc 0x00029383 M   lh          x7, 0(x5)
281 1750 0x000004c0 0x00029383 M   lh          x7, 0(x5)
282 1755 0x000004c4 0x00029383 M   lh          x7, 0(x5)
283 1760 0x000004c8 0x00029383 M   lh          x7, 0(x5)
284 1765 0x000004cc 0x00029383 M   lh          x7, 0(x5)
285 1770 0x000004d0 0x00029383 M   lh          x7, 0(x5)
286 1775 0x000004d4 0x00029383 M   lh          x7, 0(x5)
287 1780 0x000004d8 0x00029383 M   lh          x7, 0(x5)
288 1785 0x000004dc 0x00029383 M   lh          x7, 0(x5)
289 1795 0x000004e0 0x00029383 M   lh          x7, 0(x5)
290 1800 0x000004e4 0x00029383 M   lh          x7, 0(x5)
291 1805 0x000004e8 0x00029383 M   lh          x7, 0(x5)
292 1810 0x000004ec 0x00029383 M   lh          x7, 0(x5)
293 1815 0x000004f0 0x00029383 M   lh          x7, 0(x5)
294 1820 0x000004f4 0x00029383 M   lh          x7, 0(x5)
295 1825 0x000004f8 0x00029383 M   lh          x7, 0(x5)
296 1830 0x000004fc 0x00029383 M   lh          x7, 0(x5)
297 1840 0x00000500 0x00029383 M   lh          x7, 0(x5)
298 1845 0x00000504 0x00029383 M   lh          x7, 0(x5)
299 1850 0x00000508 0x00029383 M   lh          x7, 0(x5)
300 1855 0x0000050c 0x00029383 M   lh          x7, 0(x5)
301 1860 0x00000510 0x00029383 M   lh          x7, 0(x5)
302 1865 0x00000514 0x00029383 M   lh          x7, 0(x5)
303 1870 0x00000518 0x00029383 M   lh          x7, 0(x5)
304 1875 0x0000051c 0x00029383 M   lh          x7, 0(x5)
305 1885 0x00000520 0x00029383 M   lh          x7, 0(x5)
306 1890 0x00000524 0x00029383 M   lh          x7, 0(x5)
307 1895 0x00000528 0x00029383 M   lh          x7, 0(x5)
308 1900 0x0000052c 0x00029383 M   lh          x7, 0(x5)
309 1905 0x00000530 0x00029383 M   lh          x7, 0(x5)
310 1910 0x00000534 0x00029383 M   lh          x7, 0(x5)
311 1915 0x00000538 0x00029383 M   lh          x7, 0(x5)
312 1920 0x0000053c 0x00029383 M   lh          x7, 0(x5)
313 1930 0x00000540 0x00029383 M   lh          x7, 0(x5)
314 1935 0x00000544 0x00029383 M   lh          x7, 0(x5)
315 1940 0x00000548 0x00029383 M   lh          x7, 0(x5)
316 1945 0x0000054c 0x00029383 M   lh          x7, 0(x5)
317 1950 0x00000550 0x00029383 M   lh          x7, 0(x5)
318 1955 0x00000554 0x00029383 M   lh          x7, 0(x5)
319 1960 0x00000558 0x00029383 M   lh          x7, 0(x5)
320 1965 0x0000055c 0x00029383 M   lh          x7, 0(x5)
321 1975 0x00000560 0x00029383 M   lh          x7, 0(x5)
322 1980 0x00000564 0x00029383 M   lh          x7, 0(x5)
323 1985 0x00000568 0x00029383 M   lh          x7, 0(x5)
324 1990 0x0000056c 0x00029383 M   lh          x7, 0(x5)
325 1995 0x00000570 0x00029383 M   lh          x7, 0(x5)
326 2000 0x00000574 0x00029383 M   lh          x7, 0(x5)
327 2005 0x00000578 0x00029383 M   lh          x7, 0(x5)
328 2010 0x0000057c 0x00029383 M   lh          x7, 0(x5)
329 2020 0x00000580 0x00029383 M   lh          x7, 0(x5)
330 2025 0x00000584 0x00029383 M   lh          x7, 0(x5)
331 2030 0x00000588 0x00029383 M   lh          x7, 0(x5)
332 2035 0x0000058c 0x00029383 M   lh          x7, 0(x5)
333 2040 0x00000590 0x00029383 M   lh          x7, 0(x5)
334 2045 0x00000594 0x00029383 M   lh          x7, 0(x5)
335 2050 0x00000598 0x00029383 M   lh          x7, 0(x5)
336 2055 0x0000059c 0x00029383 M   lh          x7, 0(x5)
337 2065 0x000005a0 0x00029383 M   lh          x7, 0(x5)
338 2070 0x000005a4 0x00029383 M   lh          x7, 0(x5)
339 2075 0x000005a8 0x00029383 M   lh          x7, 0(x5)
340 2080 0x000005ac 0x00029383 M   lh          x7, 0(x5)
341 2085 0x000005b0 0x00029383 M   lh          x7, 0(x5)
342 2090 0x000005b4 0x00029383 M   lh          x7, 0(x5)
343 2095 0x000005b8 0x00029383 M   lh          x7, 0(x5)
344 2100 0x000005bc 0x00029383 M   lh          x7, 0(x5)
345 2110 0x000005c0 0x00029383 M   lh          x7, 0(x5)
346 2115 0x000005c4 0x00029383 M   lh          x7, 0(x5)
347 2120 0x000005c8 0x00029383 M   lh          x7, 0(x5)
348 2125 0x000005cc 0x00029383 M   lh          x7, 0(x5)
349 2130 0x000005d0 0x00029383 M   lh          x7, 0(x5)
350 2135 0x000005d4 0x00029383 M   lh          x7, 0(x5)
351 2140 0x000005d8 0x00029383 M   lh          x7, 0(x5)
352 2145 0x000005dc 0x00029383 M   lh          x7, 0(x5)
353 2155 0x000005e0 0x00029383 M   lh          x7, 0(x5)
354 2160 0x000005e4 0x00029383 M   lh          x7, 0(x5)
355 2165 0x000005e8 0x00029383 M   lh          x7, 0(x5)
356 2170 0x000005ec 0x00029383 M   lh          x7, 0(x5)
357 2175 0x000005f0 0x00029383 M   lh          x7, 0(x5)
358 2180 0x000005f4 0x00029383 M   lh          x7, 0(x5)
359 2185 0x000005f8 0x00029383 M   lh          x7, 0(x5)
360 2190 0x000005fc 0x00029383 M   lh          x7, 0(x5)
361 2200 0x00000600 0x00029383 M   lh          x7, 0(x5)
362 2205 0x00000604 0x00029383 M   lh          x7, 0(x5)
363 2210 0x00000608 0x00029383 M   lh          x7, 0(x5)
364 2215 0x0000060c 0x00029383 M   lh          x7, 0(x5)
365 2220 0x00000610 0x00029383 M   lh          x7, 0(x5)
366 2225 0x00000614 0x00029383 M   lh          x7, 0(x5)
367 2230 0x00000618 0x00029383 M   lh          x7, 0(x5)
368 2235 0x0000061c 0x00029383 M   lh          x7, 0(x5)
369 2245 0x00000620 0x00029383 M   lh          x7, 0(x5)
370 2250 0x00000624 0x00029383 M   lh          x7, 0(x5)
371 2255 0x00000628 0x00029383 M   lh          x7, 0(x5)
372 2260 0x0000062c 0x00029383 M   lh          x7, 0(x5)
373 2265 0x00000630 0x00029383 M   lh          x7, 0(x5)
374 2270 0x00000634 0x00029383 M   lh          x7, 0(x5)
375 2275 0x00000638 0x00029383 M   lh          x7, 0(x5)
376 2280 0x0000063c 0x00029383 M   lh          x7, 0(x5)
377 2290 0x00000640 0x00029383 M   lh          x7, 0(x5)
378 2295 0x00000644 0x00029383 M   lh          x7, 0(x5)
379 2300 0x00000648 0x00029383 M   lh          x7, 0(x5)
380 2305 0x0000064c 0x00029383 M   lh          x7, 0(x5)
381 2310 0x00000650 0x00029383 M   lh          x7, 0(x5)
382 2315 0x00000654 0x00029383 M   lh          x7, 0(x5)
383 2320 0x00000658 0x00029383 M   lh          x7, 0(x5)
384 2325 0x0000065c 0x00029383 M   lh          x7, 0(x5)
385 2335 0x00000660 0x00029383 M   lh          x7, 0(x5)
386 2340 0x00000664 0x00029383 M   lh          x7, 0(x5)
387 2345 0x00000668 0x00029383 M   lh          x7, 0(x5)
388 2350 0x0000066c 0x00029383 M   lh          x7, 0(x5)
389 2355 0x00000670 0x00029383 M   lh          x7, 0(x5)
390 2360 0x00000674 0x00029383 M   lh          x7, 0(x5)
391 2365 0x00000678 0x00029383 M   lh          x7, 0(x5)
392 2370 0x0000067c 0x00029383 M   lh          x7, 0(x5)
393 2380 0x00000680 0x00029383 M   lh          x7, 0(x5)
394 2385 0x00000684 0x00029383 M   lh          x7, 0(x5)
395 2390 0x00000688 0x00029383 M   lh          x7, 0(x5)
396 2395 0x0000068c 0x00029383 M   lh          x7, 0(x5)
397 2400 0x00000690 0x00029383 M   lh          x7, 0(x5)
398 2405 0x00000694 0x00029383 M   lh          x7, 0(x5)
399 2410 0x00000698 0x00029383 M   lh          x7, 0(x5)
400 2415 0x0000069c 0x00029383 M   lh          x7, 0(x5)
401 2425 0x000006a0 0x00029383 M   lh          x7, 0(x5)
402 2430 0x000006a4 0x00029383 M   lh          x7, 0(x5)
403 2435 0x000006a8 0x00029383 M   lh          x7, 0(x5)
404 2440 0x000006ac 0x00029383 M   lh          x7, 0(x5)
405 2445 0x000006b0 0x00029383 M   lh          x7, 0(x5)
406 2450 0x000006b4 0x00029383 M   lh          x7, 0(x5)
407 2455 0x000006b8 0x00029383 M   lh          x7, 0(x5)
408 2460 0x000006bc 0x00029383 M   lh          x7, 0(x5)
409 2470 0x000006c0 0x00029383 M   lh          x7, 0(x5)
410 2475 0x000006c4 0x00029383 M   lh          x7, 0(x5)
411 2480 0x000006c8 0x00029383 M   lh          x7, 0(x5)
412 2485 0x000006cc 0x00029383 M   lh          x7, 0(x5)
413 2490 0x000006d0 0x00029383 M   lh          x7, 0(x5)
414 2495 0x000006d4 0x00029383 M   lh          x7, 0(x5)
415 2500 0x000006d8 0x00029383 M   lh          x7, 0(x5)
416 2505 0x000006dc 0x00029383 M   lh          x7, 0(x5)
417 2515 0x000006e0 0x00029383 M   lh          x7, 0(x5)
418 2520 0x000006e4 0x00029383 M   lh          x7, 0(x5)
419 2525 0x000006e8 0x00029383 M   lh          x7, 0(x5)
420 2530 0x000006ec 0x00029383 M   lh          x7, 0(x5)
421 2535 0x000006f0 0x00029383 M   lh          x7, 0(x5)
422 2540 0x000006f4 0x00029383 M   lh          x7, 0(x5)
423 2545 0x000006f8 0x00029383 M   lh          x7, 0(x5)
424 2550 0x000006fc 0x00029383 M   lh          x7, 0(x5)
425 2560 0x00000700 0x00029383 M   lh          x7, 0(x5)
426 2565 0x00000704 0x00029383 M   lh          x7, 0(x5)
427 2570 0x00000708 0x00029383 M   lh          x7, 0(x5)
428 2575 0x0000070c 0x00029383 M   lh          x7, 0(x5)
429 2580 0x00000710 0x00029383 M   lh          x7, 0(x5)
430 2585 0x00000714 0x00029383 M   lh          x7, 0(x5)
431 2590 0x00000718 0x00029383 M   lh          x7, 0(x5)
432 2595 0x0000071c 0x00029383 M   lh          x7, 0(x5)
433 2605 0x00000720 0x00029383 M   lh          x7, 0(x5)
434 2610 0x00000724 0x00029383 M   lh          x7, 0(x5)
435 2615 0x00000728 0x00029383 M   lh          x7, 0(x5)
436 2620 0x0000072c 0x00029383 M   lh          x7, 0(x5)
437 2625 0x00000730 0x00029383 M   lh          x7, 0(x5)
438 2630 0x00000734 0x00029383 M   lh          x7, 0(x5)
439 2635 0x00000738 0x00029383 M   lh          x7, 0(x5)
440 2640 0x0000073c 0x00029383 M   lh          x7, 0(x5)
441 2650 0x00000740 0x00029383 M   lh          x7, 0(x5)
442 2655 0x00000744 0x00029383 M   lh          x7, 0(x5)
443 2660 0x00000748 0x00029383 M   lh          x7, 0(x5)
444 2665 0x0000074c 0x00029383 M   lh          x7, 0(x5)
445 2670 0x00000750 0x00029383 M   lh          x7, 0(x5)
446 2675 0x00000754 0x00029383 M   lh          x7, 0(x5)
447 2680 0x00000758 0x00029383 M   lh          x7, 0(x5)
448 2685 0x0000075c 0x00029383 M   lh          x7, 0(x5)
449 2695 0x00000760 0x00029383 M   lh          x7, 0(x5)
450 2700 0x00000764 0x00029383 M   lh          x7, 0(x5)
451 2705 0x00000768 0x00029383 M   lh          x7, 0(x5)
452 2710 0x0000076c 0x00029383 M   lh          x7, 0(x5)
453 2715 0x00000770 0x00029383 M   lh          x7, 0(x5)
454 2720 0x00000774 0x00029383 M   lh          x7, 0(x5)
455 2725 0x00000778 0x00029383 M   lh          x7, 0(x5)
456 2730 0x0000077c 0x00029383 M   lh          x7, 0(x5)
457 2740 0x00000780 0x00029383 M   lh          x7, 0(x5)
458 2745 0x00000784 0x00029383 M   lh          x7, 0(x5)
459 2750 0x00000788 0x00029383 M   lh          x7, 0(x5)
460 2755 0x0000078c 0x00029383 M   lh          x7, 0(x5)
461 2760 0x00000790 0x00029383 M   lh          x7, 0(x5)
462 2765 0x00000794 0x00029383 M   lh          x7, 0(x5)
463 2770 0x00000798 0x00029383 M   lh          x7, 0(x5)
464 2775 0x0000079c 0x00029383 M   lh          x7, 0(x5)
465 2785 0x000007a0 0x00029383 M   lh          x7, 0(x5)
466 2790 0x000007a4 0x00029383 M   lh          x7, 0(x5)
467 2795 0x000007a8 0x00029383 M   lh          x7, 0(x5)
468 2800 0x000007ac 0x00029383 M   lh          x7, 0(x5)
469 2805 0x000007b0 0x00029383 M   lh          x7, 0(x5)
470 2810 0x000007b4 0x00029383 M   lh          x7, 0(x5)
471 2815 0x000007b8 0x00029383 M   lh          x7, 0(x5)
472 2820 0x000007bc 0x00029383 M   lh          x7, 0(x5)
473 2830 0x000007c0 0x00029383 M   lh          x7, 0(x5)
474 2835 0x000007c4 0x00029383 M   lh          x7, 0(x5)
475 2840 0x000007c8 0x00029383 M   lh          x7, 0(x5)
476 2845 0x000007cc 0x00029383 M   lh          x7, 0(x5)
477 2850 0x000007d0 0x00029383 M   lh          x7, 0(x5)
478 2855 0x000007d4 0x00029383 M   lh          x7, 0(x5)
479 2860 0x000007d8 0x00029383 M   lh          x7, 0(x5)
480 2865 0x000007dc 0x00029383 M   lh          x7, 0(x5)
481 2875 0x000007e0 0x00029383 M   lh          x7, 0(x5)
482 2880 0x000007e4 0x00029383 M   lh          x7, 0(x5)
483 2885 0x000007e8 0x00029383 M   lh          x7, 0(x5)
484 2890 0x000007ec 0x00029383 M   lh          x7, 0(x5)
485 2895 0x000007f0 0x00029383 M   lh          x7, 0(x5)
486 2900 0x000007f4 0x00029383 M   lh          x7, 0(x5)
487 2905 0x000007f8 0x00029383 M   lh          x7, 0(x5)
488 2910 0x000007fc 0x00029383 M   lh          x7, 0(x5)
489 2920 0x00000800 0x00029383 M   lh          x7, 0(x5)
490 2925 0x00000804 0x00029383 M   lh          x7, 0(x5)
491 2930 0x00000808 0x00029383 M   lh          x7, 0(x5)
492 2935 0x0000080c 0x00029383 M   lh          x7, 0(x5)
493 2940 0x00000810 0x00029383 M   lh          x7, 0(x5)
494 2945 0x00000814 0x00029383 M   lh          x7, 0(x5)
495 2950 0x00000818 0x00029383 M   lh          x7, 0(x5)
496 2955 0x0000081c 0x00029383 M   lh          x7, 0(x5)
497 2965 0x00000820 0x00029383 M   lh          x7, 0(x5)
498 2970 0x00000824 0x00029383 M   lh          x7, 0(x5)
499 2975 0x00000828 0x00029383 M   lh          x7, 0(x5)
500 2980 0x0000082c 0x00029383 M   lh          x7, 0(x5)
501 2985 0x00000830 0x00029383 M   lh          x7, 0(x5)
502 2990 0x00000834 0x00029383 M   lh          x7, 0(x5)
503 2995 0x00000838 0x00029383 M   lh          x7, 0(x5)
504 3000 0x0000083c 0x00029383 M   lh          x7, 0(x5)
505 3010 0x00000840 0x00029383 M   lh          x7, 0(x5)
506 3015 0x00000844 0x00029383 M   lh          x7, 0(x5)
507 3020 0x00000848 0x00029383 M   lh          x7, 0(x5)
508 3025 0x0000084c 0x00029383 M   lh          x7, 0(x5)
509 3030 0x00000850 0x00029383 M   lh          x7, 0(x5)
510 3035 0x00000854 0x00029383 M   lh          x7, 0(x5)
511 3040 0x00000858 0x00029383 M   lh          x7, 0(x5)
512 3045 0x0000085c 0x00029383 M   lh          x7, 0(x5)
513 3055 0x00000860 0x00029383 M   lh          x7, 0(x5)
514 3060 0x00000864 0x00029383 M   lh          x7, 0(x5)
515 3065 0x00000868 0x00029383 M   lh          x7, 0(x5)
516 3070 0x0000086c 0x00029383 M   lh          x7, 0(x5)
517 3075 0x00000870 0x00029383 M   lh          x7, 0(x5)
518 3080 0x00000874 0x00029383 M   lh          x7, 0(x5)
519 3085 0x00000878 0x00029383 M   lh          x7, 0(x5)
520 3090 0x0000087c 0x00029383 M   lh          x7, 0(x5)
521 3100 0x00000880 0x00029383 M   lh          x7, 0(x5)
522 3105 0x00000884 0x00029383 M   lh          x7, 0(x5)
523 3110 0x00000888 0x00029383 M   lh          x7, 0(x5)
524 3115 0x0000088c 0x00029383 M   lh          x7, 0(x5)
525 3120 0x00000890 0x00029383 M   lh          x7, 0(x5)
526 3125 0x00000894 0x00029383 M   lh          x7, 0(x5)
527 3130 0x00000898 0x00029383 M   lh          x7, 0(x5)
528 3135 0x0000089c 0x00029383 M   lh          x7, 0(x5)
529 3145 0x000008a0 0x00029383 M   lh          x7, 0(x5)
530 3150 0x000008a4 0x00029383 M   lh          x7, 0(x5)
531 3155 0x000008a8 0x00029383 M   lh          x7, 0(x5)
532 3160 0x000008ac 0x00029383 M   lh          x7, 0(x5)
533 3165 0x000008b0 0x00029383 M   lh          x7, 0(x5)
534 3170 0x000008b4 0x00029383 M   lh          x7, 0(x5)
535 3175 0x000008b8 0x00029383 M   lh          x7, 0(x5)
536 3180 0x000008bc 0x00029383 M   lh          x7, 0(x5)
537 3190 0x000008c0 0x00029383 M   lh          x7, 0(x5)
538 3195 0x000008c4 0x00029383 M   lh          x7, 0(x5)
539 3200 0x000008c8 0x00029383 M   lh          x7, 0(x5)
540 3205 0x000008cc 0x00029383 M   lh          x7, 0(x5)
541 3210 0x000008d0 0x00029383 M   lh          x7, 0(x5)
542 3215 0x000008d4 0x00029383 M   lh          x7, 0(x5)
543 3220 0x000008d8 0x00029383 M   lh          x7, 0(x5)
544 3225 0x000008dc 0x00029383 M   lh          x7, 0(x5)
545 3235 0x000008e0 0x00029383 M   lh          x7, 0(x5)
546 3240 0x000008e4 0x00029383 M   lh          x7, 0(x5)
547 3245 0x000008e8 0x00029383 M   lh          x7, 0(x5)
548 3250 0x000008ec 0x00029383 M   lh          x7, 0(x5)
549 3255 0x000008f0 0x00029383 M   lh          x7, 0(x5)
550 3260 0x000008f4 0x00029383 M   lh          x7, 0(x5)
551 3265 0x000008f8 0x00029383 M   lh          x7, 0(x5)
552 3270 0x000008fc 0x00029383 M   lh          x7, 0(x5)
553 3280 0x00000900 0x00029383 M   lh          x7, 0(x5)
554 3285 0x00000904 0x00029383 M   lh          x7, 0(x5)
555 3290 0x00000908 0x00029383 M   lh          x7, 0(x5)
556 3295 0x0000090c 0x00029383 M   lh          x7, 0(x5)
557 3300 0x00000910 0x00029383 M   lh          x7, 0(x5)
558 3305 0x00000914 0x00029383 M   lh          x7, 0(x5)
559 3310 0x00000918 0x00029383 M   lh          x7, 0(x5)
560 3315 0x0000091c 0x00029383 M   lh          x7, 0(x5)
561 3325 0x00000920 0x00029383 M   lh          x7, 0(x5)
562 3330 0x00000924 0x00029383 M   lh          x7, 0(x5)
563 3335 0x00000928 0x00029383 M   lh          x7, 0(x5)
564 3340 0x0000092c 0x00029383 M   lh          x7, 0(x5)
565 3345 0x00000930 0x00029383 M   lh          x7, 0(x5)
566 3350 0x00000934 0x00029383 M   lh          x7, 0(x5)
567 3355 0x00000938 0x00029383 M   lh          x7, 0(x5)
568 3360 0x0000093c 0x00029383 M   lh          x7, 0(x5)
569 3370 0x00000940 0x00029383 M   lh          x7, 0(x5)
570 3375 0x00000944 0x00029383 M   lh          x7, 0(x5)
571 3380 0x00000948 0x00029383 M   lh          x7, 0(x5)
572 3385 0x0000094c 0x00029383 M   lh          x7, 0(x5)
573 3390 0x00000950 0x00029383 M   lh          x7, 0(x5)
574 3395 0x00000954 0x00029383 M   lh          x7, 0(x5)
575 3400 0x00000958 0x00029383 M   lh          x7, 0(x5)
576 3405 0x0000095c 0x00029383 M   lh          x7, 0(x5)
577 3415 0x00000960 0x00029383 M   lh          x7, 0(x5)
578 3420 0x00000964 0x00029383 M   lh          x7, 0(x5)
579 3425 0x00000968 0x00029383 M   lh          x7, 0(x5)
580 3430 0x0000096c 0x00029383 M   lh          x7, 0(x5)
581 3435 0x00000970 0x00029383 M   lh          x7, 0(x5)
582 3440 0x00000974 0x00029383 M   lh          x7, 0(x5)
583 3445 0x00000978 0x00029383 M   lh          x7, 0(x5)
584 3450 0x0000097c 0x00029383 M   lh          x7, 0(x5)
585 3460 0x00000980 0x00029383 M   lh          x7, 0(x5)
586 3465 0x00000984 0x00029383 M   lh          x7, 0(x5)
587 3470 0x00000988 0x00029383 M   lh          x7, 0(x5)
588 3475 0x0000098c 0x00029383 M   lh          x7, 0(x5)
589 3480 0x00000990 0x00029383 M   lh          x7, 0(x5)
590 3485 0x00000994 0x00029383 M   lh          x7, 0(x5)
591 3490 0x00000998 0x00029383 M   lh          x7, 0(x5)
592 3495 0x0000099c 0x00029383 M   lh          x7, 0(x5)
593 3505 0x000009a0 0x00029383 M   lh          x7, 0(x5)
594 3510 0x000009a4 0x00029383 M   lh          x7, 0(x5)
595 3515 0x000009a8 0x00029383 M   lh          x7, 0(x5)
596 3520 0x000009ac 0x00029383 M   lh          x7, 0(x5)
597 3525 0x000009b0 0x00029383 M   lh          x7, 0(x5)
598 3530 0x000009b4 0x00029383 M   lh          x7, 0(x5)
599 3535 0x000009b8 0x00029383 M   lh          x7, 0(x5)
600 3540 0x000009bc 0x00029383 M   lh          x7, 0(x5)
601 3550 0x000009c0 0x00029383 M   lh          x7, 0(x5)
602 3555 0x000009c4 0x00029383 M   lh          x7, 0(x5)
603 3560 0x000009c8 0x00029383 M   lh          x7, 0(x5)
604 3565 0x000009cc 0x00029383 M   lh          x7, 0(x5)
605 3570 0x000009d0 0x00029383 M   lh          x7, 0(x5)
606 3575 0x000009d4 0x00029383 M   lh          x7, 0(x5)
607 3580 0x000009d8 0x00029383 M   lh          x7, 0(x5)
608 3585 0x000009dc 0x00029383 M   lh          x7, 0(x5)
609 3595 0x000009e0 0x00029383 M   lh          x7, 0(x5)
610 3600 0x000009e4 0x00029383 M   lh          x7, 0(x5)
611 3605 0x000009e8 0x00029383 M   lh          x7, 0(x5)
612 3610 0x000009ec 0x00029383 M   lh          x7, 0(x5)
613 3615 0x000009f0 0x00029383 M   lh          x7, 0(x5)
614 3620 0x000009f4 0x00029383 M   lh          x7, 0(x5)
615 3625 0x000009f8 0x00029383 M   lh          x7, 0(x5)
616 3630 0x000009fc 0x00029383 M   lh          x7, 0(x5)
617 3640 0x00000a00 0x00029383 M   lh          x7, 0(x5)
618 3645 0x00000a04 0x00029383 M   lh          x7, 0(x5)
619 3650 0x00000a08 0x00029383 M   lh          x7, 0(x5)
620 3655 0x00000a0c 0x00029383 M   lh          x7, 0(x5)
621 3660 0x00000a10 0x00029383 M   lh          x7, 0(x5)
622 3665 0x00000a14 0x00029383 M   lh          x7, 0(x5)
623 3670 0x00000a18 0x00029383 M   lh          x7, 0(x5)
624 3675 0x00000a1c 0x00029383 M   lh          x7, 0(x5)
625 3685 0x00000a20 0x00029383 M   lh          x7, 0(x5)
626 3690 0x00000a24 0x00029383 M   lh          x7, 0(x5)
627 3695 0x00000a28 0x00029383 M   lh          x7, 0(x5)
628 3700 0x00000a2c 0x00029383 M   lh          x7, 0(x5)
629 3705 0x00000a30 0x00029383 M   lh          x7, 0(x5)
630 3710 0x00000a34 0x00029383 M   lh          x7, 0(x5)
631 3715 0x00000a38 0x00029383 M   lh          x7, 0(x5)
632 3720 0x00000a3c 0x00029383 M   lh          x7, 0(x5)
633 3730 0x00000a40 0x00029383 M   lh          x7, 0(x5)
634 3735 0x00000a44 0x00029383 M   lh          x7, 0(x5)
635 3740 0x00000a48 0x00029383 M   lh          x7, 0(x5)
636 3745 0x00000a4c 0x00029383 M   lh          x7, 0(x5)
637 3750 0x00000a50 0x00029383 M   lh          x7, 0(x5)
638 3755 0x00000a54 0x00029383 M   lh          x7, 0(x5)
639 3760 0x00000a58 0x00029383 M   lh          x7, 0(x5)
640 3765 0x00000a5c 0x00029383 M   lh          x7, 0(x5)
641 3775 0x00000a60 0x00029383 M   lh          x7, 0(x5)
642 3780 0x00000a64 0x00029383 M   lh          x7, 0(x5)
643 3785 0x00000a68 0x00029383 M   lh          x7, 0(x5)
644 3790 0x00000a6c 0x00029383 M   lh          x7, 0(x5)
645 3795 0x00000a70 0x00029383 M   lh          x7, 0(x5)
646 3800 0x00000a74 0x00029383 M   lh          x7, 0(x5)
647 3805 0x00000a78 0x00029383 M   lh          x7, 0(x5)
648 3810 0x00000a7c 0x00029383 M   lh          x7, 0(x5)
649 3820 0x00000a80 0x00029383 M   lh          x7, 0(x5)
650 3825 0x00000a84 0x00029383 M   lh          x7, 0(x5)
651 3830 0x00000a88 0x00029383 M   lh          x7, 0(x5)
652 3835 0x00000a8c 0x00029383 M   lh          x7, 0(x5)
653 3840 0x00000a90 0x00029383 M   lh          x7, 0(x5)
654 3845 0x00000a94 0x00029383 M   lh          x7, 0(x5)
655 3850 0x00000a98 0x00029383 M   lh          x7, 0(x5)
656 3855 0x00000a9c 0x00029383 M   lh          x7, 0(x5)
657 3865 0x00000aa0 0x00029383 M   lh          x7, 0(x5)
658 3870 0x00000aa4 0x00029383 M   lh          x7, 0(x5)
659 3875 0x00000aa8 0x00029383 M   lh          x7, 0(x5)
660 3880 0x00000aac 0x00029383 M   lh          x7, 0(x5)
661 3885 0x00000ab0 0x00029383 M   lh          x7, 0(x5)
662 3890 0x00000ab4 0x00029383 M   lh          x7, 0(x5)
663 3895 0x00000ab8 0x00029383 M   lh          x7, 0(x5)
664 3900 0x00000abc 0x00029383 M   lh          x7, 0(x5)
665 3910 0x00000ac0 0x00029383 M   lh          x7, 0(x5)
666 3915 0x00000ac4 0x00029383 M   lh          x7, 0(x5)
667 3920 0x00000ac8 0x00029383 M   lh          x7, 0(x5)
668 3925 0x00000acc 0x00029383 M   lh          x7, 0(x5)
669 3930 0x00000ad0 0x00029383 M   lh          x7, 0(x5)
670 3935 0x00000ad4 0x00029383 M   lh          x7, 0(x5)
671 3940 0x00000ad8 0x00029383 M   lh          x7, 0(x5)
672 3945 0x00000adc 0x00029383 M   lh          x7, 0(x5)
673 3955 0x00000ae0 0x00029383 M   lh          x7, 0(x5)
674 3960 0x00000ae4 0x00029383 M   lh          x7, 0(x5)
675 3965 0x00000ae8 0x00029383 M   lh          x7, 0(x5)
676 3970 0x00000aec 0x00029383 M   lh          x7, 0(x5)
677 3975 0x00000af0 0x00029383 M   lh          x7, 0(x5)
678 3980 0x00000af4 0x00029383 M   lh          x7, 0(x5)
679 3985 0x00000af8 0x00029383 M   lh          x7, 0(x5)
680 3990 0x00000afc 0x00029383 M   lh          x7, 0(x5)
681 4000 0x00000b00 0x00029383 M   lh          x7, 0(x5)
682 4005 0x00000b04 0x00029383 M   lh          x7, 0(x5)
683 4010 0x00000b08 0x00029383 M   lh          x7, 0(x5)
684 4015 0x00000b0c 0x00029383 M   lh          x7, 0(x5)
685 4020 0x00000b10 0x00029383 M   lh          x7, 0(x5)
686 4025 0x00000b14 0x00029383 M   lh          x7, 0(x5)
687 4030 0x00000b18 0x00029383 M   lh          x7, 0(x5)
688 4035 0x00000b1c 0x00029383 M   lh          x7, 0(x5)
689 4045 0x00000b20 0x00029383 M   lh          x7, 0(x5)
690 4050 0x00000b24 0x00029383 M   lh          x7, 0(x5)
691 4055 0x00000b28 0x00029383 M   lh          x7, 0(x5)
692 4060 0x00000b2c 0x00029383 M   lh          x7, 0(x5)
693 4065 0x00000b30 0x00029383 M   lh          x7, 0(x5)
694 4070 0x00000b34 0x00029383 M   lh          x7, 0(x5)
695 4075 0x00000b38 0x00029383 M   lh          x7, 0(x5)
696 4080 0x00000b3c 0x00029383 M   lh          x7, 0(x5)
697 4090 0x00000b40 0x00029383 M   lh          x7, 0(x5)
698 4095 0x00000b44 0x00029383 M   lh          x7, 0(x5)
699 4100 0x00000b48 0x00029383 M   lh          x7, 0(x5)
700 4105 0x00000b4c 0x00029383 M   lh          x7, 0(x5)
701 4110 0x00000b50 0x00029383 M   lh          x7, 0(x5)
702 4115 0x00000b54 0x00029383 M   lh          x7, 0(x5)
703 4120 0x00000b58 0x00029383 M   lh          x7, 0(x5)
704 4125 0x00000b5c 0x00029383 M   lh          x7, 0(x5)
705 4135 0x00000b60 0x00029383 M   lh          x7, 0(x5)
706 4140 0x00000b64 0x00029383 M   lh          x7, 0(x5)
707 4145 0x00000b68 0x00029383 M   lh          x7, 0(x5)
708 4150 0x00000b6c 0x00029383 M   lh          x7, 0(x5)
709 4155 0x00000b70 0x00029383 M   lh          x7, 0(x5)
710 4160 0x00000b74 0x00029383 M   lh          x7, 0(x5)
711 4165 0x00000b78 0x00029383 M   lh          x7, 0(x5)
712 4170 0x00000b7c 0x00029383 M   lh          x7, 0(x5)
713 4180 0x00000b80 0x00029383 M   lh          x7, 0(x5)
714 4185 0x00000b84 0x00029383 M   lh          x7, 0(x5)
715 4190 0x00000b88 0x00029383 M   lh          x7, 0(x5)
716 4195 0x00000b8c 0x00029383 M   lh          x7, 0(x5)
717 4200 0x00000b90 0x00029383 M   lh          x7, 0(x5)
718 4205 0x00000b94 0x00029383 M   lh          x7, 0(x5)
719 4210 0x00000b98 0x00029383 M   lh          x7, 0(x5)
720 4215 0x00000b9c 0x00029383 M   lh          x7, 0(x5)
721 4225 0x00000ba0 0x00029383 M   lh          x7, 0(x5)
722 4230 0x00000ba4 0x00029383 M   lh          x7, 0(x5)
723 4235 0x00000ba8 0x00029383 M   lh          x7, 0(x5)
724 4240 0x00000bac 0x00029383 M   lh          x7, 0(x5)
725 4245 0x00000bb0 0x00029383 M   lh          x7, 0(x5)
726 4250 0x00000bb4 0x00029383 M   lh          x7, 0(x5)
727 4255 0x00000bb8 0x00029383 M   lh          x7, 0(x5)
728 4260 0x00000bbc 0x00029383 M   lh          x7, 0(x5)
729 4270 0x00000bc0 0x00029383 M   lh          x7, 0(x5)
730 4275 0x00000bc4 0x00029383 M   lh          x7, 0(x5)
731 4280 0x00000bc8 0x00029383 M   lh          x7, 0(x5)
732 4285 0x00000bcc 0x00029383 M   lh          x7, 0(x5)
733 4290 0x00000bd0 0x00029383 M   lh          x7, 0(x5)
734 4295 0x00000bd4 0x00029383 M   lh          x7, 0(x5)
735 4300 0x00000bd8 0x00029383 M   lh          x7, 0(x5)
736 4305 0x00000bdc 0x00029383 M   lh          x7, 0(x5)
737 4315 0x00000be0 0x00029383 M   lh          x7, 0(x5)
738 4320 0x00000be4 0x00029383 M   lh          x7, 0(x5)
739 4325 0x00000be8 0x00029383 M   lh          x7, 0(x5)
740 4330 0x00000bec 0x00029383 M   lh          x7, 0(x5)
741 4335 0x00000bf0 0x00029383 M   lh          x7, 0(x5)
742 4340 0x00000bf4 0x00029383 M   lh          x7, 0(x5)
743 4345 0x00000bf8 0x00029383 M   lh          x7, 0(x5)
744 4350 0x00000bfc 0x00029383 M   lh          x7, 0(x5)
745 4360 0x00000c00 0x00029383 M   lh          x7, 0(x5)
746 4365 0x00000c04 0x00029383 M   lh          x7, 0(x5)
747 4370 0x00000c08 0x00029383 M   lh          x7, 0(x5)
748 4375 0x00000c0c 0x00029383 M   lh          x7, 0(x5)
749 4380 0x00000c10 0x00029383 M   lh          x7, 0(x5)
750 4385 0x00000c14 0x00029383 M   lh          x7, 0(x5)
751 4390 0x00000c18 0x00029383 M   lh          x7, 0(x5)
752 4395 0x00000c1c 0x00029383 M   lh          x7, 0(x5)
753 4405 0x00000c20 0x00029383 M   lh          x7, 0(x5)
754 4410 0x00000c24 0x00029383 M   lh          x7, 0(x5)
755 4415 0x00000c28 0x00029383 M   lh          x7, 0(x5)
756 4420 0x00000c2c 0x00029383 M   lh          x7, 0(x5)
757 4425 0x00000c30 0x00029383 M   lh          x7, 0(x5)
758 4430 0x00000c34 0x00029383 M   lh          x7, 0(x5)
759 4435 0x00000c38 0x00029383 M   lh          x7, 0(x5)
760 4440 0x00000c3c 0x00029383 M   lh          x7, 0(x5)
761 4450 0x00000c40 0x00029383 M   lh          x7, 0(x5)
762 4455 0x00000c44 0x00029383 M   lh          x7, 0(x5)
763 4460 0x00000c48 0x00029383 M   lh          x7, 0(x5)
764 4465 0x00000c4c 0x00029383 M   lh          x7, 0(x5)
765 4470 0x00000c50 0x00029383 M   lh          x7, 0(x5)
766 4475 0x00000c54 0x00029383 M   lh          x7, 0(x5)
767 4480 0x00000c58 0x00029383 M   lh          x7, 0(x5)
768 4485 0x00000c5c 0x00029383 M   lh          x7, 0(x5)
769 4495 0x00000c60 0x00029383 M   lh          x7, 0(x5)
770 4500 0x00000c64 0x00029383 M   lh          x7, 0(x5)
771 4505 0x00000c68 0x00029383 M   lh          x7, 0(x5)
772 4510 0x00000c6c 0x00029383 M   lh          x7, 0(x5)
773 4515 0x00000c70 0x00029383 M   lh          x7, 0(x5)
774 4520 0x00000c74 0x00029383 M   lh          x7, 0(x5)
775 4525 0x00000c78 0x00029383 M   lh          x7, 0(x5)
776 4530 0x00000c7c 0x00029383 M   lh          x7, 0(x5)
777 4540 0x00000c80 0x00029383 M   lh          x7, 0(x5)
778 4545 0x00000c84 0x00029383 M   lh          x7, 0(x5)
779 4550 0x00000c88 0x00029383 M   lh          x7, 0(x5)
780 4555 0x00000c8c 0x00029383 M   lh          x7, 0(x5)
781 4560 0x00000c90 0x00029383 M   lh          x7, 0(x5)
782 4565 0x00000c94 0x00029383 M   lh          x7, 0(x5)
783 4570 0x00000c98 0x00029383 M   lh          x7, 0(x5)
784 4575 0x00000c9c 0x00029383 M   lh          x7, 0(x5)
785 4585 0x00000ca0 0x00029383 M   lh          x7, 0(x5)
786 4590 0x00000ca4 0x00029383 M   lh          x7, 0(x5)
787 4595 0x00000ca8 0x00029383 M   lh          x7, 0(x5)
788 4600 0x00000cac 0x00029383 M   lh          x7, 0(x5)
789 4605 0x00000cb0 0x00029383 M   lh          x7, 0(x5)
790 4610 0x00000cb4 0x00029383 M   lh          x7, 0(x5)
791 4615 0x00000cb8 0x00029383 M   lh          x7, 0(x5)
792 4620 0x00000cbc 0x00029383 M   lh          x7, 0(x5)
793 4630 0x00000cc0 0x00029383 M   lh          x7, 0(x5)
794 4635 0x00000cc4 0x00029383 M   lh          x7, 0(x5)
795 4640 0x00000cc8 0x00029383 M   lh          x7, 0(x5)
796 4645 0x00000ccc 0x00029383 M   lh          x7, 0(x5)
797 4650 0x00000cd0 0x00029383 M   lh          x7, 0(x5)
798 4655 0x00000cd4 0x00029383 M   lh          x7, 0(x5)
799 4660 0x00000cd8 0x00029383 M   lh          x7, 0(x5)
800 4665 0x00000cdc 0x00029383 M   lh          x7, 0(x5)
801 4675 0x00000ce0 0x00029383 M   lh          x7, 0(x5)
802 4680 0x00000ce4 0x00029383 M   lh          x7, 0(x5)
803 4685 0x00000ce8 0x00029383 M   lh          x7, 0(x5)
804 4690 0x00000cec 0x00029383 M   lh          x7, 0(x5)
805 4695 0x00000cf0 0x00029383 M   lh          x7, 0(x5)
806 4700 0x00000cf4 0x00029383 M   lh          x7, 0(x5)
807 4705 0x00000cf8 0x00029383 M   lh          x7, 0(x5)
808 4710 0x00000cfc 0x00029383 M   lh          x7, 0(x5)
809 4720 0x00000d00 0x00029383 M   lh          x7, 0(x5)
810 4725 0x00000d04 0x00029383 M   lh          x7, 0(x5)
811 4730 0x00000d08 0x00029383 M   lh          x7, 0(x5)
812 4735 0x00000d0c 0x00029383 M   lh          x7, 0(x5)
813 4740 0x00000d10 0x00029383 M   lh          x7, 0(x5)
814 4745 0x00000d14 0x00029383 M   lh          x7, 0(x5)
815 4750 0x00000d18 0x00029383 M   lh          x7, 0(x5)
816 4755 0x00000d1c 0x00029383 M   lh          x7, 0(x5)
817 4765 0x00000d20 0x00029383 M   lh          x7, 0(x5)
818 4770 0x00000d24 0x00029383 M   lh          x7, 0(x5)
819 4775 0x00000d28 0x00029383 M   lh          x7, 0(x5)
820 4780 0x00000d2c 0x00029383 M   lh          x7, 0(x5)
821 4785 0x00000d30 0x00029383 M   lh          x7, 0(x5)
822 4790 0x00000d34 0x00029383 M   lh          x7, 0(x5)
823 4795 0x00000d38 0x00029383 M   lh          x7, 0(x5)
824 4800 0x00000d3c 0x00029383 M   lh          x7, 0(x5)
825 4810 0x00000d40 0x00029383 M   lh          x7, 0(x5)
826 4815 0x00000d44 0x00029383 M   lh          x7, 0(x5)
827 4820 0x00000d48 0x00029383 M   lh          x7, 0(x5)
828 4825 0x00000d4c 0x00029383 M   lh          x7, 0(x5)
829 4830 0x00000d50 0x00029383 M   lh          x7, 0(x5)
830 4835 0x00000d54 0x00029383 M   lh          x7, 0(x5)
831 4840 0x00000d58 0x00029383 M   lh          x7, 0(x5)
832 4845 0x00000d5c 0x00029383 M   lh          x7, 0(x5)
833 4855 0x00000d60 0x00029383 M   lh          x7, 0(x5)
834 4860 0x00000d64 0x00029383 M   lh          x7, 0(x5)
835 4865 0x00000d68 0x00029383 M   lh          x7, 0(x5)
836 4870 0x00000d6c 0x00029383 M   lh          x7, 0(x5)
837 4875 0x00000d70 0x00029383 M   lh          x7, 0(x5)
838 4880 0x00000d74 0x00029383 M   lh          x7, 0(x5)
839 4885 0x00000d78 0x00029383 M   lh          x7, 0(x5)
840 4890 0x00000d7c 0x00029383 M   lh          x7, 0(x5)
841 4900 0x00000d80 0x00029383 M   lh          x7, 0(x5)
842 4905 0x00000d84 0x00029383 M   lh          x7, 0(x5)
843 4910 0x00000d88 0x00029383 M   lh          x7, 0(x5)
844 4915 0x00000d8c 0x00029383 M   lh          x7, 0(x5)
845 4920 0x00000d90 0x00029383 M   lh          x7, 0(x5)
846 4925 0x00000d94 0x00029383 M   lh          x7, 0(x5)
847 4930 0x00000d98 0x00029383 M   lh          x7, 0(x5)
848 4935 0x00000d9c 0x00029383 M   lh          x7, 0(x5)
849 4945 0x00000da0 0x00029383 M   lh          x7, 0(x5)
850 4950 0x00000da4 0x00029383 M   lh          x7, 0(x5)
851 4955 0x00000da8 0x00029383 M   lh          x7, 0(x5)
852 4960 0x00000dac 0x00029383 M   lh          x7, 0(x5)
853 4965 0x00000db0 0x00029383 M   lh          x7, 0(x5)
854 4970 0x00000db4 0x00029383 M   lh          x7, 0(x5)
855 4975 0x00000db8 0x00029383 M   lh          x7, 0(x5)
856 4980 0x00000dbc 0x00029383 M   lh          x7, 0(x5)
857 4990 0x00000dc0 0x00029383 M   lh          x7, 0(x5)
858 4995 0x00000dc4 0x00029383 M   lh          x7, 0(x5)
859 5000 0x00000dc8 0x00029383 M   lh          x7, 0(x5)
860 5005 0x00000dcc 0x00029383 M   lh          x7, 0(x5)
861 5010 0x00000dd0 0x00029383 M   lh          x7, 0(x5)
862 5015 0x00000dd4 0x00029383 M   lh          x7, 0(x5)
863 5020 0x00000dd8 0x00029383 M   lh          x7, 0(x5)
864 5025 0x00000ddc 0x00029383 M   lh          x7, 0(x5)
865 5035 0x00000de0 0x00029383 M   lh          x7, 0(x5)
866 5040 0x00000de4 0x00029383 M   lh          x7, 0(x5)
867 5045 0x00000de8 0x00029383 M   lh          x7, 0(x5)
868 5050 0x00000dec 0x00029383 M   lh          x7, 0(x5)
869 5055 0x00000df0 0x00029383 M   lh          x7, 0(x5)
870 5060 0x00000df4 0x00029383 M   lh          x7, 0(x5)
871 5065 0x00000df8 0x00029383 M   lh          x7, 0(x5)
872 5070 0x00000dfc 0x00029383 M   lh          x7, 0(x5)
873 5080 0x00000e00 0x00029383 M   lh          x7, 0(x5)
874 5085 0x00000e04 0x00029383 M   lh          x7, 0(x5)
875 5090 0x00000e08 0x00029383 M   lh          x7, 0(x5)
876 5095 0x00000e0c 0x00029383 M   lh          x7, 0(x5)
877 5100 0x00000e10 0x00029383 M   lh          x7, 0(x5)
878 5105 0x00000e14 0x00029383 M   lh          x7, 0(x5)
879 5110 0x00000e18 0x00029383 M   lh          x7, 0(x5)
880 5115 0x00000e1c 0x00029383 M   lh          x7, 0(x5)
881 5125 0x00000e20 0x00029383 M   lh          x7, 0(x5)
882 5130 0x00000e24 0x00029383 M   lh          x7, 0(x5)
883 5135 0x00000e28 0x00029383 M   lh          x7, 0(x5)
884 5140 0x00000e2c 0x00029383 M   lh          x7, 0(x5)
885 5145 0x00000e30 0x00029383 M   lh          x7, 0(x5)
886 5150 0x00000e34 0x00029383 M   lh          x7, 0(x5)
887 5155 0x00000e38 0x00029383 M   lh          x7, 0(x5)
888 5160 0x00000e3c 0x00029383 M   lh          x7, 0(x5)
889 5170 0x00000e40 0x00029383 M   lh          x7, 0(x5)
890 5175 0x00000e44 0x00029383 M   lh          x7, 0(x5)
891 5180 0x00000e48 0x00029383 M   lh          x7, 0(x5)
892 5185 0x00000e4c 0x00029383 M   lh          x7, 0(x5)
893 5190 0x00000e50 0x00029383 M   lh          x7, 0(x5)
894 5195 0x00000e54 0x00029383 M   lh          x7, 0(x5)
895 5200 0x00000e58 0x00029383 M   lh          x7, 0(x5)
896 5205 0x00000e5c 0x00029383 M   lh          x7, 0(x5)
897 5215 0x00000e60 0x00029383 M   lh          x7, 0(x5)
898 5220 0x00000e64 0x00029383 M   lh          x7, 0(x5)
899 5225 0x00000e68 0x00029383 M   lh          x7, 0(x5)
900 5230 0x00000e6c 0x00029383 M   lh          x7, 0(x5)
901 5235 0x00000e70 0x00029383 M   lh          x7, 0(x5)
902 5240 0x00000e74 0x00029383 M   lh          x7, 0(x5)
903 5245 0x00000e78 0x00029383 M   lh          x7, 0(x5)
904 5250 0x00000e7c 0x00029383 M   lh          x7, 0(x5)
905 5260 0x00000e80 0x00029383 M   lh          x7, 0(x5)
906 5265 0x00000e84 0x00029383 M   lh          x7, 0(x5)
907 5270 0x00000e88 0x00029383 M   lh          x7, 0(x5)
908 5275 0x00000e8c 0x00029383 M   lh          x7, 0(x5)
909 5280 0x00000e90 0x00029383 M   lh          x7, 0(x5)
910 5285 0x00000e94 0x00029383 M   lh          x7, 0(x5)
911 5290 0x00000e98 0x00029383 M   lh          x7, 0(x5)
912 5295 0x00000e9c 0x00029383 M   lh          x7, 0(x5)
913 5305 0x00000ea0 0x00029383 M   lh          x7, 0(x5)
914 5310 0x00000ea4 0x00029383 M   lh          x7, 0(x5)
915 5315 0x00000ea8 0x00029383 M   lh          x7, 0(x5)
916 5320 0x00000eac 0x00029383 M   lh          x7, 0(x5)
917 5325 0x00000eb0 0x00029383 M   lh          x7, 0(x5)
918 5330 0x00000eb4 0x00029383 M   lh          x7, 0(x5)
919 5335 0x00000eb8 0x00029383 M   lh          x7, 0(x5)
920 5340 0x00000ebc 0x00029383 M   lh          x7, 0(x5)
921 5350 0x00000ec0 0x00029383 M   lh          x7, 0(x5)
922 5355 0x00000ec4 0x00029383 M   lh          x7, 0(x5)
923 5360 0x00000ec8 0x00029383 M   lh          x7, 0(x5)
924 5365 0x00000ecc 0x00029383 M   lh          x7, 0(x5)
925 5370 0x00000ed0 0x00029383 M   lh          x7, 0(x5)
926 5375 0x00000ed4 0x00029383 M   lh          x7, 0(x5)
927 5380 0x00000ed8 0x00029383 M   lh          x7, 0(x5)
928 5385 0x00000edc 0x00029383 M   lh          x7, 0(x5)
929 5395 0x00000ee0 0x00029383 M   lh          x7, 0(x5)
930 5400 0x00000ee4 0x00029383 M   lh          x7, 0(x5)
931 5405 0x00000ee8 0x00029383 M   lh          x7, 0(x5)
932 5410 0x00000eec 0x00029383 M   lh          x7, 0(x5)
933 5415 0x00000ef0 0x00029383 M   lh          x7, 0(x5)
934 5420 0x00000ef4 0x00029383 M   lh          x7, 0(x5)
935 5425 0x00000ef8 0x00029383 M   lh          x7, 0(x5)
936 5430 0x00000efc 0x00029383 M   lh          x7, 0(x5)
937 5440 0x00000f00 0x00029383 M   lh          x7, 0(x5)
938 5445 0x00000f04 0x00029383 M   lh          x7, 0(x5)
939 5450 0x00000f08 0x00029383 M   lh          x7, 0(x5)
940 5455 0x00000f0c 0x00029383 M   lh          x7, 0(x5)
941 5460 0x00000f10 0x00029383 M   lh          x7, 0(x5)
942 5465 0x00000f14 0x00029383 M   lh          x7, 0(x5)
943 5470 0x00000f18 0x00029383 M   lh          x7, 0(x5)
944 5475 0x00000f1c 0x00029383 M   lh          x7, 0(x5)
945 5485 0x00000f20 0x00029383 M   lh          x7, 0(x5)
946 5490 0x00000f24 0x00029383 M   lh          x7, 0(x5)
947 5495 0x00000f28 0x00029383 M   lh          x7, 0(x5)
948 5500 0x00000f2c 0x00029383 M   lh          x7, 0(x5)
949 5505 0x00000f30 0x00029383 M   lh          x7, 0(x5)
950 5510 0x00000f34 0x00029383 M   lh          x7, 0(x5)
951 5515 0x00000f38 0x00029383 M   lh          x7, 0(x5)
952 5520 0x00000f3c 0x00029383 M   lh          x7, 0(x5)
953 5530 0x00000f40 0x00029383 M   lh          x7, 0(x5)
954 5535 0x00000f44 0x00029383 M   lh          x7, 0(x5)
955 5540 0x00000f48 0x00029383 M   lh          x7, 0(x5)
956 5545 0x00000f4c 0x00029383 M   lh          x7, 0(x5)
957 5550 0x00000f50 0x00029383 M   lh          x7, 0(x5)
958 5555 0x00000f54 0x00029383 M   lh          x7, 0(x5)
959 5560 0x00000f58 0x00029383 M   lh          x7, 0(x5)
960 5565 0x00000f5c 0x00029383 M   lh          x7, 0(x5)
961 5575 0x00000f60 0x00029383 M   lh          x7, 0(x5)
962 5580 0x00000f64 0x00029383 M   lh          x7, 0(x5)
963 5585 0x00000f68 0x00029383 M   lh          x7, 0(x5)
964 5590 0x00000f6c 0x00029383 M   lh          x7, 0(x5)
965 5595 0x00000f70 0x00029383 M   lh          x7, 0(x5)
966 5600 0x00000f74 0x00029383 M   lh          x7, 0(x5)
967 5605 0x00000f78 0x00029383 M   lh          x7, 0(x5)
968 5610 0x00000f7c 0x00029383 M   lh          x7, 0(x5)
969 5620 0x00000f80 0x00029383 M   lh          x7, 0(x5)
970 5625 0x00000f84 0x00029383 M   lh          x7, 0(x5)
971 5630 0x00000f88 0x00029383 M   lh          x7, 0(x5)
972 5635 0x00000f8c 0x00029383 M   lh          x7, 0(x5)
973 5640 0x00000f90 0x00029383 M   lh          x7, 0(x5)
974 5645 0x00000f94 0x00029383 M   lh          x7, 0(x5)
975 5650 0x00000f98 0x00029383 M   lh          x7, 0(x5)
976 5655 0x00000f9c 0x00029383 M   lh          x7, 0(x5)
977 5665 0x00000fa0 0x00029383 M   lh          x7, 0(x5)
978 5670 0x00000fa4 0x00029383 M   lh          x7, 0(x5)
979 5675 0x00000fa8 0x00029383 M   lh          x7, 0(x5)
980 5680 0x00000fac 0x00029383 M   lh          x7, 0(x5)
981 5685 0x00000fb0 0x00029383 M   lh          x7, 0(x5)
982 5690 0x00000fb4 0x00029383 M   lh          x7, 0(x5)
983 5695 0x00000fb8 0x00029383 M   lh          x7, 0(x5)
984 5700 0x00000fbc 0x00029383 M   lh          x7, 0(x5)
985 5710 0x00000fc0 0x00029383 M   lh          x7, 0(x5)
986 5715 0x00000fc4 0x00029383 M   lh          x7, 0(x5)
987 5720 0x00000fc8 0x00029383 M   lh          x7, 0(x5)
988 5725 0x00000fcc 0x00029383 M   lh          x7, 0(x5)
989 5730 0x00000fd0 0x00029383 M   lh          x7, 0(x5)
990 5735 0x00000fd4 0x00029383 M   lh          x7, 0(x5)
991 5740 0x00000fd8 0x00029383 M   lh          x7, 0(x5)
992 5745 0x00000fdc 0x00029383 M   lh          x7, 0(x5)
993 5755 0x00000fe0 0x00029383 M   lh          x7, 0(x5)
994 5760 0x00000fe4 0x00029383 M   lh          x7, 0(x5)
995 5765 0x00000fe8 0x00029383 M   lh          x7, 0(x5)
996 5770 0x00000fec 0x00029383 M   lh          x7, 0(x5)
997 5775 0x00000ff0 0x00029383 M   lh          x7, 0(x5)
998 5780 0x00000ff4 0x00029383 M   lh          x7, 0(x5)
999 5785 0x00000ff8 0x00029383 M   lh          x7, 0(x5)
1000 5790 0x00000ffc 0x00029383 M   lh          x7, 0(x5)
1001 5800 0x00001000 0x00029383 M   lh          x7, 0(x5)
1002 5805 0x00001004 0x00029383 M   lh          x7, 0(x5)
1003 5810 0x00001008 0x00029383 M   lh          x7, 0(x5)
1004 5815 0x0000100c 0x00029383 M   lh          x7, 0(x5)
1005 5820 0x00001010 0x00029383 M   lh          x7, 0(x5)
1006 5825 0x00001014 0x00029383 M   lh          x7, 0(x5)
1007 5830 0x00001018 0x00029383 M   lh          x7, 0(x5)
1008 5835 0x0000101c 0x00029383 M   lh          x7, 0(x5)
1009 5845 0x00001020 0x00029383 M   lh          x7, 0(x5)
1010 5850 0x00001024 0x00029383 M   lh          x7, 0(x5)
1011 5855 0x00001028 0x00029383 M   lh          x7, 0(x5)
1012 5860 0x0000102c 0x00029383 M   lh          x7, 0(x5)
1013 5865 0x00001030 0x00029383 M   lh          x7, 0(x5)
1014 5870 0x00001034 0x00029383 M   lh          x7, 0(x5)
1015 5875 0x00001038 0x00029383 M   lh          x7, 0(x5)
1016 5880 0x0000103c 0x00029383 M   lh          x7, 0(x5)
1017 5890 0x00001040 0x00029383 M   lh          x7, 0(x5)
1018 5895 0x00001044 0x00029383 M   lh          x7, 0(x5)
1019 5900 0x00001048 0x00029383 M   lh          x7, 0(x5)
1020 5905 0x0000104c 0x00029383 M   lh          x7, 0(x5)
1021 5910 0x00001050 0x00029383 M   lh          x7, 0(x5)
1022 5915 0x00001054 0x00029383 M   lh          x7, 0(x5)
1023 5920 0x00001058 0x00029383 M   lh          x7, 0(x5)
1024 5925 0x0000105c 0x00029383 M   lh          x7, 0(x5)
1025 5935 0x00001060 0x00029383 M   lh          x7, 0(x5)
1026 5940 0x00001064 0x00029383 M   lh          x7, 0(x5)
1027 5945 0x00001068 0x00029383 M   lh          x7, 0(x5)
1028 5950 0x0000106c 0x00029383 M   lh          x7, 0(x5)
1029 5955 0x00001070 0x00029383 M   lh          x7, 0(x5)
1030 5960 0x00001074 0x00029383 M   lh          x7, 0(x5)
1031 5965 0x00001078 0x00029383 M   lh          x7, 0(x5)
1032 5970 0x0000107c 0x00029383 M   lh          x7, 0(x5)
1033 5980 0x00001080 0x00029383 M   lh          x7, 0(x5)
1034 5985 0x00001084 0x00029383 M   lh          x7, 0(x5)
1035 5990 0x00001088 0x00029383 M   lh          x7, 0(x5)
1036 5995 0x0000108c 0x00029383 M   lh          x7, 0(x5)
1037 6000 0x00001090 0x00029383 M   lh          x7, 0(x5)
1038 6005 0x00001094 0x00029383 M   lh          x7, 0(x5)
1039 6010 0x00001098 0x00029383 M   lh          x7, 0(x5)
1040 6015 0x0000109c 0x00029383 M   lh          x7, 0(x5)
1041 6025 0x000010a0 0x00029383 M   lh          x7, 0(x5)
1042 6030 0x000010a4 0x00029383 M   lh          x7, 0(x5)
1043 6035 0x000010a8 0x00029383 M   lh          x7, 0(x5)
1044 6040 0x000010ac 0x00029383 M   lh          x7, 0(x5)
1045 6045 0x000010b0 0x00029383 M   lh          x7, 0(x5)
1046 6050 0x000010b4 0x00029383 M   lh          x7, 0(x5)
1047 6055 0x000010b8 0x00029383 M   lh          x7, 0(x5)
1048 6060 0x000010bc 0x00029383 M   lh          x7, 0(x5)
1049 6070 0x000010c0 0x00029383 M   lh          x7, 0(x5)
1050 6075 0x000010c4 0x00029383 M   lh          x7, 0(x5)
1051 6080 0x000010c8 0x00029383 M   lh          x7, 0(x5)
1052 6085 0x000010cc 0x00029383 M   lh          x7, 0(x5)
1053 6090 0x000010d0 0x00029383 M   lh          x7, 0(x5)
1054 6095 0x000010d4 0x00029383 M   lh          x7, 0(x5)
1055 6100 0x000010d8 0x00029383 M   lh          x7, 0(x5)
1056 6105 0x000010dc 0x00029383 M   lh          x7, 0(x5)
1057 6115 0x000010e0 0x00029383 M   lh          x7, 0(x5)
1058 6120 0x000010e4 0x00029383 M   lh          x7, 0(x5)
1059 6125 0x000010e8 0x00029383 M   lh          x7, 0(x5)
1060 6130 0x000010ec 0x00029383 M   lh          x7, 0(x5)
1061 6135 0x000010f0 0x00029383 M   lh          x7, 0(x5)
1062 6140 0x000010f4 0x00029383 M   lh          x7, 0(x5)
1063 6145 0x000010f8 0x00029383 M   lh          x7, 0(x5)
1064 6150 0x000010fc 0x00029383 M   lh          x7, 0(x5)
1065 6160 0x00001100 0x00029383 M   lh          x7, 0(x5)
1066 6165 0x00001104 0x00029383 M   lh          x7, 0(x5)
1067 6170 0x00001108 0x00029383 M   lh          x7, 0(x5)
1068 6175 0x0000110c 0x00029383 M   lh          x7, 0(x5)
1069 6180 0x00001110 0x00029383 M   lh          x7, 0(x5)
1070 6185 0x00001114 0x00029383 M   lh          x7, 0(x5)
1071 6190 0x00001118 0x00029383 M   lh          x7, 0(x5)
1072 6195 0x0000111c 0x00029383 M   lh          x7, 0(x5)
1073 6205 0x00001120 0x00029383 M   lh          x7, 0(x5)
1074 6210 0x00001124 0x00029383 M   lh          x7, 0(x5)
1075 6215 0x00001128 0x00029383 M   lh          x7, 0(x5)
1076 6220 0x0000112c 0x00029383 M   lh          x7, 0(x5)
1077 6225 0x00001130 0x00029383 M   lh          x7, 0(x5)
1078 6230 0x00001134 0x00029383 M   lh          x7, 0(x5)
1079 6235 0x00001138 0x00029383 M   lh          x7, 0(x5)
1080 6240 0x0000113c 0x00029383 M   lh          x7, 0(x5)
1081 6250 0x00001140 0x00029383 M   lh          x7, 0(x5)
1082 6255 0x00001144 0x00029383 M   lh          x7, 0(x5)
1083 6260 0x00001148 0x00029383 M   lh          x7, 0(x5)
1084 6265 0x0000114c 0x00029383 M   lh          x7, 0(x5)
1085 6270 0x00001150 0x00029383 M   lh          x7, 0(x5)
1086 6275 0x00001154 0x00029383 M   lh          x7, 0(x5)
1087 6280 0x00001158 0x00029383 M   lh          x7, 0(x5)
1088 6285 0x0000115c 0x00029383 M   lh          x7, 0(x5)
1089 6295 0x00001160 0x00029383 M   lh          x7, 0(x5)
1090 6300 0x00001164 0x00029383 M   lh          x7, 0(x5)
1091 6305 0x00001168 0x00029383 M   lh          x7, 0(x5)
1092 6310 0x0000116c 0x00029383 M   lh          x7, 0(x5)
1093 6315 0x00001170 0x00029383 M   lh          x7, 0(x5)
1094 6318 0x00001174 0xc00024f3 M   csrrs       x9, cycle, x0
1095 6320 0x00001178 0x40848933 M   sub         x18, x9, x8
1096 6323 0x0000117c 0xdeadbeef M   jal         x29, -150038
1097 6343 0xfffdc766 0x00000001 M c.INVALID     
1098 6364 0x000001b8 0x10500073 M   wfi          <TRAP_ENTRY>
