0 30 0x00000000 0xf14020f3 M   csrrs       x1, mhartid, x0
1 32 0x00000004 0x80002217 M   auipc       x4, 0x80002000
2 34 0x00000008 0xffc20213 M   addi        x4, x4, -4
3 36 0x0000000c 0xff027113 M   andi        x2, x4, -16
4 38 0x00000010 0x80000197 M   auipc       x3, 0x80000000
5 40 0x00000014 0x7f018193 M   addi        x3, x3, 2032
6 42 0x00000018 0x000022b7 M   lui         x5, 0x00002000
7 44 0x0000001c 0x80028293 M   addi        x5, x5, -2048
8 58 0x00000020 0x30029073 M   csrrw       x0, mstatus, x5
9 60 0x00000024 0x00000317 M   auipc       x6, 0x00000000
10 62 0x00000028 0x19430313 M   addi        x6, x6, 404
11 65 0x0000002c 0x30531073 M   csrrw       x0, mtvec, x6
12 68 0x00000030 0x30401073 M   csrrw       x0, mie, x0
13 70 0x00000034 0x00001397 M   auipc       x7, 0x00001000
14 72 0x00000038 0x15038393 M   addi        x7, x7, 336
15 74 0x0000003c 0x80000417 M   auipc       x8, 0x80000000
16 87 0x00000040 0xfc440413 M   addi        x8, x8, -60
17 89 0x00000044 0x80000497 M   auipc       x9, 0x80000000
18 91 0x00000048 0xfbc48493 M   addi        x9, x9, -68
19 93 0x0000004c 0x80000517 M   auipc       x10, 0x80000000
20 95 0x00000050 0xfb450513 M   addi        x10, x10, -76
21 97 0x00000054 0x80000597 M   auipc       x11, 0x80000000
22 99 0x00000058 0xfac58593 M   addi        x11, x11, -84
23 101 0x0000005c 0x00000613 M   addi        x12, x0, 0
24 115 0x00000060 0x00000693 M   addi        x13, x0, 0
25 117 0x00000064 0x00000713 M   addi        x14, x0, 0
26 119 0x00000068 0x00000793 M   addi        x15, x0, 0
27 121 0x0000006c 0x00000813 M   addi        x16, x0, 0
28 123 0x00000070 0x00000893 M   addi        x17, x0, 0
29 125 0x00000074 0x00000913 M   addi        x18, x0, 0
30 127 0x00000078 0x00000993 M   addi        x19, x0, 0
31 129 0x0000007c 0x00000a13 M   addi        x20, x0, 0
32 143 0x00000080 0x00000a93 M   addi        x21, x0, 0
33 145 0x00000084 0x00000b13 M   addi        x22, x0, 0
34 147 0x00000088 0x00000b93 M   addi        x23, x0, 0
35 149 0x0000008c 0x00000c13 M   addi        x24, x0, 0
36 151 0x00000090 0x00000c93 M   addi        x25, x0, 0
37 153 0x00000094 0x00000d13 M   addi        x26, x0, 0
38 155 0x00000098 0x00000d93 M   addi        x27, x0, 0
39 157 0x0000009c 0x00000e13 M   addi        x28, x0, 0
40 171 0x000000a0 0x00000e93 M   addi        x29, x0, 0
41 173 0x000000a4 0x00000f13 M   addi        x30, x0, 0
42 175 0x000000a8 0x00000f93 M   addi        x31, x0, 0
43 178 0x000000ac 0x04008463 M   beq         x1, x0, 72
44 200 0x000000f4 0x00838e63 M   beq         x7, x8, 28
45 203 0x000000f8 0x00945c63 M   bge         x8, x9, 24
46 221 0x00000110 0x00b55863 M   bge         x10, x11, 16
47 239 0x00000120 0x00001417 M   auipc       x8, 0x00001000
48 241 0x00000124 0x06440413 M   addi        x8, x8, 100
49 243 0x00000128 0x00001497 M   auipc       x9, 0x00001000
50 245 0x0000012c 0x05c48493 M   addi        x9, x9, 92
51 248 0x00000130 0x00945a63 M   bge         x8, x9, 20
52 266 0x00000144 0x00000617 M   auipc       x12, 0x00000000
53 268 0x00000148 0x07c60613 M   addi        x12, x12, 124
54 271 0x0000014c 0x0ff0000f M   fence       
55 278 0x00000150 0x0000100f M   fence.i     
56 489 0x00000154 0x00000513 M   addi        x10, x0, 0
57 491 0x00000158 0x00000593 M   addi        x11, x0, 0
58 494 0x0000015c 0x000600e7 M   jalr        x1, 0(x12)
59 522 0x000001c0 0x000102b7 M   lui         x5, 0x00010000
60 524 0x000001c4 0xfff28293 M   addi        x5, x5, -1
61 526 0x000001c8 0x00010337 M   lui         x6, 0x00010000
62 528 0x000001cc 0xfff30313 M   addi        x6, x6, -1
63 531 0x000001d0 0xc0002473 M   csrrs       x8, cycle, x0
64 535 0x000001d4 0x026282b3 M   mul         x5, x5, x6
65 539 0x000001d8 0x026282b3 M   mul         x5, x5, x6
66 543 0x000001dc 0x026282b3 M   mul         x5, x5, x6
67 554 0x000001e0 0x026282b3 M   mul         x5, x5, x6
68 558 0x000001e4 0x026282b3 M   mul         x5, x5, x6
69 562 0x000001e8 0x026282b3 M   mul         x5, x5, x6
70 566 0x000001ec 0x026282b3 M   mul         x5, x5, x6
71 570 0x000001f0 0x026282b3 M   mul         x5, x5, x6
72 574 0x000001f4 0x026282b3 M   mul         x5, x5, x6
73 578 0x000001f8 0x026282b3 M   mul         x5, x5, x6
74 582 0x000001fc 0x026282b3 M   mul         x5, x5, x6
75 593 0x00000200 0x026282b3 M   mul         x5, x5, x6
76 597 0x00000204 0x026282b3 M   mul         x5, x5, x6
77 601 0x00000208 0x026282b3 M   mul         x5, x5, x6
78 605 0x0000020c 0x026282b3 M   mul         x5, x5, x6
79 609 0x00000210 0x026282b3 M   mul         x5, x5, x6
80 613 0x00000214 0x026282b3 M   mul         x5, x5, x6
81 617 0x00000218 0x026282b3 M   mul         x5, x5, x6
82 621 0x0000021c 0x026282b3 M   mul         x5, x5, x6
83 632 0x00000220 0x026282b3 M   mul         x5, x5, x6
84 636 0x00000224 0x026282b3 M   mul         x5, x5, x6
85 640 0x00000228 0x026282b3 M   mul         x5, x5, x6
86 644 0x0000022c 0x026282b3 M   mul         x5, x5, x6
87 648 0x00000230 0x026282b3 M   mul         x5, x5, x6
88 652 0x00000234 0x026282b3 M   mul         x5, x5, x6
89 656 0x00000238 0x026282b3 M   mul         x5, x5, x6
90 660 0x0000023c 0x026282b3 M   mul         x5, x5, x6
91 671 0x00000240 0x026282b3 M   mul         x5, x5, x6
92 675 0x00000244 0x026282b3 M   mul         x5, x5, x6
93 679 0x00000248 0x026282b3 M   mul         x5, x5, x6
94 683 0x0000024c 0x026282b3 M   mul         x5, x5, x6
95 687 0x00000250 0x026282b3 M   mul         x5, x5, x6
96 691 0x00000254 0x026282b3 M   mul         x5, x5, x6
97 695 0x00000258 0x026282b3 M   mul         x5, x5, x6
98 699 0x0000025c 0x026282b3 M   mul         x5, x5, x6
99 710 0x00000260 0x026282b3 M   mul         x5, x5, x6
100 714 0x00000264 0x026282b3 M   mul         x5, x5, x6
101 718 0x00000268 0x026282b3 M   mul         x5, x5, x6
102 722 0x0000026c 0x026282b3 M   mul         x5, x5, x6
103 726 0x00000270 0x026282b3 M   mul         x5, x5, x6
104 730 0x00000274 0x026282b3 M   mul         x5, x5, x6
105 734 0x00000278 0x026282b3 M   mul         x5, x5, x6
106 738 0x0000027c 0x026282b3 M   mul         x5, x5, x6
107 749 0x00000280 0x026282b3 M   mul         x5, x5, x6
108 753 0x00000284 0x026282b3 M   mul         x5, x5, x6
109 757 0x00000288 0x026282b3 M   mul         x5, x5, x6
110 761 0x0000028c 0x026282b3 M   mul         x5, x5, x6
111 765 0x00000290 0x026282b3 M   mul         x5, x5, x6
112 769 0x00000294 0x026282b3 M   mul         x5, x5, x6
113 773 0x00000298 0x026282b3 M   mul         x5, x5, x6
114 777 0x0000029c 0x026282b3 M   mul         x5, x5, x6
115 788 0x000002a0 0x026282b3 M   mul         x5, x5, x6
116 792 0x000002a4 0x026282b3 M   mul         x5, x5, x6
117 796 0x000002a8 0x026282b3 M   mul         x5, x5, x6
118 800 0x000002ac 0x026282b3 M   mul         x5, x5, x6
119 804 0x000002b0 0x026282b3 M   mul         x5, x5, x6
120 808 0x000002b4 0x026282b3 M   mul         x5, x5, x6
121 812 0x000002b8 0x026282b3 M   mul         x5, x5, x6
122 816 0x000002bc 0x026282b3 M   mul         x5, x5, x6
123 827 0x000002c0 0x026282b3 M   mul         x5, x5, x6
124 831 0x000002c4 0x026282b3 M   mul         x5, x5, x6
125 835 0x000002c8 0x026282b3 M   mul         x5, x5, x6
126 839 0x000002cc 0x026282b3 M   mul         x5, x5, x6
127 843 0x000002d0 0x026282b3 M   mul         x5, x5, x6
128 847 0x000002d4 0x026282b3 M   mul         x5, x5, x6
129 851 0x000002d8 0x026282b3 M   mul         x5, x5, x6
130 855 0x000002dc 0x026282b3 M   mul         x5, x5, x6
131 866 0x000002e0 0x026282b3 M   mul         x5, x5, x6
132 870 0x000002e4 0x026282b3 M   mul         x5, x5, x6
133 874 0x000002e8 0x026282b3 M   mul         x5, x5, x6
134 878 0x000002ec 0x026282b3 M   mul         x5, x5, x6
135 882 0x000002f0 0x026282b3 M   mul         x5, x5, x6
136 886 0x000002f4 0x026282b3 M   mul         x5, x5, x6
137 890 0x000002f8 0x026282b3 M   mul         x5, x5, x6
138 894 0x000002fc 0x026282b3 M   mul         x5, x5, x6
139 905 0x00000300 0x026282b3 M   mul         x5, x5, x6
140 909 0x00000304 0x026282b3 M   mul         x5, x5, x6
141 913 0x00000308 0x026282b3 M   mul         x5, x5, x6
142 917 0x0000030c 0x026282b3 M   mul         x5, x5, x6
143 921 0x00000310 0x026282b3 M   mul         x5, x5, x6
144 925 0x00000314 0x026282b3 M   mul         x5, x5, x6
145 929 0x00000318 0x026282b3 M   mul         x5, x5, x6
146 933 0x0000031c 0x026282b3 M   mul         x5, x5, x6
147 944 0x00000320 0x026282b3 M   mul         x5, x5, x6
148 948 0x00000324 0x026282b3 M   mul         x5, x5, x6
149 952 0x00000328 0x026282b3 M   mul         x5, x5, x6
150 956 0x0000032c 0x026282b3 M   mul         x5, x5, x6
151 960 0x00000330 0x026282b3 M   mul         x5, x5, x6
152 964 0x00000334 0x026282b3 M   mul         x5, x5, x6
153 968 0x00000338 0x026282b3 M   mul         x5, x5, x6
154 972 0x0000033c 0x026282b3 M   mul         x5, x5, x6
155 983 0x00000340 0x026282b3 M   mul         x5, x5, x6
156 987 0x00000344 0x026282b3 M   mul         x5, x5, x6
157 991 0x00000348 0x026282b3 M   mul         x5, x5, x6
158 995 0x0000034c 0x026282b3 M   mul         x5, x5, x6
159 999 0x00000350 0x026282b3 M   mul         x5, x5, x6
160 1003 0x00000354 0x026282b3 M   mul         x5, x5, x6
161 1007 0x00000358 0x026282b3 M   mul         x5, x5, x6
162 1011 0x0000035c 0x026282b3 M   mul         x5, x5, x6
163 1022 0x00000360 0x026282b3 M   mul         x5, x5, x6
164 1026 0x00000364 0x026282b3 M   mul         x5, x5, x6
165 1030 0x00000368 0x026282b3 M   mul         x5, x5, x6
166 1034 0x0000036c 0x026282b3 M   mul         x5, x5, x6
167 1038 0x00000370 0x026282b3 M   mul         x5, x5, x6
168 1042 0x00000374 0x026282b3 M   mul         x5, x5, x6
169 1046 0x00000378 0x026282b3 M   mul         x5, x5, x6
170 1050 0x0000037c 0x026282b3 M   mul         x5, x5, x6
171 1061 0x00000380 0x026282b3 M   mul         x5, x5, x6
172 1065 0x00000384 0x026282b3 M   mul         x5, x5, x6
173 1069 0x00000388 0x026282b3 M   mul         x5, x5, x6
174 1073 0x0000038c 0x026282b3 M   mul         x5, x5, x6
175 1077 0x00000390 0x026282b3 M   mul         x5, x5, x6
176 1081 0x00000394 0x026282b3 M   mul         x5, x5, x6
177 1085 0x00000398 0x026282b3 M   mul         x5, x5, x6
178 1089 0x0000039c 0x026282b3 M   mul         x5, x5, x6
179 1100 0x000003a0 0x026282b3 M   mul         x5, x5, x6
180 1104 0x000003a4 0x026282b3 M   mul         x5, x5, x6
181 1108 0x000003a8 0x026282b3 M   mul         x5, x5, x6
182 1112 0x000003ac 0x026282b3 M   mul         x5, x5, x6
183 1116 0x000003b0 0x026282b3 M   mul         x5, x5, x6
184 1120 0x000003b4 0x026282b3 M   mul         x5, x5, x6
185 1124 0x000003b8 0x026282b3 M   mul         x5, x5, x6
186 1128 0x000003bc 0x026282b3 M   mul         x5, x5, x6
187 1139 0x000003c0 0x026282b3 M   mul         x5, x5, x6
188 1143 0x000003c4 0x026282b3 M   mul         x5, x5, x6
189 1147 0x000003c8 0x026282b3 M   mul         x5, x5, x6
190 1151 0x000003cc 0x026282b3 M   mul         x5, x5, x6
191 1155 0x000003d0 0x026282b3 M   mul         x5, x5, x6
192 1159 0x000003d4 0x026282b3 M   mul         x5, x5, x6
193 1163 0x000003d8 0x026282b3 M   mul         x5, x5, x6
194 1167 0x000003dc 0x026282b3 M   mul         x5, x5, x6
195 1178 0x000003e0 0x026282b3 M   mul         x5, x5, x6
196 1182 0x000003e4 0x026282b3 M   mul         x5, x5, x6
197 1186 0x000003e8 0x026282b3 M   mul         x5, x5, x6
198 1190 0x000003ec 0x026282b3 M   mul         x5, x5, x6
199 1194 0x000003f0 0x026282b3 M   mul         x5, x5, x6
200 1198 0x000003f4 0x026282b3 M   mul         x5, x5, x6
201 1202 0x000003f8 0x026282b3 M   mul         x5, x5, x6
202 1206 0x000003fc 0x026282b3 M   mul         x5, x5, x6
203 1217 0x00000400 0x026282b3 M   mul         x5, x5, x6
204 1221 0x00000404 0x026282b3 M   mul         x5, x5, x6
205 1225 0x00000408 0x026282b3 M   mul         x5, x5, x6
206 1229 0x0000040c 0x026282b3 M   mul         x5, x5, x6
207 1233 0x00000410 0x026282b3 M   mul         x5, x5, x6
208 1237 0x00000414 0x026282b3 M   mul         x5, x5, x6
209 1241 0x00000418 0x026282b3 M   mul         x5, x5, x6
210 1245 0x0000041c 0x026282b3 M   mul         x5, x5, x6
211 1256 0x00000420 0x026282b3 M   mul         x5, x5, x6
212 1260 0x00000424 0x026282b3 M   mul         x5, x5, x6
213 1264 0x00000428 0x026282b3 M   mul         x5, x5, x6
214 1268 0x0000042c 0x026282b3 M   mul         x5, x5, x6
215 1272 0x00000430 0x026282b3 M   mul         x5, x5, x6
216 1276 0x00000434 0x026282b3 M   mul         x5, x5, x6
217 1280 0x00000438 0x026282b3 M   mul         x5, x5, x6
218 1284 0x0000043c 0x026282b3 M   mul         x5, x5, x6
219 1295 0x00000440 0x026282b3 M   mul         x5, x5, x6
220 1299 0x00000444 0x026282b3 M   mul         x5, x5, x6
221 1303 0x00000448 0x026282b3 M   mul         x5, x5, x6
222 1307 0x0000044c 0x026282b3 M   mul         x5, x5, x6
223 1311 0x00000450 0x026282b3 M   mul         x5, x5, x6
224 1315 0x00000454 0x026282b3 M   mul         x5, x5, x6
225 1319 0x00000458 0x026282b3 M   mul         x5, x5, x6
226 1323 0x0000045c 0x026282b3 M   mul         x5, x5, x6
227 1334 0x00000460 0x026282b3 M   mul         x5, x5, x6
228 1338 0x00000464 0x026282b3 M   mul         x5, x5, x6
229 1342 0x00000468 0x026282b3 M   mul         x5, x5, x6
230 1346 0x0000046c 0x026282b3 M   mul         x5, x5, x6
231 1350 0x00000470 0x026282b3 M   mul         x5, x5, x6
232 1354 0x00000474 0x026282b3 M   mul         x5, x5, x6
233 1358 0x00000478 0x026282b3 M   mul         x5, x5, x6
234 1362 0x0000047c 0x026282b3 M   mul         x5, x5, x6
235 1373 0x00000480 0x026282b3 M   mul         x5, x5, x6
236 1377 0x00000484 0x026282b3 M   mul         x5, x5, x6
237 1381 0x00000488 0x026282b3 M   mul         x5, x5, x6
238 1385 0x0000048c 0x026282b3 M   mul         x5, x5, x6
239 1389 0x00000490 0x026282b3 M   mul         x5, x5, x6
240 1393 0x00000494 0x026282b3 M   mul         x5, x5, x6
241 1397 0x00000498 0x026282b3 M   mul         x5, x5, x6
242 1401 0x0000049c 0x026282b3 M   mul         x5, x5, x6
243 1412 0x000004a0 0x026282b3 M   mul         x5, x5, x6
244 1416 0x000004a4 0x026282b3 M   mul         x5, x5, x6
245 1420 0x000004a8 0x026282b3 M   mul         x5, x5, x6
246 1424 0x000004ac 0x026282b3 M   mul         x5, x5, x6
247 1428 0x000004b0 0x026282b3 M   mul         x5, x5, x6
248 1432 0x000004b4 0x026282b3 M   mul         x5, x5, x6
249 1436 0x000004b8 0x026282b3 M   mul         x5, x5, x6
250 1440 0x000004bc 0x026282b3 M   mul         x5, x5, x6
251 1451 0x000004c0 0x026282b3 M   mul         x5, x5, x6
252 1455 0x000004c4 0x026282b3 M   mul         x5, x5, x6
253 1459 0x000004c8 0x026282b3 M   mul         x5, x5, x6
254 1463 0x000004cc 0x026282b3 M   mul         x5, x5, x6
255 1467 0x000004d0 0x026282b3 M   mul         x5, x5, x6
256 1471 0x000004d4 0x026282b3 M   mul         x5, x5, x6
257 1475 0x000004d8 0x026282b3 M   mul         x5, x5, x6
258 1479 0x000004dc 0x026282b3 M   mul         x5, x5, x6
259 1490 0x000004e0 0x026282b3 M   mul         x5, x5, x6
260 1494 0x000004e4 0x026282b3 M   mul         x5, x5, x6
261 1498 0x000004e8 0x026282b3 M   mul         x5, x5, x6
262 1502 0x000004ec 0x026282b3 M   mul         x5, x5, x6
263 1506 0x000004f0 0x026282b3 M   mul         x5, x5, x6
264 1510 0x000004f4 0x026282b3 M   mul         x5, x5, x6
265 1514 0x000004f8 0x026282b3 M   mul         x5, x5, x6
266 1518 0x000004fc 0x026282b3 M   mul         x5, x5, x6
267 1529 0x00000500 0x026282b3 M   mul         x5, x5, x6
268 1533 0x00000504 0x026282b3 M   mul         x5, x5, x6
269 1537 0x00000508 0x026282b3 M   mul         x5, x5, x6
270 1541 0x0000050c 0x026282b3 M   mul         x5, x5, x6
271 1545 0x00000510 0x026282b3 M   mul         x5, x5, x6
272 1549 0x00000514 0x026282b3 M   mul         x5, x5, x6
273 1553 0x00000518 0x026282b3 M   mul         x5, x5, x6
274 1557 0x0000051c 0x026282b3 M   mul         x5, x5, x6
275 1568 0x00000520 0x026282b3 M   mul         x5, x5, x6
276 1572 0x00000524 0x026282b3 M   mul         x5, x5, x6
277 1576 0x00000528 0x026282b3 M   mul         x5, x5, x6
278 1580 0x0000052c 0x026282b3 M   mul         x5, x5, x6
279 1584 0x00000530 0x026282b3 M   mul         x5, x5, x6
280 1588 0x00000534 0x026282b3 M   mul         x5, x5, x6
281 1592 0x00000538 0x026282b3 M   mul         x5, x5, x6
282 1596 0x0000053c 0x026282b3 M   mul         x5, x5, x6
283 1607 0x00000540 0x026282b3 M   mul         x5, x5, x6
284 1611 0x00000544 0x026282b3 M   mul         x5, x5, x6
285 1615 0x00000548 0x026282b3 M   mul         x5, x5, x6
286 1619 0x0000054c 0x026282b3 M   mul         x5, x5, x6
287 1623 0x00000550 0x026282b3 M   mul         x5, x5, x6
288 1627 0x00000554 0x026282b3 M   mul         x5, x5, x6
289 1631 0x00000558 0x026282b3 M   mul         x5, x5, x6
290 1635 0x0000055c 0x026282b3 M   mul         x5, x5, x6
291 1646 0x00000560 0x026282b3 M   mul         x5, x5, x6
292 1650 0x00000564 0x026282b3 M   mul         x5, x5, x6
293 1654 0x00000568 0x026282b3 M   mul         x5, x5, x6
294 1658 0x0000056c 0x026282b3 M   mul         x5, x5, x6
295 1662 0x00000570 0x026282b3 M   mul         x5, x5, x6
296 1666 0x00000574 0x026282b3 M   mul         x5, x5, x6
297 1670 0x00000578 0x026282b3 M   mul         x5, x5, x6
298 1674 0x0000057c 0x026282b3 M   mul         x5, x5, x6
299 1685 0x00000580 0x026282b3 M   mul         x5, x5, x6
300 1689 0x00000584 0x026282b3 M   mul         x5, x5, x6
301 1693 0x00000588 0x026282b3 M   mul         x5, x5, x6
302 1697 0x0000058c 0x026282b3 M   mul         x5, x5, x6
303 1701 0x00000590 0x026282b3 M   mul         x5, x5, x6
304 1705 0x00000594 0x026282b3 M   mul         x5, x5, x6
305 1709 0x00000598 0x026282b3 M   mul         x5, x5, x6
306 1713 0x0000059c 0x026282b3 M   mul         x5, x5, x6
307 1724 0x000005a0 0x026282b3 M   mul         x5, x5, x6
308 1728 0x000005a4 0x026282b3 M   mul         x5, x5, x6
309 1732 0x000005a8 0x026282b3 M   mul         x5, x5, x6
310 1736 0x000005ac 0x026282b3 M   mul         x5, x5, x6
311 1740 0x000005b0 0x026282b3 M   mul         x5, x5, x6
312 1744 0x000005b4 0x026282b3 M   mul         x5, x5, x6
313 1748 0x000005b8 0x026282b3 M   mul         x5, x5, x6
314 1752 0x000005bc 0x026282b3 M   mul         x5, x5, x6
315 1763 0x000005c0 0x026282b3 M   mul         x5, x5, x6
316 1767 0x000005c4 0x026282b3 M   mul         x5, x5, x6
317 1771 0x000005c8 0x026282b3 M   mul         x5, x5, x6
318 1775 0x000005cc 0x026282b3 M   mul         x5, x5, x6
319 1779 0x000005d0 0x026282b3 M   mul         x5, x5, x6
320 1783 0x000005d4 0x026282b3 M   mul         x5, x5, x6
321 1787 0x000005d8 0x026282b3 M   mul         x5, x5, x6
322 1791 0x000005dc 0x026282b3 M   mul         x5, x5, x6
323 1802 0x000005e0 0x026282b3 M   mul         x5, x5, x6
324 1806 0x000005e4 0x026282b3 M   mul         x5, x5, x6
325 1810 0x000005e8 0x026282b3 M   mul         x5, x5, x6
326 1814 0x000005ec 0x026282b3 M   mul         x5, x5, x6
327 1818 0x000005f0 0x026282b3 M   mul         x5, x5, x6
328 1822 0x000005f4 0x026282b3 M   mul         x5, x5, x6
329 1826 0x000005f8 0x026282b3 M   mul         x5, x5, x6
330 1830 0x000005fc 0x026282b3 M   mul         x5, x5, x6
331 1841 0x00000600 0x026282b3 M   mul         x5, x5, x6
332 1845 0x00000604 0x026282b3 M   mul         x5, x5, x6
333 1849 0x00000608 0x026282b3 M   mul         x5, x5, x6
334 1853 0x0000060c 0x026282b3 M   mul         x5, x5, x6
335 1857 0x00000610 0x026282b3 M   mul         x5, x5, x6
336 1861 0x00000614 0x026282b3 M   mul         x5, x5, x6
337 1865 0x00000618 0x026282b3 M   mul         x5, x5, x6
338 1869 0x0000061c 0x026282b3 M   mul         x5, x5, x6
339 1880 0x00000620 0x026282b3 M   mul         x5, x5, x6
340 1884 0x00000624 0x026282b3 M   mul         x5, x5, x6
341 1888 0x00000628 0x026282b3 M   mul         x5, x5, x6
342 1892 0x0000062c 0x026282b3 M   mul         x5, x5, x6
343 1896 0x00000630 0x026282b3 M   mul         x5, x5, x6
344 1900 0x00000634 0x026282b3 M   mul         x5, x5, x6
345 1904 0x00000638 0x026282b3 M   mul         x5, x5, x6
346 1908 0x0000063c 0x026282b3 M   mul         x5, x5, x6
347 1919 0x00000640 0x026282b3 M   mul         x5, x5, x6
348 1923 0x00000644 0x026282b3 M   mul         x5, x5, x6
349 1927 0x00000648 0x026282b3 M   mul         x5, x5, x6
350 1931 0x0000064c 0x026282b3 M   mul         x5, x5, x6
351 1935 0x00000650 0x026282b3 M   mul         x5, x5, x6
352 1939 0x00000654 0x026282b3 M   mul         x5, x5, x6
353 1943 0x00000658 0x026282b3 M   mul         x5, x5, x6
354 1947 0x0000065c 0x026282b3 M   mul         x5, x5, x6
355 1958 0x00000660 0x026282b3 M   mul         x5, x5, x6
356 1962 0x00000664 0x026282b3 M   mul         x5, x5, x6
357 1966 0x00000668 0x026282b3 M   mul         x5, x5, x6
358 1970 0x0000066c 0x026282b3 M   mul         x5, x5, x6
359 1974 0x00000670 0x026282b3 M   mul         x5, x5, x6
360 1978 0x00000674 0x026282b3 M   mul         x5, x5, x6
361 1982 0x00000678 0x026282b3 M   mul         x5, x5, x6
362 1986 0x0000067c 0x026282b3 M   mul         x5, x5, x6
363 1997 0x00000680 0x026282b3 M   mul         x5, x5, x6
364 2001 0x00000684 0x026282b3 M   mul         x5, x5, x6
365 2005 0x00000688 0x026282b3 M   mul         x5, x5, x6
366 2009 0x0000068c 0x026282b3 M   mul         x5, x5, x6
367 2013 0x00000690 0x026282b3 M   mul         x5, x5, x6
368 2017 0x00000694 0x026282b3 M   mul         x5, x5, x6
369 2021 0x00000698 0x026282b3 M   mul         x5, x5, x6
370 2025 0x0000069c 0x026282b3 M   mul         x5, x5, x6
371 2036 0x000006a0 0x026282b3 M   mul         x5, x5, x6
372 2040 0x000006a4 0x026282b3 M   mul         x5, x5, x6
373 2044 0x000006a8 0x026282b3 M   mul         x5, x5, x6
374 2048 0x000006ac 0x026282b3 M   mul         x5, x5, x6
375 2052 0x000006b0 0x026282b3 M   mul         x5, x5, x6
376 2056 0x000006b4 0x026282b3 M   mul         x5, x5, x6
377 2060 0x000006b8 0x026282b3 M   mul         x5, x5, x6
378 2064 0x000006bc 0x026282b3 M   mul         x5, x5, x6
379 2075 0x000006c0 0x026282b3 M   mul         x5, x5, x6
380 2079 0x000006c4 0x026282b3 M   mul         x5, x5, x6
381 2083 0x000006c8 0x026282b3 M   mul         x5, x5, x6
382 2087 0x000006cc 0x026282b3 M   mul         x5, x5, x6
383 2091 0x000006d0 0x026282b3 M   mul         x5, x5, x6
384 2095 0x000006d4 0x026282b3 M   mul         x5, x5, x6
385 2099 0x000006d8 0x026282b3 M   mul         x5, x5, x6
386 2103 0x000006dc 0x026282b3 M   mul         x5, x5, x6
387 2114 0x000006e0 0x026282b3 M   mul         x5, x5, x6
388 2118 0x000006e4 0x026282b3 M   mul         x5, x5, x6
389 2122 0x000006e8 0x026282b3 M   mul         x5, x5, x6
390 2126 0x000006ec 0x026282b3 M   mul         x5, x5, x6
391 2130 0x000006f0 0x026282b3 M   mul         x5, x5, x6
392 2134 0x000006f4 0x026282b3 M   mul         x5, x5, x6
393 2138 0x000006f8 0x026282b3 M   mul         x5, x5, x6
394 2142 0x000006fc 0x026282b3 M   mul         x5, x5, x6
395 2153 0x00000700 0x026282b3 M   mul         x5, x5, x6
396 2157 0x00000704 0x026282b3 M   mul         x5, x5, x6
397 2161 0x00000708 0x026282b3 M   mul         x5, x5, x6
398 2165 0x0000070c 0x026282b3 M   mul         x5, x5, x6
399 2169 0x00000710 0x026282b3 M   mul         x5, x5, x6
400 2173 0x00000714 0x026282b3 M   mul         x5, x5, x6
401 2177 0x00000718 0x026282b3 M   mul         x5, x5, x6
402 2181 0x0000071c 0x026282b3 M   mul         x5, x5, x6
403 2192 0x00000720 0x026282b3 M   mul         x5, x5, x6
404 2196 0x00000724 0x026282b3 M   mul         x5, x5, x6
405 2200 0x00000728 0x026282b3 M   mul         x5, x5, x6
406 2204 0x0000072c 0x026282b3 M   mul         x5, x5, x6
407 2208 0x00000730 0x026282b3 M   mul         x5, x5, x6
408 2212 0x00000734 0x026282b3 M   mul         x5, x5, x6
409 2216 0x00000738 0x026282b3 M   mul         x5, x5, x6
410 2220 0x0000073c 0x026282b3 M   mul         x5, x5, x6
411 2231 0x00000740 0x026282b3 M   mul         x5, x5, x6
412 2235 0x00000744 0x026282b3 M   mul         x5, x5, x6
413 2239 0x00000748 0x026282b3 M   mul         x5, x5, x6
414 2243 0x0000074c 0x026282b3 M   mul         x5, x5, x6
415 2247 0x00000750 0x026282b3 M   mul         x5, x5, x6
416 2251 0x00000754 0x026282b3 M   mul         x5, x5, x6
417 2255 0x00000758 0x026282b3 M   mul         x5, x5, x6
418 2259 0x0000075c 0x026282b3 M   mul         x5, x5, x6
419 2270 0x00000760 0x026282b3 M   mul         x5, x5, x6
420 2274 0x00000764 0x026282b3 M   mul         x5, x5, x6
421 2278 0x00000768 0x026282b3 M   mul         x5, x5, x6
422 2282 0x0000076c 0x026282b3 M   mul         x5, x5, x6
423 2286 0x00000770 0x026282b3 M   mul         x5, x5, x6
424 2290 0x00000774 0x026282b3 M   mul         x5, x5, x6
425 2294 0x00000778 0x026282b3 M   mul         x5, x5, x6
426 2298 0x0000077c 0x026282b3 M   mul         x5, x5, x6
427 2309 0x00000780 0x026282b3 M   mul         x5, x5, x6
428 2313 0x00000784 0x026282b3 M   mul         x5, x5, x6
429 2317 0x00000788 0x026282b3 M   mul         x5, x5, x6
430 2321 0x0000078c 0x026282b3 M   mul         x5, x5, x6
431 2325 0x00000790 0x026282b3 M   mul         x5, x5, x6
432 2329 0x00000794 0x026282b3 M   mul         x5, x5, x6
433 2333 0x00000798 0x026282b3 M   mul         x5, x5, x6
434 2337 0x0000079c 0x026282b3 M   mul         x5, x5, x6
435 2348 0x000007a0 0x026282b3 M   mul         x5, x5, x6
436 2352 0x000007a4 0x026282b3 M   mul         x5, x5, x6
437 2356 0x000007a8 0x026282b3 M   mul         x5, x5, x6
438 2360 0x000007ac 0x026282b3 M   mul         x5, x5, x6
439 2364 0x000007b0 0x026282b3 M   mul         x5, x5, x6
440 2368 0x000007b4 0x026282b3 M   mul         x5, x5, x6
441 2372 0x000007b8 0x026282b3 M   mul         x5, x5, x6
442 2376 0x000007bc 0x026282b3 M   mul         x5, x5, x6
443 2387 0x000007c0 0x026282b3 M   mul         x5, x5, x6
444 2391 0x000007c4 0x026282b3 M   mul         x5, x5, x6
445 2395 0x000007c8 0x026282b3 M   mul         x5, x5, x6
446 2399 0x000007cc 0x026282b3 M   mul         x5, x5, x6
447 2403 0x000007d0 0x026282b3 M   mul         x5, x5, x6
448 2407 0x000007d4 0x026282b3 M   mul         x5, x5, x6
449 2411 0x000007d8 0x026282b3 M   mul         x5, x5, x6
450 2415 0x000007dc 0x026282b3 M   mul         x5, x5, x6
451 2426 0x000007e0 0x026282b3 M   mul         x5, x5, x6
452 2430 0x000007e4 0x026282b3 M   mul         x5, x5, x6
453 2434 0x000007e8 0x026282b3 M   mul         x5, x5, x6
454 2438 0x000007ec 0x026282b3 M   mul         x5, x5, x6
455 2442 0x000007f0 0x026282b3 M   mul         x5, x5, x6
456 2446 0x000007f4 0x026282b3 M   mul         x5, x5, x6
457 2450 0x000007f8 0x026282b3 M   mul         x5, x5, x6
458 2454 0x000007fc 0x026282b3 M   mul         x5, x5, x6
459 2465 0x00000800 0x026282b3 M   mul         x5, x5, x6
460 2469 0x00000804 0x026282b3 M   mul         x5, x5, x6
461 2473 0x00000808 0x026282b3 M   mul         x5, x5, x6
462 2477 0x0000080c 0x026282b3 M   mul         x5, x5, x6
463 2481 0x00000810 0x026282b3 M   mul         x5, x5, x6
464 2485 0x00000814 0x026282b3 M   mul         x5, x5, x6
465 2489 0x00000818 0x026282b3 M   mul         x5, x5, x6
466 2493 0x0000081c 0x026282b3 M   mul         x5, x5, x6
467 2504 0x00000820 0x026282b3 M   mul         x5, x5, x6
468 2508 0x00000824 0x026282b3 M   mul         x5, x5, x6
469 2512 0x00000828 0x026282b3 M   mul         x5, x5, x6
470 2516 0x0000082c 0x026282b3 M   mul         x5, x5, x6
471 2520 0x00000830 0x026282b3 M   mul         x5, x5, x6
472 2524 0x00000834 0x026282b3 M   mul         x5, x5, x6
473 2528 0x00000838 0x026282b3 M   mul         x5, x5, x6
474 2532 0x0000083c 0x026282b3 M   mul         x5, x5, x6
475 2543 0x00000840 0x026282b3 M   mul         x5, x5, x6
476 2547 0x00000844 0x026282b3 M   mul         x5, x5, x6
477 2551 0x00000848 0x026282b3 M   mul         x5, x5, x6
478 2555 0x0000084c 0x026282b3 M   mul         x5, x5, x6
479 2559 0x00000850 0x026282b3 M   mul         x5, x5, x6
480 2563 0x00000854 0x026282b3 M   mul         x5, x5, x6
481 2567 0x00000858 0x026282b3 M   mul         x5, x5, x6
482 2571 0x0000085c 0x026282b3 M   mul         x5, x5, x6
483 2582 0x00000860 0x026282b3 M   mul         x5, x5, x6
484 2586 0x00000864 0x026282b3 M   mul         x5, x5, x6
485 2590 0x00000868 0x026282b3 M   mul         x5, x5, x6
486 2594 0x0000086c 0x026282b3 M   mul         x5, x5, x6
487 2598 0x00000870 0x026282b3 M   mul         x5, x5, x6
488 2602 0x00000874 0x026282b3 M   mul         x5, x5, x6
489 2606 0x00000878 0x026282b3 M   mul         x5, x5, x6
490 2610 0x0000087c 0x026282b3 M   mul         x5, x5, x6
491 2621 0x00000880 0x026282b3 M   mul         x5, x5, x6
492 2625 0x00000884 0x026282b3 M   mul         x5, x5, x6
493 2629 0x00000888 0x026282b3 M   mul         x5, x5, x6
494 2633 0x0000088c 0x026282b3 M   mul         x5, x5, x6
495 2637 0x00000890 0x026282b3 M   mul         x5, x5, x6
496 2641 0x00000894 0x026282b3 M   mul         x5, x5, x6
497 2645 0x00000898 0x026282b3 M   mul         x5, x5, x6
498 2649 0x0000089c 0x026282b3 M   mul         x5, x5, x6
499 2660 0x000008a0 0x026282b3 M   mul         x5, x5, x6
500 2664 0x000008a4 0x026282b3 M   mul         x5, x5, x6
501 2668 0x000008a8 0x026282b3 M   mul         x5, x5, x6
502 2672 0x000008ac 0x026282b3 M   mul         x5, x5, x6
503 2676 0x000008b0 0x026282b3 M   mul         x5, x5, x6
504 2680 0x000008b4 0x026282b3 M   mul         x5, x5, x6
505 2684 0x000008b8 0x026282b3 M   mul         x5, x5, x6
506 2688 0x000008bc 0x026282b3 M   mul         x5, x5, x6
507 2699 0x000008c0 0x026282b3 M   mul         x5, x5, x6
508 2703 0x000008c4 0x026282b3 M   mul         x5, x5, x6
509 2707 0x000008c8 0x026282b3 M   mul         x5, x5, x6
510 2711 0x000008cc 0x026282b3 M   mul         x5, x5, x6
511 2715 0x000008d0 0x026282b3 M   mul         x5, x5, x6
512 2719 0x000008d4 0x026282b3 M   mul         x5, x5, x6
513 2723 0x000008d8 0x026282b3 M   mul         x5, x5, x6
514 2727 0x000008dc 0x026282b3 M   mul         x5, x5, x6
515 2738 0x000008e0 0x026282b3 M   mul         x5, x5, x6
516 2742 0x000008e4 0x026282b3 M   mul         x5, x5, x6
517 2746 0x000008e8 0x026282b3 M   mul         x5, x5, x6
518 2750 0x000008ec 0x026282b3 M   mul         x5, x5, x6
519 2754 0x000008f0 0x026282b3 M   mul         x5, x5, x6
520 2758 0x000008f4 0x026282b3 M   mul         x5, x5, x6
521 2762 0x000008f8 0x026282b3 M   mul         x5, x5, x6
522 2766 0x000008fc 0x026282b3 M   mul         x5, x5, x6
523 2777 0x00000900 0x026282b3 M   mul         x5, x5, x6
524 2781 0x00000904 0x026282b3 M   mul         x5, x5, x6
525 2785 0x00000908 0x026282b3 M   mul         x5, x5, x6
526 2789 0x0000090c 0x026282b3 M   mul         x5, x5, x6
527 2793 0x00000910 0x026282b3 M   mul         x5, x5, x6
528 2797 0x00000914 0x026282b3 M   mul         x5, x5, x6
529 2801 0x00000918 0x026282b3 M   mul         x5, x5, x6
530 2805 0x0000091c 0x026282b3 M   mul         x5, x5, x6
531 2816 0x00000920 0x026282b3 M   mul         x5, x5, x6
532 2820 0x00000924 0x026282b3 M   mul         x5, x5, x6
533 2824 0x00000928 0x026282b3 M   mul         x5, x5, x6
534 2828 0x0000092c 0x026282b3 M   mul         x5, x5, x6
535 2832 0x00000930 0x026282b3 M   mul         x5, x5, x6
536 2836 0x00000934 0x026282b3 M   mul         x5, x5, x6
537 2840 0x00000938 0x026282b3 M   mul         x5, x5, x6
538 2844 0x0000093c 0x026282b3 M   mul         x5, x5, x6
539 2855 0x00000940 0x026282b3 M   mul         x5, x5, x6
540 2859 0x00000944 0x026282b3 M   mul         x5, x5, x6
541 2863 0x00000948 0x026282b3 M   mul         x5, x5, x6
542 2867 0x0000094c 0x026282b3 M   mul         x5, x5, x6
543 2871 0x00000950 0x026282b3 M   mul         x5, x5, x6
544 2875 0x00000954 0x026282b3 M   mul         x5, x5, x6
545 2879 0x00000958 0x026282b3 M   mul         x5, x5, x6
546 2883 0x0000095c 0x026282b3 M   mul         x5, x5, x6
547 2894 0x00000960 0x026282b3 M   mul         x5, x5, x6
548 2898 0x00000964 0x026282b3 M   mul         x5, x5, x6
549 2902 0x00000968 0x026282b3 M   mul         x5, x5, x6
550 2906 0x0000096c 0x026282b3 M   mul         x5, x5, x6
551 2910 0x00000970 0x026282b3 M   mul         x5, x5, x6
552 2914 0x00000974 0x026282b3 M   mul         x5, x5, x6
553 2918 0x00000978 0x026282b3 M   mul         x5, x5, x6
554 2922 0x0000097c 0x026282b3 M   mul         x5, x5, x6
555 2933 0x00000980 0x026282b3 M   mul         x5, x5, x6
556 2937 0x00000984 0x026282b3 M   mul         x5, x5, x6
557 2941 0x00000988 0x026282b3 M   mul         x5, x5, x6
558 2945 0x0000098c 0x026282b3 M   mul         x5, x5, x6
559 2949 0x00000990 0x026282b3 M   mul         x5, x5, x6
560 2953 0x00000994 0x026282b3 M   mul         x5, x5, x6
561 2957 0x00000998 0x026282b3 M   mul         x5, x5, x6
562 2961 0x0000099c 0x026282b3 M   mul         x5, x5, x6
563 2972 0x000009a0 0x026282b3 M   mul         x5, x5, x6
564 2976 0x000009a4 0x026282b3 M   mul         x5, x5, x6
565 2980 0x000009a8 0x026282b3 M   mul         x5, x5, x6
566 2984 0x000009ac 0x026282b3 M   mul         x5, x5, x6
567 2988 0x000009b0 0x026282b3 M   mul         x5, x5, x6
568 2992 0x000009b4 0x026282b3 M   mul         x5, x5, x6
569 2996 0x000009b8 0x026282b3 M   mul         x5, x5, x6
570 3000 0x000009bc 0x026282b3 M   mul         x5, x5, x6
571 3011 0x000009c0 0x026282b3 M   mul         x5, x5, x6
572 3015 0x000009c4 0x026282b3 M   mul         x5, x5, x6
573 3019 0x000009c8 0x026282b3 M   mul         x5, x5, x6
574 3023 0x000009cc 0x026282b3 M   mul         x5, x5, x6
575 3027 0x000009d0 0x026282b3 M   mul         x5, x5, x6
576 3031 0x000009d4 0x026282b3 M   mul         x5, x5, x6
577 3035 0x000009d8 0x026282b3 M   mul         x5, x5, x6
578 3039 0x000009dc 0x026282b3 M   mul         x5, x5, x6
579 3050 0x000009e0 0x026282b3 M   mul         x5, x5, x6
580 3054 0x000009e4 0x026282b3 M   mul         x5, x5, x6
581 3058 0x000009e8 0x026282b3 M   mul         x5, x5, x6
582 3062 0x000009ec 0x026282b3 M   mul         x5, x5, x6
583 3066 0x000009f0 0x026282b3 M   mul         x5, x5, x6
584 3070 0x000009f4 0x026282b3 M   mul         x5, x5, x6
585 3074 0x000009f8 0x026282b3 M   mul         x5, x5, x6
586 3078 0x000009fc 0x026282b3 M   mul         x5, x5, x6
587 3089 0x00000a00 0x026282b3 M   mul         x5, x5, x6
588 3093 0x00000a04 0x026282b3 M   mul         x5, x5, x6
589 3097 0x00000a08 0x026282b3 M   mul         x5, x5, x6
590 3101 0x00000a0c 0x026282b3 M   mul         x5, x5, x6
591 3105 0x00000a10 0x026282b3 M   mul         x5, x5, x6
592 3109 0x00000a14 0x026282b3 M   mul         x5, x5, x6
593 3113 0x00000a18 0x026282b3 M   mul         x5, x5, x6
594 3117 0x00000a1c 0x026282b3 M   mul         x5, x5, x6
595 3128 0x00000a20 0x026282b3 M   mul         x5, x5, x6
596 3132 0x00000a24 0x026282b3 M   mul         x5, x5, x6
597 3136 0x00000a28 0x026282b3 M   mul         x5, x5, x6
598 3140 0x00000a2c 0x026282b3 M   mul         x5, x5, x6
599 3144 0x00000a30 0x026282b3 M   mul         x5, x5, x6
600 3148 0x00000a34 0x026282b3 M   mul         x5, x5, x6
601 3152 0x00000a38 0x026282b3 M   mul         x5, x5, x6
602 3156 0x00000a3c 0x026282b3 M   mul         x5, x5, x6
603 3167 0x00000a40 0x026282b3 M   mul         x5, x5, x6
604 3171 0x00000a44 0x026282b3 M   mul         x5, x5, x6
605 3175 0x00000a48 0x026282b3 M   mul         x5, x5, x6
606 3179 0x00000a4c 0x026282b3 M   mul         x5, x5, x6
607 3183 0x00000a50 0x026282b3 M   mul         x5, x5, x6
608 3187 0x00000a54 0x026282b3 M   mul         x5, x5, x6
609 3191 0x00000a58 0x026282b3 M   mul         x5, x5, x6
610 3195 0x00000a5c 0x026282b3 M   mul         x5, x5, x6
611 3206 0x00000a60 0x026282b3 M   mul         x5, x5, x6
612 3210 0x00000a64 0x026282b3 M   mul         x5, x5, x6
613 3214 0x00000a68 0x026282b3 M   mul         x5, x5, x6
614 3218 0x00000a6c 0x026282b3 M   mul         x5, x5, x6
615 3222 0x00000a70 0x026282b3 M   mul         x5, x5, x6
616 3226 0x00000a74 0x026282b3 M   mul         x5, x5, x6
617 3230 0x00000a78 0x026282b3 M   mul         x5, x5, x6
618 3234 0x00000a7c 0x026282b3 M   mul         x5, x5, x6
619 3245 0x00000a80 0x026282b3 M   mul         x5, x5, x6
620 3249 0x00000a84 0x026282b3 M   mul         x5, x5, x6
621 3253 0x00000a88 0x026282b3 M   mul         x5, x5, x6
622 3257 0x00000a8c 0x026282b3 M   mul         x5, x5, x6
623 3261 0x00000a90 0x026282b3 M   mul         x5, x5, x6
624 3265 0x00000a94 0x026282b3 M   mul         x5, x5, x6
625 3269 0x00000a98 0x026282b3 M   mul         x5, x5, x6
626 3273 0x00000a9c 0x026282b3 M   mul         x5, x5, x6
627 3284 0x00000aa0 0x026282b3 M   mul         x5, x5, x6
628 3288 0x00000aa4 0x026282b3 M   mul         x5, x5, x6
629 3292 0x00000aa8 0x026282b3 M   mul         x5, x5, x6
630 3296 0x00000aac 0x026282b3 M   mul         x5, x5, x6
631 3300 0x00000ab0 0x026282b3 M   mul         x5, x5, x6
632 3304 0x00000ab4 0x026282b3 M   mul         x5, x5, x6
633 3308 0x00000ab8 0x026282b3 M   mul         x5, x5, x6
634 3312 0x00000abc 0x026282b3 M   mul         x5, x5, x6
635 3323 0x00000ac0 0x026282b3 M   mul         x5, x5, x6
636 3327 0x00000ac4 0x026282b3 M   mul         x5, x5, x6
637 3331 0x00000ac8 0x026282b3 M   mul         x5, x5, x6
638 3335 0x00000acc 0x026282b3 M   mul         x5, x5, x6
639 3339 0x00000ad0 0x026282b3 M   mul         x5, x5, x6
640 3343 0x00000ad4 0x026282b3 M   mul         x5, x5, x6
641 3347 0x00000ad8 0x026282b3 M   mul         x5, x5, x6
642 3351 0x00000adc 0x026282b3 M   mul         x5, x5, x6
643 3362 0x00000ae0 0x026282b3 M   mul         x5, x5, x6
644 3366 0x00000ae4 0x026282b3 M   mul         x5, x5, x6
645 3370 0x00000ae8 0x026282b3 M   mul         x5, x5, x6
646 3374 0x00000aec 0x026282b3 M   mul         x5, x5, x6
647 3378 0x00000af0 0x026282b3 M   mul         x5, x5, x6
648 3382 0x00000af4 0x026282b3 M   mul         x5, x5, x6
649 3386 0x00000af8 0x026282b3 M   mul         x5, x5, x6
650 3390 0x00000afc 0x026282b3 M   mul         x5, x5, x6
651 3401 0x00000b00 0x026282b3 M   mul         x5, x5, x6
652 3405 0x00000b04 0x026282b3 M   mul         x5, x5, x6
653 3409 0x00000b08 0x026282b3 M   mul         x5, x5, x6
654 3413 0x00000b0c 0x026282b3 M   mul         x5, x5, x6
655 3417 0x00000b10 0x026282b3 M   mul         x5, x5, x6
656 3421 0x00000b14 0x026282b3 M   mul         x5, x5, x6
657 3425 0x00000b18 0x026282b3 M   mul         x5, x5, x6
658 3429 0x00000b1c 0x026282b3 M   mul         x5, x5, x6
659 3440 0x00000b20 0x026282b3 M   mul         x5, x5, x6
660 3444 0x00000b24 0x026282b3 M   mul         x5, x5, x6
661 3448 0x00000b28 0x026282b3 M   mul         x5, x5, x6
662 3452 0x00000b2c 0x026282b3 M   mul         x5, x5, x6
663 3456 0x00000b30 0x026282b3 M   mul         x5, x5, x6
664 3460 0x00000b34 0x026282b3 M   mul         x5, x5, x6
665 3464 0x00000b38 0x026282b3 M   mul         x5, x5, x6
666 3468 0x00000b3c 0x026282b3 M   mul         x5, x5, x6
667 3479 0x00000b40 0x026282b3 M   mul         x5, x5, x6
668 3483 0x00000b44 0x026282b3 M   mul         x5, x5, x6
669 3487 0x00000b48 0x026282b3 M   mul         x5, x5, x6
670 3491 0x00000b4c 0x026282b3 M   mul         x5, x5, x6
671 3495 0x00000b50 0x026282b3 M   mul         x5, x5, x6
672 3499 0x00000b54 0x026282b3 M   mul         x5, x5, x6
673 3503 0x00000b58 0x026282b3 M   mul         x5, x5, x6
674 3507 0x00000b5c 0x026282b3 M   mul         x5, x5, x6
675 3518 0x00000b60 0x026282b3 M   mul         x5, x5, x6
676 3522 0x00000b64 0x026282b3 M   mul         x5, x5, x6
677 3526 0x00000b68 0x026282b3 M   mul         x5, x5, x6
678 3530 0x00000b6c 0x026282b3 M   mul         x5, x5, x6
679 3534 0x00000b70 0x026282b3 M   mul         x5, x5, x6
680 3538 0x00000b74 0x026282b3 M   mul         x5, x5, x6
681 3542 0x00000b78 0x026282b3 M   mul         x5, x5, x6
682 3546 0x00000b7c 0x026282b3 M   mul         x5, x5, x6
683 3557 0x00000b80 0x026282b3 M   mul         x5, x5, x6
684 3561 0x00000b84 0x026282b3 M   mul         x5, x5, x6
685 3565 0x00000b88 0x026282b3 M   mul         x5, x5, x6
686 3569 0x00000b8c 0x026282b3 M   mul         x5, x5, x6
687 3573 0x00000b90 0x026282b3 M   mul         x5, x5, x6
688 3577 0x00000b94 0x026282b3 M   mul         x5, x5, x6
689 3581 0x00000b98 0x026282b3 M   mul         x5, x5, x6
690 3585 0x00000b9c 0x026282b3 M   mul         x5, x5, x6
691 3596 0x00000ba0 0x026282b3 M   mul         x5, x5, x6
692 3600 0x00000ba4 0x026282b3 M   mul         x5, x5, x6
693 3604 0x00000ba8 0x026282b3 M   mul         x5, x5, x6
694 3608 0x00000bac 0x026282b3 M   mul         x5, x5, x6
695 3612 0x00000bb0 0x026282b3 M   mul         x5, x5, x6
696 3616 0x00000bb4 0x026282b3 M   mul         x5, x5, x6
697 3620 0x00000bb8 0x026282b3 M   mul         x5, x5, x6
698 3624 0x00000bbc 0x026282b3 M   mul         x5, x5, x6
699 3635 0x00000bc0 0x026282b3 M   mul         x5, x5, x6
700 3639 0x00000bc4 0x026282b3 M   mul         x5, x5, x6
701 3643 0x00000bc8 0x026282b3 M   mul         x5, x5, x6
702 3647 0x00000bcc 0x026282b3 M   mul         x5, x5, x6
703 3651 0x00000bd0 0x026282b3 M   mul         x5, x5, x6
704 3655 0x00000bd4 0x026282b3 M   mul         x5, x5, x6
705 3659 0x00000bd8 0x026282b3 M   mul         x5, x5, x6
706 3663 0x00000bdc 0x026282b3 M   mul         x5, x5, x6
707 3674 0x00000be0 0x026282b3 M   mul         x5, x5, x6
708 3678 0x00000be4 0x026282b3 M   mul         x5, x5, x6
709 3682 0x00000be8 0x026282b3 M   mul         x5, x5, x6
710 3686 0x00000bec 0x026282b3 M   mul         x5, x5, x6
711 3690 0x00000bf0 0x026282b3 M   mul         x5, x5, x6
712 3694 0x00000bf4 0x026282b3 M   mul         x5, x5, x6
713 3698 0x00000bf8 0x026282b3 M   mul         x5, x5, x6
714 3702 0x00000bfc 0x026282b3 M   mul         x5, x5, x6
715 3713 0x00000c00 0x026282b3 M   mul         x5, x5, x6
716 3717 0x00000c04 0x026282b3 M   mul         x5, x5, x6
717 3721 0x00000c08 0x026282b3 M   mul         x5, x5, x6
718 3725 0x00000c0c 0x026282b3 M   mul         x5, x5, x6
719 3729 0x00000c10 0x026282b3 M   mul         x5, x5, x6
720 3733 0x00000c14 0x026282b3 M   mul         x5, x5, x6
721 3737 0x00000c18 0x026282b3 M   mul         x5, x5, x6
722 3741 0x00000c1c 0x026282b3 M   mul         x5, x5, x6
723 3752 0x00000c20 0x026282b3 M   mul         x5, x5, x6
724 3756 0x00000c24 0x026282b3 M   mul         x5, x5, x6
725 3760 0x00000c28 0x026282b3 M   mul         x5, x5, x6
726 3764 0x00000c2c 0x026282b3 M   mul         x5, x5, x6
727 3768 0x00000c30 0x026282b3 M   mul         x5, x5, x6
728 3772 0x00000c34 0x026282b3 M   mul         x5, x5, x6
729 3776 0x00000c38 0x026282b3 M   mul         x5, x5, x6
730 3780 0x00000c3c 0x026282b3 M   mul         x5, x5, x6
731 3791 0x00000c40 0x026282b3 M   mul         x5, x5, x6
732 3795 0x00000c44 0x026282b3 M   mul         x5, x5, x6
733 3799 0x00000c48 0x026282b3 M   mul         x5, x5, x6
734 3803 0x00000c4c 0x026282b3 M   mul         x5, x5, x6
735 3807 0x00000c50 0x026282b3 M   mul         x5, x5, x6
736 3811 0x00000c54 0x026282b3 M   mul         x5, x5, x6
737 3815 0x00000c58 0x026282b3 M   mul         x5, x5, x6
738 3819 0x00000c5c 0x026282b3 M   mul         x5, x5, x6
739 3830 0x00000c60 0x026282b3 M   mul         x5, x5, x6
740 3834 0x00000c64 0x026282b3 M   mul         x5, x5, x6
741 3838 0x00000c68 0x026282b3 M   mul         x5, x5, x6
742 3842 0x00000c6c 0x026282b3 M   mul         x5, x5, x6
743 3846 0x00000c70 0x026282b3 M   mul         x5, x5, x6
744 3850 0x00000c74 0x026282b3 M   mul         x5, x5, x6
745 3854 0x00000c78 0x026282b3 M   mul         x5, x5, x6
746 3858 0x00000c7c 0x026282b3 M   mul         x5, x5, x6
747 3869 0x00000c80 0x026282b3 M   mul         x5, x5, x6
748 3873 0x00000c84 0x026282b3 M   mul         x5, x5, x6
749 3877 0x00000c88 0x026282b3 M   mul         x5, x5, x6
750 3881 0x00000c8c 0x026282b3 M   mul         x5, x5, x6
751 3885 0x00000c90 0x026282b3 M   mul         x5, x5, x6
752 3889 0x00000c94 0x026282b3 M   mul         x5, x5, x6
753 3893 0x00000c98 0x026282b3 M   mul         x5, x5, x6
754 3897 0x00000c9c 0x026282b3 M   mul         x5, x5, x6
755 3908 0x00000ca0 0x026282b3 M   mul         x5, x5, x6
756 3912 0x00000ca4 0x026282b3 M   mul         x5, x5, x6
757 3916 0x00000ca8 0x026282b3 M   mul         x5, x5, x6
758 3920 0x00000cac 0x026282b3 M   mul         x5, x5, x6
759 3924 0x00000cb0 0x026282b3 M   mul         x5, x5, x6
760 3928 0x00000cb4 0x026282b3 M   mul         x5, x5, x6
761 3932 0x00000cb8 0x026282b3 M   mul         x5, x5, x6
762 3936 0x00000cbc 0x026282b3 M   mul         x5, x5, x6
763 3947 0x00000cc0 0x026282b3 M   mul         x5, x5, x6
764 3951 0x00000cc4 0x026282b3 M   mul         x5, x5, x6
765 3955 0x00000cc8 0x026282b3 M   mul         x5, x5, x6
766 3959 0x00000ccc 0x026282b3 M   mul         x5, x5, x6
767 3963 0x00000cd0 0x026282b3 M   mul         x5, x5, x6
768 3967 0x00000cd4 0x026282b3 M   mul         x5, x5, x6
769 3971 0x00000cd8 0x026282b3 M   mul         x5, x5, x6
770 3975 0x00000cdc 0x026282b3 M   mul         x5, x5, x6
771 3986 0x00000ce0 0x026282b3 M   mul         x5, x5, x6
772 3990 0x00000ce4 0x026282b3 M   mul         x5, x5, x6
773 3994 0x00000ce8 0x026282b3 M   mul         x5, x5, x6
774 3998 0x00000cec 0x026282b3 M   mul         x5, x5, x6
775 4002 0x00000cf0 0x026282b3 M   mul         x5, x5, x6
776 4006 0x00000cf4 0x026282b3 M   mul         x5, x5, x6
777 4010 0x00000cf8 0x026282b3 M   mul         x5, x5, x6
778 4014 0x00000cfc 0x026282b3 M   mul         x5, x5, x6
779 4025 0x00000d00 0x026282b3 M   mul         x5, x5, x6
780 4029 0x00000d04 0x026282b3 M   mul         x5, x5, x6
781 4033 0x00000d08 0x026282b3 M   mul         x5, x5, x6
782 4037 0x00000d0c 0x026282b3 M   mul         x5, x5, x6
783 4041 0x00000d10 0x026282b3 M   mul         x5, x5, x6
784 4045 0x00000d14 0x026282b3 M   mul         x5, x5, x6
785 4049 0x00000d18 0x026282b3 M   mul         x5, x5, x6
786 4053 0x00000d1c 0x026282b3 M   mul         x5, x5, x6
787 4064 0x00000d20 0x026282b3 M   mul         x5, x5, x6
788 4068 0x00000d24 0x026282b3 M   mul         x5, x5, x6
789 4072 0x00000d28 0x026282b3 M   mul         x5, x5, x6
790 4076 0x00000d2c 0x026282b3 M   mul         x5, x5, x6
791 4080 0x00000d30 0x026282b3 M   mul         x5, x5, x6
792 4084 0x00000d34 0x026282b3 M   mul         x5, x5, x6
793 4088 0x00000d38 0x026282b3 M   mul         x5, x5, x6
794 4092 0x00000d3c 0x026282b3 M   mul         x5, x5, x6
795 4103 0x00000d40 0x026282b3 M   mul         x5, x5, x6
796 4107 0x00000d44 0x026282b3 M   mul         x5, x5, x6
797 4111 0x00000d48 0x026282b3 M   mul         x5, x5, x6
798 4115 0x00000d4c 0x026282b3 M   mul         x5, x5, x6
799 4119 0x00000d50 0x026282b3 M   mul         x5, x5, x6
800 4123 0x00000d54 0x026282b3 M   mul         x5, x5, x6
801 4127 0x00000d58 0x026282b3 M   mul         x5, x5, x6
802 4131 0x00000d5c 0x026282b3 M   mul         x5, x5, x6
803 4142 0x00000d60 0x026282b3 M   mul         x5, x5, x6
804 4146 0x00000d64 0x026282b3 M   mul         x5, x5, x6
805 4150 0x00000d68 0x026282b3 M   mul         x5, x5, x6
806 4154 0x00000d6c 0x026282b3 M   mul         x5, x5, x6
807 4158 0x00000d70 0x026282b3 M   mul         x5, x5, x6
808 4162 0x00000d74 0x026282b3 M   mul         x5, x5, x6
809 4166 0x00000d78 0x026282b3 M   mul         x5, x5, x6
810 4170 0x00000d7c 0x026282b3 M   mul         x5, x5, x6
811 4181 0x00000d80 0x026282b3 M   mul         x5, x5, x6
812 4185 0x00000d84 0x026282b3 M   mul         x5, x5, x6
813 4189 0x00000d88 0x026282b3 M   mul         x5, x5, x6
814 4193 0x00000d8c 0x026282b3 M   mul         x5, x5, x6
815 4197 0x00000d90 0x026282b3 M   mul         x5, x5, x6
816 4201 0x00000d94 0x026282b3 M   mul         x5, x5, x6
817 4205 0x00000d98 0x026282b3 M   mul         x5, x5, x6
818 4209 0x00000d9c 0x026282b3 M   mul         x5, x5, x6
819 4220 0x00000da0 0x026282b3 M   mul         x5, x5, x6
820 4224 0x00000da4 0x026282b3 M   mul         x5, x5, x6
821 4228 0x00000da8 0x026282b3 M   mul         x5, x5, x6
822 4232 0x00000dac 0x026282b3 M   mul         x5, x5, x6
823 4236 0x00000db0 0x026282b3 M   mul         x5, x5, x6
824 4240 0x00000db4 0x026282b3 M   mul         x5, x5, x6
825 4244 0x00000db8 0x026282b3 M   mul         x5, x5, x6
826 4248 0x00000dbc 0x026282b3 M   mul         x5, x5, x6
827 4259 0x00000dc0 0x026282b3 M   mul         x5, x5, x6
828 4263 0x00000dc4 0x026282b3 M   mul         x5, x5, x6
829 4267 0x00000dc8 0x026282b3 M   mul         x5, x5, x6
830 4271 0x00000dcc 0x026282b3 M   mul         x5, x5, x6
831 4275 0x00000dd0 0x026282b3 M   mul         x5, x5, x6
832 4279 0x00000dd4 0x026282b3 M   mul         x5, x5, x6
833 4283 0x00000dd8 0x026282b3 M   mul         x5, x5, x6
834 4287 0x00000ddc 0x026282b3 M   mul         x5, x5, x6
835 4298 0x00000de0 0x026282b3 M   mul         x5, x5, x6
836 4302 0x00000de4 0x026282b3 M   mul         x5, x5, x6
837 4306 0x00000de8 0x026282b3 M   mul         x5, x5, x6
838 4310 0x00000dec 0x026282b3 M   mul         x5, x5, x6
839 4314 0x00000df0 0x026282b3 M   mul         x5, x5, x6
840 4318 0x00000df4 0x026282b3 M   mul         x5, x5, x6
841 4322 0x00000df8 0x026282b3 M   mul         x5, x5, x6
842 4326 0x00000dfc 0x026282b3 M   mul         x5, x5, x6
843 4337 0x00000e00 0x026282b3 M   mul         x5, x5, x6
844 4341 0x00000e04 0x026282b3 M   mul         x5, x5, x6
845 4345 0x00000e08 0x026282b3 M   mul         x5, x5, x6
846 4349 0x00000e0c 0x026282b3 M   mul         x5, x5, x6
847 4353 0x00000e10 0x026282b3 M   mul         x5, x5, x6
848 4357 0x00000e14 0x026282b3 M   mul         x5, x5, x6
849 4361 0x00000e18 0x026282b3 M   mul         x5, x5, x6
850 4365 0x00000e1c 0x026282b3 M   mul         x5, x5, x6
851 4376 0x00000e20 0x026282b3 M   mul         x5, x5, x6
852 4380 0x00000e24 0x026282b3 M   mul         x5, x5, x6
853 4384 0x00000e28 0x026282b3 M   mul         x5, x5, x6
854 4388 0x00000e2c 0x026282b3 M   mul         x5, x5, x6
855 4392 0x00000e30 0x026282b3 M   mul         x5, x5, x6
856 4396 0x00000e34 0x026282b3 M   mul         x5, x5, x6
857 4400 0x00000e38 0x026282b3 M   mul         x5, x5, x6
858 4404 0x00000e3c 0x026282b3 M   mul         x5, x5, x6
859 4415 0x00000e40 0x026282b3 M   mul         x5, x5, x6
860 4419 0x00000e44 0x026282b3 M   mul         x5, x5, x6
861 4423 0x00000e48 0x026282b3 M   mul         x5, x5, x6
862 4427 0x00000e4c 0x026282b3 M   mul         x5, x5, x6
863 4431 0x00000e50 0x026282b3 M   mul         x5, x5, x6
864 4435 0x00000e54 0x026282b3 M   mul         x5, x5, x6
865 4439 0x00000e58 0x026282b3 M   mul         x5, x5, x6
866 4443 0x00000e5c 0x026282b3 M   mul         x5, x5, x6
867 4454 0x00000e60 0x026282b3 M   mul         x5, x5, x6
868 4458 0x00000e64 0x026282b3 M   mul         x5, x5, x6
869 4462 0x00000e68 0x026282b3 M   mul         x5, x5, x6
870 4466 0x00000e6c 0x026282b3 M   mul         x5, x5, x6
871 4470 0x00000e70 0x026282b3 M   mul         x5, x5, x6
872 4474 0x00000e74 0x026282b3 M   mul         x5, x5, x6
873 4478 0x00000e78 0x026282b3 M   mul         x5, x5, x6
874 4482 0x00000e7c 0x026282b3 M   mul         x5, x5, x6
875 4493 0x00000e80 0x026282b3 M   mul         x5, x5, x6
876 4497 0x00000e84 0x026282b3 M   mul         x5, x5, x6
877 4501 0x00000e88 0x026282b3 M   mul         x5, x5, x6
878 4505 0x00000e8c 0x026282b3 M   mul         x5, x5, x6
879 4509 0x00000e90 0x026282b3 M   mul         x5, x5, x6
880 4513 0x00000e94 0x026282b3 M   mul         x5, x5, x6
881 4517 0x00000e98 0x026282b3 M   mul         x5, x5, x6
882 4521 0x00000e9c 0x026282b3 M   mul         x5, x5, x6
883 4532 0x00000ea0 0x026282b3 M   mul         x5, x5, x6
884 4536 0x00000ea4 0x026282b3 M   mul         x5, x5, x6
885 4540 0x00000ea8 0x026282b3 M   mul         x5, x5, x6
886 4544 0x00000eac 0x026282b3 M   mul         x5, x5, x6
887 4548 0x00000eb0 0x026282b3 M   mul         x5, x5, x6
888 4552 0x00000eb4 0x026282b3 M   mul         x5, x5, x6
889 4556 0x00000eb8 0x026282b3 M   mul         x5, x5, x6
890 4560 0x00000ebc 0x026282b3 M   mul         x5, x5, x6
891 4571 0x00000ec0 0x026282b3 M   mul         x5, x5, x6
892 4575 0x00000ec4 0x026282b3 M   mul         x5, x5, x6
893 4579 0x00000ec8 0x026282b3 M   mul         x5, x5, x6
894 4583 0x00000ecc 0x026282b3 M   mul         x5, x5, x6
895 4587 0x00000ed0 0x026282b3 M   mul         x5, x5, x6
896 4591 0x00000ed4 0x026282b3 M   mul         x5, x5, x6
897 4595 0x00000ed8 0x026282b3 M   mul         x5, x5, x6
898 4599 0x00000edc 0x026282b3 M   mul         x5, x5, x6
899 4610 0x00000ee0 0x026282b3 M   mul         x5, x5, x6
900 4614 0x00000ee4 0x026282b3 M   mul         x5, x5, x6
901 4618 0x00000ee8 0x026282b3 M   mul         x5, x5, x6
902 4622 0x00000eec 0x026282b3 M   mul         x5, x5, x6
903 4626 0x00000ef0 0x026282b3 M   mul         x5, x5, x6
904 4630 0x00000ef4 0x026282b3 M   mul         x5, x5, x6
905 4634 0x00000ef8 0x026282b3 M   mul         x5, x5, x6
906 4638 0x00000efc 0x026282b3 M   mul         x5, x5, x6
907 4649 0x00000f00 0x026282b3 M   mul         x5, x5, x6
908 4653 0x00000f04 0x026282b3 M   mul         x5, x5, x6
909 4657 0x00000f08 0x026282b3 M   mul         x5, x5, x6
910 4661 0x00000f0c 0x026282b3 M   mul         x5, x5, x6
911 4665 0x00000f10 0x026282b3 M   mul         x5, x5, x6
912 4669 0x00000f14 0x026282b3 M   mul         x5, x5, x6
913 4673 0x00000f18 0x026282b3 M   mul         x5, x5, x6
914 4677 0x00000f1c 0x026282b3 M   mul         x5, x5, x6
915 4688 0x00000f20 0x026282b3 M   mul         x5, x5, x6
916 4692 0x00000f24 0x026282b3 M   mul         x5, x5, x6
917 4696 0x00000f28 0x026282b3 M   mul         x5, x5, x6
918 4700 0x00000f2c 0x026282b3 M   mul         x5, x5, x6
919 4704 0x00000f30 0x026282b3 M   mul         x5, x5, x6
920 4708 0x00000f34 0x026282b3 M   mul         x5, x5, x6
921 4712 0x00000f38 0x026282b3 M   mul         x5, x5, x6
922 4716 0x00000f3c 0x026282b3 M   mul         x5, x5, x6
923 4727 0x00000f40 0x026282b3 M   mul         x5, x5, x6
924 4731 0x00000f44 0x026282b3 M   mul         x5, x5, x6
925 4735 0x00000f48 0x026282b3 M   mul         x5, x5, x6
926 4739 0x00000f4c 0x026282b3 M   mul         x5, x5, x6
927 4743 0x00000f50 0x026282b3 M   mul         x5, x5, x6
928 4747 0x00000f54 0x026282b3 M   mul         x5, x5, x6
929 4751 0x00000f58 0x026282b3 M   mul         x5, x5, x6
930 4755 0x00000f5c 0x026282b3 M   mul         x5, x5, x6
931 4766 0x00000f60 0x026282b3 M   mul         x5, x5, x6
932 4770 0x00000f64 0x026282b3 M   mul         x5, x5, x6
933 4774 0x00000f68 0x026282b3 M   mul         x5, x5, x6
934 4778 0x00000f6c 0x026282b3 M   mul         x5, x5, x6
935 4782 0x00000f70 0x026282b3 M   mul         x5, x5, x6
936 4786 0x00000f74 0x026282b3 M   mul         x5, x5, x6
937 4790 0x00000f78 0x026282b3 M   mul         x5, x5, x6
938 4794 0x00000f7c 0x026282b3 M   mul         x5, x5, x6
939 4805 0x00000f80 0x026282b3 M   mul         x5, x5, x6
940 4809 0x00000f84 0x026282b3 M   mul         x5, x5, x6
941 4813 0x00000f88 0x026282b3 M   mul         x5, x5, x6
942 4817 0x00000f8c 0x026282b3 M   mul         x5, x5, x6
943 4821 0x00000f90 0x026282b3 M   mul         x5, x5, x6
944 4825 0x00000f94 0x026282b3 M   mul         x5, x5, x6
945 4829 0x00000f98 0x026282b3 M   mul         x5, x5, x6
946 4833 0x00000f9c 0x026282b3 M   mul         x5, x5, x6
947 4844 0x00000fa0 0x026282b3 M   mul         x5, x5, x6
948 4848 0x00000fa4 0x026282b3 M   mul         x5, x5, x6
949 4852 0x00000fa8 0x026282b3 M   mul         x5, x5, x6
950 4856 0x00000fac 0x026282b3 M   mul         x5, x5, x6
951 4860 0x00000fb0 0x026282b3 M   mul         x5, x5, x6
952 4864 0x00000fb4 0x026282b3 M   mul         x5, x5, x6
953 4868 0x00000fb8 0x026282b3 M   mul         x5, x5, x6
954 4872 0x00000fbc 0x026282b3 M   mul         x5, x5, x6
955 4883 0x00000fc0 0x026282b3 M   mul         x5, x5, x6
956 4887 0x00000fc4 0x026282b3 M   mul         x5, x5, x6
957 4891 0x00000fc8 0x026282b3 M   mul         x5, x5, x6
958 4895 0x00000fcc 0x026282b3 M   mul         x5, x5, x6
959 4899 0x00000fd0 0x026282b3 M   mul         x5, x5, x6
960 4903 0x00000fd4 0x026282b3 M   mul         x5, x5, x6
961 4907 0x00000fd8 0x026282b3 M   mul         x5, x5, x6
962 4911 0x00000fdc 0x026282b3 M   mul         x5, x5, x6
963 4922 0x00000fe0 0x026282b3 M   mul         x5, x5, x6
964 4926 0x00000fe4 0x026282b3 M   mul         x5, x5, x6
965 4930 0x00000fe8 0x026282b3 M   mul         x5, x5, x6
966 4934 0x00000fec 0x026282b3 M   mul         x5, x5, x6
967 4938 0x00000ff0 0x026282b3 M   mul         x5, x5, x6
968 4942 0x00000ff4 0x026282b3 M   mul         x5, x5, x6
969 4946 0x00000ff8 0x026282b3 M   mul         x5, x5, x6
970 4950 0x00000ffc 0x026282b3 M   mul         x5, x5, x6
971 4961 0x00001000 0x026282b3 M   mul         x5, x5, x6
972 4965 0x00001004 0x026282b3 M   mul         x5, x5, x6
973 4969 0x00001008 0x026282b3 M   mul         x5, x5, x6
974 4973 0x0000100c 0x026282b3 M   mul         x5, x5, x6
975 4977 0x00001010 0x026282b3 M   mul         x5, x5, x6
976 4981 0x00001014 0x026282b3 M   mul         x5, x5, x6
977 4985 0x00001018 0x026282b3 M   mul         x5, x5, x6
978 4989 0x0000101c 0x026282b3 M   mul         x5, x5, x6
979 5000 0x00001020 0x026282b3 M   mul         x5, x5, x6
980 5004 0x00001024 0x026282b3 M   mul         x5, x5, x6
981 5008 0x00001028 0x026282b3 M   mul         x5, x5, x6
982 5012 0x0000102c 0x026282b3 M   mul         x5, x5, x6
983 5016 0x00001030 0x026282b3 M   mul         x5, x5, x6
984 5020 0x00001034 0x026282b3 M   mul         x5, x5, x6
985 5024 0x00001038 0x026282b3 M   mul         x5, x5, x6
986 5028 0x0000103c 0x026282b3 M   mul         x5, x5, x6
987 5039 0x00001040 0x026282b3 M   mul         x5, x5, x6
988 5043 0x00001044 0x026282b3 M   mul         x5, x5, x6
989 5047 0x00001048 0x026282b3 M   mul         x5, x5, x6
990 5051 0x0000104c 0x026282b3 M   mul         x5, x5, x6
991 5055 0x00001050 0x026282b3 M   mul         x5, x5, x6
992 5059 0x00001054 0x026282b3 M   mul         x5, x5, x6
993 5063 0x00001058 0x026282b3 M   mul         x5, x5, x6
994 5067 0x0000105c 0x026282b3 M   mul         x5, x5, x6
995 5078 0x00001060 0x026282b3 M   mul         x5, x5, x6
996 5082 0x00001064 0x026282b3 M   mul         x5, x5, x6
997 5086 0x00001068 0x026282b3 M   mul         x5, x5, x6
998 5090 0x0000106c 0x026282b3 M   mul         x5, x5, x6
999 5094 0x00001070 0x026282b3 M   mul         x5, x5, x6
1000 5098 0x00001074 0x026282b3 M   mul         x5, x5, x6
1001 5102 0x00001078 0x026282b3 M   mul         x5, x5, x6
1002 5106 0x0000107c 0x026282b3 M   mul         x5, x5, x6
1003 5117 0x00001080 0x026282b3 M   mul         x5, x5, x6
1004 5121 0x00001084 0x026282b3 M   mul         x5, x5, x6
1005 5125 0x00001088 0x026282b3 M   mul         x5, x5, x6
1006 5129 0x0000108c 0x026282b3 M   mul         x5, x5, x6
1007 5133 0x00001090 0x026282b3 M   mul         x5, x5, x6
1008 5137 0x00001094 0x026282b3 M   mul         x5, x5, x6
1009 5141 0x00001098 0x026282b3 M   mul         x5, x5, x6
1010 5145 0x0000109c 0x026282b3 M   mul         x5, x5, x6
1011 5156 0x000010a0 0x026282b3 M   mul         x5, x5, x6
1012 5160 0x000010a4 0x026282b3 M   mul         x5, x5, x6
1013 5164 0x000010a8 0x026282b3 M   mul         x5, x5, x6
1014 5168 0x000010ac 0x026282b3 M   mul         x5, x5, x6
1015 5172 0x000010b0 0x026282b3 M   mul         x5, x5, x6
1016 5176 0x000010b4 0x026282b3 M   mul         x5, x5, x6
1017 5180 0x000010b8 0x026282b3 M   mul         x5, x5, x6
1018 5184 0x000010bc 0x026282b3 M   mul         x5, x5, x6
1019 5195 0x000010c0 0x026282b3 M   mul         x5, x5, x6
1020 5199 0x000010c4 0x026282b3 M   mul         x5, x5, x6
1021 5203 0x000010c8 0x026282b3 M   mul         x5, x5, x6
1022 5207 0x000010cc 0x026282b3 M   mul         x5, x5, x6
1023 5211 0x000010d0 0x026282b3 M   mul         x5, x5, x6
1024 5215 0x000010d4 0x026282b3 M   mul         x5, x5, x6
1025 5219 0x000010d8 0x026282b3 M   mul         x5, x5, x6
1026 5223 0x000010dc 0x026282b3 M   mul         x5, x5, x6
1027 5234 0x000010e0 0x026282b3 M   mul         x5, x5, x6
1028 5238 0x000010e4 0x026282b3 M   mul         x5, x5, x6
1029 5242 0x000010e8 0x026282b3 M   mul         x5, x5, x6
1030 5246 0x000010ec 0x026282b3 M   mul         x5, x5, x6
1031 5250 0x000010f0 0x026282b3 M   mul         x5, x5, x6
1032 5254 0x000010f4 0x026282b3 M   mul         x5, x5, x6
1033 5258 0x000010f8 0x026282b3 M   mul         x5, x5, x6
1034 5262 0x000010fc 0x026282b3 M   mul         x5, x5, x6
1035 5273 0x00001100 0x026282b3 M   mul         x5, x5, x6
1036 5277 0x00001104 0x026282b3 M   mul         x5, x5, x6
1037 5281 0x00001108 0x026282b3 M   mul         x5, x5, x6
1038 5285 0x0000110c 0x026282b3 M   mul         x5, x5, x6
1039 5289 0x00001110 0x026282b3 M   mul         x5, x5, x6
1040 5293 0x00001114 0x026282b3 M   mul         x5, x5, x6
1041 5297 0x00001118 0x026282b3 M   mul         x5, x5, x6
1042 5301 0x0000111c 0x026282b3 M   mul         x5, x5, x6
1043 5312 0x00001120 0x026282b3 M   mul         x5, x5, x6
1044 5316 0x00001124 0x026282b3 M   mul         x5, x5, x6
1045 5320 0x00001128 0x026282b3 M   mul         x5, x5, x6
1046 5324 0x0000112c 0x026282b3 M   mul         x5, x5, x6
1047 5328 0x00001130 0x026282b3 M   mul         x5, x5, x6
1048 5332 0x00001134 0x026282b3 M   mul         x5, x5, x6
1049 5336 0x00001138 0x026282b3 M   mul         x5, x5, x6
1050 5340 0x0000113c 0x026282b3 M   mul         x5, x5, x6
1051 5351 0x00001140 0x026282b3 M   mul         x5, x5, x6
1052 5355 0x00001144 0x026282b3 M   mul         x5, x5, x6
1053 5359 0x00001148 0x026282b3 M   mul         x5, x5, x6
1054 5363 0x0000114c 0x026282b3 M   mul         x5, x5, x6
1055 5367 0x00001150 0x026282b3 M   mul         x5, x5, x6
1056 5371 0x00001154 0x026282b3 M   mul         x5, x5, x6
1057 5375 0x00001158 0x026282b3 M   mul         x5, x5, x6
1058 5379 0x0000115c 0x026282b3 M   mul         x5, x5, x6
1059 5390 0x00001160 0x026282b3 M   mul         x5, x5, x6
1060 5394 0x00001164 0x026282b3 M   mul         x5, x5, x6
1061 5398 0x00001168 0x026282b3 M   mul         x5, x5, x6
1062 5402 0x0000116c 0x026282b3 M   mul         x5, x5, x6
1063 5406 0x00001170 0x026282b3 M   mul         x5, x5, x6
1064 5409 0x00001174 0xc00024f3 M   csrrs       x9, cycle, x0
1065 5411 0x00001178 0x40848933 M   sub         x18, x9, x8
1066 5413 0x0000117c 0x00000513 M   addi        x10, x0, 0
1067 5427 0x00001180 0x00008067 M   jalr        x0, 0(x1)
1068 5446 0x00000160 0x30047073 M   csrrci      x0, mstatus, 8
1069 5449 0x00000164 0x30401073 M   csrrw       x0, mie, x0
1070 5451 0x00000168 0x00000597 M   auipc       x11, 0x00000000
1071 5453 0x0000016c 0x05058593 M   addi        x11, x11, 80
1072 5456 0x00000170 0x30559073 M   csrrw       x0, mtvec, x11
1073 5459 0x00000174 0x34051073 M   csrrw       x0, mscratch, x10
1074 5462 0x00000178 0xf1402473 M   csrrs       x8, mhartid, x0
1075 5465 0x0000017c 0x02041463 M   bne         x8, x0, 40
1076 5476 0x00000180 0x00001417 M   auipc       x8, 0x00001000
1077 5478 0x00000184 0x00440413 M   addi        x8, x8, 4
1078 5480 0x00000188 0x00001497 M   auipc       x9, 0x00001000
1079 5482 0x0000018c 0xffc48493 M   addi        x9, x9, -4
1080 5485 0x00000190 0x00945a63 M   bge         x8, x9, 20
1081 5504 0x000001a4 0xf1402473 M   csrrs       x8, mhartid, x0
1082 5507 0x000001a8 0x00041463 M   bne         x8, x0, 8
1083 5510 0x000001ac 0x00100073 M   ebreak      
1084 5519 0x000001b8 0x10500073 M   wfi          <TRAP_ENTRY>
