0 30 0x00000000 0xf14020f3 M   csrrs       x1, mhartid, x0
1 32 0x00000004 0x80002217 M   auipc       x4, 0x80002000
2 34 0x00000008 0xffb20213 M   addi        x4, x4, -5
3 36 0x0000000c 0xff027113 M   andi        x2, x4, -16
4 38 0x00000010 0x80000197 M   auipc       x3, 0x80000000
5 40 0x00000014 0x7f018193 M   addi        x3, x3, 2032
6 42 0x00000018 0x000022b7 M   lui         x5, 0x00002000
7 44 0x0000001c 0x80028293 M   addi        x5, x5, -2048
8 58 0x00000020 0x30029073 M   csrrw       x0, mstatus, x5
9 60 0x00000024 0x00000317 M   auipc       x6, 0x00000000
10 62 0x00000028 0x19030313 M   addi        x6, x6, 400
11 65 0x0000002c 0x30531073 M   csrrw       x0, mtvec, x6
12 68 0x00000030 0x30401073 M   csrrw       x0, mie, x0
13 70 0x00000034 0x00001397 M   auipc       x7, 0x00001000
14 72 0x00000038 0x13838393 M   addi        x7, x7, 312
15 74 0x0000003c 0x80000417 M   auipc       x8, 0x80000000
16 87 0x00000040 0xfc440413 M   addi        x8, x8, -60
17 89 0x00000044 0x80000497 M   auipc       x9, 0x80000000
18 91 0x00000048 0xfbc48493 M   addi        x9, x9, -68
19 93 0x0000004c 0x80000517 M   auipc       x10, 0x80000000
20 95 0x00000050 0xfb450513 M   addi        x10, x10, -76
21 97 0x00000054 0x80000597 M   auipc       x11, 0x80000000
22 99 0x00000058 0xfac58593 M   addi        x11, x11, -84
23 101 0x0000005c 0x00000613 M   addi        x12, x0, 0
24 115 0x00000060 0x00000693 M   addi        x13, x0, 0
25 117 0x00000064 0x00000713 M   addi        x14, x0, 0
26 119 0x00000068 0x00000793 M   addi        x15, x0, 0
27 121 0x0000006c 0x00000813 M   addi        x16, x0, 0
28 123 0x00000070 0x00000893 M   addi        x17, x0, 0
29 125 0x00000074 0x00000913 M   addi        x18, x0, 0
30 127 0x00000078 0x00000993 M   addi        x19, x0, 0
31 129 0x0000007c 0x00000a13 M   addi        x20, x0, 0
32 143 0x00000080 0x00000a93 M   addi        x21, x0, 0
33 145 0x00000084 0x00000b13 M   addi        x22, x0, 0
34 147 0x00000088 0x00000b93 M   addi        x23, x0, 0
35 149 0x0000008c 0x00000c13 M   addi        x24, x0, 0
36 151 0x00000090 0x00000c93 M   addi        x25, x0, 0
37 153 0x00000094 0x00000d13 M   addi        x26, x0, 0
38 155 0x00000098 0x00000d93 M   addi        x27, x0, 0
39 157 0x0000009c 0x00000e13 M   addi        x28, x0, 0
40 171 0x000000a0 0x00000e93 M   addi        x29, x0, 0
41 173 0x000000a4 0x00000f13 M   addi        x30, x0, 0
42 175 0x000000a8 0x00000f93 M   addi        x31, x0, 0
43 178 0x000000ac 0x04008263 M   beq         x1, x0, 68
44 200 0x000000f0 0x00838e63 M   beq         x7, x8, 28
45 203 0x000000f4 0x00945c63 M   bge         x8, x9, 24
46 221 0x0000010c 0x00b55863 M   bge         x10, x11, 16
47 227 0x0000011c 0x00001417 M   auipc       x8, 0x00001000
48 241 0x00000120 0x05040413 M   addi        x8, x8, 80
49 243 0x00000124 0x00001497 M   auipc       x9, 0x00001000
50 245 0x00000128 0x04848493 M   addi        x9, x9, 72
51 248 0x0000012c 0x00945a63 M   bge         x8, x9, 20
52 266 0x00000140 0x00000617 M   auipc       x12, 0x00000000
53 268 0x00000144 0x07c60613 M   addi        x12, x12, 124
54 271 0x00000148 0x0ff0000f M   fence       
55 278 0x0000014c 0x0000100f M   fence.i     
56 489 0x00000150 0x00000513 M   addi        x10, x0, 0
57 491 0x00000154 0x00000593 M   addi        x11, x0, 0
58 494 0x00000158 0x000600e7 M   jalr        x1, 0(x12)
59 524 0x000001bc 0xfff00293 M   addi        x5, x0, -1
60 538 0x000001c0 0x00300313 M   addi        x6, x0, 3
61 573 0x000001c4 0x0262c3b3 M   div         x7, x5, x6
62 608 0x000001c8 0x0262c3b3 M   div         x7, x5, x6
63 643 0x000001cc 0x0262c3b3 M   div         x7, x5, x6
64 678 0x000001d0 0x0262c3b3 M   div         x7, x5, x6
65 713 0x000001d4 0x0262c3b3 M   div         x7, x5, x6
66 748 0x000001d8 0x0262c3b3 M   div         x7, x5, x6
67 783 0x000001dc 0x0262c3b3 M   div         x7, x5, x6
68 818 0x000001e0 0x0262c3b3 M   div         x7, x5, x6
69 853 0x000001e4 0x0262c3b3 M   div         x7, x5, x6
70 888 0x000001e8 0x0262c3b3 M   div         x7, x5, x6
71 923 0x000001ec 0x0262c3b3 M   div         x7, x5, x6
72 958 0x000001f0 0x0262c3b3 M   div         x7, x5, x6
73 993 0x000001f4 0x0262c3b3 M   div         x7, x5, x6
74 1028 0x000001f8 0x0262c3b3 M   div         x7, x5, x6
75 1063 0x000001fc 0x0262c3b3 M   div         x7, x5, x6
76 1098 0x00000200 0x0262c3b3 M   div         x7, x5, x6
77 1133 0x00000204 0x0262c3b3 M   div         x7, x5, x6
78 1168 0x00000208 0x0262c3b3 M   div         x7, x5, x6
79 1203 0x0000020c 0x0262c3b3 M   div         x7, x5, x6
80 1238 0x00000210 0x0262c3b3 M   div         x7, x5, x6
81 1273 0x00000214 0x0262c3b3 M   div         x7, x5, x6
82 1308 0x00000218 0x0262c3b3 M   div         x7, x5, x6
83 1343 0x0000021c 0x0262c3b3 M   div         x7, x5, x6
84 1378 0x00000220 0x0262c3b3 M   div         x7, x5, x6
85 1413 0x00000224 0x0262c3b3 M   div         x7, x5, x6
86 1448 0x00000228 0x0262c3b3 M   div         x7, x5, x6
87 1483 0x0000022c 0x0262c3b3 M   div         x7, x5, x6
88 1518 0x00000230 0x0262c3b3 M   div         x7, x5, x6
89 1553 0x00000234 0x0262c3b3 M   div         x7, x5, x6
90 1588 0x00000238 0x0262c3b3 M   div         x7, x5, x6
91 1623 0x0000023c 0x0262c3b3 M   div         x7, x5, x6
92 1658 0x00000240 0x0262c3b3 M   div         x7, x5, x6
93 1693 0x00000244 0x0262c3b3 M   div         x7, x5, x6
94 1728 0x00000248 0x0262c3b3 M   div         x7, x5, x6
95 1763 0x0000024c 0x0262c3b3 M   div         x7, x5, x6
96 1798 0x00000250 0x0262c3b3 M   div         x7, x5, x6
97 1833 0x00000254 0x0262c3b3 M   div         x7, x5, x6
98 1868 0x00000258 0x0262c3b3 M   div         x7, x5, x6
99 1903 0x0000025c 0x0262c3b3 M   div         x7, x5, x6
100 1938 0x00000260 0x0262c3b3 M   div         x7, x5, x6
101 1973 0x00000264 0x0262c3b3 M   div         x7, x5, x6
102 2008 0x00000268 0x0262c3b3 M   div         x7, x5, x6
103 2043 0x0000026c 0x0262c3b3 M   div         x7, x5, x6
104 2078 0x00000270 0x0262c3b3 M   div         x7, x5, x6
105 2113 0x00000274 0x0262c3b3 M   div         x7, x5, x6
106 2148 0x00000278 0x0262c3b3 M   div         x7, x5, x6
107 2183 0x0000027c 0x0262c3b3 M   div         x7, x5, x6
108 2218 0x00000280 0x0262c3b3 M   div         x7, x5, x6
109 2253 0x00000284 0x0262c3b3 M   div         x7, x5, x6
110 2288 0x00000288 0x0262c3b3 M   div         x7, x5, x6
111 2323 0x0000028c 0x0262c3b3 M   div         x7, x5, x6
112 2358 0x00000290 0x0262c3b3 M   div         x7, x5, x6
113 2393 0x00000294 0x0262c3b3 M   div         x7, x5, x6
114 2428 0x00000298 0x0262c3b3 M   div         x7, x5, x6
115 2463 0x0000029c 0x0262c3b3 M   div         x7, x5, x6
116 2498 0x000002a0 0x0262c3b3 M   div         x7, x5, x6
117 2533 0x000002a4 0x0262c3b3 M   div         x7, x5, x6
118 2568 0x000002a8 0x0262c3b3 M   div         x7, x5, x6
119 2603 0x000002ac 0x0262c3b3 M   div         x7, x5, x6
120 2638 0x000002b0 0x0262c3b3 M   div         x7, x5, x6
121 2673 0x000002b4 0x0262c3b3 M   div         x7, x5, x6
122 2708 0x000002b8 0x0262c3b3 M   div         x7, x5, x6
123 2743 0x000002bc 0x0262c3b3 M   div         x7, x5, x6
124 2778 0x000002c0 0x0262c3b3 M   div         x7, x5, x6
125 2813 0x000002c4 0x0262c3b3 M   div         x7, x5, x6
126 2848 0x000002c8 0x0262c3b3 M   div         x7, x5, x6
127 2883 0x000002cc 0x0262c3b3 M   div         x7, x5, x6
128 2918 0x000002d0 0x0262c3b3 M   div         x7, x5, x6
129 2953 0x000002d4 0x0262c3b3 M   div         x7, x5, x6
130 2988 0x000002d8 0x0262c3b3 M   div         x7, x5, x6
131 3023 0x000002dc 0x0262c3b3 M   div         x7, x5, x6
132 3058 0x000002e0 0x0262c3b3 M   div         x7, x5, x6
133 3093 0x000002e4 0x0262c3b3 M   div         x7, x5, x6
134 3128 0x000002e8 0x0262c3b3 M   div         x7, x5, x6
135 3163 0x000002ec 0x0262c3b3 M   div         x7, x5, x6
136 3198 0x000002f0 0x0262c3b3 M   div         x7, x5, x6
137 3233 0x000002f4 0x0262c3b3 M   div         x7, x5, x6
138 3268 0x000002f8 0x0262c3b3 M   div         x7, x5, x6
139 3303 0x000002fc 0x0262c3b3 M   div         x7, x5, x6
140 3338 0x00000300 0x0262c3b3 M   div         x7, x5, x6
141 3373 0x00000304 0x0262c3b3 M   div         x7, x5, x6
142 3408 0x00000308 0x0262c3b3 M   div         x7, x5, x6
143 3443 0x0000030c 0x0262c3b3 M   div         x7, x5, x6
144 3478 0x00000310 0x0262c3b3 M   div         x7, x5, x6
145 3513 0x00000314 0x0262c3b3 M   div         x7, x5, x6
146 3548 0x00000318 0x0262c3b3 M   div         x7, x5, x6
147 3583 0x0000031c 0x0262c3b3 M   div         x7, x5, x6
148 3618 0x00000320 0x0262c3b3 M   div         x7, x5, x6
149 3653 0x00000324 0x0262c3b3 M   div         x7, x5, x6
150 3688 0x00000328 0x0262c3b3 M   div         x7, x5, x6
151 3723 0x0000032c 0x0262c3b3 M   div         x7, x5, x6
152 3758 0x00000330 0x0262c3b3 M   div         x7, x5, x6
153 3793 0x00000334 0x0262c3b3 M   div         x7, x5, x6
154 3828 0x00000338 0x0262c3b3 M   div         x7, x5, x6
155 3863 0x0000033c 0x0262c3b3 M   div         x7, x5, x6
156 3898 0x00000340 0x0262c3b3 M   div         x7, x5, x6
157 3933 0x00000344 0x0262c3b3 M   div         x7, x5, x6
158 3968 0x00000348 0x0262c3b3 M   div         x7, x5, x6
159 4003 0x0000034c 0x0262c3b3 M   div         x7, x5, x6
160 4038 0x00000350 0x0262c3b3 M   div         x7, x5, x6
161 4073 0x00000354 0x0262c3b3 M   div         x7, x5, x6
162 4108 0x00000358 0x0262c3b3 M   div         x7, x5, x6
163 4143 0x0000035c 0x0262c3b3 M   div         x7, x5, x6
164 4178 0x00000360 0x0262c3b3 M   div         x7, x5, x6
165 4213 0x00000364 0x0262c3b3 M   div         x7, x5, x6
166 4248 0x00000368 0x0262c3b3 M   div         x7, x5, x6
167 4283 0x0000036c 0x0262c3b3 M   div         x7, x5, x6
168 4318 0x00000370 0x0262c3b3 M   div         x7, x5, x6
169 4353 0x00000374 0x0262c3b3 M   div         x7, x5, x6
170 4388 0x00000378 0x0262c3b3 M   div         x7, x5, x6
171 4423 0x0000037c 0x0262c3b3 M   div         x7, x5, x6
172 4458 0x00000380 0x0262c3b3 M   div         x7, x5, x6
173 4493 0x00000384 0x0262c3b3 M   div         x7, x5, x6
174 4528 0x00000388 0x0262c3b3 M   div         x7, x5, x6
175 4563 0x0000038c 0x0262c3b3 M   div         x7, x5, x6
176 4598 0x00000390 0x0262c3b3 M   div         x7, x5, x6
177 4633 0x00000394 0x0262c3b3 M   div         x7, x5, x6
178 4668 0x00000398 0x0262c3b3 M   div         x7, x5, x6
179 4703 0x0000039c 0x0262c3b3 M   div         x7, x5, x6
180 4738 0x000003a0 0x0262c3b3 M   div         x7, x5, x6
181 4773 0x000003a4 0x0262c3b3 M   div         x7, x5, x6
182 4808 0x000003a8 0x0262c3b3 M   div         x7, x5, x6
183 4843 0x000003ac 0x0262c3b3 M   div         x7, x5, x6
184 4878 0x000003b0 0x0262c3b3 M   div         x7, x5, x6
185 4913 0x000003b4 0x0262c3b3 M   div         x7, x5, x6
186 4948 0x000003b8 0x0262c3b3 M   div         x7, x5, x6
187 4983 0x000003bc 0x0262c3b3 M   div         x7, x5, x6
188 5018 0x000003c0 0x0262c3b3 M   div         x7, x5, x6
189 5053 0x000003c4 0x0262c3b3 M   div         x7, x5, x6
190 5088 0x000003c8 0x0262c3b3 M   div         x7, x5, x6
191 5123 0x000003cc 0x0262c3b3 M   div         x7, x5, x6
192 5158 0x000003d0 0x0262c3b3 M   div         x7, x5, x6
193 5193 0x000003d4 0x0262c3b3 M   div         x7, x5, x6
194 5228 0x000003d8 0x0262c3b3 M   div         x7, x5, x6
195 5263 0x000003dc 0x0262c3b3 M   div         x7, x5, x6
196 5298 0x000003e0 0x0262c3b3 M   div         x7, x5, x6
197 5333 0x000003e4 0x0262c3b3 M   div         x7, x5, x6
198 5368 0x000003e8 0x0262c3b3 M   div         x7, x5, x6
199 5403 0x000003ec 0x0262c3b3 M   div         x7, x5, x6
200 5438 0x000003f0 0x0262c3b3 M   div         x7, x5, x6
201 5473 0x000003f4 0x0262c3b3 M   div         x7, x5, x6
202 5508 0x000003f8 0x0262c3b3 M   div         x7, x5, x6
203 5543 0x000003fc 0x0262c3b3 M   div         x7, x5, x6
204 5578 0x00000400 0x0262c3b3 M   div         x7, x5, x6
205 5613 0x00000404 0x0262c3b3 M   div         x7, x5, x6
206 5648 0x00000408 0x0262c3b3 M   div         x7, x5, x6
207 5683 0x0000040c 0x0262c3b3 M   div         x7, x5, x6
208 5718 0x00000410 0x0262c3b3 M   div         x7, x5, x6
209 5753 0x00000414 0x0262c3b3 M   div         x7, x5, x6
210 5788 0x00000418 0x0262c3b3 M   div         x7, x5, x6
211 5823 0x0000041c 0x0262c3b3 M   div         x7, x5, x6
212 5858 0x00000420 0x0262c3b3 M   div         x7, x5, x6
213 5893 0x00000424 0x0262c3b3 M   div         x7, x5, x6
214 5928 0x00000428 0x0262c3b3 M   div         x7, x5, x6
215 5963 0x0000042c 0x0262c3b3 M   div         x7, x5, x6
216 5998 0x00000430 0x0262c3b3 M   div         x7, x5, x6
217 6033 0x00000434 0x0262c3b3 M   div         x7, x5, x6
218 6068 0x00000438 0x0262c3b3 M   div         x7, x5, x6
219 6103 0x0000043c 0x0262c3b3 M   div         x7, x5, x6
220 6138 0x00000440 0x0262c3b3 M   div         x7, x5, x6
221 6173 0x00000444 0x0262c3b3 M   div         x7, x5, x6
222 6208 0x00000448 0x0262c3b3 M   div         x7, x5, x6
223 6243 0x0000044c 0x0262c3b3 M   div         x7, x5, x6
224 6278 0x00000450 0x0262c3b3 M   div         x7, x5, x6
225 6313 0x00000454 0x0262c3b3 M   div         x7, x5, x6
226 6348 0x00000458 0x0262c3b3 M   div         x7, x5, x6
227 6383 0x0000045c 0x0262c3b3 M   div         x7, x5, x6
228 6418 0x00000460 0x0262c3b3 M   div         x7, x5, x6
229 6453 0x00000464 0x0262c3b3 M   div         x7, x5, x6
230 6488 0x00000468 0x0262c3b3 M   div         x7, x5, x6
231 6523 0x0000046c 0x0262c3b3 M   div         x7, x5, x6
232 6558 0x00000470 0x0262c3b3 M   div         x7, x5, x6
233 6593 0x00000474 0x0262c3b3 M   div         x7, x5, x6
234 6628 0x00000478 0x0262c3b3 M   div         x7, x5, x6
235 6663 0x0000047c 0x0262c3b3 M   div         x7, x5, x6
236 6698 0x00000480 0x0262c3b3 M   div         x7, x5, x6
237 6733 0x00000484 0x0262c3b3 M   div         x7, x5, x6
238 6768 0x00000488 0x0262c3b3 M   div         x7, x5, x6
239 6803 0x0000048c 0x0262c3b3 M   div         x7, x5, x6
240 6838 0x00000490 0x0262c3b3 M   div         x7, x5, x6
241 6873 0x00000494 0x0262c3b3 M   div         x7, x5, x6
242 6908 0x00000498 0x0262c3b3 M   div         x7, x5, x6
243 6943 0x0000049c 0x0262c3b3 M   div         x7, x5, x6
244 6978 0x000004a0 0x0262c3b3 M   div         x7, x5, x6
245 7013 0x000004a4 0x0262c3b3 M   div         x7, x5, x6
246 7048 0x000004a8 0x0262c3b3 M   div         x7, x5, x6
247 7083 0x000004ac 0x0262c3b3 M   div         x7, x5, x6
248 7118 0x000004b0 0x0262c3b3 M   div         x7, x5, x6
249 7153 0x000004b4 0x0262c3b3 M   div         x7, x5, x6
250 7188 0x000004b8 0x0262c3b3 M   div         x7, x5, x6
251 7223 0x000004bc 0x0262c3b3 M   div         x7, x5, x6
252 7258 0x000004c0 0x0262c3b3 M   div         x7, x5, x6
253 7293 0x000004c4 0x0262c3b3 M   div         x7, x5, x6
254 7328 0x000004c8 0x0262c3b3 M   div         x7, x5, x6
255 7363 0x000004cc 0x0262c3b3 M   div         x7, x5, x6
256 7398 0x000004d0 0x0262c3b3 M   div         x7, x5, x6
257 7433 0x000004d4 0x0262c3b3 M   div         x7, x5, x6
258 7468 0x000004d8 0x0262c3b3 M   div         x7, x5, x6
259 7503 0x000004dc 0x0262c3b3 M   div         x7, x5, x6
260 7538 0x000004e0 0x0262c3b3 M   div         x7, x5, x6
261 7573 0x000004e4 0x0262c3b3 M   div         x7, x5, x6
262 7608 0x000004e8 0x0262c3b3 M   div         x7, x5, x6
263 7643 0x000004ec 0x0262c3b3 M   div         x7, x5, x6
264 7678 0x000004f0 0x0262c3b3 M   div         x7, x5, x6
265 7713 0x000004f4 0x0262c3b3 M   div         x7, x5, x6
266 7748 0x000004f8 0x0262c3b3 M   div         x7, x5, x6
267 7783 0x000004fc 0x0262c3b3 M   div         x7, x5, x6
268 7818 0x00000500 0x0262c3b3 M   div         x7, x5, x6
269 7853 0x00000504 0x0262c3b3 M   div         x7, x5, x6
270 7888 0x00000508 0x0262c3b3 M   div         x7, x5, x6
271 7923 0x0000050c 0x0262c3b3 M   div         x7, x5, x6
272 7958 0x00000510 0x0262c3b3 M   div         x7, x5, x6
273 7993 0x00000514 0x0262c3b3 M   div         x7, x5, x6
274 8028 0x00000518 0x0262c3b3 M   div         x7, x5, x6
275 8063 0x0000051c 0x0262c3b3 M   div         x7, x5, x6
276 8098 0x00000520 0x0262c3b3 M   div         x7, x5, x6
277 8133 0x00000524 0x0262c3b3 M   div         x7, x5, x6
278 8168 0x00000528 0x0262c3b3 M   div         x7, x5, x6
279 8203 0x0000052c 0x0262c3b3 M   div         x7, x5, x6
280 8238 0x00000530 0x0262c3b3 M   div         x7, x5, x6
281 8273 0x00000534 0x0262c3b3 M   div         x7, x5, x6
282 8308 0x00000538 0x0262c3b3 M   div         x7, x5, x6
283 8343 0x0000053c 0x0262c3b3 M   div         x7, x5, x6
284 8378 0x00000540 0x0262c3b3 M   div         x7, x5, x6
285 8413 0x00000544 0x0262c3b3 M   div         x7, x5, x6
286 8448 0x00000548 0x0262c3b3 M   div         x7, x5, x6
287 8483 0x0000054c 0x0262c3b3 M   div         x7, x5, x6
288 8518 0x00000550 0x0262c3b3 M   div         x7, x5, x6
289 8553 0x00000554 0x0262c3b3 M   div         x7, x5, x6
290 8588 0x00000558 0x0262c3b3 M   div         x7, x5, x6
291 8623 0x0000055c 0x0262c3b3 M   div         x7, x5, x6
292 8658 0x00000560 0x0262c3b3 M   div         x7, x5, x6
293 8693 0x00000564 0x0262c3b3 M   div         x7, x5, x6
294 8728 0x00000568 0x0262c3b3 M   div         x7, x5, x6
295 8763 0x0000056c 0x0262c3b3 M   div         x7, x5, x6
296 8798 0x00000570 0x0262c3b3 M   div         x7, x5, x6
297 8833 0x00000574 0x0262c3b3 M   div         x7, x5, x6
298 8868 0x00000578 0x0262c3b3 M   div         x7, x5, x6
299 8903 0x0000057c 0x0262c3b3 M   div         x7, x5, x6
300 8938 0x00000580 0x0262c3b3 M   div         x7, x5, x6
301 8973 0x00000584 0x0262c3b3 M   div         x7, x5, x6
302 9008 0x00000588 0x0262c3b3 M   div         x7, x5, x6
303 9043 0x0000058c 0x0262c3b3 M   div         x7, x5, x6
304 9078 0x00000590 0x0262c3b3 M   div         x7, x5, x6
305 9113 0x00000594 0x0262c3b3 M   div         x7, x5, x6
306 9148 0x00000598 0x0262c3b3 M   div         x7, x5, x6
307 9183 0x0000059c 0x0262c3b3 M   div         x7, x5, x6
308 9218 0x000005a0 0x0262c3b3 M   div         x7, x5, x6
309 9253 0x000005a4 0x0262c3b3 M   div         x7, x5, x6
310 9288 0x000005a8 0x0262c3b3 M   div         x7, x5, x6
311 9323 0x000005ac 0x0262c3b3 M   div         x7, x5, x6
312 9358 0x000005b0 0x0262c3b3 M   div         x7, x5, x6
313 9393 0x000005b4 0x0262c3b3 M   div         x7, x5, x6
314 9428 0x000005b8 0x0262c3b3 M   div         x7, x5, x6
315 9463 0x000005bc 0x0262c3b3 M   div         x7, x5, x6
316 9498 0x000005c0 0x0262c3b3 M   div         x7, x5, x6
317 9533 0x000005c4 0x0262c3b3 M   div         x7, x5, x6
318 9568 0x000005c8 0x0262c3b3 M   div         x7, x5, x6
319 9603 0x000005cc 0x0262c3b3 M   div         x7, x5, x6
320 9638 0x000005d0 0x0262c3b3 M   div         x7, x5, x6
321 9673 0x000005d4 0x0262c3b3 M   div         x7, x5, x6
322 9708 0x000005d8 0x0262c3b3 M   div         x7, x5, x6
323 9743 0x000005dc 0x0262c3b3 M   div         x7, x5, x6
324 9778 0x000005e0 0x0262c3b3 M   div         x7, x5, x6
325 9813 0x000005e4 0x0262c3b3 M   div         x7, x5, x6
326 9848 0x000005e8 0x0262c3b3 M   div         x7, x5, x6
327 9883 0x000005ec 0x0262c3b3 M   div         x7, x5, x6
328 9918 0x000005f0 0x0262c3b3 M   div         x7, x5, x6
329 9953 0x000005f4 0x0262c3b3 M   div         x7, x5, x6
330 9988 0x000005f8 0x0262c3b3 M   div         x7, x5, x6
331 10023 0x000005fc 0x0262c3b3 M   div         x7, x5, x6
332 10058 0x00000600 0x0262c3b3 M   div         x7, x5, x6
333 10093 0x00000604 0x0262c3b3 M   div         x7, x5, x6
334 10128 0x00000608 0x0262c3b3 M   div         x7, x5, x6
335 10163 0x0000060c 0x0262c3b3 M   div         x7, x5, x6
336 10198 0x00000610 0x0262c3b3 M   div         x7, x5, x6
337 10233 0x00000614 0x0262c3b3 M   div         x7, x5, x6
338 10268 0x00000618 0x0262c3b3 M   div         x7, x5, x6
339 10303 0x0000061c 0x0262c3b3 M   div         x7, x5, x6
340 10338 0x00000620 0x0262c3b3 M   div         x7, x5, x6
341 10373 0x00000624 0x0262c3b3 M   div         x7, x5, x6
342 10408 0x00000628 0x0262c3b3 M   div         x7, x5, x6
343 10443 0x0000062c 0x0262c3b3 M   div         x7, x5, x6
344 10478 0x00000630 0x0262c3b3 M   div         x7, x5, x6
345 10513 0x00000634 0x0262c3b3 M   div         x7, x5, x6
346 10548 0x00000638 0x0262c3b3 M   div         x7, x5, x6
347 10583 0x0000063c 0x0262c3b3 M   div         x7, x5, x6
348 10618 0x00000640 0x0262c3b3 M   div         x7, x5, x6
349 10653 0x00000644 0x0262c3b3 M   div         x7, x5, x6
350 10688 0x00000648 0x0262c3b3 M   div         x7, x5, x6
351 10723 0x0000064c 0x0262c3b3 M   div         x7, x5, x6
352 10758 0x00000650 0x0262c3b3 M   div         x7, x5, x6
353 10793 0x00000654 0x0262c3b3 M   div         x7, x5, x6
354 10828 0x00000658 0x0262c3b3 M   div         x7, x5, x6
355 10863 0x0000065c 0x0262c3b3 M   div         x7, x5, x6
356 10898 0x00000660 0x0262c3b3 M   div         x7, x5, x6
357 10933 0x00000664 0x0262c3b3 M   div         x7, x5, x6
358 10968 0x00000668 0x0262c3b3 M   div         x7, x5, x6
359 11003 0x0000066c 0x0262c3b3 M   div         x7, x5, x6
360 11038 0x00000670 0x0262c3b3 M   div         x7, x5, x6
361 11073 0x00000674 0x0262c3b3 M   div         x7, x5, x6
362 11108 0x00000678 0x0262c3b3 M   div         x7, x5, x6
363 11143 0x0000067c 0x0262c3b3 M   div         x7, x5, x6
364 11178 0x00000680 0x0262c3b3 M   div         x7, x5, x6
365 11213 0x00000684 0x0262c3b3 M   div         x7, x5, x6
366 11248 0x00000688 0x0262c3b3 M   div         x7, x5, x6
367 11283 0x0000068c 0x0262c3b3 M   div         x7, x5, x6
368 11318 0x00000690 0x0262c3b3 M   div         x7, x5, x6
369 11353 0x00000694 0x0262c3b3 M   div         x7, x5, x6
370 11388 0x00000698 0x0262c3b3 M   div         x7, x5, x6
371 11423 0x0000069c 0x0262c3b3 M   div         x7, x5, x6
372 11458 0x000006a0 0x0262c3b3 M   div         x7, x5, x6
373 11493 0x000006a4 0x0262c3b3 M   div         x7, x5, x6
374 11528 0x000006a8 0x0262c3b3 M   div         x7, x5, x6
375 11563 0x000006ac 0x0262c3b3 M   div         x7, x5, x6
376 11598 0x000006b0 0x0262c3b3 M   div         x7, x5, x6
377 11633 0x000006b4 0x0262c3b3 M   div         x7, x5, x6
378 11668 0x000006b8 0x0262c3b3 M   div         x7, x5, x6
379 11703 0x000006bc 0x0262c3b3 M   div         x7, x5, x6
380 11738 0x000006c0 0x0262c3b3 M   div         x7, x5, x6
381 11773 0x000006c4 0x0262c3b3 M   div         x7, x5, x6
382 11808 0x000006c8 0x0262c3b3 M   div         x7, x5, x6
383 11843 0x000006cc 0x0262c3b3 M   div         x7, x5, x6
384 11878 0x000006d0 0x0262c3b3 M   div         x7, x5, x6
385 11913 0x000006d4 0x0262c3b3 M   div         x7, x5, x6
386 11948 0x000006d8 0x0262c3b3 M   div         x7, x5, x6
387 11983 0x000006dc 0x0262c3b3 M   div         x7, x5, x6
388 12018 0x000006e0 0x0262c3b3 M   div         x7, x5, x6
389 12053 0x000006e4 0x0262c3b3 M   div         x7, x5, x6
390 12088 0x000006e8 0x0262c3b3 M   div         x7, x5, x6
391 12123 0x000006ec 0x0262c3b3 M   div         x7, x5, x6
392 12158 0x000006f0 0x0262c3b3 M   div         x7, x5, x6
393 12193 0x000006f4 0x0262c3b3 M   div         x7, x5, x6
394 12228 0x000006f8 0x0262c3b3 M   div         x7, x5, x6
395 12263 0x000006fc 0x0262c3b3 M   div         x7, x5, x6
396 12298 0x00000700 0x0262c3b3 M   div         x7, x5, x6
397 12333 0x00000704 0x0262c3b3 M   div         x7, x5, x6
398 12368 0x00000708 0x0262c3b3 M   div         x7, x5, x6
399 12403 0x0000070c 0x0262c3b3 M   div         x7, x5, x6
400 12438 0x00000710 0x0262c3b3 M   div         x7, x5, x6
401 12473 0x00000714 0x0262c3b3 M   div         x7, x5, x6
402 12508 0x00000718 0x0262c3b3 M   div         x7, x5, x6
403 12543 0x0000071c 0x0262c3b3 M   div         x7, x5, x6
404 12578 0x00000720 0x0262c3b3 M   div         x7, x5, x6
405 12613 0x00000724 0x0262c3b3 M   div         x7, x5, x6
406 12648 0x00000728 0x0262c3b3 M   div         x7, x5, x6
407 12683 0x0000072c 0x0262c3b3 M   div         x7, x5, x6
408 12718 0x00000730 0x0262c3b3 M   div         x7, x5, x6
409 12753 0x00000734 0x0262c3b3 M   div         x7, x5, x6
410 12788 0x00000738 0x0262c3b3 M   div         x7, x5, x6
411 12823 0x0000073c 0x0262c3b3 M   div         x7, x5, x6
412 12858 0x00000740 0x0262c3b3 M   div         x7, x5, x6
413 12893 0x00000744 0x0262c3b3 M   div         x7, x5, x6
414 12928 0x00000748 0x0262c3b3 M   div         x7, x5, x6
415 12963 0x0000074c 0x0262c3b3 M   div         x7, x5, x6
416 12998 0x00000750 0x0262c3b3 M   div         x7, x5, x6
417 13033 0x00000754 0x0262c3b3 M   div         x7, x5, x6
418 13068 0x00000758 0x0262c3b3 M   div         x7, x5, x6
419 13103 0x0000075c 0x0262c3b3 M   div         x7, x5, x6
420 13138 0x00000760 0x0262c3b3 M   div         x7, x5, x6
421 13173 0x00000764 0x0262c3b3 M   div         x7, x5, x6
422 13208 0x00000768 0x0262c3b3 M   div         x7, x5, x6
423 13243 0x0000076c 0x0262c3b3 M   div         x7, x5, x6
424 13278 0x00000770 0x0262c3b3 M   div         x7, x5, x6
425 13313 0x00000774 0x0262c3b3 M   div         x7, x5, x6
426 13348 0x00000778 0x0262c3b3 M   div         x7, x5, x6
427 13383 0x0000077c 0x0262c3b3 M   div         x7, x5, x6
428 13418 0x00000780 0x0262c3b3 M   div         x7, x5, x6
429 13453 0x00000784 0x0262c3b3 M   div         x7, x5, x6
430 13488 0x00000788 0x0262c3b3 M   div         x7, x5, x6
431 13523 0x0000078c 0x0262c3b3 M   div         x7, x5, x6
432 13558 0x00000790 0x0262c3b3 M   div         x7, x5, x6
433 13593 0x00000794 0x0262c3b3 M   div         x7, x5, x6
434 13628 0x00000798 0x0262c3b3 M   div         x7, x5, x6
435 13663 0x0000079c 0x0262c3b3 M   div         x7, x5, x6
436 13698 0x000007a0 0x0262c3b3 M   div         x7, x5, x6
437 13733 0x000007a4 0x0262c3b3 M   div         x7, x5, x6
438 13768 0x000007a8 0x0262c3b3 M   div         x7, x5, x6
439 13803 0x000007ac 0x0262c3b3 M   div         x7, x5, x6
440 13838 0x000007b0 0x0262c3b3 M   div         x7, x5, x6
441 13873 0x000007b4 0x0262c3b3 M   div         x7, x5, x6
442 13908 0x000007b8 0x0262c3b3 M   div         x7, x5, x6
443 13943 0x000007bc 0x0262c3b3 M   div         x7, x5, x6
444 13978 0x000007c0 0x0262c3b3 M   div         x7, x5, x6
445 14013 0x000007c4 0x0262c3b3 M   div         x7, x5, x6
446 14048 0x000007c8 0x0262c3b3 M   div         x7, x5, x6
447 14083 0x000007cc 0x0262c3b3 M   div         x7, x5, x6
448 14118 0x000007d0 0x0262c3b3 M   div         x7, x5, x6
449 14153 0x000007d4 0x0262c3b3 M   div         x7, x5, x6
450 14188 0x000007d8 0x0262c3b3 M   div         x7, x5, x6
451 14223 0x000007dc 0x0262c3b3 M   div         x7, x5, x6
452 14258 0x000007e0 0x0262c3b3 M   div         x7, x5, x6
453 14293 0x000007e4 0x0262c3b3 M   div         x7, x5, x6
454 14328 0x000007e8 0x0262c3b3 M   div         x7, x5, x6
455 14363 0x000007ec 0x0262c3b3 M   div         x7, x5, x6
456 14398 0x000007f0 0x0262c3b3 M   div         x7, x5, x6
457 14433 0x000007f4 0x0262c3b3 M   div         x7, x5, x6
458 14468 0x000007f8 0x0262c3b3 M   div         x7, x5, x6
459 14503 0x000007fc 0x0262c3b3 M   div         x7, x5, x6
460 14538 0x00000800 0x0262c3b3 M   div         x7, x5, x6
461 14573 0x00000804 0x0262c3b3 M   div         x7, x5, x6
462 14608 0x00000808 0x0262c3b3 M   div         x7, x5, x6
463 14643 0x0000080c 0x0262c3b3 M   div         x7, x5, x6
464 14678 0x00000810 0x0262c3b3 M   div         x7, x5, x6
465 14713 0x00000814 0x0262c3b3 M   div         x7, x5, x6
466 14748 0x00000818 0x0262c3b3 M   div         x7, x5, x6
467 14783 0x0000081c 0x0262c3b3 M   div         x7, x5, x6
468 14818 0x00000820 0x0262c3b3 M   div         x7, x5, x6
469 14853 0x00000824 0x0262c3b3 M   div         x7, x5, x6
470 14888 0x00000828 0x0262c3b3 M   div         x7, x5, x6
471 14923 0x0000082c 0x0262c3b3 M   div         x7, x5, x6
472 14958 0x00000830 0x0262c3b3 M   div         x7, x5, x6
473 14993 0x00000834 0x0262c3b3 M   div         x7, x5, x6
474 15028 0x00000838 0x0262c3b3 M   div         x7, x5, x6
475 15063 0x0000083c 0x0262c3b3 M   div         x7, x5, x6
476 15098 0x00000840 0x0262c3b3 M   div         x7, x5, x6
477 15133 0x00000844 0x0262c3b3 M   div         x7, x5, x6
478 15168 0x00000848 0x0262c3b3 M   div         x7, x5, x6
479 15203 0x0000084c 0x0262c3b3 M   div         x7, x5, x6
480 15238 0x00000850 0x0262c3b3 M   div         x7, x5, x6
481 15273 0x00000854 0x0262c3b3 M   div         x7, x5, x6
482 15308 0x00000858 0x0262c3b3 M   div         x7, x5, x6
483 15343 0x0000085c 0x0262c3b3 M   div         x7, x5, x6
484 15378 0x00000860 0x0262c3b3 M   div         x7, x5, x6
485 15413 0x00000864 0x0262c3b3 M   div         x7, x5, x6
486 15448 0x00000868 0x0262c3b3 M   div         x7, x5, x6
487 15483 0x0000086c 0x0262c3b3 M   div         x7, x5, x6
488 15518 0x00000870 0x0262c3b3 M   div         x7, x5, x6
489 15553 0x00000874 0x0262c3b3 M   div         x7, x5, x6
490 15588 0x00000878 0x0262c3b3 M   div         x7, x5, x6
491 15623 0x0000087c 0x0262c3b3 M   div         x7, x5, x6
492 15658 0x00000880 0x0262c3b3 M   div         x7, x5, x6
493 15693 0x00000884 0x0262c3b3 M   div         x7, x5, x6
494 15728 0x00000888 0x0262c3b3 M   div         x7, x5, x6
495 15763 0x0000088c 0x0262c3b3 M   div         x7, x5, x6
496 15798 0x00000890 0x0262c3b3 M   div         x7, x5, x6
497 15833 0x00000894 0x0262c3b3 M   div         x7, x5, x6
498 15868 0x00000898 0x0262c3b3 M   div         x7, x5, x6
499 15903 0x0000089c 0x0262c3b3 M   div         x7, x5, x6
500 15938 0x000008a0 0x0262c3b3 M   div         x7, x5, x6
501 15973 0x000008a4 0x0262c3b3 M   div         x7, x5, x6
502 16008 0x000008a8 0x0262c3b3 M   div         x7, x5, x6
503 16043 0x000008ac 0x0262c3b3 M   div         x7, x5, x6
504 16078 0x000008b0 0x0262c3b3 M   div         x7, x5, x6
505 16113 0x000008b4 0x0262c3b3 M   div         x7, x5, x6
506 16148 0x000008b8 0x0262c3b3 M   div         x7, x5, x6
507 16183 0x000008bc 0x0262c3b3 M   div         x7, x5, x6
508 16218 0x000008c0 0x0262c3b3 M   div         x7, x5, x6
509 16253 0x000008c4 0x0262c3b3 M   div         x7, x5, x6
510 16288 0x000008c8 0x0262c3b3 M   div         x7, x5, x6
511 16323 0x000008cc 0x0262c3b3 M   div         x7, x5, x6
512 16358 0x000008d0 0x0262c3b3 M   div         x7, x5, x6
513 16393 0x000008d4 0x0262c3b3 M   div         x7, x5, x6
514 16428 0x000008d8 0x0262c3b3 M   div         x7, x5, x6
515 16463 0x000008dc 0x0262c3b3 M   div         x7, x5, x6
516 16498 0x000008e0 0x0262c3b3 M   div         x7, x5, x6
517 16533 0x000008e4 0x0262c3b3 M   div         x7, x5, x6
518 16568 0x000008e8 0x0262c3b3 M   div         x7, x5, x6
519 16603 0x000008ec 0x0262c3b3 M   div         x7, x5, x6
520 16638 0x000008f0 0x0262c3b3 M   div         x7, x5, x6
521 16673 0x000008f4 0x0262c3b3 M   div         x7, x5, x6
522 16708 0x000008f8 0x0262c3b3 M   div         x7, x5, x6
523 16743 0x000008fc 0x0262c3b3 M   div         x7, x5, x6
524 16778 0x00000900 0x0262c3b3 M   div         x7, x5, x6
525 16813 0x00000904 0x0262c3b3 M   div         x7, x5, x6
526 16848 0x00000908 0x0262c3b3 M   div         x7, x5, x6
527 16883 0x0000090c 0x0262c3b3 M   div         x7, x5, x6
528 16918 0x00000910 0x0262c3b3 M   div         x7, x5, x6
529 16953 0x00000914 0x0262c3b3 M   div         x7, x5, x6
530 16988 0x00000918 0x0262c3b3 M   div         x7, x5, x6
531 17023 0x0000091c 0x0262c3b3 M   div         x7, x5, x6
532 17058 0x00000920 0x0262c3b3 M   div         x7, x5, x6
533 17093 0x00000924 0x0262c3b3 M   div         x7, x5, x6
534 17128 0x00000928 0x0262c3b3 M   div         x7, x5, x6
535 17163 0x0000092c 0x0262c3b3 M   div         x7, x5, x6
536 17198 0x00000930 0x0262c3b3 M   div         x7, x5, x6
537 17233 0x00000934 0x0262c3b3 M   div         x7, x5, x6
538 17268 0x00000938 0x0262c3b3 M   div         x7, x5, x6
539 17303 0x0000093c 0x0262c3b3 M   div         x7, x5, x6
540 17338 0x00000940 0x0262c3b3 M   div         x7, x5, x6
541 17373 0x00000944 0x0262c3b3 M   div         x7, x5, x6
542 17408 0x00000948 0x0262c3b3 M   div         x7, x5, x6
543 17443 0x0000094c 0x0262c3b3 M   div         x7, x5, x6
544 17478 0x00000950 0x0262c3b3 M   div         x7, x5, x6
545 17513 0x00000954 0x0262c3b3 M   div         x7, x5, x6
546 17548 0x00000958 0x0262c3b3 M   div         x7, x5, x6
547 17583 0x0000095c 0x0262c3b3 M   div         x7, x5, x6
548 17618 0x00000960 0x0262c3b3 M   div         x7, x5, x6
549 17653 0x00000964 0x0262c3b3 M   div         x7, x5, x6
550 17688 0x00000968 0x0262c3b3 M   div         x7, x5, x6
551 17723 0x0000096c 0x0262c3b3 M   div         x7, x5, x6
552 17758 0x00000970 0x0262c3b3 M   div         x7, x5, x6
553 17793 0x00000974 0x0262c3b3 M   div         x7, x5, x6
554 17828 0x00000978 0x0262c3b3 M   div         x7, x5, x6
555 17863 0x0000097c 0x0262c3b3 M   div         x7, x5, x6
556 17898 0x00000980 0x0262c3b3 M   div         x7, x5, x6
557 17933 0x00000984 0x0262c3b3 M   div         x7, x5, x6
558 17968 0x00000988 0x0262c3b3 M   div         x7, x5, x6
559 18003 0x0000098c 0x0262c3b3 M   div         x7, x5, x6
560 18038 0x00000990 0x0262c3b3 M   div         x7, x5, x6
561 18073 0x00000994 0x0262c3b3 M   div         x7, x5, x6
562 18108 0x00000998 0x0262c3b3 M   div         x7, x5, x6
563 18143 0x0000099c 0x0262c3b3 M   div         x7, x5, x6
564 18178 0x000009a0 0x0262c3b3 M   div         x7, x5, x6
565 18213 0x000009a4 0x0262c3b3 M   div         x7, x5, x6
566 18248 0x000009a8 0x0262c3b3 M   div         x7, x5, x6
567 18283 0x000009ac 0x0262c3b3 M   div         x7, x5, x6
568 18318 0x000009b0 0x0262c3b3 M   div         x7, x5, x6
569 18353 0x000009b4 0x0262c3b3 M   div         x7, x5, x6
570 18388 0x000009b8 0x0262c3b3 M   div         x7, x5, x6
571 18423 0x000009bc 0x0262c3b3 M   div         x7, x5, x6
572 18458 0x000009c0 0x0262c3b3 M   div         x7, x5, x6
573 18493 0x000009c4 0x0262c3b3 M   div         x7, x5, x6
574 18528 0x000009c8 0x0262c3b3 M   div         x7, x5, x6
575 18563 0x000009cc 0x0262c3b3 M   div         x7, x5, x6
576 18598 0x000009d0 0x0262c3b3 M   div         x7, x5, x6
577 18633 0x000009d4 0x0262c3b3 M   div         x7, x5, x6
578 18668 0x000009d8 0x0262c3b3 M   div         x7, x5, x6
579 18703 0x000009dc 0x0262c3b3 M   div         x7, x5, x6
580 18738 0x000009e0 0x0262c3b3 M   div         x7, x5, x6
581 18773 0x000009e4 0x0262c3b3 M   div         x7, x5, x6
582 18808 0x000009e8 0x0262c3b3 M   div         x7, x5, x6
583 18843 0x000009ec 0x0262c3b3 M   div         x7, x5, x6
584 18878 0x000009f0 0x0262c3b3 M   div         x7, x5, x6
585 18913 0x000009f4 0x0262c3b3 M   div         x7, x5, x6
586 18948 0x000009f8 0x0262c3b3 M   div         x7, x5, x6
587 18983 0x000009fc 0x0262c3b3 M   div         x7, x5, x6
588 19018 0x00000a00 0x0262c3b3 M   div         x7, x5, x6
589 19053 0x00000a04 0x0262c3b3 M   div         x7, x5, x6
590 19088 0x00000a08 0x0262c3b3 M   div         x7, x5, x6
591 19123 0x00000a0c 0x0262c3b3 M   div         x7, x5, x6
592 19158 0x00000a10 0x0262c3b3 M   div         x7, x5, x6
593 19193 0x00000a14 0x0262c3b3 M   div         x7, x5, x6
594 19228 0x00000a18 0x0262c3b3 M   div         x7, x5, x6
595 19263 0x00000a1c 0x0262c3b3 M   div         x7, x5, x6
596 19298 0x00000a20 0x0262c3b3 M   div         x7, x5, x6
597 19333 0x00000a24 0x0262c3b3 M   div         x7, x5, x6
598 19368 0x00000a28 0x0262c3b3 M   div         x7, x5, x6
599 19403 0x00000a2c 0x0262c3b3 M   div         x7, x5, x6
600 19438 0x00000a30 0x0262c3b3 M   div         x7, x5, x6
601 19473 0x00000a34 0x0262c3b3 M   div         x7, x5, x6
602 19508 0x00000a38 0x0262c3b3 M   div         x7, x5, x6
603 19543 0x00000a3c 0x0262c3b3 M   div         x7, x5, x6
604 19578 0x00000a40 0x0262c3b3 M   div         x7, x5, x6
605 19613 0x00000a44 0x0262c3b3 M   div         x7, x5, x6
606 19648 0x00000a48 0x0262c3b3 M   div         x7, x5, x6
607 19683 0x00000a4c 0x0262c3b3 M   div         x7, x5, x6
608 19718 0x00000a50 0x0262c3b3 M   div         x7, x5, x6
609 19753 0x00000a54 0x0262c3b3 M   div         x7, x5, x6
610 19788 0x00000a58 0x0262c3b3 M   div         x7, x5, x6
611 19823 0x00000a5c 0x0262c3b3 M   div         x7, x5, x6
612 19858 0x00000a60 0x0262c3b3 M   div         x7, x5, x6
613 19893 0x00000a64 0x0262c3b3 M   div         x7, x5, x6
614 19928 0x00000a68 0x0262c3b3 M   div         x7, x5, x6
615 19963 0x00000a6c 0x0262c3b3 M   div         x7, x5, x6
616 19998 0x00000a70 0x0262c3b3 M   div         x7, x5, x6
617 20033 0x00000a74 0x0262c3b3 M   div         x7, x5, x6
618 20068 0x00000a78 0x0262c3b3 M   div         x7, x5, x6
619 20103 0x00000a7c 0x0262c3b3 M   div         x7, x5, x6
620 20138 0x00000a80 0x0262c3b3 M   div         x7, x5, x6
621 20173 0x00000a84 0x0262c3b3 M   div         x7, x5, x6
622 20208 0x00000a88 0x0262c3b3 M   div         x7, x5, x6
623 20243 0x00000a8c 0x0262c3b3 M   div         x7, x5, x6
624 20278 0x00000a90 0x0262c3b3 M   div         x7, x5, x6
625 20313 0x00000a94 0x0262c3b3 M   div         x7, x5, x6
626 20348 0x00000a98 0x0262c3b3 M   div         x7, x5, x6
627 20383 0x00000a9c 0x0262c3b3 M   div         x7, x5, x6
628 20418 0x00000aa0 0x0262c3b3 M   div         x7, x5, x6
629 20453 0x00000aa4 0x0262c3b3 M   div         x7, x5, x6
630 20488 0x00000aa8 0x0262c3b3 M   div         x7, x5, x6
631 20523 0x00000aac 0x0262c3b3 M   div         x7, x5, x6
632 20558 0x00000ab0 0x0262c3b3 M   div         x7, x5, x6
633 20593 0x00000ab4 0x0262c3b3 M   div         x7, x5, x6
634 20628 0x00000ab8 0x0262c3b3 M   div         x7, x5, x6
635 20663 0x00000abc 0x0262c3b3 M   div         x7, x5, x6
636 20698 0x00000ac0 0x0262c3b3 M   div         x7, x5, x6
637 20733 0x00000ac4 0x0262c3b3 M   div         x7, x5, x6
638 20768 0x00000ac8 0x0262c3b3 M   div         x7, x5, x6
639 20803 0x00000acc 0x0262c3b3 M   div         x7, x5, x6
640 20838 0x00000ad0 0x0262c3b3 M   div         x7, x5, x6
641 20873 0x00000ad4 0x0262c3b3 M   div         x7, x5, x6
642 20908 0x00000ad8 0x0262c3b3 M   div         x7, x5, x6
643 20943 0x00000adc 0x0262c3b3 M   div         x7, x5, x6
644 20978 0x00000ae0 0x0262c3b3 M   div         x7, x5, x6
645 21013 0x00000ae4 0x0262c3b3 M   div         x7, x5, x6
646 21048 0x00000ae8 0x0262c3b3 M   div         x7, x5, x6
647 21083 0x00000aec 0x0262c3b3 M   div         x7, x5, x6
648 21118 0x00000af0 0x0262c3b3 M   div         x7, x5, x6
649 21153 0x00000af4 0x0262c3b3 M   div         x7, x5, x6
650 21188 0x00000af8 0x0262c3b3 M   div         x7, x5, x6
651 21223 0x00000afc 0x0262c3b3 M   div         x7, x5, x6
652 21258 0x00000b00 0x0262c3b3 M   div         x7, x5, x6
653 21293 0x00000b04 0x0262c3b3 M   div         x7, x5, x6
654 21328 0x00000b08 0x0262c3b3 M   div         x7, x5, x6
655 21363 0x00000b0c 0x0262c3b3 M   div         x7, x5, x6
656 21398 0x00000b10 0x0262c3b3 M   div         x7, x5, x6
657 21433 0x00000b14 0x0262c3b3 M   div         x7, x5, x6
658 21468 0x00000b18 0x0262c3b3 M   div         x7, x5, x6
659 21503 0x00000b1c 0x0262c3b3 M   div         x7, x5, x6
660 21538 0x00000b20 0x0262c3b3 M   div         x7, x5, x6
661 21573 0x00000b24 0x0262c3b3 M   div         x7, x5, x6
662 21608 0x00000b28 0x0262c3b3 M   div         x7, x5, x6
663 21643 0x00000b2c 0x0262c3b3 M   div         x7, x5, x6
664 21678 0x00000b30 0x0262c3b3 M   div         x7, x5, x6
665 21713 0x00000b34 0x0262c3b3 M   div         x7, x5, x6
666 21748 0x00000b38 0x0262c3b3 M   div         x7, x5, x6
667 21783 0x00000b3c 0x0262c3b3 M   div         x7, x5, x6
668 21818 0x00000b40 0x0262c3b3 M   div         x7, x5, x6
669 21853 0x00000b44 0x0262c3b3 M   div         x7, x5, x6
670 21888 0x00000b48 0x0262c3b3 M   div         x7, x5, x6
671 21923 0x00000b4c 0x0262c3b3 M   div         x7, x5, x6
672 21958 0x00000b50 0x0262c3b3 M   div         x7, x5, x6
673 21993 0x00000b54 0x0262c3b3 M   div         x7, x5, x6
674 22028 0x00000b58 0x0262c3b3 M   div         x7, x5, x6
675 22063 0x00000b5c 0x0262c3b3 M   div         x7, x5, x6
676 22098 0x00000b60 0x0262c3b3 M   div         x7, x5, x6
677 22133 0x00000b64 0x0262c3b3 M   div         x7, x5, x6
678 22168 0x00000b68 0x0262c3b3 M   div         x7, x5, x6
679 22203 0x00000b6c 0x0262c3b3 M   div         x7, x5, x6
680 22238 0x00000b70 0x0262c3b3 M   div         x7, x5, x6
681 22273 0x00000b74 0x0262c3b3 M   div         x7, x5, x6
682 22308 0x00000b78 0x0262c3b3 M   div         x7, x5, x6
683 22343 0x00000b7c 0x0262c3b3 M   div         x7, x5, x6
684 22378 0x00000b80 0x0262c3b3 M   div         x7, x5, x6
685 22413 0x00000b84 0x0262c3b3 M   div         x7, x5, x6
686 22448 0x00000b88 0x0262c3b3 M   div         x7, x5, x6
687 22483 0x00000b8c 0x0262c3b3 M   div         x7, x5, x6
688 22518 0x00000b90 0x0262c3b3 M   div         x7, x5, x6
689 22553 0x00000b94 0x0262c3b3 M   div         x7, x5, x6
690 22588 0x00000b98 0x0262c3b3 M   div         x7, x5, x6
691 22623 0x00000b9c 0x0262c3b3 M   div         x7, x5, x6
692 22658 0x00000ba0 0x0262c3b3 M   div         x7, x5, x6
693 22693 0x00000ba4 0x0262c3b3 M   div         x7, x5, x6
694 22728 0x00000ba8 0x0262c3b3 M   div         x7, x5, x6
695 22763 0x00000bac 0x0262c3b3 M   div         x7, x5, x6
696 22798 0x00000bb0 0x0262c3b3 M   div         x7, x5, x6
697 22833 0x00000bb4 0x0262c3b3 M   div         x7, x5, x6
698 22868 0x00000bb8 0x0262c3b3 M   div         x7, x5, x6
699 22903 0x00000bbc 0x0262c3b3 M   div         x7, x5, x6
700 22938 0x00000bc0 0x0262c3b3 M   div         x7, x5, x6
701 22973 0x00000bc4 0x0262c3b3 M   div         x7, x5, x6
702 23008 0x00000bc8 0x0262c3b3 M   div         x7, x5, x6
703 23043 0x00000bcc 0x0262c3b3 M   div         x7, x5, x6
704 23078 0x00000bd0 0x0262c3b3 M   div         x7, x5, x6
705 23113 0x00000bd4 0x0262c3b3 M   div         x7, x5, x6
706 23148 0x00000bd8 0x0262c3b3 M   div         x7, x5, x6
707 23183 0x00000bdc 0x0262c3b3 M   div         x7, x5, x6
708 23218 0x00000be0 0x0262c3b3 M   div         x7, x5, x6
709 23253 0x00000be4 0x0262c3b3 M   div         x7, x5, x6
710 23288 0x00000be8 0x0262c3b3 M   div         x7, x5, x6
711 23323 0x00000bec 0x0262c3b3 M   div         x7, x5, x6
712 23358 0x00000bf0 0x0262c3b3 M   div         x7, x5, x6
713 23393 0x00000bf4 0x0262c3b3 M   div         x7, x5, x6
714 23428 0x00000bf8 0x0262c3b3 M   div         x7, x5, x6
715 23463 0x00000bfc 0x0262c3b3 M   div         x7, x5, x6
716 23498 0x00000c00 0x0262c3b3 M   div         x7, x5, x6
717 23533 0x00000c04 0x0262c3b3 M   div         x7, x5, x6
718 23568 0x00000c08 0x0262c3b3 M   div         x7, x5, x6
719 23603 0x00000c0c 0x0262c3b3 M   div         x7, x5, x6
720 23638 0x00000c10 0x0262c3b3 M   div         x7, x5, x6
721 23673 0x00000c14 0x0262c3b3 M   div         x7, x5, x6
722 23708 0x00000c18 0x0262c3b3 M   div         x7, x5, x6
723 23743 0x00000c1c 0x0262c3b3 M   div         x7, x5, x6
724 23778 0x00000c20 0x0262c3b3 M   div         x7, x5, x6
725 23813 0x00000c24 0x0262c3b3 M   div         x7, x5, x6
726 23848 0x00000c28 0x0262c3b3 M   div         x7, x5, x6
727 23883 0x00000c2c 0x0262c3b3 M   div         x7, x5, x6
728 23918 0x00000c30 0x0262c3b3 M   div         x7, x5, x6
729 23953 0x00000c34 0x0262c3b3 M   div         x7, x5, x6
730 23988 0x00000c38 0x0262c3b3 M   div         x7, x5, x6
731 24023 0x00000c3c 0x0262c3b3 M   div         x7, x5, x6
732 24058 0x00000c40 0x0262c3b3 M   div         x7, x5, x6
733 24093 0x00000c44 0x0262c3b3 M   div         x7, x5, x6
734 24128 0x00000c48 0x0262c3b3 M   div         x7, x5, x6
735 24163 0x00000c4c 0x0262c3b3 M   div         x7, x5, x6
736 24198 0x00000c50 0x0262c3b3 M   div         x7, x5, x6
737 24233 0x00000c54 0x0262c3b3 M   div         x7, x5, x6
738 24268 0x00000c58 0x0262c3b3 M   div         x7, x5, x6
739 24303 0x00000c5c 0x0262c3b3 M   div         x7, x5, x6
740 24338 0x00000c60 0x0262c3b3 M   div         x7, x5, x6
741 24373 0x00000c64 0x0262c3b3 M   div         x7, x5, x6
742 24408 0x00000c68 0x0262c3b3 M   div         x7, x5, x6
743 24443 0x00000c6c 0x0262c3b3 M   div         x7, x5, x6
744 24478 0x00000c70 0x0262c3b3 M   div         x7, x5, x6
745 24513 0x00000c74 0x0262c3b3 M   div         x7, x5, x6
746 24548 0x00000c78 0x0262c3b3 M   div         x7, x5, x6
747 24583 0x00000c7c 0x0262c3b3 M   div         x7, x5, x6
748 24618 0x00000c80 0x0262c3b3 M   div         x7, x5, x6
749 24653 0x00000c84 0x0262c3b3 M   div         x7, x5, x6
750 24688 0x00000c88 0x0262c3b3 M   div         x7, x5, x6
751 24723 0x00000c8c 0x0262c3b3 M   div         x7, x5, x6
752 24758 0x00000c90 0x0262c3b3 M   div         x7, x5, x6
753 24793 0x00000c94 0x0262c3b3 M   div         x7, x5, x6
754 24828 0x00000c98 0x0262c3b3 M   div         x7, x5, x6
755 24863 0x00000c9c 0x0262c3b3 M   div         x7, x5, x6
756 24898 0x00000ca0 0x0262c3b3 M   div         x7, x5, x6
757 24933 0x00000ca4 0x0262c3b3 M   div         x7, x5, x6
758 24968 0x00000ca8 0x0262c3b3 M   div         x7, x5, x6
759 25003 0x00000cac 0x0262c3b3 M   div         x7, x5, x6
760 25038 0x00000cb0 0x0262c3b3 M   div         x7, x5, x6
761 25073 0x00000cb4 0x0262c3b3 M   div         x7, x5, x6
762 25108 0x00000cb8 0x0262c3b3 M   div         x7, x5, x6
763 25143 0x00000cbc 0x0262c3b3 M   div         x7, x5, x6
764 25178 0x00000cc0 0x0262c3b3 M   div         x7, x5, x6
765 25213 0x00000cc4 0x0262c3b3 M   div         x7, x5, x6
766 25248 0x00000cc8 0x0262c3b3 M   div         x7, x5, x6
767 25283 0x00000ccc 0x0262c3b3 M   div         x7, x5, x6
768 25318 0x00000cd0 0x0262c3b3 M   div         x7, x5, x6
769 25353 0x00000cd4 0x0262c3b3 M   div         x7, x5, x6
770 25388 0x00000cd8 0x0262c3b3 M   div         x7, x5, x6
771 25423 0x00000cdc 0x0262c3b3 M   div         x7, x5, x6
772 25458 0x00000ce0 0x0262c3b3 M   div         x7, x5, x6
773 25493 0x00000ce4 0x0262c3b3 M   div         x7, x5, x6
774 25528 0x00000ce8 0x0262c3b3 M   div         x7, x5, x6
775 25563 0x00000cec 0x0262c3b3 M   div         x7, x5, x6
776 25598 0x00000cf0 0x0262c3b3 M   div         x7, x5, x6
777 25633 0x00000cf4 0x0262c3b3 M   div         x7, x5, x6
778 25668 0x00000cf8 0x0262c3b3 M   div         x7, x5, x6
779 25703 0x00000cfc 0x0262c3b3 M   div         x7, x5, x6
780 25738 0x00000d00 0x0262c3b3 M   div         x7, x5, x6
781 25773 0x00000d04 0x0262c3b3 M   div         x7, x5, x6
782 25808 0x00000d08 0x0262c3b3 M   div         x7, x5, x6
783 25843 0x00000d0c 0x0262c3b3 M   div         x7, x5, x6
784 25878 0x00000d10 0x0262c3b3 M   div         x7, x5, x6
785 25913 0x00000d14 0x0262c3b3 M   div         x7, x5, x6
786 25948 0x00000d18 0x0262c3b3 M   div         x7, x5, x6
787 25983 0x00000d1c 0x0262c3b3 M   div         x7, x5, x6
788 26018 0x00000d20 0x0262c3b3 M   div         x7, x5, x6
789 26053 0x00000d24 0x0262c3b3 M   div         x7, x5, x6
790 26088 0x00000d28 0x0262c3b3 M   div         x7, x5, x6
791 26123 0x00000d2c 0x0262c3b3 M   div         x7, x5, x6
792 26158 0x00000d30 0x0262c3b3 M   div         x7, x5, x6
793 26193 0x00000d34 0x0262c3b3 M   div         x7, x5, x6
794 26228 0x00000d38 0x0262c3b3 M   div         x7, x5, x6
795 26263 0x00000d3c 0x0262c3b3 M   div         x7, x5, x6
796 26298 0x00000d40 0x0262c3b3 M   div         x7, x5, x6
797 26333 0x00000d44 0x0262c3b3 M   div         x7, x5, x6
798 26368 0x00000d48 0x0262c3b3 M   div         x7, x5, x6
799 26403 0x00000d4c 0x0262c3b3 M   div         x7, x5, x6
800 26438 0x00000d50 0x0262c3b3 M   div         x7, x5, x6
801 26473 0x00000d54 0x0262c3b3 M   div         x7, x5, x6
802 26508 0x00000d58 0x0262c3b3 M   div         x7, x5, x6
803 26543 0x00000d5c 0x0262c3b3 M   div         x7, x5, x6
804 26578 0x00000d60 0x0262c3b3 M   div         x7, x5, x6
805 26613 0x00000d64 0x0262c3b3 M   div         x7, x5, x6
806 26648 0x00000d68 0x0262c3b3 M   div         x7, x5, x6
807 26683 0x00000d6c 0x0262c3b3 M   div         x7, x5, x6
808 26718 0x00000d70 0x0262c3b3 M   div         x7, x5, x6
809 26753 0x00000d74 0x0262c3b3 M   div         x7, x5, x6
810 26788 0x00000d78 0x0262c3b3 M   div         x7, x5, x6
811 26823 0x00000d7c 0x0262c3b3 M   div         x7, x5, x6
812 26858 0x00000d80 0x0262c3b3 M   div         x7, x5, x6
813 26893 0x00000d84 0x0262c3b3 M   div         x7, x5, x6
814 26928 0x00000d88 0x0262c3b3 M   div         x7, x5, x6
815 26963 0x00000d8c 0x0262c3b3 M   div         x7, x5, x6
816 26998 0x00000d90 0x0262c3b3 M   div         x7, x5, x6
817 27033 0x00000d94 0x0262c3b3 M   div         x7, x5, x6
818 27068 0x00000d98 0x0262c3b3 M   div         x7, x5, x6
819 27103 0x00000d9c 0x0262c3b3 M   div         x7, x5, x6
820 27138 0x00000da0 0x0262c3b3 M   div         x7, x5, x6
821 27173 0x00000da4 0x0262c3b3 M   div         x7, x5, x6
822 27208 0x00000da8 0x0262c3b3 M   div         x7, x5, x6
823 27243 0x00000dac 0x0262c3b3 M   div         x7, x5, x6
824 27278 0x00000db0 0x0262c3b3 M   div         x7, x5, x6
825 27313 0x00000db4 0x0262c3b3 M   div         x7, x5, x6
826 27348 0x00000db8 0x0262c3b3 M   div         x7, x5, x6
827 27383 0x00000dbc 0x0262c3b3 M   div         x7, x5, x6
828 27418 0x00000dc0 0x0262c3b3 M   div         x7, x5, x6
829 27453 0x00000dc4 0x0262c3b3 M   div         x7, x5, x6
830 27488 0x00000dc8 0x0262c3b3 M   div         x7, x5, x6
831 27523 0x00000dcc 0x0262c3b3 M   div         x7, x5, x6
832 27558 0x00000dd0 0x0262c3b3 M   div         x7, x5, x6
833 27593 0x00000dd4 0x0262c3b3 M   div         x7, x5, x6
834 27628 0x00000dd8 0x0262c3b3 M   div         x7, x5, x6
835 27663 0x00000ddc 0x0262c3b3 M   div         x7, x5, x6
836 27698 0x00000de0 0x0262c3b3 M   div         x7, x5, x6
837 27733 0x00000de4 0x0262c3b3 M   div         x7, x5, x6
838 27768 0x00000de8 0x0262c3b3 M   div         x7, x5, x6
839 27803 0x00000dec 0x0262c3b3 M   div         x7, x5, x6
840 27838 0x00000df0 0x0262c3b3 M   div         x7, x5, x6
841 27873 0x00000df4 0x0262c3b3 M   div         x7, x5, x6
842 27908 0x00000df8 0x0262c3b3 M   div         x7, x5, x6
843 27943 0x00000dfc 0x0262c3b3 M   div         x7, x5, x6
844 27978 0x00000e00 0x0262c3b3 M   div         x7, x5, x6
845 28013 0x00000e04 0x0262c3b3 M   div         x7, x5, x6
846 28048 0x00000e08 0x0262c3b3 M   div         x7, x5, x6
847 28083 0x00000e0c 0x0262c3b3 M   div         x7, x5, x6
848 28118 0x00000e10 0x0262c3b3 M   div         x7, x5, x6
849 28153 0x00000e14 0x0262c3b3 M   div         x7, x5, x6
850 28188 0x00000e18 0x0262c3b3 M   div         x7, x5, x6
851 28223 0x00000e1c 0x0262c3b3 M   div         x7, x5, x6
852 28258 0x00000e20 0x0262c3b3 M   div         x7, x5, x6
853 28293 0x00000e24 0x0262c3b3 M   div         x7, x5, x6
854 28328 0x00000e28 0x0262c3b3 M   div         x7, x5, x6
855 28363 0x00000e2c 0x0262c3b3 M   div         x7, x5, x6
856 28398 0x00000e30 0x0262c3b3 M   div         x7, x5, x6
857 28433 0x00000e34 0x0262c3b3 M   div         x7, x5, x6
858 28468 0x00000e38 0x0262c3b3 M   div         x7, x5, x6
859 28503 0x00000e3c 0x0262c3b3 M   div         x7, x5, x6
860 28538 0x00000e40 0x0262c3b3 M   div         x7, x5, x6
861 28573 0x00000e44 0x0262c3b3 M   div         x7, x5, x6
862 28608 0x00000e48 0x0262c3b3 M   div         x7, x5, x6
863 28643 0x00000e4c 0x0262c3b3 M   div         x7, x5, x6
864 28678 0x00000e50 0x0262c3b3 M   div         x7, x5, x6
865 28713 0x00000e54 0x0262c3b3 M   div         x7, x5, x6
866 28748 0x00000e58 0x0262c3b3 M   div         x7, x5, x6
867 28783 0x00000e5c 0x0262c3b3 M   div         x7, x5, x6
868 28818 0x00000e60 0x0262c3b3 M   div         x7, x5, x6
869 28853 0x00000e64 0x0262c3b3 M   div         x7, x5, x6
870 28888 0x00000e68 0x0262c3b3 M   div         x7, x5, x6
871 28923 0x00000e6c 0x0262c3b3 M   div         x7, x5, x6
872 28958 0x00000e70 0x0262c3b3 M   div         x7, x5, x6
873 28993 0x00000e74 0x0262c3b3 M   div         x7, x5, x6
874 29028 0x00000e78 0x0262c3b3 M   div         x7, x5, x6
875 29063 0x00000e7c 0x0262c3b3 M   div         x7, x5, x6
876 29098 0x00000e80 0x0262c3b3 M   div         x7, x5, x6
877 29133 0x00000e84 0x0262c3b3 M   div         x7, x5, x6
878 29168 0x00000e88 0x0262c3b3 M   div         x7, x5, x6
879 29203 0x00000e8c 0x0262c3b3 M   div         x7, x5, x6
880 29238 0x00000e90 0x0262c3b3 M   div         x7, x5, x6
881 29273 0x00000e94 0x0262c3b3 M   div         x7, x5, x6
882 29308 0x00000e98 0x0262c3b3 M   div         x7, x5, x6
883 29343 0x00000e9c 0x0262c3b3 M   div         x7, x5, x6
884 29378 0x00000ea0 0x0262c3b3 M   div         x7, x5, x6
885 29413 0x00000ea4 0x0262c3b3 M   div         x7, x5, x6
886 29448 0x00000ea8 0x0262c3b3 M   div         x7, x5, x6
887 29483 0x00000eac 0x0262c3b3 M   div         x7, x5, x6
888 29518 0x00000eb0 0x0262c3b3 M   div         x7, x5, x6
889 29553 0x00000eb4 0x0262c3b3 M   div         x7, x5, x6
890 29588 0x00000eb8 0x0262c3b3 M   div         x7, x5, x6
891 29623 0x00000ebc 0x0262c3b3 M   div         x7, x5, x6
892 29658 0x00000ec0 0x0262c3b3 M   div         x7, x5, x6
893 29693 0x00000ec4 0x0262c3b3 M   div         x7, x5, x6
894 29728 0x00000ec8 0x0262c3b3 M   div         x7, x5, x6
895 29763 0x00000ecc 0x0262c3b3 M   div         x7, x5, x6
896 29798 0x00000ed0 0x0262c3b3 M   div         x7, x5, x6
897 29833 0x00000ed4 0x0262c3b3 M   div         x7, x5, x6
898 29868 0x00000ed8 0x0262c3b3 M   div         x7, x5, x6
899 29903 0x00000edc 0x0262c3b3 M   div         x7, x5, x6
900 29938 0x00000ee0 0x0262c3b3 M   div         x7, x5, x6
901 29973 0x00000ee4 0x0262c3b3 M   div         x7, x5, x6
902 30008 0x00000ee8 0x0262c3b3 M   div         x7, x5, x6
903 30043 0x00000eec 0x0262c3b3 M   div         x7, x5, x6
904 30078 0x00000ef0 0x0262c3b3 M   div         x7, x5, x6
905 30113 0x00000ef4 0x0262c3b3 M   div         x7, x5, x6
906 30148 0x00000ef8 0x0262c3b3 M   div         x7, x5, x6
907 30183 0x00000efc 0x0262c3b3 M   div         x7, x5, x6
908 30218 0x00000f00 0x0262c3b3 M   div         x7, x5, x6
909 30253 0x00000f04 0x0262c3b3 M   div         x7, x5, x6
910 30288 0x00000f08 0x0262c3b3 M   div         x7, x5, x6
911 30323 0x00000f0c 0x0262c3b3 M   div         x7, x5, x6
912 30358 0x00000f10 0x0262c3b3 M   div         x7, x5, x6
913 30393 0x00000f14 0x0262c3b3 M   div         x7, x5, x6
914 30428 0x00000f18 0x0262c3b3 M   div         x7, x5, x6
915 30463 0x00000f1c 0x0262c3b3 M   div         x7, x5, x6
916 30498 0x00000f20 0x0262c3b3 M   div         x7, x5, x6
917 30533 0x00000f24 0x0262c3b3 M   div         x7, x5, x6
918 30568 0x00000f28 0x0262c3b3 M   div         x7, x5, x6
919 30603 0x00000f2c 0x0262c3b3 M   div         x7, x5, x6
920 30638 0x00000f30 0x0262c3b3 M   div         x7, x5, x6
921 30673 0x00000f34 0x0262c3b3 M   div         x7, x5, x6
922 30708 0x00000f38 0x0262c3b3 M   div         x7, x5, x6
923 30743 0x00000f3c 0x0262c3b3 M   div         x7, x5, x6
924 30778 0x00000f40 0x0262c3b3 M   div         x7, x5, x6
925 30813 0x00000f44 0x0262c3b3 M   div         x7, x5, x6
926 30848 0x00000f48 0x0262c3b3 M   div         x7, x5, x6
927 30883 0x00000f4c 0x0262c3b3 M   div         x7, x5, x6
928 30918 0x00000f50 0x0262c3b3 M   div         x7, x5, x6
929 30953 0x00000f54 0x0262c3b3 M   div         x7, x5, x6
930 30988 0x00000f58 0x0262c3b3 M   div         x7, x5, x6
931 31023 0x00000f5c 0x0262c3b3 M   div         x7, x5, x6
932 31058 0x00000f60 0x0262c3b3 M   div         x7, x5, x6
933 31093 0x00000f64 0x0262c3b3 M   div         x7, x5, x6
934 31128 0x00000f68 0x0262c3b3 M   div         x7, x5, x6
935 31163 0x00000f6c 0x0262c3b3 M   div         x7, x5, x6
936 31198 0x00000f70 0x0262c3b3 M   div         x7, x5, x6
937 31233 0x00000f74 0x0262c3b3 M   div         x7, x5, x6
938 31268 0x00000f78 0x0262c3b3 M   div         x7, x5, x6
939 31303 0x00000f7c 0x0262c3b3 M   div         x7, x5, x6
940 31338 0x00000f80 0x0262c3b3 M   div         x7, x5, x6
941 31373 0x00000f84 0x0262c3b3 M   div         x7, x5, x6
942 31408 0x00000f88 0x0262c3b3 M   div         x7, x5, x6
943 31443 0x00000f8c 0x0262c3b3 M   div         x7, x5, x6
944 31478 0x00000f90 0x0262c3b3 M   div         x7, x5, x6
945 31513 0x00000f94 0x0262c3b3 M   div         x7, x5, x6
946 31548 0x00000f98 0x0262c3b3 M   div         x7, x5, x6
947 31583 0x00000f9c 0x0262c3b3 M   div         x7, x5, x6
948 31618 0x00000fa0 0x0262c3b3 M   div         x7, x5, x6
949 31653 0x00000fa4 0x0262c3b3 M   div         x7, x5, x6
950 31688 0x00000fa8 0x0262c3b3 M   div         x7, x5, x6
951 31723 0x00000fac 0x0262c3b3 M   div         x7, x5, x6
952 31758 0x00000fb0 0x0262c3b3 M   div         x7, x5, x6
953 31793 0x00000fb4 0x0262c3b3 M   div         x7, x5, x6
954 31828 0x00000fb8 0x0262c3b3 M   div         x7, x5, x6
955 31863 0x00000fbc 0x0262c3b3 M   div         x7, x5, x6
956 31898 0x00000fc0 0x0262c3b3 M   div         x7, x5, x6
957 31933 0x00000fc4 0x0262c3b3 M   div         x7, x5, x6
958 31968 0x00000fc8 0x0262c3b3 M   div         x7, x5, x6
959 32003 0x00000fcc 0x0262c3b3 M   div         x7, x5, x6
960 32038 0x00000fd0 0x0262c3b3 M   div         x7, x5, x6
961 32073 0x00000fd4 0x0262c3b3 M   div         x7, x5, x6
962 32108 0x00000fd8 0x0262c3b3 M   div         x7, x5, x6
963 32143 0x00000fdc 0x0262c3b3 M   div         x7, x5, x6
964 32178 0x00000fe0 0x0262c3b3 M   div         x7, x5, x6
965 32213 0x00000fe4 0x0262c3b3 M   div         x7, x5, x6
966 32248 0x00000fe8 0x0262c3b3 M   div         x7, x5, x6
967 32283 0x00000fec 0x0262c3b3 M   div         x7, x5, x6
968 32318 0x00000ff0 0x0262c3b3 M   div         x7, x5, x6
969 32353 0x00000ff4 0x0262c3b3 M   div         x7, x5, x6
970 32388 0x00000ff8 0x0262c3b3 M   div         x7, x5, x6
971 32423 0x00000ffc 0x0262c3b3 M   div         x7, x5, x6
972 32458 0x00001000 0x0262c3b3 M   div         x7, x5, x6
973 32493 0x00001004 0x0262c3b3 M   div         x7, x5, x6
974 32528 0x00001008 0x0262c3b3 M   div         x7, x5, x6
975 32563 0x0000100c 0x0262c3b3 M   div         x7, x5, x6
976 32598 0x00001010 0x0262c3b3 M   div         x7, x5, x6
977 32633 0x00001014 0x0262c3b3 M   div         x7, x5, x6
978 32668 0x00001018 0x0262c3b3 M   div         x7, x5, x6
979 32703 0x0000101c 0x0262c3b3 M   div         x7, x5, x6
980 32738 0x00001020 0x0262c3b3 M   div         x7, x5, x6
981 32773 0x00001024 0x0262c3b3 M   div         x7, x5, x6
982 32808 0x00001028 0x0262c3b3 M   div         x7, x5, x6
983 32843 0x0000102c 0x0262c3b3 M   div         x7, x5, x6
984 32878 0x00001030 0x0262c3b3 M   div         x7, x5, x6
985 32913 0x00001034 0x0262c3b3 M   div         x7, x5, x6
986 32948 0x00001038 0x0262c3b3 M   div         x7, x5, x6
987 32983 0x0000103c 0x0262c3b3 M   div         x7, x5, x6
988 33018 0x00001040 0x0262c3b3 M   div         x7, x5, x6
989 33053 0x00001044 0x0262c3b3 M   div         x7, x5, x6
990 33088 0x00001048 0x0262c3b3 M   div         x7, x5, x6
991 33123 0x0000104c 0x0262c3b3 M   div         x7, x5, x6
992 33158 0x00001050 0x0262c3b3 M   div         x7, x5, x6
993 33193 0x00001054 0x0262c3b3 M   div         x7, x5, x6
994 33228 0x00001058 0x0262c3b3 M   div         x7, x5, x6
995 33263 0x0000105c 0x0262c3b3 M   div         x7, x5, x6
996 33298 0x00001060 0x0262c3b3 M   div         x7, x5, x6
997 33333 0x00001064 0x0262c3b3 M   div         x7, x5, x6
998 33368 0x00001068 0x0262c3b3 M   div         x7, x5, x6
999 33403 0x0000106c 0x0262c3b3 M   div         x7, x5, x6
1000 33438 0x00001070 0x0262c3b3 M   div         x7, x5, x6
1001 33473 0x00001074 0x0262c3b3 M   div         x7, x5, x6
1002 33508 0x00001078 0x0262c3b3 M   div         x7, x5, x6
1003 33543 0x0000107c 0x0262c3b3 M   div         x7, x5, x6
1004 33578 0x00001080 0x0262c3b3 M   div         x7, x5, x6
1005 33613 0x00001084 0x0262c3b3 M   div         x7, x5, x6
1006 33648 0x00001088 0x0262c3b3 M   div         x7, x5, x6
1007 33683 0x0000108c 0x0262c3b3 M   div         x7, x5, x6
1008 33718 0x00001090 0x0262c3b3 M   div         x7, x5, x6
1009 33753 0x00001094 0x0262c3b3 M   div         x7, x5, x6
1010 33788 0x00001098 0x0262c3b3 M   div         x7, x5, x6
1011 33823 0x0000109c 0x0262c3b3 M   div         x7, x5, x6
1012 33858 0x000010a0 0x0262c3b3 M   div         x7, x5, x6
1013 33893 0x000010a4 0x0262c3b3 M   div         x7, x5, x6
1014 33928 0x000010a8 0x0262c3b3 M   div         x7, x5, x6
1015 33963 0x000010ac 0x0262c3b3 M   div         x7, x5, x6
1016 33998 0x000010b0 0x0262c3b3 M   div         x7, x5, x6
1017 34033 0x000010b4 0x0262c3b3 M   div         x7, x5, x6
1018 34068 0x000010b8 0x0262c3b3 M   div         x7, x5, x6
1019 34103 0x000010bc 0x0262c3b3 M   div         x7, x5, x6
1020 34138 0x000010c0 0x0262c3b3 M   div         x7, x5, x6
1021 34173 0x000010c4 0x0262c3b3 M   div         x7, x5, x6
1022 34208 0x000010c8 0x0262c3b3 M   div         x7, x5, x6
1023 34243 0x000010cc 0x0262c3b3 M   div         x7, x5, x6
1024 34278 0x000010d0 0x0262c3b3 M   div         x7, x5, x6
1025 34313 0x000010d4 0x0262c3b3 M   div         x7, x5, x6
1026 34348 0x000010d8 0x0262c3b3 M   div         x7, x5, x6
1027 34383 0x000010dc 0x0262c3b3 M   div         x7, x5, x6
1028 34418 0x000010e0 0x0262c3b3 M   div         x7, x5, x6
1029 34453 0x000010e4 0x0262c3b3 M   div         x7, x5, x6
1030 34488 0x000010e8 0x0262c3b3 M   div         x7, x5, x6
1031 34523 0x000010ec 0x0262c3b3 M   div         x7, x5, x6
1032 34558 0x000010f0 0x0262c3b3 M   div         x7, x5, x6
1033 34593 0x000010f4 0x0262c3b3 M   div         x7, x5, x6
1034 34628 0x000010f8 0x0262c3b3 M   div         x7, x5, x6
1035 34663 0x000010fc 0x0262c3b3 M   div         x7, x5, x6
1036 34698 0x00001100 0x0262c3b3 M   div         x7, x5, x6
1037 34733 0x00001104 0x0262c3b3 M   div         x7, x5, x6
1038 34768 0x00001108 0x0262c3b3 M   div         x7, x5, x6
1039 34803 0x0000110c 0x0262c3b3 M   div         x7, x5, x6
1040 34838 0x00001110 0x0262c3b3 M   div         x7, x5, x6
1041 34873 0x00001114 0x0262c3b3 M   div         x7, x5, x6
1042 34908 0x00001118 0x0262c3b3 M   div         x7, x5, x6
1043 34943 0x0000111c 0x0262c3b3 M   div         x7, x5, x6
1044 34978 0x00001120 0x0262c3b3 M   div         x7, x5, x6
1045 35013 0x00001124 0x0262c3b3 M   div         x7, x5, x6
1046 35048 0x00001128 0x0262c3b3 M   div         x7, x5, x6
1047 35083 0x0000112c 0x0262c3b3 M   div         x7, x5, x6
1048 35118 0x00001130 0x0262c3b3 M   div         x7, x5, x6
1049 35153 0x00001134 0x0262c3b3 M   div         x7, x5, x6
1050 35188 0x00001138 0x0262c3b3 M   div         x7, x5, x6
1051 35223 0x0000113c 0x0262c3b3 M   div         x7, x5, x6
1052 35258 0x00001140 0x0262c3b3 M   div         x7, x5, x6
1053 35293 0x00001144 0x0262c3b3 M   div         x7, x5, x6
1054 35328 0x00001148 0x0262c3b3 M   div         x7, x5, x6
1055 35363 0x0000114c 0x0262c3b3 M   div         x7, x5, x6
1056 35398 0x00001150 0x0262c3b3 M   div         x7, x5, x6
1057 35433 0x00001154 0x0262c3b3 M   div         x7, x5, x6
1058 35468 0x00001158 0x0262c3b3 M   div         x7, x5, x6
1059 35503 0x0000115c 0x0262c3b3 M   div         x7, x5, x6
1060 35538 0x00001160 0x0262c3b3 M   div         x7, x5, x6
1061 35540 0x00001164 0x00000513 M   addi        x10, x0, 0
1062 35543 0x00001168 0x00008067 M   jalr        x0, 0(x1)
1063 35561 0x0000015c 0x30047073 M   csrrci      x0, mstatus, 8
1064 35575 0x00000160 0x30401073 M   csrrw       x0, mie, x0
1065 35577 0x00000164 0x00000597 M   auipc       x11, 0x00000000
1066 35579 0x00000168 0x05058593 M   addi        x11, x11, 80
1067 35582 0x0000016c 0x30559073 M   csrrw       x0, mtvec, x11
1068 35585 0x00000170 0x34051073 M   csrrw       x0, mscratch, x10
1069 35588 0x00000174 0xf1402473 M   csrrs       x8, mhartid, x0
1070 35591 0x00000178 0x02041463 M   bne         x8, x0, 40
1071 35593 0x0000017c 0x00001417 M   auipc       x8, 0x00001000
1072 35605 0x00000180 0xff040413 M   addi        x8, x8, -16
1073 35607 0x00000184 0x00001497 M   auipc       x9, 0x00001000
1074 35609 0x00000188 0xfe848493 M   addi        x9, x9, -24
1075 35612 0x0000018c 0x00945a63 M   bge         x8, x9, 20
1076 35631 0x000001a0 0xf1402473 M   csrrs       x8, mhartid, x0
1077 35634 0x000001a4 0x00041463 M   bne         x8, x0, 8
1078 35637 0x000001a8 0x00100073 M   ebreak      
1079 35646 0x000001b4 0x10500073 M   wfi          <TRAP_ENTRY>
