=== ZKT Bench ===
Test:       /project/tests/sra_shift_0
Output:    /data/neorv32/sra_shift_0

Makefile:18: warning: overriding recipe for target 'sim'
/project/cores/neorv32/sw/common/common.mk:294: warning: ignoring old recipe for target 'sim'
Memory utilization:
   text	   data	    bss	    dec	    hex	filename
   4460	      0	      0	   4460	   116c	main.elf
Compiling image generator...
Generating neorv32_imem_image.vhd
Executable (VHD): 4460 bytes
Installing application image to /project/cores/neorv32/rtl/core/neorv32_imem_image.vhd
cd /project/cores/neorv32/sim && bash ghdl.sh --stop-time=1ms
analyze ../rtl/core/neorv32_package.vhd
analyze ../rtl/core/neorv32_prim.vhd
analyze ../sim/sim_uart_rx.vhd
analyze ../sim/xbus_gateway.vhd
analyze ../sim/xbus_memory.vhd
analyze ../sim/xbus_fmem.vhd
analyze ../sim/neorv32_tb.vhd
analyze ../rtl/core/neorv32_sys.vhd
analyze ../rtl/core/neorv32_cpu_decompressor.vhd
analyze ../rtl/core/neorv32_cpu_frontend.vhd
analyze ../rtl/core/neorv32_cpu_control.vhd
analyze ../rtl/core/neorv32_cpu_hwtrig.vhd
analyze ../rtl/core/neorv32_cpu_counters.vhd
analyze ../rtl/core/neorv32_cpu_regfile.vhd
analyze ../rtl/core/neorv32_cpu_alu_shifter.vhd
analyze ../rtl/core/neorv32_cpu_alu_muldiv.vhd
analyze ../rtl/core/neorv32_cpu_alu_bitmanip.vhd
analyze ../rtl/core/neorv32_cpu_alu_fpu.vhd
analyze ../rtl/core/neorv32_cpu_alu_cfu.vhd
analyze ../rtl/core/neorv32_cpu_alu_cond.vhd
analyze ../rtl/core/neorv32_cpu_alu_crypto.vhd
analyze ../rtl/core/neorv32_cpu_alu.vhd
analyze ../rtl/core/neorv32_cpu_lsu.vhd
analyze ../rtl/core/neorv32_cpu_pmp.vhd
analyze ../rtl/core/neorv32_cpu_trace.vhd
analyze ../rtl/core/neorv32_cpu.vhd
analyze ../rtl/core/neorv32_cache.vhd
analyze ../rtl/core/neorv32_bus.vhd
analyze ../rtl/core/neorv32_dma.vhd
analyze ../rtl/core/neorv32_imem.vhd
analyze ../rtl/core/neorv32_dmem.vhd
analyze ../rtl/core/neorv32_xbus.vhd
analyze ../rtl/core/neorv32_bootrom.vhd
analyze ../rtl/core/neorv32_cfs.vhd
analyze ../rtl/core/neorv32_sdi.vhd
analyze ../rtl/core/neorv32_gpio.vhd
analyze ../rtl/core/neorv32_wdt.vhd
analyze ../rtl/core/neorv32_clint.vhd
analyze ../rtl/core/neorv32_uart.vhd
analyze ../rtl/core/neorv32_spi.vhd
analyze ../rtl/core/neorv32_twi.vhd
analyze ../rtl/core/neorv32_twd.vhd
analyze ../rtl/core/neorv32_pwm.vhd
analyze ../rtl/core/neorv32_trng.vhd
analyze ../rtl/core/neorv32_neoled.vhd
analyze ../rtl/core/neorv32_gptmr.vhd
analyze ../rtl/core/neorv32_onewire.vhd
analyze ../rtl/core/neorv32_slink.vhd
analyze ../rtl/core/neorv32_tracer.vhd
analyze ../rtl/core/neorv32_sysinfo.vhd
analyze ../rtl/core/neorv32_debug_dtm.vhd
analyze ../rtl/core/neorv32_debug_auth.vhd
analyze ../rtl/core/neorv32_debug_dm.vhd
analyze ../rtl/core/neorv32_top.vhd
analyze ../rtl/core/neorv32_cache_ram.vhd
analyze ../rtl/core/neorv32_imem_image.vhd
analyze ../rtl/core/neorv32_imem_rom.vhd
analyze ../rtl/core/neorv32_imem_ram.vhd
analyze ../rtl/core/neorv32_dmem_ram.vhd
analyze ../rtl/core/neorv32_bootrom_image.vhd
analyze ../rtl/core/neorv32_bootrom_rom.vhd
elaborate neorv32_tb
GHDL simulation run parameters: --stop-time=1ms
../rtl/core/neorv32_cpu.vhd:149:5:@0ms:(assertion note): [NEORV32] CPU ISA: rv32iabcmux_zaamo_zalrsc_zba_zbb_zbkb_zbkc_zbkx_zbs_zca_zcb_zfinx_zibi_zicntr_zicond_zicsr_zifencei_zihpm_zimop_zkn_zknd_zkne_zknh_zks_zksed_zksh_zkt_zmmul_sdext_sdtrig_smcntrpmf_smpmp_xcfu
../rtl/core/neorv32_cpu.vhd:192:5:@0ms:(assertion note): [NEORV32] CPU tuning options: trace fast_mul fast_shift rf_arch=sram_sync 
../rtl/core/neorv32_cache_ram.vhd:47:3:@0ms:(assertion note): [NEORV32] Using default CACHE RAM component.
../rtl/core/neorv32_cache_ram.vhd:47:3:@0ms:(assertion note): [NEORV32] Using default CACHE RAM component.
../rtl/core/neorv32_cache_ram.vhd:47:3:@0ms:(assertion note): [NEORV32] Using default CACHE RAM component.
../rtl/core/neorv32_cache_ram.vhd:47:3:@0ms:(assertion note): [NEORV32] Using default CACHE RAM component.
../rtl/core/neorv32_imem_rom.vhd:42:3:@0ms:(assertion note): [NEORV32] Using default IMEM ROM component (8192 bytes).
../rtl/core/neorv32_dmem_ram.vhd:40:3:@0ms:(assertion note): [NEORV32] Using default DMEM RAM component (8192 bytes).
../rtl/core/neorv32_trng.vhd:303:3:@0ms:(assertion note): [neoTRNG] The neoTRNG (v3.4) - A Tiny and Platform-Independent True Random Number Generator, github.com/stnolting/neoTRNG
../rtl/core/neorv32_trng.vhd:313:3:@0ms:(assertion warning): [neoTRNG] Simulation-mode enabled (NO TRUE/PHYSICAL RANDOM)!
../rtl/core/neorv32_tracer.vhd:263:5:@0ms:(assertion note): [NEORV32] CPU 0 trace logging enabled -> neorv32.tracer0.log
../rtl/core/neorv32_tracer.vhd:278:5:@0ms:(assertion note): [NEORV32] CPU 1 trace logging enabled -> neorv32.tracer1.log
../rtl/core/neorv32_debug_auth.vhd:67:3:@0ms:(assertion warning): [NEORV32] Using DEFAULT on-chip debugger authenticator. Replace by custom module.
../rtl/core/neorv32_top.vhd:375:5:@0ms:(assertion note): [NEORV32] The NEORV32 RISC-V Processor (v01.12.09.09), github.com/stnolting/neorv32
../rtl/core/neorv32_top.vhd:384:5:@0ms:(assertion note): [NEORV32] Processor Configuration: CPU (smp-dual-core) IMEM-ROM DMEM I-CACHE D-CACHE XBUS CLINT GPIO UART0 UART1 SPI SDI TWI TWD PWM WDT TRNG CFS NEOLED GPTMR ONEWIRE DMA SLINK SYSINFO TRACER OCD OCD-AUTH OCD-HWBP 
../rtl/core/neorv32_top.vhd:420:5:@0ms:(assertion warning): [NEORV32] Assuming this is a simulation.
../rtl/core/neorv32_top.vhd:432:5:@0ms:(assertion note): [NEORV32] BOOT_MODE_SELECT 2 - booting IMEM image
./neorv32_tb:info: simulation stopped by --stop-time @1ms
Sim time: 18s

=== Done ===
Results saved to /data/neorv32/sra_shift_0
Total time: 18s
