0 30 0x00000000 0xf14020f3 M   csrrs       x1, mhartid, x0
1 32 0x00000004 0x80002217 M   auipc       x4, 0x80002000
2 34 0x00000008 0xffb20213 M   addi        x4, x4, -5
3 36 0x0000000c 0xff027113 M   andi        x2, x4, -16
4 38 0x00000010 0x80000197 M   auipc       x3, 0x80000000
5 40 0x00000014 0x7f018193 M   addi        x3, x3, 2032
6 42 0x00000018 0x000022b7 M   lui         x5, 0x00002000
7 44 0x0000001c 0x80028293 M   addi        x5, x5, -2048
8 58 0x00000020 0x30029073 M   csrrw       x0, mstatus, x5
9 60 0x00000024 0x00000317 M   auipc       x6, 0x00000000
10 62 0x00000028 0x19030313 M   addi        x6, x6, 400
11 65 0x0000002c 0x30531073 M   csrrw       x0, mtvec, x6
12 68 0x00000030 0x30401073 M   csrrw       x0, mie, x0
13 70 0x00000034 0x00001397 M   auipc       x7, 0x00001000
14 72 0x00000038 0x13c38393 M   addi        x7, x7, 316
15 74 0x0000003c 0x80000417 M   auipc       x8, 0x80000000
16 87 0x00000040 0xfc440413 M   addi        x8, x8, -60
17 89 0x00000044 0x80000497 M   auipc       x9, 0x80000000
18 91 0x00000048 0xfbc48493 M   addi        x9, x9, -68
19 93 0x0000004c 0x80000517 M   auipc       x10, 0x80000000
20 95 0x00000050 0xfb450513 M   addi        x10, x10, -76
21 97 0x00000054 0x80000597 M   auipc       x11, 0x80000000
22 99 0x00000058 0xfac58593 M   addi        x11, x11, -84
23 101 0x0000005c 0x00000613 M   addi        x12, x0, 0
24 115 0x00000060 0x00000693 M   addi        x13, x0, 0
25 117 0x00000064 0x00000713 M   addi        x14, x0, 0
26 119 0x00000068 0x00000793 M   addi        x15, x0, 0
27 121 0x0000006c 0x00000813 M   addi        x16, x0, 0
28 123 0x00000070 0x00000893 M   addi        x17, x0, 0
29 125 0x00000074 0x00000913 M   addi        x18, x0, 0
30 127 0x00000078 0x00000993 M   addi        x19, x0, 0
31 129 0x0000007c 0x00000a13 M   addi        x20, x0, 0
32 143 0x00000080 0x00000a93 M   addi        x21, x0, 0
33 145 0x00000084 0x00000b13 M   addi        x22, x0, 0
34 147 0x00000088 0x00000b93 M   addi        x23, x0, 0
35 149 0x0000008c 0x00000c13 M   addi        x24, x0, 0
36 151 0x00000090 0x00000c93 M   addi        x25, x0, 0
37 153 0x00000094 0x00000d13 M   addi        x26, x0, 0
38 155 0x00000098 0x00000d93 M   addi        x27, x0, 0
39 157 0x0000009c 0x00000e13 M   addi        x28, x0, 0
40 171 0x000000a0 0x00000e93 M   addi        x29, x0, 0
41 173 0x000000a4 0x00000f13 M   addi        x30, x0, 0
42 175 0x000000a8 0x00000f93 M   addi        x31, x0, 0
43 178 0x000000ac 0x04008263 M   beq         x1, x0, 68
44 200 0x000000f0 0x00838e63 M   beq         x7, x8, 28
45 203 0x000000f4 0x00945c63 M   bge         x8, x9, 24
46 221 0x0000010c 0x00b55863 M   bge         x10, x11, 16
47 227 0x0000011c 0x00001417 M   auipc       x8, 0x00001000
48 241 0x00000120 0x05440413 M   addi        x8, x8, 84
49 243 0x00000124 0x00001497 M   auipc       x9, 0x00001000
50 245 0x00000128 0x04c48493 M   addi        x9, x9, 76
51 248 0x0000012c 0x00945a63 M   bge         x8, x9, 20
52 266 0x00000140 0x00000617 M   auipc       x12, 0x00000000
53 268 0x00000144 0x07c60613 M   addi        x12, x12, 124
54 271 0x00000148 0x0ff0000f M   fence       
55 278 0x0000014c 0x0000100f M   fence.i     
56 489 0x00000150 0x00000513 M   addi        x10, x0, 0
57 491 0x00000154 0x00000593 M   addi        x11, x0, 0
58 494 0x00000158 0x000600e7 M   jalr        x1, 0(x12)
59 524 0x000001bc 0x123452b7 M   lui         x5, 0x12345000
60 538 0x000001c0 0x67828293 M   addi        x5, x5, 1656
61 540 0x000001c4 0x00100313 M   addi        x6, x0, 1
62 544 0x000001c8 0x606292b3 M   rol         x5, x5, x6
63 548 0x000001cc 0x606292b3 M   rol         x5, x5, x6
64 552 0x000001d0 0x606292b3 M   rol         x5, x5, x6
65 556 0x000001d4 0x606292b3 M   rol         x5, x5, x6
66 560 0x000001d8 0x606292b3 M   rol         x5, x5, x6
67 564 0x000001dc 0x606292b3 M   rol         x5, x5, x6
68 575 0x000001e0 0x606292b3 M   rol         x5, x5, x6
69 579 0x000001e4 0x606292b3 M   rol         x5, x5, x6
70 583 0x000001e8 0x606292b3 M   rol         x5, x5, x6
71 587 0x000001ec 0x606292b3 M   rol         x5, x5, x6
72 591 0x000001f0 0x606292b3 M   rol         x5, x5, x6
73 595 0x000001f4 0x606292b3 M   rol         x5, x5, x6
74 599 0x000001f8 0x606292b3 M   rol         x5, x5, x6
75 603 0x000001fc 0x606292b3 M   rol         x5, x5, x6
76 614 0x00000200 0x606292b3 M   rol         x5, x5, x6
77 618 0x00000204 0x606292b3 M   rol         x5, x5, x6
78 622 0x00000208 0x606292b3 M   rol         x5, x5, x6
79 626 0x0000020c 0x606292b3 M   rol         x5, x5, x6
80 630 0x00000210 0x606292b3 M   rol         x5, x5, x6
81 634 0x00000214 0x606292b3 M   rol         x5, x5, x6
82 638 0x00000218 0x606292b3 M   rol         x5, x5, x6
83 642 0x0000021c 0x606292b3 M   rol         x5, x5, x6
84 653 0x00000220 0x606292b3 M   rol         x5, x5, x6
85 657 0x00000224 0x606292b3 M   rol         x5, x5, x6
86 661 0x00000228 0x606292b3 M   rol         x5, x5, x6
87 665 0x0000022c 0x606292b3 M   rol         x5, x5, x6
88 669 0x00000230 0x606292b3 M   rol         x5, x5, x6
89 673 0x00000234 0x606292b3 M   rol         x5, x5, x6
90 677 0x00000238 0x606292b3 M   rol         x5, x5, x6
91 681 0x0000023c 0x606292b3 M   rol         x5, x5, x6
92 692 0x00000240 0x606292b3 M   rol         x5, x5, x6
93 696 0x00000244 0x606292b3 M   rol         x5, x5, x6
94 700 0x00000248 0x606292b3 M   rol         x5, x5, x6
95 704 0x0000024c 0x606292b3 M   rol         x5, x5, x6
96 708 0x00000250 0x606292b3 M   rol         x5, x5, x6
97 712 0x00000254 0x606292b3 M   rol         x5, x5, x6
98 716 0x00000258 0x606292b3 M   rol         x5, x5, x6
99 720 0x0000025c 0x606292b3 M   rol         x5, x5, x6
100 731 0x00000260 0x606292b3 M   rol         x5, x5, x6
101 735 0x00000264 0x606292b3 M   rol         x5, x5, x6
102 739 0x00000268 0x606292b3 M   rol         x5, x5, x6
103 743 0x0000026c 0x606292b3 M   rol         x5, x5, x6
104 747 0x00000270 0x606292b3 M   rol         x5, x5, x6
105 751 0x00000274 0x606292b3 M   rol         x5, x5, x6
106 755 0x00000278 0x606292b3 M   rol         x5, x5, x6
107 759 0x0000027c 0x606292b3 M   rol         x5, x5, x6
108 770 0x00000280 0x606292b3 M   rol         x5, x5, x6
109 774 0x00000284 0x606292b3 M   rol         x5, x5, x6
110 778 0x00000288 0x606292b3 M   rol         x5, x5, x6
111 782 0x0000028c 0x606292b3 M   rol         x5, x5, x6
112 786 0x00000290 0x606292b3 M   rol         x5, x5, x6
113 790 0x00000294 0x606292b3 M   rol         x5, x5, x6
114 794 0x00000298 0x606292b3 M   rol         x5, x5, x6
115 798 0x0000029c 0x606292b3 M   rol         x5, x5, x6
116 809 0x000002a0 0x606292b3 M   rol         x5, x5, x6
117 813 0x000002a4 0x606292b3 M   rol         x5, x5, x6
118 817 0x000002a8 0x606292b3 M   rol         x5, x5, x6
119 821 0x000002ac 0x606292b3 M   rol         x5, x5, x6
120 825 0x000002b0 0x606292b3 M   rol         x5, x5, x6
121 829 0x000002b4 0x606292b3 M   rol         x5, x5, x6
122 833 0x000002b8 0x606292b3 M   rol         x5, x5, x6
123 837 0x000002bc 0x606292b3 M   rol         x5, x5, x6
124 848 0x000002c0 0x606292b3 M   rol         x5, x5, x6
125 852 0x000002c4 0x606292b3 M   rol         x5, x5, x6
126 856 0x000002c8 0x606292b3 M   rol         x5, x5, x6
127 860 0x000002cc 0x606292b3 M   rol         x5, x5, x6
128 864 0x000002d0 0x606292b3 M   rol         x5, x5, x6
129 868 0x000002d4 0x606292b3 M   rol         x5, x5, x6
130 872 0x000002d8 0x606292b3 M   rol         x5, x5, x6
131 876 0x000002dc 0x606292b3 M   rol         x5, x5, x6
132 887 0x000002e0 0x606292b3 M   rol         x5, x5, x6
133 891 0x000002e4 0x606292b3 M   rol         x5, x5, x6
134 895 0x000002e8 0x606292b3 M   rol         x5, x5, x6
135 899 0x000002ec 0x606292b3 M   rol         x5, x5, x6
136 903 0x000002f0 0x606292b3 M   rol         x5, x5, x6
137 907 0x000002f4 0x606292b3 M   rol         x5, x5, x6
138 911 0x000002f8 0x606292b3 M   rol         x5, x5, x6
139 915 0x000002fc 0x606292b3 M   rol         x5, x5, x6
140 926 0x00000300 0x606292b3 M   rol         x5, x5, x6
141 930 0x00000304 0x606292b3 M   rol         x5, x5, x6
142 934 0x00000308 0x606292b3 M   rol         x5, x5, x6
143 938 0x0000030c 0x606292b3 M   rol         x5, x5, x6
144 942 0x00000310 0x606292b3 M   rol         x5, x5, x6
145 946 0x00000314 0x606292b3 M   rol         x5, x5, x6
146 950 0x00000318 0x606292b3 M   rol         x5, x5, x6
147 954 0x0000031c 0x606292b3 M   rol         x5, x5, x6
148 965 0x00000320 0x606292b3 M   rol         x5, x5, x6
149 969 0x00000324 0x606292b3 M   rol         x5, x5, x6
150 973 0x00000328 0x606292b3 M   rol         x5, x5, x6
151 977 0x0000032c 0x606292b3 M   rol         x5, x5, x6
152 981 0x00000330 0x606292b3 M   rol         x5, x5, x6
153 985 0x00000334 0x606292b3 M   rol         x5, x5, x6
154 989 0x00000338 0x606292b3 M   rol         x5, x5, x6
155 993 0x0000033c 0x606292b3 M   rol         x5, x5, x6
156 1004 0x00000340 0x606292b3 M   rol         x5, x5, x6
157 1008 0x00000344 0x606292b3 M   rol         x5, x5, x6
158 1012 0x00000348 0x606292b3 M   rol         x5, x5, x6
159 1016 0x0000034c 0x606292b3 M   rol         x5, x5, x6
160 1020 0x00000350 0x606292b3 M   rol         x5, x5, x6
161 1024 0x00000354 0x606292b3 M   rol         x5, x5, x6
162 1028 0x00000358 0x606292b3 M   rol         x5, x5, x6
163 1032 0x0000035c 0x606292b3 M   rol         x5, x5, x6
164 1043 0x00000360 0x606292b3 M   rol         x5, x5, x6
165 1047 0x00000364 0x606292b3 M   rol         x5, x5, x6
166 1051 0x00000368 0x606292b3 M   rol         x5, x5, x6
167 1055 0x0000036c 0x606292b3 M   rol         x5, x5, x6
168 1059 0x00000370 0x606292b3 M   rol         x5, x5, x6
169 1063 0x00000374 0x606292b3 M   rol         x5, x5, x6
170 1067 0x00000378 0x606292b3 M   rol         x5, x5, x6
171 1071 0x0000037c 0x606292b3 M   rol         x5, x5, x6
172 1082 0x00000380 0x606292b3 M   rol         x5, x5, x6
173 1086 0x00000384 0x606292b3 M   rol         x5, x5, x6
174 1090 0x00000388 0x606292b3 M   rol         x5, x5, x6
175 1094 0x0000038c 0x606292b3 M   rol         x5, x5, x6
176 1098 0x00000390 0x606292b3 M   rol         x5, x5, x6
177 1102 0x00000394 0x606292b3 M   rol         x5, x5, x6
178 1106 0x00000398 0x606292b3 M   rol         x5, x5, x6
179 1110 0x0000039c 0x606292b3 M   rol         x5, x5, x6
180 1121 0x000003a0 0x606292b3 M   rol         x5, x5, x6
181 1125 0x000003a4 0x606292b3 M   rol         x5, x5, x6
182 1129 0x000003a8 0x606292b3 M   rol         x5, x5, x6
183 1133 0x000003ac 0x606292b3 M   rol         x5, x5, x6
184 1137 0x000003b0 0x606292b3 M   rol         x5, x5, x6
185 1141 0x000003b4 0x606292b3 M   rol         x5, x5, x6
186 1145 0x000003b8 0x606292b3 M   rol         x5, x5, x6
187 1149 0x000003bc 0x606292b3 M   rol         x5, x5, x6
188 1160 0x000003c0 0x606292b3 M   rol         x5, x5, x6
189 1164 0x000003c4 0x606292b3 M   rol         x5, x5, x6
190 1168 0x000003c8 0x606292b3 M   rol         x5, x5, x6
191 1172 0x000003cc 0x606292b3 M   rol         x5, x5, x6
192 1176 0x000003d0 0x606292b3 M   rol         x5, x5, x6
193 1180 0x000003d4 0x606292b3 M   rol         x5, x5, x6
194 1184 0x000003d8 0x606292b3 M   rol         x5, x5, x6
195 1188 0x000003dc 0x606292b3 M   rol         x5, x5, x6
196 1199 0x000003e0 0x606292b3 M   rol         x5, x5, x6
197 1203 0x000003e4 0x606292b3 M   rol         x5, x5, x6
198 1207 0x000003e8 0x606292b3 M   rol         x5, x5, x6
199 1211 0x000003ec 0x606292b3 M   rol         x5, x5, x6
200 1215 0x000003f0 0x606292b3 M   rol         x5, x5, x6
201 1219 0x000003f4 0x606292b3 M   rol         x5, x5, x6
202 1223 0x000003f8 0x606292b3 M   rol         x5, x5, x6
203 1227 0x000003fc 0x606292b3 M   rol         x5, x5, x6
204 1238 0x00000400 0x606292b3 M   rol         x5, x5, x6
205 1242 0x00000404 0x606292b3 M   rol         x5, x5, x6
206 1246 0x00000408 0x606292b3 M   rol         x5, x5, x6
207 1250 0x0000040c 0x606292b3 M   rol         x5, x5, x6
208 1254 0x00000410 0x606292b3 M   rol         x5, x5, x6
209 1258 0x00000414 0x606292b3 M   rol         x5, x5, x6
210 1262 0x00000418 0x606292b3 M   rol         x5, x5, x6
211 1266 0x0000041c 0x606292b3 M   rol         x5, x5, x6
212 1277 0x00000420 0x606292b3 M   rol         x5, x5, x6
213 1281 0x00000424 0x606292b3 M   rol         x5, x5, x6
214 1285 0x00000428 0x606292b3 M   rol         x5, x5, x6
215 1289 0x0000042c 0x606292b3 M   rol         x5, x5, x6
216 1293 0x00000430 0x606292b3 M   rol         x5, x5, x6
217 1297 0x00000434 0x606292b3 M   rol         x5, x5, x6
218 1301 0x00000438 0x606292b3 M   rol         x5, x5, x6
219 1305 0x0000043c 0x606292b3 M   rol         x5, x5, x6
220 1316 0x00000440 0x606292b3 M   rol         x5, x5, x6
221 1320 0x00000444 0x606292b3 M   rol         x5, x5, x6
222 1324 0x00000448 0x606292b3 M   rol         x5, x5, x6
223 1328 0x0000044c 0x606292b3 M   rol         x5, x5, x6
224 1332 0x00000450 0x606292b3 M   rol         x5, x5, x6
225 1336 0x00000454 0x606292b3 M   rol         x5, x5, x6
226 1340 0x00000458 0x606292b3 M   rol         x5, x5, x6
227 1344 0x0000045c 0x606292b3 M   rol         x5, x5, x6
228 1355 0x00000460 0x606292b3 M   rol         x5, x5, x6
229 1359 0x00000464 0x606292b3 M   rol         x5, x5, x6
230 1363 0x00000468 0x606292b3 M   rol         x5, x5, x6
231 1367 0x0000046c 0x606292b3 M   rol         x5, x5, x6
232 1371 0x00000470 0x606292b3 M   rol         x5, x5, x6
233 1375 0x00000474 0x606292b3 M   rol         x5, x5, x6
234 1379 0x00000478 0x606292b3 M   rol         x5, x5, x6
235 1383 0x0000047c 0x606292b3 M   rol         x5, x5, x6
236 1394 0x00000480 0x606292b3 M   rol         x5, x5, x6
237 1398 0x00000484 0x606292b3 M   rol         x5, x5, x6
238 1402 0x00000488 0x606292b3 M   rol         x5, x5, x6
239 1406 0x0000048c 0x606292b3 M   rol         x5, x5, x6
240 1410 0x00000490 0x606292b3 M   rol         x5, x5, x6
241 1414 0x00000494 0x606292b3 M   rol         x5, x5, x6
242 1418 0x00000498 0x606292b3 M   rol         x5, x5, x6
243 1422 0x0000049c 0x606292b3 M   rol         x5, x5, x6
244 1433 0x000004a0 0x606292b3 M   rol         x5, x5, x6
245 1437 0x000004a4 0x606292b3 M   rol         x5, x5, x6
246 1441 0x000004a8 0x606292b3 M   rol         x5, x5, x6
247 1445 0x000004ac 0x606292b3 M   rol         x5, x5, x6
248 1449 0x000004b0 0x606292b3 M   rol         x5, x5, x6
249 1453 0x000004b4 0x606292b3 M   rol         x5, x5, x6
250 1457 0x000004b8 0x606292b3 M   rol         x5, x5, x6
251 1461 0x000004bc 0x606292b3 M   rol         x5, x5, x6
252 1472 0x000004c0 0x606292b3 M   rol         x5, x5, x6
253 1476 0x000004c4 0x606292b3 M   rol         x5, x5, x6
254 1480 0x000004c8 0x606292b3 M   rol         x5, x5, x6
255 1484 0x000004cc 0x606292b3 M   rol         x5, x5, x6
256 1488 0x000004d0 0x606292b3 M   rol         x5, x5, x6
257 1492 0x000004d4 0x606292b3 M   rol         x5, x5, x6
258 1496 0x000004d8 0x606292b3 M   rol         x5, x5, x6
259 1500 0x000004dc 0x606292b3 M   rol         x5, x5, x6
260 1511 0x000004e0 0x606292b3 M   rol         x5, x5, x6
261 1515 0x000004e4 0x606292b3 M   rol         x5, x5, x6
262 1519 0x000004e8 0x606292b3 M   rol         x5, x5, x6
263 1523 0x000004ec 0x606292b3 M   rol         x5, x5, x6
264 1527 0x000004f0 0x606292b3 M   rol         x5, x5, x6
265 1531 0x000004f4 0x606292b3 M   rol         x5, x5, x6
266 1535 0x000004f8 0x606292b3 M   rol         x5, x5, x6
267 1539 0x000004fc 0x606292b3 M   rol         x5, x5, x6
268 1550 0x00000500 0x606292b3 M   rol         x5, x5, x6
269 1554 0x00000504 0x606292b3 M   rol         x5, x5, x6
270 1558 0x00000508 0x606292b3 M   rol         x5, x5, x6
271 1562 0x0000050c 0x606292b3 M   rol         x5, x5, x6
272 1566 0x00000510 0x606292b3 M   rol         x5, x5, x6
273 1570 0x00000514 0x606292b3 M   rol         x5, x5, x6
274 1574 0x00000518 0x606292b3 M   rol         x5, x5, x6
275 1578 0x0000051c 0x606292b3 M   rol         x5, x5, x6
276 1589 0x00000520 0x606292b3 M   rol         x5, x5, x6
277 1593 0x00000524 0x606292b3 M   rol         x5, x5, x6
278 1597 0x00000528 0x606292b3 M   rol         x5, x5, x6
279 1601 0x0000052c 0x606292b3 M   rol         x5, x5, x6
280 1605 0x00000530 0x606292b3 M   rol         x5, x5, x6
281 1609 0x00000534 0x606292b3 M   rol         x5, x5, x6
282 1613 0x00000538 0x606292b3 M   rol         x5, x5, x6
283 1617 0x0000053c 0x606292b3 M   rol         x5, x5, x6
284 1628 0x00000540 0x606292b3 M   rol         x5, x5, x6
285 1632 0x00000544 0x606292b3 M   rol         x5, x5, x6
286 1636 0x00000548 0x606292b3 M   rol         x5, x5, x6
287 1640 0x0000054c 0x606292b3 M   rol         x5, x5, x6
288 1644 0x00000550 0x606292b3 M   rol         x5, x5, x6
289 1648 0x00000554 0x606292b3 M   rol         x5, x5, x6
290 1652 0x00000558 0x606292b3 M   rol         x5, x5, x6
291 1656 0x0000055c 0x606292b3 M   rol         x5, x5, x6
292 1667 0x00000560 0x606292b3 M   rol         x5, x5, x6
293 1671 0x00000564 0x606292b3 M   rol         x5, x5, x6
294 1675 0x00000568 0x606292b3 M   rol         x5, x5, x6
295 1679 0x0000056c 0x606292b3 M   rol         x5, x5, x6
296 1683 0x00000570 0x606292b3 M   rol         x5, x5, x6
297 1687 0x00000574 0x606292b3 M   rol         x5, x5, x6
298 1691 0x00000578 0x606292b3 M   rol         x5, x5, x6
299 1695 0x0000057c 0x606292b3 M   rol         x5, x5, x6
300 1706 0x00000580 0x606292b3 M   rol         x5, x5, x6
301 1710 0x00000584 0x606292b3 M   rol         x5, x5, x6
302 1714 0x00000588 0x606292b3 M   rol         x5, x5, x6
303 1718 0x0000058c 0x606292b3 M   rol         x5, x5, x6
304 1722 0x00000590 0x606292b3 M   rol         x5, x5, x6
305 1726 0x00000594 0x606292b3 M   rol         x5, x5, x6
306 1730 0x00000598 0x606292b3 M   rol         x5, x5, x6
307 1734 0x0000059c 0x606292b3 M   rol         x5, x5, x6
308 1745 0x000005a0 0x606292b3 M   rol         x5, x5, x6
309 1749 0x000005a4 0x606292b3 M   rol         x5, x5, x6
310 1753 0x000005a8 0x606292b3 M   rol         x5, x5, x6
311 1757 0x000005ac 0x606292b3 M   rol         x5, x5, x6
312 1761 0x000005b0 0x606292b3 M   rol         x5, x5, x6
313 1765 0x000005b4 0x606292b3 M   rol         x5, x5, x6
314 1769 0x000005b8 0x606292b3 M   rol         x5, x5, x6
315 1773 0x000005bc 0x606292b3 M   rol         x5, x5, x6
316 1784 0x000005c0 0x606292b3 M   rol         x5, x5, x6
317 1788 0x000005c4 0x606292b3 M   rol         x5, x5, x6
318 1792 0x000005c8 0x606292b3 M   rol         x5, x5, x6
319 1796 0x000005cc 0x606292b3 M   rol         x5, x5, x6
320 1800 0x000005d0 0x606292b3 M   rol         x5, x5, x6
321 1804 0x000005d4 0x606292b3 M   rol         x5, x5, x6
322 1808 0x000005d8 0x606292b3 M   rol         x5, x5, x6
323 1812 0x000005dc 0x606292b3 M   rol         x5, x5, x6
324 1823 0x000005e0 0x606292b3 M   rol         x5, x5, x6
325 1827 0x000005e4 0x606292b3 M   rol         x5, x5, x6
326 1831 0x000005e8 0x606292b3 M   rol         x5, x5, x6
327 1835 0x000005ec 0x606292b3 M   rol         x5, x5, x6
328 1839 0x000005f0 0x606292b3 M   rol         x5, x5, x6
329 1843 0x000005f4 0x606292b3 M   rol         x5, x5, x6
330 1847 0x000005f8 0x606292b3 M   rol         x5, x5, x6
331 1851 0x000005fc 0x606292b3 M   rol         x5, x5, x6
332 1862 0x00000600 0x606292b3 M   rol         x5, x5, x6
333 1866 0x00000604 0x606292b3 M   rol         x5, x5, x6
334 1870 0x00000608 0x606292b3 M   rol         x5, x5, x6
335 1874 0x0000060c 0x606292b3 M   rol         x5, x5, x6
336 1878 0x00000610 0x606292b3 M   rol         x5, x5, x6
337 1882 0x00000614 0x606292b3 M   rol         x5, x5, x6
338 1886 0x00000618 0x606292b3 M   rol         x5, x5, x6
339 1890 0x0000061c 0x606292b3 M   rol         x5, x5, x6
340 1901 0x00000620 0x606292b3 M   rol         x5, x5, x6
341 1905 0x00000624 0x606292b3 M   rol         x5, x5, x6
342 1909 0x00000628 0x606292b3 M   rol         x5, x5, x6
343 1913 0x0000062c 0x606292b3 M   rol         x5, x5, x6
344 1917 0x00000630 0x606292b3 M   rol         x5, x5, x6
345 1921 0x00000634 0x606292b3 M   rol         x5, x5, x6
346 1925 0x00000638 0x606292b3 M   rol         x5, x5, x6
347 1929 0x0000063c 0x606292b3 M   rol         x5, x5, x6
348 1940 0x00000640 0x606292b3 M   rol         x5, x5, x6
349 1944 0x00000644 0x606292b3 M   rol         x5, x5, x6
350 1948 0x00000648 0x606292b3 M   rol         x5, x5, x6
351 1952 0x0000064c 0x606292b3 M   rol         x5, x5, x6
352 1956 0x00000650 0x606292b3 M   rol         x5, x5, x6
353 1960 0x00000654 0x606292b3 M   rol         x5, x5, x6
354 1964 0x00000658 0x606292b3 M   rol         x5, x5, x6
355 1968 0x0000065c 0x606292b3 M   rol         x5, x5, x6
356 1979 0x00000660 0x606292b3 M   rol         x5, x5, x6
357 1983 0x00000664 0x606292b3 M   rol         x5, x5, x6
358 1987 0x00000668 0x606292b3 M   rol         x5, x5, x6
359 1991 0x0000066c 0x606292b3 M   rol         x5, x5, x6
360 1995 0x00000670 0x606292b3 M   rol         x5, x5, x6
361 1999 0x00000674 0x606292b3 M   rol         x5, x5, x6
362 2003 0x00000678 0x606292b3 M   rol         x5, x5, x6
363 2007 0x0000067c 0x606292b3 M   rol         x5, x5, x6
364 2018 0x00000680 0x606292b3 M   rol         x5, x5, x6
365 2022 0x00000684 0x606292b3 M   rol         x5, x5, x6
366 2026 0x00000688 0x606292b3 M   rol         x5, x5, x6
367 2030 0x0000068c 0x606292b3 M   rol         x5, x5, x6
368 2034 0x00000690 0x606292b3 M   rol         x5, x5, x6
369 2038 0x00000694 0x606292b3 M   rol         x5, x5, x6
370 2042 0x00000698 0x606292b3 M   rol         x5, x5, x6
371 2046 0x0000069c 0x606292b3 M   rol         x5, x5, x6
372 2057 0x000006a0 0x606292b3 M   rol         x5, x5, x6
373 2061 0x000006a4 0x606292b3 M   rol         x5, x5, x6
374 2065 0x000006a8 0x606292b3 M   rol         x5, x5, x6
375 2069 0x000006ac 0x606292b3 M   rol         x5, x5, x6
376 2073 0x000006b0 0x606292b3 M   rol         x5, x5, x6
377 2077 0x000006b4 0x606292b3 M   rol         x5, x5, x6
378 2081 0x000006b8 0x606292b3 M   rol         x5, x5, x6
379 2085 0x000006bc 0x606292b3 M   rol         x5, x5, x6
380 2096 0x000006c0 0x606292b3 M   rol         x5, x5, x6
381 2100 0x000006c4 0x606292b3 M   rol         x5, x5, x6
382 2104 0x000006c8 0x606292b3 M   rol         x5, x5, x6
383 2108 0x000006cc 0x606292b3 M   rol         x5, x5, x6
384 2112 0x000006d0 0x606292b3 M   rol         x5, x5, x6
385 2116 0x000006d4 0x606292b3 M   rol         x5, x5, x6
386 2120 0x000006d8 0x606292b3 M   rol         x5, x5, x6
387 2124 0x000006dc 0x606292b3 M   rol         x5, x5, x6
388 2135 0x000006e0 0x606292b3 M   rol         x5, x5, x6
389 2139 0x000006e4 0x606292b3 M   rol         x5, x5, x6
390 2143 0x000006e8 0x606292b3 M   rol         x5, x5, x6
391 2147 0x000006ec 0x606292b3 M   rol         x5, x5, x6
392 2151 0x000006f0 0x606292b3 M   rol         x5, x5, x6
393 2155 0x000006f4 0x606292b3 M   rol         x5, x5, x6
394 2159 0x000006f8 0x606292b3 M   rol         x5, x5, x6
395 2163 0x000006fc 0x606292b3 M   rol         x5, x5, x6
396 2174 0x00000700 0x606292b3 M   rol         x5, x5, x6
397 2178 0x00000704 0x606292b3 M   rol         x5, x5, x6
398 2182 0x00000708 0x606292b3 M   rol         x5, x5, x6
399 2186 0x0000070c 0x606292b3 M   rol         x5, x5, x6
400 2190 0x00000710 0x606292b3 M   rol         x5, x5, x6
401 2194 0x00000714 0x606292b3 M   rol         x5, x5, x6
402 2198 0x00000718 0x606292b3 M   rol         x5, x5, x6
403 2202 0x0000071c 0x606292b3 M   rol         x5, x5, x6
404 2213 0x00000720 0x606292b3 M   rol         x5, x5, x6
405 2217 0x00000724 0x606292b3 M   rol         x5, x5, x6
406 2221 0x00000728 0x606292b3 M   rol         x5, x5, x6
407 2225 0x0000072c 0x606292b3 M   rol         x5, x5, x6
408 2229 0x00000730 0x606292b3 M   rol         x5, x5, x6
409 2233 0x00000734 0x606292b3 M   rol         x5, x5, x6
410 2237 0x00000738 0x606292b3 M   rol         x5, x5, x6
411 2241 0x0000073c 0x606292b3 M   rol         x5, x5, x6
412 2252 0x00000740 0x606292b3 M   rol         x5, x5, x6
413 2256 0x00000744 0x606292b3 M   rol         x5, x5, x6
414 2260 0x00000748 0x606292b3 M   rol         x5, x5, x6
415 2264 0x0000074c 0x606292b3 M   rol         x5, x5, x6
416 2268 0x00000750 0x606292b3 M   rol         x5, x5, x6
417 2272 0x00000754 0x606292b3 M   rol         x5, x5, x6
418 2276 0x00000758 0x606292b3 M   rol         x5, x5, x6
419 2280 0x0000075c 0x606292b3 M   rol         x5, x5, x6
420 2291 0x00000760 0x606292b3 M   rol         x5, x5, x6
421 2295 0x00000764 0x606292b3 M   rol         x5, x5, x6
422 2299 0x00000768 0x606292b3 M   rol         x5, x5, x6
423 2303 0x0000076c 0x606292b3 M   rol         x5, x5, x6
424 2307 0x00000770 0x606292b3 M   rol         x5, x5, x6
425 2311 0x00000774 0x606292b3 M   rol         x5, x5, x6
426 2315 0x00000778 0x606292b3 M   rol         x5, x5, x6
427 2319 0x0000077c 0x606292b3 M   rol         x5, x5, x6
428 2330 0x00000780 0x606292b3 M   rol         x5, x5, x6
429 2334 0x00000784 0x606292b3 M   rol         x5, x5, x6
430 2338 0x00000788 0x606292b3 M   rol         x5, x5, x6
431 2342 0x0000078c 0x606292b3 M   rol         x5, x5, x6
432 2346 0x00000790 0x606292b3 M   rol         x5, x5, x6
433 2350 0x00000794 0x606292b3 M   rol         x5, x5, x6
434 2354 0x00000798 0x606292b3 M   rol         x5, x5, x6
435 2358 0x0000079c 0x606292b3 M   rol         x5, x5, x6
436 2369 0x000007a0 0x606292b3 M   rol         x5, x5, x6
437 2373 0x000007a4 0x606292b3 M   rol         x5, x5, x6
438 2377 0x000007a8 0x606292b3 M   rol         x5, x5, x6
439 2381 0x000007ac 0x606292b3 M   rol         x5, x5, x6
440 2385 0x000007b0 0x606292b3 M   rol         x5, x5, x6
441 2389 0x000007b4 0x606292b3 M   rol         x5, x5, x6
442 2393 0x000007b8 0x606292b3 M   rol         x5, x5, x6
443 2397 0x000007bc 0x606292b3 M   rol         x5, x5, x6
444 2408 0x000007c0 0x606292b3 M   rol         x5, x5, x6
445 2412 0x000007c4 0x606292b3 M   rol         x5, x5, x6
446 2416 0x000007c8 0x606292b3 M   rol         x5, x5, x6
447 2420 0x000007cc 0x606292b3 M   rol         x5, x5, x6
448 2424 0x000007d0 0x606292b3 M   rol         x5, x5, x6
449 2428 0x000007d4 0x606292b3 M   rol         x5, x5, x6
450 2432 0x000007d8 0x606292b3 M   rol         x5, x5, x6
451 2436 0x000007dc 0x606292b3 M   rol         x5, x5, x6
452 2447 0x000007e0 0x606292b3 M   rol         x5, x5, x6
453 2451 0x000007e4 0x606292b3 M   rol         x5, x5, x6
454 2455 0x000007e8 0x606292b3 M   rol         x5, x5, x6
455 2459 0x000007ec 0x606292b3 M   rol         x5, x5, x6
456 2463 0x000007f0 0x606292b3 M   rol         x5, x5, x6
457 2467 0x000007f4 0x606292b3 M   rol         x5, x5, x6
458 2471 0x000007f8 0x606292b3 M   rol         x5, x5, x6
459 2475 0x000007fc 0x606292b3 M   rol         x5, x5, x6
460 2486 0x00000800 0x606292b3 M   rol         x5, x5, x6
461 2490 0x00000804 0x606292b3 M   rol         x5, x5, x6
462 2494 0x00000808 0x606292b3 M   rol         x5, x5, x6
463 2498 0x0000080c 0x606292b3 M   rol         x5, x5, x6
464 2502 0x00000810 0x606292b3 M   rol         x5, x5, x6
465 2506 0x00000814 0x606292b3 M   rol         x5, x5, x6
466 2510 0x00000818 0x606292b3 M   rol         x5, x5, x6
467 2514 0x0000081c 0x606292b3 M   rol         x5, x5, x6
468 2525 0x00000820 0x606292b3 M   rol         x5, x5, x6
469 2529 0x00000824 0x606292b3 M   rol         x5, x5, x6
470 2533 0x00000828 0x606292b3 M   rol         x5, x5, x6
471 2537 0x0000082c 0x606292b3 M   rol         x5, x5, x6
472 2541 0x00000830 0x606292b3 M   rol         x5, x5, x6
473 2545 0x00000834 0x606292b3 M   rol         x5, x5, x6
474 2549 0x00000838 0x606292b3 M   rol         x5, x5, x6
475 2553 0x0000083c 0x606292b3 M   rol         x5, x5, x6
476 2564 0x00000840 0x606292b3 M   rol         x5, x5, x6
477 2568 0x00000844 0x606292b3 M   rol         x5, x5, x6
478 2572 0x00000848 0x606292b3 M   rol         x5, x5, x6
479 2576 0x0000084c 0x606292b3 M   rol         x5, x5, x6
480 2580 0x00000850 0x606292b3 M   rol         x5, x5, x6
481 2584 0x00000854 0x606292b3 M   rol         x5, x5, x6
482 2588 0x00000858 0x606292b3 M   rol         x5, x5, x6
483 2592 0x0000085c 0x606292b3 M   rol         x5, x5, x6
484 2603 0x00000860 0x606292b3 M   rol         x5, x5, x6
485 2607 0x00000864 0x606292b3 M   rol         x5, x5, x6
486 2611 0x00000868 0x606292b3 M   rol         x5, x5, x6
487 2615 0x0000086c 0x606292b3 M   rol         x5, x5, x6
488 2619 0x00000870 0x606292b3 M   rol         x5, x5, x6
489 2623 0x00000874 0x606292b3 M   rol         x5, x5, x6
490 2627 0x00000878 0x606292b3 M   rol         x5, x5, x6
491 2631 0x0000087c 0x606292b3 M   rol         x5, x5, x6
492 2642 0x00000880 0x606292b3 M   rol         x5, x5, x6
493 2646 0x00000884 0x606292b3 M   rol         x5, x5, x6
494 2650 0x00000888 0x606292b3 M   rol         x5, x5, x6
495 2654 0x0000088c 0x606292b3 M   rol         x5, x5, x6
496 2658 0x00000890 0x606292b3 M   rol         x5, x5, x6
497 2662 0x00000894 0x606292b3 M   rol         x5, x5, x6
498 2666 0x00000898 0x606292b3 M   rol         x5, x5, x6
499 2670 0x0000089c 0x606292b3 M   rol         x5, x5, x6
500 2681 0x000008a0 0x606292b3 M   rol         x5, x5, x6
501 2685 0x000008a4 0x606292b3 M   rol         x5, x5, x6
502 2689 0x000008a8 0x606292b3 M   rol         x5, x5, x6
503 2693 0x000008ac 0x606292b3 M   rol         x5, x5, x6
504 2697 0x000008b0 0x606292b3 M   rol         x5, x5, x6
505 2701 0x000008b4 0x606292b3 M   rol         x5, x5, x6
506 2705 0x000008b8 0x606292b3 M   rol         x5, x5, x6
507 2709 0x000008bc 0x606292b3 M   rol         x5, x5, x6
508 2720 0x000008c0 0x606292b3 M   rol         x5, x5, x6
509 2724 0x000008c4 0x606292b3 M   rol         x5, x5, x6
510 2728 0x000008c8 0x606292b3 M   rol         x5, x5, x6
511 2732 0x000008cc 0x606292b3 M   rol         x5, x5, x6
512 2736 0x000008d0 0x606292b3 M   rol         x5, x5, x6
513 2740 0x000008d4 0x606292b3 M   rol         x5, x5, x6
514 2744 0x000008d8 0x606292b3 M   rol         x5, x5, x6
515 2748 0x000008dc 0x606292b3 M   rol         x5, x5, x6
516 2759 0x000008e0 0x606292b3 M   rol         x5, x5, x6
517 2763 0x000008e4 0x606292b3 M   rol         x5, x5, x6
518 2767 0x000008e8 0x606292b3 M   rol         x5, x5, x6
519 2771 0x000008ec 0x606292b3 M   rol         x5, x5, x6
520 2775 0x000008f0 0x606292b3 M   rol         x5, x5, x6
521 2779 0x000008f4 0x606292b3 M   rol         x5, x5, x6
522 2783 0x000008f8 0x606292b3 M   rol         x5, x5, x6
523 2787 0x000008fc 0x606292b3 M   rol         x5, x5, x6
524 2798 0x00000900 0x606292b3 M   rol         x5, x5, x6
525 2802 0x00000904 0x606292b3 M   rol         x5, x5, x6
526 2806 0x00000908 0x606292b3 M   rol         x5, x5, x6
527 2810 0x0000090c 0x606292b3 M   rol         x5, x5, x6
528 2814 0x00000910 0x606292b3 M   rol         x5, x5, x6
529 2818 0x00000914 0x606292b3 M   rol         x5, x5, x6
530 2822 0x00000918 0x606292b3 M   rol         x5, x5, x6
531 2826 0x0000091c 0x606292b3 M   rol         x5, x5, x6
532 2837 0x00000920 0x606292b3 M   rol         x5, x5, x6
533 2841 0x00000924 0x606292b3 M   rol         x5, x5, x6
534 2845 0x00000928 0x606292b3 M   rol         x5, x5, x6
535 2849 0x0000092c 0x606292b3 M   rol         x5, x5, x6
536 2853 0x00000930 0x606292b3 M   rol         x5, x5, x6
537 2857 0x00000934 0x606292b3 M   rol         x5, x5, x6
538 2861 0x00000938 0x606292b3 M   rol         x5, x5, x6
539 2865 0x0000093c 0x606292b3 M   rol         x5, x5, x6
540 2876 0x00000940 0x606292b3 M   rol         x5, x5, x6
541 2880 0x00000944 0x606292b3 M   rol         x5, x5, x6
542 2884 0x00000948 0x606292b3 M   rol         x5, x5, x6
543 2888 0x0000094c 0x606292b3 M   rol         x5, x5, x6
544 2892 0x00000950 0x606292b3 M   rol         x5, x5, x6
545 2896 0x00000954 0x606292b3 M   rol         x5, x5, x6
546 2900 0x00000958 0x606292b3 M   rol         x5, x5, x6
547 2904 0x0000095c 0x606292b3 M   rol         x5, x5, x6
548 2915 0x00000960 0x606292b3 M   rol         x5, x5, x6
549 2919 0x00000964 0x606292b3 M   rol         x5, x5, x6
550 2923 0x00000968 0x606292b3 M   rol         x5, x5, x6
551 2927 0x0000096c 0x606292b3 M   rol         x5, x5, x6
552 2931 0x00000970 0x606292b3 M   rol         x5, x5, x6
553 2935 0x00000974 0x606292b3 M   rol         x5, x5, x6
554 2939 0x00000978 0x606292b3 M   rol         x5, x5, x6
555 2943 0x0000097c 0x606292b3 M   rol         x5, x5, x6
556 2954 0x00000980 0x606292b3 M   rol         x5, x5, x6
557 2958 0x00000984 0x606292b3 M   rol         x5, x5, x6
558 2962 0x00000988 0x606292b3 M   rol         x5, x5, x6
559 2966 0x0000098c 0x606292b3 M   rol         x5, x5, x6
560 2970 0x00000990 0x606292b3 M   rol         x5, x5, x6
561 2974 0x00000994 0x606292b3 M   rol         x5, x5, x6
562 2978 0x00000998 0x606292b3 M   rol         x5, x5, x6
563 2982 0x0000099c 0x606292b3 M   rol         x5, x5, x6
564 2993 0x000009a0 0x606292b3 M   rol         x5, x5, x6
565 2997 0x000009a4 0x606292b3 M   rol         x5, x5, x6
566 3001 0x000009a8 0x606292b3 M   rol         x5, x5, x6
567 3005 0x000009ac 0x606292b3 M   rol         x5, x5, x6
568 3009 0x000009b0 0x606292b3 M   rol         x5, x5, x6
569 3013 0x000009b4 0x606292b3 M   rol         x5, x5, x6
570 3017 0x000009b8 0x606292b3 M   rol         x5, x5, x6
571 3021 0x000009bc 0x606292b3 M   rol         x5, x5, x6
572 3032 0x000009c0 0x606292b3 M   rol         x5, x5, x6
573 3036 0x000009c4 0x606292b3 M   rol         x5, x5, x6
574 3040 0x000009c8 0x606292b3 M   rol         x5, x5, x6
575 3044 0x000009cc 0x606292b3 M   rol         x5, x5, x6
576 3048 0x000009d0 0x606292b3 M   rol         x5, x5, x6
577 3052 0x000009d4 0x606292b3 M   rol         x5, x5, x6
578 3056 0x000009d8 0x606292b3 M   rol         x5, x5, x6
579 3060 0x000009dc 0x606292b3 M   rol         x5, x5, x6
580 3071 0x000009e0 0x606292b3 M   rol         x5, x5, x6
581 3075 0x000009e4 0x606292b3 M   rol         x5, x5, x6
582 3079 0x000009e8 0x606292b3 M   rol         x5, x5, x6
583 3083 0x000009ec 0x606292b3 M   rol         x5, x5, x6
584 3087 0x000009f0 0x606292b3 M   rol         x5, x5, x6
585 3091 0x000009f4 0x606292b3 M   rol         x5, x5, x6
586 3095 0x000009f8 0x606292b3 M   rol         x5, x5, x6
587 3099 0x000009fc 0x606292b3 M   rol         x5, x5, x6
588 3110 0x00000a00 0x606292b3 M   rol         x5, x5, x6
589 3114 0x00000a04 0x606292b3 M   rol         x5, x5, x6
590 3118 0x00000a08 0x606292b3 M   rol         x5, x5, x6
591 3122 0x00000a0c 0x606292b3 M   rol         x5, x5, x6
592 3126 0x00000a10 0x606292b3 M   rol         x5, x5, x6
593 3130 0x00000a14 0x606292b3 M   rol         x5, x5, x6
594 3134 0x00000a18 0x606292b3 M   rol         x5, x5, x6
595 3138 0x00000a1c 0x606292b3 M   rol         x5, x5, x6
596 3149 0x00000a20 0x606292b3 M   rol         x5, x5, x6
597 3153 0x00000a24 0x606292b3 M   rol         x5, x5, x6
598 3157 0x00000a28 0x606292b3 M   rol         x5, x5, x6
599 3161 0x00000a2c 0x606292b3 M   rol         x5, x5, x6
600 3165 0x00000a30 0x606292b3 M   rol         x5, x5, x6
601 3169 0x00000a34 0x606292b3 M   rol         x5, x5, x6
602 3173 0x00000a38 0x606292b3 M   rol         x5, x5, x6
603 3177 0x00000a3c 0x606292b3 M   rol         x5, x5, x6
604 3188 0x00000a40 0x606292b3 M   rol         x5, x5, x6
605 3192 0x00000a44 0x606292b3 M   rol         x5, x5, x6
606 3196 0x00000a48 0x606292b3 M   rol         x5, x5, x6
607 3200 0x00000a4c 0x606292b3 M   rol         x5, x5, x6
608 3204 0x00000a50 0x606292b3 M   rol         x5, x5, x6
609 3208 0x00000a54 0x606292b3 M   rol         x5, x5, x6
610 3212 0x00000a58 0x606292b3 M   rol         x5, x5, x6
611 3216 0x00000a5c 0x606292b3 M   rol         x5, x5, x6
612 3227 0x00000a60 0x606292b3 M   rol         x5, x5, x6
613 3231 0x00000a64 0x606292b3 M   rol         x5, x5, x6
614 3235 0x00000a68 0x606292b3 M   rol         x5, x5, x6
615 3239 0x00000a6c 0x606292b3 M   rol         x5, x5, x6
616 3243 0x00000a70 0x606292b3 M   rol         x5, x5, x6
617 3247 0x00000a74 0x606292b3 M   rol         x5, x5, x6
618 3251 0x00000a78 0x606292b3 M   rol         x5, x5, x6
619 3255 0x00000a7c 0x606292b3 M   rol         x5, x5, x6
620 3266 0x00000a80 0x606292b3 M   rol         x5, x5, x6
621 3270 0x00000a84 0x606292b3 M   rol         x5, x5, x6
622 3274 0x00000a88 0x606292b3 M   rol         x5, x5, x6
623 3278 0x00000a8c 0x606292b3 M   rol         x5, x5, x6
624 3282 0x00000a90 0x606292b3 M   rol         x5, x5, x6
625 3286 0x00000a94 0x606292b3 M   rol         x5, x5, x6
626 3290 0x00000a98 0x606292b3 M   rol         x5, x5, x6
627 3294 0x00000a9c 0x606292b3 M   rol         x5, x5, x6
628 3305 0x00000aa0 0x606292b3 M   rol         x5, x5, x6
629 3309 0x00000aa4 0x606292b3 M   rol         x5, x5, x6
630 3313 0x00000aa8 0x606292b3 M   rol         x5, x5, x6
631 3317 0x00000aac 0x606292b3 M   rol         x5, x5, x6
632 3321 0x00000ab0 0x606292b3 M   rol         x5, x5, x6
633 3325 0x00000ab4 0x606292b3 M   rol         x5, x5, x6
634 3329 0x00000ab8 0x606292b3 M   rol         x5, x5, x6
635 3333 0x00000abc 0x606292b3 M   rol         x5, x5, x6
636 3344 0x00000ac0 0x606292b3 M   rol         x5, x5, x6
637 3348 0x00000ac4 0x606292b3 M   rol         x5, x5, x6
638 3352 0x00000ac8 0x606292b3 M   rol         x5, x5, x6
639 3356 0x00000acc 0x606292b3 M   rol         x5, x5, x6
640 3360 0x00000ad0 0x606292b3 M   rol         x5, x5, x6
641 3364 0x00000ad4 0x606292b3 M   rol         x5, x5, x6
642 3368 0x00000ad8 0x606292b3 M   rol         x5, x5, x6
643 3372 0x00000adc 0x606292b3 M   rol         x5, x5, x6
644 3383 0x00000ae0 0x606292b3 M   rol         x5, x5, x6
645 3387 0x00000ae4 0x606292b3 M   rol         x5, x5, x6
646 3391 0x00000ae8 0x606292b3 M   rol         x5, x5, x6
647 3395 0x00000aec 0x606292b3 M   rol         x5, x5, x6
648 3399 0x00000af0 0x606292b3 M   rol         x5, x5, x6
649 3403 0x00000af4 0x606292b3 M   rol         x5, x5, x6
650 3407 0x00000af8 0x606292b3 M   rol         x5, x5, x6
651 3411 0x00000afc 0x606292b3 M   rol         x5, x5, x6
652 3422 0x00000b00 0x606292b3 M   rol         x5, x5, x6
653 3426 0x00000b04 0x606292b3 M   rol         x5, x5, x6
654 3430 0x00000b08 0x606292b3 M   rol         x5, x5, x6
655 3434 0x00000b0c 0x606292b3 M   rol         x5, x5, x6
656 3438 0x00000b10 0x606292b3 M   rol         x5, x5, x6
657 3442 0x00000b14 0x606292b3 M   rol         x5, x5, x6
658 3446 0x00000b18 0x606292b3 M   rol         x5, x5, x6
659 3450 0x00000b1c 0x606292b3 M   rol         x5, x5, x6
660 3461 0x00000b20 0x606292b3 M   rol         x5, x5, x6
661 3465 0x00000b24 0x606292b3 M   rol         x5, x5, x6
662 3469 0x00000b28 0x606292b3 M   rol         x5, x5, x6
663 3473 0x00000b2c 0x606292b3 M   rol         x5, x5, x6
664 3477 0x00000b30 0x606292b3 M   rol         x5, x5, x6
665 3481 0x00000b34 0x606292b3 M   rol         x5, x5, x6
666 3485 0x00000b38 0x606292b3 M   rol         x5, x5, x6
667 3489 0x00000b3c 0x606292b3 M   rol         x5, x5, x6
668 3500 0x00000b40 0x606292b3 M   rol         x5, x5, x6
669 3504 0x00000b44 0x606292b3 M   rol         x5, x5, x6
670 3508 0x00000b48 0x606292b3 M   rol         x5, x5, x6
671 3512 0x00000b4c 0x606292b3 M   rol         x5, x5, x6
672 3516 0x00000b50 0x606292b3 M   rol         x5, x5, x6
673 3520 0x00000b54 0x606292b3 M   rol         x5, x5, x6
674 3524 0x00000b58 0x606292b3 M   rol         x5, x5, x6
675 3528 0x00000b5c 0x606292b3 M   rol         x5, x5, x6
676 3539 0x00000b60 0x606292b3 M   rol         x5, x5, x6
677 3543 0x00000b64 0x606292b3 M   rol         x5, x5, x6
678 3547 0x00000b68 0x606292b3 M   rol         x5, x5, x6
679 3551 0x00000b6c 0x606292b3 M   rol         x5, x5, x6
680 3555 0x00000b70 0x606292b3 M   rol         x5, x5, x6
681 3559 0x00000b74 0x606292b3 M   rol         x5, x5, x6
682 3563 0x00000b78 0x606292b3 M   rol         x5, x5, x6
683 3567 0x00000b7c 0x606292b3 M   rol         x5, x5, x6
684 3578 0x00000b80 0x606292b3 M   rol         x5, x5, x6
685 3582 0x00000b84 0x606292b3 M   rol         x5, x5, x6
686 3586 0x00000b88 0x606292b3 M   rol         x5, x5, x6
687 3590 0x00000b8c 0x606292b3 M   rol         x5, x5, x6
688 3594 0x00000b90 0x606292b3 M   rol         x5, x5, x6
689 3598 0x00000b94 0x606292b3 M   rol         x5, x5, x6
690 3602 0x00000b98 0x606292b3 M   rol         x5, x5, x6
691 3606 0x00000b9c 0x606292b3 M   rol         x5, x5, x6
692 3617 0x00000ba0 0x606292b3 M   rol         x5, x5, x6
693 3621 0x00000ba4 0x606292b3 M   rol         x5, x5, x6
694 3625 0x00000ba8 0x606292b3 M   rol         x5, x5, x6
695 3629 0x00000bac 0x606292b3 M   rol         x5, x5, x6
696 3633 0x00000bb0 0x606292b3 M   rol         x5, x5, x6
697 3637 0x00000bb4 0x606292b3 M   rol         x5, x5, x6
698 3641 0x00000bb8 0x606292b3 M   rol         x5, x5, x6
699 3645 0x00000bbc 0x606292b3 M   rol         x5, x5, x6
700 3656 0x00000bc0 0x606292b3 M   rol         x5, x5, x6
701 3660 0x00000bc4 0x606292b3 M   rol         x5, x5, x6
702 3664 0x00000bc8 0x606292b3 M   rol         x5, x5, x6
703 3668 0x00000bcc 0x606292b3 M   rol         x5, x5, x6
704 3672 0x00000bd0 0x606292b3 M   rol         x5, x5, x6
705 3676 0x00000bd4 0x606292b3 M   rol         x5, x5, x6
706 3680 0x00000bd8 0x606292b3 M   rol         x5, x5, x6
707 3684 0x00000bdc 0x606292b3 M   rol         x5, x5, x6
708 3695 0x00000be0 0x606292b3 M   rol         x5, x5, x6
709 3699 0x00000be4 0x606292b3 M   rol         x5, x5, x6
710 3703 0x00000be8 0x606292b3 M   rol         x5, x5, x6
711 3707 0x00000bec 0x606292b3 M   rol         x5, x5, x6
712 3711 0x00000bf0 0x606292b3 M   rol         x5, x5, x6
713 3715 0x00000bf4 0x606292b3 M   rol         x5, x5, x6
714 3719 0x00000bf8 0x606292b3 M   rol         x5, x5, x6
715 3723 0x00000bfc 0x606292b3 M   rol         x5, x5, x6
716 3734 0x00000c00 0x606292b3 M   rol         x5, x5, x6
717 3738 0x00000c04 0x606292b3 M   rol         x5, x5, x6
718 3742 0x00000c08 0x606292b3 M   rol         x5, x5, x6
719 3746 0x00000c0c 0x606292b3 M   rol         x5, x5, x6
720 3750 0x00000c10 0x606292b3 M   rol         x5, x5, x6
721 3754 0x00000c14 0x606292b3 M   rol         x5, x5, x6
722 3758 0x00000c18 0x606292b3 M   rol         x5, x5, x6
723 3762 0x00000c1c 0x606292b3 M   rol         x5, x5, x6
724 3773 0x00000c20 0x606292b3 M   rol         x5, x5, x6
725 3777 0x00000c24 0x606292b3 M   rol         x5, x5, x6
726 3781 0x00000c28 0x606292b3 M   rol         x5, x5, x6
727 3785 0x00000c2c 0x606292b3 M   rol         x5, x5, x6
728 3789 0x00000c30 0x606292b3 M   rol         x5, x5, x6
729 3793 0x00000c34 0x606292b3 M   rol         x5, x5, x6
730 3797 0x00000c38 0x606292b3 M   rol         x5, x5, x6
731 3801 0x00000c3c 0x606292b3 M   rol         x5, x5, x6
732 3812 0x00000c40 0x606292b3 M   rol         x5, x5, x6
733 3816 0x00000c44 0x606292b3 M   rol         x5, x5, x6
734 3820 0x00000c48 0x606292b3 M   rol         x5, x5, x6
735 3824 0x00000c4c 0x606292b3 M   rol         x5, x5, x6
736 3828 0x00000c50 0x606292b3 M   rol         x5, x5, x6
737 3832 0x00000c54 0x606292b3 M   rol         x5, x5, x6
738 3836 0x00000c58 0x606292b3 M   rol         x5, x5, x6
739 3840 0x00000c5c 0x606292b3 M   rol         x5, x5, x6
740 3851 0x00000c60 0x606292b3 M   rol         x5, x5, x6
741 3855 0x00000c64 0x606292b3 M   rol         x5, x5, x6
742 3859 0x00000c68 0x606292b3 M   rol         x5, x5, x6
743 3863 0x00000c6c 0x606292b3 M   rol         x5, x5, x6
744 3867 0x00000c70 0x606292b3 M   rol         x5, x5, x6
745 3871 0x00000c74 0x606292b3 M   rol         x5, x5, x6
746 3875 0x00000c78 0x606292b3 M   rol         x5, x5, x6
747 3879 0x00000c7c 0x606292b3 M   rol         x5, x5, x6
748 3890 0x00000c80 0x606292b3 M   rol         x5, x5, x6
749 3894 0x00000c84 0x606292b3 M   rol         x5, x5, x6
750 3898 0x00000c88 0x606292b3 M   rol         x5, x5, x6
751 3902 0x00000c8c 0x606292b3 M   rol         x5, x5, x6
752 3906 0x00000c90 0x606292b3 M   rol         x5, x5, x6
753 3910 0x00000c94 0x606292b3 M   rol         x5, x5, x6
754 3914 0x00000c98 0x606292b3 M   rol         x5, x5, x6
755 3918 0x00000c9c 0x606292b3 M   rol         x5, x5, x6
756 3929 0x00000ca0 0x606292b3 M   rol         x5, x5, x6
757 3933 0x00000ca4 0x606292b3 M   rol         x5, x5, x6
758 3937 0x00000ca8 0x606292b3 M   rol         x5, x5, x6
759 3941 0x00000cac 0x606292b3 M   rol         x5, x5, x6
760 3945 0x00000cb0 0x606292b3 M   rol         x5, x5, x6
761 3949 0x00000cb4 0x606292b3 M   rol         x5, x5, x6
762 3953 0x00000cb8 0x606292b3 M   rol         x5, x5, x6
763 3957 0x00000cbc 0x606292b3 M   rol         x5, x5, x6
764 3968 0x00000cc0 0x606292b3 M   rol         x5, x5, x6
765 3972 0x00000cc4 0x606292b3 M   rol         x5, x5, x6
766 3976 0x00000cc8 0x606292b3 M   rol         x5, x5, x6
767 3980 0x00000ccc 0x606292b3 M   rol         x5, x5, x6
768 3984 0x00000cd0 0x606292b3 M   rol         x5, x5, x6
769 3988 0x00000cd4 0x606292b3 M   rol         x5, x5, x6
770 3992 0x00000cd8 0x606292b3 M   rol         x5, x5, x6
771 3996 0x00000cdc 0x606292b3 M   rol         x5, x5, x6
772 4007 0x00000ce0 0x606292b3 M   rol         x5, x5, x6
773 4011 0x00000ce4 0x606292b3 M   rol         x5, x5, x6
774 4015 0x00000ce8 0x606292b3 M   rol         x5, x5, x6
775 4019 0x00000cec 0x606292b3 M   rol         x5, x5, x6
776 4023 0x00000cf0 0x606292b3 M   rol         x5, x5, x6
777 4027 0x00000cf4 0x606292b3 M   rol         x5, x5, x6
778 4031 0x00000cf8 0x606292b3 M   rol         x5, x5, x6
779 4035 0x00000cfc 0x606292b3 M   rol         x5, x5, x6
780 4046 0x00000d00 0x606292b3 M   rol         x5, x5, x6
781 4050 0x00000d04 0x606292b3 M   rol         x5, x5, x6
782 4054 0x00000d08 0x606292b3 M   rol         x5, x5, x6
783 4058 0x00000d0c 0x606292b3 M   rol         x5, x5, x6
784 4062 0x00000d10 0x606292b3 M   rol         x5, x5, x6
785 4066 0x00000d14 0x606292b3 M   rol         x5, x5, x6
786 4070 0x00000d18 0x606292b3 M   rol         x5, x5, x6
787 4074 0x00000d1c 0x606292b3 M   rol         x5, x5, x6
788 4085 0x00000d20 0x606292b3 M   rol         x5, x5, x6
789 4089 0x00000d24 0x606292b3 M   rol         x5, x5, x6
790 4093 0x00000d28 0x606292b3 M   rol         x5, x5, x6
791 4097 0x00000d2c 0x606292b3 M   rol         x5, x5, x6
792 4101 0x00000d30 0x606292b3 M   rol         x5, x5, x6
793 4105 0x00000d34 0x606292b3 M   rol         x5, x5, x6
794 4109 0x00000d38 0x606292b3 M   rol         x5, x5, x6
795 4113 0x00000d3c 0x606292b3 M   rol         x5, x5, x6
796 4124 0x00000d40 0x606292b3 M   rol         x5, x5, x6
797 4128 0x00000d44 0x606292b3 M   rol         x5, x5, x6
798 4132 0x00000d48 0x606292b3 M   rol         x5, x5, x6
799 4136 0x00000d4c 0x606292b3 M   rol         x5, x5, x6
800 4140 0x00000d50 0x606292b3 M   rol         x5, x5, x6
801 4144 0x00000d54 0x606292b3 M   rol         x5, x5, x6
802 4148 0x00000d58 0x606292b3 M   rol         x5, x5, x6
803 4152 0x00000d5c 0x606292b3 M   rol         x5, x5, x6
804 4163 0x00000d60 0x606292b3 M   rol         x5, x5, x6
805 4167 0x00000d64 0x606292b3 M   rol         x5, x5, x6
806 4171 0x00000d68 0x606292b3 M   rol         x5, x5, x6
807 4175 0x00000d6c 0x606292b3 M   rol         x5, x5, x6
808 4179 0x00000d70 0x606292b3 M   rol         x5, x5, x6
809 4183 0x00000d74 0x606292b3 M   rol         x5, x5, x6
810 4187 0x00000d78 0x606292b3 M   rol         x5, x5, x6
811 4191 0x00000d7c 0x606292b3 M   rol         x5, x5, x6
812 4202 0x00000d80 0x606292b3 M   rol         x5, x5, x6
813 4206 0x00000d84 0x606292b3 M   rol         x5, x5, x6
814 4210 0x00000d88 0x606292b3 M   rol         x5, x5, x6
815 4214 0x00000d8c 0x606292b3 M   rol         x5, x5, x6
816 4218 0x00000d90 0x606292b3 M   rol         x5, x5, x6
817 4222 0x00000d94 0x606292b3 M   rol         x5, x5, x6
818 4226 0x00000d98 0x606292b3 M   rol         x5, x5, x6
819 4230 0x00000d9c 0x606292b3 M   rol         x5, x5, x6
820 4241 0x00000da0 0x606292b3 M   rol         x5, x5, x6
821 4245 0x00000da4 0x606292b3 M   rol         x5, x5, x6
822 4249 0x00000da8 0x606292b3 M   rol         x5, x5, x6
823 4253 0x00000dac 0x606292b3 M   rol         x5, x5, x6
824 4257 0x00000db0 0x606292b3 M   rol         x5, x5, x6
825 4261 0x00000db4 0x606292b3 M   rol         x5, x5, x6
826 4265 0x00000db8 0x606292b3 M   rol         x5, x5, x6
827 4269 0x00000dbc 0x606292b3 M   rol         x5, x5, x6
828 4280 0x00000dc0 0x606292b3 M   rol         x5, x5, x6
829 4284 0x00000dc4 0x606292b3 M   rol         x5, x5, x6
830 4288 0x00000dc8 0x606292b3 M   rol         x5, x5, x6
831 4292 0x00000dcc 0x606292b3 M   rol         x5, x5, x6
832 4296 0x00000dd0 0x606292b3 M   rol         x5, x5, x6
833 4300 0x00000dd4 0x606292b3 M   rol         x5, x5, x6
834 4304 0x00000dd8 0x606292b3 M   rol         x5, x5, x6
835 4308 0x00000ddc 0x606292b3 M   rol         x5, x5, x6
836 4319 0x00000de0 0x606292b3 M   rol         x5, x5, x6
837 4323 0x00000de4 0x606292b3 M   rol         x5, x5, x6
838 4327 0x00000de8 0x606292b3 M   rol         x5, x5, x6
839 4331 0x00000dec 0x606292b3 M   rol         x5, x5, x6
840 4335 0x00000df0 0x606292b3 M   rol         x5, x5, x6
841 4339 0x00000df4 0x606292b3 M   rol         x5, x5, x6
842 4343 0x00000df8 0x606292b3 M   rol         x5, x5, x6
843 4347 0x00000dfc 0x606292b3 M   rol         x5, x5, x6
844 4358 0x00000e00 0x606292b3 M   rol         x5, x5, x6
845 4362 0x00000e04 0x606292b3 M   rol         x5, x5, x6
846 4366 0x00000e08 0x606292b3 M   rol         x5, x5, x6
847 4370 0x00000e0c 0x606292b3 M   rol         x5, x5, x6
848 4374 0x00000e10 0x606292b3 M   rol         x5, x5, x6
849 4378 0x00000e14 0x606292b3 M   rol         x5, x5, x6
850 4382 0x00000e18 0x606292b3 M   rol         x5, x5, x6
851 4386 0x00000e1c 0x606292b3 M   rol         x5, x5, x6
852 4397 0x00000e20 0x606292b3 M   rol         x5, x5, x6
853 4401 0x00000e24 0x606292b3 M   rol         x5, x5, x6
854 4405 0x00000e28 0x606292b3 M   rol         x5, x5, x6
855 4409 0x00000e2c 0x606292b3 M   rol         x5, x5, x6
856 4413 0x00000e30 0x606292b3 M   rol         x5, x5, x6
857 4417 0x00000e34 0x606292b3 M   rol         x5, x5, x6
858 4421 0x00000e38 0x606292b3 M   rol         x5, x5, x6
859 4425 0x00000e3c 0x606292b3 M   rol         x5, x5, x6
860 4436 0x00000e40 0x606292b3 M   rol         x5, x5, x6
861 4440 0x00000e44 0x606292b3 M   rol         x5, x5, x6
862 4444 0x00000e48 0x606292b3 M   rol         x5, x5, x6
863 4448 0x00000e4c 0x606292b3 M   rol         x5, x5, x6
864 4452 0x00000e50 0x606292b3 M   rol         x5, x5, x6
865 4456 0x00000e54 0x606292b3 M   rol         x5, x5, x6
866 4460 0x00000e58 0x606292b3 M   rol         x5, x5, x6
867 4464 0x00000e5c 0x606292b3 M   rol         x5, x5, x6
868 4475 0x00000e60 0x606292b3 M   rol         x5, x5, x6
869 4479 0x00000e64 0x606292b3 M   rol         x5, x5, x6
870 4483 0x00000e68 0x606292b3 M   rol         x5, x5, x6
871 4487 0x00000e6c 0x606292b3 M   rol         x5, x5, x6
872 4491 0x00000e70 0x606292b3 M   rol         x5, x5, x6
873 4495 0x00000e74 0x606292b3 M   rol         x5, x5, x6
874 4499 0x00000e78 0x606292b3 M   rol         x5, x5, x6
875 4503 0x00000e7c 0x606292b3 M   rol         x5, x5, x6
876 4514 0x00000e80 0x606292b3 M   rol         x5, x5, x6
877 4518 0x00000e84 0x606292b3 M   rol         x5, x5, x6
878 4522 0x00000e88 0x606292b3 M   rol         x5, x5, x6
879 4526 0x00000e8c 0x606292b3 M   rol         x5, x5, x6
880 4530 0x00000e90 0x606292b3 M   rol         x5, x5, x6
881 4534 0x00000e94 0x606292b3 M   rol         x5, x5, x6
882 4538 0x00000e98 0x606292b3 M   rol         x5, x5, x6
883 4542 0x00000e9c 0x606292b3 M   rol         x5, x5, x6
884 4553 0x00000ea0 0x606292b3 M   rol         x5, x5, x6
885 4557 0x00000ea4 0x606292b3 M   rol         x5, x5, x6
886 4561 0x00000ea8 0x606292b3 M   rol         x5, x5, x6
887 4565 0x00000eac 0x606292b3 M   rol         x5, x5, x6
888 4569 0x00000eb0 0x606292b3 M   rol         x5, x5, x6
889 4573 0x00000eb4 0x606292b3 M   rol         x5, x5, x6
890 4577 0x00000eb8 0x606292b3 M   rol         x5, x5, x6
891 4581 0x00000ebc 0x606292b3 M   rol         x5, x5, x6
892 4592 0x00000ec0 0x606292b3 M   rol         x5, x5, x6
893 4596 0x00000ec4 0x606292b3 M   rol         x5, x5, x6
894 4600 0x00000ec8 0x606292b3 M   rol         x5, x5, x6
895 4604 0x00000ecc 0x606292b3 M   rol         x5, x5, x6
896 4608 0x00000ed0 0x606292b3 M   rol         x5, x5, x6
897 4612 0x00000ed4 0x606292b3 M   rol         x5, x5, x6
898 4616 0x00000ed8 0x606292b3 M   rol         x5, x5, x6
899 4620 0x00000edc 0x606292b3 M   rol         x5, x5, x6
900 4631 0x00000ee0 0x606292b3 M   rol         x5, x5, x6
901 4635 0x00000ee4 0x606292b3 M   rol         x5, x5, x6
902 4639 0x00000ee8 0x606292b3 M   rol         x5, x5, x6
903 4643 0x00000eec 0x606292b3 M   rol         x5, x5, x6
904 4647 0x00000ef0 0x606292b3 M   rol         x5, x5, x6
905 4651 0x00000ef4 0x606292b3 M   rol         x5, x5, x6
906 4655 0x00000ef8 0x606292b3 M   rol         x5, x5, x6
907 4659 0x00000efc 0x606292b3 M   rol         x5, x5, x6
908 4670 0x00000f00 0x606292b3 M   rol         x5, x5, x6
909 4674 0x00000f04 0x606292b3 M   rol         x5, x5, x6
910 4678 0x00000f08 0x606292b3 M   rol         x5, x5, x6
911 4682 0x00000f0c 0x606292b3 M   rol         x5, x5, x6
912 4686 0x00000f10 0x606292b3 M   rol         x5, x5, x6
913 4690 0x00000f14 0x606292b3 M   rol         x5, x5, x6
914 4694 0x00000f18 0x606292b3 M   rol         x5, x5, x6
915 4698 0x00000f1c 0x606292b3 M   rol         x5, x5, x6
916 4709 0x00000f20 0x606292b3 M   rol         x5, x5, x6
917 4713 0x00000f24 0x606292b3 M   rol         x5, x5, x6
918 4717 0x00000f28 0x606292b3 M   rol         x5, x5, x6
919 4721 0x00000f2c 0x606292b3 M   rol         x5, x5, x6
920 4725 0x00000f30 0x606292b3 M   rol         x5, x5, x6
921 4729 0x00000f34 0x606292b3 M   rol         x5, x5, x6
922 4733 0x00000f38 0x606292b3 M   rol         x5, x5, x6
923 4737 0x00000f3c 0x606292b3 M   rol         x5, x5, x6
924 4748 0x00000f40 0x606292b3 M   rol         x5, x5, x6
925 4752 0x00000f44 0x606292b3 M   rol         x5, x5, x6
926 4756 0x00000f48 0x606292b3 M   rol         x5, x5, x6
927 4760 0x00000f4c 0x606292b3 M   rol         x5, x5, x6
928 4764 0x00000f50 0x606292b3 M   rol         x5, x5, x6
929 4768 0x00000f54 0x606292b3 M   rol         x5, x5, x6
930 4772 0x00000f58 0x606292b3 M   rol         x5, x5, x6
931 4776 0x00000f5c 0x606292b3 M   rol         x5, x5, x6
932 4787 0x00000f60 0x606292b3 M   rol         x5, x5, x6
933 4791 0x00000f64 0x606292b3 M   rol         x5, x5, x6
934 4795 0x00000f68 0x606292b3 M   rol         x5, x5, x6
935 4799 0x00000f6c 0x606292b3 M   rol         x5, x5, x6
936 4803 0x00000f70 0x606292b3 M   rol         x5, x5, x6
937 4807 0x00000f74 0x606292b3 M   rol         x5, x5, x6
938 4811 0x00000f78 0x606292b3 M   rol         x5, x5, x6
939 4815 0x00000f7c 0x606292b3 M   rol         x5, x5, x6
940 4826 0x00000f80 0x606292b3 M   rol         x5, x5, x6
941 4830 0x00000f84 0x606292b3 M   rol         x5, x5, x6
942 4834 0x00000f88 0x606292b3 M   rol         x5, x5, x6
943 4838 0x00000f8c 0x606292b3 M   rol         x5, x5, x6
944 4842 0x00000f90 0x606292b3 M   rol         x5, x5, x6
945 4846 0x00000f94 0x606292b3 M   rol         x5, x5, x6
946 4850 0x00000f98 0x606292b3 M   rol         x5, x5, x6
947 4854 0x00000f9c 0x606292b3 M   rol         x5, x5, x6
948 4865 0x00000fa0 0x606292b3 M   rol         x5, x5, x6
949 4869 0x00000fa4 0x606292b3 M   rol         x5, x5, x6
950 4873 0x00000fa8 0x606292b3 M   rol         x5, x5, x6
951 4877 0x00000fac 0x606292b3 M   rol         x5, x5, x6
952 4881 0x00000fb0 0x606292b3 M   rol         x5, x5, x6
953 4885 0x00000fb4 0x606292b3 M   rol         x5, x5, x6
954 4889 0x00000fb8 0x606292b3 M   rol         x5, x5, x6
955 4893 0x00000fbc 0x606292b3 M   rol         x5, x5, x6
956 4904 0x00000fc0 0x606292b3 M   rol         x5, x5, x6
957 4908 0x00000fc4 0x606292b3 M   rol         x5, x5, x6
958 4912 0x00000fc8 0x606292b3 M   rol         x5, x5, x6
959 4916 0x00000fcc 0x606292b3 M   rol         x5, x5, x6
960 4920 0x00000fd0 0x606292b3 M   rol         x5, x5, x6
961 4924 0x00000fd4 0x606292b3 M   rol         x5, x5, x6
962 4928 0x00000fd8 0x606292b3 M   rol         x5, x5, x6
963 4932 0x00000fdc 0x606292b3 M   rol         x5, x5, x6
964 4943 0x00000fe0 0x606292b3 M   rol         x5, x5, x6
965 4947 0x00000fe4 0x606292b3 M   rol         x5, x5, x6
966 4951 0x00000fe8 0x606292b3 M   rol         x5, x5, x6
967 4955 0x00000fec 0x606292b3 M   rol         x5, x5, x6
968 4959 0x00000ff0 0x606292b3 M   rol         x5, x5, x6
969 4963 0x00000ff4 0x606292b3 M   rol         x5, x5, x6
970 4967 0x00000ff8 0x606292b3 M   rol         x5, x5, x6
971 4971 0x00000ffc 0x606292b3 M   rol         x5, x5, x6
972 4982 0x00001000 0x606292b3 M   rol         x5, x5, x6
973 4986 0x00001004 0x606292b3 M   rol         x5, x5, x6
974 4990 0x00001008 0x606292b3 M   rol         x5, x5, x6
975 4994 0x0000100c 0x606292b3 M   rol         x5, x5, x6
976 4998 0x00001010 0x606292b3 M   rol         x5, x5, x6
977 5002 0x00001014 0x606292b3 M   rol         x5, x5, x6
978 5006 0x00001018 0x606292b3 M   rol         x5, x5, x6
979 5010 0x0000101c 0x606292b3 M   rol         x5, x5, x6
980 5021 0x00001020 0x606292b3 M   rol         x5, x5, x6
981 5025 0x00001024 0x606292b3 M   rol         x5, x5, x6
982 5029 0x00001028 0x606292b3 M   rol         x5, x5, x6
983 5033 0x0000102c 0x606292b3 M   rol         x5, x5, x6
984 5037 0x00001030 0x606292b3 M   rol         x5, x5, x6
985 5041 0x00001034 0x606292b3 M   rol         x5, x5, x6
986 5045 0x00001038 0x606292b3 M   rol         x5, x5, x6
987 5049 0x0000103c 0x606292b3 M   rol         x5, x5, x6
988 5060 0x00001040 0x606292b3 M   rol         x5, x5, x6
989 5064 0x00001044 0x606292b3 M   rol         x5, x5, x6
990 5068 0x00001048 0x606292b3 M   rol         x5, x5, x6
991 5072 0x0000104c 0x606292b3 M   rol         x5, x5, x6
992 5076 0x00001050 0x606292b3 M   rol         x5, x5, x6
993 5080 0x00001054 0x606292b3 M   rol         x5, x5, x6
994 5084 0x00001058 0x606292b3 M   rol         x5, x5, x6
995 5088 0x0000105c 0x606292b3 M   rol         x5, x5, x6
996 5099 0x00001060 0x606292b3 M   rol         x5, x5, x6
997 5103 0x00001064 0x606292b3 M   rol         x5, x5, x6
998 5107 0x00001068 0x606292b3 M   rol         x5, x5, x6
999 5111 0x0000106c 0x606292b3 M   rol         x5, x5, x6
1000 5115 0x00001070 0x606292b3 M   rol         x5, x5, x6
1001 5119 0x00001074 0x606292b3 M   rol         x5, x5, x6
1002 5123 0x00001078 0x606292b3 M   rol         x5, x5, x6
1003 5127 0x0000107c 0x606292b3 M   rol         x5, x5, x6
1004 5138 0x00001080 0x606292b3 M   rol         x5, x5, x6
1005 5142 0x00001084 0x606292b3 M   rol         x5, x5, x6
1006 5146 0x00001088 0x606292b3 M   rol         x5, x5, x6
1007 5150 0x0000108c 0x606292b3 M   rol         x5, x5, x6
1008 5154 0x00001090 0x606292b3 M   rol         x5, x5, x6
1009 5158 0x00001094 0x606292b3 M   rol         x5, x5, x6
1010 5162 0x00001098 0x606292b3 M   rol         x5, x5, x6
1011 5166 0x0000109c 0x606292b3 M   rol         x5, x5, x6
1012 5177 0x000010a0 0x606292b3 M   rol         x5, x5, x6
1013 5181 0x000010a4 0x606292b3 M   rol         x5, x5, x6
1014 5185 0x000010a8 0x606292b3 M   rol         x5, x5, x6
1015 5189 0x000010ac 0x606292b3 M   rol         x5, x5, x6
1016 5193 0x000010b0 0x606292b3 M   rol         x5, x5, x6
1017 5197 0x000010b4 0x606292b3 M   rol         x5, x5, x6
1018 5201 0x000010b8 0x606292b3 M   rol         x5, x5, x6
1019 5205 0x000010bc 0x606292b3 M   rol         x5, x5, x6
1020 5216 0x000010c0 0x606292b3 M   rol         x5, x5, x6
1021 5220 0x000010c4 0x606292b3 M   rol         x5, x5, x6
1022 5224 0x000010c8 0x606292b3 M   rol         x5, x5, x6
1023 5228 0x000010cc 0x606292b3 M   rol         x5, x5, x6
1024 5232 0x000010d0 0x606292b3 M   rol         x5, x5, x6
1025 5236 0x000010d4 0x606292b3 M   rol         x5, x5, x6
1026 5240 0x000010d8 0x606292b3 M   rol         x5, x5, x6
1027 5244 0x000010dc 0x606292b3 M   rol         x5, x5, x6
1028 5255 0x000010e0 0x606292b3 M   rol         x5, x5, x6
1029 5259 0x000010e4 0x606292b3 M   rol         x5, x5, x6
1030 5263 0x000010e8 0x606292b3 M   rol         x5, x5, x6
1031 5267 0x000010ec 0x606292b3 M   rol         x5, x5, x6
1032 5271 0x000010f0 0x606292b3 M   rol         x5, x5, x6
1033 5275 0x000010f4 0x606292b3 M   rol         x5, x5, x6
1034 5279 0x000010f8 0x606292b3 M   rol         x5, x5, x6
1035 5283 0x000010fc 0x606292b3 M   rol         x5, x5, x6
1036 5294 0x00001100 0x606292b3 M   rol         x5, x5, x6
1037 5298 0x00001104 0x606292b3 M   rol         x5, x5, x6
1038 5302 0x00001108 0x606292b3 M   rol         x5, x5, x6
1039 5306 0x0000110c 0x606292b3 M   rol         x5, x5, x6
1040 5310 0x00001110 0x606292b3 M   rol         x5, x5, x6
1041 5314 0x00001114 0x606292b3 M   rol         x5, x5, x6
1042 5318 0x00001118 0x606292b3 M   rol         x5, x5, x6
1043 5322 0x0000111c 0x606292b3 M   rol         x5, x5, x6
1044 5333 0x00001120 0x606292b3 M   rol         x5, x5, x6
1045 5337 0x00001124 0x606292b3 M   rol         x5, x5, x6
1046 5341 0x00001128 0x606292b3 M   rol         x5, x5, x6
1047 5345 0x0000112c 0x606292b3 M   rol         x5, x5, x6
1048 5349 0x00001130 0x606292b3 M   rol         x5, x5, x6
1049 5353 0x00001134 0x606292b3 M   rol         x5, x5, x6
1050 5357 0x00001138 0x606292b3 M   rol         x5, x5, x6
1051 5361 0x0000113c 0x606292b3 M   rol         x5, x5, x6
1052 5372 0x00001140 0x606292b3 M   rol         x5, x5, x6
1053 5376 0x00001144 0x606292b3 M   rol         x5, x5, x6
1054 5380 0x00001148 0x606292b3 M   rol         x5, x5, x6
1055 5384 0x0000114c 0x606292b3 M   rol         x5, x5, x6
1056 5388 0x00001150 0x606292b3 M   rol         x5, x5, x6
1057 5392 0x00001154 0x606292b3 M   rol         x5, x5, x6
1058 5396 0x00001158 0x606292b3 M   rol         x5, x5, x6
1059 5400 0x0000115c 0x606292b3 M   rol         x5, x5, x6
1060 5411 0x00001160 0x606292b3 M   rol         x5, x5, x6
1061 5415 0x00001164 0x606292b3 M   rol         x5, x5, x6
1062 5417 0x00001168 0x00000513 M   addi        x10, x0, 0
1063 5420 0x0000116c 0x00008067 M   jalr        x0, 0(x1)
1064 5438 0x0000015c 0x30047073 M   csrrci      x0, mstatus, 8
1065 5452 0x00000160 0x30401073 M   csrrw       x0, mie, x0
1066 5454 0x00000164 0x00000597 M   auipc       x11, 0x00000000
1067 5456 0x00000168 0x05058593 M   addi        x11, x11, 80
1068 5459 0x0000016c 0x30559073 M   csrrw       x0, mtvec, x11
1069 5462 0x00000170 0x34051073 M   csrrw       x0, mscratch, x10
1070 5465 0x00000174 0xf1402473 M   csrrs       x8, mhartid, x0
1071 5468 0x00000178 0x02041463 M   bne         x8, x0, 40
1072 5470 0x0000017c 0x00001417 M   auipc       x8, 0x00001000
1073 5482 0x00000180 0xff440413 M   addi        x8, x8, -12
1074 5484 0x00000184 0x00001497 M   auipc       x9, 0x00001000
1075 5486 0x00000188 0xfec48493 M   addi        x9, x9, -20
1076 5489 0x0000018c 0x00945a63 M   bge         x8, x9, 20
1077 5508 0x000001a0 0xf1402473 M   csrrs       x8, mhartid, x0
1078 5511 0x000001a4 0x00041463 M   bne         x8, x0, 8
1079 5514 0x000001a8 0x00100073 M   ebreak      
1080 5523 0x000001b4 0x10500073 M   wfi          <TRAP_ENTRY>
