0 30 0x00000000 0xf14020f3 M   csrrs       x1, mhartid, x0
1 32 0x00000004 0x80002217 M   auipc       x4, 0x80002000
2 34 0x00000008 0xffb20213 M   addi        x4, x4, -5
3 36 0x0000000c 0xff027113 M   andi        x2, x4, -16
4 38 0x00000010 0x80000197 M   auipc       x3, 0x80000000
5 40 0x00000014 0x7f018193 M   addi        x3, x3, 2032
6 42 0x00000018 0x000022b7 M   lui         x5, 0x00002000
7 44 0x0000001c 0x80028293 M   addi        x5, x5, -2048
8 58 0x00000020 0x30029073 M   csrrw       x0, mstatus, x5
9 60 0x00000024 0x00000317 M   auipc       x6, 0x00000000
10 62 0x00000028 0x19030313 M   addi        x6, x6, 400
11 65 0x0000002c 0x30531073 M   csrrw       x0, mtvec, x6
12 68 0x00000030 0x30401073 M   csrrw       x0, mie, x0
13 70 0x00000034 0x00001397 M   auipc       x7, 0x00001000
14 72 0x00000038 0x13c38393 M   addi        x7, x7, 316
15 74 0x0000003c 0x80000417 M   auipc       x8, 0x80000000
16 87 0x00000040 0xfc440413 M   addi        x8, x8, -60
17 89 0x00000044 0x80000497 M   auipc       x9, 0x80000000
18 91 0x00000048 0xfbc48493 M   addi        x9, x9, -68
19 93 0x0000004c 0x80000517 M   auipc       x10, 0x80000000
20 95 0x00000050 0xfb450513 M   addi        x10, x10, -76
21 97 0x00000054 0x80000597 M   auipc       x11, 0x80000000
22 99 0x00000058 0xfac58593 M   addi        x11, x11, -84
23 101 0x0000005c 0x00000613 M   addi        x12, x0, 0
24 115 0x00000060 0x00000693 M   addi        x13, x0, 0
25 117 0x00000064 0x00000713 M   addi        x14, x0, 0
26 119 0x00000068 0x00000793 M   addi        x15, x0, 0
27 121 0x0000006c 0x00000813 M   addi        x16, x0, 0
28 123 0x00000070 0x00000893 M   addi        x17, x0, 0
29 125 0x00000074 0x00000913 M   addi        x18, x0, 0
30 127 0x00000078 0x00000993 M   addi        x19, x0, 0
31 129 0x0000007c 0x00000a13 M   addi        x20, x0, 0
32 143 0x00000080 0x00000a93 M   addi        x21, x0, 0
33 145 0x00000084 0x00000b13 M   addi        x22, x0, 0
34 147 0x00000088 0x00000b93 M   addi        x23, x0, 0
35 149 0x0000008c 0x00000c13 M   addi        x24, x0, 0
36 151 0x00000090 0x00000c93 M   addi        x25, x0, 0
37 153 0x00000094 0x00000d13 M   addi        x26, x0, 0
38 155 0x00000098 0x00000d93 M   addi        x27, x0, 0
39 157 0x0000009c 0x00000e13 M   addi        x28, x0, 0
40 171 0x000000a0 0x00000e93 M   addi        x29, x0, 0
41 173 0x000000a4 0x00000f13 M   addi        x30, x0, 0
42 175 0x000000a8 0x00000f93 M   addi        x31, x0, 0
43 178 0x000000ac 0x04008263 M   beq         x1, x0, 68
44 200 0x000000f0 0x00838e63 M   beq         x7, x8, 28
45 203 0x000000f4 0x00945c63 M   bge         x8, x9, 24
46 221 0x0000010c 0x00b55863 M   bge         x10, x11, 16
47 227 0x0000011c 0x00001417 M   auipc       x8, 0x00001000
48 241 0x00000120 0x05440413 M   addi        x8, x8, 84
49 243 0x00000124 0x00001497 M   auipc       x9, 0x00001000
50 245 0x00000128 0x04c48493 M   addi        x9, x9, 76
51 248 0x0000012c 0x00945a63 M   bge         x8, x9, 20
52 266 0x00000140 0x00000617 M   auipc       x12, 0x00000000
53 268 0x00000144 0x07c60613 M   addi        x12, x12, 124
54 271 0x00000148 0x0ff0000f M   fence       
55 278 0x0000014c 0x0000100f M   fence.i     
56 489 0x00000150 0x00000513 M   addi        x10, x0, 0
57 491 0x00000154 0x00000593 M   addi        x11, x0, 0
58 494 0x00000158 0x000600e7 M   jalr        x1, 0(x12)
59 524 0x000001bc 0x123452b7 M   lui         x5, 0x12345000
60 538 0x000001c0 0x67828293 M   addi        x5, x5, 1656
61 540 0x000001c4 0x01100313 M   addi        x6, x0, 17
62 575 0x000001c8 0x0262c2b3 M   div         x5, x5, x6
63 610 0x000001cc 0x0262c2b3 M   div         x5, x5, x6
64 645 0x000001d0 0x0262c2b3 M   div         x5, x5, x6
65 680 0x000001d4 0x0262c2b3 M   div         x5, x5, x6
66 715 0x000001d8 0x0262c2b3 M   div         x5, x5, x6
67 750 0x000001dc 0x0262c2b3 M   div         x5, x5, x6
68 785 0x000001e0 0x0262c2b3 M   div         x5, x5, x6
69 820 0x000001e4 0x0262c2b3 M   div         x5, x5, x6
70 855 0x000001e8 0x0262c2b3 M   div         x5, x5, x6
71 890 0x000001ec 0x0262c2b3 M   div         x5, x5, x6
72 925 0x000001f0 0x0262c2b3 M   div         x5, x5, x6
73 960 0x000001f4 0x0262c2b3 M   div         x5, x5, x6
74 995 0x000001f8 0x0262c2b3 M   div         x5, x5, x6
75 1030 0x000001fc 0x0262c2b3 M   div         x5, x5, x6
76 1065 0x00000200 0x0262c2b3 M   div         x5, x5, x6
77 1100 0x00000204 0x0262c2b3 M   div         x5, x5, x6
78 1135 0x00000208 0x0262c2b3 M   div         x5, x5, x6
79 1170 0x0000020c 0x0262c2b3 M   div         x5, x5, x6
80 1205 0x00000210 0x0262c2b3 M   div         x5, x5, x6
81 1240 0x00000214 0x0262c2b3 M   div         x5, x5, x6
82 1275 0x00000218 0x0262c2b3 M   div         x5, x5, x6
83 1310 0x0000021c 0x0262c2b3 M   div         x5, x5, x6
84 1345 0x00000220 0x0262c2b3 M   div         x5, x5, x6
85 1380 0x00000224 0x0262c2b3 M   div         x5, x5, x6
86 1415 0x00000228 0x0262c2b3 M   div         x5, x5, x6
87 1450 0x0000022c 0x0262c2b3 M   div         x5, x5, x6
88 1485 0x00000230 0x0262c2b3 M   div         x5, x5, x6
89 1520 0x00000234 0x0262c2b3 M   div         x5, x5, x6
90 1555 0x00000238 0x0262c2b3 M   div         x5, x5, x6
91 1590 0x0000023c 0x0262c2b3 M   div         x5, x5, x6
92 1625 0x00000240 0x0262c2b3 M   div         x5, x5, x6
93 1660 0x00000244 0x0262c2b3 M   div         x5, x5, x6
94 1695 0x00000248 0x0262c2b3 M   div         x5, x5, x6
95 1730 0x0000024c 0x0262c2b3 M   div         x5, x5, x6
96 1765 0x00000250 0x0262c2b3 M   div         x5, x5, x6
97 1800 0x00000254 0x0262c2b3 M   div         x5, x5, x6
98 1835 0x00000258 0x0262c2b3 M   div         x5, x5, x6
99 1870 0x0000025c 0x0262c2b3 M   div         x5, x5, x6
100 1905 0x00000260 0x0262c2b3 M   div         x5, x5, x6
101 1940 0x00000264 0x0262c2b3 M   div         x5, x5, x6
102 1975 0x00000268 0x0262c2b3 M   div         x5, x5, x6
103 2010 0x0000026c 0x0262c2b3 M   div         x5, x5, x6
104 2045 0x00000270 0x0262c2b3 M   div         x5, x5, x6
105 2080 0x00000274 0x0262c2b3 M   div         x5, x5, x6
106 2115 0x00000278 0x0262c2b3 M   div         x5, x5, x6
107 2150 0x0000027c 0x0262c2b3 M   div         x5, x5, x6
108 2185 0x00000280 0x0262c2b3 M   div         x5, x5, x6
109 2220 0x00000284 0x0262c2b3 M   div         x5, x5, x6
110 2255 0x00000288 0x0262c2b3 M   div         x5, x5, x6
111 2290 0x0000028c 0x0262c2b3 M   div         x5, x5, x6
112 2325 0x00000290 0x0262c2b3 M   div         x5, x5, x6
113 2360 0x00000294 0x0262c2b3 M   div         x5, x5, x6
114 2395 0x00000298 0x0262c2b3 M   div         x5, x5, x6
115 2430 0x0000029c 0x0262c2b3 M   div         x5, x5, x6
116 2465 0x000002a0 0x0262c2b3 M   div         x5, x5, x6
117 2500 0x000002a4 0x0262c2b3 M   div         x5, x5, x6
118 2535 0x000002a8 0x0262c2b3 M   div         x5, x5, x6
119 2570 0x000002ac 0x0262c2b3 M   div         x5, x5, x6
120 2605 0x000002b0 0x0262c2b3 M   div         x5, x5, x6
121 2640 0x000002b4 0x0262c2b3 M   div         x5, x5, x6
122 2675 0x000002b8 0x0262c2b3 M   div         x5, x5, x6
123 2710 0x000002bc 0x0262c2b3 M   div         x5, x5, x6
124 2745 0x000002c0 0x0262c2b3 M   div         x5, x5, x6
125 2780 0x000002c4 0x0262c2b3 M   div         x5, x5, x6
126 2815 0x000002c8 0x0262c2b3 M   div         x5, x5, x6
127 2850 0x000002cc 0x0262c2b3 M   div         x5, x5, x6
128 2885 0x000002d0 0x0262c2b3 M   div         x5, x5, x6
129 2920 0x000002d4 0x0262c2b3 M   div         x5, x5, x6
130 2955 0x000002d8 0x0262c2b3 M   div         x5, x5, x6
131 2990 0x000002dc 0x0262c2b3 M   div         x5, x5, x6
132 3025 0x000002e0 0x0262c2b3 M   div         x5, x5, x6
133 3060 0x000002e4 0x0262c2b3 M   div         x5, x5, x6
134 3095 0x000002e8 0x0262c2b3 M   div         x5, x5, x6
135 3130 0x000002ec 0x0262c2b3 M   div         x5, x5, x6
136 3165 0x000002f0 0x0262c2b3 M   div         x5, x5, x6
137 3200 0x000002f4 0x0262c2b3 M   div         x5, x5, x6
138 3235 0x000002f8 0x0262c2b3 M   div         x5, x5, x6
139 3270 0x000002fc 0x0262c2b3 M   div         x5, x5, x6
140 3305 0x00000300 0x0262c2b3 M   div         x5, x5, x6
141 3340 0x00000304 0x0262c2b3 M   div         x5, x5, x6
142 3375 0x00000308 0x0262c2b3 M   div         x5, x5, x6
143 3410 0x0000030c 0x0262c2b3 M   div         x5, x5, x6
144 3445 0x00000310 0x0262c2b3 M   div         x5, x5, x6
145 3480 0x00000314 0x0262c2b3 M   div         x5, x5, x6
146 3515 0x00000318 0x0262c2b3 M   div         x5, x5, x6
147 3550 0x0000031c 0x0262c2b3 M   div         x5, x5, x6
148 3585 0x00000320 0x0262c2b3 M   div         x5, x5, x6
149 3620 0x00000324 0x0262c2b3 M   div         x5, x5, x6
150 3655 0x00000328 0x0262c2b3 M   div         x5, x5, x6
151 3690 0x0000032c 0x0262c2b3 M   div         x5, x5, x6
152 3725 0x00000330 0x0262c2b3 M   div         x5, x5, x6
153 3760 0x00000334 0x0262c2b3 M   div         x5, x5, x6
154 3795 0x00000338 0x0262c2b3 M   div         x5, x5, x6
155 3830 0x0000033c 0x0262c2b3 M   div         x5, x5, x6
156 3865 0x00000340 0x0262c2b3 M   div         x5, x5, x6
157 3900 0x00000344 0x0262c2b3 M   div         x5, x5, x6
158 3935 0x00000348 0x0262c2b3 M   div         x5, x5, x6
159 3970 0x0000034c 0x0262c2b3 M   div         x5, x5, x6
160 4005 0x00000350 0x0262c2b3 M   div         x5, x5, x6
161 4040 0x00000354 0x0262c2b3 M   div         x5, x5, x6
162 4075 0x00000358 0x0262c2b3 M   div         x5, x5, x6
163 4110 0x0000035c 0x0262c2b3 M   div         x5, x5, x6
164 4145 0x00000360 0x0262c2b3 M   div         x5, x5, x6
165 4180 0x00000364 0x0262c2b3 M   div         x5, x5, x6
166 4215 0x00000368 0x0262c2b3 M   div         x5, x5, x6
167 4250 0x0000036c 0x0262c2b3 M   div         x5, x5, x6
168 4285 0x00000370 0x0262c2b3 M   div         x5, x5, x6
169 4320 0x00000374 0x0262c2b3 M   div         x5, x5, x6
170 4355 0x00000378 0x0262c2b3 M   div         x5, x5, x6
171 4390 0x0000037c 0x0262c2b3 M   div         x5, x5, x6
172 4425 0x00000380 0x0262c2b3 M   div         x5, x5, x6
173 4460 0x00000384 0x0262c2b3 M   div         x5, x5, x6
174 4495 0x00000388 0x0262c2b3 M   div         x5, x5, x6
175 4530 0x0000038c 0x0262c2b3 M   div         x5, x5, x6
176 4565 0x00000390 0x0262c2b3 M   div         x5, x5, x6
177 4600 0x00000394 0x0262c2b3 M   div         x5, x5, x6
178 4635 0x00000398 0x0262c2b3 M   div         x5, x5, x6
179 4670 0x0000039c 0x0262c2b3 M   div         x5, x5, x6
180 4705 0x000003a0 0x0262c2b3 M   div         x5, x5, x6
181 4740 0x000003a4 0x0262c2b3 M   div         x5, x5, x6
182 4775 0x000003a8 0x0262c2b3 M   div         x5, x5, x6
183 4810 0x000003ac 0x0262c2b3 M   div         x5, x5, x6
184 4845 0x000003b0 0x0262c2b3 M   div         x5, x5, x6
185 4880 0x000003b4 0x0262c2b3 M   div         x5, x5, x6
186 4915 0x000003b8 0x0262c2b3 M   div         x5, x5, x6
187 4950 0x000003bc 0x0262c2b3 M   div         x5, x5, x6
188 4985 0x000003c0 0x0262c2b3 M   div         x5, x5, x6
189 5020 0x000003c4 0x0262c2b3 M   div         x5, x5, x6
190 5055 0x000003c8 0x0262c2b3 M   div         x5, x5, x6
191 5090 0x000003cc 0x0262c2b3 M   div         x5, x5, x6
192 5125 0x000003d0 0x0262c2b3 M   div         x5, x5, x6
193 5160 0x000003d4 0x0262c2b3 M   div         x5, x5, x6
194 5195 0x000003d8 0x0262c2b3 M   div         x5, x5, x6
195 5230 0x000003dc 0x0262c2b3 M   div         x5, x5, x6
196 5265 0x000003e0 0x0262c2b3 M   div         x5, x5, x6
197 5300 0x000003e4 0x0262c2b3 M   div         x5, x5, x6
198 5335 0x000003e8 0x0262c2b3 M   div         x5, x5, x6
199 5370 0x000003ec 0x0262c2b3 M   div         x5, x5, x6
200 5405 0x000003f0 0x0262c2b3 M   div         x5, x5, x6
201 5440 0x000003f4 0x0262c2b3 M   div         x5, x5, x6
202 5475 0x000003f8 0x0262c2b3 M   div         x5, x5, x6
203 5510 0x000003fc 0x0262c2b3 M   div         x5, x5, x6
204 5545 0x00000400 0x0262c2b3 M   div         x5, x5, x6
205 5580 0x00000404 0x0262c2b3 M   div         x5, x5, x6
206 5615 0x00000408 0x0262c2b3 M   div         x5, x5, x6
207 5650 0x0000040c 0x0262c2b3 M   div         x5, x5, x6
208 5685 0x00000410 0x0262c2b3 M   div         x5, x5, x6
209 5720 0x00000414 0x0262c2b3 M   div         x5, x5, x6
210 5755 0x00000418 0x0262c2b3 M   div         x5, x5, x6
211 5790 0x0000041c 0x0262c2b3 M   div         x5, x5, x6
212 5825 0x00000420 0x0262c2b3 M   div         x5, x5, x6
213 5860 0x00000424 0x0262c2b3 M   div         x5, x5, x6
214 5895 0x00000428 0x0262c2b3 M   div         x5, x5, x6
215 5930 0x0000042c 0x0262c2b3 M   div         x5, x5, x6
216 5965 0x00000430 0x0262c2b3 M   div         x5, x5, x6
217 6000 0x00000434 0x0262c2b3 M   div         x5, x5, x6
218 6035 0x00000438 0x0262c2b3 M   div         x5, x5, x6
219 6070 0x0000043c 0x0262c2b3 M   div         x5, x5, x6
220 6105 0x00000440 0x0262c2b3 M   div         x5, x5, x6
221 6140 0x00000444 0x0262c2b3 M   div         x5, x5, x6
222 6175 0x00000448 0x0262c2b3 M   div         x5, x5, x6
223 6210 0x0000044c 0x0262c2b3 M   div         x5, x5, x6
224 6245 0x00000450 0x0262c2b3 M   div         x5, x5, x6
225 6280 0x00000454 0x0262c2b3 M   div         x5, x5, x6
226 6315 0x00000458 0x0262c2b3 M   div         x5, x5, x6
227 6350 0x0000045c 0x0262c2b3 M   div         x5, x5, x6
228 6385 0x00000460 0x0262c2b3 M   div         x5, x5, x6
229 6420 0x00000464 0x0262c2b3 M   div         x5, x5, x6
230 6455 0x00000468 0x0262c2b3 M   div         x5, x5, x6
231 6490 0x0000046c 0x0262c2b3 M   div         x5, x5, x6
232 6525 0x00000470 0x0262c2b3 M   div         x5, x5, x6
233 6560 0x00000474 0x0262c2b3 M   div         x5, x5, x6
234 6595 0x00000478 0x0262c2b3 M   div         x5, x5, x6
235 6630 0x0000047c 0x0262c2b3 M   div         x5, x5, x6
236 6665 0x00000480 0x0262c2b3 M   div         x5, x5, x6
237 6700 0x00000484 0x0262c2b3 M   div         x5, x5, x6
238 6735 0x00000488 0x0262c2b3 M   div         x5, x5, x6
239 6770 0x0000048c 0x0262c2b3 M   div         x5, x5, x6
240 6805 0x00000490 0x0262c2b3 M   div         x5, x5, x6
241 6840 0x00000494 0x0262c2b3 M   div         x5, x5, x6
242 6875 0x00000498 0x0262c2b3 M   div         x5, x5, x6
243 6910 0x0000049c 0x0262c2b3 M   div         x5, x5, x6
244 6945 0x000004a0 0x0262c2b3 M   div         x5, x5, x6
245 6980 0x000004a4 0x0262c2b3 M   div         x5, x5, x6
246 7015 0x000004a8 0x0262c2b3 M   div         x5, x5, x6
247 7050 0x000004ac 0x0262c2b3 M   div         x5, x5, x6
248 7085 0x000004b0 0x0262c2b3 M   div         x5, x5, x6
249 7120 0x000004b4 0x0262c2b3 M   div         x5, x5, x6
250 7155 0x000004b8 0x0262c2b3 M   div         x5, x5, x6
251 7190 0x000004bc 0x0262c2b3 M   div         x5, x5, x6
252 7225 0x000004c0 0x0262c2b3 M   div         x5, x5, x6
253 7260 0x000004c4 0x0262c2b3 M   div         x5, x5, x6
254 7295 0x000004c8 0x0262c2b3 M   div         x5, x5, x6
255 7330 0x000004cc 0x0262c2b3 M   div         x5, x5, x6
256 7365 0x000004d0 0x0262c2b3 M   div         x5, x5, x6
257 7400 0x000004d4 0x0262c2b3 M   div         x5, x5, x6
258 7435 0x000004d8 0x0262c2b3 M   div         x5, x5, x6
259 7470 0x000004dc 0x0262c2b3 M   div         x5, x5, x6
260 7505 0x000004e0 0x0262c2b3 M   div         x5, x5, x6
261 7540 0x000004e4 0x0262c2b3 M   div         x5, x5, x6
262 7575 0x000004e8 0x0262c2b3 M   div         x5, x5, x6
263 7610 0x000004ec 0x0262c2b3 M   div         x5, x5, x6
264 7645 0x000004f0 0x0262c2b3 M   div         x5, x5, x6
265 7680 0x000004f4 0x0262c2b3 M   div         x5, x5, x6
266 7715 0x000004f8 0x0262c2b3 M   div         x5, x5, x6
267 7750 0x000004fc 0x0262c2b3 M   div         x5, x5, x6
268 7785 0x00000500 0x0262c2b3 M   div         x5, x5, x6
269 7820 0x00000504 0x0262c2b3 M   div         x5, x5, x6
270 7855 0x00000508 0x0262c2b3 M   div         x5, x5, x6
271 7890 0x0000050c 0x0262c2b3 M   div         x5, x5, x6
272 7925 0x00000510 0x0262c2b3 M   div         x5, x5, x6
273 7960 0x00000514 0x0262c2b3 M   div         x5, x5, x6
274 7995 0x00000518 0x0262c2b3 M   div         x5, x5, x6
275 8030 0x0000051c 0x0262c2b3 M   div         x5, x5, x6
276 8065 0x00000520 0x0262c2b3 M   div         x5, x5, x6
277 8100 0x00000524 0x0262c2b3 M   div         x5, x5, x6
278 8135 0x00000528 0x0262c2b3 M   div         x5, x5, x6
279 8170 0x0000052c 0x0262c2b3 M   div         x5, x5, x6
280 8205 0x00000530 0x0262c2b3 M   div         x5, x5, x6
281 8240 0x00000534 0x0262c2b3 M   div         x5, x5, x6
282 8275 0x00000538 0x0262c2b3 M   div         x5, x5, x6
283 8310 0x0000053c 0x0262c2b3 M   div         x5, x5, x6
284 8345 0x00000540 0x0262c2b3 M   div         x5, x5, x6
285 8380 0x00000544 0x0262c2b3 M   div         x5, x5, x6
286 8415 0x00000548 0x0262c2b3 M   div         x5, x5, x6
287 8450 0x0000054c 0x0262c2b3 M   div         x5, x5, x6
288 8485 0x00000550 0x0262c2b3 M   div         x5, x5, x6
289 8520 0x00000554 0x0262c2b3 M   div         x5, x5, x6
290 8555 0x00000558 0x0262c2b3 M   div         x5, x5, x6
291 8590 0x0000055c 0x0262c2b3 M   div         x5, x5, x6
292 8625 0x00000560 0x0262c2b3 M   div         x5, x5, x6
293 8660 0x00000564 0x0262c2b3 M   div         x5, x5, x6
294 8695 0x00000568 0x0262c2b3 M   div         x5, x5, x6
295 8730 0x0000056c 0x0262c2b3 M   div         x5, x5, x6
296 8765 0x00000570 0x0262c2b3 M   div         x5, x5, x6
297 8800 0x00000574 0x0262c2b3 M   div         x5, x5, x6
298 8835 0x00000578 0x0262c2b3 M   div         x5, x5, x6
299 8870 0x0000057c 0x0262c2b3 M   div         x5, x5, x6
300 8905 0x00000580 0x0262c2b3 M   div         x5, x5, x6
301 8940 0x00000584 0x0262c2b3 M   div         x5, x5, x6
302 8975 0x00000588 0x0262c2b3 M   div         x5, x5, x6
303 9010 0x0000058c 0x0262c2b3 M   div         x5, x5, x6
304 9045 0x00000590 0x0262c2b3 M   div         x5, x5, x6
305 9080 0x00000594 0x0262c2b3 M   div         x5, x5, x6
306 9115 0x00000598 0x0262c2b3 M   div         x5, x5, x6
307 9150 0x0000059c 0x0262c2b3 M   div         x5, x5, x6
308 9185 0x000005a0 0x0262c2b3 M   div         x5, x5, x6
309 9220 0x000005a4 0x0262c2b3 M   div         x5, x5, x6
310 9255 0x000005a8 0x0262c2b3 M   div         x5, x5, x6
311 9290 0x000005ac 0x0262c2b3 M   div         x5, x5, x6
312 9325 0x000005b0 0x0262c2b3 M   div         x5, x5, x6
313 9360 0x000005b4 0x0262c2b3 M   div         x5, x5, x6
314 9395 0x000005b8 0x0262c2b3 M   div         x5, x5, x6
315 9430 0x000005bc 0x0262c2b3 M   div         x5, x5, x6
316 9465 0x000005c0 0x0262c2b3 M   div         x5, x5, x6
317 9500 0x000005c4 0x0262c2b3 M   div         x5, x5, x6
318 9535 0x000005c8 0x0262c2b3 M   div         x5, x5, x6
319 9570 0x000005cc 0x0262c2b3 M   div         x5, x5, x6
320 9605 0x000005d0 0x0262c2b3 M   div         x5, x5, x6
321 9640 0x000005d4 0x0262c2b3 M   div         x5, x5, x6
322 9675 0x000005d8 0x0262c2b3 M   div         x5, x5, x6
323 9710 0x000005dc 0x0262c2b3 M   div         x5, x5, x6
324 9745 0x000005e0 0x0262c2b3 M   div         x5, x5, x6
325 9780 0x000005e4 0x0262c2b3 M   div         x5, x5, x6
326 9815 0x000005e8 0x0262c2b3 M   div         x5, x5, x6
327 9850 0x000005ec 0x0262c2b3 M   div         x5, x5, x6
328 9885 0x000005f0 0x0262c2b3 M   div         x5, x5, x6
329 9920 0x000005f4 0x0262c2b3 M   div         x5, x5, x6
330 9955 0x000005f8 0x0262c2b3 M   div         x5, x5, x6
331 9990 0x000005fc 0x0262c2b3 M   div         x5, x5, x6
332 10025 0x00000600 0x0262c2b3 M   div         x5, x5, x6
333 10060 0x00000604 0x0262c2b3 M   div         x5, x5, x6
334 10095 0x00000608 0x0262c2b3 M   div         x5, x5, x6
335 10130 0x0000060c 0x0262c2b3 M   div         x5, x5, x6
336 10165 0x00000610 0x0262c2b3 M   div         x5, x5, x6
337 10200 0x00000614 0x0262c2b3 M   div         x5, x5, x6
338 10235 0x00000618 0x0262c2b3 M   div         x5, x5, x6
339 10270 0x0000061c 0x0262c2b3 M   div         x5, x5, x6
340 10305 0x00000620 0x0262c2b3 M   div         x5, x5, x6
341 10340 0x00000624 0x0262c2b3 M   div         x5, x5, x6
342 10375 0x00000628 0x0262c2b3 M   div         x5, x5, x6
343 10410 0x0000062c 0x0262c2b3 M   div         x5, x5, x6
344 10445 0x00000630 0x0262c2b3 M   div         x5, x5, x6
345 10480 0x00000634 0x0262c2b3 M   div         x5, x5, x6
346 10515 0x00000638 0x0262c2b3 M   div         x5, x5, x6
347 10550 0x0000063c 0x0262c2b3 M   div         x5, x5, x6
348 10585 0x00000640 0x0262c2b3 M   div         x5, x5, x6
349 10620 0x00000644 0x0262c2b3 M   div         x5, x5, x6
350 10655 0x00000648 0x0262c2b3 M   div         x5, x5, x6
351 10690 0x0000064c 0x0262c2b3 M   div         x5, x5, x6
352 10725 0x00000650 0x0262c2b3 M   div         x5, x5, x6
353 10760 0x00000654 0x0262c2b3 M   div         x5, x5, x6
354 10795 0x00000658 0x0262c2b3 M   div         x5, x5, x6
355 10830 0x0000065c 0x0262c2b3 M   div         x5, x5, x6
356 10865 0x00000660 0x0262c2b3 M   div         x5, x5, x6
357 10900 0x00000664 0x0262c2b3 M   div         x5, x5, x6
358 10935 0x00000668 0x0262c2b3 M   div         x5, x5, x6
359 10970 0x0000066c 0x0262c2b3 M   div         x5, x5, x6
360 11005 0x00000670 0x0262c2b3 M   div         x5, x5, x6
361 11040 0x00000674 0x0262c2b3 M   div         x5, x5, x6
362 11075 0x00000678 0x0262c2b3 M   div         x5, x5, x6
363 11110 0x0000067c 0x0262c2b3 M   div         x5, x5, x6
364 11145 0x00000680 0x0262c2b3 M   div         x5, x5, x6
365 11180 0x00000684 0x0262c2b3 M   div         x5, x5, x6
366 11215 0x00000688 0x0262c2b3 M   div         x5, x5, x6
367 11250 0x0000068c 0x0262c2b3 M   div         x5, x5, x6
368 11285 0x00000690 0x0262c2b3 M   div         x5, x5, x6
369 11320 0x00000694 0x0262c2b3 M   div         x5, x5, x6
370 11355 0x00000698 0x0262c2b3 M   div         x5, x5, x6
371 11390 0x0000069c 0x0262c2b3 M   div         x5, x5, x6
372 11425 0x000006a0 0x0262c2b3 M   div         x5, x5, x6
373 11460 0x000006a4 0x0262c2b3 M   div         x5, x5, x6
374 11495 0x000006a8 0x0262c2b3 M   div         x5, x5, x6
375 11530 0x000006ac 0x0262c2b3 M   div         x5, x5, x6
376 11565 0x000006b0 0x0262c2b3 M   div         x5, x5, x6
377 11600 0x000006b4 0x0262c2b3 M   div         x5, x5, x6
378 11635 0x000006b8 0x0262c2b3 M   div         x5, x5, x6
379 11670 0x000006bc 0x0262c2b3 M   div         x5, x5, x6
380 11705 0x000006c0 0x0262c2b3 M   div         x5, x5, x6
381 11740 0x000006c4 0x0262c2b3 M   div         x5, x5, x6
382 11775 0x000006c8 0x0262c2b3 M   div         x5, x5, x6
383 11810 0x000006cc 0x0262c2b3 M   div         x5, x5, x6
384 11845 0x000006d0 0x0262c2b3 M   div         x5, x5, x6
385 11880 0x000006d4 0x0262c2b3 M   div         x5, x5, x6
386 11915 0x000006d8 0x0262c2b3 M   div         x5, x5, x6
387 11950 0x000006dc 0x0262c2b3 M   div         x5, x5, x6
388 11985 0x000006e0 0x0262c2b3 M   div         x5, x5, x6
389 12020 0x000006e4 0x0262c2b3 M   div         x5, x5, x6
390 12055 0x000006e8 0x0262c2b3 M   div         x5, x5, x6
391 12090 0x000006ec 0x0262c2b3 M   div         x5, x5, x6
392 12125 0x000006f0 0x0262c2b3 M   div         x5, x5, x6
393 12160 0x000006f4 0x0262c2b3 M   div         x5, x5, x6
394 12195 0x000006f8 0x0262c2b3 M   div         x5, x5, x6
395 12230 0x000006fc 0x0262c2b3 M   div         x5, x5, x6
396 12265 0x00000700 0x0262c2b3 M   div         x5, x5, x6
397 12300 0x00000704 0x0262c2b3 M   div         x5, x5, x6
398 12335 0x00000708 0x0262c2b3 M   div         x5, x5, x6
399 12370 0x0000070c 0x0262c2b3 M   div         x5, x5, x6
400 12405 0x00000710 0x0262c2b3 M   div         x5, x5, x6
401 12440 0x00000714 0x0262c2b3 M   div         x5, x5, x6
402 12475 0x00000718 0x0262c2b3 M   div         x5, x5, x6
403 12510 0x0000071c 0x0262c2b3 M   div         x5, x5, x6
404 12545 0x00000720 0x0262c2b3 M   div         x5, x5, x6
405 12580 0x00000724 0x0262c2b3 M   div         x5, x5, x6
406 12615 0x00000728 0x0262c2b3 M   div         x5, x5, x6
407 12650 0x0000072c 0x0262c2b3 M   div         x5, x5, x6
408 12685 0x00000730 0x0262c2b3 M   div         x5, x5, x6
409 12720 0x00000734 0x0262c2b3 M   div         x5, x5, x6
410 12755 0x00000738 0x0262c2b3 M   div         x5, x5, x6
411 12790 0x0000073c 0x0262c2b3 M   div         x5, x5, x6
412 12825 0x00000740 0x0262c2b3 M   div         x5, x5, x6
413 12860 0x00000744 0x0262c2b3 M   div         x5, x5, x6
414 12895 0x00000748 0x0262c2b3 M   div         x5, x5, x6
415 12930 0x0000074c 0x0262c2b3 M   div         x5, x5, x6
416 12965 0x00000750 0x0262c2b3 M   div         x5, x5, x6
417 13000 0x00000754 0x0262c2b3 M   div         x5, x5, x6
418 13035 0x00000758 0x0262c2b3 M   div         x5, x5, x6
419 13070 0x0000075c 0x0262c2b3 M   div         x5, x5, x6
420 13105 0x00000760 0x0262c2b3 M   div         x5, x5, x6
421 13140 0x00000764 0x0262c2b3 M   div         x5, x5, x6
422 13175 0x00000768 0x0262c2b3 M   div         x5, x5, x6
423 13210 0x0000076c 0x0262c2b3 M   div         x5, x5, x6
424 13245 0x00000770 0x0262c2b3 M   div         x5, x5, x6
425 13280 0x00000774 0x0262c2b3 M   div         x5, x5, x6
426 13315 0x00000778 0x0262c2b3 M   div         x5, x5, x6
427 13350 0x0000077c 0x0262c2b3 M   div         x5, x5, x6
428 13385 0x00000780 0x0262c2b3 M   div         x5, x5, x6
429 13420 0x00000784 0x0262c2b3 M   div         x5, x5, x6
430 13455 0x00000788 0x0262c2b3 M   div         x5, x5, x6
431 13490 0x0000078c 0x0262c2b3 M   div         x5, x5, x6
432 13525 0x00000790 0x0262c2b3 M   div         x5, x5, x6
433 13560 0x00000794 0x0262c2b3 M   div         x5, x5, x6
434 13595 0x00000798 0x0262c2b3 M   div         x5, x5, x6
435 13630 0x0000079c 0x0262c2b3 M   div         x5, x5, x6
436 13665 0x000007a0 0x0262c2b3 M   div         x5, x5, x6
437 13700 0x000007a4 0x0262c2b3 M   div         x5, x5, x6
438 13735 0x000007a8 0x0262c2b3 M   div         x5, x5, x6
439 13770 0x000007ac 0x0262c2b3 M   div         x5, x5, x6
440 13805 0x000007b0 0x0262c2b3 M   div         x5, x5, x6
441 13840 0x000007b4 0x0262c2b3 M   div         x5, x5, x6
442 13875 0x000007b8 0x0262c2b3 M   div         x5, x5, x6
443 13910 0x000007bc 0x0262c2b3 M   div         x5, x5, x6
444 13945 0x000007c0 0x0262c2b3 M   div         x5, x5, x6
445 13980 0x000007c4 0x0262c2b3 M   div         x5, x5, x6
446 14015 0x000007c8 0x0262c2b3 M   div         x5, x5, x6
447 14050 0x000007cc 0x0262c2b3 M   div         x5, x5, x6
448 14085 0x000007d0 0x0262c2b3 M   div         x5, x5, x6
449 14120 0x000007d4 0x0262c2b3 M   div         x5, x5, x6
450 14155 0x000007d8 0x0262c2b3 M   div         x5, x5, x6
451 14190 0x000007dc 0x0262c2b3 M   div         x5, x5, x6
452 14225 0x000007e0 0x0262c2b3 M   div         x5, x5, x6
453 14260 0x000007e4 0x0262c2b3 M   div         x5, x5, x6
454 14295 0x000007e8 0x0262c2b3 M   div         x5, x5, x6
455 14330 0x000007ec 0x0262c2b3 M   div         x5, x5, x6
456 14365 0x000007f0 0x0262c2b3 M   div         x5, x5, x6
457 14400 0x000007f4 0x0262c2b3 M   div         x5, x5, x6
458 14435 0x000007f8 0x0262c2b3 M   div         x5, x5, x6
459 14470 0x000007fc 0x0262c2b3 M   div         x5, x5, x6
460 14505 0x00000800 0x0262c2b3 M   div         x5, x5, x6
461 14540 0x00000804 0x0262c2b3 M   div         x5, x5, x6
462 14575 0x00000808 0x0262c2b3 M   div         x5, x5, x6
463 14610 0x0000080c 0x0262c2b3 M   div         x5, x5, x6
464 14645 0x00000810 0x0262c2b3 M   div         x5, x5, x6
465 14680 0x00000814 0x0262c2b3 M   div         x5, x5, x6
466 14715 0x00000818 0x0262c2b3 M   div         x5, x5, x6
467 14750 0x0000081c 0x0262c2b3 M   div         x5, x5, x6
468 14785 0x00000820 0x0262c2b3 M   div         x5, x5, x6
469 14820 0x00000824 0x0262c2b3 M   div         x5, x5, x6
470 14855 0x00000828 0x0262c2b3 M   div         x5, x5, x6
471 14890 0x0000082c 0x0262c2b3 M   div         x5, x5, x6
472 14925 0x00000830 0x0262c2b3 M   div         x5, x5, x6
473 14960 0x00000834 0x0262c2b3 M   div         x5, x5, x6
474 14995 0x00000838 0x0262c2b3 M   div         x5, x5, x6
475 15030 0x0000083c 0x0262c2b3 M   div         x5, x5, x6
476 15065 0x00000840 0x0262c2b3 M   div         x5, x5, x6
477 15100 0x00000844 0x0262c2b3 M   div         x5, x5, x6
478 15135 0x00000848 0x0262c2b3 M   div         x5, x5, x6
479 15170 0x0000084c 0x0262c2b3 M   div         x5, x5, x6
480 15205 0x00000850 0x0262c2b3 M   div         x5, x5, x6
481 15240 0x00000854 0x0262c2b3 M   div         x5, x5, x6
482 15275 0x00000858 0x0262c2b3 M   div         x5, x5, x6
483 15310 0x0000085c 0x0262c2b3 M   div         x5, x5, x6
484 15345 0x00000860 0x0262c2b3 M   div         x5, x5, x6
485 15380 0x00000864 0x0262c2b3 M   div         x5, x5, x6
486 15415 0x00000868 0x0262c2b3 M   div         x5, x5, x6
487 15450 0x0000086c 0x0262c2b3 M   div         x5, x5, x6
488 15485 0x00000870 0x0262c2b3 M   div         x5, x5, x6
489 15520 0x00000874 0x0262c2b3 M   div         x5, x5, x6
490 15555 0x00000878 0x0262c2b3 M   div         x5, x5, x6
491 15590 0x0000087c 0x0262c2b3 M   div         x5, x5, x6
492 15625 0x00000880 0x0262c2b3 M   div         x5, x5, x6
493 15660 0x00000884 0x0262c2b3 M   div         x5, x5, x6
494 15695 0x00000888 0x0262c2b3 M   div         x5, x5, x6
495 15730 0x0000088c 0x0262c2b3 M   div         x5, x5, x6
496 15765 0x00000890 0x0262c2b3 M   div         x5, x5, x6
497 15800 0x00000894 0x0262c2b3 M   div         x5, x5, x6
498 15835 0x00000898 0x0262c2b3 M   div         x5, x5, x6
499 15870 0x0000089c 0x0262c2b3 M   div         x5, x5, x6
500 15905 0x000008a0 0x0262c2b3 M   div         x5, x5, x6
501 15940 0x000008a4 0x0262c2b3 M   div         x5, x5, x6
502 15975 0x000008a8 0x0262c2b3 M   div         x5, x5, x6
503 16010 0x000008ac 0x0262c2b3 M   div         x5, x5, x6
504 16045 0x000008b0 0x0262c2b3 M   div         x5, x5, x6
505 16080 0x000008b4 0x0262c2b3 M   div         x5, x5, x6
506 16115 0x000008b8 0x0262c2b3 M   div         x5, x5, x6
507 16150 0x000008bc 0x0262c2b3 M   div         x5, x5, x6
508 16185 0x000008c0 0x0262c2b3 M   div         x5, x5, x6
509 16220 0x000008c4 0x0262c2b3 M   div         x5, x5, x6
510 16255 0x000008c8 0x0262c2b3 M   div         x5, x5, x6
511 16290 0x000008cc 0x0262c2b3 M   div         x5, x5, x6
512 16325 0x000008d0 0x0262c2b3 M   div         x5, x5, x6
513 16360 0x000008d4 0x0262c2b3 M   div         x5, x5, x6
514 16395 0x000008d8 0x0262c2b3 M   div         x5, x5, x6
515 16430 0x000008dc 0x0262c2b3 M   div         x5, x5, x6
516 16465 0x000008e0 0x0262c2b3 M   div         x5, x5, x6
517 16500 0x000008e4 0x0262c2b3 M   div         x5, x5, x6
518 16535 0x000008e8 0x0262c2b3 M   div         x5, x5, x6
519 16570 0x000008ec 0x0262c2b3 M   div         x5, x5, x6
520 16605 0x000008f0 0x0262c2b3 M   div         x5, x5, x6
521 16640 0x000008f4 0x0262c2b3 M   div         x5, x5, x6
522 16675 0x000008f8 0x0262c2b3 M   div         x5, x5, x6
523 16710 0x000008fc 0x0262c2b3 M   div         x5, x5, x6
524 16745 0x00000900 0x0262c2b3 M   div         x5, x5, x6
525 16780 0x00000904 0x0262c2b3 M   div         x5, x5, x6
526 16815 0x00000908 0x0262c2b3 M   div         x5, x5, x6
527 16850 0x0000090c 0x0262c2b3 M   div         x5, x5, x6
528 16885 0x00000910 0x0262c2b3 M   div         x5, x5, x6
529 16920 0x00000914 0x0262c2b3 M   div         x5, x5, x6
530 16955 0x00000918 0x0262c2b3 M   div         x5, x5, x6
531 16990 0x0000091c 0x0262c2b3 M   div         x5, x5, x6
532 17025 0x00000920 0x0262c2b3 M   div         x5, x5, x6
533 17060 0x00000924 0x0262c2b3 M   div         x5, x5, x6
534 17095 0x00000928 0x0262c2b3 M   div         x5, x5, x6
535 17130 0x0000092c 0x0262c2b3 M   div         x5, x5, x6
536 17165 0x00000930 0x0262c2b3 M   div         x5, x5, x6
537 17200 0x00000934 0x0262c2b3 M   div         x5, x5, x6
538 17235 0x00000938 0x0262c2b3 M   div         x5, x5, x6
539 17270 0x0000093c 0x0262c2b3 M   div         x5, x5, x6
540 17305 0x00000940 0x0262c2b3 M   div         x5, x5, x6
541 17340 0x00000944 0x0262c2b3 M   div         x5, x5, x6
542 17375 0x00000948 0x0262c2b3 M   div         x5, x5, x6
543 17410 0x0000094c 0x0262c2b3 M   div         x5, x5, x6
544 17445 0x00000950 0x0262c2b3 M   div         x5, x5, x6
545 17480 0x00000954 0x0262c2b3 M   div         x5, x5, x6
546 17515 0x00000958 0x0262c2b3 M   div         x5, x5, x6
547 17550 0x0000095c 0x0262c2b3 M   div         x5, x5, x6
548 17585 0x00000960 0x0262c2b3 M   div         x5, x5, x6
549 17620 0x00000964 0x0262c2b3 M   div         x5, x5, x6
550 17655 0x00000968 0x0262c2b3 M   div         x5, x5, x6
551 17690 0x0000096c 0x0262c2b3 M   div         x5, x5, x6
552 17725 0x00000970 0x0262c2b3 M   div         x5, x5, x6
553 17760 0x00000974 0x0262c2b3 M   div         x5, x5, x6
554 17795 0x00000978 0x0262c2b3 M   div         x5, x5, x6
555 17830 0x0000097c 0x0262c2b3 M   div         x5, x5, x6
556 17865 0x00000980 0x0262c2b3 M   div         x5, x5, x6
557 17900 0x00000984 0x0262c2b3 M   div         x5, x5, x6
558 17935 0x00000988 0x0262c2b3 M   div         x5, x5, x6
559 17970 0x0000098c 0x0262c2b3 M   div         x5, x5, x6
560 18005 0x00000990 0x0262c2b3 M   div         x5, x5, x6
561 18040 0x00000994 0x0262c2b3 M   div         x5, x5, x6
562 18075 0x00000998 0x0262c2b3 M   div         x5, x5, x6
563 18110 0x0000099c 0x0262c2b3 M   div         x5, x5, x6
564 18145 0x000009a0 0x0262c2b3 M   div         x5, x5, x6
565 18180 0x000009a4 0x0262c2b3 M   div         x5, x5, x6
566 18215 0x000009a8 0x0262c2b3 M   div         x5, x5, x6
567 18250 0x000009ac 0x0262c2b3 M   div         x5, x5, x6
568 18285 0x000009b0 0x0262c2b3 M   div         x5, x5, x6
569 18320 0x000009b4 0x0262c2b3 M   div         x5, x5, x6
570 18355 0x000009b8 0x0262c2b3 M   div         x5, x5, x6
571 18390 0x000009bc 0x0262c2b3 M   div         x5, x5, x6
572 18425 0x000009c0 0x0262c2b3 M   div         x5, x5, x6
573 18460 0x000009c4 0x0262c2b3 M   div         x5, x5, x6
574 18495 0x000009c8 0x0262c2b3 M   div         x5, x5, x6
575 18530 0x000009cc 0x0262c2b3 M   div         x5, x5, x6
576 18565 0x000009d0 0x0262c2b3 M   div         x5, x5, x6
577 18600 0x000009d4 0x0262c2b3 M   div         x5, x5, x6
578 18635 0x000009d8 0x0262c2b3 M   div         x5, x5, x6
579 18670 0x000009dc 0x0262c2b3 M   div         x5, x5, x6
580 18705 0x000009e0 0x0262c2b3 M   div         x5, x5, x6
581 18740 0x000009e4 0x0262c2b3 M   div         x5, x5, x6
582 18775 0x000009e8 0x0262c2b3 M   div         x5, x5, x6
583 18810 0x000009ec 0x0262c2b3 M   div         x5, x5, x6
584 18845 0x000009f0 0x0262c2b3 M   div         x5, x5, x6
585 18880 0x000009f4 0x0262c2b3 M   div         x5, x5, x6
586 18915 0x000009f8 0x0262c2b3 M   div         x5, x5, x6
587 18950 0x000009fc 0x0262c2b3 M   div         x5, x5, x6
588 18985 0x00000a00 0x0262c2b3 M   div         x5, x5, x6
589 19020 0x00000a04 0x0262c2b3 M   div         x5, x5, x6
590 19055 0x00000a08 0x0262c2b3 M   div         x5, x5, x6
591 19090 0x00000a0c 0x0262c2b3 M   div         x5, x5, x6
592 19125 0x00000a10 0x0262c2b3 M   div         x5, x5, x6
593 19160 0x00000a14 0x0262c2b3 M   div         x5, x5, x6
594 19195 0x00000a18 0x0262c2b3 M   div         x5, x5, x6
595 19230 0x00000a1c 0x0262c2b3 M   div         x5, x5, x6
596 19265 0x00000a20 0x0262c2b3 M   div         x5, x5, x6
597 19300 0x00000a24 0x0262c2b3 M   div         x5, x5, x6
598 19335 0x00000a28 0x0262c2b3 M   div         x5, x5, x6
599 19370 0x00000a2c 0x0262c2b3 M   div         x5, x5, x6
600 19405 0x00000a30 0x0262c2b3 M   div         x5, x5, x6
601 19440 0x00000a34 0x0262c2b3 M   div         x5, x5, x6
602 19475 0x00000a38 0x0262c2b3 M   div         x5, x5, x6
603 19510 0x00000a3c 0x0262c2b3 M   div         x5, x5, x6
604 19545 0x00000a40 0x0262c2b3 M   div         x5, x5, x6
605 19580 0x00000a44 0x0262c2b3 M   div         x5, x5, x6
606 19615 0x00000a48 0x0262c2b3 M   div         x5, x5, x6
607 19650 0x00000a4c 0x0262c2b3 M   div         x5, x5, x6
608 19685 0x00000a50 0x0262c2b3 M   div         x5, x5, x6
609 19720 0x00000a54 0x0262c2b3 M   div         x5, x5, x6
610 19755 0x00000a58 0x0262c2b3 M   div         x5, x5, x6
611 19790 0x00000a5c 0x0262c2b3 M   div         x5, x5, x6
612 19825 0x00000a60 0x0262c2b3 M   div         x5, x5, x6
613 19860 0x00000a64 0x0262c2b3 M   div         x5, x5, x6
614 19895 0x00000a68 0x0262c2b3 M   div         x5, x5, x6
615 19930 0x00000a6c 0x0262c2b3 M   div         x5, x5, x6
616 19965 0x00000a70 0x0262c2b3 M   div         x5, x5, x6
617 20000 0x00000a74 0x0262c2b3 M   div         x5, x5, x6
618 20035 0x00000a78 0x0262c2b3 M   div         x5, x5, x6
619 20070 0x00000a7c 0x0262c2b3 M   div         x5, x5, x6
620 20105 0x00000a80 0x0262c2b3 M   div         x5, x5, x6
621 20140 0x00000a84 0x0262c2b3 M   div         x5, x5, x6
622 20175 0x00000a88 0x0262c2b3 M   div         x5, x5, x6
623 20210 0x00000a8c 0x0262c2b3 M   div         x5, x5, x6
624 20245 0x00000a90 0x0262c2b3 M   div         x5, x5, x6
625 20280 0x00000a94 0x0262c2b3 M   div         x5, x5, x6
626 20315 0x00000a98 0x0262c2b3 M   div         x5, x5, x6
627 20350 0x00000a9c 0x0262c2b3 M   div         x5, x5, x6
628 20385 0x00000aa0 0x0262c2b3 M   div         x5, x5, x6
629 20420 0x00000aa4 0x0262c2b3 M   div         x5, x5, x6
630 20455 0x00000aa8 0x0262c2b3 M   div         x5, x5, x6
631 20490 0x00000aac 0x0262c2b3 M   div         x5, x5, x6
632 20525 0x00000ab0 0x0262c2b3 M   div         x5, x5, x6
633 20560 0x00000ab4 0x0262c2b3 M   div         x5, x5, x6
634 20595 0x00000ab8 0x0262c2b3 M   div         x5, x5, x6
635 20630 0x00000abc 0x0262c2b3 M   div         x5, x5, x6
636 20665 0x00000ac0 0x0262c2b3 M   div         x5, x5, x6
637 20700 0x00000ac4 0x0262c2b3 M   div         x5, x5, x6
638 20735 0x00000ac8 0x0262c2b3 M   div         x5, x5, x6
639 20770 0x00000acc 0x0262c2b3 M   div         x5, x5, x6
640 20805 0x00000ad0 0x0262c2b3 M   div         x5, x5, x6
641 20840 0x00000ad4 0x0262c2b3 M   div         x5, x5, x6
642 20875 0x00000ad8 0x0262c2b3 M   div         x5, x5, x6
643 20910 0x00000adc 0x0262c2b3 M   div         x5, x5, x6
644 20945 0x00000ae0 0x0262c2b3 M   div         x5, x5, x6
645 20980 0x00000ae4 0x0262c2b3 M   div         x5, x5, x6
646 21015 0x00000ae8 0x0262c2b3 M   div         x5, x5, x6
647 21050 0x00000aec 0x0262c2b3 M   div         x5, x5, x6
648 21085 0x00000af0 0x0262c2b3 M   div         x5, x5, x6
649 21120 0x00000af4 0x0262c2b3 M   div         x5, x5, x6
650 21155 0x00000af8 0x0262c2b3 M   div         x5, x5, x6
651 21190 0x00000afc 0x0262c2b3 M   div         x5, x5, x6
652 21225 0x00000b00 0x0262c2b3 M   div         x5, x5, x6
653 21260 0x00000b04 0x0262c2b3 M   div         x5, x5, x6
654 21295 0x00000b08 0x0262c2b3 M   div         x5, x5, x6
655 21330 0x00000b0c 0x0262c2b3 M   div         x5, x5, x6
656 21365 0x00000b10 0x0262c2b3 M   div         x5, x5, x6
657 21400 0x00000b14 0x0262c2b3 M   div         x5, x5, x6
658 21435 0x00000b18 0x0262c2b3 M   div         x5, x5, x6
659 21470 0x00000b1c 0x0262c2b3 M   div         x5, x5, x6
660 21505 0x00000b20 0x0262c2b3 M   div         x5, x5, x6
661 21540 0x00000b24 0x0262c2b3 M   div         x5, x5, x6
662 21575 0x00000b28 0x0262c2b3 M   div         x5, x5, x6
663 21610 0x00000b2c 0x0262c2b3 M   div         x5, x5, x6
664 21645 0x00000b30 0x0262c2b3 M   div         x5, x5, x6
665 21680 0x00000b34 0x0262c2b3 M   div         x5, x5, x6
666 21715 0x00000b38 0x0262c2b3 M   div         x5, x5, x6
667 21750 0x00000b3c 0x0262c2b3 M   div         x5, x5, x6
668 21785 0x00000b40 0x0262c2b3 M   div         x5, x5, x6
669 21820 0x00000b44 0x0262c2b3 M   div         x5, x5, x6
670 21855 0x00000b48 0x0262c2b3 M   div         x5, x5, x6
671 21890 0x00000b4c 0x0262c2b3 M   div         x5, x5, x6
672 21925 0x00000b50 0x0262c2b3 M   div         x5, x5, x6
673 21960 0x00000b54 0x0262c2b3 M   div         x5, x5, x6
674 21995 0x00000b58 0x0262c2b3 M   div         x5, x5, x6
675 22030 0x00000b5c 0x0262c2b3 M   div         x5, x5, x6
676 22065 0x00000b60 0x0262c2b3 M   div         x5, x5, x6
677 22100 0x00000b64 0x0262c2b3 M   div         x5, x5, x6
678 22135 0x00000b68 0x0262c2b3 M   div         x5, x5, x6
679 22170 0x00000b6c 0x0262c2b3 M   div         x5, x5, x6
680 22205 0x00000b70 0x0262c2b3 M   div         x5, x5, x6
681 22240 0x00000b74 0x0262c2b3 M   div         x5, x5, x6
682 22275 0x00000b78 0x0262c2b3 M   div         x5, x5, x6
683 22310 0x00000b7c 0x0262c2b3 M   div         x5, x5, x6
684 22345 0x00000b80 0x0262c2b3 M   div         x5, x5, x6
685 22380 0x00000b84 0x0262c2b3 M   div         x5, x5, x6
686 22415 0x00000b88 0x0262c2b3 M   div         x5, x5, x6
687 22450 0x00000b8c 0x0262c2b3 M   div         x5, x5, x6
688 22485 0x00000b90 0x0262c2b3 M   div         x5, x5, x6
689 22520 0x00000b94 0x0262c2b3 M   div         x5, x5, x6
690 22555 0x00000b98 0x0262c2b3 M   div         x5, x5, x6
691 22590 0x00000b9c 0x0262c2b3 M   div         x5, x5, x6
692 22625 0x00000ba0 0x0262c2b3 M   div         x5, x5, x6
693 22660 0x00000ba4 0x0262c2b3 M   div         x5, x5, x6
694 22695 0x00000ba8 0x0262c2b3 M   div         x5, x5, x6
695 22730 0x00000bac 0x0262c2b3 M   div         x5, x5, x6
696 22765 0x00000bb0 0x0262c2b3 M   div         x5, x5, x6
697 22800 0x00000bb4 0x0262c2b3 M   div         x5, x5, x6
698 22835 0x00000bb8 0x0262c2b3 M   div         x5, x5, x6
699 22870 0x00000bbc 0x0262c2b3 M   div         x5, x5, x6
700 22905 0x00000bc0 0x0262c2b3 M   div         x5, x5, x6
701 22940 0x00000bc4 0x0262c2b3 M   div         x5, x5, x6
702 22975 0x00000bc8 0x0262c2b3 M   div         x5, x5, x6
703 23010 0x00000bcc 0x0262c2b3 M   div         x5, x5, x6
704 23045 0x00000bd0 0x0262c2b3 M   div         x5, x5, x6
705 23080 0x00000bd4 0x0262c2b3 M   div         x5, x5, x6
706 23115 0x00000bd8 0x0262c2b3 M   div         x5, x5, x6
707 23150 0x00000bdc 0x0262c2b3 M   div         x5, x5, x6
708 23185 0x00000be0 0x0262c2b3 M   div         x5, x5, x6
709 23220 0x00000be4 0x0262c2b3 M   div         x5, x5, x6
710 23255 0x00000be8 0x0262c2b3 M   div         x5, x5, x6
711 23290 0x00000bec 0x0262c2b3 M   div         x5, x5, x6
712 23325 0x00000bf0 0x0262c2b3 M   div         x5, x5, x6
713 23360 0x00000bf4 0x0262c2b3 M   div         x5, x5, x6
714 23395 0x00000bf8 0x0262c2b3 M   div         x5, x5, x6
715 23430 0x00000bfc 0x0262c2b3 M   div         x5, x5, x6
716 23465 0x00000c00 0x0262c2b3 M   div         x5, x5, x6
717 23500 0x00000c04 0x0262c2b3 M   div         x5, x5, x6
718 23535 0x00000c08 0x0262c2b3 M   div         x5, x5, x6
719 23570 0x00000c0c 0x0262c2b3 M   div         x5, x5, x6
720 23605 0x00000c10 0x0262c2b3 M   div         x5, x5, x6
721 23640 0x00000c14 0x0262c2b3 M   div         x5, x5, x6
722 23675 0x00000c18 0x0262c2b3 M   div         x5, x5, x6
723 23710 0x00000c1c 0x0262c2b3 M   div         x5, x5, x6
724 23745 0x00000c20 0x0262c2b3 M   div         x5, x5, x6
725 23780 0x00000c24 0x0262c2b3 M   div         x5, x5, x6
726 23815 0x00000c28 0x0262c2b3 M   div         x5, x5, x6
727 23850 0x00000c2c 0x0262c2b3 M   div         x5, x5, x6
728 23885 0x00000c30 0x0262c2b3 M   div         x5, x5, x6
729 23920 0x00000c34 0x0262c2b3 M   div         x5, x5, x6
730 23955 0x00000c38 0x0262c2b3 M   div         x5, x5, x6
731 23990 0x00000c3c 0x0262c2b3 M   div         x5, x5, x6
732 24025 0x00000c40 0x0262c2b3 M   div         x5, x5, x6
733 24060 0x00000c44 0x0262c2b3 M   div         x5, x5, x6
734 24095 0x00000c48 0x0262c2b3 M   div         x5, x5, x6
735 24130 0x00000c4c 0x0262c2b3 M   div         x5, x5, x6
736 24165 0x00000c50 0x0262c2b3 M   div         x5, x5, x6
737 24200 0x00000c54 0x0262c2b3 M   div         x5, x5, x6
738 24235 0x00000c58 0x0262c2b3 M   div         x5, x5, x6
739 24270 0x00000c5c 0x0262c2b3 M   div         x5, x5, x6
740 24305 0x00000c60 0x0262c2b3 M   div         x5, x5, x6
741 24340 0x00000c64 0x0262c2b3 M   div         x5, x5, x6
742 24375 0x00000c68 0x0262c2b3 M   div         x5, x5, x6
743 24410 0x00000c6c 0x0262c2b3 M   div         x5, x5, x6
744 24445 0x00000c70 0x0262c2b3 M   div         x5, x5, x6
745 24480 0x00000c74 0x0262c2b3 M   div         x5, x5, x6
746 24515 0x00000c78 0x0262c2b3 M   div         x5, x5, x6
747 24550 0x00000c7c 0x0262c2b3 M   div         x5, x5, x6
748 24585 0x00000c80 0x0262c2b3 M   div         x5, x5, x6
749 24620 0x00000c84 0x0262c2b3 M   div         x5, x5, x6
750 24655 0x00000c88 0x0262c2b3 M   div         x5, x5, x6
751 24690 0x00000c8c 0x0262c2b3 M   div         x5, x5, x6
752 24725 0x00000c90 0x0262c2b3 M   div         x5, x5, x6
753 24760 0x00000c94 0x0262c2b3 M   div         x5, x5, x6
754 24795 0x00000c98 0x0262c2b3 M   div         x5, x5, x6
755 24830 0x00000c9c 0x0262c2b3 M   div         x5, x5, x6
756 24865 0x00000ca0 0x0262c2b3 M   div         x5, x5, x6
757 24900 0x00000ca4 0x0262c2b3 M   div         x5, x5, x6
758 24935 0x00000ca8 0x0262c2b3 M   div         x5, x5, x6
759 24970 0x00000cac 0x0262c2b3 M   div         x5, x5, x6
760 25005 0x00000cb0 0x0262c2b3 M   div         x5, x5, x6
761 25040 0x00000cb4 0x0262c2b3 M   div         x5, x5, x6
762 25075 0x00000cb8 0x0262c2b3 M   div         x5, x5, x6
763 25110 0x00000cbc 0x0262c2b3 M   div         x5, x5, x6
764 25145 0x00000cc0 0x0262c2b3 M   div         x5, x5, x6
765 25180 0x00000cc4 0x0262c2b3 M   div         x5, x5, x6
766 25215 0x00000cc8 0x0262c2b3 M   div         x5, x5, x6
767 25250 0x00000ccc 0x0262c2b3 M   div         x5, x5, x6
768 25285 0x00000cd0 0x0262c2b3 M   div         x5, x5, x6
769 25320 0x00000cd4 0x0262c2b3 M   div         x5, x5, x6
770 25355 0x00000cd8 0x0262c2b3 M   div         x5, x5, x6
771 25390 0x00000cdc 0x0262c2b3 M   div         x5, x5, x6
772 25425 0x00000ce0 0x0262c2b3 M   div         x5, x5, x6
773 25460 0x00000ce4 0x0262c2b3 M   div         x5, x5, x6
774 25495 0x00000ce8 0x0262c2b3 M   div         x5, x5, x6
775 25530 0x00000cec 0x0262c2b3 M   div         x5, x5, x6
776 25565 0x00000cf0 0x0262c2b3 M   div         x5, x5, x6
777 25600 0x00000cf4 0x0262c2b3 M   div         x5, x5, x6
778 25635 0x00000cf8 0x0262c2b3 M   div         x5, x5, x6
779 25670 0x00000cfc 0x0262c2b3 M   div         x5, x5, x6
780 25705 0x00000d00 0x0262c2b3 M   div         x5, x5, x6
781 25740 0x00000d04 0x0262c2b3 M   div         x5, x5, x6
782 25775 0x00000d08 0x0262c2b3 M   div         x5, x5, x6
783 25810 0x00000d0c 0x0262c2b3 M   div         x5, x5, x6
784 25845 0x00000d10 0x0262c2b3 M   div         x5, x5, x6
785 25880 0x00000d14 0x0262c2b3 M   div         x5, x5, x6
786 25915 0x00000d18 0x0262c2b3 M   div         x5, x5, x6
787 25950 0x00000d1c 0x0262c2b3 M   div         x5, x5, x6
788 25985 0x00000d20 0x0262c2b3 M   div         x5, x5, x6
789 26020 0x00000d24 0x0262c2b3 M   div         x5, x5, x6
790 26055 0x00000d28 0x0262c2b3 M   div         x5, x5, x6
791 26090 0x00000d2c 0x0262c2b3 M   div         x5, x5, x6
792 26125 0x00000d30 0x0262c2b3 M   div         x5, x5, x6
793 26160 0x00000d34 0x0262c2b3 M   div         x5, x5, x6
794 26195 0x00000d38 0x0262c2b3 M   div         x5, x5, x6
795 26230 0x00000d3c 0x0262c2b3 M   div         x5, x5, x6
796 26265 0x00000d40 0x0262c2b3 M   div         x5, x5, x6
797 26300 0x00000d44 0x0262c2b3 M   div         x5, x5, x6
798 26335 0x00000d48 0x0262c2b3 M   div         x5, x5, x6
799 26370 0x00000d4c 0x0262c2b3 M   div         x5, x5, x6
800 26405 0x00000d50 0x0262c2b3 M   div         x5, x5, x6
801 26440 0x00000d54 0x0262c2b3 M   div         x5, x5, x6
802 26475 0x00000d58 0x0262c2b3 M   div         x5, x5, x6
803 26510 0x00000d5c 0x0262c2b3 M   div         x5, x5, x6
804 26545 0x00000d60 0x0262c2b3 M   div         x5, x5, x6
805 26580 0x00000d64 0x0262c2b3 M   div         x5, x5, x6
806 26615 0x00000d68 0x0262c2b3 M   div         x5, x5, x6
807 26650 0x00000d6c 0x0262c2b3 M   div         x5, x5, x6
808 26685 0x00000d70 0x0262c2b3 M   div         x5, x5, x6
809 26720 0x00000d74 0x0262c2b3 M   div         x5, x5, x6
810 26755 0x00000d78 0x0262c2b3 M   div         x5, x5, x6
811 26790 0x00000d7c 0x0262c2b3 M   div         x5, x5, x6
812 26825 0x00000d80 0x0262c2b3 M   div         x5, x5, x6
813 26860 0x00000d84 0x0262c2b3 M   div         x5, x5, x6
814 26895 0x00000d88 0x0262c2b3 M   div         x5, x5, x6
815 26930 0x00000d8c 0x0262c2b3 M   div         x5, x5, x6
816 26965 0x00000d90 0x0262c2b3 M   div         x5, x5, x6
817 27000 0x00000d94 0x0262c2b3 M   div         x5, x5, x6
818 27035 0x00000d98 0x0262c2b3 M   div         x5, x5, x6
819 27070 0x00000d9c 0x0262c2b3 M   div         x5, x5, x6
820 27105 0x00000da0 0x0262c2b3 M   div         x5, x5, x6
821 27140 0x00000da4 0x0262c2b3 M   div         x5, x5, x6
822 27175 0x00000da8 0x0262c2b3 M   div         x5, x5, x6
823 27210 0x00000dac 0x0262c2b3 M   div         x5, x5, x6
824 27245 0x00000db0 0x0262c2b3 M   div         x5, x5, x6
825 27280 0x00000db4 0x0262c2b3 M   div         x5, x5, x6
826 27315 0x00000db8 0x0262c2b3 M   div         x5, x5, x6
827 27350 0x00000dbc 0x0262c2b3 M   div         x5, x5, x6
828 27385 0x00000dc0 0x0262c2b3 M   div         x5, x5, x6
829 27420 0x00000dc4 0x0262c2b3 M   div         x5, x5, x6
830 27455 0x00000dc8 0x0262c2b3 M   div         x5, x5, x6
831 27490 0x00000dcc 0x0262c2b3 M   div         x5, x5, x6
832 27525 0x00000dd0 0x0262c2b3 M   div         x5, x5, x6
833 27560 0x00000dd4 0x0262c2b3 M   div         x5, x5, x6
834 27595 0x00000dd8 0x0262c2b3 M   div         x5, x5, x6
835 27630 0x00000ddc 0x0262c2b3 M   div         x5, x5, x6
836 27665 0x00000de0 0x0262c2b3 M   div         x5, x5, x6
837 27700 0x00000de4 0x0262c2b3 M   div         x5, x5, x6
838 27735 0x00000de8 0x0262c2b3 M   div         x5, x5, x6
839 27770 0x00000dec 0x0262c2b3 M   div         x5, x5, x6
840 27805 0x00000df0 0x0262c2b3 M   div         x5, x5, x6
841 27840 0x00000df4 0x0262c2b3 M   div         x5, x5, x6
842 27875 0x00000df8 0x0262c2b3 M   div         x5, x5, x6
843 27910 0x00000dfc 0x0262c2b3 M   div         x5, x5, x6
844 27945 0x00000e00 0x0262c2b3 M   div         x5, x5, x6
845 27980 0x00000e04 0x0262c2b3 M   div         x5, x5, x6
846 28015 0x00000e08 0x0262c2b3 M   div         x5, x5, x6
847 28050 0x00000e0c 0x0262c2b3 M   div         x5, x5, x6
848 28085 0x00000e10 0x0262c2b3 M   div         x5, x5, x6
849 28120 0x00000e14 0x0262c2b3 M   div         x5, x5, x6
850 28155 0x00000e18 0x0262c2b3 M   div         x5, x5, x6
851 28190 0x00000e1c 0x0262c2b3 M   div         x5, x5, x6
852 28225 0x00000e20 0x0262c2b3 M   div         x5, x5, x6
853 28260 0x00000e24 0x0262c2b3 M   div         x5, x5, x6
854 28295 0x00000e28 0x0262c2b3 M   div         x5, x5, x6
855 28330 0x00000e2c 0x0262c2b3 M   div         x5, x5, x6
856 28365 0x00000e30 0x0262c2b3 M   div         x5, x5, x6
857 28400 0x00000e34 0x0262c2b3 M   div         x5, x5, x6
858 28435 0x00000e38 0x0262c2b3 M   div         x5, x5, x6
859 28470 0x00000e3c 0x0262c2b3 M   div         x5, x5, x6
860 28505 0x00000e40 0x0262c2b3 M   div         x5, x5, x6
861 28540 0x00000e44 0x0262c2b3 M   div         x5, x5, x6
862 28575 0x00000e48 0x0262c2b3 M   div         x5, x5, x6
863 28610 0x00000e4c 0x0262c2b3 M   div         x5, x5, x6
864 28645 0x00000e50 0x0262c2b3 M   div         x5, x5, x6
865 28680 0x00000e54 0x0262c2b3 M   div         x5, x5, x6
866 28715 0x00000e58 0x0262c2b3 M   div         x5, x5, x6
867 28750 0x00000e5c 0x0262c2b3 M   div         x5, x5, x6
868 28785 0x00000e60 0x0262c2b3 M   div         x5, x5, x6
869 28820 0x00000e64 0x0262c2b3 M   div         x5, x5, x6
870 28855 0x00000e68 0x0262c2b3 M   div         x5, x5, x6
871 28890 0x00000e6c 0x0262c2b3 M   div         x5, x5, x6
872 28925 0x00000e70 0x0262c2b3 M   div         x5, x5, x6
873 28960 0x00000e74 0x0262c2b3 M   div         x5, x5, x6
874 28995 0x00000e78 0x0262c2b3 M   div         x5, x5, x6
875 29030 0x00000e7c 0x0262c2b3 M   div         x5, x5, x6
876 29065 0x00000e80 0x0262c2b3 M   div         x5, x5, x6
877 29100 0x00000e84 0x0262c2b3 M   div         x5, x5, x6
878 29135 0x00000e88 0x0262c2b3 M   div         x5, x5, x6
879 29170 0x00000e8c 0x0262c2b3 M   div         x5, x5, x6
880 29205 0x00000e90 0x0262c2b3 M   div         x5, x5, x6
881 29240 0x00000e94 0x0262c2b3 M   div         x5, x5, x6
882 29275 0x00000e98 0x0262c2b3 M   div         x5, x5, x6
883 29310 0x00000e9c 0x0262c2b3 M   div         x5, x5, x6
884 29345 0x00000ea0 0x0262c2b3 M   div         x5, x5, x6
885 29380 0x00000ea4 0x0262c2b3 M   div         x5, x5, x6
886 29415 0x00000ea8 0x0262c2b3 M   div         x5, x5, x6
887 29450 0x00000eac 0x0262c2b3 M   div         x5, x5, x6
888 29485 0x00000eb0 0x0262c2b3 M   div         x5, x5, x6
889 29520 0x00000eb4 0x0262c2b3 M   div         x5, x5, x6
890 29555 0x00000eb8 0x0262c2b3 M   div         x5, x5, x6
891 29590 0x00000ebc 0x0262c2b3 M   div         x5, x5, x6
892 29625 0x00000ec0 0x0262c2b3 M   div         x5, x5, x6
893 29660 0x00000ec4 0x0262c2b3 M   div         x5, x5, x6
894 29695 0x00000ec8 0x0262c2b3 M   div         x5, x5, x6
895 29730 0x00000ecc 0x0262c2b3 M   div         x5, x5, x6
896 29765 0x00000ed0 0x0262c2b3 M   div         x5, x5, x6
897 29800 0x00000ed4 0x0262c2b3 M   div         x5, x5, x6
898 29835 0x00000ed8 0x0262c2b3 M   div         x5, x5, x6
899 29870 0x00000edc 0x0262c2b3 M   div         x5, x5, x6
900 29905 0x00000ee0 0x0262c2b3 M   div         x5, x5, x6
901 29940 0x00000ee4 0x0262c2b3 M   div         x5, x5, x6
902 29975 0x00000ee8 0x0262c2b3 M   div         x5, x5, x6
903 30010 0x00000eec 0x0262c2b3 M   div         x5, x5, x6
904 30045 0x00000ef0 0x0262c2b3 M   div         x5, x5, x6
905 30080 0x00000ef4 0x0262c2b3 M   div         x5, x5, x6
906 30115 0x00000ef8 0x0262c2b3 M   div         x5, x5, x6
907 30150 0x00000efc 0x0262c2b3 M   div         x5, x5, x6
908 30185 0x00000f00 0x0262c2b3 M   div         x5, x5, x6
909 30220 0x00000f04 0x0262c2b3 M   div         x5, x5, x6
910 30255 0x00000f08 0x0262c2b3 M   div         x5, x5, x6
911 30290 0x00000f0c 0x0262c2b3 M   div         x5, x5, x6
912 30325 0x00000f10 0x0262c2b3 M   div         x5, x5, x6
913 30360 0x00000f14 0x0262c2b3 M   div         x5, x5, x6
914 30395 0x00000f18 0x0262c2b3 M   div         x5, x5, x6
915 30430 0x00000f1c 0x0262c2b3 M   div         x5, x5, x6
916 30465 0x00000f20 0x0262c2b3 M   div         x5, x5, x6
917 30500 0x00000f24 0x0262c2b3 M   div         x5, x5, x6
918 30535 0x00000f28 0x0262c2b3 M   div         x5, x5, x6
919 30570 0x00000f2c 0x0262c2b3 M   div         x5, x5, x6
920 30605 0x00000f30 0x0262c2b3 M   div         x5, x5, x6
921 30640 0x00000f34 0x0262c2b3 M   div         x5, x5, x6
922 30675 0x00000f38 0x0262c2b3 M   div         x5, x5, x6
923 30710 0x00000f3c 0x0262c2b3 M   div         x5, x5, x6
924 30745 0x00000f40 0x0262c2b3 M   div         x5, x5, x6
925 30780 0x00000f44 0x0262c2b3 M   div         x5, x5, x6
926 30815 0x00000f48 0x0262c2b3 M   div         x5, x5, x6
927 30850 0x00000f4c 0x0262c2b3 M   div         x5, x5, x6
928 30885 0x00000f50 0x0262c2b3 M   div         x5, x5, x6
929 30920 0x00000f54 0x0262c2b3 M   div         x5, x5, x6
930 30955 0x00000f58 0x0262c2b3 M   div         x5, x5, x6
931 30990 0x00000f5c 0x0262c2b3 M   div         x5, x5, x6
932 31025 0x00000f60 0x0262c2b3 M   div         x5, x5, x6
933 31060 0x00000f64 0x0262c2b3 M   div         x5, x5, x6
934 31095 0x00000f68 0x0262c2b3 M   div         x5, x5, x6
935 31130 0x00000f6c 0x0262c2b3 M   div         x5, x5, x6
936 31165 0x00000f70 0x0262c2b3 M   div         x5, x5, x6
937 31200 0x00000f74 0x0262c2b3 M   div         x5, x5, x6
938 31235 0x00000f78 0x0262c2b3 M   div         x5, x5, x6
939 31270 0x00000f7c 0x0262c2b3 M   div         x5, x5, x6
940 31305 0x00000f80 0x0262c2b3 M   div         x5, x5, x6
941 31340 0x00000f84 0x0262c2b3 M   div         x5, x5, x6
942 31375 0x00000f88 0x0262c2b3 M   div         x5, x5, x6
943 31410 0x00000f8c 0x0262c2b3 M   div         x5, x5, x6
944 31445 0x00000f90 0x0262c2b3 M   div         x5, x5, x6
945 31480 0x00000f94 0x0262c2b3 M   div         x5, x5, x6
946 31515 0x00000f98 0x0262c2b3 M   div         x5, x5, x6
947 31550 0x00000f9c 0x0262c2b3 M   div         x5, x5, x6
948 31585 0x00000fa0 0x0262c2b3 M   div         x5, x5, x6
949 31620 0x00000fa4 0x0262c2b3 M   div         x5, x5, x6
950 31655 0x00000fa8 0x0262c2b3 M   div         x5, x5, x6
951 31690 0x00000fac 0x0262c2b3 M   div         x5, x5, x6
952 31725 0x00000fb0 0x0262c2b3 M   div         x5, x5, x6
953 31760 0x00000fb4 0x0262c2b3 M   div         x5, x5, x6
954 31795 0x00000fb8 0x0262c2b3 M   div         x5, x5, x6
955 31830 0x00000fbc 0x0262c2b3 M   div         x5, x5, x6
956 31865 0x00000fc0 0x0262c2b3 M   div         x5, x5, x6
957 31900 0x00000fc4 0x0262c2b3 M   div         x5, x5, x6
958 31935 0x00000fc8 0x0262c2b3 M   div         x5, x5, x6
959 31970 0x00000fcc 0x0262c2b3 M   div         x5, x5, x6
960 32005 0x00000fd0 0x0262c2b3 M   div         x5, x5, x6
961 32040 0x00000fd4 0x0262c2b3 M   div         x5, x5, x6
962 32075 0x00000fd8 0x0262c2b3 M   div         x5, x5, x6
963 32110 0x00000fdc 0x0262c2b3 M   div         x5, x5, x6
964 32145 0x00000fe0 0x0262c2b3 M   div         x5, x5, x6
965 32180 0x00000fe4 0x0262c2b3 M   div         x5, x5, x6
966 32215 0x00000fe8 0x0262c2b3 M   div         x5, x5, x6
967 32250 0x00000fec 0x0262c2b3 M   div         x5, x5, x6
968 32285 0x00000ff0 0x0262c2b3 M   div         x5, x5, x6
969 32320 0x00000ff4 0x0262c2b3 M   div         x5, x5, x6
970 32355 0x00000ff8 0x0262c2b3 M   div         x5, x5, x6
971 32390 0x00000ffc 0x0262c2b3 M   div         x5, x5, x6
972 32425 0x00001000 0x0262c2b3 M   div         x5, x5, x6
973 32460 0x00001004 0x0262c2b3 M   div         x5, x5, x6
974 32495 0x00001008 0x0262c2b3 M   div         x5, x5, x6
975 32530 0x0000100c 0x0262c2b3 M   div         x5, x5, x6
976 32565 0x00001010 0x0262c2b3 M   div         x5, x5, x6
977 32600 0x00001014 0x0262c2b3 M   div         x5, x5, x6
978 32635 0x00001018 0x0262c2b3 M   div         x5, x5, x6
979 32670 0x0000101c 0x0262c2b3 M   div         x5, x5, x6
980 32705 0x00001020 0x0262c2b3 M   div         x5, x5, x6
981 32740 0x00001024 0x0262c2b3 M   div         x5, x5, x6
982 32775 0x00001028 0x0262c2b3 M   div         x5, x5, x6
983 32810 0x0000102c 0x0262c2b3 M   div         x5, x5, x6
984 32845 0x00001030 0x0262c2b3 M   div         x5, x5, x6
985 32880 0x00001034 0x0262c2b3 M   div         x5, x5, x6
986 32915 0x00001038 0x0262c2b3 M   div         x5, x5, x6
987 32950 0x0000103c 0x0262c2b3 M   div         x5, x5, x6
988 32985 0x00001040 0x0262c2b3 M   div         x5, x5, x6
989 33020 0x00001044 0x0262c2b3 M   div         x5, x5, x6
990 33055 0x00001048 0x0262c2b3 M   div         x5, x5, x6
991 33090 0x0000104c 0x0262c2b3 M   div         x5, x5, x6
992 33125 0x00001050 0x0262c2b3 M   div         x5, x5, x6
993 33160 0x00001054 0x0262c2b3 M   div         x5, x5, x6
994 33195 0x00001058 0x0262c2b3 M   div         x5, x5, x6
995 33230 0x0000105c 0x0262c2b3 M   div         x5, x5, x6
996 33265 0x00001060 0x0262c2b3 M   div         x5, x5, x6
997 33300 0x00001064 0x0262c2b3 M   div         x5, x5, x6
998 33335 0x00001068 0x0262c2b3 M   div         x5, x5, x6
999 33370 0x0000106c 0x0262c2b3 M   div         x5, x5, x6
1000 33405 0x00001070 0x0262c2b3 M   div         x5, x5, x6
1001 33440 0x00001074 0x0262c2b3 M   div         x5, x5, x6
1002 33475 0x00001078 0x0262c2b3 M   div         x5, x5, x6
1003 33510 0x0000107c 0x0262c2b3 M   div         x5, x5, x6
1004 33545 0x00001080 0x0262c2b3 M   div         x5, x5, x6
1005 33580 0x00001084 0x0262c2b3 M   div         x5, x5, x6
1006 33615 0x00001088 0x0262c2b3 M   div         x5, x5, x6
1007 33650 0x0000108c 0x0262c2b3 M   div         x5, x5, x6
1008 33685 0x00001090 0x0262c2b3 M   div         x5, x5, x6
1009 33720 0x00001094 0x0262c2b3 M   div         x5, x5, x6
1010 33755 0x00001098 0x0262c2b3 M   div         x5, x5, x6
1011 33790 0x0000109c 0x0262c2b3 M   div         x5, x5, x6
1012 33825 0x000010a0 0x0262c2b3 M   div         x5, x5, x6
1013 33860 0x000010a4 0x0262c2b3 M   div         x5, x5, x6
1014 33895 0x000010a8 0x0262c2b3 M   div         x5, x5, x6
1015 33930 0x000010ac 0x0262c2b3 M   div         x5, x5, x6
1016 33965 0x000010b0 0x0262c2b3 M   div         x5, x5, x6
1017 34000 0x000010b4 0x0262c2b3 M   div         x5, x5, x6
1018 34035 0x000010b8 0x0262c2b3 M   div         x5, x5, x6
1019 34070 0x000010bc 0x0262c2b3 M   div         x5, x5, x6
1020 34105 0x000010c0 0x0262c2b3 M   div         x5, x5, x6
1021 34140 0x000010c4 0x0262c2b3 M   div         x5, x5, x6
1022 34175 0x000010c8 0x0262c2b3 M   div         x5, x5, x6
1023 34210 0x000010cc 0x0262c2b3 M   div         x5, x5, x6
1024 34245 0x000010d0 0x0262c2b3 M   div         x5, x5, x6
1025 34280 0x000010d4 0x0262c2b3 M   div         x5, x5, x6
1026 34315 0x000010d8 0x0262c2b3 M   div         x5, x5, x6
1027 34350 0x000010dc 0x0262c2b3 M   div         x5, x5, x6
1028 34385 0x000010e0 0x0262c2b3 M   div         x5, x5, x6
1029 34420 0x000010e4 0x0262c2b3 M   div         x5, x5, x6
1030 34455 0x000010e8 0x0262c2b3 M   div         x5, x5, x6
1031 34490 0x000010ec 0x0262c2b3 M   div         x5, x5, x6
1032 34525 0x000010f0 0x0262c2b3 M   div         x5, x5, x6
1033 34560 0x000010f4 0x0262c2b3 M   div         x5, x5, x6
1034 34595 0x000010f8 0x0262c2b3 M   div         x5, x5, x6
1035 34630 0x000010fc 0x0262c2b3 M   div         x5, x5, x6
1036 34665 0x00001100 0x0262c2b3 M   div         x5, x5, x6
1037 34700 0x00001104 0x0262c2b3 M   div         x5, x5, x6
1038 34735 0x00001108 0x0262c2b3 M   div         x5, x5, x6
1039 34770 0x0000110c 0x0262c2b3 M   div         x5, x5, x6
1040 34805 0x00001110 0x0262c2b3 M   div         x5, x5, x6
1041 34840 0x00001114 0x0262c2b3 M   div         x5, x5, x6
1042 34875 0x00001118 0x0262c2b3 M   div         x5, x5, x6
1043 34910 0x0000111c 0x0262c2b3 M   div         x5, x5, x6
1044 34945 0x00001120 0x0262c2b3 M   div         x5, x5, x6
1045 34980 0x00001124 0x0262c2b3 M   div         x5, x5, x6
1046 35015 0x00001128 0x0262c2b3 M   div         x5, x5, x6
1047 35050 0x0000112c 0x0262c2b3 M   div         x5, x5, x6
1048 35085 0x00001130 0x0262c2b3 M   div         x5, x5, x6
1049 35120 0x00001134 0x0262c2b3 M   div         x5, x5, x6
1050 35155 0x00001138 0x0262c2b3 M   div         x5, x5, x6
1051 35190 0x0000113c 0x0262c2b3 M   div         x5, x5, x6
1052 35225 0x00001140 0x0262c2b3 M   div         x5, x5, x6
1053 35260 0x00001144 0x0262c2b3 M   div         x5, x5, x6
1054 35295 0x00001148 0x0262c2b3 M   div         x5, x5, x6
1055 35330 0x0000114c 0x0262c2b3 M   div         x5, x5, x6
1056 35365 0x00001150 0x0262c2b3 M   div         x5, x5, x6
1057 35400 0x00001154 0x0262c2b3 M   div         x5, x5, x6
1058 35435 0x00001158 0x0262c2b3 M   div         x5, x5, x6
1059 35470 0x0000115c 0x0262c2b3 M   div         x5, x5, x6
1060 35505 0x00001160 0x0262c2b3 M   div         x5, x5, x6
1061 35540 0x00001164 0x0262c2b3 M   div         x5, x5, x6
1062 35542 0x00001168 0x00000513 M   addi        x10, x0, 0
1063 35545 0x0000116c 0x00008067 M   jalr        x0, 0(x1)
1064 35563 0x0000015c 0x30047073 M   csrrci      x0, mstatus, 8
1065 35577 0x00000160 0x30401073 M   csrrw       x0, mie, x0
1066 35579 0x00000164 0x00000597 M   auipc       x11, 0x00000000
1067 35581 0x00000168 0x05058593 M   addi        x11, x11, 80
1068 35584 0x0000016c 0x30559073 M   csrrw       x0, mtvec, x11
1069 35587 0x00000170 0x34051073 M   csrrw       x0, mscratch, x10
1070 35590 0x00000174 0xf1402473 M   csrrs       x8, mhartid, x0
1071 35593 0x00000178 0x02041463 M   bne         x8, x0, 40
1072 35595 0x0000017c 0x00001417 M   auipc       x8, 0x00001000
1073 35607 0x00000180 0xff440413 M   addi        x8, x8, -12
1074 35609 0x00000184 0x00001497 M   auipc       x9, 0x00001000
1075 35611 0x00000188 0xfec48493 M   addi        x9, x9, -20
1076 35614 0x0000018c 0x00945a63 M   bge         x8, x9, 20
1077 35633 0x000001a0 0xf1402473 M   csrrs       x8, mhartid, x0
1078 35636 0x000001a4 0x00041463 M   bne         x8, x0, 8
1079 35639 0x000001a8 0x00100073 M   ebreak      
1080 35648 0x000001b4 0x10500073 M   wfi          <TRAP_ENTRY>
