0 30 0x00000000 0xf14020f3 M   csrrs       x1, mhartid, x0
1 32 0x00000004 0x80002217 M   auipc       x4, 0x80002000
2 34 0x00000008 0xffc20213 M   addi        x4, x4, -4
3 36 0x0000000c 0xff027113 M   andi        x2, x4, -16
4 38 0x00000010 0x80000197 M   auipc       x3, 0x80000000
5 40 0x00000014 0x7f018193 M   addi        x3, x3, 2032
6 42 0x00000018 0x000022b7 M   lui         x5, 0x00002000
7 44 0x0000001c 0x80028293 M   addi        x5, x5, -2048
8 58 0x00000020 0x30029073 M   csrrw       x0, mstatus, x5
9 60 0x00000024 0x00000317 M   auipc       x6, 0x00000000
10 62 0x00000028 0x19430313 M   addi        x6, x6, 404
11 65 0x0000002c 0x30531073 M   csrrw       x0, mtvec, x6
12 68 0x00000030 0x30401073 M   csrrw       x0, mie, x0
13 70 0x00000034 0x00001397 M   auipc       x7, 0x00001000
14 72 0x00000038 0x14c38393 M   addi        x7, x7, 332
15 74 0x0000003c 0x80000417 M   auipc       x8, 0x80000000
16 87 0x00000040 0xfc440413 M   addi        x8, x8, -60
17 89 0x00000044 0x80000497 M   auipc       x9, 0x80000000
18 91 0x00000048 0xfbc48493 M   addi        x9, x9, -68
19 93 0x0000004c 0x80000517 M   auipc       x10, 0x80000000
20 95 0x00000050 0xfb450513 M   addi        x10, x10, -76
21 97 0x00000054 0x80000597 M   auipc       x11, 0x80000000
22 99 0x00000058 0xfac58593 M   addi        x11, x11, -84
23 101 0x0000005c 0x00000613 M   addi        x12, x0, 0
24 115 0x00000060 0x00000693 M   addi        x13, x0, 0
25 117 0x00000064 0x00000713 M   addi        x14, x0, 0
26 119 0x00000068 0x00000793 M   addi        x15, x0, 0
27 121 0x0000006c 0x00000813 M   addi        x16, x0, 0
28 123 0x00000070 0x00000893 M   addi        x17, x0, 0
29 125 0x00000074 0x00000913 M   addi        x18, x0, 0
30 127 0x00000078 0x00000993 M   addi        x19, x0, 0
31 129 0x0000007c 0x00000a13 M   addi        x20, x0, 0
32 143 0x00000080 0x00000a93 M   addi        x21, x0, 0
33 145 0x00000084 0x00000b13 M   addi        x22, x0, 0
34 147 0x00000088 0x00000b93 M   addi        x23, x0, 0
35 149 0x0000008c 0x00000c13 M   addi        x24, x0, 0
36 151 0x00000090 0x00000c93 M   addi        x25, x0, 0
37 153 0x00000094 0x00000d13 M   addi        x26, x0, 0
38 155 0x00000098 0x00000d93 M   addi        x27, x0, 0
39 157 0x0000009c 0x00000e13 M   addi        x28, x0, 0
40 171 0x000000a0 0x00000e93 M   addi        x29, x0, 0
41 173 0x000000a4 0x00000f13 M   addi        x30, x0, 0
42 175 0x000000a8 0x00000f93 M   addi        x31, x0, 0
43 178 0x000000ac 0x04008463 M   beq         x1, x0, 72
44 200 0x000000f4 0x00838e63 M   beq         x7, x8, 28
45 203 0x000000f8 0x00945c63 M   bge         x8, x9, 24
46 221 0x00000110 0x00b55863 M   bge         x10, x11, 16
47 239 0x00000120 0x00001417 M   auipc       x8, 0x00001000
48 241 0x00000124 0x06040413 M   addi        x8, x8, 96
49 243 0x00000128 0x00001497 M   auipc       x9, 0x00001000
50 245 0x0000012c 0x05848493 M   addi        x9, x9, 88
51 248 0x00000130 0x00945a63 M   bge         x8, x9, 20
52 266 0x00000144 0x00000617 M   auipc       x12, 0x00000000
53 268 0x00000148 0x07c60613 M   addi        x12, x12, 124
54 271 0x0000014c 0x0ff0000f M   fence       
55 278 0x00000150 0x0000100f M   fence.i     
56 489 0x00000154 0x00000513 M   addi        x10, x0, 0
57 491 0x00000158 0x00000593 M   addi        x11, x0, 0
58 494 0x0000015c 0x000600e7 M   jalr        x1, 0(x12)
59 522 0x000001c0 0x123452b7 M   lui         x5, 0x12345000
60 524 0x000001c4 0x67828293 M   addi        x5, x5, 1656
61 526 0x000001c8 0x00000313 M   addi        x6, x0, 0
62 529 0x000001cc 0xc0002473 M   csrrs       x8, cycle, x0
63 533 0x000001d0 0x6062d3b3 M   ror         x7, x5, x6
64 537 0x000001d4 0x6062d3b3 M   ror         x7, x5, x6
65 541 0x000001d8 0x6062d3b3 M   ror         x7, x5, x6
66 545 0x000001dc 0x6062d3b3 M   ror         x7, x5, x6
67 556 0x000001e0 0x6062d3b3 M   ror         x7, x5, x6
68 560 0x000001e4 0x6062d3b3 M   ror         x7, x5, x6
69 564 0x000001e8 0x6062d3b3 M   ror         x7, x5, x6
70 568 0x000001ec 0x6062d3b3 M   ror         x7, x5, x6
71 572 0x000001f0 0x6062d3b3 M   ror         x7, x5, x6
72 576 0x000001f4 0x6062d3b3 M   ror         x7, x5, x6
73 580 0x000001f8 0x6062d3b3 M   ror         x7, x5, x6
74 584 0x000001fc 0x6062d3b3 M   ror         x7, x5, x6
75 595 0x00000200 0x6062d3b3 M   ror         x7, x5, x6
76 599 0x00000204 0x6062d3b3 M   ror         x7, x5, x6
77 603 0x00000208 0x6062d3b3 M   ror         x7, x5, x6
78 607 0x0000020c 0x6062d3b3 M   ror         x7, x5, x6
79 611 0x00000210 0x6062d3b3 M   ror         x7, x5, x6
80 615 0x00000214 0x6062d3b3 M   ror         x7, x5, x6
81 619 0x00000218 0x6062d3b3 M   ror         x7, x5, x6
82 623 0x0000021c 0x6062d3b3 M   ror         x7, x5, x6
83 634 0x00000220 0x6062d3b3 M   ror         x7, x5, x6
84 638 0x00000224 0x6062d3b3 M   ror         x7, x5, x6
85 642 0x00000228 0x6062d3b3 M   ror         x7, x5, x6
86 646 0x0000022c 0x6062d3b3 M   ror         x7, x5, x6
87 650 0x00000230 0x6062d3b3 M   ror         x7, x5, x6
88 654 0x00000234 0x6062d3b3 M   ror         x7, x5, x6
89 658 0x00000238 0x6062d3b3 M   ror         x7, x5, x6
90 662 0x0000023c 0x6062d3b3 M   ror         x7, x5, x6
91 673 0x00000240 0x6062d3b3 M   ror         x7, x5, x6
92 677 0x00000244 0x6062d3b3 M   ror         x7, x5, x6
93 681 0x00000248 0x6062d3b3 M   ror         x7, x5, x6
94 685 0x0000024c 0x6062d3b3 M   ror         x7, x5, x6
95 689 0x00000250 0x6062d3b3 M   ror         x7, x5, x6
96 693 0x00000254 0x6062d3b3 M   ror         x7, x5, x6
97 697 0x00000258 0x6062d3b3 M   ror         x7, x5, x6
98 701 0x0000025c 0x6062d3b3 M   ror         x7, x5, x6
99 712 0x00000260 0x6062d3b3 M   ror         x7, x5, x6
100 716 0x00000264 0x6062d3b3 M   ror         x7, x5, x6
101 720 0x00000268 0x6062d3b3 M   ror         x7, x5, x6
102 724 0x0000026c 0x6062d3b3 M   ror         x7, x5, x6
103 728 0x00000270 0x6062d3b3 M   ror         x7, x5, x6
104 732 0x00000274 0x6062d3b3 M   ror         x7, x5, x6
105 736 0x00000278 0x6062d3b3 M   ror         x7, x5, x6
106 740 0x0000027c 0x6062d3b3 M   ror         x7, x5, x6
107 751 0x00000280 0x6062d3b3 M   ror         x7, x5, x6
108 755 0x00000284 0x6062d3b3 M   ror         x7, x5, x6
109 759 0x00000288 0x6062d3b3 M   ror         x7, x5, x6
110 763 0x0000028c 0x6062d3b3 M   ror         x7, x5, x6
111 767 0x00000290 0x6062d3b3 M   ror         x7, x5, x6
112 771 0x00000294 0x6062d3b3 M   ror         x7, x5, x6
113 775 0x00000298 0x6062d3b3 M   ror         x7, x5, x6
114 779 0x0000029c 0x6062d3b3 M   ror         x7, x5, x6
115 790 0x000002a0 0x6062d3b3 M   ror         x7, x5, x6
116 794 0x000002a4 0x6062d3b3 M   ror         x7, x5, x6
117 798 0x000002a8 0x6062d3b3 M   ror         x7, x5, x6
118 802 0x000002ac 0x6062d3b3 M   ror         x7, x5, x6
119 806 0x000002b0 0x6062d3b3 M   ror         x7, x5, x6
120 810 0x000002b4 0x6062d3b3 M   ror         x7, x5, x6
121 814 0x000002b8 0x6062d3b3 M   ror         x7, x5, x6
122 818 0x000002bc 0x6062d3b3 M   ror         x7, x5, x6
123 829 0x000002c0 0x6062d3b3 M   ror         x7, x5, x6
124 833 0x000002c4 0x6062d3b3 M   ror         x7, x5, x6
125 837 0x000002c8 0x6062d3b3 M   ror         x7, x5, x6
126 841 0x000002cc 0x6062d3b3 M   ror         x7, x5, x6
127 845 0x000002d0 0x6062d3b3 M   ror         x7, x5, x6
128 849 0x000002d4 0x6062d3b3 M   ror         x7, x5, x6
129 853 0x000002d8 0x6062d3b3 M   ror         x7, x5, x6
130 857 0x000002dc 0x6062d3b3 M   ror         x7, x5, x6
131 868 0x000002e0 0x6062d3b3 M   ror         x7, x5, x6
132 872 0x000002e4 0x6062d3b3 M   ror         x7, x5, x6
133 876 0x000002e8 0x6062d3b3 M   ror         x7, x5, x6
134 880 0x000002ec 0x6062d3b3 M   ror         x7, x5, x6
135 884 0x000002f0 0x6062d3b3 M   ror         x7, x5, x6
136 888 0x000002f4 0x6062d3b3 M   ror         x7, x5, x6
137 892 0x000002f8 0x6062d3b3 M   ror         x7, x5, x6
138 896 0x000002fc 0x6062d3b3 M   ror         x7, x5, x6
139 907 0x00000300 0x6062d3b3 M   ror         x7, x5, x6
140 911 0x00000304 0x6062d3b3 M   ror         x7, x5, x6
141 915 0x00000308 0x6062d3b3 M   ror         x7, x5, x6
142 919 0x0000030c 0x6062d3b3 M   ror         x7, x5, x6
143 923 0x00000310 0x6062d3b3 M   ror         x7, x5, x6
144 927 0x00000314 0x6062d3b3 M   ror         x7, x5, x6
145 931 0x00000318 0x6062d3b3 M   ror         x7, x5, x6
146 935 0x0000031c 0x6062d3b3 M   ror         x7, x5, x6
147 946 0x00000320 0x6062d3b3 M   ror         x7, x5, x6
148 950 0x00000324 0x6062d3b3 M   ror         x7, x5, x6
149 954 0x00000328 0x6062d3b3 M   ror         x7, x5, x6
150 958 0x0000032c 0x6062d3b3 M   ror         x7, x5, x6
151 962 0x00000330 0x6062d3b3 M   ror         x7, x5, x6
152 966 0x00000334 0x6062d3b3 M   ror         x7, x5, x6
153 970 0x00000338 0x6062d3b3 M   ror         x7, x5, x6
154 974 0x0000033c 0x6062d3b3 M   ror         x7, x5, x6
155 985 0x00000340 0x6062d3b3 M   ror         x7, x5, x6
156 989 0x00000344 0x6062d3b3 M   ror         x7, x5, x6
157 993 0x00000348 0x6062d3b3 M   ror         x7, x5, x6
158 997 0x0000034c 0x6062d3b3 M   ror         x7, x5, x6
159 1001 0x00000350 0x6062d3b3 M   ror         x7, x5, x6
160 1005 0x00000354 0x6062d3b3 M   ror         x7, x5, x6
161 1009 0x00000358 0x6062d3b3 M   ror         x7, x5, x6
162 1013 0x0000035c 0x6062d3b3 M   ror         x7, x5, x6
163 1024 0x00000360 0x6062d3b3 M   ror         x7, x5, x6
164 1028 0x00000364 0x6062d3b3 M   ror         x7, x5, x6
165 1032 0x00000368 0x6062d3b3 M   ror         x7, x5, x6
166 1036 0x0000036c 0x6062d3b3 M   ror         x7, x5, x6
167 1040 0x00000370 0x6062d3b3 M   ror         x7, x5, x6
168 1044 0x00000374 0x6062d3b3 M   ror         x7, x5, x6
169 1048 0x00000378 0x6062d3b3 M   ror         x7, x5, x6
170 1052 0x0000037c 0x6062d3b3 M   ror         x7, x5, x6
171 1063 0x00000380 0x6062d3b3 M   ror         x7, x5, x6
172 1067 0x00000384 0x6062d3b3 M   ror         x7, x5, x6
173 1071 0x00000388 0x6062d3b3 M   ror         x7, x5, x6
174 1075 0x0000038c 0x6062d3b3 M   ror         x7, x5, x6
175 1079 0x00000390 0x6062d3b3 M   ror         x7, x5, x6
176 1083 0x00000394 0x6062d3b3 M   ror         x7, x5, x6
177 1087 0x00000398 0x6062d3b3 M   ror         x7, x5, x6
178 1091 0x0000039c 0x6062d3b3 M   ror         x7, x5, x6
179 1102 0x000003a0 0x6062d3b3 M   ror         x7, x5, x6
180 1106 0x000003a4 0x6062d3b3 M   ror         x7, x5, x6
181 1110 0x000003a8 0x6062d3b3 M   ror         x7, x5, x6
182 1114 0x000003ac 0x6062d3b3 M   ror         x7, x5, x6
183 1118 0x000003b0 0x6062d3b3 M   ror         x7, x5, x6
184 1122 0x000003b4 0x6062d3b3 M   ror         x7, x5, x6
185 1126 0x000003b8 0x6062d3b3 M   ror         x7, x5, x6
186 1130 0x000003bc 0x6062d3b3 M   ror         x7, x5, x6
187 1141 0x000003c0 0x6062d3b3 M   ror         x7, x5, x6
188 1145 0x000003c4 0x6062d3b3 M   ror         x7, x5, x6
189 1149 0x000003c8 0x6062d3b3 M   ror         x7, x5, x6
190 1153 0x000003cc 0x6062d3b3 M   ror         x7, x5, x6
191 1157 0x000003d0 0x6062d3b3 M   ror         x7, x5, x6
192 1161 0x000003d4 0x6062d3b3 M   ror         x7, x5, x6
193 1165 0x000003d8 0x6062d3b3 M   ror         x7, x5, x6
194 1169 0x000003dc 0x6062d3b3 M   ror         x7, x5, x6
195 1180 0x000003e0 0x6062d3b3 M   ror         x7, x5, x6
196 1184 0x000003e4 0x6062d3b3 M   ror         x7, x5, x6
197 1188 0x000003e8 0x6062d3b3 M   ror         x7, x5, x6
198 1192 0x000003ec 0x6062d3b3 M   ror         x7, x5, x6
199 1196 0x000003f0 0x6062d3b3 M   ror         x7, x5, x6
200 1200 0x000003f4 0x6062d3b3 M   ror         x7, x5, x6
201 1204 0x000003f8 0x6062d3b3 M   ror         x7, x5, x6
202 1208 0x000003fc 0x6062d3b3 M   ror         x7, x5, x6
203 1219 0x00000400 0x6062d3b3 M   ror         x7, x5, x6
204 1223 0x00000404 0x6062d3b3 M   ror         x7, x5, x6
205 1227 0x00000408 0x6062d3b3 M   ror         x7, x5, x6
206 1231 0x0000040c 0x6062d3b3 M   ror         x7, x5, x6
207 1235 0x00000410 0x6062d3b3 M   ror         x7, x5, x6
208 1239 0x00000414 0x6062d3b3 M   ror         x7, x5, x6
209 1243 0x00000418 0x6062d3b3 M   ror         x7, x5, x6
210 1247 0x0000041c 0x6062d3b3 M   ror         x7, x5, x6
211 1258 0x00000420 0x6062d3b3 M   ror         x7, x5, x6
212 1262 0x00000424 0x6062d3b3 M   ror         x7, x5, x6
213 1266 0x00000428 0x6062d3b3 M   ror         x7, x5, x6
214 1270 0x0000042c 0x6062d3b3 M   ror         x7, x5, x6
215 1274 0x00000430 0x6062d3b3 M   ror         x7, x5, x6
216 1278 0x00000434 0x6062d3b3 M   ror         x7, x5, x6
217 1282 0x00000438 0x6062d3b3 M   ror         x7, x5, x6
218 1286 0x0000043c 0x6062d3b3 M   ror         x7, x5, x6
219 1297 0x00000440 0x6062d3b3 M   ror         x7, x5, x6
220 1301 0x00000444 0x6062d3b3 M   ror         x7, x5, x6
221 1305 0x00000448 0x6062d3b3 M   ror         x7, x5, x6
222 1309 0x0000044c 0x6062d3b3 M   ror         x7, x5, x6
223 1313 0x00000450 0x6062d3b3 M   ror         x7, x5, x6
224 1317 0x00000454 0x6062d3b3 M   ror         x7, x5, x6
225 1321 0x00000458 0x6062d3b3 M   ror         x7, x5, x6
226 1325 0x0000045c 0x6062d3b3 M   ror         x7, x5, x6
227 1336 0x00000460 0x6062d3b3 M   ror         x7, x5, x6
228 1340 0x00000464 0x6062d3b3 M   ror         x7, x5, x6
229 1344 0x00000468 0x6062d3b3 M   ror         x7, x5, x6
230 1348 0x0000046c 0x6062d3b3 M   ror         x7, x5, x6
231 1352 0x00000470 0x6062d3b3 M   ror         x7, x5, x6
232 1356 0x00000474 0x6062d3b3 M   ror         x7, x5, x6
233 1360 0x00000478 0x6062d3b3 M   ror         x7, x5, x6
234 1364 0x0000047c 0x6062d3b3 M   ror         x7, x5, x6
235 1375 0x00000480 0x6062d3b3 M   ror         x7, x5, x6
236 1379 0x00000484 0x6062d3b3 M   ror         x7, x5, x6
237 1383 0x00000488 0x6062d3b3 M   ror         x7, x5, x6
238 1387 0x0000048c 0x6062d3b3 M   ror         x7, x5, x6
239 1391 0x00000490 0x6062d3b3 M   ror         x7, x5, x6
240 1395 0x00000494 0x6062d3b3 M   ror         x7, x5, x6
241 1399 0x00000498 0x6062d3b3 M   ror         x7, x5, x6
242 1403 0x0000049c 0x6062d3b3 M   ror         x7, x5, x6
243 1414 0x000004a0 0x6062d3b3 M   ror         x7, x5, x6
244 1418 0x000004a4 0x6062d3b3 M   ror         x7, x5, x6
245 1422 0x000004a8 0x6062d3b3 M   ror         x7, x5, x6
246 1426 0x000004ac 0x6062d3b3 M   ror         x7, x5, x6
247 1430 0x000004b0 0x6062d3b3 M   ror         x7, x5, x6
248 1434 0x000004b4 0x6062d3b3 M   ror         x7, x5, x6
249 1438 0x000004b8 0x6062d3b3 M   ror         x7, x5, x6
250 1442 0x000004bc 0x6062d3b3 M   ror         x7, x5, x6
251 1453 0x000004c0 0x6062d3b3 M   ror         x7, x5, x6
252 1457 0x000004c4 0x6062d3b3 M   ror         x7, x5, x6
253 1461 0x000004c8 0x6062d3b3 M   ror         x7, x5, x6
254 1465 0x000004cc 0x6062d3b3 M   ror         x7, x5, x6
255 1469 0x000004d0 0x6062d3b3 M   ror         x7, x5, x6
256 1473 0x000004d4 0x6062d3b3 M   ror         x7, x5, x6
257 1477 0x000004d8 0x6062d3b3 M   ror         x7, x5, x6
258 1481 0x000004dc 0x6062d3b3 M   ror         x7, x5, x6
259 1492 0x000004e0 0x6062d3b3 M   ror         x7, x5, x6
260 1496 0x000004e4 0x6062d3b3 M   ror         x7, x5, x6
261 1500 0x000004e8 0x6062d3b3 M   ror         x7, x5, x6
262 1504 0x000004ec 0x6062d3b3 M   ror         x7, x5, x6
263 1508 0x000004f0 0x6062d3b3 M   ror         x7, x5, x6
264 1512 0x000004f4 0x6062d3b3 M   ror         x7, x5, x6
265 1516 0x000004f8 0x6062d3b3 M   ror         x7, x5, x6
266 1520 0x000004fc 0x6062d3b3 M   ror         x7, x5, x6
267 1531 0x00000500 0x6062d3b3 M   ror         x7, x5, x6
268 1535 0x00000504 0x6062d3b3 M   ror         x7, x5, x6
269 1539 0x00000508 0x6062d3b3 M   ror         x7, x5, x6
270 1543 0x0000050c 0x6062d3b3 M   ror         x7, x5, x6
271 1547 0x00000510 0x6062d3b3 M   ror         x7, x5, x6
272 1551 0x00000514 0x6062d3b3 M   ror         x7, x5, x6
273 1555 0x00000518 0x6062d3b3 M   ror         x7, x5, x6
274 1559 0x0000051c 0x6062d3b3 M   ror         x7, x5, x6
275 1570 0x00000520 0x6062d3b3 M   ror         x7, x5, x6
276 1574 0x00000524 0x6062d3b3 M   ror         x7, x5, x6
277 1578 0x00000528 0x6062d3b3 M   ror         x7, x5, x6
278 1582 0x0000052c 0x6062d3b3 M   ror         x7, x5, x6
279 1586 0x00000530 0x6062d3b3 M   ror         x7, x5, x6
280 1590 0x00000534 0x6062d3b3 M   ror         x7, x5, x6
281 1594 0x00000538 0x6062d3b3 M   ror         x7, x5, x6
282 1598 0x0000053c 0x6062d3b3 M   ror         x7, x5, x6
283 1609 0x00000540 0x6062d3b3 M   ror         x7, x5, x6
284 1613 0x00000544 0x6062d3b3 M   ror         x7, x5, x6
285 1617 0x00000548 0x6062d3b3 M   ror         x7, x5, x6
286 1621 0x0000054c 0x6062d3b3 M   ror         x7, x5, x6
287 1625 0x00000550 0x6062d3b3 M   ror         x7, x5, x6
288 1629 0x00000554 0x6062d3b3 M   ror         x7, x5, x6
289 1633 0x00000558 0x6062d3b3 M   ror         x7, x5, x6
290 1637 0x0000055c 0x6062d3b3 M   ror         x7, x5, x6
291 1648 0x00000560 0x6062d3b3 M   ror         x7, x5, x6
292 1652 0x00000564 0x6062d3b3 M   ror         x7, x5, x6
293 1656 0x00000568 0x6062d3b3 M   ror         x7, x5, x6
294 1660 0x0000056c 0x6062d3b3 M   ror         x7, x5, x6
295 1664 0x00000570 0x6062d3b3 M   ror         x7, x5, x6
296 1668 0x00000574 0x6062d3b3 M   ror         x7, x5, x6
297 1672 0x00000578 0x6062d3b3 M   ror         x7, x5, x6
298 1676 0x0000057c 0x6062d3b3 M   ror         x7, x5, x6
299 1687 0x00000580 0x6062d3b3 M   ror         x7, x5, x6
300 1691 0x00000584 0x6062d3b3 M   ror         x7, x5, x6
301 1695 0x00000588 0x6062d3b3 M   ror         x7, x5, x6
302 1699 0x0000058c 0x6062d3b3 M   ror         x7, x5, x6
303 1703 0x00000590 0x6062d3b3 M   ror         x7, x5, x6
304 1707 0x00000594 0x6062d3b3 M   ror         x7, x5, x6
305 1711 0x00000598 0x6062d3b3 M   ror         x7, x5, x6
306 1715 0x0000059c 0x6062d3b3 M   ror         x7, x5, x6
307 1726 0x000005a0 0x6062d3b3 M   ror         x7, x5, x6
308 1730 0x000005a4 0x6062d3b3 M   ror         x7, x5, x6
309 1734 0x000005a8 0x6062d3b3 M   ror         x7, x5, x6
310 1738 0x000005ac 0x6062d3b3 M   ror         x7, x5, x6
311 1742 0x000005b0 0x6062d3b3 M   ror         x7, x5, x6
312 1746 0x000005b4 0x6062d3b3 M   ror         x7, x5, x6
313 1750 0x000005b8 0x6062d3b3 M   ror         x7, x5, x6
314 1754 0x000005bc 0x6062d3b3 M   ror         x7, x5, x6
315 1765 0x000005c0 0x6062d3b3 M   ror         x7, x5, x6
316 1769 0x000005c4 0x6062d3b3 M   ror         x7, x5, x6
317 1773 0x000005c8 0x6062d3b3 M   ror         x7, x5, x6
318 1777 0x000005cc 0x6062d3b3 M   ror         x7, x5, x6
319 1781 0x000005d0 0x6062d3b3 M   ror         x7, x5, x6
320 1785 0x000005d4 0x6062d3b3 M   ror         x7, x5, x6
321 1789 0x000005d8 0x6062d3b3 M   ror         x7, x5, x6
322 1793 0x000005dc 0x6062d3b3 M   ror         x7, x5, x6
323 1804 0x000005e0 0x6062d3b3 M   ror         x7, x5, x6
324 1808 0x000005e4 0x6062d3b3 M   ror         x7, x5, x6
325 1812 0x000005e8 0x6062d3b3 M   ror         x7, x5, x6
326 1816 0x000005ec 0x6062d3b3 M   ror         x7, x5, x6
327 1820 0x000005f0 0x6062d3b3 M   ror         x7, x5, x6
328 1824 0x000005f4 0x6062d3b3 M   ror         x7, x5, x6
329 1828 0x000005f8 0x6062d3b3 M   ror         x7, x5, x6
330 1832 0x000005fc 0x6062d3b3 M   ror         x7, x5, x6
331 1843 0x00000600 0x6062d3b3 M   ror         x7, x5, x6
332 1847 0x00000604 0x6062d3b3 M   ror         x7, x5, x6
333 1851 0x00000608 0x6062d3b3 M   ror         x7, x5, x6
334 1855 0x0000060c 0x6062d3b3 M   ror         x7, x5, x6
335 1859 0x00000610 0x6062d3b3 M   ror         x7, x5, x6
336 1863 0x00000614 0x6062d3b3 M   ror         x7, x5, x6
337 1867 0x00000618 0x6062d3b3 M   ror         x7, x5, x6
338 1871 0x0000061c 0x6062d3b3 M   ror         x7, x5, x6
339 1882 0x00000620 0x6062d3b3 M   ror         x7, x5, x6
340 1886 0x00000624 0x6062d3b3 M   ror         x7, x5, x6
341 1890 0x00000628 0x6062d3b3 M   ror         x7, x5, x6
342 1894 0x0000062c 0x6062d3b3 M   ror         x7, x5, x6
343 1898 0x00000630 0x6062d3b3 M   ror         x7, x5, x6
344 1902 0x00000634 0x6062d3b3 M   ror         x7, x5, x6
345 1906 0x00000638 0x6062d3b3 M   ror         x7, x5, x6
346 1910 0x0000063c 0x6062d3b3 M   ror         x7, x5, x6
347 1921 0x00000640 0x6062d3b3 M   ror         x7, x5, x6
348 1925 0x00000644 0x6062d3b3 M   ror         x7, x5, x6
349 1929 0x00000648 0x6062d3b3 M   ror         x7, x5, x6
350 1933 0x0000064c 0x6062d3b3 M   ror         x7, x5, x6
351 1937 0x00000650 0x6062d3b3 M   ror         x7, x5, x6
352 1941 0x00000654 0x6062d3b3 M   ror         x7, x5, x6
353 1945 0x00000658 0x6062d3b3 M   ror         x7, x5, x6
354 1949 0x0000065c 0x6062d3b3 M   ror         x7, x5, x6
355 1960 0x00000660 0x6062d3b3 M   ror         x7, x5, x6
356 1964 0x00000664 0x6062d3b3 M   ror         x7, x5, x6
357 1968 0x00000668 0x6062d3b3 M   ror         x7, x5, x6
358 1972 0x0000066c 0x6062d3b3 M   ror         x7, x5, x6
359 1976 0x00000670 0x6062d3b3 M   ror         x7, x5, x6
360 1980 0x00000674 0x6062d3b3 M   ror         x7, x5, x6
361 1984 0x00000678 0x6062d3b3 M   ror         x7, x5, x6
362 1988 0x0000067c 0x6062d3b3 M   ror         x7, x5, x6
363 1999 0x00000680 0x6062d3b3 M   ror         x7, x5, x6
364 2003 0x00000684 0x6062d3b3 M   ror         x7, x5, x6
365 2007 0x00000688 0x6062d3b3 M   ror         x7, x5, x6
366 2011 0x0000068c 0x6062d3b3 M   ror         x7, x5, x6
367 2015 0x00000690 0x6062d3b3 M   ror         x7, x5, x6
368 2019 0x00000694 0x6062d3b3 M   ror         x7, x5, x6
369 2023 0x00000698 0x6062d3b3 M   ror         x7, x5, x6
370 2027 0x0000069c 0x6062d3b3 M   ror         x7, x5, x6
371 2038 0x000006a0 0x6062d3b3 M   ror         x7, x5, x6
372 2042 0x000006a4 0x6062d3b3 M   ror         x7, x5, x6
373 2046 0x000006a8 0x6062d3b3 M   ror         x7, x5, x6
374 2050 0x000006ac 0x6062d3b3 M   ror         x7, x5, x6
375 2054 0x000006b0 0x6062d3b3 M   ror         x7, x5, x6
376 2058 0x000006b4 0x6062d3b3 M   ror         x7, x5, x6
377 2062 0x000006b8 0x6062d3b3 M   ror         x7, x5, x6
378 2066 0x000006bc 0x6062d3b3 M   ror         x7, x5, x6
379 2077 0x000006c0 0x6062d3b3 M   ror         x7, x5, x6
380 2081 0x000006c4 0x6062d3b3 M   ror         x7, x5, x6
381 2085 0x000006c8 0x6062d3b3 M   ror         x7, x5, x6
382 2089 0x000006cc 0x6062d3b3 M   ror         x7, x5, x6
383 2093 0x000006d0 0x6062d3b3 M   ror         x7, x5, x6
384 2097 0x000006d4 0x6062d3b3 M   ror         x7, x5, x6
385 2101 0x000006d8 0x6062d3b3 M   ror         x7, x5, x6
386 2105 0x000006dc 0x6062d3b3 M   ror         x7, x5, x6
387 2116 0x000006e0 0x6062d3b3 M   ror         x7, x5, x6
388 2120 0x000006e4 0x6062d3b3 M   ror         x7, x5, x6
389 2124 0x000006e8 0x6062d3b3 M   ror         x7, x5, x6
390 2128 0x000006ec 0x6062d3b3 M   ror         x7, x5, x6
391 2132 0x000006f0 0x6062d3b3 M   ror         x7, x5, x6
392 2136 0x000006f4 0x6062d3b3 M   ror         x7, x5, x6
393 2140 0x000006f8 0x6062d3b3 M   ror         x7, x5, x6
394 2144 0x000006fc 0x6062d3b3 M   ror         x7, x5, x6
395 2155 0x00000700 0x6062d3b3 M   ror         x7, x5, x6
396 2159 0x00000704 0x6062d3b3 M   ror         x7, x5, x6
397 2163 0x00000708 0x6062d3b3 M   ror         x7, x5, x6
398 2167 0x0000070c 0x6062d3b3 M   ror         x7, x5, x6
399 2171 0x00000710 0x6062d3b3 M   ror         x7, x5, x6
400 2175 0x00000714 0x6062d3b3 M   ror         x7, x5, x6
401 2179 0x00000718 0x6062d3b3 M   ror         x7, x5, x6
402 2183 0x0000071c 0x6062d3b3 M   ror         x7, x5, x6
403 2194 0x00000720 0x6062d3b3 M   ror         x7, x5, x6
404 2198 0x00000724 0x6062d3b3 M   ror         x7, x5, x6
405 2202 0x00000728 0x6062d3b3 M   ror         x7, x5, x6
406 2206 0x0000072c 0x6062d3b3 M   ror         x7, x5, x6
407 2210 0x00000730 0x6062d3b3 M   ror         x7, x5, x6
408 2214 0x00000734 0x6062d3b3 M   ror         x7, x5, x6
409 2218 0x00000738 0x6062d3b3 M   ror         x7, x5, x6
410 2222 0x0000073c 0x6062d3b3 M   ror         x7, x5, x6
411 2233 0x00000740 0x6062d3b3 M   ror         x7, x5, x6
412 2237 0x00000744 0x6062d3b3 M   ror         x7, x5, x6
413 2241 0x00000748 0x6062d3b3 M   ror         x7, x5, x6
414 2245 0x0000074c 0x6062d3b3 M   ror         x7, x5, x6
415 2249 0x00000750 0x6062d3b3 M   ror         x7, x5, x6
416 2253 0x00000754 0x6062d3b3 M   ror         x7, x5, x6
417 2257 0x00000758 0x6062d3b3 M   ror         x7, x5, x6
418 2261 0x0000075c 0x6062d3b3 M   ror         x7, x5, x6
419 2272 0x00000760 0x6062d3b3 M   ror         x7, x5, x6
420 2276 0x00000764 0x6062d3b3 M   ror         x7, x5, x6
421 2280 0x00000768 0x6062d3b3 M   ror         x7, x5, x6
422 2284 0x0000076c 0x6062d3b3 M   ror         x7, x5, x6
423 2288 0x00000770 0x6062d3b3 M   ror         x7, x5, x6
424 2292 0x00000774 0x6062d3b3 M   ror         x7, x5, x6
425 2296 0x00000778 0x6062d3b3 M   ror         x7, x5, x6
426 2300 0x0000077c 0x6062d3b3 M   ror         x7, x5, x6
427 2311 0x00000780 0x6062d3b3 M   ror         x7, x5, x6
428 2315 0x00000784 0x6062d3b3 M   ror         x7, x5, x6
429 2319 0x00000788 0x6062d3b3 M   ror         x7, x5, x6
430 2323 0x0000078c 0x6062d3b3 M   ror         x7, x5, x6
431 2327 0x00000790 0x6062d3b3 M   ror         x7, x5, x6
432 2331 0x00000794 0x6062d3b3 M   ror         x7, x5, x6
433 2335 0x00000798 0x6062d3b3 M   ror         x7, x5, x6
434 2339 0x0000079c 0x6062d3b3 M   ror         x7, x5, x6
435 2350 0x000007a0 0x6062d3b3 M   ror         x7, x5, x6
436 2354 0x000007a4 0x6062d3b3 M   ror         x7, x5, x6
437 2358 0x000007a8 0x6062d3b3 M   ror         x7, x5, x6
438 2362 0x000007ac 0x6062d3b3 M   ror         x7, x5, x6
439 2366 0x000007b0 0x6062d3b3 M   ror         x7, x5, x6
440 2370 0x000007b4 0x6062d3b3 M   ror         x7, x5, x6
441 2374 0x000007b8 0x6062d3b3 M   ror         x7, x5, x6
442 2378 0x000007bc 0x6062d3b3 M   ror         x7, x5, x6
443 2389 0x000007c0 0x6062d3b3 M   ror         x7, x5, x6
444 2393 0x000007c4 0x6062d3b3 M   ror         x7, x5, x6
445 2397 0x000007c8 0x6062d3b3 M   ror         x7, x5, x6
446 2401 0x000007cc 0x6062d3b3 M   ror         x7, x5, x6
447 2405 0x000007d0 0x6062d3b3 M   ror         x7, x5, x6
448 2409 0x000007d4 0x6062d3b3 M   ror         x7, x5, x6
449 2413 0x000007d8 0x6062d3b3 M   ror         x7, x5, x6
450 2417 0x000007dc 0x6062d3b3 M   ror         x7, x5, x6
451 2428 0x000007e0 0x6062d3b3 M   ror         x7, x5, x6
452 2432 0x000007e4 0x6062d3b3 M   ror         x7, x5, x6
453 2436 0x000007e8 0x6062d3b3 M   ror         x7, x5, x6
454 2440 0x000007ec 0x6062d3b3 M   ror         x7, x5, x6
455 2444 0x000007f0 0x6062d3b3 M   ror         x7, x5, x6
456 2448 0x000007f4 0x6062d3b3 M   ror         x7, x5, x6
457 2452 0x000007f8 0x6062d3b3 M   ror         x7, x5, x6
458 2456 0x000007fc 0x6062d3b3 M   ror         x7, x5, x6
459 2467 0x00000800 0x6062d3b3 M   ror         x7, x5, x6
460 2471 0x00000804 0x6062d3b3 M   ror         x7, x5, x6
461 2475 0x00000808 0x6062d3b3 M   ror         x7, x5, x6
462 2479 0x0000080c 0x6062d3b3 M   ror         x7, x5, x6
463 2483 0x00000810 0x6062d3b3 M   ror         x7, x5, x6
464 2487 0x00000814 0x6062d3b3 M   ror         x7, x5, x6
465 2491 0x00000818 0x6062d3b3 M   ror         x7, x5, x6
466 2495 0x0000081c 0x6062d3b3 M   ror         x7, x5, x6
467 2506 0x00000820 0x6062d3b3 M   ror         x7, x5, x6
468 2510 0x00000824 0x6062d3b3 M   ror         x7, x5, x6
469 2514 0x00000828 0x6062d3b3 M   ror         x7, x5, x6
470 2518 0x0000082c 0x6062d3b3 M   ror         x7, x5, x6
471 2522 0x00000830 0x6062d3b3 M   ror         x7, x5, x6
472 2526 0x00000834 0x6062d3b3 M   ror         x7, x5, x6
473 2530 0x00000838 0x6062d3b3 M   ror         x7, x5, x6
474 2534 0x0000083c 0x6062d3b3 M   ror         x7, x5, x6
475 2545 0x00000840 0x6062d3b3 M   ror         x7, x5, x6
476 2549 0x00000844 0x6062d3b3 M   ror         x7, x5, x6
477 2553 0x00000848 0x6062d3b3 M   ror         x7, x5, x6
478 2557 0x0000084c 0x6062d3b3 M   ror         x7, x5, x6
479 2561 0x00000850 0x6062d3b3 M   ror         x7, x5, x6
480 2565 0x00000854 0x6062d3b3 M   ror         x7, x5, x6
481 2569 0x00000858 0x6062d3b3 M   ror         x7, x5, x6
482 2573 0x0000085c 0x6062d3b3 M   ror         x7, x5, x6
483 2584 0x00000860 0x6062d3b3 M   ror         x7, x5, x6
484 2588 0x00000864 0x6062d3b3 M   ror         x7, x5, x6
485 2592 0x00000868 0x6062d3b3 M   ror         x7, x5, x6
486 2596 0x0000086c 0x6062d3b3 M   ror         x7, x5, x6
487 2600 0x00000870 0x6062d3b3 M   ror         x7, x5, x6
488 2604 0x00000874 0x6062d3b3 M   ror         x7, x5, x6
489 2608 0x00000878 0x6062d3b3 M   ror         x7, x5, x6
490 2612 0x0000087c 0x6062d3b3 M   ror         x7, x5, x6
491 2623 0x00000880 0x6062d3b3 M   ror         x7, x5, x6
492 2627 0x00000884 0x6062d3b3 M   ror         x7, x5, x6
493 2631 0x00000888 0x6062d3b3 M   ror         x7, x5, x6
494 2635 0x0000088c 0x6062d3b3 M   ror         x7, x5, x6
495 2639 0x00000890 0x6062d3b3 M   ror         x7, x5, x6
496 2643 0x00000894 0x6062d3b3 M   ror         x7, x5, x6
497 2647 0x00000898 0x6062d3b3 M   ror         x7, x5, x6
498 2651 0x0000089c 0x6062d3b3 M   ror         x7, x5, x6
499 2662 0x000008a0 0x6062d3b3 M   ror         x7, x5, x6
500 2666 0x000008a4 0x6062d3b3 M   ror         x7, x5, x6
501 2670 0x000008a8 0x6062d3b3 M   ror         x7, x5, x6
502 2674 0x000008ac 0x6062d3b3 M   ror         x7, x5, x6
503 2678 0x000008b0 0x6062d3b3 M   ror         x7, x5, x6
504 2682 0x000008b4 0x6062d3b3 M   ror         x7, x5, x6
505 2686 0x000008b8 0x6062d3b3 M   ror         x7, x5, x6
506 2690 0x000008bc 0x6062d3b3 M   ror         x7, x5, x6
507 2701 0x000008c0 0x6062d3b3 M   ror         x7, x5, x6
508 2705 0x000008c4 0x6062d3b3 M   ror         x7, x5, x6
509 2709 0x000008c8 0x6062d3b3 M   ror         x7, x5, x6
510 2713 0x000008cc 0x6062d3b3 M   ror         x7, x5, x6
511 2717 0x000008d0 0x6062d3b3 M   ror         x7, x5, x6
512 2721 0x000008d4 0x6062d3b3 M   ror         x7, x5, x6
513 2725 0x000008d8 0x6062d3b3 M   ror         x7, x5, x6
514 2729 0x000008dc 0x6062d3b3 M   ror         x7, x5, x6
515 2740 0x000008e0 0x6062d3b3 M   ror         x7, x5, x6
516 2744 0x000008e4 0x6062d3b3 M   ror         x7, x5, x6
517 2748 0x000008e8 0x6062d3b3 M   ror         x7, x5, x6
518 2752 0x000008ec 0x6062d3b3 M   ror         x7, x5, x6
519 2756 0x000008f0 0x6062d3b3 M   ror         x7, x5, x6
520 2760 0x000008f4 0x6062d3b3 M   ror         x7, x5, x6
521 2764 0x000008f8 0x6062d3b3 M   ror         x7, x5, x6
522 2768 0x000008fc 0x6062d3b3 M   ror         x7, x5, x6
523 2779 0x00000900 0x6062d3b3 M   ror         x7, x5, x6
524 2783 0x00000904 0x6062d3b3 M   ror         x7, x5, x6
525 2787 0x00000908 0x6062d3b3 M   ror         x7, x5, x6
526 2791 0x0000090c 0x6062d3b3 M   ror         x7, x5, x6
527 2795 0x00000910 0x6062d3b3 M   ror         x7, x5, x6
528 2799 0x00000914 0x6062d3b3 M   ror         x7, x5, x6
529 2803 0x00000918 0x6062d3b3 M   ror         x7, x5, x6
530 2807 0x0000091c 0x6062d3b3 M   ror         x7, x5, x6
531 2818 0x00000920 0x6062d3b3 M   ror         x7, x5, x6
532 2822 0x00000924 0x6062d3b3 M   ror         x7, x5, x6
533 2826 0x00000928 0x6062d3b3 M   ror         x7, x5, x6
534 2830 0x0000092c 0x6062d3b3 M   ror         x7, x5, x6
535 2834 0x00000930 0x6062d3b3 M   ror         x7, x5, x6
536 2838 0x00000934 0x6062d3b3 M   ror         x7, x5, x6
537 2842 0x00000938 0x6062d3b3 M   ror         x7, x5, x6
538 2846 0x0000093c 0x6062d3b3 M   ror         x7, x5, x6
539 2857 0x00000940 0x6062d3b3 M   ror         x7, x5, x6
540 2861 0x00000944 0x6062d3b3 M   ror         x7, x5, x6
541 2865 0x00000948 0x6062d3b3 M   ror         x7, x5, x6
542 2869 0x0000094c 0x6062d3b3 M   ror         x7, x5, x6
543 2873 0x00000950 0x6062d3b3 M   ror         x7, x5, x6
544 2877 0x00000954 0x6062d3b3 M   ror         x7, x5, x6
545 2881 0x00000958 0x6062d3b3 M   ror         x7, x5, x6
546 2885 0x0000095c 0x6062d3b3 M   ror         x7, x5, x6
547 2896 0x00000960 0x6062d3b3 M   ror         x7, x5, x6
548 2900 0x00000964 0x6062d3b3 M   ror         x7, x5, x6
549 2904 0x00000968 0x6062d3b3 M   ror         x7, x5, x6
550 2908 0x0000096c 0x6062d3b3 M   ror         x7, x5, x6
551 2912 0x00000970 0x6062d3b3 M   ror         x7, x5, x6
552 2916 0x00000974 0x6062d3b3 M   ror         x7, x5, x6
553 2920 0x00000978 0x6062d3b3 M   ror         x7, x5, x6
554 2924 0x0000097c 0x6062d3b3 M   ror         x7, x5, x6
555 2935 0x00000980 0x6062d3b3 M   ror         x7, x5, x6
556 2939 0x00000984 0x6062d3b3 M   ror         x7, x5, x6
557 2943 0x00000988 0x6062d3b3 M   ror         x7, x5, x6
558 2947 0x0000098c 0x6062d3b3 M   ror         x7, x5, x6
559 2951 0x00000990 0x6062d3b3 M   ror         x7, x5, x6
560 2955 0x00000994 0x6062d3b3 M   ror         x7, x5, x6
561 2959 0x00000998 0x6062d3b3 M   ror         x7, x5, x6
562 2963 0x0000099c 0x6062d3b3 M   ror         x7, x5, x6
563 2974 0x000009a0 0x6062d3b3 M   ror         x7, x5, x6
564 2978 0x000009a4 0x6062d3b3 M   ror         x7, x5, x6
565 2982 0x000009a8 0x6062d3b3 M   ror         x7, x5, x6
566 2986 0x000009ac 0x6062d3b3 M   ror         x7, x5, x6
567 2990 0x000009b0 0x6062d3b3 M   ror         x7, x5, x6
568 2994 0x000009b4 0x6062d3b3 M   ror         x7, x5, x6
569 2998 0x000009b8 0x6062d3b3 M   ror         x7, x5, x6
570 3002 0x000009bc 0x6062d3b3 M   ror         x7, x5, x6
571 3013 0x000009c0 0x6062d3b3 M   ror         x7, x5, x6
572 3017 0x000009c4 0x6062d3b3 M   ror         x7, x5, x6
573 3021 0x000009c8 0x6062d3b3 M   ror         x7, x5, x6
574 3025 0x000009cc 0x6062d3b3 M   ror         x7, x5, x6
575 3029 0x000009d0 0x6062d3b3 M   ror         x7, x5, x6
576 3033 0x000009d4 0x6062d3b3 M   ror         x7, x5, x6
577 3037 0x000009d8 0x6062d3b3 M   ror         x7, x5, x6
578 3041 0x000009dc 0x6062d3b3 M   ror         x7, x5, x6
579 3052 0x000009e0 0x6062d3b3 M   ror         x7, x5, x6
580 3056 0x000009e4 0x6062d3b3 M   ror         x7, x5, x6
581 3060 0x000009e8 0x6062d3b3 M   ror         x7, x5, x6
582 3064 0x000009ec 0x6062d3b3 M   ror         x7, x5, x6
583 3068 0x000009f0 0x6062d3b3 M   ror         x7, x5, x6
584 3072 0x000009f4 0x6062d3b3 M   ror         x7, x5, x6
585 3076 0x000009f8 0x6062d3b3 M   ror         x7, x5, x6
586 3080 0x000009fc 0x6062d3b3 M   ror         x7, x5, x6
587 3091 0x00000a00 0x6062d3b3 M   ror         x7, x5, x6
588 3095 0x00000a04 0x6062d3b3 M   ror         x7, x5, x6
589 3099 0x00000a08 0x6062d3b3 M   ror         x7, x5, x6
590 3103 0x00000a0c 0x6062d3b3 M   ror         x7, x5, x6
591 3107 0x00000a10 0x6062d3b3 M   ror         x7, x5, x6
592 3111 0x00000a14 0x6062d3b3 M   ror         x7, x5, x6
593 3115 0x00000a18 0x6062d3b3 M   ror         x7, x5, x6
594 3119 0x00000a1c 0x6062d3b3 M   ror         x7, x5, x6
595 3130 0x00000a20 0x6062d3b3 M   ror         x7, x5, x6
596 3134 0x00000a24 0x6062d3b3 M   ror         x7, x5, x6
597 3138 0x00000a28 0x6062d3b3 M   ror         x7, x5, x6
598 3142 0x00000a2c 0x6062d3b3 M   ror         x7, x5, x6
599 3146 0x00000a30 0x6062d3b3 M   ror         x7, x5, x6
600 3150 0x00000a34 0x6062d3b3 M   ror         x7, x5, x6
601 3154 0x00000a38 0x6062d3b3 M   ror         x7, x5, x6
602 3158 0x00000a3c 0x6062d3b3 M   ror         x7, x5, x6
603 3169 0x00000a40 0x6062d3b3 M   ror         x7, x5, x6
604 3173 0x00000a44 0x6062d3b3 M   ror         x7, x5, x6
605 3177 0x00000a48 0x6062d3b3 M   ror         x7, x5, x6
606 3181 0x00000a4c 0x6062d3b3 M   ror         x7, x5, x6
607 3185 0x00000a50 0x6062d3b3 M   ror         x7, x5, x6
608 3189 0x00000a54 0x6062d3b3 M   ror         x7, x5, x6
609 3193 0x00000a58 0x6062d3b3 M   ror         x7, x5, x6
610 3197 0x00000a5c 0x6062d3b3 M   ror         x7, x5, x6
611 3208 0x00000a60 0x6062d3b3 M   ror         x7, x5, x6
612 3212 0x00000a64 0x6062d3b3 M   ror         x7, x5, x6
613 3216 0x00000a68 0x6062d3b3 M   ror         x7, x5, x6
614 3220 0x00000a6c 0x6062d3b3 M   ror         x7, x5, x6
615 3224 0x00000a70 0x6062d3b3 M   ror         x7, x5, x6
616 3228 0x00000a74 0x6062d3b3 M   ror         x7, x5, x6
617 3232 0x00000a78 0x6062d3b3 M   ror         x7, x5, x6
618 3236 0x00000a7c 0x6062d3b3 M   ror         x7, x5, x6
619 3247 0x00000a80 0x6062d3b3 M   ror         x7, x5, x6
620 3251 0x00000a84 0x6062d3b3 M   ror         x7, x5, x6
621 3255 0x00000a88 0x6062d3b3 M   ror         x7, x5, x6
622 3259 0x00000a8c 0x6062d3b3 M   ror         x7, x5, x6
623 3263 0x00000a90 0x6062d3b3 M   ror         x7, x5, x6
624 3267 0x00000a94 0x6062d3b3 M   ror         x7, x5, x6
625 3271 0x00000a98 0x6062d3b3 M   ror         x7, x5, x6
626 3275 0x00000a9c 0x6062d3b3 M   ror         x7, x5, x6
627 3286 0x00000aa0 0x6062d3b3 M   ror         x7, x5, x6
628 3290 0x00000aa4 0x6062d3b3 M   ror         x7, x5, x6
629 3294 0x00000aa8 0x6062d3b3 M   ror         x7, x5, x6
630 3298 0x00000aac 0x6062d3b3 M   ror         x7, x5, x6
631 3302 0x00000ab0 0x6062d3b3 M   ror         x7, x5, x6
632 3306 0x00000ab4 0x6062d3b3 M   ror         x7, x5, x6
633 3310 0x00000ab8 0x6062d3b3 M   ror         x7, x5, x6
634 3314 0x00000abc 0x6062d3b3 M   ror         x7, x5, x6
635 3325 0x00000ac0 0x6062d3b3 M   ror         x7, x5, x6
636 3329 0x00000ac4 0x6062d3b3 M   ror         x7, x5, x6
637 3333 0x00000ac8 0x6062d3b3 M   ror         x7, x5, x6
638 3337 0x00000acc 0x6062d3b3 M   ror         x7, x5, x6
639 3341 0x00000ad0 0x6062d3b3 M   ror         x7, x5, x6
640 3345 0x00000ad4 0x6062d3b3 M   ror         x7, x5, x6
641 3349 0x00000ad8 0x6062d3b3 M   ror         x7, x5, x6
642 3353 0x00000adc 0x6062d3b3 M   ror         x7, x5, x6
643 3364 0x00000ae0 0x6062d3b3 M   ror         x7, x5, x6
644 3368 0x00000ae4 0x6062d3b3 M   ror         x7, x5, x6
645 3372 0x00000ae8 0x6062d3b3 M   ror         x7, x5, x6
646 3376 0x00000aec 0x6062d3b3 M   ror         x7, x5, x6
647 3380 0x00000af0 0x6062d3b3 M   ror         x7, x5, x6
648 3384 0x00000af4 0x6062d3b3 M   ror         x7, x5, x6
649 3388 0x00000af8 0x6062d3b3 M   ror         x7, x5, x6
650 3392 0x00000afc 0x6062d3b3 M   ror         x7, x5, x6
651 3403 0x00000b00 0x6062d3b3 M   ror         x7, x5, x6
652 3407 0x00000b04 0x6062d3b3 M   ror         x7, x5, x6
653 3411 0x00000b08 0x6062d3b3 M   ror         x7, x5, x6
654 3415 0x00000b0c 0x6062d3b3 M   ror         x7, x5, x6
655 3419 0x00000b10 0x6062d3b3 M   ror         x7, x5, x6
656 3423 0x00000b14 0x6062d3b3 M   ror         x7, x5, x6
657 3427 0x00000b18 0x6062d3b3 M   ror         x7, x5, x6
658 3431 0x00000b1c 0x6062d3b3 M   ror         x7, x5, x6
659 3442 0x00000b20 0x6062d3b3 M   ror         x7, x5, x6
660 3446 0x00000b24 0x6062d3b3 M   ror         x7, x5, x6
661 3450 0x00000b28 0x6062d3b3 M   ror         x7, x5, x6
662 3454 0x00000b2c 0x6062d3b3 M   ror         x7, x5, x6
663 3458 0x00000b30 0x6062d3b3 M   ror         x7, x5, x6
664 3462 0x00000b34 0x6062d3b3 M   ror         x7, x5, x6
665 3466 0x00000b38 0x6062d3b3 M   ror         x7, x5, x6
666 3470 0x00000b3c 0x6062d3b3 M   ror         x7, x5, x6
667 3481 0x00000b40 0x6062d3b3 M   ror         x7, x5, x6
668 3485 0x00000b44 0x6062d3b3 M   ror         x7, x5, x6
669 3489 0x00000b48 0x6062d3b3 M   ror         x7, x5, x6
670 3493 0x00000b4c 0x6062d3b3 M   ror         x7, x5, x6
671 3497 0x00000b50 0x6062d3b3 M   ror         x7, x5, x6
672 3501 0x00000b54 0x6062d3b3 M   ror         x7, x5, x6
673 3505 0x00000b58 0x6062d3b3 M   ror         x7, x5, x6
674 3509 0x00000b5c 0x6062d3b3 M   ror         x7, x5, x6
675 3520 0x00000b60 0x6062d3b3 M   ror         x7, x5, x6
676 3524 0x00000b64 0x6062d3b3 M   ror         x7, x5, x6
677 3528 0x00000b68 0x6062d3b3 M   ror         x7, x5, x6
678 3532 0x00000b6c 0x6062d3b3 M   ror         x7, x5, x6
679 3536 0x00000b70 0x6062d3b3 M   ror         x7, x5, x6
680 3540 0x00000b74 0x6062d3b3 M   ror         x7, x5, x6
681 3544 0x00000b78 0x6062d3b3 M   ror         x7, x5, x6
682 3548 0x00000b7c 0x6062d3b3 M   ror         x7, x5, x6
683 3559 0x00000b80 0x6062d3b3 M   ror         x7, x5, x6
684 3563 0x00000b84 0x6062d3b3 M   ror         x7, x5, x6
685 3567 0x00000b88 0x6062d3b3 M   ror         x7, x5, x6
686 3571 0x00000b8c 0x6062d3b3 M   ror         x7, x5, x6
687 3575 0x00000b90 0x6062d3b3 M   ror         x7, x5, x6
688 3579 0x00000b94 0x6062d3b3 M   ror         x7, x5, x6
689 3583 0x00000b98 0x6062d3b3 M   ror         x7, x5, x6
690 3587 0x00000b9c 0x6062d3b3 M   ror         x7, x5, x6
691 3598 0x00000ba0 0x6062d3b3 M   ror         x7, x5, x6
692 3602 0x00000ba4 0x6062d3b3 M   ror         x7, x5, x6
693 3606 0x00000ba8 0x6062d3b3 M   ror         x7, x5, x6
694 3610 0x00000bac 0x6062d3b3 M   ror         x7, x5, x6
695 3614 0x00000bb0 0x6062d3b3 M   ror         x7, x5, x6
696 3618 0x00000bb4 0x6062d3b3 M   ror         x7, x5, x6
697 3622 0x00000bb8 0x6062d3b3 M   ror         x7, x5, x6
698 3626 0x00000bbc 0x6062d3b3 M   ror         x7, x5, x6
699 3637 0x00000bc0 0x6062d3b3 M   ror         x7, x5, x6
700 3641 0x00000bc4 0x6062d3b3 M   ror         x7, x5, x6
701 3645 0x00000bc8 0x6062d3b3 M   ror         x7, x5, x6
702 3649 0x00000bcc 0x6062d3b3 M   ror         x7, x5, x6
703 3653 0x00000bd0 0x6062d3b3 M   ror         x7, x5, x6
704 3657 0x00000bd4 0x6062d3b3 M   ror         x7, x5, x6
705 3661 0x00000bd8 0x6062d3b3 M   ror         x7, x5, x6
706 3665 0x00000bdc 0x6062d3b3 M   ror         x7, x5, x6
707 3676 0x00000be0 0x6062d3b3 M   ror         x7, x5, x6
708 3680 0x00000be4 0x6062d3b3 M   ror         x7, x5, x6
709 3684 0x00000be8 0x6062d3b3 M   ror         x7, x5, x6
710 3688 0x00000bec 0x6062d3b3 M   ror         x7, x5, x6
711 3692 0x00000bf0 0x6062d3b3 M   ror         x7, x5, x6
712 3696 0x00000bf4 0x6062d3b3 M   ror         x7, x5, x6
713 3700 0x00000bf8 0x6062d3b3 M   ror         x7, x5, x6
714 3704 0x00000bfc 0x6062d3b3 M   ror         x7, x5, x6
715 3715 0x00000c00 0x6062d3b3 M   ror         x7, x5, x6
716 3719 0x00000c04 0x6062d3b3 M   ror         x7, x5, x6
717 3723 0x00000c08 0x6062d3b3 M   ror         x7, x5, x6
718 3727 0x00000c0c 0x6062d3b3 M   ror         x7, x5, x6
719 3731 0x00000c10 0x6062d3b3 M   ror         x7, x5, x6
720 3735 0x00000c14 0x6062d3b3 M   ror         x7, x5, x6
721 3739 0x00000c18 0x6062d3b3 M   ror         x7, x5, x6
722 3743 0x00000c1c 0x6062d3b3 M   ror         x7, x5, x6
723 3754 0x00000c20 0x6062d3b3 M   ror         x7, x5, x6
724 3758 0x00000c24 0x6062d3b3 M   ror         x7, x5, x6
725 3762 0x00000c28 0x6062d3b3 M   ror         x7, x5, x6
726 3766 0x00000c2c 0x6062d3b3 M   ror         x7, x5, x6
727 3770 0x00000c30 0x6062d3b3 M   ror         x7, x5, x6
728 3774 0x00000c34 0x6062d3b3 M   ror         x7, x5, x6
729 3778 0x00000c38 0x6062d3b3 M   ror         x7, x5, x6
730 3782 0x00000c3c 0x6062d3b3 M   ror         x7, x5, x6
731 3793 0x00000c40 0x6062d3b3 M   ror         x7, x5, x6
732 3797 0x00000c44 0x6062d3b3 M   ror         x7, x5, x6
733 3801 0x00000c48 0x6062d3b3 M   ror         x7, x5, x6
734 3805 0x00000c4c 0x6062d3b3 M   ror         x7, x5, x6
735 3809 0x00000c50 0x6062d3b3 M   ror         x7, x5, x6
736 3813 0x00000c54 0x6062d3b3 M   ror         x7, x5, x6
737 3817 0x00000c58 0x6062d3b3 M   ror         x7, x5, x6
738 3821 0x00000c5c 0x6062d3b3 M   ror         x7, x5, x6
739 3832 0x00000c60 0x6062d3b3 M   ror         x7, x5, x6
740 3836 0x00000c64 0x6062d3b3 M   ror         x7, x5, x6
741 3840 0x00000c68 0x6062d3b3 M   ror         x7, x5, x6
742 3844 0x00000c6c 0x6062d3b3 M   ror         x7, x5, x6
743 3848 0x00000c70 0x6062d3b3 M   ror         x7, x5, x6
744 3852 0x00000c74 0x6062d3b3 M   ror         x7, x5, x6
745 3856 0x00000c78 0x6062d3b3 M   ror         x7, x5, x6
746 3860 0x00000c7c 0x6062d3b3 M   ror         x7, x5, x6
747 3871 0x00000c80 0x6062d3b3 M   ror         x7, x5, x6
748 3875 0x00000c84 0x6062d3b3 M   ror         x7, x5, x6
749 3879 0x00000c88 0x6062d3b3 M   ror         x7, x5, x6
750 3883 0x00000c8c 0x6062d3b3 M   ror         x7, x5, x6
751 3887 0x00000c90 0x6062d3b3 M   ror         x7, x5, x6
752 3891 0x00000c94 0x6062d3b3 M   ror         x7, x5, x6
753 3895 0x00000c98 0x6062d3b3 M   ror         x7, x5, x6
754 3899 0x00000c9c 0x6062d3b3 M   ror         x7, x5, x6
755 3910 0x00000ca0 0x6062d3b3 M   ror         x7, x5, x6
756 3914 0x00000ca4 0x6062d3b3 M   ror         x7, x5, x6
757 3918 0x00000ca8 0x6062d3b3 M   ror         x7, x5, x6
758 3922 0x00000cac 0x6062d3b3 M   ror         x7, x5, x6
759 3926 0x00000cb0 0x6062d3b3 M   ror         x7, x5, x6
760 3930 0x00000cb4 0x6062d3b3 M   ror         x7, x5, x6
761 3934 0x00000cb8 0x6062d3b3 M   ror         x7, x5, x6
762 3938 0x00000cbc 0x6062d3b3 M   ror         x7, x5, x6
763 3949 0x00000cc0 0x6062d3b3 M   ror         x7, x5, x6
764 3953 0x00000cc4 0x6062d3b3 M   ror         x7, x5, x6
765 3957 0x00000cc8 0x6062d3b3 M   ror         x7, x5, x6
766 3961 0x00000ccc 0x6062d3b3 M   ror         x7, x5, x6
767 3965 0x00000cd0 0x6062d3b3 M   ror         x7, x5, x6
768 3969 0x00000cd4 0x6062d3b3 M   ror         x7, x5, x6
769 3973 0x00000cd8 0x6062d3b3 M   ror         x7, x5, x6
770 3977 0x00000cdc 0x6062d3b3 M   ror         x7, x5, x6
771 3988 0x00000ce0 0x6062d3b3 M   ror         x7, x5, x6
772 3992 0x00000ce4 0x6062d3b3 M   ror         x7, x5, x6
773 3996 0x00000ce8 0x6062d3b3 M   ror         x7, x5, x6
774 4000 0x00000cec 0x6062d3b3 M   ror         x7, x5, x6
775 4004 0x00000cf0 0x6062d3b3 M   ror         x7, x5, x6
776 4008 0x00000cf4 0x6062d3b3 M   ror         x7, x5, x6
777 4012 0x00000cf8 0x6062d3b3 M   ror         x7, x5, x6
778 4016 0x00000cfc 0x6062d3b3 M   ror         x7, x5, x6
779 4027 0x00000d00 0x6062d3b3 M   ror         x7, x5, x6
780 4031 0x00000d04 0x6062d3b3 M   ror         x7, x5, x6
781 4035 0x00000d08 0x6062d3b3 M   ror         x7, x5, x6
782 4039 0x00000d0c 0x6062d3b3 M   ror         x7, x5, x6
783 4043 0x00000d10 0x6062d3b3 M   ror         x7, x5, x6
784 4047 0x00000d14 0x6062d3b3 M   ror         x7, x5, x6
785 4051 0x00000d18 0x6062d3b3 M   ror         x7, x5, x6
786 4055 0x00000d1c 0x6062d3b3 M   ror         x7, x5, x6
787 4066 0x00000d20 0x6062d3b3 M   ror         x7, x5, x6
788 4070 0x00000d24 0x6062d3b3 M   ror         x7, x5, x6
789 4074 0x00000d28 0x6062d3b3 M   ror         x7, x5, x6
790 4078 0x00000d2c 0x6062d3b3 M   ror         x7, x5, x6
791 4082 0x00000d30 0x6062d3b3 M   ror         x7, x5, x6
792 4086 0x00000d34 0x6062d3b3 M   ror         x7, x5, x6
793 4090 0x00000d38 0x6062d3b3 M   ror         x7, x5, x6
794 4094 0x00000d3c 0x6062d3b3 M   ror         x7, x5, x6
795 4105 0x00000d40 0x6062d3b3 M   ror         x7, x5, x6
796 4109 0x00000d44 0x6062d3b3 M   ror         x7, x5, x6
797 4113 0x00000d48 0x6062d3b3 M   ror         x7, x5, x6
798 4117 0x00000d4c 0x6062d3b3 M   ror         x7, x5, x6
799 4121 0x00000d50 0x6062d3b3 M   ror         x7, x5, x6
800 4125 0x00000d54 0x6062d3b3 M   ror         x7, x5, x6
801 4129 0x00000d58 0x6062d3b3 M   ror         x7, x5, x6
802 4133 0x00000d5c 0x6062d3b3 M   ror         x7, x5, x6
803 4144 0x00000d60 0x6062d3b3 M   ror         x7, x5, x6
804 4148 0x00000d64 0x6062d3b3 M   ror         x7, x5, x6
805 4152 0x00000d68 0x6062d3b3 M   ror         x7, x5, x6
806 4156 0x00000d6c 0x6062d3b3 M   ror         x7, x5, x6
807 4160 0x00000d70 0x6062d3b3 M   ror         x7, x5, x6
808 4164 0x00000d74 0x6062d3b3 M   ror         x7, x5, x6
809 4168 0x00000d78 0x6062d3b3 M   ror         x7, x5, x6
810 4172 0x00000d7c 0x6062d3b3 M   ror         x7, x5, x6
811 4183 0x00000d80 0x6062d3b3 M   ror         x7, x5, x6
812 4187 0x00000d84 0x6062d3b3 M   ror         x7, x5, x6
813 4191 0x00000d88 0x6062d3b3 M   ror         x7, x5, x6
814 4195 0x00000d8c 0x6062d3b3 M   ror         x7, x5, x6
815 4199 0x00000d90 0x6062d3b3 M   ror         x7, x5, x6
816 4203 0x00000d94 0x6062d3b3 M   ror         x7, x5, x6
817 4207 0x00000d98 0x6062d3b3 M   ror         x7, x5, x6
818 4211 0x00000d9c 0x6062d3b3 M   ror         x7, x5, x6
819 4222 0x00000da0 0x6062d3b3 M   ror         x7, x5, x6
820 4226 0x00000da4 0x6062d3b3 M   ror         x7, x5, x6
821 4230 0x00000da8 0x6062d3b3 M   ror         x7, x5, x6
822 4234 0x00000dac 0x6062d3b3 M   ror         x7, x5, x6
823 4238 0x00000db0 0x6062d3b3 M   ror         x7, x5, x6
824 4242 0x00000db4 0x6062d3b3 M   ror         x7, x5, x6
825 4246 0x00000db8 0x6062d3b3 M   ror         x7, x5, x6
826 4250 0x00000dbc 0x6062d3b3 M   ror         x7, x5, x6
827 4261 0x00000dc0 0x6062d3b3 M   ror         x7, x5, x6
828 4265 0x00000dc4 0x6062d3b3 M   ror         x7, x5, x6
829 4269 0x00000dc8 0x6062d3b3 M   ror         x7, x5, x6
830 4273 0x00000dcc 0x6062d3b3 M   ror         x7, x5, x6
831 4277 0x00000dd0 0x6062d3b3 M   ror         x7, x5, x6
832 4281 0x00000dd4 0x6062d3b3 M   ror         x7, x5, x6
833 4285 0x00000dd8 0x6062d3b3 M   ror         x7, x5, x6
834 4289 0x00000ddc 0x6062d3b3 M   ror         x7, x5, x6
835 4300 0x00000de0 0x6062d3b3 M   ror         x7, x5, x6
836 4304 0x00000de4 0x6062d3b3 M   ror         x7, x5, x6
837 4308 0x00000de8 0x6062d3b3 M   ror         x7, x5, x6
838 4312 0x00000dec 0x6062d3b3 M   ror         x7, x5, x6
839 4316 0x00000df0 0x6062d3b3 M   ror         x7, x5, x6
840 4320 0x00000df4 0x6062d3b3 M   ror         x7, x5, x6
841 4324 0x00000df8 0x6062d3b3 M   ror         x7, x5, x6
842 4328 0x00000dfc 0x6062d3b3 M   ror         x7, x5, x6
843 4339 0x00000e00 0x6062d3b3 M   ror         x7, x5, x6
844 4343 0x00000e04 0x6062d3b3 M   ror         x7, x5, x6
845 4347 0x00000e08 0x6062d3b3 M   ror         x7, x5, x6
846 4351 0x00000e0c 0x6062d3b3 M   ror         x7, x5, x6
847 4355 0x00000e10 0x6062d3b3 M   ror         x7, x5, x6
848 4359 0x00000e14 0x6062d3b3 M   ror         x7, x5, x6
849 4363 0x00000e18 0x6062d3b3 M   ror         x7, x5, x6
850 4367 0x00000e1c 0x6062d3b3 M   ror         x7, x5, x6
851 4378 0x00000e20 0x6062d3b3 M   ror         x7, x5, x6
852 4382 0x00000e24 0x6062d3b3 M   ror         x7, x5, x6
853 4386 0x00000e28 0x6062d3b3 M   ror         x7, x5, x6
854 4390 0x00000e2c 0x6062d3b3 M   ror         x7, x5, x6
855 4394 0x00000e30 0x6062d3b3 M   ror         x7, x5, x6
856 4398 0x00000e34 0x6062d3b3 M   ror         x7, x5, x6
857 4402 0x00000e38 0x6062d3b3 M   ror         x7, x5, x6
858 4406 0x00000e3c 0x6062d3b3 M   ror         x7, x5, x6
859 4417 0x00000e40 0x6062d3b3 M   ror         x7, x5, x6
860 4421 0x00000e44 0x6062d3b3 M   ror         x7, x5, x6
861 4425 0x00000e48 0x6062d3b3 M   ror         x7, x5, x6
862 4429 0x00000e4c 0x6062d3b3 M   ror         x7, x5, x6
863 4433 0x00000e50 0x6062d3b3 M   ror         x7, x5, x6
864 4437 0x00000e54 0x6062d3b3 M   ror         x7, x5, x6
865 4441 0x00000e58 0x6062d3b3 M   ror         x7, x5, x6
866 4445 0x00000e5c 0x6062d3b3 M   ror         x7, x5, x6
867 4456 0x00000e60 0x6062d3b3 M   ror         x7, x5, x6
868 4460 0x00000e64 0x6062d3b3 M   ror         x7, x5, x6
869 4464 0x00000e68 0x6062d3b3 M   ror         x7, x5, x6
870 4468 0x00000e6c 0x6062d3b3 M   ror         x7, x5, x6
871 4472 0x00000e70 0x6062d3b3 M   ror         x7, x5, x6
872 4476 0x00000e74 0x6062d3b3 M   ror         x7, x5, x6
873 4480 0x00000e78 0x6062d3b3 M   ror         x7, x5, x6
874 4484 0x00000e7c 0x6062d3b3 M   ror         x7, x5, x6
875 4495 0x00000e80 0x6062d3b3 M   ror         x7, x5, x6
876 4499 0x00000e84 0x6062d3b3 M   ror         x7, x5, x6
877 4503 0x00000e88 0x6062d3b3 M   ror         x7, x5, x6
878 4507 0x00000e8c 0x6062d3b3 M   ror         x7, x5, x6
879 4511 0x00000e90 0x6062d3b3 M   ror         x7, x5, x6
880 4515 0x00000e94 0x6062d3b3 M   ror         x7, x5, x6
881 4519 0x00000e98 0x6062d3b3 M   ror         x7, x5, x6
882 4523 0x00000e9c 0x6062d3b3 M   ror         x7, x5, x6
883 4534 0x00000ea0 0x6062d3b3 M   ror         x7, x5, x6
884 4538 0x00000ea4 0x6062d3b3 M   ror         x7, x5, x6
885 4542 0x00000ea8 0x6062d3b3 M   ror         x7, x5, x6
886 4546 0x00000eac 0x6062d3b3 M   ror         x7, x5, x6
887 4550 0x00000eb0 0x6062d3b3 M   ror         x7, x5, x6
888 4554 0x00000eb4 0x6062d3b3 M   ror         x7, x5, x6
889 4558 0x00000eb8 0x6062d3b3 M   ror         x7, x5, x6
890 4562 0x00000ebc 0x6062d3b3 M   ror         x7, x5, x6
891 4573 0x00000ec0 0x6062d3b3 M   ror         x7, x5, x6
892 4577 0x00000ec4 0x6062d3b3 M   ror         x7, x5, x6
893 4581 0x00000ec8 0x6062d3b3 M   ror         x7, x5, x6
894 4585 0x00000ecc 0x6062d3b3 M   ror         x7, x5, x6
895 4589 0x00000ed0 0x6062d3b3 M   ror         x7, x5, x6
896 4593 0x00000ed4 0x6062d3b3 M   ror         x7, x5, x6
897 4597 0x00000ed8 0x6062d3b3 M   ror         x7, x5, x6
898 4601 0x00000edc 0x6062d3b3 M   ror         x7, x5, x6
899 4612 0x00000ee0 0x6062d3b3 M   ror         x7, x5, x6
900 4616 0x00000ee4 0x6062d3b3 M   ror         x7, x5, x6
901 4620 0x00000ee8 0x6062d3b3 M   ror         x7, x5, x6
902 4624 0x00000eec 0x6062d3b3 M   ror         x7, x5, x6
903 4628 0x00000ef0 0x6062d3b3 M   ror         x7, x5, x6
904 4632 0x00000ef4 0x6062d3b3 M   ror         x7, x5, x6
905 4636 0x00000ef8 0x6062d3b3 M   ror         x7, x5, x6
906 4640 0x00000efc 0x6062d3b3 M   ror         x7, x5, x6
907 4651 0x00000f00 0x6062d3b3 M   ror         x7, x5, x6
908 4655 0x00000f04 0x6062d3b3 M   ror         x7, x5, x6
909 4659 0x00000f08 0x6062d3b3 M   ror         x7, x5, x6
910 4663 0x00000f0c 0x6062d3b3 M   ror         x7, x5, x6
911 4667 0x00000f10 0x6062d3b3 M   ror         x7, x5, x6
912 4671 0x00000f14 0x6062d3b3 M   ror         x7, x5, x6
913 4675 0x00000f18 0x6062d3b3 M   ror         x7, x5, x6
914 4679 0x00000f1c 0x6062d3b3 M   ror         x7, x5, x6
915 4690 0x00000f20 0x6062d3b3 M   ror         x7, x5, x6
916 4694 0x00000f24 0x6062d3b3 M   ror         x7, x5, x6
917 4698 0x00000f28 0x6062d3b3 M   ror         x7, x5, x6
918 4702 0x00000f2c 0x6062d3b3 M   ror         x7, x5, x6
919 4706 0x00000f30 0x6062d3b3 M   ror         x7, x5, x6
920 4710 0x00000f34 0x6062d3b3 M   ror         x7, x5, x6
921 4714 0x00000f38 0x6062d3b3 M   ror         x7, x5, x6
922 4718 0x00000f3c 0x6062d3b3 M   ror         x7, x5, x6
923 4729 0x00000f40 0x6062d3b3 M   ror         x7, x5, x6
924 4733 0x00000f44 0x6062d3b3 M   ror         x7, x5, x6
925 4737 0x00000f48 0x6062d3b3 M   ror         x7, x5, x6
926 4741 0x00000f4c 0x6062d3b3 M   ror         x7, x5, x6
927 4745 0x00000f50 0x6062d3b3 M   ror         x7, x5, x6
928 4749 0x00000f54 0x6062d3b3 M   ror         x7, x5, x6
929 4753 0x00000f58 0x6062d3b3 M   ror         x7, x5, x6
930 4757 0x00000f5c 0x6062d3b3 M   ror         x7, x5, x6
931 4768 0x00000f60 0x6062d3b3 M   ror         x7, x5, x6
932 4772 0x00000f64 0x6062d3b3 M   ror         x7, x5, x6
933 4776 0x00000f68 0x6062d3b3 M   ror         x7, x5, x6
934 4780 0x00000f6c 0x6062d3b3 M   ror         x7, x5, x6
935 4784 0x00000f70 0x6062d3b3 M   ror         x7, x5, x6
936 4788 0x00000f74 0x6062d3b3 M   ror         x7, x5, x6
937 4792 0x00000f78 0x6062d3b3 M   ror         x7, x5, x6
938 4796 0x00000f7c 0x6062d3b3 M   ror         x7, x5, x6
939 4807 0x00000f80 0x6062d3b3 M   ror         x7, x5, x6
940 4811 0x00000f84 0x6062d3b3 M   ror         x7, x5, x6
941 4815 0x00000f88 0x6062d3b3 M   ror         x7, x5, x6
942 4819 0x00000f8c 0x6062d3b3 M   ror         x7, x5, x6
943 4823 0x00000f90 0x6062d3b3 M   ror         x7, x5, x6
944 4827 0x00000f94 0x6062d3b3 M   ror         x7, x5, x6
945 4831 0x00000f98 0x6062d3b3 M   ror         x7, x5, x6
946 4835 0x00000f9c 0x6062d3b3 M   ror         x7, x5, x6
947 4846 0x00000fa0 0x6062d3b3 M   ror         x7, x5, x6
948 4850 0x00000fa4 0x6062d3b3 M   ror         x7, x5, x6
949 4854 0x00000fa8 0x6062d3b3 M   ror         x7, x5, x6
950 4858 0x00000fac 0x6062d3b3 M   ror         x7, x5, x6
951 4862 0x00000fb0 0x6062d3b3 M   ror         x7, x5, x6
952 4866 0x00000fb4 0x6062d3b3 M   ror         x7, x5, x6
953 4870 0x00000fb8 0x6062d3b3 M   ror         x7, x5, x6
954 4874 0x00000fbc 0x6062d3b3 M   ror         x7, x5, x6
955 4885 0x00000fc0 0x6062d3b3 M   ror         x7, x5, x6
956 4889 0x00000fc4 0x6062d3b3 M   ror         x7, x5, x6
957 4893 0x00000fc8 0x6062d3b3 M   ror         x7, x5, x6
958 4897 0x00000fcc 0x6062d3b3 M   ror         x7, x5, x6
959 4901 0x00000fd0 0x6062d3b3 M   ror         x7, x5, x6
960 4905 0x00000fd4 0x6062d3b3 M   ror         x7, x5, x6
961 4909 0x00000fd8 0x6062d3b3 M   ror         x7, x5, x6
962 4913 0x00000fdc 0x6062d3b3 M   ror         x7, x5, x6
963 4924 0x00000fe0 0x6062d3b3 M   ror         x7, x5, x6
964 4928 0x00000fe4 0x6062d3b3 M   ror         x7, x5, x6
965 4932 0x00000fe8 0x6062d3b3 M   ror         x7, x5, x6
966 4936 0x00000fec 0x6062d3b3 M   ror         x7, x5, x6
967 4940 0x00000ff0 0x6062d3b3 M   ror         x7, x5, x6
968 4944 0x00000ff4 0x6062d3b3 M   ror         x7, x5, x6
969 4948 0x00000ff8 0x6062d3b3 M   ror         x7, x5, x6
970 4952 0x00000ffc 0x6062d3b3 M   ror         x7, x5, x6
971 4963 0x00001000 0x6062d3b3 M   ror         x7, x5, x6
972 4967 0x00001004 0x6062d3b3 M   ror         x7, x5, x6
973 4971 0x00001008 0x6062d3b3 M   ror         x7, x5, x6
974 4975 0x0000100c 0x6062d3b3 M   ror         x7, x5, x6
975 4979 0x00001010 0x6062d3b3 M   ror         x7, x5, x6
976 4983 0x00001014 0x6062d3b3 M   ror         x7, x5, x6
977 4987 0x00001018 0x6062d3b3 M   ror         x7, x5, x6
978 4991 0x0000101c 0x6062d3b3 M   ror         x7, x5, x6
979 5002 0x00001020 0x6062d3b3 M   ror         x7, x5, x6
980 5006 0x00001024 0x6062d3b3 M   ror         x7, x5, x6
981 5010 0x00001028 0x6062d3b3 M   ror         x7, x5, x6
982 5014 0x0000102c 0x6062d3b3 M   ror         x7, x5, x6
983 5018 0x00001030 0x6062d3b3 M   ror         x7, x5, x6
984 5022 0x00001034 0x6062d3b3 M   ror         x7, x5, x6
985 5026 0x00001038 0x6062d3b3 M   ror         x7, x5, x6
986 5030 0x0000103c 0x6062d3b3 M   ror         x7, x5, x6
987 5041 0x00001040 0x6062d3b3 M   ror         x7, x5, x6
988 5045 0x00001044 0x6062d3b3 M   ror         x7, x5, x6
989 5049 0x00001048 0x6062d3b3 M   ror         x7, x5, x6
990 5053 0x0000104c 0x6062d3b3 M   ror         x7, x5, x6
991 5057 0x00001050 0x6062d3b3 M   ror         x7, x5, x6
992 5061 0x00001054 0x6062d3b3 M   ror         x7, x5, x6
993 5065 0x00001058 0x6062d3b3 M   ror         x7, x5, x6
994 5069 0x0000105c 0x6062d3b3 M   ror         x7, x5, x6
995 5080 0x00001060 0x6062d3b3 M   ror         x7, x5, x6
996 5084 0x00001064 0x6062d3b3 M   ror         x7, x5, x6
997 5088 0x00001068 0x6062d3b3 M   ror         x7, x5, x6
998 5092 0x0000106c 0x6062d3b3 M   ror         x7, x5, x6
999 5096 0x00001070 0x6062d3b3 M   ror         x7, x5, x6
1000 5100 0x00001074 0x6062d3b3 M   ror         x7, x5, x6
1001 5104 0x00001078 0x6062d3b3 M   ror         x7, x5, x6
1002 5108 0x0000107c 0x6062d3b3 M   ror         x7, x5, x6
1003 5119 0x00001080 0x6062d3b3 M   ror         x7, x5, x6
1004 5123 0x00001084 0x6062d3b3 M   ror         x7, x5, x6
1005 5127 0x00001088 0x6062d3b3 M   ror         x7, x5, x6
1006 5131 0x0000108c 0x6062d3b3 M   ror         x7, x5, x6
1007 5135 0x00001090 0x6062d3b3 M   ror         x7, x5, x6
1008 5139 0x00001094 0x6062d3b3 M   ror         x7, x5, x6
1009 5143 0x00001098 0x6062d3b3 M   ror         x7, x5, x6
1010 5147 0x0000109c 0x6062d3b3 M   ror         x7, x5, x6
1011 5158 0x000010a0 0x6062d3b3 M   ror         x7, x5, x6
1012 5162 0x000010a4 0x6062d3b3 M   ror         x7, x5, x6
1013 5166 0x000010a8 0x6062d3b3 M   ror         x7, x5, x6
1014 5170 0x000010ac 0x6062d3b3 M   ror         x7, x5, x6
1015 5174 0x000010b0 0x6062d3b3 M   ror         x7, x5, x6
1016 5178 0x000010b4 0x6062d3b3 M   ror         x7, x5, x6
1017 5182 0x000010b8 0x6062d3b3 M   ror         x7, x5, x6
1018 5186 0x000010bc 0x6062d3b3 M   ror         x7, x5, x6
1019 5197 0x000010c0 0x6062d3b3 M   ror         x7, x5, x6
1020 5201 0x000010c4 0x6062d3b3 M   ror         x7, x5, x6
1021 5205 0x000010c8 0x6062d3b3 M   ror         x7, x5, x6
1022 5209 0x000010cc 0x6062d3b3 M   ror         x7, x5, x6
1023 5213 0x000010d0 0x6062d3b3 M   ror         x7, x5, x6
1024 5217 0x000010d4 0x6062d3b3 M   ror         x7, x5, x6
1025 5221 0x000010d8 0x6062d3b3 M   ror         x7, x5, x6
1026 5225 0x000010dc 0x6062d3b3 M   ror         x7, x5, x6
1027 5236 0x000010e0 0x6062d3b3 M   ror         x7, x5, x6
1028 5240 0x000010e4 0x6062d3b3 M   ror         x7, x5, x6
1029 5244 0x000010e8 0x6062d3b3 M   ror         x7, x5, x6
1030 5248 0x000010ec 0x6062d3b3 M   ror         x7, x5, x6
1031 5252 0x000010f0 0x6062d3b3 M   ror         x7, x5, x6
1032 5256 0x000010f4 0x6062d3b3 M   ror         x7, x5, x6
1033 5260 0x000010f8 0x6062d3b3 M   ror         x7, x5, x6
1034 5264 0x000010fc 0x6062d3b3 M   ror         x7, x5, x6
1035 5275 0x00001100 0x6062d3b3 M   ror         x7, x5, x6
1036 5279 0x00001104 0x6062d3b3 M   ror         x7, x5, x6
1037 5283 0x00001108 0x6062d3b3 M   ror         x7, x5, x6
1038 5287 0x0000110c 0x6062d3b3 M   ror         x7, x5, x6
1039 5291 0x00001110 0x6062d3b3 M   ror         x7, x5, x6
1040 5295 0x00001114 0x6062d3b3 M   ror         x7, x5, x6
1041 5299 0x00001118 0x6062d3b3 M   ror         x7, x5, x6
1042 5303 0x0000111c 0x6062d3b3 M   ror         x7, x5, x6
1043 5314 0x00001120 0x6062d3b3 M   ror         x7, x5, x6
1044 5318 0x00001124 0x6062d3b3 M   ror         x7, x5, x6
1045 5322 0x00001128 0x6062d3b3 M   ror         x7, x5, x6
1046 5326 0x0000112c 0x6062d3b3 M   ror         x7, x5, x6
1047 5330 0x00001130 0x6062d3b3 M   ror         x7, x5, x6
1048 5334 0x00001134 0x6062d3b3 M   ror         x7, x5, x6
1049 5338 0x00001138 0x6062d3b3 M   ror         x7, x5, x6
1050 5342 0x0000113c 0x6062d3b3 M   ror         x7, x5, x6
1051 5353 0x00001140 0x6062d3b3 M   ror         x7, x5, x6
1052 5357 0x00001144 0x6062d3b3 M   ror         x7, x5, x6
1053 5361 0x00001148 0x6062d3b3 M   ror         x7, x5, x6
1054 5365 0x0000114c 0x6062d3b3 M   ror         x7, x5, x6
1055 5369 0x00001150 0x6062d3b3 M   ror         x7, x5, x6
1056 5373 0x00001154 0x6062d3b3 M   ror         x7, x5, x6
1057 5377 0x00001158 0x6062d3b3 M   ror         x7, x5, x6
1058 5381 0x0000115c 0x6062d3b3 M   ror         x7, x5, x6
1059 5392 0x00001160 0x6062d3b3 M   ror         x7, x5, x6
1060 5396 0x00001164 0x6062d3b3 M   ror         x7, x5, x6
1061 5400 0x00001168 0x6062d3b3 M   ror         x7, x5, x6
1062 5404 0x0000116c 0x6062d3b3 M   ror         x7, x5, x6
1063 5407 0x00001170 0xc00024f3 M   csrrs       x9, cycle, x0
1064 5409 0x00001174 0x40848933 M   sub         x18, x9, x8
1065 5411 0x00001178 0x00000513 M   addi        x10, x0, 0
1066 5414 0x0000117c 0x00008067 M   jalr        x0, 0(x1)
1067 5442 0x00000160 0x30047073 M   csrrci      x0, mstatus, 8
1068 5445 0x00000164 0x30401073 M   csrrw       x0, mie, x0
1069 5447 0x00000168 0x00000597 M   auipc       x11, 0x00000000
1070 5449 0x0000016c 0x05058593 M   addi        x11, x11, 80
1071 5452 0x00000170 0x30559073 M   csrrw       x0, mtvec, x11
1072 5455 0x00000174 0x34051073 M   csrrw       x0, mscratch, x10
1073 5458 0x00000178 0xf1402473 M   csrrs       x8, mhartid, x0
1074 5461 0x0000017c 0x02041463 M   bne         x8, x0, 40
1075 5472 0x00000180 0x00001417 M   auipc       x8, 0x00001000
1076 5474 0x00000184 0x00040413 M   addi        x8, x8, 0
1077 5476 0x00000188 0x00001497 M   auipc       x9, 0x00001000
1078 5478 0x0000018c 0xff848493 M   addi        x9, x9, -8
1079 5481 0x00000190 0x00945a63 M   bge         x8, x9, 20
1080 5500 0x000001a4 0xf1402473 M   csrrs       x8, mhartid, x0
1081 5503 0x000001a8 0x00041463 M   bne         x8, x0, 8
1082 5506 0x000001ac 0x00100073 M   ebreak      
1083 5515 0x000001b8 0x10500073 M   wfi          <TRAP_ENTRY>
