0 30 0x00000000 0xf14020f3 M   csrrs       x1, mhartid, x0
1 32 0x00000004 0x80002217 M   auipc       x4, 0x80002000
2 34 0x00000008 0xffc20213 M   addi        x4, x4, -4
3 36 0x0000000c 0xff027113 M   andi        x2, x4, -16
4 38 0x00000010 0x80000197 M   auipc       x3, 0x80000000
5 40 0x00000014 0x7f018193 M   addi        x3, x3, 2032
6 42 0x00000018 0x000022b7 M   lui         x5, 0x00002000
7 44 0x0000001c 0x80028293 M   addi        x5, x5, -2048
8 58 0x00000020 0x30029073 M   csrrw       x0, mstatus, x5
9 60 0x00000024 0x00000317 M   auipc       x6, 0x00000000
10 62 0x00000028 0x19430313 M   addi        x6, x6, 404
11 65 0x0000002c 0x30531073 M   csrrw       x0, mtvec, x6
12 68 0x00000030 0x30401073 M   csrrw       x0, mie, x0
13 70 0x00000034 0x00001397 M   auipc       x7, 0x00001000
14 72 0x00000038 0x14838393 M   addi        x7, x7, 328
15 74 0x0000003c 0x80000417 M   auipc       x8, 0x80000000
16 87 0x00000040 0xfc440413 M   addi        x8, x8, -60
17 89 0x00000044 0x80000497 M   auipc       x9, 0x80000000
18 91 0x00000048 0xfbc48493 M   addi        x9, x9, -68
19 93 0x0000004c 0x80000517 M   auipc       x10, 0x80000000
20 95 0x00000050 0xfb450513 M   addi        x10, x10, -76
21 97 0x00000054 0x80000597 M   auipc       x11, 0x80000000
22 99 0x00000058 0xfac58593 M   addi        x11, x11, -84
23 101 0x0000005c 0x00000613 M   addi        x12, x0, 0
24 115 0x00000060 0x00000693 M   addi        x13, x0, 0
25 117 0x00000064 0x00000713 M   addi        x14, x0, 0
26 119 0x00000068 0x00000793 M   addi        x15, x0, 0
27 121 0x0000006c 0x00000813 M   addi        x16, x0, 0
28 123 0x00000070 0x00000893 M   addi        x17, x0, 0
29 125 0x00000074 0x00000913 M   addi        x18, x0, 0
30 127 0x00000078 0x00000993 M   addi        x19, x0, 0
31 129 0x0000007c 0x00000a13 M   addi        x20, x0, 0
32 143 0x00000080 0x00000a93 M   addi        x21, x0, 0
33 145 0x00000084 0x00000b13 M   addi        x22, x0, 0
34 147 0x00000088 0x00000b93 M   addi        x23, x0, 0
35 149 0x0000008c 0x00000c13 M   addi        x24, x0, 0
36 151 0x00000090 0x00000c93 M   addi        x25, x0, 0
37 153 0x00000094 0x00000d13 M   addi        x26, x0, 0
38 155 0x00000098 0x00000d93 M   addi        x27, x0, 0
39 157 0x0000009c 0x00000e13 M   addi        x28, x0, 0
40 171 0x000000a0 0x00000e93 M   addi        x29, x0, 0
41 173 0x000000a4 0x00000f13 M   addi        x30, x0, 0
42 175 0x000000a8 0x00000f93 M   addi        x31, x0, 0
43 178 0x000000ac 0x04008463 M   beq         x1, x0, 72
44 200 0x000000f4 0x00838e63 M   beq         x7, x8, 28
45 203 0x000000f8 0x00945c63 M   bge         x8, x9, 24
46 221 0x00000110 0x00b55863 M   bge         x10, x11, 16
47 239 0x00000120 0x00001417 M   auipc       x8, 0x00001000
48 241 0x00000124 0x05c40413 M   addi        x8, x8, 92
49 243 0x00000128 0x00001497 M   auipc       x9, 0x00001000
50 245 0x0000012c 0x05448493 M   addi        x9, x9, 84
51 248 0x00000130 0x00945a63 M   bge         x8, x9, 20
52 266 0x00000144 0x00000617 M   auipc       x12, 0x00000000
53 268 0x00000148 0x07c60613 M   addi        x12, x12, 124
54 271 0x0000014c 0x0ff0000f M   fence       
55 278 0x00000150 0x0000100f M   fence.i     
56 489 0x00000154 0x00000513 M   addi        x10, x0, 0
57 491 0x00000158 0x00000593 M   addi        x11, x0, 0
58 494 0x0000015c 0x000600e7 M   jalr        x1, 0(x12)
59 522 0x000001c0 0x800002b7 M   lui         x5, 0x80000000
60 524 0x000001c4 0x00100313 M   addi        x6, x0, 1
61 527 0x000001c8 0xc0002473 M   csrrs       x8, cycle, x0
62 530 0x000001cc 0x4062d2b3 M   sra         x5, x5, x6
63 533 0x000001d0 0x4062d2b3 M   sra         x5, x5, x6
64 536 0x000001d4 0x4062d2b3 M   sra         x5, x5, x6
65 539 0x000001d8 0x4062d2b3 M   sra         x5, x5, x6
66 542 0x000001dc 0x4062d2b3 M   sra         x5, x5, x6
67 554 0x000001e0 0x4062d2b3 M   sra         x5, x5, x6
68 557 0x000001e4 0x4062d2b3 M   sra         x5, x5, x6
69 560 0x000001e8 0x4062d2b3 M   sra         x5, x5, x6
70 563 0x000001ec 0x4062d2b3 M   sra         x5, x5, x6
71 566 0x000001f0 0x4062d2b3 M   sra         x5, x5, x6
72 569 0x000001f4 0x4062d2b3 M   sra         x5, x5, x6
73 572 0x000001f8 0x4062d2b3 M   sra         x5, x5, x6
74 575 0x000001fc 0x4062d2b3 M   sra         x5, x5, x6
75 587 0x00000200 0x4062d2b3 M   sra         x5, x5, x6
76 590 0x00000204 0x4062d2b3 M   sra         x5, x5, x6
77 593 0x00000208 0x4062d2b3 M   sra         x5, x5, x6
78 596 0x0000020c 0x4062d2b3 M   sra         x5, x5, x6
79 599 0x00000210 0x4062d2b3 M   sra         x5, x5, x6
80 602 0x00000214 0x4062d2b3 M   sra         x5, x5, x6
81 605 0x00000218 0x4062d2b3 M   sra         x5, x5, x6
82 608 0x0000021c 0x4062d2b3 M   sra         x5, x5, x6
83 620 0x00000220 0x4062d2b3 M   sra         x5, x5, x6
84 623 0x00000224 0x4062d2b3 M   sra         x5, x5, x6
85 626 0x00000228 0x4062d2b3 M   sra         x5, x5, x6
86 629 0x0000022c 0x4062d2b3 M   sra         x5, x5, x6
87 632 0x00000230 0x4062d2b3 M   sra         x5, x5, x6
88 635 0x00000234 0x4062d2b3 M   sra         x5, x5, x6
89 638 0x00000238 0x4062d2b3 M   sra         x5, x5, x6
90 641 0x0000023c 0x4062d2b3 M   sra         x5, x5, x6
91 653 0x00000240 0x4062d2b3 M   sra         x5, x5, x6
92 656 0x00000244 0x4062d2b3 M   sra         x5, x5, x6
93 659 0x00000248 0x4062d2b3 M   sra         x5, x5, x6
94 662 0x0000024c 0x4062d2b3 M   sra         x5, x5, x6
95 665 0x00000250 0x4062d2b3 M   sra         x5, x5, x6
96 668 0x00000254 0x4062d2b3 M   sra         x5, x5, x6
97 671 0x00000258 0x4062d2b3 M   sra         x5, x5, x6
98 674 0x0000025c 0x4062d2b3 M   sra         x5, x5, x6
99 686 0x00000260 0x4062d2b3 M   sra         x5, x5, x6
100 689 0x00000264 0x4062d2b3 M   sra         x5, x5, x6
101 692 0x00000268 0x4062d2b3 M   sra         x5, x5, x6
102 695 0x0000026c 0x4062d2b3 M   sra         x5, x5, x6
103 698 0x00000270 0x4062d2b3 M   sra         x5, x5, x6
104 701 0x00000274 0x4062d2b3 M   sra         x5, x5, x6
105 704 0x00000278 0x4062d2b3 M   sra         x5, x5, x6
106 707 0x0000027c 0x4062d2b3 M   sra         x5, x5, x6
107 719 0x00000280 0x4062d2b3 M   sra         x5, x5, x6
108 722 0x00000284 0x4062d2b3 M   sra         x5, x5, x6
109 725 0x00000288 0x4062d2b3 M   sra         x5, x5, x6
110 728 0x0000028c 0x4062d2b3 M   sra         x5, x5, x6
111 731 0x00000290 0x4062d2b3 M   sra         x5, x5, x6
112 734 0x00000294 0x4062d2b3 M   sra         x5, x5, x6
113 737 0x00000298 0x4062d2b3 M   sra         x5, x5, x6
114 740 0x0000029c 0x4062d2b3 M   sra         x5, x5, x6
115 752 0x000002a0 0x4062d2b3 M   sra         x5, x5, x6
116 755 0x000002a4 0x4062d2b3 M   sra         x5, x5, x6
117 758 0x000002a8 0x4062d2b3 M   sra         x5, x5, x6
118 761 0x000002ac 0x4062d2b3 M   sra         x5, x5, x6
119 764 0x000002b0 0x4062d2b3 M   sra         x5, x5, x6
120 767 0x000002b4 0x4062d2b3 M   sra         x5, x5, x6
121 770 0x000002b8 0x4062d2b3 M   sra         x5, x5, x6
122 773 0x000002bc 0x4062d2b3 M   sra         x5, x5, x6
123 785 0x000002c0 0x4062d2b3 M   sra         x5, x5, x6
124 788 0x000002c4 0x4062d2b3 M   sra         x5, x5, x6
125 791 0x000002c8 0x4062d2b3 M   sra         x5, x5, x6
126 794 0x000002cc 0x4062d2b3 M   sra         x5, x5, x6
127 797 0x000002d0 0x4062d2b3 M   sra         x5, x5, x6
128 800 0x000002d4 0x4062d2b3 M   sra         x5, x5, x6
129 803 0x000002d8 0x4062d2b3 M   sra         x5, x5, x6
130 806 0x000002dc 0x4062d2b3 M   sra         x5, x5, x6
131 818 0x000002e0 0x4062d2b3 M   sra         x5, x5, x6
132 821 0x000002e4 0x4062d2b3 M   sra         x5, x5, x6
133 824 0x000002e8 0x4062d2b3 M   sra         x5, x5, x6
134 827 0x000002ec 0x4062d2b3 M   sra         x5, x5, x6
135 830 0x000002f0 0x4062d2b3 M   sra         x5, x5, x6
136 833 0x000002f4 0x4062d2b3 M   sra         x5, x5, x6
137 836 0x000002f8 0x4062d2b3 M   sra         x5, x5, x6
138 839 0x000002fc 0x4062d2b3 M   sra         x5, x5, x6
139 851 0x00000300 0x4062d2b3 M   sra         x5, x5, x6
140 854 0x00000304 0x4062d2b3 M   sra         x5, x5, x6
141 857 0x00000308 0x4062d2b3 M   sra         x5, x5, x6
142 860 0x0000030c 0x4062d2b3 M   sra         x5, x5, x6
143 863 0x00000310 0x4062d2b3 M   sra         x5, x5, x6
144 866 0x00000314 0x4062d2b3 M   sra         x5, x5, x6
145 869 0x00000318 0x4062d2b3 M   sra         x5, x5, x6
146 872 0x0000031c 0x4062d2b3 M   sra         x5, x5, x6
147 884 0x00000320 0x4062d2b3 M   sra         x5, x5, x6
148 887 0x00000324 0x4062d2b3 M   sra         x5, x5, x6
149 890 0x00000328 0x4062d2b3 M   sra         x5, x5, x6
150 893 0x0000032c 0x4062d2b3 M   sra         x5, x5, x6
151 896 0x00000330 0x4062d2b3 M   sra         x5, x5, x6
152 899 0x00000334 0x4062d2b3 M   sra         x5, x5, x6
153 902 0x00000338 0x4062d2b3 M   sra         x5, x5, x6
154 905 0x0000033c 0x4062d2b3 M   sra         x5, x5, x6
155 917 0x00000340 0x4062d2b3 M   sra         x5, x5, x6
156 920 0x00000344 0x4062d2b3 M   sra         x5, x5, x6
157 923 0x00000348 0x4062d2b3 M   sra         x5, x5, x6
158 926 0x0000034c 0x4062d2b3 M   sra         x5, x5, x6
159 929 0x00000350 0x4062d2b3 M   sra         x5, x5, x6
160 932 0x00000354 0x4062d2b3 M   sra         x5, x5, x6
161 935 0x00000358 0x4062d2b3 M   sra         x5, x5, x6
162 938 0x0000035c 0x4062d2b3 M   sra         x5, x5, x6
163 950 0x00000360 0x4062d2b3 M   sra         x5, x5, x6
164 953 0x00000364 0x4062d2b3 M   sra         x5, x5, x6
165 956 0x00000368 0x4062d2b3 M   sra         x5, x5, x6
166 959 0x0000036c 0x4062d2b3 M   sra         x5, x5, x6
167 962 0x00000370 0x4062d2b3 M   sra         x5, x5, x6
168 965 0x00000374 0x4062d2b3 M   sra         x5, x5, x6
169 968 0x00000378 0x4062d2b3 M   sra         x5, x5, x6
170 971 0x0000037c 0x4062d2b3 M   sra         x5, x5, x6
171 983 0x00000380 0x4062d2b3 M   sra         x5, x5, x6
172 986 0x00000384 0x4062d2b3 M   sra         x5, x5, x6
173 989 0x00000388 0x4062d2b3 M   sra         x5, x5, x6
174 992 0x0000038c 0x4062d2b3 M   sra         x5, x5, x6
175 995 0x00000390 0x4062d2b3 M   sra         x5, x5, x6
176 998 0x00000394 0x4062d2b3 M   sra         x5, x5, x6
177 1001 0x00000398 0x4062d2b3 M   sra         x5, x5, x6
178 1004 0x0000039c 0x4062d2b3 M   sra         x5, x5, x6
179 1016 0x000003a0 0x4062d2b3 M   sra         x5, x5, x6
180 1019 0x000003a4 0x4062d2b3 M   sra         x5, x5, x6
181 1022 0x000003a8 0x4062d2b3 M   sra         x5, x5, x6
182 1025 0x000003ac 0x4062d2b3 M   sra         x5, x5, x6
183 1028 0x000003b0 0x4062d2b3 M   sra         x5, x5, x6
184 1031 0x000003b4 0x4062d2b3 M   sra         x5, x5, x6
185 1034 0x000003b8 0x4062d2b3 M   sra         x5, x5, x6
186 1037 0x000003bc 0x4062d2b3 M   sra         x5, x5, x6
187 1049 0x000003c0 0x4062d2b3 M   sra         x5, x5, x6
188 1052 0x000003c4 0x4062d2b3 M   sra         x5, x5, x6
189 1055 0x000003c8 0x4062d2b3 M   sra         x5, x5, x6
190 1058 0x000003cc 0x4062d2b3 M   sra         x5, x5, x6
191 1061 0x000003d0 0x4062d2b3 M   sra         x5, x5, x6
192 1064 0x000003d4 0x4062d2b3 M   sra         x5, x5, x6
193 1067 0x000003d8 0x4062d2b3 M   sra         x5, x5, x6
194 1070 0x000003dc 0x4062d2b3 M   sra         x5, x5, x6
195 1082 0x000003e0 0x4062d2b3 M   sra         x5, x5, x6
196 1085 0x000003e4 0x4062d2b3 M   sra         x5, x5, x6
197 1088 0x000003e8 0x4062d2b3 M   sra         x5, x5, x6
198 1091 0x000003ec 0x4062d2b3 M   sra         x5, x5, x6
199 1094 0x000003f0 0x4062d2b3 M   sra         x5, x5, x6
200 1097 0x000003f4 0x4062d2b3 M   sra         x5, x5, x6
201 1100 0x000003f8 0x4062d2b3 M   sra         x5, x5, x6
202 1103 0x000003fc 0x4062d2b3 M   sra         x5, x5, x6
203 1115 0x00000400 0x4062d2b3 M   sra         x5, x5, x6
204 1118 0x00000404 0x4062d2b3 M   sra         x5, x5, x6
205 1121 0x00000408 0x4062d2b3 M   sra         x5, x5, x6
206 1124 0x0000040c 0x4062d2b3 M   sra         x5, x5, x6
207 1127 0x00000410 0x4062d2b3 M   sra         x5, x5, x6
208 1130 0x00000414 0x4062d2b3 M   sra         x5, x5, x6
209 1133 0x00000418 0x4062d2b3 M   sra         x5, x5, x6
210 1136 0x0000041c 0x4062d2b3 M   sra         x5, x5, x6
211 1148 0x00000420 0x4062d2b3 M   sra         x5, x5, x6
212 1151 0x00000424 0x4062d2b3 M   sra         x5, x5, x6
213 1154 0x00000428 0x4062d2b3 M   sra         x5, x5, x6
214 1157 0x0000042c 0x4062d2b3 M   sra         x5, x5, x6
215 1160 0x00000430 0x4062d2b3 M   sra         x5, x5, x6
216 1163 0x00000434 0x4062d2b3 M   sra         x5, x5, x6
217 1166 0x00000438 0x4062d2b3 M   sra         x5, x5, x6
218 1169 0x0000043c 0x4062d2b3 M   sra         x5, x5, x6
219 1181 0x00000440 0x4062d2b3 M   sra         x5, x5, x6
220 1184 0x00000444 0x4062d2b3 M   sra         x5, x5, x6
221 1187 0x00000448 0x4062d2b3 M   sra         x5, x5, x6
222 1190 0x0000044c 0x4062d2b3 M   sra         x5, x5, x6
223 1193 0x00000450 0x4062d2b3 M   sra         x5, x5, x6
224 1196 0x00000454 0x4062d2b3 M   sra         x5, x5, x6
225 1199 0x00000458 0x4062d2b3 M   sra         x5, x5, x6
226 1202 0x0000045c 0x4062d2b3 M   sra         x5, x5, x6
227 1214 0x00000460 0x4062d2b3 M   sra         x5, x5, x6
228 1217 0x00000464 0x4062d2b3 M   sra         x5, x5, x6
229 1220 0x00000468 0x4062d2b3 M   sra         x5, x5, x6
230 1223 0x0000046c 0x4062d2b3 M   sra         x5, x5, x6
231 1226 0x00000470 0x4062d2b3 M   sra         x5, x5, x6
232 1229 0x00000474 0x4062d2b3 M   sra         x5, x5, x6
233 1232 0x00000478 0x4062d2b3 M   sra         x5, x5, x6
234 1235 0x0000047c 0x4062d2b3 M   sra         x5, x5, x6
235 1247 0x00000480 0x4062d2b3 M   sra         x5, x5, x6
236 1250 0x00000484 0x4062d2b3 M   sra         x5, x5, x6
237 1253 0x00000488 0x4062d2b3 M   sra         x5, x5, x6
238 1256 0x0000048c 0x4062d2b3 M   sra         x5, x5, x6
239 1259 0x00000490 0x4062d2b3 M   sra         x5, x5, x6
240 1262 0x00000494 0x4062d2b3 M   sra         x5, x5, x6
241 1265 0x00000498 0x4062d2b3 M   sra         x5, x5, x6
242 1268 0x0000049c 0x4062d2b3 M   sra         x5, x5, x6
243 1280 0x000004a0 0x4062d2b3 M   sra         x5, x5, x6
244 1283 0x000004a4 0x4062d2b3 M   sra         x5, x5, x6
245 1286 0x000004a8 0x4062d2b3 M   sra         x5, x5, x6
246 1289 0x000004ac 0x4062d2b3 M   sra         x5, x5, x6
247 1292 0x000004b0 0x4062d2b3 M   sra         x5, x5, x6
248 1295 0x000004b4 0x4062d2b3 M   sra         x5, x5, x6
249 1298 0x000004b8 0x4062d2b3 M   sra         x5, x5, x6
250 1301 0x000004bc 0x4062d2b3 M   sra         x5, x5, x6
251 1313 0x000004c0 0x4062d2b3 M   sra         x5, x5, x6
252 1316 0x000004c4 0x4062d2b3 M   sra         x5, x5, x6
253 1319 0x000004c8 0x4062d2b3 M   sra         x5, x5, x6
254 1322 0x000004cc 0x4062d2b3 M   sra         x5, x5, x6
255 1325 0x000004d0 0x4062d2b3 M   sra         x5, x5, x6
256 1328 0x000004d4 0x4062d2b3 M   sra         x5, x5, x6
257 1331 0x000004d8 0x4062d2b3 M   sra         x5, x5, x6
258 1334 0x000004dc 0x4062d2b3 M   sra         x5, x5, x6
259 1346 0x000004e0 0x4062d2b3 M   sra         x5, x5, x6
260 1349 0x000004e4 0x4062d2b3 M   sra         x5, x5, x6
261 1352 0x000004e8 0x4062d2b3 M   sra         x5, x5, x6
262 1355 0x000004ec 0x4062d2b3 M   sra         x5, x5, x6
263 1358 0x000004f0 0x4062d2b3 M   sra         x5, x5, x6
264 1361 0x000004f4 0x4062d2b3 M   sra         x5, x5, x6
265 1364 0x000004f8 0x4062d2b3 M   sra         x5, x5, x6
266 1367 0x000004fc 0x4062d2b3 M   sra         x5, x5, x6
267 1379 0x00000500 0x4062d2b3 M   sra         x5, x5, x6
268 1382 0x00000504 0x4062d2b3 M   sra         x5, x5, x6
269 1385 0x00000508 0x4062d2b3 M   sra         x5, x5, x6
270 1388 0x0000050c 0x4062d2b3 M   sra         x5, x5, x6
271 1391 0x00000510 0x4062d2b3 M   sra         x5, x5, x6
272 1394 0x00000514 0x4062d2b3 M   sra         x5, x5, x6
273 1397 0x00000518 0x4062d2b3 M   sra         x5, x5, x6
274 1400 0x0000051c 0x4062d2b3 M   sra         x5, x5, x6
275 1412 0x00000520 0x4062d2b3 M   sra         x5, x5, x6
276 1415 0x00000524 0x4062d2b3 M   sra         x5, x5, x6
277 1418 0x00000528 0x4062d2b3 M   sra         x5, x5, x6
278 1421 0x0000052c 0x4062d2b3 M   sra         x5, x5, x6
279 1424 0x00000530 0x4062d2b3 M   sra         x5, x5, x6
280 1427 0x00000534 0x4062d2b3 M   sra         x5, x5, x6
281 1430 0x00000538 0x4062d2b3 M   sra         x5, x5, x6
282 1433 0x0000053c 0x4062d2b3 M   sra         x5, x5, x6
283 1445 0x00000540 0x4062d2b3 M   sra         x5, x5, x6
284 1448 0x00000544 0x4062d2b3 M   sra         x5, x5, x6
285 1451 0x00000548 0x4062d2b3 M   sra         x5, x5, x6
286 1454 0x0000054c 0x4062d2b3 M   sra         x5, x5, x6
287 1457 0x00000550 0x4062d2b3 M   sra         x5, x5, x6
288 1460 0x00000554 0x4062d2b3 M   sra         x5, x5, x6
289 1463 0x00000558 0x4062d2b3 M   sra         x5, x5, x6
290 1466 0x0000055c 0x4062d2b3 M   sra         x5, x5, x6
291 1478 0x00000560 0x4062d2b3 M   sra         x5, x5, x6
292 1481 0x00000564 0x4062d2b3 M   sra         x5, x5, x6
293 1484 0x00000568 0x4062d2b3 M   sra         x5, x5, x6
294 1487 0x0000056c 0x4062d2b3 M   sra         x5, x5, x6
295 1490 0x00000570 0x4062d2b3 M   sra         x5, x5, x6
296 1493 0x00000574 0x4062d2b3 M   sra         x5, x5, x6
297 1496 0x00000578 0x4062d2b3 M   sra         x5, x5, x6
298 1499 0x0000057c 0x4062d2b3 M   sra         x5, x5, x6
299 1511 0x00000580 0x4062d2b3 M   sra         x5, x5, x6
300 1514 0x00000584 0x4062d2b3 M   sra         x5, x5, x6
301 1517 0x00000588 0x4062d2b3 M   sra         x5, x5, x6
302 1520 0x0000058c 0x4062d2b3 M   sra         x5, x5, x6
303 1523 0x00000590 0x4062d2b3 M   sra         x5, x5, x6
304 1526 0x00000594 0x4062d2b3 M   sra         x5, x5, x6
305 1529 0x00000598 0x4062d2b3 M   sra         x5, x5, x6
306 1532 0x0000059c 0x4062d2b3 M   sra         x5, x5, x6
307 1544 0x000005a0 0x4062d2b3 M   sra         x5, x5, x6
308 1547 0x000005a4 0x4062d2b3 M   sra         x5, x5, x6
309 1550 0x000005a8 0x4062d2b3 M   sra         x5, x5, x6
310 1553 0x000005ac 0x4062d2b3 M   sra         x5, x5, x6
311 1556 0x000005b0 0x4062d2b3 M   sra         x5, x5, x6
312 1559 0x000005b4 0x4062d2b3 M   sra         x5, x5, x6
313 1562 0x000005b8 0x4062d2b3 M   sra         x5, x5, x6
314 1565 0x000005bc 0x4062d2b3 M   sra         x5, x5, x6
315 1577 0x000005c0 0x4062d2b3 M   sra         x5, x5, x6
316 1580 0x000005c4 0x4062d2b3 M   sra         x5, x5, x6
317 1583 0x000005c8 0x4062d2b3 M   sra         x5, x5, x6
318 1586 0x000005cc 0x4062d2b3 M   sra         x5, x5, x6
319 1589 0x000005d0 0x4062d2b3 M   sra         x5, x5, x6
320 1592 0x000005d4 0x4062d2b3 M   sra         x5, x5, x6
321 1595 0x000005d8 0x4062d2b3 M   sra         x5, x5, x6
322 1598 0x000005dc 0x4062d2b3 M   sra         x5, x5, x6
323 1610 0x000005e0 0x4062d2b3 M   sra         x5, x5, x6
324 1613 0x000005e4 0x4062d2b3 M   sra         x5, x5, x6
325 1616 0x000005e8 0x4062d2b3 M   sra         x5, x5, x6
326 1619 0x000005ec 0x4062d2b3 M   sra         x5, x5, x6
327 1622 0x000005f0 0x4062d2b3 M   sra         x5, x5, x6
328 1625 0x000005f4 0x4062d2b3 M   sra         x5, x5, x6
329 1628 0x000005f8 0x4062d2b3 M   sra         x5, x5, x6
330 1631 0x000005fc 0x4062d2b3 M   sra         x5, x5, x6
331 1643 0x00000600 0x4062d2b3 M   sra         x5, x5, x6
332 1646 0x00000604 0x4062d2b3 M   sra         x5, x5, x6
333 1649 0x00000608 0x4062d2b3 M   sra         x5, x5, x6
334 1652 0x0000060c 0x4062d2b3 M   sra         x5, x5, x6
335 1655 0x00000610 0x4062d2b3 M   sra         x5, x5, x6
336 1658 0x00000614 0x4062d2b3 M   sra         x5, x5, x6
337 1661 0x00000618 0x4062d2b3 M   sra         x5, x5, x6
338 1664 0x0000061c 0x4062d2b3 M   sra         x5, x5, x6
339 1676 0x00000620 0x4062d2b3 M   sra         x5, x5, x6
340 1679 0x00000624 0x4062d2b3 M   sra         x5, x5, x6
341 1682 0x00000628 0x4062d2b3 M   sra         x5, x5, x6
342 1685 0x0000062c 0x4062d2b3 M   sra         x5, x5, x6
343 1688 0x00000630 0x4062d2b3 M   sra         x5, x5, x6
344 1691 0x00000634 0x4062d2b3 M   sra         x5, x5, x6
345 1694 0x00000638 0x4062d2b3 M   sra         x5, x5, x6
346 1697 0x0000063c 0x4062d2b3 M   sra         x5, x5, x6
347 1709 0x00000640 0x4062d2b3 M   sra         x5, x5, x6
348 1712 0x00000644 0x4062d2b3 M   sra         x5, x5, x6
349 1715 0x00000648 0x4062d2b3 M   sra         x5, x5, x6
350 1718 0x0000064c 0x4062d2b3 M   sra         x5, x5, x6
351 1721 0x00000650 0x4062d2b3 M   sra         x5, x5, x6
352 1724 0x00000654 0x4062d2b3 M   sra         x5, x5, x6
353 1727 0x00000658 0x4062d2b3 M   sra         x5, x5, x6
354 1730 0x0000065c 0x4062d2b3 M   sra         x5, x5, x6
355 1742 0x00000660 0x4062d2b3 M   sra         x5, x5, x6
356 1745 0x00000664 0x4062d2b3 M   sra         x5, x5, x6
357 1748 0x00000668 0x4062d2b3 M   sra         x5, x5, x6
358 1751 0x0000066c 0x4062d2b3 M   sra         x5, x5, x6
359 1754 0x00000670 0x4062d2b3 M   sra         x5, x5, x6
360 1757 0x00000674 0x4062d2b3 M   sra         x5, x5, x6
361 1760 0x00000678 0x4062d2b3 M   sra         x5, x5, x6
362 1763 0x0000067c 0x4062d2b3 M   sra         x5, x5, x6
363 1775 0x00000680 0x4062d2b3 M   sra         x5, x5, x6
364 1778 0x00000684 0x4062d2b3 M   sra         x5, x5, x6
365 1781 0x00000688 0x4062d2b3 M   sra         x5, x5, x6
366 1784 0x0000068c 0x4062d2b3 M   sra         x5, x5, x6
367 1787 0x00000690 0x4062d2b3 M   sra         x5, x5, x6
368 1790 0x00000694 0x4062d2b3 M   sra         x5, x5, x6
369 1793 0x00000698 0x4062d2b3 M   sra         x5, x5, x6
370 1796 0x0000069c 0x4062d2b3 M   sra         x5, x5, x6
371 1808 0x000006a0 0x4062d2b3 M   sra         x5, x5, x6
372 1811 0x000006a4 0x4062d2b3 M   sra         x5, x5, x6
373 1814 0x000006a8 0x4062d2b3 M   sra         x5, x5, x6
374 1817 0x000006ac 0x4062d2b3 M   sra         x5, x5, x6
375 1820 0x000006b0 0x4062d2b3 M   sra         x5, x5, x6
376 1823 0x000006b4 0x4062d2b3 M   sra         x5, x5, x6
377 1826 0x000006b8 0x4062d2b3 M   sra         x5, x5, x6
378 1829 0x000006bc 0x4062d2b3 M   sra         x5, x5, x6
379 1841 0x000006c0 0x4062d2b3 M   sra         x5, x5, x6
380 1844 0x000006c4 0x4062d2b3 M   sra         x5, x5, x6
381 1847 0x000006c8 0x4062d2b3 M   sra         x5, x5, x6
382 1850 0x000006cc 0x4062d2b3 M   sra         x5, x5, x6
383 1853 0x000006d0 0x4062d2b3 M   sra         x5, x5, x6
384 1856 0x000006d4 0x4062d2b3 M   sra         x5, x5, x6
385 1859 0x000006d8 0x4062d2b3 M   sra         x5, x5, x6
386 1862 0x000006dc 0x4062d2b3 M   sra         x5, x5, x6
387 1874 0x000006e0 0x4062d2b3 M   sra         x5, x5, x6
388 1877 0x000006e4 0x4062d2b3 M   sra         x5, x5, x6
389 1880 0x000006e8 0x4062d2b3 M   sra         x5, x5, x6
390 1883 0x000006ec 0x4062d2b3 M   sra         x5, x5, x6
391 1886 0x000006f0 0x4062d2b3 M   sra         x5, x5, x6
392 1889 0x000006f4 0x4062d2b3 M   sra         x5, x5, x6
393 1892 0x000006f8 0x4062d2b3 M   sra         x5, x5, x6
394 1895 0x000006fc 0x4062d2b3 M   sra         x5, x5, x6
395 1907 0x00000700 0x4062d2b3 M   sra         x5, x5, x6
396 1910 0x00000704 0x4062d2b3 M   sra         x5, x5, x6
397 1913 0x00000708 0x4062d2b3 M   sra         x5, x5, x6
398 1916 0x0000070c 0x4062d2b3 M   sra         x5, x5, x6
399 1919 0x00000710 0x4062d2b3 M   sra         x5, x5, x6
400 1922 0x00000714 0x4062d2b3 M   sra         x5, x5, x6
401 1925 0x00000718 0x4062d2b3 M   sra         x5, x5, x6
402 1928 0x0000071c 0x4062d2b3 M   sra         x5, x5, x6
403 1940 0x00000720 0x4062d2b3 M   sra         x5, x5, x6
404 1943 0x00000724 0x4062d2b3 M   sra         x5, x5, x6
405 1946 0x00000728 0x4062d2b3 M   sra         x5, x5, x6
406 1949 0x0000072c 0x4062d2b3 M   sra         x5, x5, x6
407 1952 0x00000730 0x4062d2b3 M   sra         x5, x5, x6
408 1955 0x00000734 0x4062d2b3 M   sra         x5, x5, x6
409 1958 0x00000738 0x4062d2b3 M   sra         x5, x5, x6
410 1961 0x0000073c 0x4062d2b3 M   sra         x5, x5, x6
411 1973 0x00000740 0x4062d2b3 M   sra         x5, x5, x6
412 1976 0x00000744 0x4062d2b3 M   sra         x5, x5, x6
413 1979 0x00000748 0x4062d2b3 M   sra         x5, x5, x6
414 1982 0x0000074c 0x4062d2b3 M   sra         x5, x5, x6
415 1985 0x00000750 0x4062d2b3 M   sra         x5, x5, x6
416 1988 0x00000754 0x4062d2b3 M   sra         x5, x5, x6
417 1991 0x00000758 0x4062d2b3 M   sra         x5, x5, x6
418 1994 0x0000075c 0x4062d2b3 M   sra         x5, x5, x6
419 2006 0x00000760 0x4062d2b3 M   sra         x5, x5, x6
420 2009 0x00000764 0x4062d2b3 M   sra         x5, x5, x6
421 2012 0x00000768 0x4062d2b3 M   sra         x5, x5, x6
422 2015 0x0000076c 0x4062d2b3 M   sra         x5, x5, x6
423 2018 0x00000770 0x4062d2b3 M   sra         x5, x5, x6
424 2021 0x00000774 0x4062d2b3 M   sra         x5, x5, x6
425 2024 0x00000778 0x4062d2b3 M   sra         x5, x5, x6
426 2027 0x0000077c 0x4062d2b3 M   sra         x5, x5, x6
427 2039 0x00000780 0x4062d2b3 M   sra         x5, x5, x6
428 2042 0x00000784 0x4062d2b3 M   sra         x5, x5, x6
429 2045 0x00000788 0x4062d2b3 M   sra         x5, x5, x6
430 2048 0x0000078c 0x4062d2b3 M   sra         x5, x5, x6
431 2051 0x00000790 0x4062d2b3 M   sra         x5, x5, x6
432 2054 0x00000794 0x4062d2b3 M   sra         x5, x5, x6
433 2057 0x00000798 0x4062d2b3 M   sra         x5, x5, x6
434 2060 0x0000079c 0x4062d2b3 M   sra         x5, x5, x6
435 2072 0x000007a0 0x4062d2b3 M   sra         x5, x5, x6
436 2075 0x000007a4 0x4062d2b3 M   sra         x5, x5, x6
437 2078 0x000007a8 0x4062d2b3 M   sra         x5, x5, x6
438 2081 0x000007ac 0x4062d2b3 M   sra         x5, x5, x6
439 2084 0x000007b0 0x4062d2b3 M   sra         x5, x5, x6
440 2087 0x000007b4 0x4062d2b3 M   sra         x5, x5, x6
441 2090 0x000007b8 0x4062d2b3 M   sra         x5, x5, x6
442 2093 0x000007bc 0x4062d2b3 M   sra         x5, x5, x6
443 2105 0x000007c0 0x4062d2b3 M   sra         x5, x5, x6
444 2108 0x000007c4 0x4062d2b3 M   sra         x5, x5, x6
445 2111 0x000007c8 0x4062d2b3 M   sra         x5, x5, x6
446 2114 0x000007cc 0x4062d2b3 M   sra         x5, x5, x6
447 2117 0x000007d0 0x4062d2b3 M   sra         x5, x5, x6
448 2120 0x000007d4 0x4062d2b3 M   sra         x5, x5, x6
449 2123 0x000007d8 0x4062d2b3 M   sra         x5, x5, x6
450 2126 0x000007dc 0x4062d2b3 M   sra         x5, x5, x6
451 2138 0x000007e0 0x4062d2b3 M   sra         x5, x5, x6
452 2141 0x000007e4 0x4062d2b3 M   sra         x5, x5, x6
453 2144 0x000007e8 0x4062d2b3 M   sra         x5, x5, x6
454 2147 0x000007ec 0x4062d2b3 M   sra         x5, x5, x6
455 2150 0x000007f0 0x4062d2b3 M   sra         x5, x5, x6
456 2153 0x000007f4 0x4062d2b3 M   sra         x5, x5, x6
457 2156 0x000007f8 0x4062d2b3 M   sra         x5, x5, x6
458 2159 0x000007fc 0x4062d2b3 M   sra         x5, x5, x6
459 2171 0x00000800 0x4062d2b3 M   sra         x5, x5, x6
460 2174 0x00000804 0x4062d2b3 M   sra         x5, x5, x6
461 2177 0x00000808 0x4062d2b3 M   sra         x5, x5, x6
462 2180 0x0000080c 0x4062d2b3 M   sra         x5, x5, x6
463 2183 0x00000810 0x4062d2b3 M   sra         x5, x5, x6
464 2186 0x00000814 0x4062d2b3 M   sra         x5, x5, x6
465 2189 0x00000818 0x4062d2b3 M   sra         x5, x5, x6
466 2192 0x0000081c 0x4062d2b3 M   sra         x5, x5, x6
467 2204 0x00000820 0x4062d2b3 M   sra         x5, x5, x6
468 2207 0x00000824 0x4062d2b3 M   sra         x5, x5, x6
469 2210 0x00000828 0x4062d2b3 M   sra         x5, x5, x6
470 2213 0x0000082c 0x4062d2b3 M   sra         x5, x5, x6
471 2216 0x00000830 0x4062d2b3 M   sra         x5, x5, x6
472 2219 0x00000834 0x4062d2b3 M   sra         x5, x5, x6
473 2222 0x00000838 0x4062d2b3 M   sra         x5, x5, x6
474 2225 0x0000083c 0x4062d2b3 M   sra         x5, x5, x6
475 2237 0x00000840 0x4062d2b3 M   sra         x5, x5, x6
476 2240 0x00000844 0x4062d2b3 M   sra         x5, x5, x6
477 2243 0x00000848 0x4062d2b3 M   sra         x5, x5, x6
478 2246 0x0000084c 0x4062d2b3 M   sra         x5, x5, x6
479 2249 0x00000850 0x4062d2b3 M   sra         x5, x5, x6
480 2252 0x00000854 0x4062d2b3 M   sra         x5, x5, x6
481 2255 0x00000858 0x4062d2b3 M   sra         x5, x5, x6
482 2258 0x0000085c 0x4062d2b3 M   sra         x5, x5, x6
483 2270 0x00000860 0x4062d2b3 M   sra         x5, x5, x6
484 2273 0x00000864 0x4062d2b3 M   sra         x5, x5, x6
485 2276 0x00000868 0x4062d2b3 M   sra         x5, x5, x6
486 2279 0x0000086c 0x4062d2b3 M   sra         x5, x5, x6
487 2282 0x00000870 0x4062d2b3 M   sra         x5, x5, x6
488 2285 0x00000874 0x4062d2b3 M   sra         x5, x5, x6
489 2288 0x00000878 0x4062d2b3 M   sra         x5, x5, x6
490 2291 0x0000087c 0x4062d2b3 M   sra         x5, x5, x6
491 2303 0x00000880 0x4062d2b3 M   sra         x5, x5, x6
492 2306 0x00000884 0x4062d2b3 M   sra         x5, x5, x6
493 2309 0x00000888 0x4062d2b3 M   sra         x5, x5, x6
494 2312 0x0000088c 0x4062d2b3 M   sra         x5, x5, x6
495 2315 0x00000890 0x4062d2b3 M   sra         x5, x5, x6
496 2318 0x00000894 0x4062d2b3 M   sra         x5, x5, x6
497 2321 0x00000898 0x4062d2b3 M   sra         x5, x5, x6
498 2324 0x0000089c 0x4062d2b3 M   sra         x5, x5, x6
499 2336 0x000008a0 0x4062d2b3 M   sra         x5, x5, x6
500 2339 0x000008a4 0x4062d2b3 M   sra         x5, x5, x6
501 2342 0x000008a8 0x4062d2b3 M   sra         x5, x5, x6
502 2345 0x000008ac 0x4062d2b3 M   sra         x5, x5, x6
503 2348 0x000008b0 0x4062d2b3 M   sra         x5, x5, x6
504 2351 0x000008b4 0x4062d2b3 M   sra         x5, x5, x6
505 2354 0x000008b8 0x4062d2b3 M   sra         x5, x5, x6
506 2357 0x000008bc 0x4062d2b3 M   sra         x5, x5, x6
507 2369 0x000008c0 0x4062d2b3 M   sra         x5, x5, x6
508 2372 0x000008c4 0x4062d2b3 M   sra         x5, x5, x6
509 2375 0x000008c8 0x4062d2b3 M   sra         x5, x5, x6
510 2378 0x000008cc 0x4062d2b3 M   sra         x5, x5, x6
511 2381 0x000008d0 0x4062d2b3 M   sra         x5, x5, x6
512 2384 0x000008d4 0x4062d2b3 M   sra         x5, x5, x6
513 2387 0x000008d8 0x4062d2b3 M   sra         x5, x5, x6
514 2390 0x000008dc 0x4062d2b3 M   sra         x5, x5, x6
515 2402 0x000008e0 0x4062d2b3 M   sra         x5, x5, x6
516 2405 0x000008e4 0x4062d2b3 M   sra         x5, x5, x6
517 2408 0x000008e8 0x4062d2b3 M   sra         x5, x5, x6
518 2411 0x000008ec 0x4062d2b3 M   sra         x5, x5, x6
519 2414 0x000008f0 0x4062d2b3 M   sra         x5, x5, x6
520 2417 0x000008f4 0x4062d2b3 M   sra         x5, x5, x6
521 2420 0x000008f8 0x4062d2b3 M   sra         x5, x5, x6
522 2423 0x000008fc 0x4062d2b3 M   sra         x5, x5, x6
523 2435 0x00000900 0x4062d2b3 M   sra         x5, x5, x6
524 2438 0x00000904 0x4062d2b3 M   sra         x5, x5, x6
525 2441 0x00000908 0x4062d2b3 M   sra         x5, x5, x6
526 2444 0x0000090c 0x4062d2b3 M   sra         x5, x5, x6
527 2447 0x00000910 0x4062d2b3 M   sra         x5, x5, x6
528 2450 0x00000914 0x4062d2b3 M   sra         x5, x5, x6
529 2453 0x00000918 0x4062d2b3 M   sra         x5, x5, x6
530 2456 0x0000091c 0x4062d2b3 M   sra         x5, x5, x6
531 2468 0x00000920 0x4062d2b3 M   sra         x5, x5, x6
532 2471 0x00000924 0x4062d2b3 M   sra         x5, x5, x6
533 2474 0x00000928 0x4062d2b3 M   sra         x5, x5, x6
534 2477 0x0000092c 0x4062d2b3 M   sra         x5, x5, x6
535 2480 0x00000930 0x4062d2b3 M   sra         x5, x5, x6
536 2483 0x00000934 0x4062d2b3 M   sra         x5, x5, x6
537 2486 0x00000938 0x4062d2b3 M   sra         x5, x5, x6
538 2489 0x0000093c 0x4062d2b3 M   sra         x5, x5, x6
539 2501 0x00000940 0x4062d2b3 M   sra         x5, x5, x6
540 2504 0x00000944 0x4062d2b3 M   sra         x5, x5, x6
541 2507 0x00000948 0x4062d2b3 M   sra         x5, x5, x6
542 2510 0x0000094c 0x4062d2b3 M   sra         x5, x5, x6
543 2513 0x00000950 0x4062d2b3 M   sra         x5, x5, x6
544 2516 0x00000954 0x4062d2b3 M   sra         x5, x5, x6
545 2519 0x00000958 0x4062d2b3 M   sra         x5, x5, x6
546 2522 0x0000095c 0x4062d2b3 M   sra         x5, x5, x6
547 2534 0x00000960 0x4062d2b3 M   sra         x5, x5, x6
548 2537 0x00000964 0x4062d2b3 M   sra         x5, x5, x6
549 2540 0x00000968 0x4062d2b3 M   sra         x5, x5, x6
550 2543 0x0000096c 0x4062d2b3 M   sra         x5, x5, x6
551 2546 0x00000970 0x4062d2b3 M   sra         x5, x5, x6
552 2549 0x00000974 0x4062d2b3 M   sra         x5, x5, x6
553 2552 0x00000978 0x4062d2b3 M   sra         x5, x5, x6
554 2555 0x0000097c 0x4062d2b3 M   sra         x5, x5, x6
555 2567 0x00000980 0x4062d2b3 M   sra         x5, x5, x6
556 2570 0x00000984 0x4062d2b3 M   sra         x5, x5, x6
557 2573 0x00000988 0x4062d2b3 M   sra         x5, x5, x6
558 2576 0x0000098c 0x4062d2b3 M   sra         x5, x5, x6
559 2579 0x00000990 0x4062d2b3 M   sra         x5, x5, x6
560 2582 0x00000994 0x4062d2b3 M   sra         x5, x5, x6
561 2585 0x00000998 0x4062d2b3 M   sra         x5, x5, x6
562 2588 0x0000099c 0x4062d2b3 M   sra         x5, x5, x6
563 2600 0x000009a0 0x4062d2b3 M   sra         x5, x5, x6
564 2603 0x000009a4 0x4062d2b3 M   sra         x5, x5, x6
565 2606 0x000009a8 0x4062d2b3 M   sra         x5, x5, x6
566 2609 0x000009ac 0x4062d2b3 M   sra         x5, x5, x6
567 2612 0x000009b0 0x4062d2b3 M   sra         x5, x5, x6
568 2615 0x000009b4 0x4062d2b3 M   sra         x5, x5, x6
569 2618 0x000009b8 0x4062d2b3 M   sra         x5, x5, x6
570 2621 0x000009bc 0x4062d2b3 M   sra         x5, x5, x6
571 2633 0x000009c0 0x4062d2b3 M   sra         x5, x5, x6
572 2636 0x000009c4 0x4062d2b3 M   sra         x5, x5, x6
573 2639 0x000009c8 0x4062d2b3 M   sra         x5, x5, x6
574 2642 0x000009cc 0x4062d2b3 M   sra         x5, x5, x6
575 2645 0x000009d0 0x4062d2b3 M   sra         x5, x5, x6
576 2648 0x000009d4 0x4062d2b3 M   sra         x5, x5, x6
577 2651 0x000009d8 0x4062d2b3 M   sra         x5, x5, x6
578 2654 0x000009dc 0x4062d2b3 M   sra         x5, x5, x6
579 2666 0x000009e0 0x4062d2b3 M   sra         x5, x5, x6
580 2669 0x000009e4 0x4062d2b3 M   sra         x5, x5, x6
581 2672 0x000009e8 0x4062d2b3 M   sra         x5, x5, x6
582 2675 0x000009ec 0x4062d2b3 M   sra         x5, x5, x6
583 2678 0x000009f0 0x4062d2b3 M   sra         x5, x5, x6
584 2681 0x000009f4 0x4062d2b3 M   sra         x5, x5, x6
585 2684 0x000009f8 0x4062d2b3 M   sra         x5, x5, x6
586 2687 0x000009fc 0x4062d2b3 M   sra         x5, x5, x6
587 2699 0x00000a00 0x4062d2b3 M   sra         x5, x5, x6
588 2702 0x00000a04 0x4062d2b3 M   sra         x5, x5, x6
589 2705 0x00000a08 0x4062d2b3 M   sra         x5, x5, x6
590 2708 0x00000a0c 0x4062d2b3 M   sra         x5, x5, x6
591 2711 0x00000a10 0x4062d2b3 M   sra         x5, x5, x6
592 2714 0x00000a14 0x4062d2b3 M   sra         x5, x5, x6
593 2717 0x00000a18 0x4062d2b3 M   sra         x5, x5, x6
594 2720 0x00000a1c 0x4062d2b3 M   sra         x5, x5, x6
595 2732 0x00000a20 0x4062d2b3 M   sra         x5, x5, x6
596 2735 0x00000a24 0x4062d2b3 M   sra         x5, x5, x6
597 2738 0x00000a28 0x4062d2b3 M   sra         x5, x5, x6
598 2741 0x00000a2c 0x4062d2b3 M   sra         x5, x5, x6
599 2744 0x00000a30 0x4062d2b3 M   sra         x5, x5, x6
600 2747 0x00000a34 0x4062d2b3 M   sra         x5, x5, x6
601 2750 0x00000a38 0x4062d2b3 M   sra         x5, x5, x6
602 2753 0x00000a3c 0x4062d2b3 M   sra         x5, x5, x6
603 2765 0x00000a40 0x4062d2b3 M   sra         x5, x5, x6
604 2768 0x00000a44 0x4062d2b3 M   sra         x5, x5, x6
605 2771 0x00000a48 0x4062d2b3 M   sra         x5, x5, x6
606 2774 0x00000a4c 0x4062d2b3 M   sra         x5, x5, x6
607 2777 0x00000a50 0x4062d2b3 M   sra         x5, x5, x6
608 2780 0x00000a54 0x4062d2b3 M   sra         x5, x5, x6
609 2783 0x00000a58 0x4062d2b3 M   sra         x5, x5, x6
610 2786 0x00000a5c 0x4062d2b3 M   sra         x5, x5, x6
611 2798 0x00000a60 0x4062d2b3 M   sra         x5, x5, x6
612 2801 0x00000a64 0x4062d2b3 M   sra         x5, x5, x6
613 2804 0x00000a68 0x4062d2b3 M   sra         x5, x5, x6
614 2807 0x00000a6c 0x4062d2b3 M   sra         x5, x5, x6
615 2810 0x00000a70 0x4062d2b3 M   sra         x5, x5, x6
616 2813 0x00000a74 0x4062d2b3 M   sra         x5, x5, x6
617 2816 0x00000a78 0x4062d2b3 M   sra         x5, x5, x6
618 2819 0x00000a7c 0x4062d2b3 M   sra         x5, x5, x6
619 2831 0x00000a80 0x4062d2b3 M   sra         x5, x5, x6
620 2834 0x00000a84 0x4062d2b3 M   sra         x5, x5, x6
621 2837 0x00000a88 0x4062d2b3 M   sra         x5, x5, x6
622 2840 0x00000a8c 0x4062d2b3 M   sra         x5, x5, x6
623 2843 0x00000a90 0x4062d2b3 M   sra         x5, x5, x6
624 2846 0x00000a94 0x4062d2b3 M   sra         x5, x5, x6
625 2849 0x00000a98 0x4062d2b3 M   sra         x5, x5, x6
626 2852 0x00000a9c 0x4062d2b3 M   sra         x5, x5, x6
627 2864 0x00000aa0 0x4062d2b3 M   sra         x5, x5, x6
628 2867 0x00000aa4 0x4062d2b3 M   sra         x5, x5, x6
629 2870 0x00000aa8 0x4062d2b3 M   sra         x5, x5, x6
630 2873 0x00000aac 0x4062d2b3 M   sra         x5, x5, x6
631 2876 0x00000ab0 0x4062d2b3 M   sra         x5, x5, x6
632 2879 0x00000ab4 0x4062d2b3 M   sra         x5, x5, x6
633 2882 0x00000ab8 0x4062d2b3 M   sra         x5, x5, x6
634 2885 0x00000abc 0x4062d2b3 M   sra         x5, x5, x6
635 2897 0x00000ac0 0x4062d2b3 M   sra         x5, x5, x6
636 2900 0x00000ac4 0x4062d2b3 M   sra         x5, x5, x6
637 2903 0x00000ac8 0x4062d2b3 M   sra         x5, x5, x6
638 2906 0x00000acc 0x4062d2b3 M   sra         x5, x5, x6
639 2909 0x00000ad0 0x4062d2b3 M   sra         x5, x5, x6
640 2912 0x00000ad4 0x4062d2b3 M   sra         x5, x5, x6
641 2915 0x00000ad8 0x4062d2b3 M   sra         x5, x5, x6
642 2918 0x00000adc 0x4062d2b3 M   sra         x5, x5, x6
643 2930 0x00000ae0 0x4062d2b3 M   sra         x5, x5, x6
644 2933 0x00000ae4 0x4062d2b3 M   sra         x5, x5, x6
645 2936 0x00000ae8 0x4062d2b3 M   sra         x5, x5, x6
646 2939 0x00000aec 0x4062d2b3 M   sra         x5, x5, x6
647 2942 0x00000af0 0x4062d2b3 M   sra         x5, x5, x6
648 2945 0x00000af4 0x4062d2b3 M   sra         x5, x5, x6
649 2948 0x00000af8 0x4062d2b3 M   sra         x5, x5, x6
650 2951 0x00000afc 0x4062d2b3 M   sra         x5, x5, x6
651 2963 0x00000b00 0x4062d2b3 M   sra         x5, x5, x6
652 2966 0x00000b04 0x4062d2b3 M   sra         x5, x5, x6
653 2969 0x00000b08 0x4062d2b3 M   sra         x5, x5, x6
654 2972 0x00000b0c 0x4062d2b3 M   sra         x5, x5, x6
655 2975 0x00000b10 0x4062d2b3 M   sra         x5, x5, x6
656 2978 0x00000b14 0x4062d2b3 M   sra         x5, x5, x6
657 2981 0x00000b18 0x4062d2b3 M   sra         x5, x5, x6
658 2984 0x00000b1c 0x4062d2b3 M   sra         x5, x5, x6
659 2996 0x00000b20 0x4062d2b3 M   sra         x5, x5, x6
660 2999 0x00000b24 0x4062d2b3 M   sra         x5, x5, x6
661 3002 0x00000b28 0x4062d2b3 M   sra         x5, x5, x6
662 3005 0x00000b2c 0x4062d2b3 M   sra         x5, x5, x6
663 3008 0x00000b30 0x4062d2b3 M   sra         x5, x5, x6
664 3011 0x00000b34 0x4062d2b3 M   sra         x5, x5, x6
665 3014 0x00000b38 0x4062d2b3 M   sra         x5, x5, x6
666 3017 0x00000b3c 0x4062d2b3 M   sra         x5, x5, x6
667 3029 0x00000b40 0x4062d2b3 M   sra         x5, x5, x6
668 3032 0x00000b44 0x4062d2b3 M   sra         x5, x5, x6
669 3035 0x00000b48 0x4062d2b3 M   sra         x5, x5, x6
670 3038 0x00000b4c 0x4062d2b3 M   sra         x5, x5, x6
671 3041 0x00000b50 0x4062d2b3 M   sra         x5, x5, x6
672 3044 0x00000b54 0x4062d2b3 M   sra         x5, x5, x6
673 3047 0x00000b58 0x4062d2b3 M   sra         x5, x5, x6
674 3050 0x00000b5c 0x4062d2b3 M   sra         x5, x5, x6
675 3062 0x00000b60 0x4062d2b3 M   sra         x5, x5, x6
676 3065 0x00000b64 0x4062d2b3 M   sra         x5, x5, x6
677 3068 0x00000b68 0x4062d2b3 M   sra         x5, x5, x6
678 3071 0x00000b6c 0x4062d2b3 M   sra         x5, x5, x6
679 3074 0x00000b70 0x4062d2b3 M   sra         x5, x5, x6
680 3077 0x00000b74 0x4062d2b3 M   sra         x5, x5, x6
681 3080 0x00000b78 0x4062d2b3 M   sra         x5, x5, x6
682 3083 0x00000b7c 0x4062d2b3 M   sra         x5, x5, x6
683 3095 0x00000b80 0x4062d2b3 M   sra         x5, x5, x6
684 3098 0x00000b84 0x4062d2b3 M   sra         x5, x5, x6
685 3101 0x00000b88 0x4062d2b3 M   sra         x5, x5, x6
686 3104 0x00000b8c 0x4062d2b3 M   sra         x5, x5, x6
687 3107 0x00000b90 0x4062d2b3 M   sra         x5, x5, x6
688 3110 0x00000b94 0x4062d2b3 M   sra         x5, x5, x6
689 3113 0x00000b98 0x4062d2b3 M   sra         x5, x5, x6
690 3116 0x00000b9c 0x4062d2b3 M   sra         x5, x5, x6
691 3128 0x00000ba0 0x4062d2b3 M   sra         x5, x5, x6
692 3131 0x00000ba4 0x4062d2b3 M   sra         x5, x5, x6
693 3134 0x00000ba8 0x4062d2b3 M   sra         x5, x5, x6
694 3137 0x00000bac 0x4062d2b3 M   sra         x5, x5, x6
695 3140 0x00000bb0 0x4062d2b3 M   sra         x5, x5, x6
696 3143 0x00000bb4 0x4062d2b3 M   sra         x5, x5, x6
697 3146 0x00000bb8 0x4062d2b3 M   sra         x5, x5, x6
698 3149 0x00000bbc 0x4062d2b3 M   sra         x5, x5, x6
699 3161 0x00000bc0 0x4062d2b3 M   sra         x5, x5, x6
700 3164 0x00000bc4 0x4062d2b3 M   sra         x5, x5, x6
701 3167 0x00000bc8 0x4062d2b3 M   sra         x5, x5, x6
702 3170 0x00000bcc 0x4062d2b3 M   sra         x5, x5, x6
703 3173 0x00000bd0 0x4062d2b3 M   sra         x5, x5, x6
704 3176 0x00000bd4 0x4062d2b3 M   sra         x5, x5, x6
705 3179 0x00000bd8 0x4062d2b3 M   sra         x5, x5, x6
706 3182 0x00000bdc 0x4062d2b3 M   sra         x5, x5, x6
707 3194 0x00000be0 0x4062d2b3 M   sra         x5, x5, x6
708 3197 0x00000be4 0x4062d2b3 M   sra         x5, x5, x6
709 3200 0x00000be8 0x4062d2b3 M   sra         x5, x5, x6
710 3203 0x00000bec 0x4062d2b3 M   sra         x5, x5, x6
711 3206 0x00000bf0 0x4062d2b3 M   sra         x5, x5, x6
712 3209 0x00000bf4 0x4062d2b3 M   sra         x5, x5, x6
713 3212 0x00000bf8 0x4062d2b3 M   sra         x5, x5, x6
714 3215 0x00000bfc 0x4062d2b3 M   sra         x5, x5, x6
715 3227 0x00000c00 0x4062d2b3 M   sra         x5, x5, x6
716 3230 0x00000c04 0x4062d2b3 M   sra         x5, x5, x6
717 3233 0x00000c08 0x4062d2b3 M   sra         x5, x5, x6
718 3236 0x00000c0c 0x4062d2b3 M   sra         x5, x5, x6
719 3239 0x00000c10 0x4062d2b3 M   sra         x5, x5, x6
720 3242 0x00000c14 0x4062d2b3 M   sra         x5, x5, x6
721 3245 0x00000c18 0x4062d2b3 M   sra         x5, x5, x6
722 3248 0x00000c1c 0x4062d2b3 M   sra         x5, x5, x6
723 3260 0x00000c20 0x4062d2b3 M   sra         x5, x5, x6
724 3263 0x00000c24 0x4062d2b3 M   sra         x5, x5, x6
725 3266 0x00000c28 0x4062d2b3 M   sra         x5, x5, x6
726 3269 0x00000c2c 0x4062d2b3 M   sra         x5, x5, x6
727 3272 0x00000c30 0x4062d2b3 M   sra         x5, x5, x6
728 3275 0x00000c34 0x4062d2b3 M   sra         x5, x5, x6
729 3278 0x00000c38 0x4062d2b3 M   sra         x5, x5, x6
730 3281 0x00000c3c 0x4062d2b3 M   sra         x5, x5, x6
731 3293 0x00000c40 0x4062d2b3 M   sra         x5, x5, x6
732 3296 0x00000c44 0x4062d2b3 M   sra         x5, x5, x6
733 3299 0x00000c48 0x4062d2b3 M   sra         x5, x5, x6
734 3302 0x00000c4c 0x4062d2b3 M   sra         x5, x5, x6
735 3305 0x00000c50 0x4062d2b3 M   sra         x5, x5, x6
736 3308 0x00000c54 0x4062d2b3 M   sra         x5, x5, x6
737 3311 0x00000c58 0x4062d2b3 M   sra         x5, x5, x6
738 3314 0x00000c5c 0x4062d2b3 M   sra         x5, x5, x6
739 3326 0x00000c60 0x4062d2b3 M   sra         x5, x5, x6
740 3329 0x00000c64 0x4062d2b3 M   sra         x5, x5, x6
741 3332 0x00000c68 0x4062d2b3 M   sra         x5, x5, x6
742 3335 0x00000c6c 0x4062d2b3 M   sra         x5, x5, x6
743 3338 0x00000c70 0x4062d2b3 M   sra         x5, x5, x6
744 3341 0x00000c74 0x4062d2b3 M   sra         x5, x5, x6
745 3344 0x00000c78 0x4062d2b3 M   sra         x5, x5, x6
746 3347 0x00000c7c 0x4062d2b3 M   sra         x5, x5, x6
747 3359 0x00000c80 0x4062d2b3 M   sra         x5, x5, x6
748 3362 0x00000c84 0x4062d2b3 M   sra         x5, x5, x6
749 3365 0x00000c88 0x4062d2b3 M   sra         x5, x5, x6
750 3368 0x00000c8c 0x4062d2b3 M   sra         x5, x5, x6
751 3371 0x00000c90 0x4062d2b3 M   sra         x5, x5, x6
752 3374 0x00000c94 0x4062d2b3 M   sra         x5, x5, x6
753 3377 0x00000c98 0x4062d2b3 M   sra         x5, x5, x6
754 3380 0x00000c9c 0x4062d2b3 M   sra         x5, x5, x6
755 3392 0x00000ca0 0x4062d2b3 M   sra         x5, x5, x6
756 3395 0x00000ca4 0x4062d2b3 M   sra         x5, x5, x6
757 3398 0x00000ca8 0x4062d2b3 M   sra         x5, x5, x6
758 3401 0x00000cac 0x4062d2b3 M   sra         x5, x5, x6
759 3404 0x00000cb0 0x4062d2b3 M   sra         x5, x5, x6
760 3407 0x00000cb4 0x4062d2b3 M   sra         x5, x5, x6
761 3410 0x00000cb8 0x4062d2b3 M   sra         x5, x5, x6
762 3413 0x00000cbc 0x4062d2b3 M   sra         x5, x5, x6
763 3425 0x00000cc0 0x4062d2b3 M   sra         x5, x5, x6
764 3428 0x00000cc4 0x4062d2b3 M   sra         x5, x5, x6
765 3431 0x00000cc8 0x4062d2b3 M   sra         x5, x5, x6
766 3434 0x00000ccc 0x4062d2b3 M   sra         x5, x5, x6
767 3437 0x00000cd0 0x4062d2b3 M   sra         x5, x5, x6
768 3440 0x00000cd4 0x4062d2b3 M   sra         x5, x5, x6
769 3443 0x00000cd8 0x4062d2b3 M   sra         x5, x5, x6
770 3446 0x00000cdc 0x4062d2b3 M   sra         x5, x5, x6
771 3458 0x00000ce0 0x4062d2b3 M   sra         x5, x5, x6
772 3461 0x00000ce4 0x4062d2b3 M   sra         x5, x5, x6
773 3464 0x00000ce8 0x4062d2b3 M   sra         x5, x5, x6
774 3467 0x00000cec 0x4062d2b3 M   sra         x5, x5, x6
775 3470 0x00000cf0 0x4062d2b3 M   sra         x5, x5, x6
776 3473 0x00000cf4 0x4062d2b3 M   sra         x5, x5, x6
777 3476 0x00000cf8 0x4062d2b3 M   sra         x5, x5, x6
778 3479 0x00000cfc 0x4062d2b3 M   sra         x5, x5, x6
779 3491 0x00000d00 0x4062d2b3 M   sra         x5, x5, x6
780 3494 0x00000d04 0x4062d2b3 M   sra         x5, x5, x6
781 3497 0x00000d08 0x4062d2b3 M   sra         x5, x5, x6
782 3500 0x00000d0c 0x4062d2b3 M   sra         x5, x5, x6
783 3503 0x00000d10 0x4062d2b3 M   sra         x5, x5, x6
784 3506 0x00000d14 0x4062d2b3 M   sra         x5, x5, x6
785 3509 0x00000d18 0x4062d2b3 M   sra         x5, x5, x6
786 3512 0x00000d1c 0x4062d2b3 M   sra         x5, x5, x6
787 3524 0x00000d20 0x4062d2b3 M   sra         x5, x5, x6
788 3527 0x00000d24 0x4062d2b3 M   sra         x5, x5, x6
789 3530 0x00000d28 0x4062d2b3 M   sra         x5, x5, x6
790 3533 0x00000d2c 0x4062d2b3 M   sra         x5, x5, x6
791 3536 0x00000d30 0x4062d2b3 M   sra         x5, x5, x6
792 3539 0x00000d34 0x4062d2b3 M   sra         x5, x5, x6
793 3542 0x00000d38 0x4062d2b3 M   sra         x5, x5, x6
794 3545 0x00000d3c 0x4062d2b3 M   sra         x5, x5, x6
795 3557 0x00000d40 0x4062d2b3 M   sra         x5, x5, x6
796 3560 0x00000d44 0x4062d2b3 M   sra         x5, x5, x6
797 3563 0x00000d48 0x4062d2b3 M   sra         x5, x5, x6
798 3566 0x00000d4c 0x4062d2b3 M   sra         x5, x5, x6
799 3569 0x00000d50 0x4062d2b3 M   sra         x5, x5, x6
800 3572 0x00000d54 0x4062d2b3 M   sra         x5, x5, x6
801 3575 0x00000d58 0x4062d2b3 M   sra         x5, x5, x6
802 3578 0x00000d5c 0x4062d2b3 M   sra         x5, x5, x6
803 3590 0x00000d60 0x4062d2b3 M   sra         x5, x5, x6
804 3593 0x00000d64 0x4062d2b3 M   sra         x5, x5, x6
805 3596 0x00000d68 0x4062d2b3 M   sra         x5, x5, x6
806 3599 0x00000d6c 0x4062d2b3 M   sra         x5, x5, x6
807 3602 0x00000d70 0x4062d2b3 M   sra         x5, x5, x6
808 3605 0x00000d74 0x4062d2b3 M   sra         x5, x5, x6
809 3608 0x00000d78 0x4062d2b3 M   sra         x5, x5, x6
810 3611 0x00000d7c 0x4062d2b3 M   sra         x5, x5, x6
811 3623 0x00000d80 0x4062d2b3 M   sra         x5, x5, x6
812 3626 0x00000d84 0x4062d2b3 M   sra         x5, x5, x6
813 3629 0x00000d88 0x4062d2b3 M   sra         x5, x5, x6
814 3632 0x00000d8c 0x4062d2b3 M   sra         x5, x5, x6
815 3635 0x00000d90 0x4062d2b3 M   sra         x5, x5, x6
816 3638 0x00000d94 0x4062d2b3 M   sra         x5, x5, x6
817 3641 0x00000d98 0x4062d2b3 M   sra         x5, x5, x6
818 3644 0x00000d9c 0x4062d2b3 M   sra         x5, x5, x6
819 3656 0x00000da0 0x4062d2b3 M   sra         x5, x5, x6
820 3659 0x00000da4 0x4062d2b3 M   sra         x5, x5, x6
821 3662 0x00000da8 0x4062d2b3 M   sra         x5, x5, x6
822 3665 0x00000dac 0x4062d2b3 M   sra         x5, x5, x6
823 3668 0x00000db0 0x4062d2b3 M   sra         x5, x5, x6
824 3671 0x00000db4 0x4062d2b3 M   sra         x5, x5, x6
825 3674 0x00000db8 0x4062d2b3 M   sra         x5, x5, x6
826 3677 0x00000dbc 0x4062d2b3 M   sra         x5, x5, x6
827 3689 0x00000dc0 0x4062d2b3 M   sra         x5, x5, x6
828 3692 0x00000dc4 0x4062d2b3 M   sra         x5, x5, x6
829 3695 0x00000dc8 0x4062d2b3 M   sra         x5, x5, x6
830 3698 0x00000dcc 0x4062d2b3 M   sra         x5, x5, x6
831 3701 0x00000dd0 0x4062d2b3 M   sra         x5, x5, x6
832 3704 0x00000dd4 0x4062d2b3 M   sra         x5, x5, x6
833 3707 0x00000dd8 0x4062d2b3 M   sra         x5, x5, x6
834 3710 0x00000ddc 0x4062d2b3 M   sra         x5, x5, x6
835 3722 0x00000de0 0x4062d2b3 M   sra         x5, x5, x6
836 3725 0x00000de4 0x4062d2b3 M   sra         x5, x5, x6
837 3728 0x00000de8 0x4062d2b3 M   sra         x5, x5, x6
838 3731 0x00000dec 0x4062d2b3 M   sra         x5, x5, x6
839 3734 0x00000df0 0x4062d2b3 M   sra         x5, x5, x6
840 3737 0x00000df4 0x4062d2b3 M   sra         x5, x5, x6
841 3740 0x00000df8 0x4062d2b3 M   sra         x5, x5, x6
842 3743 0x00000dfc 0x4062d2b3 M   sra         x5, x5, x6
843 3755 0x00000e00 0x4062d2b3 M   sra         x5, x5, x6
844 3758 0x00000e04 0x4062d2b3 M   sra         x5, x5, x6
845 3761 0x00000e08 0x4062d2b3 M   sra         x5, x5, x6
846 3764 0x00000e0c 0x4062d2b3 M   sra         x5, x5, x6
847 3767 0x00000e10 0x4062d2b3 M   sra         x5, x5, x6
848 3770 0x00000e14 0x4062d2b3 M   sra         x5, x5, x6
849 3773 0x00000e18 0x4062d2b3 M   sra         x5, x5, x6
850 3776 0x00000e1c 0x4062d2b3 M   sra         x5, x5, x6
851 3788 0x00000e20 0x4062d2b3 M   sra         x5, x5, x6
852 3791 0x00000e24 0x4062d2b3 M   sra         x5, x5, x6
853 3794 0x00000e28 0x4062d2b3 M   sra         x5, x5, x6
854 3797 0x00000e2c 0x4062d2b3 M   sra         x5, x5, x6
855 3800 0x00000e30 0x4062d2b3 M   sra         x5, x5, x6
856 3803 0x00000e34 0x4062d2b3 M   sra         x5, x5, x6
857 3806 0x00000e38 0x4062d2b3 M   sra         x5, x5, x6
858 3809 0x00000e3c 0x4062d2b3 M   sra         x5, x5, x6
859 3821 0x00000e40 0x4062d2b3 M   sra         x5, x5, x6
860 3824 0x00000e44 0x4062d2b3 M   sra         x5, x5, x6
861 3827 0x00000e48 0x4062d2b3 M   sra         x5, x5, x6
862 3830 0x00000e4c 0x4062d2b3 M   sra         x5, x5, x6
863 3833 0x00000e50 0x4062d2b3 M   sra         x5, x5, x6
864 3836 0x00000e54 0x4062d2b3 M   sra         x5, x5, x6
865 3839 0x00000e58 0x4062d2b3 M   sra         x5, x5, x6
866 3842 0x00000e5c 0x4062d2b3 M   sra         x5, x5, x6
867 3854 0x00000e60 0x4062d2b3 M   sra         x5, x5, x6
868 3857 0x00000e64 0x4062d2b3 M   sra         x5, x5, x6
869 3860 0x00000e68 0x4062d2b3 M   sra         x5, x5, x6
870 3863 0x00000e6c 0x4062d2b3 M   sra         x5, x5, x6
871 3866 0x00000e70 0x4062d2b3 M   sra         x5, x5, x6
872 3869 0x00000e74 0x4062d2b3 M   sra         x5, x5, x6
873 3872 0x00000e78 0x4062d2b3 M   sra         x5, x5, x6
874 3875 0x00000e7c 0x4062d2b3 M   sra         x5, x5, x6
875 3887 0x00000e80 0x4062d2b3 M   sra         x5, x5, x6
876 3890 0x00000e84 0x4062d2b3 M   sra         x5, x5, x6
877 3893 0x00000e88 0x4062d2b3 M   sra         x5, x5, x6
878 3896 0x00000e8c 0x4062d2b3 M   sra         x5, x5, x6
879 3899 0x00000e90 0x4062d2b3 M   sra         x5, x5, x6
880 3902 0x00000e94 0x4062d2b3 M   sra         x5, x5, x6
881 3905 0x00000e98 0x4062d2b3 M   sra         x5, x5, x6
882 3908 0x00000e9c 0x4062d2b3 M   sra         x5, x5, x6
883 3920 0x00000ea0 0x4062d2b3 M   sra         x5, x5, x6
884 3923 0x00000ea4 0x4062d2b3 M   sra         x5, x5, x6
885 3926 0x00000ea8 0x4062d2b3 M   sra         x5, x5, x6
886 3929 0x00000eac 0x4062d2b3 M   sra         x5, x5, x6
887 3932 0x00000eb0 0x4062d2b3 M   sra         x5, x5, x6
888 3935 0x00000eb4 0x4062d2b3 M   sra         x5, x5, x6
889 3938 0x00000eb8 0x4062d2b3 M   sra         x5, x5, x6
890 3941 0x00000ebc 0x4062d2b3 M   sra         x5, x5, x6
891 3953 0x00000ec0 0x4062d2b3 M   sra         x5, x5, x6
892 3956 0x00000ec4 0x4062d2b3 M   sra         x5, x5, x6
893 3959 0x00000ec8 0x4062d2b3 M   sra         x5, x5, x6
894 3962 0x00000ecc 0x4062d2b3 M   sra         x5, x5, x6
895 3965 0x00000ed0 0x4062d2b3 M   sra         x5, x5, x6
896 3968 0x00000ed4 0x4062d2b3 M   sra         x5, x5, x6
897 3971 0x00000ed8 0x4062d2b3 M   sra         x5, x5, x6
898 3974 0x00000edc 0x4062d2b3 M   sra         x5, x5, x6
899 3986 0x00000ee0 0x4062d2b3 M   sra         x5, x5, x6
900 3989 0x00000ee4 0x4062d2b3 M   sra         x5, x5, x6
901 3992 0x00000ee8 0x4062d2b3 M   sra         x5, x5, x6
902 3995 0x00000eec 0x4062d2b3 M   sra         x5, x5, x6
903 3998 0x00000ef0 0x4062d2b3 M   sra         x5, x5, x6
904 4001 0x00000ef4 0x4062d2b3 M   sra         x5, x5, x6
905 4004 0x00000ef8 0x4062d2b3 M   sra         x5, x5, x6
906 4007 0x00000efc 0x4062d2b3 M   sra         x5, x5, x6
907 4019 0x00000f00 0x4062d2b3 M   sra         x5, x5, x6
908 4022 0x00000f04 0x4062d2b3 M   sra         x5, x5, x6
909 4025 0x00000f08 0x4062d2b3 M   sra         x5, x5, x6
910 4028 0x00000f0c 0x4062d2b3 M   sra         x5, x5, x6
911 4031 0x00000f10 0x4062d2b3 M   sra         x5, x5, x6
912 4034 0x00000f14 0x4062d2b3 M   sra         x5, x5, x6
913 4037 0x00000f18 0x4062d2b3 M   sra         x5, x5, x6
914 4040 0x00000f1c 0x4062d2b3 M   sra         x5, x5, x6
915 4052 0x00000f20 0x4062d2b3 M   sra         x5, x5, x6
916 4055 0x00000f24 0x4062d2b3 M   sra         x5, x5, x6
917 4058 0x00000f28 0x4062d2b3 M   sra         x5, x5, x6
918 4061 0x00000f2c 0x4062d2b3 M   sra         x5, x5, x6
919 4064 0x00000f30 0x4062d2b3 M   sra         x5, x5, x6
920 4067 0x00000f34 0x4062d2b3 M   sra         x5, x5, x6
921 4070 0x00000f38 0x4062d2b3 M   sra         x5, x5, x6
922 4073 0x00000f3c 0x4062d2b3 M   sra         x5, x5, x6
923 4085 0x00000f40 0x4062d2b3 M   sra         x5, x5, x6
924 4088 0x00000f44 0x4062d2b3 M   sra         x5, x5, x6
925 4091 0x00000f48 0x4062d2b3 M   sra         x5, x5, x6
926 4094 0x00000f4c 0x4062d2b3 M   sra         x5, x5, x6
927 4097 0x00000f50 0x4062d2b3 M   sra         x5, x5, x6
928 4100 0x00000f54 0x4062d2b3 M   sra         x5, x5, x6
929 4103 0x00000f58 0x4062d2b3 M   sra         x5, x5, x6
930 4106 0x00000f5c 0x4062d2b3 M   sra         x5, x5, x6
931 4118 0x00000f60 0x4062d2b3 M   sra         x5, x5, x6
932 4121 0x00000f64 0x4062d2b3 M   sra         x5, x5, x6
933 4124 0x00000f68 0x4062d2b3 M   sra         x5, x5, x6
934 4127 0x00000f6c 0x4062d2b3 M   sra         x5, x5, x6
935 4130 0x00000f70 0x4062d2b3 M   sra         x5, x5, x6
936 4133 0x00000f74 0x4062d2b3 M   sra         x5, x5, x6
937 4136 0x00000f78 0x4062d2b3 M   sra         x5, x5, x6
938 4139 0x00000f7c 0x4062d2b3 M   sra         x5, x5, x6
939 4151 0x00000f80 0x4062d2b3 M   sra         x5, x5, x6
940 4154 0x00000f84 0x4062d2b3 M   sra         x5, x5, x6
941 4157 0x00000f88 0x4062d2b3 M   sra         x5, x5, x6
942 4160 0x00000f8c 0x4062d2b3 M   sra         x5, x5, x6
943 4163 0x00000f90 0x4062d2b3 M   sra         x5, x5, x6
944 4166 0x00000f94 0x4062d2b3 M   sra         x5, x5, x6
945 4169 0x00000f98 0x4062d2b3 M   sra         x5, x5, x6
946 4172 0x00000f9c 0x4062d2b3 M   sra         x5, x5, x6
947 4184 0x00000fa0 0x4062d2b3 M   sra         x5, x5, x6
948 4187 0x00000fa4 0x4062d2b3 M   sra         x5, x5, x6
949 4190 0x00000fa8 0x4062d2b3 M   sra         x5, x5, x6
950 4193 0x00000fac 0x4062d2b3 M   sra         x5, x5, x6
951 4196 0x00000fb0 0x4062d2b3 M   sra         x5, x5, x6
952 4199 0x00000fb4 0x4062d2b3 M   sra         x5, x5, x6
953 4202 0x00000fb8 0x4062d2b3 M   sra         x5, x5, x6
954 4205 0x00000fbc 0x4062d2b3 M   sra         x5, x5, x6
955 4217 0x00000fc0 0x4062d2b3 M   sra         x5, x5, x6
956 4220 0x00000fc4 0x4062d2b3 M   sra         x5, x5, x6
957 4223 0x00000fc8 0x4062d2b3 M   sra         x5, x5, x6
958 4226 0x00000fcc 0x4062d2b3 M   sra         x5, x5, x6
959 4229 0x00000fd0 0x4062d2b3 M   sra         x5, x5, x6
960 4232 0x00000fd4 0x4062d2b3 M   sra         x5, x5, x6
961 4235 0x00000fd8 0x4062d2b3 M   sra         x5, x5, x6
962 4238 0x00000fdc 0x4062d2b3 M   sra         x5, x5, x6
963 4250 0x00000fe0 0x4062d2b3 M   sra         x5, x5, x6
964 4253 0x00000fe4 0x4062d2b3 M   sra         x5, x5, x6
965 4256 0x00000fe8 0x4062d2b3 M   sra         x5, x5, x6
966 4259 0x00000fec 0x4062d2b3 M   sra         x5, x5, x6
967 4262 0x00000ff0 0x4062d2b3 M   sra         x5, x5, x6
968 4265 0x00000ff4 0x4062d2b3 M   sra         x5, x5, x6
969 4268 0x00000ff8 0x4062d2b3 M   sra         x5, x5, x6
970 4271 0x00000ffc 0x4062d2b3 M   sra         x5, x5, x6
971 4283 0x00001000 0x4062d2b3 M   sra         x5, x5, x6
972 4286 0x00001004 0x4062d2b3 M   sra         x5, x5, x6
973 4289 0x00001008 0x4062d2b3 M   sra         x5, x5, x6
974 4292 0x0000100c 0x4062d2b3 M   sra         x5, x5, x6
975 4295 0x00001010 0x4062d2b3 M   sra         x5, x5, x6
976 4298 0x00001014 0x4062d2b3 M   sra         x5, x5, x6
977 4301 0x00001018 0x4062d2b3 M   sra         x5, x5, x6
978 4304 0x0000101c 0x4062d2b3 M   sra         x5, x5, x6
979 4316 0x00001020 0x4062d2b3 M   sra         x5, x5, x6
980 4319 0x00001024 0x4062d2b3 M   sra         x5, x5, x6
981 4322 0x00001028 0x4062d2b3 M   sra         x5, x5, x6
982 4325 0x0000102c 0x4062d2b3 M   sra         x5, x5, x6
983 4328 0x00001030 0x4062d2b3 M   sra         x5, x5, x6
984 4331 0x00001034 0x4062d2b3 M   sra         x5, x5, x6
985 4334 0x00001038 0x4062d2b3 M   sra         x5, x5, x6
986 4337 0x0000103c 0x4062d2b3 M   sra         x5, x5, x6
987 4349 0x00001040 0x4062d2b3 M   sra         x5, x5, x6
988 4352 0x00001044 0x4062d2b3 M   sra         x5, x5, x6
989 4355 0x00001048 0x4062d2b3 M   sra         x5, x5, x6
990 4358 0x0000104c 0x4062d2b3 M   sra         x5, x5, x6
991 4361 0x00001050 0x4062d2b3 M   sra         x5, x5, x6
992 4364 0x00001054 0x4062d2b3 M   sra         x5, x5, x6
993 4367 0x00001058 0x4062d2b3 M   sra         x5, x5, x6
994 4370 0x0000105c 0x4062d2b3 M   sra         x5, x5, x6
995 4382 0x00001060 0x4062d2b3 M   sra         x5, x5, x6
996 4385 0x00001064 0x4062d2b3 M   sra         x5, x5, x6
997 4388 0x00001068 0x4062d2b3 M   sra         x5, x5, x6
998 4391 0x0000106c 0x4062d2b3 M   sra         x5, x5, x6
999 4394 0x00001070 0x4062d2b3 M   sra         x5, x5, x6
1000 4397 0x00001074 0x4062d2b3 M   sra         x5, x5, x6
1001 4400 0x00001078 0x4062d2b3 M   sra         x5, x5, x6
1002 4403 0x0000107c 0x4062d2b3 M   sra         x5, x5, x6
1003 4415 0x00001080 0x4062d2b3 M   sra         x5, x5, x6
1004 4418 0x00001084 0x4062d2b3 M   sra         x5, x5, x6
1005 4421 0x00001088 0x4062d2b3 M   sra         x5, x5, x6
1006 4424 0x0000108c 0x4062d2b3 M   sra         x5, x5, x6
1007 4427 0x00001090 0x4062d2b3 M   sra         x5, x5, x6
1008 4430 0x00001094 0x4062d2b3 M   sra         x5, x5, x6
1009 4433 0x00001098 0x4062d2b3 M   sra         x5, x5, x6
1010 4436 0x0000109c 0x4062d2b3 M   sra         x5, x5, x6
1011 4448 0x000010a0 0x4062d2b3 M   sra         x5, x5, x6
1012 4451 0x000010a4 0x4062d2b3 M   sra         x5, x5, x6
1013 4454 0x000010a8 0x4062d2b3 M   sra         x5, x5, x6
1014 4457 0x000010ac 0x4062d2b3 M   sra         x5, x5, x6
1015 4460 0x000010b0 0x4062d2b3 M   sra         x5, x5, x6
1016 4463 0x000010b4 0x4062d2b3 M   sra         x5, x5, x6
1017 4466 0x000010b8 0x4062d2b3 M   sra         x5, x5, x6
1018 4469 0x000010bc 0x4062d2b3 M   sra         x5, x5, x6
1019 4481 0x000010c0 0x4062d2b3 M   sra         x5, x5, x6
1020 4484 0x000010c4 0x4062d2b3 M   sra         x5, x5, x6
1021 4487 0x000010c8 0x4062d2b3 M   sra         x5, x5, x6
1022 4490 0x000010cc 0x4062d2b3 M   sra         x5, x5, x6
1023 4493 0x000010d0 0x4062d2b3 M   sra         x5, x5, x6
1024 4496 0x000010d4 0x4062d2b3 M   sra         x5, x5, x6
1025 4499 0x000010d8 0x4062d2b3 M   sra         x5, x5, x6
1026 4502 0x000010dc 0x4062d2b3 M   sra         x5, x5, x6
1027 4514 0x000010e0 0x4062d2b3 M   sra         x5, x5, x6
1028 4517 0x000010e4 0x4062d2b3 M   sra         x5, x5, x6
1029 4520 0x000010e8 0x4062d2b3 M   sra         x5, x5, x6
1030 4523 0x000010ec 0x4062d2b3 M   sra         x5, x5, x6
1031 4526 0x000010f0 0x4062d2b3 M   sra         x5, x5, x6
1032 4529 0x000010f4 0x4062d2b3 M   sra         x5, x5, x6
1033 4532 0x000010f8 0x4062d2b3 M   sra         x5, x5, x6
1034 4535 0x000010fc 0x4062d2b3 M   sra         x5, x5, x6
1035 4547 0x00001100 0x4062d2b3 M   sra         x5, x5, x6
1036 4550 0x00001104 0x4062d2b3 M   sra         x5, x5, x6
1037 4553 0x00001108 0x4062d2b3 M   sra         x5, x5, x6
1038 4556 0x0000110c 0x4062d2b3 M   sra         x5, x5, x6
1039 4559 0x00001110 0x4062d2b3 M   sra         x5, x5, x6
1040 4562 0x00001114 0x4062d2b3 M   sra         x5, x5, x6
1041 4565 0x00001118 0x4062d2b3 M   sra         x5, x5, x6
1042 4568 0x0000111c 0x4062d2b3 M   sra         x5, x5, x6
1043 4580 0x00001120 0x4062d2b3 M   sra         x5, x5, x6
1044 4583 0x00001124 0x4062d2b3 M   sra         x5, x5, x6
1045 4586 0x00001128 0x4062d2b3 M   sra         x5, x5, x6
1046 4589 0x0000112c 0x4062d2b3 M   sra         x5, x5, x6
1047 4592 0x00001130 0x4062d2b3 M   sra         x5, x5, x6
1048 4595 0x00001134 0x4062d2b3 M   sra         x5, x5, x6
1049 4598 0x00001138 0x4062d2b3 M   sra         x5, x5, x6
1050 4601 0x0000113c 0x4062d2b3 M   sra         x5, x5, x6
1051 4613 0x00001140 0x4062d2b3 M   sra         x5, x5, x6
1052 4616 0x00001144 0x4062d2b3 M   sra         x5, x5, x6
1053 4619 0x00001148 0x4062d2b3 M   sra         x5, x5, x6
1054 4622 0x0000114c 0x4062d2b3 M   sra         x5, x5, x6
1055 4625 0x00001150 0x4062d2b3 M   sra         x5, x5, x6
1056 4628 0x00001154 0x4062d2b3 M   sra         x5, x5, x6
1057 4631 0x00001158 0x4062d2b3 M   sra         x5, x5, x6
1058 4634 0x0000115c 0x4062d2b3 M   sra         x5, x5, x6
1059 4646 0x00001160 0x4062d2b3 M   sra         x5, x5, x6
1060 4649 0x00001164 0x4062d2b3 M   sra         x5, x5, x6
1061 4652 0x00001168 0x4062d2b3 M   sra         x5, x5, x6
1062 4655 0x0000116c 0xc00024f3 M   csrrs       x9, cycle, x0
1063 4657 0x00001170 0x40848933 M   sub         x18, x9, x8
1064 4659 0x00001174 0x00000513 M   addi        x10, x0, 0
1065 4662 0x00001178 0x00008067 M   jalr        x0, 0(x1)
1066 4692 0x00000160 0x30047073 M   csrrci      x0, mstatus, 8
1067 4695 0x00000164 0x30401073 M   csrrw       x0, mie, x0
1068 4697 0x00000168 0x00000597 M   auipc       x11, 0x00000000
1069 4699 0x0000016c 0x05058593 M   addi        x11, x11, 80
1070 4702 0x00000170 0x30559073 M   csrrw       x0, mtvec, x11
1071 4705 0x00000174 0x34051073 M   csrrw       x0, mscratch, x10
1072 4708 0x00000178 0xf1402473 M   csrrs       x8, mhartid, x0
1073 4711 0x0000017c 0x02041463 M   bne         x8, x0, 40
1074 4722 0x00000180 0x00001417 M   auipc       x8, 0x00001000
1075 4724 0x00000184 0xffc40413 M   addi        x8, x8, -4
1076 4726 0x00000188 0x00001497 M   auipc       x9, 0x00001000
1077 4728 0x0000018c 0xff448493 M   addi        x9, x9, -12
1078 4731 0x00000190 0x00945a63 M   bge         x8, x9, 20
1079 4750 0x000001a4 0xf1402473 M   csrrs       x8, mhartid, x0
1080 4753 0x000001a8 0x00041463 M   bne         x8, x0, 8
1081 4756 0x000001ac 0x00100073 M   ebreak      
1082 4765 0x000001b8 0x10500073 M   wfi          <TRAP_ENTRY>
