0 30 0x00000000 0xf14020f3 M   csrrs       x1, mhartid, x0
1 32 0x00000004 0x80002217 M   auipc       x4, 0x80002000
2 34 0x00000008 0xffb20213 M   addi        x4, x4, -5
3 36 0x0000000c 0xff027113 M   andi        x2, x4, -16
4 38 0x00000010 0x80000197 M   auipc       x3, 0x80000000
5 40 0x00000014 0x7f018193 M   addi        x3, x3, 2032
6 42 0x00000018 0x000022b7 M   lui         x5, 0x00002000
7 44 0x0000001c 0x80028293 M   addi        x5, x5, -2048
8 58 0x00000020 0x30029073 M   csrrw       x0, mstatus, x5
9 60 0x00000024 0x00000317 M   auipc       x6, 0x00000000
10 62 0x00000028 0x19030313 M   addi        x6, x6, 400
11 65 0x0000002c 0x30531073 M   csrrw       x0, mtvec, x6
12 68 0x00000030 0x30401073 M   csrrw       x0, mie, x0
13 70 0x00000034 0x00001397 M   auipc       x7, 0x00001000
14 72 0x00000038 0x14038393 M   addi        x7, x7, 320
15 74 0x0000003c 0x80000417 M   auipc       x8, 0x80000000
16 87 0x00000040 0xfc440413 M   addi        x8, x8, -60
17 89 0x00000044 0x80000497 M   auipc       x9, 0x80000000
18 91 0x00000048 0xfbc48493 M   addi        x9, x9, -68
19 93 0x0000004c 0x80000517 M   auipc       x10, 0x80000000
20 95 0x00000050 0xfb450513 M   addi        x10, x10, -76
21 97 0x00000054 0x80000597 M   auipc       x11, 0x80000000
22 99 0x00000058 0xfac58593 M   addi        x11, x11, -84
23 101 0x0000005c 0x00000613 M   addi        x12, x0, 0
24 115 0x00000060 0x00000693 M   addi        x13, x0, 0
25 117 0x00000064 0x00000713 M   addi        x14, x0, 0
26 119 0x00000068 0x00000793 M   addi        x15, x0, 0
27 121 0x0000006c 0x00000813 M   addi        x16, x0, 0
28 123 0x00000070 0x00000893 M   addi        x17, x0, 0
29 125 0x00000074 0x00000913 M   addi        x18, x0, 0
30 127 0x00000078 0x00000993 M   addi        x19, x0, 0
31 129 0x0000007c 0x00000a13 M   addi        x20, x0, 0
32 143 0x00000080 0x00000a93 M   addi        x21, x0, 0
33 145 0x00000084 0x00000b13 M   addi        x22, x0, 0
34 147 0x00000088 0x00000b93 M   addi        x23, x0, 0
35 149 0x0000008c 0x00000c13 M   addi        x24, x0, 0
36 151 0x00000090 0x00000c93 M   addi        x25, x0, 0
37 153 0x00000094 0x00000d13 M   addi        x26, x0, 0
38 155 0x00000098 0x00000d93 M   addi        x27, x0, 0
39 157 0x0000009c 0x00000e13 M   addi        x28, x0, 0
40 171 0x000000a0 0x00000e93 M   addi        x29, x0, 0
41 173 0x000000a4 0x00000f13 M   addi        x30, x0, 0
42 175 0x000000a8 0x00000f93 M   addi        x31, x0, 0
43 178 0x000000ac 0x04008263 M   beq         x1, x0, 68
44 200 0x000000f0 0x00838e63 M   beq         x7, x8, 28
45 203 0x000000f4 0x00945c63 M   bge         x8, x9, 24
46 221 0x0000010c 0x00b55863 M   bge         x10, x11, 16
47 227 0x0000011c 0x00001417 M   auipc       x8, 0x00001000
48 241 0x00000120 0x05840413 M   addi        x8, x8, 88
49 243 0x00000124 0x00001497 M   auipc       x9, 0x00001000
50 245 0x00000128 0x05048493 M   addi        x9, x9, 80
51 248 0x0000012c 0x00945a63 M   bge         x8, x9, 20
52 266 0x00000140 0x00000617 M   auipc       x12, 0x00000000
53 268 0x00000144 0x07c60613 M   addi        x12, x12, 124
54 271 0x00000148 0x0ff0000f M   fence       
55 278 0x0000014c 0x0000100f M   fence.i     
56 489 0x00000150 0x00000513 M   addi        x10, x0, 0
57 491 0x00000154 0x00000593 M   addi        x11, x0, 0
58 494 0x00000158 0x000600e7 M   jalr        x1, 0(x12)
59 524 0x000001bc 0xaaaab2b7 M   lui         x5, 0xaaaab000
60 538 0x000001c0 0xaaa28293 M   addi        x5, x5, -1366
61 540 0x000001c4 0x55555337 M   lui         x6, 0x55555000
62 542 0x000001c8 0x55530313 M   addi        x6, x6, 1365
63 544 0x000001cc 0x0062f3b3 M   and         x7, x5, x6
64 546 0x000001d0 0x0062f3b3 M   and         x7, x5, x6
65 548 0x000001d4 0x0062f3b3 M   and         x7, x5, x6
66 550 0x000001d8 0x0062f3b3 M   and         x7, x5, x6
67 552 0x000001dc 0x0062f3b3 M   and         x7, x5, x6
68 566 0x000001e0 0x0062f3b3 M   and         x7, x5, x6
69 568 0x000001e4 0x0062f3b3 M   and         x7, x5, x6
70 570 0x000001e8 0x0062f3b3 M   and         x7, x5, x6
71 572 0x000001ec 0x0062f3b3 M   and         x7, x5, x6
72 574 0x000001f0 0x0062f3b3 M   and         x7, x5, x6
73 576 0x000001f4 0x0062f3b3 M   and         x7, x5, x6
74 578 0x000001f8 0x0062f3b3 M   and         x7, x5, x6
75 580 0x000001fc 0x0062f3b3 M   and         x7, x5, x6
76 594 0x00000200 0x0062f3b3 M   and         x7, x5, x6
77 596 0x00000204 0x0062f3b3 M   and         x7, x5, x6
78 598 0x00000208 0x0062f3b3 M   and         x7, x5, x6
79 600 0x0000020c 0x0062f3b3 M   and         x7, x5, x6
80 602 0x00000210 0x0062f3b3 M   and         x7, x5, x6
81 604 0x00000214 0x0062f3b3 M   and         x7, x5, x6
82 606 0x00000218 0x0062f3b3 M   and         x7, x5, x6
83 608 0x0000021c 0x0062f3b3 M   and         x7, x5, x6
84 622 0x00000220 0x0062f3b3 M   and         x7, x5, x6
85 624 0x00000224 0x0062f3b3 M   and         x7, x5, x6
86 626 0x00000228 0x0062f3b3 M   and         x7, x5, x6
87 628 0x0000022c 0x0062f3b3 M   and         x7, x5, x6
88 630 0x00000230 0x0062f3b3 M   and         x7, x5, x6
89 632 0x00000234 0x0062f3b3 M   and         x7, x5, x6
90 634 0x00000238 0x0062f3b3 M   and         x7, x5, x6
91 636 0x0000023c 0x0062f3b3 M   and         x7, x5, x6
92 650 0x00000240 0x0062f3b3 M   and         x7, x5, x6
93 652 0x00000244 0x0062f3b3 M   and         x7, x5, x6
94 654 0x00000248 0x0062f3b3 M   and         x7, x5, x6
95 656 0x0000024c 0x0062f3b3 M   and         x7, x5, x6
96 658 0x00000250 0x0062f3b3 M   and         x7, x5, x6
97 660 0x00000254 0x0062f3b3 M   and         x7, x5, x6
98 662 0x00000258 0x0062f3b3 M   and         x7, x5, x6
99 664 0x0000025c 0x0062f3b3 M   and         x7, x5, x6
100 678 0x00000260 0x0062f3b3 M   and         x7, x5, x6
101 680 0x00000264 0x0062f3b3 M   and         x7, x5, x6
102 682 0x00000268 0x0062f3b3 M   and         x7, x5, x6
103 684 0x0000026c 0x0062f3b3 M   and         x7, x5, x6
104 686 0x00000270 0x0062f3b3 M   and         x7, x5, x6
105 688 0x00000274 0x0062f3b3 M   and         x7, x5, x6
106 690 0x00000278 0x0062f3b3 M   and         x7, x5, x6
107 692 0x0000027c 0x0062f3b3 M   and         x7, x5, x6
108 706 0x00000280 0x0062f3b3 M   and         x7, x5, x6
109 708 0x00000284 0x0062f3b3 M   and         x7, x5, x6
110 710 0x00000288 0x0062f3b3 M   and         x7, x5, x6
111 712 0x0000028c 0x0062f3b3 M   and         x7, x5, x6
112 714 0x00000290 0x0062f3b3 M   and         x7, x5, x6
113 716 0x00000294 0x0062f3b3 M   and         x7, x5, x6
114 718 0x00000298 0x0062f3b3 M   and         x7, x5, x6
115 720 0x0000029c 0x0062f3b3 M   and         x7, x5, x6
116 734 0x000002a0 0x0062f3b3 M   and         x7, x5, x6
117 736 0x000002a4 0x0062f3b3 M   and         x7, x5, x6
118 738 0x000002a8 0x0062f3b3 M   and         x7, x5, x6
119 740 0x000002ac 0x0062f3b3 M   and         x7, x5, x6
120 742 0x000002b0 0x0062f3b3 M   and         x7, x5, x6
121 744 0x000002b4 0x0062f3b3 M   and         x7, x5, x6
122 746 0x000002b8 0x0062f3b3 M   and         x7, x5, x6
123 748 0x000002bc 0x0062f3b3 M   and         x7, x5, x6
124 762 0x000002c0 0x0062f3b3 M   and         x7, x5, x6
125 764 0x000002c4 0x0062f3b3 M   and         x7, x5, x6
126 766 0x000002c8 0x0062f3b3 M   and         x7, x5, x6
127 768 0x000002cc 0x0062f3b3 M   and         x7, x5, x6
128 770 0x000002d0 0x0062f3b3 M   and         x7, x5, x6
129 772 0x000002d4 0x0062f3b3 M   and         x7, x5, x6
130 774 0x000002d8 0x0062f3b3 M   and         x7, x5, x6
131 776 0x000002dc 0x0062f3b3 M   and         x7, x5, x6
132 790 0x000002e0 0x0062f3b3 M   and         x7, x5, x6
133 792 0x000002e4 0x0062f3b3 M   and         x7, x5, x6
134 794 0x000002e8 0x0062f3b3 M   and         x7, x5, x6
135 796 0x000002ec 0x0062f3b3 M   and         x7, x5, x6
136 798 0x000002f0 0x0062f3b3 M   and         x7, x5, x6
137 800 0x000002f4 0x0062f3b3 M   and         x7, x5, x6
138 802 0x000002f8 0x0062f3b3 M   and         x7, x5, x6
139 804 0x000002fc 0x0062f3b3 M   and         x7, x5, x6
140 818 0x00000300 0x0062f3b3 M   and         x7, x5, x6
141 820 0x00000304 0x0062f3b3 M   and         x7, x5, x6
142 822 0x00000308 0x0062f3b3 M   and         x7, x5, x6
143 824 0x0000030c 0x0062f3b3 M   and         x7, x5, x6
144 826 0x00000310 0x0062f3b3 M   and         x7, x5, x6
145 828 0x00000314 0x0062f3b3 M   and         x7, x5, x6
146 830 0x00000318 0x0062f3b3 M   and         x7, x5, x6
147 832 0x0000031c 0x0062f3b3 M   and         x7, x5, x6
148 846 0x00000320 0x0062f3b3 M   and         x7, x5, x6
149 848 0x00000324 0x0062f3b3 M   and         x7, x5, x6
150 850 0x00000328 0x0062f3b3 M   and         x7, x5, x6
151 852 0x0000032c 0x0062f3b3 M   and         x7, x5, x6
152 854 0x00000330 0x0062f3b3 M   and         x7, x5, x6
153 856 0x00000334 0x0062f3b3 M   and         x7, x5, x6
154 858 0x00000338 0x0062f3b3 M   and         x7, x5, x6
155 860 0x0000033c 0x0062f3b3 M   and         x7, x5, x6
156 874 0x00000340 0x0062f3b3 M   and         x7, x5, x6
157 876 0x00000344 0x0062f3b3 M   and         x7, x5, x6
158 878 0x00000348 0x0062f3b3 M   and         x7, x5, x6
159 880 0x0000034c 0x0062f3b3 M   and         x7, x5, x6
160 882 0x00000350 0x0062f3b3 M   and         x7, x5, x6
161 884 0x00000354 0x0062f3b3 M   and         x7, x5, x6
162 886 0x00000358 0x0062f3b3 M   and         x7, x5, x6
163 888 0x0000035c 0x0062f3b3 M   and         x7, x5, x6
164 902 0x00000360 0x0062f3b3 M   and         x7, x5, x6
165 904 0x00000364 0x0062f3b3 M   and         x7, x5, x6
166 906 0x00000368 0x0062f3b3 M   and         x7, x5, x6
167 908 0x0000036c 0x0062f3b3 M   and         x7, x5, x6
168 910 0x00000370 0x0062f3b3 M   and         x7, x5, x6
169 912 0x00000374 0x0062f3b3 M   and         x7, x5, x6
170 914 0x00000378 0x0062f3b3 M   and         x7, x5, x6
171 916 0x0000037c 0x0062f3b3 M   and         x7, x5, x6
172 930 0x00000380 0x0062f3b3 M   and         x7, x5, x6
173 932 0x00000384 0x0062f3b3 M   and         x7, x5, x6
174 934 0x00000388 0x0062f3b3 M   and         x7, x5, x6
175 936 0x0000038c 0x0062f3b3 M   and         x7, x5, x6
176 938 0x00000390 0x0062f3b3 M   and         x7, x5, x6
177 940 0x00000394 0x0062f3b3 M   and         x7, x5, x6
178 942 0x00000398 0x0062f3b3 M   and         x7, x5, x6
179 944 0x0000039c 0x0062f3b3 M   and         x7, x5, x6
180 958 0x000003a0 0x0062f3b3 M   and         x7, x5, x6
181 960 0x000003a4 0x0062f3b3 M   and         x7, x5, x6
182 962 0x000003a8 0x0062f3b3 M   and         x7, x5, x6
183 964 0x000003ac 0x0062f3b3 M   and         x7, x5, x6
184 966 0x000003b0 0x0062f3b3 M   and         x7, x5, x6
185 968 0x000003b4 0x0062f3b3 M   and         x7, x5, x6
186 970 0x000003b8 0x0062f3b3 M   and         x7, x5, x6
187 972 0x000003bc 0x0062f3b3 M   and         x7, x5, x6
188 986 0x000003c0 0x0062f3b3 M   and         x7, x5, x6
189 988 0x000003c4 0x0062f3b3 M   and         x7, x5, x6
190 990 0x000003c8 0x0062f3b3 M   and         x7, x5, x6
191 992 0x000003cc 0x0062f3b3 M   and         x7, x5, x6
192 994 0x000003d0 0x0062f3b3 M   and         x7, x5, x6
193 996 0x000003d4 0x0062f3b3 M   and         x7, x5, x6
194 998 0x000003d8 0x0062f3b3 M   and         x7, x5, x6
195 1000 0x000003dc 0x0062f3b3 M   and         x7, x5, x6
196 1014 0x000003e0 0x0062f3b3 M   and         x7, x5, x6
197 1016 0x000003e4 0x0062f3b3 M   and         x7, x5, x6
198 1018 0x000003e8 0x0062f3b3 M   and         x7, x5, x6
199 1020 0x000003ec 0x0062f3b3 M   and         x7, x5, x6
200 1022 0x000003f0 0x0062f3b3 M   and         x7, x5, x6
201 1024 0x000003f4 0x0062f3b3 M   and         x7, x5, x6
202 1026 0x000003f8 0x0062f3b3 M   and         x7, x5, x6
203 1028 0x000003fc 0x0062f3b3 M   and         x7, x5, x6
204 1042 0x00000400 0x0062f3b3 M   and         x7, x5, x6
205 1044 0x00000404 0x0062f3b3 M   and         x7, x5, x6
206 1046 0x00000408 0x0062f3b3 M   and         x7, x5, x6
207 1048 0x0000040c 0x0062f3b3 M   and         x7, x5, x6
208 1050 0x00000410 0x0062f3b3 M   and         x7, x5, x6
209 1052 0x00000414 0x0062f3b3 M   and         x7, x5, x6
210 1054 0x00000418 0x0062f3b3 M   and         x7, x5, x6
211 1056 0x0000041c 0x0062f3b3 M   and         x7, x5, x6
212 1070 0x00000420 0x0062f3b3 M   and         x7, x5, x6
213 1072 0x00000424 0x0062f3b3 M   and         x7, x5, x6
214 1074 0x00000428 0x0062f3b3 M   and         x7, x5, x6
215 1076 0x0000042c 0x0062f3b3 M   and         x7, x5, x6
216 1078 0x00000430 0x0062f3b3 M   and         x7, x5, x6
217 1080 0x00000434 0x0062f3b3 M   and         x7, x5, x6
218 1082 0x00000438 0x0062f3b3 M   and         x7, x5, x6
219 1084 0x0000043c 0x0062f3b3 M   and         x7, x5, x6
220 1098 0x00000440 0x0062f3b3 M   and         x7, x5, x6
221 1100 0x00000444 0x0062f3b3 M   and         x7, x5, x6
222 1102 0x00000448 0x0062f3b3 M   and         x7, x5, x6
223 1104 0x0000044c 0x0062f3b3 M   and         x7, x5, x6
224 1106 0x00000450 0x0062f3b3 M   and         x7, x5, x6
225 1108 0x00000454 0x0062f3b3 M   and         x7, x5, x6
226 1110 0x00000458 0x0062f3b3 M   and         x7, x5, x6
227 1112 0x0000045c 0x0062f3b3 M   and         x7, x5, x6
228 1126 0x00000460 0x0062f3b3 M   and         x7, x5, x6
229 1128 0x00000464 0x0062f3b3 M   and         x7, x5, x6
230 1130 0x00000468 0x0062f3b3 M   and         x7, x5, x6
231 1132 0x0000046c 0x0062f3b3 M   and         x7, x5, x6
232 1134 0x00000470 0x0062f3b3 M   and         x7, x5, x6
233 1136 0x00000474 0x0062f3b3 M   and         x7, x5, x6
234 1138 0x00000478 0x0062f3b3 M   and         x7, x5, x6
235 1140 0x0000047c 0x0062f3b3 M   and         x7, x5, x6
236 1154 0x00000480 0x0062f3b3 M   and         x7, x5, x6
237 1156 0x00000484 0x0062f3b3 M   and         x7, x5, x6
238 1158 0x00000488 0x0062f3b3 M   and         x7, x5, x6
239 1160 0x0000048c 0x0062f3b3 M   and         x7, x5, x6
240 1162 0x00000490 0x0062f3b3 M   and         x7, x5, x6
241 1164 0x00000494 0x0062f3b3 M   and         x7, x5, x6
242 1166 0x00000498 0x0062f3b3 M   and         x7, x5, x6
243 1168 0x0000049c 0x0062f3b3 M   and         x7, x5, x6
244 1182 0x000004a0 0x0062f3b3 M   and         x7, x5, x6
245 1184 0x000004a4 0x0062f3b3 M   and         x7, x5, x6
246 1186 0x000004a8 0x0062f3b3 M   and         x7, x5, x6
247 1188 0x000004ac 0x0062f3b3 M   and         x7, x5, x6
248 1190 0x000004b0 0x0062f3b3 M   and         x7, x5, x6
249 1192 0x000004b4 0x0062f3b3 M   and         x7, x5, x6
250 1194 0x000004b8 0x0062f3b3 M   and         x7, x5, x6
251 1196 0x000004bc 0x0062f3b3 M   and         x7, x5, x6
252 1210 0x000004c0 0x0062f3b3 M   and         x7, x5, x6
253 1212 0x000004c4 0x0062f3b3 M   and         x7, x5, x6
254 1214 0x000004c8 0x0062f3b3 M   and         x7, x5, x6
255 1216 0x000004cc 0x0062f3b3 M   and         x7, x5, x6
256 1218 0x000004d0 0x0062f3b3 M   and         x7, x5, x6
257 1220 0x000004d4 0x0062f3b3 M   and         x7, x5, x6
258 1222 0x000004d8 0x0062f3b3 M   and         x7, x5, x6
259 1224 0x000004dc 0x0062f3b3 M   and         x7, x5, x6
260 1238 0x000004e0 0x0062f3b3 M   and         x7, x5, x6
261 1240 0x000004e4 0x0062f3b3 M   and         x7, x5, x6
262 1242 0x000004e8 0x0062f3b3 M   and         x7, x5, x6
263 1244 0x000004ec 0x0062f3b3 M   and         x7, x5, x6
264 1246 0x000004f0 0x0062f3b3 M   and         x7, x5, x6
265 1248 0x000004f4 0x0062f3b3 M   and         x7, x5, x6
266 1250 0x000004f8 0x0062f3b3 M   and         x7, x5, x6
267 1252 0x000004fc 0x0062f3b3 M   and         x7, x5, x6
268 1266 0x00000500 0x0062f3b3 M   and         x7, x5, x6
269 1268 0x00000504 0x0062f3b3 M   and         x7, x5, x6
270 1270 0x00000508 0x0062f3b3 M   and         x7, x5, x6
271 1272 0x0000050c 0x0062f3b3 M   and         x7, x5, x6
272 1274 0x00000510 0x0062f3b3 M   and         x7, x5, x6
273 1276 0x00000514 0x0062f3b3 M   and         x7, x5, x6
274 1278 0x00000518 0x0062f3b3 M   and         x7, x5, x6
275 1280 0x0000051c 0x0062f3b3 M   and         x7, x5, x6
276 1294 0x00000520 0x0062f3b3 M   and         x7, x5, x6
277 1296 0x00000524 0x0062f3b3 M   and         x7, x5, x6
278 1298 0x00000528 0x0062f3b3 M   and         x7, x5, x6
279 1300 0x0000052c 0x0062f3b3 M   and         x7, x5, x6
280 1302 0x00000530 0x0062f3b3 M   and         x7, x5, x6
281 1304 0x00000534 0x0062f3b3 M   and         x7, x5, x6
282 1306 0x00000538 0x0062f3b3 M   and         x7, x5, x6
283 1308 0x0000053c 0x0062f3b3 M   and         x7, x5, x6
284 1322 0x00000540 0x0062f3b3 M   and         x7, x5, x6
285 1324 0x00000544 0x0062f3b3 M   and         x7, x5, x6
286 1326 0x00000548 0x0062f3b3 M   and         x7, x5, x6
287 1328 0x0000054c 0x0062f3b3 M   and         x7, x5, x6
288 1330 0x00000550 0x0062f3b3 M   and         x7, x5, x6
289 1332 0x00000554 0x0062f3b3 M   and         x7, x5, x6
290 1334 0x00000558 0x0062f3b3 M   and         x7, x5, x6
291 1336 0x0000055c 0x0062f3b3 M   and         x7, x5, x6
292 1350 0x00000560 0x0062f3b3 M   and         x7, x5, x6
293 1352 0x00000564 0x0062f3b3 M   and         x7, x5, x6
294 1354 0x00000568 0x0062f3b3 M   and         x7, x5, x6
295 1356 0x0000056c 0x0062f3b3 M   and         x7, x5, x6
296 1358 0x00000570 0x0062f3b3 M   and         x7, x5, x6
297 1360 0x00000574 0x0062f3b3 M   and         x7, x5, x6
298 1362 0x00000578 0x0062f3b3 M   and         x7, x5, x6
299 1364 0x0000057c 0x0062f3b3 M   and         x7, x5, x6
300 1378 0x00000580 0x0062f3b3 M   and         x7, x5, x6
301 1380 0x00000584 0x0062f3b3 M   and         x7, x5, x6
302 1382 0x00000588 0x0062f3b3 M   and         x7, x5, x6
303 1384 0x0000058c 0x0062f3b3 M   and         x7, x5, x6
304 1386 0x00000590 0x0062f3b3 M   and         x7, x5, x6
305 1388 0x00000594 0x0062f3b3 M   and         x7, x5, x6
306 1390 0x00000598 0x0062f3b3 M   and         x7, x5, x6
307 1392 0x0000059c 0x0062f3b3 M   and         x7, x5, x6
308 1406 0x000005a0 0x0062f3b3 M   and         x7, x5, x6
309 1408 0x000005a4 0x0062f3b3 M   and         x7, x5, x6
310 1410 0x000005a8 0x0062f3b3 M   and         x7, x5, x6
311 1412 0x000005ac 0x0062f3b3 M   and         x7, x5, x6
312 1414 0x000005b0 0x0062f3b3 M   and         x7, x5, x6
313 1416 0x000005b4 0x0062f3b3 M   and         x7, x5, x6
314 1418 0x000005b8 0x0062f3b3 M   and         x7, x5, x6
315 1420 0x000005bc 0x0062f3b3 M   and         x7, x5, x6
316 1434 0x000005c0 0x0062f3b3 M   and         x7, x5, x6
317 1436 0x000005c4 0x0062f3b3 M   and         x7, x5, x6
318 1438 0x000005c8 0x0062f3b3 M   and         x7, x5, x6
319 1440 0x000005cc 0x0062f3b3 M   and         x7, x5, x6
320 1442 0x000005d0 0x0062f3b3 M   and         x7, x5, x6
321 1444 0x000005d4 0x0062f3b3 M   and         x7, x5, x6
322 1446 0x000005d8 0x0062f3b3 M   and         x7, x5, x6
323 1448 0x000005dc 0x0062f3b3 M   and         x7, x5, x6
324 1462 0x000005e0 0x0062f3b3 M   and         x7, x5, x6
325 1464 0x000005e4 0x0062f3b3 M   and         x7, x5, x6
326 1466 0x000005e8 0x0062f3b3 M   and         x7, x5, x6
327 1468 0x000005ec 0x0062f3b3 M   and         x7, x5, x6
328 1470 0x000005f0 0x0062f3b3 M   and         x7, x5, x6
329 1472 0x000005f4 0x0062f3b3 M   and         x7, x5, x6
330 1474 0x000005f8 0x0062f3b3 M   and         x7, x5, x6
331 1476 0x000005fc 0x0062f3b3 M   and         x7, x5, x6
332 1490 0x00000600 0x0062f3b3 M   and         x7, x5, x6
333 1492 0x00000604 0x0062f3b3 M   and         x7, x5, x6
334 1494 0x00000608 0x0062f3b3 M   and         x7, x5, x6
335 1496 0x0000060c 0x0062f3b3 M   and         x7, x5, x6
336 1498 0x00000610 0x0062f3b3 M   and         x7, x5, x6
337 1500 0x00000614 0x0062f3b3 M   and         x7, x5, x6
338 1502 0x00000618 0x0062f3b3 M   and         x7, x5, x6
339 1504 0x0000061c 0x0062f3b3 M   and         x7, x5, x6
340 1518 0x00000620 0x0062f3b3 M   and         x7, x5, x6
341 1520 0x00000624 0x0062f3b3 M   and         x7, x5, x6
342 1522 0x00000628 0x0062f3b3 M   and         x7, x5, x6
343 1524 0x0000062c 0x0062f3b3 M   and         x7, x5, x6
344 1526 0x00000630 0x0062f3b3 M   and         x7, x5, x6
345 1528 0x00000634 0x0062f3b3 M   and         x7, x5, x6
346 1530 0x00000638 0x0062f3b3 M   and         x7, x5, x6
347 1532 0x0000063c 0x0062f3b3 M   and         x7, x5, x6
348 1546 0x00000640 0x0062f3b3 M   and         x7, x5, x6
349 1548 0x00000644 0x0062f3b3 M   and         x7, x5, x6
350 1550 0x00000648 0x0062f3b3 M   and         x7, x5, x6
351 1552 0x0000064c 0x0062f3b3 M   and         x7, x5, x6
352 1554 0x00000650 0x0062f3b3 M   and         x7, x5, x6
353 1556 0x00000654 0x0062f3b3 M   and         x7, x5, x6
354 1558 0x00000658 0x0062f3b3 M   and         x7, x5, x6
355 1560 0x0000065c 0x0062f3b3 M   and         x7, x5, x6
356 1574 0x00000660 0x0062f3b3 M   and         x7, x5, x6
357 1576 0x00000664 0x0062f3b3 M   and         x7, x5, x6
358 1578 0x00000668 0x0062f3b3 M   and         x7, x5, x6
359 1580 0x0000066c 0x0062f3b3 M   and         x7, x5, x6
360 1582 0x00000670 0x0062f3b3 M   and         x7, x5, x6
361 1584 0x00000674 0x0062f3b3 M   and         x7, x5, x6
362 1586 0x00000678 0x0062f3b3 M   and         x7, x5, x6
363 1588 0x0000067c 0x0062f3b3 M   and         x7, x5, x6
364 1602 0x00000680 0x0062f3b3 M   and         x7, x5, x6
365 1604 0x00000684 0x0062f3b3 M   and         x7, x5, x6
366 1606 0x00000688 0x0062f3b3 M   and         x7, x5, x6
367 1608 0x0000068c 0x0062f3b3 M   and         x7, x5, x6
368 1610 0x00000690 0x0062f3b3 M   and         x7, x5, x6
369 1612 0x00000694 0x0062f3b3 M   and         x7, x5, x6
370 1614 0x00000698 0x0062f3b3 M   and         x7, x5, x6
371 1616 0x0000069c 0x0062f3b3 M   and         x7, x5, x6
372 1630 0x000006a0 0x0062f3b3 M   and         x7, x5, x6
373 1632 0x000006a4 0x0062f3b3 M   and         x7, x5, x6
374 1634 0x000006a8 0x0062f3b3 M   and         x7, x5, x6
375 1636 0x000006ac 0x0062f3b3 M   and         x7, x5, x6
376 1638 0x000006b0 0x0062f3b3 M   and         x7, x5, x6
377 1640 0x000006b4 0x0062f3b3 M   and         x7, x5, x6
378 1642 0x000006b8 0x0062f3b3 M   and         x7, x5, x6
379 1644 0x000006bc 0x0062f3b3 M   and         x7, x5, x6
380 1658 0x000006c0 0x0062f3b3 M   and         x7, x5, x6
381 1660 0x000006c4 0x0062f3b3 M   and         x7, x5, x6
382 1662 0x000006c8 0x0062f3b3 M   and         x7, x5, x6
383 1664 0x000006cc 0x0062f3b3 M   and         x7, x5, x6
384 1666 0x000006d0 0x0062f3b3 M   and         x7, x5, x6
385 1668 0x000006d4 0x0062f3b3 M   and         x7, x5, x6
386 1670 0x000006d8 0x0062f3b3 M   and         x7, x5, x6
387 1672 0x000006dc 0x0062f3b3 M   and         x7, x5, x6
388 1686 0x000006e0 0x0062f3b3 M   and         x7, x5, x6
389 1688 0x000006e4 0x0062f3b3 M   and         x7, x5, x6
390 1690 0x000006e8 0x0062f3b3 M   and         x7, x5, x6
391 1692 0x000006ec 0x0062f3b3 M   and         x7, x5, x6
392 1694 0x000006f0 0x0062f3b3 M   and         x7, x5, x6
393 1696 0x000006f4 0x0062f3b3 M   and         x7, x5, x6
394 1698 0x000006f8 0x0062f3b3 M   and         x7, x5, x6
395 1700 0x000006fc 0x0062f3b3 M   and         x7, x5, x6
396 1714 0x00000700 0x0062f3b3 M   and         x7, x5, x6
397 1716 0x00000704 0x0062f3b3 M   and         x7, x5, x6
398 1718 0x00000708 0x0062f3b3 M   and         x7, x5, x6
399 1720 0x0000070c 0x0062f3b3 M   and         x7, x5, x6
400 1722 0x00000710 0x0062f3b3 M   and         x7, x5, x6
401 1724 0x00000714 0x0062f3b3 M   and         x7, x5, x6
402 1726 0x00000718 0x0062f3b3 M   and         x7, x5, x6
403 1728 0x0000071c 0x0062f3b3 M   and         x7, x5, x6
404 1742 0x00000720 0x0062f3b3 M   and         x7, x5, x6
405 1744 0x00000724 0x0062f3b3 M   and         x7, x5, x6
406 1746 0x00000728 0x0062f3b3 M   and         x7, x5, x6
407 1748 0x0000072c 0x0062f3b3 M   and         x7, x5, x6
408 1750 0x00000730 0x0062f3b3 M   and         x7, x5, x6
409 1752 0x00000734 0x0062f3b3 M   and         x7, x5, x6
410 1754 0x00000738 0x0062f3b3 M   and         x7, x5, x6
411 1756 0x0000073c 0x0062f3b3 M   and         x7, x5, x6
412 1770 0x00000740 0x0062f3b3 M   and         x7, x5, x6
413 1772 0x00000744 0x0062f3b3 M   and         x7, x5, x6
414 1774 0x00000748 0x0062f3b3 M   and         x7, x5, x6
415 1776 0x0000074c 0x0062f3b3 M   and         x7, x5, x6
416 1778 0x00000750 0x0062f3b3 M   and         x7, x5, x6
417 1780 0x00000754 0x0062f3b3 M   and         x7, x5, x6
418 1782 0x00000758 0x0062f3b3 M   and         x7, x5, x6
419 1784 0x0000075c 0x0062f3b3 M   and         x7, x5, x6
420 1798 0x00000760 0x0062f3b3 M   and         x7, x5, x6
421 1800 0x00000764 0x0062f3b3 M   and         x7, x5, x6
422 1802 0x00000768 0x0062f3b3 M   and         x7, x5, x6
423 1804 0x0000076c 0x0062f3b3 M   and         x7, x5, x6
424 1806 0x00000770 0x0062f3b3 M   and         x7, x5, x6
425 1808 0x00000774 0x0062f3b3 M   and         x7, x5, x6
426 1810 0x00000778 0x0062f3b3 M   and         x7, x5, x6
427 1812 0x0000077c 0x0062f3b3 M   and         x7, x5, x6
428 1826 0x00000780 0x0062f3b3 M   and         x7, x5, x6
429 1828 0x00000784 0x0062f3b3 M   and         x7, x5, x6
430 1830 0x00000788 0x0062f3b3 M   and         x7, x5, x6
431 1832 0x0000078c 0x0062f3b3 M   and         x7, x5, x6
432 1834 0x00000790 0x0062f3b3 M   and         x7, x5, x6
433 1836 0x00000794 0x0062f3b3 M   and         x7, x5, x6
434 1838 0x00000798 0x0062f3b3 M   and         x7, x5, x6
435 1840 0x0000079c 0x0062f3b3 M   and         x7, x5, x6
436 1854 0x000007a0 0x0062f3b3 M   and         x7, x5, x6
437 1856 0x000007a4 0x0062f3b3 M   and         x7, x5, x6
438 1858 0x000007a8 0x0062f3b3 M   and         x7, x5, x6
439 1860 0x000007ac 0x0062f3b3 M   and         x7, x5, x6
440 1862 0x000007b0 0x0062f3b3 M   and         x7, x5, x6
441 1864 0x000007b4 0x0062f3b3 M   and         x7, x5, x6
442 1866 0x000007b8 0x0062f3b3 M   and         x7, x5, x6
443 1868 0x000007bc 0x0062f3b3 M   and         x7, x5, x6
444 1882 0x000007c0 0x0062f3b3 M   and         x7, x5, x6
445 1884 0x000007c4 0x0062f3b3 M   and         x7, x5, x6
446 1886 0x000007c8 0x0062f3b3 M   and         x7, x5, x6
447 1888 0x000007cc 0x0062f3b3 M   and         x7, x5, x6
448 1890 0x000007d0 0x0062f3b3 M   and         x7, x5, x6
449 1892 0x000007d4 0x0062f3b3 M   and         x7, x5, x6
450 1894 0x000007d8 0x0062f3b3 M   and         x7, x5, x6
451 1896 0x000007dc 0x0062f3b3 M   and         x7, x5, x6
452 1910 0x000007e0 0x0062f3b3 M   and         x7, x5, x6
453 1912 0x000007e4 0x0062f3b3 M   and         x7, x5, x6
454 1914 0x000007e8 0x0062f3b3 M   and         x7, x5, x6
455 1916 0x000007ec 0x0062f3b3 M   and         x7, x5, x6
456 1918 0x000007f0 0x0062f3b3 M   and         x7, x5, x6
457 1920 0x000007f4 0x0062f3b3 M   and         x7, x5, x6
458 1922 0x000007f8 0x0062f3b3 M   and         x7, x5, x6
459 1924 0x000007fc 0x0062f3b3 M   and         x7, x5, x6
460 1938 0x00000800 0x0062f3b3 M   and         x7, x5, x6
461 1940 0x00000804 0x0062f3b3 M   and         x7, x5, x6
462 1942 0x00000808 0x0062f3b3 M   and         x7, x5, x6
463 1944 0x0000080c 0x0062f3b3 M   and         x7, x5, x6
464 1946 0x00000810 0x0062f3b3 M   and         x7, x5, x6
465 1948 0x00000814 0x0062f3b3 M   and         x7, x5, x6
466 1950 0x00000818 0x0062f3b3 M   and         x7, x5, x6
467 1952 0x0000081c 0x0062f3b3 M   and         x7, x5, x6
468 1966 0x00000820 0x0062f3b3 M   and         x7, x5, x6
469 1968 0x00000824 0x0062f3b3 M   and         x7, x5, x6
470 1970 0x00000828 0x0062f3b3 M   and         x7, x5, x6
471 1972 0x0000082c 0x0062f3b3 M   and         x7, x5, x6
472 1974 0x00000830 0x0062f3b3 M   and         x7, x5, x6
473 1976 0x00000834 0x0062f3b3 M   and         x7, x5, x6
474 1978 0x00000838 0x0062f3b3 M   and         x7, x5, x6
475 1980 0x0000083c 0x0062f3b3 M   and         x7, x5, x6
476 1994 0x00000840 0x0062f3b3 M   and         x7, x5, x6
477 1996 0x00000844 0x0062f3b3 M   and         x7, x5, x6
478 1998 0x00000848 0x0062f3b3 M   and         x7, x5, x6
479 2000 0x0000084c 0x0062f3b3 M   and         x7, x5, x6
480 2002 0x00000850 0x0062f3b3 M   and         x7, x5, x6
481 2004 0x00000854 0x0062f3b3 M   and         x7, x5, x6
482 2006 0x00000858 0x0062f3b3 M   and         x7, x5, x6
483 2008 0x0000085c 0x0062f3b3 M   and         x7, x5, x6
484 2022 0x00000860 0x0062f3b3 M   and         x7, x5, x6
485 2024 0x00000864 0x0062f3b3 M   and         x7, x5, x6
486 2026 0x00000868 0x0062f3b3 M   and         x7, x5, x6
487 2028 0x0000086c 0x0062f3b3 M   and         x7, x5, x6
488 2030 0x00000870 0x0062f3b3 M   and         x7, x5, x6
489 2032 0x00000874 0x0062f3b3 M   and         x7, x5, x6
490 2034 0x00000878 0x0062f3b3 M   and         x7, x5, x6
491 2036 0x0000087c 0x0062f3b3 M   and         x7, x5, x6
492 2050 0x00000880 0x0062f3b3 M   and         x7, x5, x6
493 2052 0x00000884 0x0062f3b3 M   and         x7, x5, x6
494 2054 0x00000888 0x0062f3b3 M   and         x7, x5, x6
495 2056 0x0000088c 0x0062f3b3 M   and         x7, x5, x6
496 2058 0x00000890 0x0062f3b3 M   and         x7, x5, x6
497 2060 0x00000894 0x0062f3b3 M   and         x7, x5, x6
498 2062 0x00000898 0x0062f3b3 M   and         x7, x5, x6
499 2064 0x0000089c 0x0062f3b3 M   and         x7, x5, x6
500 2078 0x000008a0 0x0062f3b3 M   and         x7, x5, x6
501 2080 0x000008a4 0x0062f3b3 M   and         x7, x5, x6
502 2082 0x000008a8 0x0062f3b3 M   and         x7, x5, x6
503 2084 0x000008ac 0x0062f3b3 M   and         x7, x5, x6
504 2086 0x000008b0 0x0062f3b3 M   and         x7, x5, x6
505 2088 0x000008b4 0x0062f3b3 M   and         x7, x5, x6
506 2090 0x000008b8 0x0062f3b3 M   and         x7, x5, x6
507 2092 0x000008bc 0x0062f3b3 M   and         x7, x5, x6
508 2106 0x000008c0 0x0062f3b3 M   and         x7, x5, x6
509 2108 0x000008c4 0x0062f3b3 M   and         x7, x5, x6
510 2110 0x000008c8 0x0062f3b3 M   and         x7, x5, x6
511 2112 0x000008cc 0x0062f3b3 M   and         x7, x5, x6
512 2114 0x000008d0 0x0062f3b3 M   and         x7, x5, x6
513 2116 0x000008d4 0x0062f3b3 M   and         x7, x5, x6
514 2118 0x000008d8 0x0062f3b3 M   and         x7, x5, x6
515 2120 0x000008dc 0x0062f3b3 M   and         x7, x5, x6
516 2134 0x000008e0 0x0062f3b3 M   and         x7, x5, x6
517 2136 0x000008e4 0x0062f3b3 M   and         x7, x5, x6
518 2138 0x000008e8 0x0062f3b3 M   and         x7, x5, x6
519 2140 0x000008ec 0x0062f3b3 M   and         x7, x5, x6
520 2142 0x000008f0 0x0062f3b3 M   and         x7, x5, x6
521 2144 0x000008f4 0x0062f3b3 M   and         x7, x5, x6
522 2146 0x000008f8 0x0062f3b3 M   and         x7, x5, x6
523 2148 0x000008fc 0x0062f3b3 M   and         x7, x5, x6
524 2162 0x00000900 0x0062f3b3 M   and         x7, x5, x6
525 2164 0x00000904 0x0062f3b3 M   and         x7, x5, x6
526 2166 0x00000908 0x0062f3b3 M   and         x7, x5, x6
527 2168 0x0000090c 0x0062f3b3 M   and         x7, x5, x6
528 2170 0x00000910 0x0062f3b3 M   and         x7, x5, x6
529 2172 0x00000914 0x0062f3b3 M   and         x7, x5, x6
530 2174 0x00000918 0x0062f3b3 M   and         x7, x5, x6
531 2176 0x0000091c 0x0062f3b3 M   and         x7, x5, x6
532 2190 0x00000920 0x0062f3b3 M   and         x7, x5, x6
533 2192 0x00000924 0x0062f3b3 M   and         x7, x5, x6
534 2194 0x00000928 0x0062f3b3 M   and         x7, x5, x6
535 2196 0x0000092c 0x0062f3b3 M   and         x7, x5, x6
536 2198 0x00000930 0x0062f3b3 M   and         x7, x5, x6
537 2200 0x00000934 0x0062f3b3 M   and         x7, x5, x6
538 2202 0x00000938 0x0062f3b3 M   and         x7, x5, x6
539 2204 0x0000093c 0x0062f3b3 M   and         x7, x5, x6
540 2218 0x00000940 0x0062f3b3 M   and         x7, x5, x6
541 2220 0x00000944 0x0062f3b3 M   and         x7, x5, x6
542 2222 0x00000948 0x0062f3b3 M   and         x7, x5, x6
543 2224 0x0000094c 0x0062f3b3 M   and         x7, x5, x6
544 2226 0x00000950 0x0062f3b3 M   and         x7, x5, x6
545 2228 0x00000954 0x0062f3b3 M   and         x7, x5, x6
546 2230 0x00000958 0x0062f3b3 M   and         x7, x5, x6
547 2232 0x0000095c 0x0062f3b3 M   and         x7, x5, x6
548 2246 0x00000960 0x0062f3b3 M   and         x7, x5, x6
549 2248 0x00000964 0x0062f3b3 M   and         x7, x5, x6
550 2250 0x00000968 0x0062f3b3 M   and         x7, x5, x6
551 2252 0x0000096c 0x0062f3b3 M   and         x7, x5, x6
552 2254 0x00000970 0x0062f3b3 M   and         x7, x5, x6
553 2256 0x00000974 0x0062f3b3 M   and         x7, x5, x6
554 2258 0x00000978 0x0062f3b3 M   and         x7, x5, x6
555 2260 0x0000097c 0x0062f3b3 M   and         x7, x5, x6
556 2274 0x00000980 0x0062f3b3 M   and         x7, x5, x6
557 2276 0x00000984 0x0062f3b3 M   and         x7, x5, x6
558 2278 0x00000988 0x0062f3b3 M   and         x7, x5, x6
559 2280 0x0000098c 0x0062f3b3 M   and         x7, x5, x6
560 2282 0x00000990 0x0062f3b3 M   and         x7, x5, x6
561 2284 0x00000994 0x0062f3b3 M   and         x7, x5, x6
562 2286 0x00000998 0x0062f3b3 M   and         x7, x5, x6
563 2288 0x0000099c 0x0062f3b3 M   and         x7, x5, x6
564 2302 0x000009a0 0x0062f3b3 M   and         x7, x5, x6
565 2304 0x000009a4 0x0062f3b3 M   and         x7, x5, x6
566 2306 0x000009a8 0x0062f3b3 M   and         x7, x5, x6
567 2308 0x000009ac 0x0062f3b3 M   and         x7, x5, x6
568 2310 0x000009b0 0x0062f3b3 M   and         x7, x5, x6
569 2312 0x000009b4 0x0062f3b3 M   and         x7, x5, x6
570 2314 0x000009b8 0x0062f3b3 M   and         x7, x5, x6
571 2316 0x000009bc 0x0062f3b3 M   and         x7, x5, x6
572 2330 0x000009c0 0x0062f3b3 M   and         x7, x5, x6
573 2332 0x000009c4 0x0062f3b3 M   and         x7, x5, x6
574 2334 0x000009c8 0x0062f3b3 M   and         x7, x5, x6
575 2336 0x000009cc 0x0062f3b3 M   and         x7, x5, x6
576 2338 0x000009d0 0x0062f3b3 M   and         x7, x5, x6
577 2340 0x000009d4 0x0062f3b3 M   and         x7, x5, x6
578 2342 0x000009d8 0x0062f3b3 M   and         x7, x5, x6
579 2344 0x000009dc 0x0062f3b3 M   and         x7, x5, x6
580 2358 0x000009e0 0x0062f3b3 M   and         x7, x5, x6
581 2360 0x000009e4 0x0062f3b3 M   and         x7, x5, x6
582 2362 0x000009e8 0x0062f3b3 M   and         x7, x5, x6
583 2364 0x000009ec 0x0062f3b3 M   and         x7, x5, x6
584 2366 0x000009f0 0x0062f3b3 M   and         x7, x5, x6
585 2368 0x000009f4 0x0062f3b3 M   and         x7, x5, x6
586 2370 0x000009f8 0x0062f3b3 M   and         x7, x5, x6
587 2372 0x000009fc 0x0062f3b3 M   and         x7, x5, x6
588 2386 0x00000a00 0x0062f3b3 M   and         x7, x5, x6
589 2388 0x00000a04 0x0062f3b3 M   and         x7, x5, x6
590 2390 0x00000a08 0x0062f3b3 M   and         x7, x5, x6
591 2392 0x00000a0c 0x0062f3b3 M   and         x7, x5, x6
592 2394 0x00000a10 0x0062f3b3 M   and         x7, x5, x6
593 2396 0x00000a14 0x0062f3b3 M   and         x7, x5, x6
594 2398 0x00000a18 0x0062f3b3 M   and         x7, x5, x6
595 2400 0x00000a1c 0x0062f3b3 M   and         x7, x5, x6
596 2414 0x00000a20 0x0062f3b3 M   and         x7, x5, x6
597 2416 0x00000a24 0x0062f3b3 M   and         x7, x5, x6
598 2418 0x00000a28 0x0062f3b3 M   and         x7, x5, x6
599 2420 0x00000a2c 0x0062f3b3 M   and         x7, x5, x6
600 2422 0x00000a30 0x0062f3b3 M   and         x7, x5, x6
601 2424 0x00000a34 0x0062f3b3 M   and         x7, x5, x6
602 2426 0x00000a38 0x0062f3b3 M   and         x7, x5, x6
603 2428 0x00000a3c 0x0062f3b3 M   and         x7, x5, x6
604 2442 0x00000a40 0x0062f3b3 M   and         x7, x5, x6
605 2444 0x00000a44 0x0062f3b3 M   and         x7, x5, x6
606 2446 0x00000a48 0x0062f3b3 M   and         x7, x5, x6
607 2448 0x00000a4c 0x0062f3b3 M   and         x7, x5, x6
608 2450 0x00000a50 0x0062f3b3 M   and         x7, x5, x6
609 2452 0x00000a54 0x0062f3b3 M   and         x7, x5, x6
610 2454 0x00000a58 0x0062f3b3 M   and         x7, x5, x6
611 2456 0x00000a5c 0x0062f3b3 M   and         x7, x5, x6
612 2470 0x00000a60 0x0062f3b3 M   and         x7, x5, x6
613 2472 0x00000a64 0x0062f3b3 M   and         x7, x5, x6
614 2474 0x00000a68 0x0062f3b3 M   and         x7, x5, x6
615 2476 0x00000a6c 0x0062f3b3 M   and         x7, x5, x6
616 2478 0x00000a70 0x0062f3b3 M   and         x7, x5, x6
617 2480 0x00000a74 0x0062f3b3 M   and         x7, x5, x6
618 2482 0x00000a78 0x0062f3b3 M   and         x7, x5, x6
619 2484 0x00000a7c 0x0062f3b3 M   and         x7, x5, x6
620 2498 0x00000a80 0x0062f3b3 M   and         x7, x5, x6
621 2500 0x00000a84 0x0062f3b3 M   and         x7, x5, x6
622 2502 0x00000a88 0x0062f3b3 M   and         x7, x5, x6
623 2504 0x00000a8c 0x0062f3b3 M   and         x7, x5, x6
624 2506 0x00000a90 0x0062f3b3 M   and         x7, x5, x6
625 2508 0x00000a94 0x0062f3b3 M   and         x7, x5, x6
626 2510 0x00000a98 0x0062f3b3 M   and         x7, x5, x6
627 2512 0x00000a9c 0x0062f3b3 M   and         x7, x5, x6
628 2526 0x00000aa0 0x0062f3b3 M   and         x7, x5, x6
629 2528 0x00000aa4 0x0062f3b3 M   and         x7, x5, x6
630 2530 0x00000aa8 0x0062f3b3 M   and         x7, x5, x6
631 2532 0x00000aac 0x0062f3b3 M   and         x7, x5, x6
632 2534 0x00000ab0 0x0062f3b3 M   and         x7, x5, x6
633 2536 0x00000ab4 0x0062f3b3 M   and         x7, x5, x6
634 2538 0x00000ab8 0x0062f3b3 M   and         x7, x5, x6
635 2540 0x00000abc 0x0062f3b3 M   and         x7, x5, x6
636 2554 0x00000ac0 0x0062f3b3 M   and         x7, x5, x6
637 2556 0x00000ac4 0x0062f3b3 M   and         x7, x5, x6
638 2558 0x00000ac8 0x0062f3b3 M   and         x7, x5, x6
639 2560 0x00000acc 0x0062f3b3 M   and         x7, x5, x6
640 2562 0x00000ad0 0x0062f3b3 M   and         x7, x5, x6
641 2564 0x00000ad4 0x0062f3b3 M   and         x7, x5, x6
642 2566 0x00000ad8 0x0062f3b3 M   and         x7, x5, x6
643 2568 0x00000adc 0x0062f3b3 M   and         x7, x5, x6
644 2582 0x00000ae0 0x0062f3b3 M   and         x7, x5, x6
645 2584 0x00000ae4 0x0062f3b3 M   and         x7, x5, x6
646 2586 0x00000ae8 0x0062f3b3 M   and         x7, x5, x6
647 2588 0x00000aec 0x0062f3b3 M   and         x7, x5, x6
648 2590 0x00000af0 0x0062f3b3 M   and         x7, x5, x6
649 2592 0x00000af4 0x0062f3b3 M   and         x7, x5, x6
650 2594 0x00000af8 0x0062f3b3 M   and         x7, x5, x6
651 2596 0x00000afc 0x0062f3b3 M   and         x7, x5, x6
652 2610 0x00000b00 0x0062f3b3 M   and         x7, x5, x6
653 2612 0x00000b04 0x0062f3b3 M   and         x7, x5, x6
654 2614 0x00000b08 0x0062f3b3 M   and         x7, x5, x6
655 2616 0x00000b0c 0x0062f3b3 M   and         x7, x5, x6
656 2618 0x00000b10 0x0062f3b3 M   and         x7, x5, x6
657 2620 0x00000b14 0x0062f3b3 M   and         x7, x5, x6
658 2622 0x00000b18 0x0062f3b3 M   and         x7, x5, x6
659 2624 0x00000b1c 0x0062f3b3 M   and         x7, x5, x6
660 2638 0x00000b20 0x0062f3b3 M   and         x7, x5, x6
661 2640 0x00000b24 0x0062f3b3 M   and         x7, x5, x6
662 2642 0x00000b28 0x0062f3b3 M   and         x7, x5, x6
663 2644 0x00000b2c 0x0062f3b3 M   and         x7, x5, x6
664 2646 0x00000b30 0x0062f3b3 M   and         x7, x5, x6
665 2648 0x00000b34 0x0062f3b3 M   and         x7, x5, x6
666 2650 0x00000b38 0x0062f3b3 M   and         x7, x5, x6
667 2652 0x00000b3c 0x0062f3b3 M   and         x7, x5, x6
668 2666 0x00000b40 0x0062f3b3 M   and         x7, x5, x6
669 2668 0x00000b44 0x0062f3b3 M   and         x7, x5, x6
670 2670 0x00000b48 0x0062f3b3 M   and         x7, x5, x6
671 2672 0x00000b4c 0x0062f3b3 M   and         x7, x5, x6
672 2674 0x00000b50 0x0062f3b3 M   and         x7, x5, x6
673 2676 0x00000b54 0x0062f3b3 M   and         x7, x5, x6
674 2678 0x00000b58 0x0062f3b3 M   and         x7, x5, x6
675 2680 0x00000b5c 0x0062f3b3 M   and         x7, x5, x6
676 2694 0x00000b60 0x0062f3b3 M   and         x7, x5, x6
677 2696 0x00000b64 0x0062f3b3 M   and         x7, x5, x6
678 2698 0x00000b68 0x0062f3b3 M   and         x7, x5, x6
679 2700 0x00000b6c 0x0062f3b3 M   and         x7, x5, x6
680 2702 0x00000b70 0x0062f3b3 M   and         x7, x5, x6
681 2704 0x00000b74 0x0062f3b3 M   and         x7, x5, x6
682 2706 0x00000b78 0x0062f3b3 M   and         x7, x5, x6
683 2708 0x00000b7c 0x0062f3b3 M   and         x7, x5, x6
684 2722 0x00000b80 0x0062f3b3 M   and         x7, x5, x6
685 2724 0x00000b84 0x0062f3b3 M   and         x7, x5, x6
686 2726 0x00000b88 0x0062f3b3 M   and         x7, x5, x6
687 2728 0x00000b8c 0x0062f3b3 M   and         x7, x5, x6
688 2730 0x00000b90 0x0062f3b3 M   and         x7, x5, x6
689 2732 0x00000b94 0x0062f3b3 M   and         x7, x5, x6
690 2734 0x00000b98 0x0062f3b3 M   and         x7, x5, x6
691 2736 0x00000b9c 0x0062f3b3 M   and         x7, x5, x6
692 2750 0x00000ba0 0x0062f3b3 M   and         x7, x5, x6
693 2752 0x00000ba4 0x0062f3b3 M   and         x7, x5, x6
694 2754 0x00000ba8 0x0062f3b3 M   and         x7, x5, x6
695 2756 0x00000bac 0x0062f3b3 M   and         x7, x5, x6
696 2758 0x00000bb0 0x0062f3b3 M   and         x7, x5, x6
697 2760 0x00000bb4 0x0062f3b3 M   and         x7, x5, x6
698 2762 0x00000bb8 0x0062f3b3 M   and         x7, x5, x6
699 2764 0x00000bbc 0x0062f3b3 M   and         x7, x5, x6
700 2778 0x00000bc0 0x0062f3b3 M   and         x7, x5, x6
701 2780 0x00000bc4 0x0062f3b3 M   and         x7, x5, x6
702 2782 0x00000bc8 0x0062f3b3 M   and         x7, x5, x6
703 2784 0x00000bcc 0x0062f3b3 M   and         x7, x5, x6
704 2786 0x00000bd0 0x0062f3b3 M   and         x7, x5, x6
705 2788 0x00000bd4 0x0062f3b3 M   and         x7, x5, x6
706 2790 0x00000bd8 0x0062f3b3 M   and         x7, x5, x6
707 2792 0x00000bdc 0x0062f3b3 M   and         x7, x5, x6
708 2806 0x00000be0 0x0062f3b3 M   and         x7, x5, x6
709 2808 0x00000be4 0x0062f3b3 M   and         x7, x5, x6
710 2810 0x00000be8 0x0062f3b3 M   and         x7, x5, x6
711 2812 0x00000bec 0x0062f3b3 M   and         x7, x5, x6
712 2814 0x00000bf0 0x0062f3b3 M   and         x7, x5, x6
713 2816 0x00000bf4 0x0062f3b3 M   and         x7, x5, x6
714 2818 0x00000bf8 0x0062f3b3 M   and         x7, x5, x6
715 2820 0x00000bfc 0x0062f3b3 M   and         x7, x5, x6
716 2834 0x00000c00 0x0062f3b3 M   and         x7, x5, x6
717 2836 0x00000c04 0x0062f3b3 M   and         x7, x5, x6
718 2838 0x00000c08 0x0062f3b3 M   and         x7, x5, x6
719 2840 0x00000c0c 0x0062f3b3 M   and         x7, x5, x6
720 2842 0x00000c10 0x0062f3b3 M   and         x7, x5, x6
721 2844 0x00000c14 0x0062f3b3 M   and         x7, x5, x6
722 2846 0x00000c18 0x0062f3b3 M   and         x7, x5, x6
723 2848 0x00000c1c 0x0062f3b3 M   and         x7, x5, x6
724 2862 0x00000c20 0x0062f3b3 M   and         x7, x5, x6
725 2864 0x00000c24 0x0062f3b3 M   and         x7, x5, x6
726 2866 0x00000c28 0x0062f3b3 M   and         x7, x5, x6
727 2868 0x00000c2c 0x0062f3b3 M   and         x7, x5, x6
728 2870 0x00000c30 0x0062f3b3 M   and         x7, x5, x6
729 2872 0x00000c34 0x0062f3b3 M   and         x7, x5, x6
730 2874 0x00000c38 0x0062f3b3 M   and         x7, x5, x6
731 2876 0x00000c3c 0x0062f3b3 M   and         x7, x5, x6
732 2890 0x00000c40 0x0062f3b3 M   and         x7, x5, x6
733 2892 0x00000c44 0x0062f3b3 M   and         x7, x5, x6
734 2894 0x00000c48 0x0062f3b3 M   and         x7, x5, x6
735 2896 0x00000c4c 0x0062f3b3 M   and         x7, x5, x6
736 2898 0x00000c50 0x0062f3b3 M   and         x7, x5, x6
737 2900 0x00000c54 0x0062f3b3 M   and         x7, x5, x6
738 2902 0x00000c58 0x0062f3b3 M   and         x7, x5, x6
739 2904 0x00000c5c 0x0062f3b3 M   and         x7, x5, x6
740 2918 0x00000c60 0x0062f3b3 M   and         x7, x5, x6
741 2920 0x00000c64 0x0062f3b3 M   and         x7, x5, x6
742 2922 0x00000c68 0x0062f3b3 M   and         x7, x5, x6
743 2924 0x00000c6c 0x0062f3b3 M   and         x7, x5, x6
744 2926 0x00000c70 0x0062f3b3 M   and         x7, x5, x6
745 2928 0x00000c74 0x0062f3b3 M   and         x7, x5, x6
746 2930 0x00000c78 0x0062f3b3 M   and         x7, x5, x6
747 2932 0x00000c7c 0x0062f3b3 M   and         x7, x5, x6
748 2946 0x00000c80 0x0062f3b3 M   and         x7, x5, x6
749 2948 0x00000c84 0x0062f3b3 M   and         x7, x5, x6
750 2950 0x00000c88 0x0062f3b3 M   and         x7, x5, x6
751 2952 0x00000c8c 0x0062f3b3 M   and         x7, x5, x6
752 2954 0x00000c90 0x0062f3b3 M   and         x7, x5, x6
753 2956 0x00000c94 0x0062f3b3 M   and         x7, x5, x6
754 2958 0x00000c98 0x0062f3b3 M   and         x7, x5, x6
755 2960 0x00000c9c 0x0062f3b3 M   and         x7, x5, x6
756 2974 0x00000ca0 0x0062f3b3 M   and         x7, x5, x6
757 2976 0x00000ca4 0x0062f3b3 M   and         x7, x5, x6
758 2978 0x00000ca8 0x0062f3b3 M   and         x7, x5, x6
759 2980 0x00000cac 0x0062f3b3 M   and         x7, x5, x6
760 2982 0x00000cb0 0x0062f3b3 M   and         x7, x5, x6
761 2984 0x00000cb4 0x0062f3b3 M   and         x7, x5, x6
762 2986 0x00000cb8 0x0062f3b3 M   and         x7, x5, x6
763 2988 0x00000cbc 0x0062f3b3 M   and         x7, x5, x6
764 3002 0x00000cc0 0x0062f3b3 M   and         x7, x5, x6
765 3004 0x00000cc4 0x0062f3b3 M   and         x7, x5, x6
766 3006 0x00000cc8 0x0062f3b3 M   and         x7, x5, x6
767 3008 0x00000ccc 0x0062f3b3 M   and         x7, x5, x6
768 3010 0x00000cd0 0x0062f3b3 M   and         x7, x5, x6
769 3012 0x00000cd4 0x0062f3b3 M   and         x7, x5, x6
770 3014 0x00000cd8 0x0062f3b3 M   and         x7, x5, x6
771 3016 0x00000cdc 0x0062f3b3 M   and         x7, x5, x6
772 3030 0x00000ce0 0x0062f3b3 M   and         x7, x5, x6
773 3032 0x00000ce4 0x0062f3b3 M   and         x7, x5, x6
774 3034 0x00000ce8 0x0062f3b3 M   and         x7, x5, x6
775 3036 0x00000cec 0x0062f3b3 M   and         x7, x5, x6
776 3038 0x00000cf0 0x0062f3b3 M   and         x7, x5, x6
777 3040 0x00000cf4 0x0062f3b3 M   and         x7, x5, x6
778 3042 0x00000cf8 0x0062f3b3 M   and         x7, x5, x6
779 3044 0x00000cfc 0x0062f3b3 M   and         x7, x5, x6
780 3058 0x00000d00 0x0062f3b3 M   and         x7, x5, x6
781 3060 0x00000d04 0x0062f3b3 M   and         x7, x5, x6
782 3062 0x00000d08 0x0062f3b3 M   and         x7, x5, x6
783 3064 0x00000d0c 0x0062f3b3 M   and         x7, x5, x6
784 3066 0x00000d10 0x0062f3b3 M   and         x7, x5, x6
785 3068 0x00000d14 0x0062f3b3 M   and         x7, x5, x6
786 3070 0x00000d18 0x0062f3b3 M   and         x7, x5, x6
787 3072 0x00000d1c 0x0062f3b3 M   and         x7, x5, x6
788 3086 0x00000d20 0x0062f3b3 M   and         x7, x5, x6
789 3088 0x00000d24 0x0062f3b3 M   and         x7, x5, x6
790 3090 0x00000d28 0x0062f3b3 M   and         x7, x5, x6
791 3092 0x00000d2c 0x0062f3b3 M   and         x7, x5, x6
792 3094 0x00000d30 0x0062f3b3 M   and         x7, x5, x6
793 3096 0x00000d34 0x0062f3b3 M   and         x7, x5, x6
794 3098 0x00000d38 0x0062f3b3 M   and         x7, x5, x6
795 3100 0x00000d3c 0x0062f3b3 M   and         x7, x5, x6
796 3114 0x00000d40 0x0062f3b3 M   and         x7, x5, x6
797 3116 0x00000d44 0x0062f3b3 M   and         x7, x5, x6
798 3118 0x00000d48 0x0062f3b3 M   and         x7, x5, x6
799 3120 0x00000d4c 0x0062f3b3 M   and         x7, x5, x6
800 3122 0x00000d50 0x0062f3b3 M   and         x7, x5, x6
801 3124 0x00000d54 0x0062f3b3 M   and         x7, x5, x6
802 3126 0x00000d58 0x0062f3b3 M   and         x7, x5, x6
803 3128 0x00000d5c 0x0062f3b3 M   and         x7, x5, x6
804 3142 0x00000d60 0x0062f3b3 M   and         x7, x5, x6
805 3144 0x00000d64 0x0062f3b3 M   and         x7, x5, x6
806 3146 0x00000d68 0x0062f3b3 M   and         x7, x5, x6
807 3148 0x00000d6c 0x0062f3b3 M   and         x7, x5, x6
808 3150 0x00000d70 0x0062f3b3 M   and         x7, x5, x6
809 3152 0x00000d74 0x0062f3b3 M   and         x7, x5, x6
810 3154 0x00000d78 0x0062f3b3 M   and         x7, x5, x6
811 3156 0x00000d7c 0x0062f3b3 M   and         x7, x5, x6
812 3170 0x00000d80 0x0062f3b3 M   and         x7, x5, x6
813 3172 0x00000d84 0x0062f3b3 M   and         x7, x5, x6
814 3174 0x00000d88 0x0062f3b3 M   and         x7, x5, x6
815 3176 0x00000d8c 0x0062f3b3 M   and         x7, x5, x6
816 3178 0x00000d90 0x0062f3b3 M   and         x7, x5, x6
817 3180 0x00000d94 0x0062f3b3 M   and         x7, x5, x6
818 3182 0x00000d98 0x0062f3b3 M   and         x7, x5, x6
819 3184 0x00000d9c 0x0062f3b3 M   and         x7, x5, x6
820 3198 0x00000da0 0x0062f3b3 M   and         x7, x5, x6
821 3200 0x00000da4 0x0062f3b3 M   and         x7, x5, x6
822 3202 0x00000da8 0x0062f3b3 M   and         x7, x5, x6
823 3204 0x00000dac 0x0062f3b3 M   and         x7, x5, x6
824 3206 0x00000db0 0x0062f3b3 M   and         x7, x5, x6
825 3208 0x00000db4 0x0062f3b3 M   and         x7, x5, x6
826 3210 0x00000db8 0x0062f3b3 M   and         x7, x5, x6
827 3212 0x00000dbc 0x0062f3b3 M   and         x7, x5, x6
828 3226 0x00000dc0 0x0062f3b3 M   and         x7, x5, x6
829 3228 0x00000dc4 0x0062f3b3 M   and         x7, x5, x6
830 3230 0x00000dc8 0x0062f3b3 M   and         x7, x5, x6
831 3232 0x00000dcc 0x0062f3b3 M   and         x7, x5, x6
832 3234 0x00000dd0 0x0062f3b3 M   and         x7, x5, x6
833 3236 0x00000dd4 0x0062f3b3 M   and         x7, x5, x6
834 3238 0x00000dd8 0x0062f3b3 M   and         x7, x5, x6
835 3240 0x00000ddc 0x0062f3b3 M   and         x7, x5, x6
836 3254 0x00000de0 0x0062f3b3 M   and         x7, x5, x6
837 3256 0x00000de4 0x0062f3b3 M   and         x7, x5, x6
838 3258 0x00000de8 0x0062f3b3 M   and         x7, x5, x6
839 3260 0x00000dec 0x0062f3b3 M   and         x7, x5, x6
840 3262 0x00000df0 0x0062f3b3 M   and         x7, x5, x6
841 3264 0x00000df4 0x0062f3b3 M   and         x7, x5, x6
842 3266 0x00000df8 0x0062f3b3 M   and         x7, x5, x6
843 3268 0x00000dfc 0x0062f3b3 M   and         x7, x5, x6
844 3282 0x00000e00 0x0062f3b3 M   and         x7, x5, x6
845 3284 0x00000e04 0x0062f3b3 M   and         x7, x5, x6
846 3286 0x00000e08 0x0062f3b3 M   and         x7, x5, x6
847 3288 0x00000e0c 0x0062f3b3 M   and         x7, x5, x6
848 3290 0x00000e10 0x0062f3b3 M   and         x7, x5, x6
849 3292 0x00000e14 0x0062f3b3 M   and         x7, x5, x6
850 3294 0x00000e18 0x0062f3b3 M   and         x7, x5, x6
851 3296 0x00000e1c 0x0062f3b3 M   and         x7, x5, x6
852 3310 0x00000e20 0x0062f3b3 M   and         x7, x5, x6
853 3312 0x00000e24 0x0062f3b3 M   and         x7, x5, x6
854 3314 0x00000e28 0x0062f3b3 M   and         x7, x5, x6
855 3316 0x00000e2c 0x0062f3b3 M   and         x7, x5, x6
856 3318 0x00000e30 0x0062f3b3 M   and         x7, x5, x6
857 3320 0x00000e34 0x0062f3b3 M   and         x7, x5, x6
858 3322 0x00000e38 0x0062f3b3 M   and         x7, x5, x6
859 3324 0x00000e3c 0x0062f3b3 M   and         x7, x5, x6
860 3338 0x00000e40 0x0062f3b3 M   and         x7, x5, x6
861 3340 0x00000e44 0x0062f3b3 M   and         x7, x5, x6
862 3342 0x00000e48 0x0062f3b3 M   and         x7, x5, x6
863 3344 0x00000e4c 0x0062f3b3 M   and         x7, x5, x6
864 3346 0x00000e50 0x0062f3b3 M   and         x7, x5, x6
865 3348 0x00000e54 0x0062f3b3 M   and         x7, x5, x6
866 3350 0x00000e58 0x0062f3b3 M   and         x7, x5, x6
867 3352 0x00000e5c 0x0062f3b3 M   and         x7, x5, x6
868 3366 0x00000e60 0x0062f3b3 M   and         x7, x5, x6
869 3368 0x00000e64 0x0062f3b3 M   and         x7, x5, x6
870 3370 0x00000e68 0x0062f3b3 M   and         x7, x5, x6
871 3372 0x00000e6c 0x0062f3b3 M   and         x7, x5, x6
872 3374 0x00000e70 0x0062f3b3 M   and         x7, x5, x6
873 3376 0x00000e74 0x0062f3b3 M   and         x7, x5, x6
874 3378 0x00000e78 0x0062f3b3 M   and         x7, x5, x6
875 3380 0x00000e7c 0x0062f3b3 M   and         x7, x5, x6
876 3394 0x00000e80 0x0062f3b3 M   and         x7, x5, x6
877 3396 0x00000e84 0x0062f3b3 M   and         x7, x5, x6
878 3398 0x00000e88 0x0062f3b3 M   and         x7, x5, x6
879 3400 0x00000e8c 0x0062f3b3 M   and         x7, x5, x6
880 3402 0x00000e90 0x0062f3b3 M   and         x7, x5, x6
881 3404 0x00000e94 0x0062f3b3 M   and         x7, x5, x6
882 3406 0x00000e98 0x0062f3b3 M   and         x7, x5, x6
883 3408 0x00000e9c 0x0062f3b3 M   and         x7, x5, x6
884 3422 0x00000ea0 0x0062f3b3 M   and         x7, x5, x6
885 3424 0x00000ea4 0x0062f3b3 M   and         x7, x5, x6
886 3426 0x00000ea8 0x0062f3b3 M   and         x7, x5, x6
887 3428 0x00000eac 0x0062f3b3 M   and         x7, x5, x6
888 3430 0x00000eb0 0x0062f3b3 M   and         x7, x5, x6
889 3432 0x00000eb4 0x0062f3b3 M   and         x7, x5, x6
890 3434 0x00000eb8 0x0062f3b3 M   and         x7, x5, x6
891 3436 0x00000ebc 0x0062f3b3 M   and         x7, x5, x6
892 3450 0x00000ec0 0x0062f3b3 M   and         x7, x5, x6
893 3452 0x00000ec4 0x0062f3b3 M   and         x7, x5, x6
894 3454 0x00000ec8 0x0062f3b3 M   and         x7, x5, x6
895 3456 0x00000ecc 0x0062f3b3 M   and         x7, x5, x6
896 3458 0x00000ed0 0x0062f3b3 M   and         x7, x5, x6
897 3460 0x00000ed4 0x0062f3b3 M   and         x7, x5, x6
898 3462 0x00000ed8 0x0062f3b3 M   and         x7, x5, x6
899 3464 0x00000edc 0x0062f3b3 M   and         x7, x5, x6
900 3478 0x00000ee0 0x0062f3b3 M   and         x7, x5, x6
901 3480 0x00000ee4 0x0062f3b3 M   and         x7, x5, x6
902 3482 0x00000ee8 0x0062f3b3 M   and         x7, x5, x6
903 3484 0x00000eec 0x0062f3b3 M   and         x7, x5, x6
904 3486 0x00000ef0 0x0062f3b3 M   and         x7, x5, x6
905 3488 0x00000ef4 0x0062f3b3 M   and         x7, x5, x6
906 3490 0x00000ef8 0x0062f3b3 M   and         x7, x5, x6
907 3492 0x00000efc 0x0062f3b3 M   and         x7, x5, x6
908 3506 0x00000f00 0x0062f3b3 M   and         x7, x5, x6
909 3508 0x00000f04 0x0062f3b3 M   and         x7, x5, x6
910 3510 0x00000f08 0x0062f3b3 M   and         x7, x5, x6
911 3512 0x00000f0c 0x0062f3b3 M   and         x7, x5, x6
912 3514 0x00000f10 0x0062f3b3 M   and         x7, x5, x6
913 3516 0x00000f14 0x0062f3b3 M   and         x7, x5, x6
914 3518 0x00000f18 0x0062f3b3 M   and         x7, x5, x6
915 3520 0x00000f1c 0x0062f3b3 M   and         x7, x5, x6
916 3534 0x00000f20 0x0062f3b3 M   and         x7, x5, x6
917 3536 0x00000f24 0x0062f3b3 M   and         x7, x5, x6
918 3538 0x00000f28 0x0062f3b3 M   and         x7, x5, x6
919 3540 0x00000f2c 0x0062f3b3 M   and         x7, x5, x6
920 3542 0x00000f30 0x0062f3b3 M   and         x7, x5, x6
921 3544 0x00000f34 0x0062f3b3 M   and         x7, x5, x6
922 3546 0x00000f38 0x0062f3b3 M   and         x7, x5, x6
923 3548 0x00000f3c 0x0062f3b3 M   and         x7, x5, x6
924 3562 0x00000f40 0x0062f3b3 M   and         x7, x5, x6
925 3564 0x00000f44 0x0062f3b3 M   and         x7, x5, x6
926 3566 0x00000f48 0x0062f3b3 M   and         x7, x5, x6
927 3568 0x00000f4c 0x0062f3b3 M   and         x7, x5, x6
928 3570 0x00000f50 0x0062f3b3 M   and         x7, x5, x6
929 3572 0x00000f54 0x0062f3b3 M   and         x7, x5, x6
930 3574 0x00000f58 0x0062f3b3 M   and         x7, x5, x6
931 3576 0x00000f5c 0x0062f3b3 M   and         x7, x5, x6
932 3590 0x00000f60 0x0062f3b3 M   and         x7, x5, x6
933 3592 0x00000f64 0x0062f3b3 M   and         x7, x5, x6
934 3594 0x00000f68 0x0062f3b3 M   and         x7, x5, x6
935 3596 0x00000f6c 0x0062f3b3 M   and         x7, x5, x6
936 3598 0x00000f70 0x0062f3b3 M   and         x7, x5, x6
937 3600 0x00000f74 0x0062f3b3 M   and         x7, x5, x6
938 3602 0x00000f78 0x0062f3b3 M   and         x7, x5, x6
939 3604 0x00000f7c 0x0062f3b3 M   and         x7, x5, x6
940 3618 0x00000f80 0x0062f3b3 M   and         x7, x5, x6
941 3620 0x00000f84 0x0062f3b3 M   and         x7, x5, x6
942 3622 0x00000f88 0x0062f3b3 M   and         x7, x5, x6
943 3624 0x00000f8c 0x0062f3b3 M   and         x7, x5, x6
944 3626 0x00000f90 0x0062f3b3 M   and         x7, x5, x6
945 3628 0x00000f94 0x0062f3b3 M   and         x7, x5, x6
946 3630 0x00000f98 0x0062f3b3 M   and         x7, x5, x6
947 3632 0x00000f9c 0x0062f3b3 M   and         x7, x5, x6
948 3646 0x00000fa0 0x0062f3b3 M   and         x7, x5, x6
949 3648 0x00000fa4 0x0062f3b3 M   and         x7, x5, x6
950 3650 0x00000fa8 0x0062f3b3 M   and         x7, x5, x6
951 3652 0x00000fac 0x0062f3b3 M   and         x7, x5, x6
952 3654 0x00000fb0 0x0062f3b3 M   and         x7, x5, x6
953 3656 0x00000fb4 0x0062f3b3 M   and         x7, x5, x6
954 3658 0x00000fb8 0x0062f3b3 M   and         x7, x5, x6
955 3660 0x00000fbc 0x0062f3b3 M   and         x7, x5, x6
956 3674 0x00000fc0 0x0062f3b3 M   and         x7, x5, x6
957 3676 0x00000fc4 0x0062f3b3 M   and         x7, x5, x6
958 3678 0x00000fc8 0x0062f3b3 M   and         x7, x5, x6
959 3680 0x00000fcc 0x0062f3b3 M   and         x7, x5, x6
960 3682 0x00000fd0 0x0062f3b3 M   and         x7, x5, x6
961 3684 0x00000fd4 0x0062f3b3 M   and         x7, x5, x6
962 3686 0x00000fd8 0x0062f3b3 M   and         x7, x5, x6
963 3688 0x00000fdc 0x0062f3b3 M   and         x7, x5, x6
964 3702 0x00000fe0 0x0062f3b3 M   and         x7, x5, x6
965 3704 0x00000fe4 0x0062f3b3 M   and         x7, x5, x6
966 3706 0x00000fe8 0x0062f3b3 M   and         x7, x5, x6
967 3708 0x00000fec 0x0062f3b3 M   and         x7, x5, x6
968 3710 0x00000ff0 0x0062f3b3 M   and         x7, x5, x6
969 3712 0x00000ff4 0x0062f3b3 M   and         x7, x5, x6
970 3714 0x00000ff8 0x0062f3b3 M   and         x7, x5, x6
971 3716 0x00000ffc 0x0062f3b3 M   and         x7, x5, x6
972 3730 0x00001000 0x0062f3b3 M   and         x7, x5, x6
973 3732 0x00001004 0x0062f3b3 M   and         x7, x5, x6
974 3734 0x00001008 0x0062f3b3 M   and         x7, x5, x6
975 3736 0x0000100c 0x0062f3b3 M   and         x7, x5, x6
976 3738 0x00001010 0x0062f3b3 M   and         x7, x5, x6
977 3740 0x00001014 0x0062f3b3 M   and         x7, x5, x6
978 3742 0x00001018 0x0062f3b3 M   and         x7, x5, x6
979 3744 0x0000101c 0x0062f3b3 M   and         x7, x5, x6
980 3758 0x00001020 0x0062f3b3 M   and         x7, x5, x6
981 3760 0x00001024 0x0062f3b3 M   and         x7, x5, x6
982 3762 0x00001028 0x0062f3b3 M   and         x7, x5, x6
983 3764 0x0000102c 0x0062f3b3 M   and         x7, x5, x6
984 3766 0x00001030 0x0062f3b3 M   and         x7, x5, x6
985 3768 0x00001034 0x0062f3b3 M   and         x7, x5, x6
986 3770 0x00001038 0x0062f3b3 M   and         x7, x5, x6
987 3772 0x0000103c 0x0062f3b3 M   and         x7, x5, x6
988 3786 0x00001040 0x0062f3b3 M   and         x7, x5, x6
989 3788 0x00001044 0x0062f3b3 M   and         x7, x5, x6
990 3790 0x00001048 0x0062f3b3 M   and         x7, x5, x6
991 3792 0x0000104c 0x0062f3b3 M   and         x7, x5, x6
992 3794 0x00001050 0x0062f3b3 M   and         x7, x5, x6
993 3796 0x00001054 0x0062f3b3 M   and         x7, x5, x6
994 3798 0x00001058 0x0062f3b3 M   and         x7, x5, x6
995 3800 0x0000105c 0x0062f3b3 M   and         x7, x5, x6
996 3814 0x00001060 0x0062f3b3 M   and         x7, x5, x6
997 3816 0x00001064 0x0062f3b3 M   and         x7, x5, x6
998 3818 0x00001068 0x0062f3b3 M   and         x7, x5, x6
999 3820 0x0000106c 0x0062f3b3 M   and         x7, x5, x6
1000 3822 0x00001070 0x0062f3b3 M   and         x7, x5, x6
1001 3824 0x00001074 0x0062f3b3 M   and         x7, x5, x6
1002 3826 0x00001078 0x0062f3b3 M   and         x7, x5, x6
1003 3828 0x0000107c 0x0062f3b3 M   and         x7, x5, x6
1004 3842 0x00001080 0x0062f3b3 M   and         x7, x5, x6
1005 3844 0x00001084 0x0062f3b3 M   and         x7, x5, x6
1006 3846 0x00001088 0x0062f3b3 M   and         x7, x5, x6
1007 3848 0x0000108c 0x0062f3b3 M   and         x7, x5, x6
1008 3850 0x00001090 0x0062f3b3 M   and         x7, x5, x6
1009 3852 0x00001094 0x0062f3b3 M   and         x7, x5, x6
1010 3854 0x00001098 0x0062f3b3 M   and         x7, x5, x6
1011 3856 0x0000109c 0x0062f3b3 M   and         x7, x5, x6
1012 3870 0x000010a0 0x0062f3b3 M   and         x7, x5, x6
1013 3872 0x000010a4 0x0062f3b3 M   and         x7, x5, x6
1014 3874 0x000010a8 0x0062f3b3 M   and         x7, x5, x6
1015 3876 0x000010ac 0x0062f3b3 M   and         x7, x5, x6
1016 3878 0x000010b0 0x0062f3b3 M   and         x7, x5, x6
1017 3880 0x000010b4 0x0062f3b3 M   and         x7, x5, x6
1018 3882 0x000010b8 0x0062f3b3 M   and         x7, x5, x6
1019 3884 0x000010bc 0x0062f3b3 M   and         x7, x5, x6
1020 3898 0x000010c0 0x0062f3b3 M   and         x7, x5, x6
1021 3900 0x000010c4 0x0062f3b3 M   and         x7, x5, x6
1022 3902 0x000010c8 0x0062f3b3 M   and         x7, x5, x6
1023 3904 0x000010cc 0x0062f3b3 M   and         x7, x5, x6
1024 3906 0x000010d0 0x0062f3b3 M   and         x7, x5, x6
1025 3908 0x000010d4 0x0062f3b3 M   and         x7, x5, x6
1026 3910 0x000010d8 0x0062f3b3 M   and         x7, x5, x6
1027 3912 0x000010dc 0x0062f3b3 M   and         x7, x5, x6
1028 3926 0x000010e0 0x0062f3b3 M   and         x7, x5, x6
1029 3928 0x000010e4 0x0062f3b3 M   and         x7, x5, x6
1030 3930 0x000010e8 0x0062f3b3 M   and         x7, x5, x6
1031 3932 0x000010ec 0x0062f3b3 M   and         x7, x5, x6
1032 3934 0x000010f0 0x0062f3b3 M   and         x7, x5, x6
1033 3936 0x000010f4 0x0062f3b3 M   and         x7, x5, x6
1034 3938 0x000010f8 0x0062f3b3 M   and         x7, x5, x6
1035 3940 0x000010fc 0x0062f3b3 M   and         x7, x5, x6
1036 3954 0x00001100 0x0062f3b3 M   and         x7, x5, x6
1037 3956 0x00001104 0x0062f3b3 M   and         x7, x5, x6
1038 3958 0x00001108 0x0062f3b3 M   and         x7, x5, x6
1039 3960 0x0000110c 0x0062f3b3 M   and         x7, x5, x6
1040 3962 0x00001110 0x0062f3b3 M   and         x7, x5, x6
1041 3964 0x00001114 0x0062f3b3 M   and         x7, x5, x6
1042 3966 0x00001118 0x0062f3b3 M   and         x7, x5, x6
1043 3968 0x0000111c 0x0062f3b3 M   and         x7, x5, x6
1044 3982 0x00001120 0x0062f3b3 M   and         x7, x5, x6
1045 3984 0x00001124 0x0062f3b3 M   and         x7, x5, x6
1046 3986 0x00001128 0x0062f3b3 M   and         x7, x5, x6
1047 3988 0x0000112c 0x0062f3b3 M   and         x7, x5, x6
1048 3990 0x00001130 0x0062f3b3 M   and         x7, x5, x6
1049 3992 0x00001134 0x0062f3b3 M   and         x7, x5, x6
1050 3994 0x00001138 0x0062f3b3 M   and         x7, x5, x6
1051 3996 0x0000113c 0x0062f3b3 M   and         x7, x5, x6
1052 4010 0x00001140 0x0062f3b3 M   and         x7, x5, x6
1053 4012 0x00001144 0x0062f3b3 M   and         x7, x5, x6
1054 4014 0x00001148 0x0062f3b3 M   and         x7, x5, x6
1055 4016 0x0000114c 0x0062f3b3 M   and         x7, x5, x6
1056 4018 0x00001150 0x0062f3b3 M   and         x7, x5, x6
1057 4020 0x00001154 0x0062f3b3 M   and         x7, x5, x6
1058 4022 0x00001158 0x0062f3b3 M   and         x7, x5, x6
1059 4024 0x0000115c 0x0062f3b3 M   and         x7, x5, x6
1060 4038 0x00001160 0x0062f3b3 M   and         x7, x5, x6
1061 4040 0x00001164 0x0062f3b3 M   and         x7, x5, x6
1062 4042 0x00001168 0x0062f3b3 M   and         x7, x5, x6
1063 4044 0x0000116c 0x00000513 M   addi        x10, x0, 0
1064 4047 0x00001170 0x00008067 M   jalr        x0, 0(x1)
1065 4066 0x0000015c 0x30047073 M   csrrci      x0, mstatus, 8
1066 4080 0x00000160 0x30401073 M   csrrw       x0, mie, x0
1067 4082 0x00000164 0x00000597 M   auipc       x11, 0x00000000
1068 4084 0x00000168 0x05058593 M   addi        x11, x11, 80
1069 4087 0x0000016c 0x30559073 M   csrrw       x0, mtvec, x11
1070 4090 0x00000170 0x34051073 M   csrrw       x0, mscratch, x10
1071 4093 0x00000174 0xf1402473 M   csrrs       x8, mhartid, x0
1072 4096 0x00000178 0x02041463 M   bne         x8, x0, 40
1073 4098 0x0000017c 0x00001417 M   auipc       x8, 0x00001000
1074 4110 0x00000180 0xff840413 M   addi        x8, x8, -8
1075 4112 0x00000184 0x00001497 M   auipc       x9, 0x00001000
1076 4114 0x00000188 0xff048493 M   addi        x9, x9, -16
1077 4117 0x0000018c 0x00945a63 M   bge         x8, x9, 20
1078 4136 0x000001a0 0xf1402473 M   csrrs       x8, mhartid, x0
1079 4139 0x000001a4 0x00041463 M   bne         x8, x0, 8
1080 4142 0x000001a8 0x00100073 M   ebreak      
1081 4151 0x000001b4 0x10500073 M   wfi          <TRAP_ENTRY>
