0 30 0x00000000 0xf14020f3 M   csrrs       x1, mhartid, x0
1 32 0x00000004 0x80002217 M   auipc       x4, 0x80002000
2 34 0x00000008 0xffb20213 M   addi        x4, x4, -5
3 36 0x0000000c 0xff027113 M   andi        x2, x4, -16
4 38 0x00000010 0x80000197 M   auipc       x3, 0x80000000
5 40 0x00000014 0x7f018193 M   addi        x3, x3, 2032
6 42 0x00000018 0x000022b7 M   lui         x5, 0x00002000
7 44 0x0000001c 0x80028293 M   addi        x5, x5, -2048
8 58 0x00000020 0x30029073 M   csrrw       x0, mstatus, x5
9 60 0x00000024 0x00000317 M   auipc       x6, 0x00000000
10 62 0x00000028 0x19030313 M   addi        x6, x6, 400
11 65 0x0000002c 0x30531073 M   csrrw       x0, mtvec, x6
12 68 0x00000030 0x30401073 M   csrrw       x0, mie, x0
13 70 0x00000034 0x00001397 M   auipc       x7, 0x00001000
14 72 0x00000038 0x13c38393 M   addi        x7, x7, 316
15 74 0x0000003c 0x80000417 M   auipc       x8, 0x80000000
16 87 0x00000040 0xfc440413 M   addi        x8, x8, -60
17 89 0x00000044 0x80000497 M   auipc       x9, 0x80000000
18 91 0x00000048 0xfbc48493 M   addi        x9, x9, -68
19 93 0x0000004c 0x80000517 M   auipc       x10, 0x80000000
20 95 0x00000050 0xfb450513 M   addi        x10, x10, -76
21 97 0x00000054 0x80000597 M   auipc       x11, 0x80000000
22 99 0x00000058 0xfac58593 M   addi        x11, x11, -84
23 101 0x0000005c 0x00000613 M   addi        x12, x0, 0
24 115 0x00000060 0x00000693 M   addi        x13, x0, 0
25 117 0x00000064 0x00000713 M   addi        x14, x0, 0
26 119 0x00000068 0x00000793 M   addi        x15, x0, 0
27 121 0x0000006c 0x00000813 M   addi        x16, x0, 0
28 123 0x00000070 0x00000893 M   addi        x17, x0, 0
29 125 0x00000074 0x00000913 M   addi        x18, x0, 0
30 127 0x00000078 0x00000993 M   addi        x19, x0, 0
31 129 0x0000007c 0x00000a13 M   addi        x20, x0, 0
32 143 0x00000080 0x00000a93 M   addi        x21, x0, 0
33 145 0x00000084 0x00000b13 M   addi        x22, x0, 0
34 147 0x00000088 0x00000b93 M   addi        x23, x0, 0
35 149 0x0000008c 0x00000c13 M   addi        x24, x0, 0
36 151 0x00000090 0x00000c93 M   addi        x25, x0, 0
37 153 0x00000094 0x00000d13 M   addi        x26, x0, 0
38 155 0x00000098 0x00000d93 M   addi        x27, x0, 0
39 157 0x0000009c 0x00000e13 M   addi        x28, x0, 0
40 171 0x000000a0 0x00000e93 M   addi        x29, x0, 0
41 173 0x000000a4 0x00000f13 M   addi        x30, x0, 0
42 175 0x000000a8 0x00000f93 M   addi        x31, x0, 0
43 178 0x000000ac 0x04008263 M   beq         x1, x0, 68
44 200 0x000000f0 0x00838e63 M   beq         x7, x8, 28
45 203 0x000000f4 0x00945c63 M   bge         x8, x9, 24
46 221 0x0000010c 0x00b55863 M   bge         x10, x11, 16
47 227 0x0000011c 0x00001417 M   auipc       x8, 0x00001000
48 241 0x00000120 0x05440413 M   addi        x8, x8, 84
49 243 0x00000124 0x00001497 M   auipc       x9, 0x00001000
50 245 0x00000128 0x04c48493 M   addi        x9, x9, 76
51 248 0x0000012c 0x00945a63 M   bge         x8, x9, 20
52 266 0x00000140 0x00000617 M   auipc       x12, 0x00000000
53 268 0x00000144 0x07c60613 M   addi        x12, x12, 124
54 271 0x00000148 0x0ff0000f M   fence       
55 278 0x0000014c 0x0000100f M   fence.i     
56 489 0x00000150 0x00000513 M   addi        x10, x0, 0
57 491 0x00000154 0x00000593 M   addi        x11, x0, 0
58 494 0x00000158 0x000600e7 M   jalr        x1, 0(x12)
59 524 0x000001bc 0x800002b7 M   lui         x5, 0x80000000
60 538 0x000001c0 0xfff28293 M   addi        x5, x5, -1
61 540 0x000001c4 0x01f00313 M   addi        x6, x0, 31
62 543 0x000001c8 0x4062d2b3 M   sra         x5, x5, x6
63 546 0x000001cc 0x4062d2b3 M   sra         x5, x5, x6
64 549 0x000001d0 0x4062d2b3 M   sra         x5, x5, x6
65 552 0x000001d4 0x4062d2b3 M   sra         x5, x5, x6
66 555 0x000001d8 0x4062d2b3 M   sra         x5, x5, x6
67 558 0x000001dc 0x4062d2b3 M   sra         x5, x5, x6
68 570 0x000001e0 0x4062d2b3 M   sra         x5, x5, x6
69 573 0x000001e4 0x4062d2b3 M   sra         x5, x5, x6
70 576 0x000001e8 0x4062d2b3 M   sra         x5, x5, x6
71 579 0x000001ec 0x4062d2b3 M   sra         x5, x5, x6
72 582 0x000001f0 0x4062d2b3 M   sra         x5, x5, x6
73 585 0x000001f4 0x4062d2b3 M   sra         x5, x5, x6
74 588 0x000001f8 0x4062d2b3 M   sra         x5, x5, x6
75 591 0x000001fc 0x4062d2b3 M   sra         x5, x5, x6
76 603 0x00000200 0x4062d2b3 M   sra         x5, x5, x6
77 606 0x00000204 0x4062d2b3 M   sra         x5, x5, x6
78 609 0x00000208 0x4062d2b3 M   sra         x5, x5, x6
79 612 0x0000020c 0x4062d2b3 M   sra         x5, x5, x6
80 615 0x00000210 0x4062d2b3 M   sra         x5, x5, x6
81 618 0x00000214 0x4062d2b3 M   sra         x5, x5, x6
82 621 0x00000218 0x4062d2b3 M   sra         x5, x5, x6
83 624 0x0000021c 0x4062d2b3 M   sra         x5, x5, x6
84 636 0x00000220 0x4062d2b3 M   sra         x5, x5, x6
85 639 0x00000224 0x4062d2b3 M   sra         x5, x5, x6
86 642 0x00000228 0x4062d2b3 M   sra         x5, x5, x6
87 645 0x0000022c 0x4062d2b3 M   sra         x5, x5, x6
88 648 0x00000230 0x4062d2b3 M   sra         x5, x5, x6
89 651 0x00000234 0x4062d2b3 M   sra         x5, x5, x6
90 654 0x00000238 0x4062d2b3 M   sra         x5, x5, x6
91 657 0x0000023c 0x4062d2b3 M   sra         x5, x5, x6
92 669 0x00000240 0x4062d2b3 M   sra         x5, x5, x6
93 672 0x00000244 0x4062d2b3 M   sra         x5, x5, x6
94 675 0x00000248 0x4062d2b3 M   sra         x5, x5, x6
95 678 0x0000024c 0x4062d2b3 M   sra         x5, x5, x6
96 681 0x00000250 0x4062d2b3 M   sra         x5, x5, x6
97 684 0x00000254 0x4062d2b3 M   sra         x5, x5, x6
98 687 0x00000258 0x4062d2b3 M   sra         x5, x5, x6
99 690 0x0000025c 0x4062d2b3 M   sra         x5, x5, x6
100 702 0x00000260 0x4062d2b3 M   sra         x5, x5, x6
101 705 0x00000264 0x4062d2b3 M   sra         x5, x5, x6
102 708 0x00000268 0x4062d2b3 M   sra         x5, x5, x6
103 711 0x0000026c 0x4062d2b3 M   sra         x5, x5, x6
104 714 0x00000270 0x4062d2b3 M   sra         x5, x5, x6
105 717 0x00000274 0x4062d2b3 M   sra         x5, x5, x6
106 720 0x00000278 0x4062d2b3 M   sra         x5, x5, x6
107 723 0x0000027c 0x4062d2b3 M   sra         x5, x5, x6
108 735 0x00000280 0x4062d2b3 M   sra         x5, x5, x6
109 738 0x00000284 0x4062d2b3 M   sra         x5, x5, x6
110 741 0x00000288 0x4062d2b3 M   sra         x5, x5, x6
111 744 0x0000028c 0x4062d2b3 M   sra         x5, x5, x6
112 747 0x00000290 0x4062d2b3 M   sra         x5, x5, x6
113 750 0x00000294 0x4062d2b3 M   sra         x5, x5, x6
114 753 0x00000298 0x4062d2b3 M   sra         x5, x5, x6
115 756 0x0000029c 0x4062d2b3 M   sra         x5, x5, x6
116 768 0x000002a0 0x4062d2b3 M   sra         x5, x5, x6
117 771 0x000002a4 0x4062d2b3 M   sra         x5, x5, x6
118 774 0x000002a8 0x4062d2b3 M   sra         x5, x5, x6
119 777 0x000002ac 0x4062d2b3 M   sra         x5, x5, x6
120 780 0x000002b0 0x4062d2b3 M   sra         x5, x5, x6
121 783 0x000002b4 0x4062d2b3 M   sra         x5, x5, x6
122 786 0x000002b8 0x4062d2b3 M   sra         x5, x5, x6
123 789 0x000002bc 0x4062d2b3 M   sra         x5, x5, x6
124 801 0x000002c0 0x4062d2b3 M   sra         x5, x5, x6
125 804 0x000002c4 0x4062d2b3 M   sra         x5, x5, x6
126 807 0x000002c8 0x4062d2b3 M   sra         x5, x5, x6
127 810 0x000002cc 0x4062d2b3 M   sra         x5, x5, x6
128 813 0x000002d0 0x4062d2b3 M   sra         x5, x5, x6
129 816 0x000002d4 0x4062d2b3 M   sra         x5, x5, x6
130 819 0x000002d8 0x4062d2b3 M   sra         x5, x5, x6
131 822 0x000002dc 0x4062d2b3 M   sra         x5, x5, x6
132 834 0x000002e0 0x4062d2b3 M   sra         x5, x5, x6
133 837 0x000002e4 0x4062d2b3 M   sra         x5, x5, x6
134 840 0x000002e8 0x4062d2b3 M   sra         x5, x5, x6
135 843 0x000002ec 0x4062d2b3 M   sra         x5, x5, x6
136 846 0x000002f0 0x4062d2b3 M   sra         x5, x5, x6
137 849 0x000002f4 0x4062d2b3 M   sra         x5, x5, x6
138 852 0x000002f8 0x4062d2b3 M   sra         x5, x5, x6
139 855 0x000002fc 0x4062d2b3 M   sra         x5, x5, x6
140 867 0x00000300 0x4062d2b3 M   sra         x5, x5, x6
141 870 0x00000304 0x4062d2b3 M   sra         x5, x5, x6
142 873 0x00000308 0x4062d2b3 M   sra         x5, x5, x6
143 876 0x0000030c 0x4062d2b3 M   sra         x5, x5, x6
144 879 0x00000310 0x4062d2b3 M   sra         x5, x5, x6
145 882 0x00000314 0x4062d2b3 M   sra         x5, x5, x6
146 885 0x00000318 0x4062d2b3 M   sra         x5, x5, x6
147 888 0x0000031c 0x4062d2b3 M   sra         x5, x5, x6
148 900 0x00000320 0x4062d2b3 M   sra         x5, x5, x6
149 903 0x00000324 0x4062d2b3 M   sra         x5, x5, x6
150 906 0x00000328 0x4062d2b3 M   sra         x5, x5, x6
151 909 0x0000032c 0x4062d2b3 M   sra         x5, x5, x6
152 912 0x00000330 0x4062d2b3 M   sra         x5, x5, x6
153 915 0x00000334 0x4062d2b3 M   sra         x5, x5, x6
154 918 0x00000338 0x4062d2b3 M   sra         x5, x5, x6
155 921 0x0000033c 0x4062d2b3 M   sra         x5, x5, x6
156 933 0x00000340 0x4062d2b3 M   sra         x5, x5, x6
157 936 0x00000344 0x4062d2b3 M   sra         x5, x5, x6
158 939 0x00000348 0x4062d2b3 M   sra         x5, x5, x6
159 942 0x0000034c 0x4062d2b3 M   sra         x5, x5, x6
160 945 0x00000350 0x4062d2b3 M   sra         x5, x5, x6
161 948 0x00000354 0x4062d2b3 M   sra         x5, x5, x6
162 951 0x00000358 0x4062d2b3 M   sra         x5, x5, x6
163 954 0x0000035c 0x4062d2b3 M   sra         x5, x5, x6
164 966 0x00000360 0x4062d2b3 M   sra         x5, x5, x6
165 969 0x00000364 0x4062d2b3 M   sra         x5, x5, x6
166 972 0x00000368 0x4062d2b3 M   sra         x5, x5, x6
167 975 0x0000036c 0x4062d2b3 M   sra         x5, x5, x6
168 978 0x00000370 0x4062d2b3 M   sra         x5, x5, x6
169 981 0x00000374 0x4062d2b3 M   sra         x5, x5, x6
170 984 0x00000378 0x4062d2b3 M   sra         x5, x5, x6
171 987 0x0000037c 0x4062d2b3 M   sra         x5, x5, x6
172 999 0x00000380 0x4062d2b3 M   sra         x5, x5, x6
173 1002 0x00000384 0x4062d2b3 M   sra         x5, x5, x6
174 1005 0x00000388 0x4062d2b3 M   sra         x5, x5, x6
175 1008 0x0000038c 0x4062d2b3 M   sra         x5, x5, x6
176 1011 0x00000390 0x4062d2b3 M   sra         x5, x5, x6
177 1014 0x00000394 0x4062d2b3 M   sra         x5, x5, x6
178 1017 0x00000398 0x4062d2b3 M   sra         x5, x5, x6
179 1020 0x0000039c 0x4062d2b3 M   sra         x5, x5, x6
180 1032 0x000003a0 0x4062d2b3 M   sra         x5, x5, x6
181 1035 0x000003a4 0x4062d2b3 M   sra         x5, x5, x6
182 1038 0x000003a8 0x4062d2b3 M   sra         x5, x5, x6
183 1041 0x000003ac 0x4062d2b3 M   sra         x5, x5, x6
184 1044 0x000003b0 0x4062d2b3 M   sra         x5, x5, x6
185 1047 0x000003b4 0x4062d2b3 M   sra         x5, x5, x6
186 1050 0x000003b8 0x4062d2b3 M   sra         x5, x5, x6
187 1053 0x000003bc 0x4062d2b3 M   sra         x5, x5, x6
188 1065 0x000003c0 0x4062d2b3 M   sra         x5, x5, x6
189 1068 0x000003c4 0x4062d2b3 M   sra         x5, x5, x6
190 1071 0x000003c8 0x4062d2b3 M   sra         x5, x5, x6
191 1074 0x000003cc 0x4062d2b3 M   sra         x5, x5, x6
192 1077 0x000003d0 0x4062d2b3 M   sra         x5, x5, x6
193 1080 0x000003d4 0x4062d2b3 M   sra         x5, x5, x6
194 1083 0x000003d8 0x4062d2b3 M   sra         x5, x5, x6
195 1086 0x000003dc 0x4062d2b3 M   sra         x5, x5, x6
196 1098 0x000003e0 0x4062d2b3 M   sra         x5, x5, x6
197 1101 0x000003e4 0x4062d2b3 M   sra         x5, x5, x6
198 1104 0x000003e8 0x4062d2b3 M   sra         x5, x5, x6
199 1107 0x000003ec 0x4062d2b3 M   sra         x5, x5, x6
200 1110 0x000003f0 0x4062d2b3 M   sra         x5, x5, x6
201 1113 0x000003f4 0x4062d2b3 M   sra         x5, x5, x6
202 1116 0x000003f8 0x4062d2b3 M   sra         x5, x5, x6
203 1119 0x000003fc 0x4062d2b3 M   sra         x5, x5, x6
204 1131 0x00000400 0x4062d2b3 M   sra         x5, x5, x6
205 1134 0x00000404 0x4062d2b3 M   sra         x5, x5, x6
206 1137 0x00000408 0x4062d2b3 M   sra         x5, x5, x6
207 1140 0x0000040c 0x4062d2b3 M   sra         x5, x5, x6
208 1143 0x00000410 0x4062d2b3 M   sra         x5, x5, x6
209 1146 0x00000414 0x4062d2b3 M   sra         x5, x5, x6
210 1149 0x00000418 0x4062d2b3 M   sra         x5, x5, x6
211 1152 0x0000041c 0x4062d2b3 M   sra         x5, x5, x6
212 1164 0x00000420 0x4062d2b3 M   sra         x5, x5, x6
213 1167 0x00000424 0x4062d2b3 M   sra         x5, x5, x6
214 1170 0x00000428 0x4062d2b3 M   sra         x5, x5, x6
215 1173 0x0000042c 0x4062d2b3 M   sra         x5, x5, x6
216 1176 0x00000430 0x4062d2b3 M   sra         x5, x5, x6
217 1179 0x00000434 0x4062d2b3 M   sra         x5, x5, x6
218 1182 0x00000438 0x4062d2b3 M   sra         x5, x5, x6
219 1185 0x0000043c 0x4062d2b3 M   sra         x5, x5, x6
220 1197 0x00000440 0x4062d2b3 M   sra         x5, x5, x6
221 1200 0x00000444 0x4062d2b3 M   sra         x5, x5, x6
222 1203 0x00000448 0x4062d2b3 M   sra         x5, x5, x6
223 1206 0x0000044c 0x4062d2b3 M   sra         x5, x5, x6
224 1209 0x00000450 0x4062d2b3 M   sra         x5, x5, x6
225 1212 0x00000454 0x4062d2b3 M   sra         x5, x5, x6
226 1215 0x00000458 0x4062d2b3 M   sra         x5, x5, x6
227 1218 0x0000045c 0x4062d2b3 M   sra         x5, x5, x6
228 1230 0x00000460 0x4062d2b3 M   sra         x5, x5, x6
229 1233 0x00000464 0x4062d2b3 M   sra         x5, x5, x6
230 1236 0x00000468 0x4062d2b3 M   sra         x5, x5, x6
231 1239 0x0000046c 0x4062d2b3 M   sra         x5, x5, x6
232 1242 0x00000470 0x4062d2b3 M   sra         x5, x5, x6
233 1245 0x00000474 0x4062d2b3 M   sra         x5, x5, x6
234 1248 0x00000478 0x4062d2b3 M   sra         x5, x5, x6
235 1251 0x0000047c 0x4062d2b3 M   sra         x5, x5, x6
236 1263 0x00000480 0x4062d2b3 M   sra         x5, x5, x6
237 1266 0x00000484 0x4062d2b3 M   sra         x5, x5, x6
238 1269 0x00000488 0x4062d2b3 M   sra         x5, x5, x6
239 1272 0x0000048c 0x4062d2b3 M   sra         x5, x5, x6
240 1275 0x00000490 0x4062d2b3 M   sra         x5, x5, x6
241 1278 0x00000494 0x4062d2b3 M   sra         x5, x5, x6
242 1281 0x00000498 0x4062d2b3 M   sra         x5, x5, x6
243 1284 0x0000049c 0x4062d2b3 M   sra         x5, x5, x6
244 1296 0x000004a0 0x4062d2b3 M   sra         x5, x5, x6
245 1299 0x000004a4 0x4062d2b3 M   sra         x5, x5, x6
246 1302 0x000004a8 0x4062d2b3 M   sra         x5, x5, x6
247 1305 0x000004ac 0x4062d2b3 M   sra         x5, x5, x6
248 1308 0x000004b0 0x4062d2b3 M   sra         x5, x5, x6
249 1311 0x000004b4 0x4062d2b3 M   sra         x5, x5, x6
250 1314 0x000004b8 0x4062d2b3 M   sra         x5, x5, x6
251 1317 0x000004bc 0x4062d2b3 M   sra         x5, x5, x6
252 1329 0x000004c0 0x4062d2b3 M   sra         x5, x5, x6
253 1332 0x000004c4 0x4062d2b3 M   sra         x5, x5, x6
254 1335 0x000004c8 0x4062d2b3 M   sra         x5, x5, x6
255 1338 0x000004cc 0x4062d2b3 M   sra         x5, x5, x6
256 1341 0x000004d0 0x4062d2b3 M   sra         x5, x5, x6
257 1344 0x000004d4 0x4062d2b3 M   sra         x5, x5, x6
258 1347 0x000004d8 0x4062d2b3 M   sra         x5, x5, x6
259 1350 0x000004dc 0x4062d2b3 M   sra         x5, x5, x6
260 1362 0x000004e0 0x4062d2b3 M   sra         x5, x5, x6
261 1365 0x000004e4 0x4062d2b3 M   sra         x5, x5, x6
262 1368 0x000004e8 0x4062d2b3 M   sra         x5, x5, x6
263 1371 0x000004ec 0x4062d2b3 M   sra         x5, x5, x6
264 1374 0x000004f0 0x4062d2b3 M   sra         x5, x5, x6
265 1377 0x000004f4 0x4062d2b3 M   sra         x5, x5, x6
266 1380 0x000004f8 0x4062d2b3 M   sra         x5, x5, x6
267 1383 0x000004fc 0x4062d2b3 M   sra         x5, x5, x6
268 1395 0x00000500 0x4062d2b3 M   sra         x5, x5, x6
269 1398 0x00000504 0x4062d2b3 M   sra         x5, x5, x6
270 1401 0x00000508 0x4062d2b3 M   sra         x5, x5, x6
271 1404 0x0000050c 0x4062d2b3 M   sra         x5, x5, x6
272 1407 0x00000510 0x4062d2b3 M   sra         x5, x5, x6
273 1410 0x00000514 0x4062d2b3 M   sra         x5, x5, x6
274 1413 0x00000518 0x4062d2b3 M   sra         x5, x5, x6
275 1416 0x0000051c 0x4062d2b3 M   sra         x5, x5, x6
276 1428 0x00000520 0x4062d2b3 M   sra         x5, x5, x6
277 1431 0x00000524 0x4062d2b3 M   sra         x5, x5, x6
278 1434 0x00000528 0x4062d2b3 M   sra         x5, x5, x6
279 1437 0x0000052c 0x4062d2b3 M   sra         x5, x5, x6
280 1440 0x00000530 0x4062d2b3 M   sra         x5, x5, x6
281 1443 0x00000534 0x4062d2b3 M   sra         x5, x5, x6
282 1446 0x00000538 0x4062d2b3 M   sra         x5, x5, x6
283 1449 0x0000053c 0x4062d2b3 M   sra         x5, x5, x6
284 1461 0x00000540 0x4062d2b3 M   sra         x5, x5, x6
285 1464 0x00000544 0x4062d2b3 M   sra         x5, x5, x6
286 1467 0x00000548 0x4062d2b3 M   sra         x5, x5, x6
287 1470 0x0000054c 0x4062d2b3 M   sra         x5, x5, x6
288 1473 0x00000550 0x4062d2b3 M   sra         x5, x5, x6
289 1476 0x00000554 0x4062d2b3 M   sra         x5, x5, x6
290 1479 0x00000558 0x4062d2b3 M   sra         x5, x5, x6
291 1482 0x0000055c 0x4062d2b3 M   sra         x5, x5, x6
292 1494 0x00000560 0x4062d2b3 M   sra         x5, x5, x6
293 1497 0x00000564 0x4062d2b3 M   sra         x5, x5, x6
294 1500 0x00000568 0x4062d2b3 M   sra         x5, x5, x6
295 1503 0x0000056c 0x4062d2b3 M   sra         x5, x5, x6
296 1506 0x00000570 0x4062d2b3 M   sra         x5, x5, x6
297 1509 0x00000574 0x4062d2b3 M   sra         x5, x5, x6
298 1512 0x00000578 0x4062d2b3 M   sra         x5, x5, x6
299 1515 0x0000057c 0x4062d2b3 M   sra         x5, x5, x6
300 1527 0x00000580 0x4062d2b3 M   sra         x5, x5, x6
301 1530 0x00000584 0x4062d2b3 M   sra         x5, x5, x6
302 1533 0x00000588 0x4062d2b3 M   sra         x5, x5, x6
303 1536 0x0000058c 0x4062d2b3 M   sra         x5, x5, x6
304 1539 0x00000590 0x4062d2b3 M   sra         x5, x5, x6
305 1542 0x00000594 0x4062d2b3 M   sra         x5, x5, x6
306 1545 0x00000598 0x4062d2b3 M   sra         x5, x5, x6
307 1548 0x0000059c 0x4062d2b3 M   sra         x5, x5, x6
308 1560 0x000005a0 0x4062d2b3 M   sra         x5, x5, x6
309 1563 0x000005a4 0x4062d2b3 M   sra         x5, x5, x6
310 1566 0x000005a8 0x4062d2b3 M   sra         x5, x5, x6
311 1569 0x000005ac 0x4062d2b3 M   sra         x5, x5, x6
312 1572 0x000005b0 0x4062d2b3 M   sra         x5, x5, x6
313 1575 0x000005b4 0x4062d2b3 M   sra         x5, x5, x6
314 1578 0x000005b8 0x4062d2b3 M   sra         x5, x5, x6
315 1581 0x000005bc 0x4062d2b3 M   sra         x5, x5, x6
316 1593 0x000005c0 0x4062d2b3 M   sra         x5, x5, x6
317 1596 0x000005c4 0x4062d2b3 M   sra         x5, x5, x6
318 1599 0x000005c8 0x4062d2b3 M   sra         x5, x5, x6
319 1602 0x000005cc 0x4062d2b3 M   sra         x5, x5, x6
320 1605 0x000005d0 0x4062d2b3 M   sra         x5, x5, x6
321 1608 0x000005d4 0x4062d2b3 M   sra         x5, x5, x6
322 1611 0x000005d8 0x4062d2b3 M   sra         x5, x5, x6
323 1614 0x000005dc 0x4062d2b3 M   sra         x5, x5, x6
324 1626 0x000005e0 0x4062d2b3 M   sra         x5, x5, x6
325 1629 0x000005e4 0x4062d2b3 M   sra         x5, x5, x6
326 1632 0x000005e8 0x4062d2b3 M   sra         x5, x5, x6
327 1635 0x000005ec 0x4062d2b3 M   sra         x5, x5, x6
328 1638 0x000005f0 0x4062d2b3 M   sra         x5, x5, x6
329 1641 0x000005f4 0x4062d2b3 M   sra         x5, x5, x6
330 1644 0x000005f8 0x4062d2b3 M   sra         x5, x5, x6
331 1647 0x000005fc 0x4062d2b3 M   sra         x5, x5, x6
332 1659 0x00000600 0x4062d2b3 M   sra         x5, x5, x6
333 1662 0x00000604 0x4062d2b3 M   sra         x5, x5, x6
334 1665 0x00000608 0x4062d2b3 M   sra         x5, x5, x6
335 1668 0x0000060c 0x4062d2b3 M   sra         x5, x5, x6
336 1671 0x00000610 0x4062d2b3 M   sra         x5, x5, x6
337 1674 0x00000614 0x4062d2b3 M   sra         x5, x5, x6
338 1677 0x00000618 0x4062d2b3 M   sra         x5, x5, x6
339 1680 0x0000061c 0x4062d2b3 M   sra         x5, x5, x6
340 1692 0x00000620 0x4062d2b3 M   sra         x5, x5, x6
341 1695 0x00000624 0x4062d2b3 M   sra         x5, x5, x6
342 1698 0x00000628 0x4062d2b3 M   sra         x5, x5, x6
343 1701 0x0000062c 0x4062d2b3 M   sra         x5, x5, x6
344 1704 0x00000630 0x4062d2b3 M   sra         x5, x5, x6
345 1707 0x00000634 0x4062d2b3 M   sra         x5, x5, x6
346 1710 0x00000638 0x4062d2b3 M   sra         x5, x5, x6
347 1713 0x0000063c 0x4062d2b3 M   sra         x5, x5, x6
348 1725 0x00000640 0x4062d2b3 M   sra         x5, x5, x6
349 1728 0x00000644 0x4062d2b3 M   sra         x5, x5, x6
350 1731 0x00000648 0x4062d2b3 M   sra         x5, x5, x6
351 1734 0x0000064c 0x4062d2b3 M   sra         x5, x5, x6
352 1737 0x00000650 0x4062d2b3 M   sra         x5, x5, x6
353 1740 0x00000654 0x4062d2b3 M   sra         x5, x5, x6
354 1743 0x00000658 0x4062d2b3 M   sra         x5, x5, x6
355 1746 0x0000065c 0x4062d2b3 M   sra         x5, x5, x6
356 1758 0x00000660 0x4062d2b3 M   sra         x5, x5, x6
357 1761 0x00000664 0x4062d2b3 M   sra         x5, x5, x6
358 1764 0x00000668 0x4062d2b3 M   sra         x5, x5, x6
359 1767 0x0000066c 0x4062d2b3 M   sra         x5, x5, x6
360 1770 0x00000670 0x4062d2b3 M   sra         x5, x5, x6
361 1773 0x00000674 0x4062d2b3 M   sra         x5, x5, x6
362 1776 0x00000678 0x4062d2b3 M   sra         x5, x5, x6
363 1779 0x0000067c 0x4062d2b3 M   sra         x5, x5, x6
364 1791 0x00000680 0x4062d2b3 M   sra         x5, x5, x6
365 1794 0x00000684 0x4062d2b3 M   sra         x5, x5, x6
366 1797 0x00000688 0x4062d2b3 M   sra         x5, x5, x6
367 1800 0x0000068c 0x4062d2b3 M   sra         x5, x5, x6
368 1803 0x00000690 0x4062d2b3 M   sra         x5, x5, x6
369 1806 0x00000694 0x4062d2b3 M   sra         x5, x5, x6
370 1809 0x00000698 0x4062d2b3 M   sra         x5, x5, x6
371 1812 0x0000069c 0x4062d2b3 M   sra         x5, x5, x6
372 1824 0x000006a0 0x4062d2b3 M   sra         x5, x5, x6
373 1827 0x000006a4 0x4062d2b3 M   sra         x5, x5, x6
374 1830 0x000006a8 0x4062d2b3 M   sra         x5, x5, x6
375 1833 0x000006ac 0x4062d2b3 M   sra         x5, x5, x6
376 1836 0x000006b0 0x4062d2b3 M   sra         x5, x5, x6
377 1839 0x000006b4 0x4062d2b3 M   sra         x5, x5, x6
378 1842 0x000006b8 0x4062d2b3 M   sra         x5, x5, x6
379 1845 0x000006bc 0x4062d2b3 M   sra         x5, x5, x6
380 1857 0x000006c0 0x4062d2b3 M   sra         x5, x5, x6
381 1860 0x000006c4 0x4062d2b3 M   sra         x5, x5, x6
382 1863 0x000006c8 0x4062d2b3 M   sra         x5, x5, x6
383 1866 0x000006cc 0x4062d2b3 M   sra         x5, x5, x6
384 1869 0x000006d0 0x4062d2b3 M   sra         x5, x5, x6
385 1872 0x000006d4 0x4062d2b3 M   sra         x5, x5, x6
386 1875 0x000006d8 0x4062d2b3 M   sra         x5, x5, x6
387 1878 0x000006dc 0x4062d2b3 M   sra         x5, x5, x6
388 1890 0x000006e0 0x4062d2b3 M   sra         x5, x5, x6
389 1893 0x000006e4 0x4062d2b3 M   sra         x5, x5, x6
390 1896 0x000006e8 0x4062d2b3 M   sra         x5, x5, x6
391 1899 0x000006ec 0x4062d2b3 M   sra         x5, x5, x6
392 1902 0x000006f0 0x4062d2b3 M   sra         x5, x5, x6
393 1905 0x000006f4 0x4062d2b3 M   sra         x5, x5, x6
394 1908 0x000006f8 0x4062d2b3 M   sra         x5, x5, x6
395 1911 0x000006fc 0x4062d2b3 M   sra         x5, x5, x6
396 1923 0x00000700 0x4062d2b3 M   sra         x5, x5, x6
397 1926 0x00000704 0x4062d2b3 M   sra         x5, x5, x6
398 1929 0x00000708 0x4062d2b3 M   sra         x5, x5, x6
399 1932 0x0000070c 0x4062d2b3 M   sra         x5, x5, x6
400 1935 0x00000710 0x4062d2b3 M   sra         x5, x5, x6
401 1938 0x00000714 0x4062d2b3 M   sra         x5, x5, x6
402 1941 0x00000718 0x4062d2b3 M   sra         x5, x5, x6
403 1944 0x0000071c 0x4062d2b3 M   sra         x5, x5, x6
404 1956 0x00000720 0x4062d2b3 M   sra         x5, x5, x6
405 1959 0x00000724 0x4062d2b3 M   sra         x5, x5, x6
406 1962 0x00000728 0x4062d2b3 M   sra         x5, x5, x6
407 1965 0x0000072c 0x4062d2b3 M   sra         x5, x5, x6
408 1968 0x00000730 0x4062d2b3 M   sra         x5, x5, x6
409 1971 0x00000734 0x4062d2b3 M   sra         x5, x5, x6
410 1974 0x00000738 0x4062d2b3 M   sra         x5, x5, x6
411 1977 0x0000073c 0x4062d2b3 M   sra         x5, x5, x6
412 1989 0x00000740 0x4062d2b3 M   sra         x5, x5, x6
413 1992 0x00000744 0x4062d2b3 M   sra         x5, x5, x6
414 1995 0x00000748 0x4062d2b3 M   sra         x5, x5, x6
415 1998 0x0000074c 0x4062d2b3 M   sra         x5, x5, x6
416 2001 0x00000750 0x4062d2b3 M   sra         x5, x5, x6
417 2004 0x00000754 0x4062d2b3 M   sra         x5, x5, x6
418 2007 0x00000758 0x4062d2b3 M   sra         x5, x5, x6
419 2010 0x0000075c 0x4062d2b3 M   sra         x5, x5, x6
420 2022 0x00000760 0x4062d2b3 M   sra         x5, x5, x6
421 2025 0x00000764 0x4062d2b3 M   sra         x5, x5, x6
422 2028 0x00000768 0x4062d2b3 M   sra         x5, x5, x6
423 2031 0x0000076c 0x4062d2b3 M   sra         x5, x5, x6
424 2034 0x00000770 0x4062d2b3 M   sra         x5, x5, x6
425 2037 0x00000774 0x4062d2b3 M   sra         x5, x5, x6
426 2040 0x00000778 0x4062d2b3 M   sra         x5, x5, x6
427 2043 0x0000077c 0x4062d2b3 M   sra         x5, x5, x6
428 2055 0x00000780 0x4062d2b3 M   sra         x5, x5, x6
429 2058 0x00000784 0x4062d2b3 M   sra         x5, x5, x6
430 2061 0x00000788 0x4062d2b3 M   sra         x5, x5, x6
431 2064 0x0000078c 0x4062d2b3 M   sra         x5, x5, x6
432 2067 0x00000790 0x4062d2b3 M   sra         x5, x5, x6
433 2070 0x00000794 0x4062d2b3 M   sra         x5, x5, x6
434 2073 0x00000798 0x4062d2b3 M   sra         x5, x5, x6
435 2076 0x0000079c 0x4062d2b3 M   sra         x5, x5, x6
436 2088 0x000007a0 0x4062d2b3 M   sra         x5, x5, x6
437 2091 0x000007a4 0x4062d2b3 M   sra         x5, x5, x6
438 2094 0x000007a8 0x4062d2b3 M   sra         x5, x5, x6
439 2097 0x000007ac 0x4062d2b3 M   sra         x5, x5, x6
440 2100 0x000007b0 0x4062d2b3 M   sra         x5, x5, x6
441 2103 0x000007b4 0x4062d2b3 M   sra         x5, x5, x6
442 2106 0x000007b8 0x4062d2b3 M   sra         x5, x5, x6
443 2109 0x000007bc 0x4062d2b3 M   sra         x5, x5, x6
444 2121 0x000007c0 0x4062d2b3 M   sra         x5, x5, x6
445 2124 0x000007c4 0x4062d2b3 M   sra         x5, x5, x6
446 2127 0x000007c8 0x4062d2b3 M   sra         x5, x5, x6
447 2130 0x000007cc 0x4062d2b3 M   sra         x5, x5, x6
448 2133 0x000007d0 0x4062d2b3 M   sra         x5, x5, x6
449 2136 0x000007d4 0x4062d2b3 M   sra         x5, x5, x6
450 2139 0x000007d8 0x4062d2b3 M   sra         x5, x5, x6
451 2142 0x000007dc 0x4062d2b3 M   sra         x5, x5, x6
452 2154 0x000007e0 0x4062d2b3 M   sra         x5, x5, x6
453 2157 0x000007e4 0x4062d2b3 M   sra         x5, x5, x6
454 2160 0x000007e8 0x4062d2b3 M   sra         x5, x5, x6
455 2163 0x000007ec 0x4062d2b3 M   sra         x5, x5, x6
456 2166 0x000007f0 0x4062d2b3 M   sra         x5, x5, x6
457 2169 0x000007f4 0x4062d2b3 M   sra         x5, x5, x6
458 2172 0x000007f8 0x4062d2b3 M   sra         x5, x5, x6
459 2175 0x000007fc 0x4062d2b3 M   sra         x5, x5, x6
460 2187 0x00000800 0x4062d2b3 M   sra         x5, x5, x6
461 2190 0x00000804 0x4062d2b3 M   sra         x5, x5, x6
462 2193 0x00000808 0x4062d2b3 M   sra         x5, x5, x6
463 2196 0x0000080c 0x4062d2b3 M   sra         x5, x5, x6
464 2199 0x00000810 0x4062d2b3 M   sra         x5, x5, x6
465 2202 0x00000814 0x4062d2b3 M   sra         x5, x5, x6
466 2205 0x00000818 0x4062d2b3 M   sra         x5, x5, x6
467 2208 0x0000081c 0x4062d2b3 M   sra         x5, x5, x6
468 2220 0x00000820 0x4062d2b3 M   sra         x5, x5, x6
469 2223 0x00000824 0x4062d2b3 M   sra         x5, x5, x6
470 2226 0x00000828 0x4062d2b3 M   sra         x5, x5, x6
471 2229 0x0000082c 0x4062d2b3 M   sra         x5, x5, x6
472 2232 0x00000830 0x4062d2b3 M   sra         x5, x5, x6
473 2235 0x00000834 0x4062d2b3 M   sra         x5, x5, x6
474 2238 0x00000838 0x4062d2b3 M   sra         x5, x5, x6
475 2241 0x0000083c 0x4062d2b3 M   sra         x5, x5, x6
476 2253 0x00000840 0x4062d2b3 M   sra         x5, x5, x6
477 2256 0x00000844 0x4062d2b3 M   sra         x5, x5, x6
478 2259 0x00000848 0x4062d2b3 M   sra         x5, x5, x6
479 2262 0x0000084c 0x4062d2b3 M   sra         x5, x5, x6
480 2265 0x00000850 0x4062d2b3 M   sra         x5, x5, x6
481 2268 0x00000854 0x4062d2b3 M   sra         x5, x5, x6
482 2271 0x00000858 0x4062d2b3 M   sra         x5, x5, x6
483 2274 0x0000085c 0x4062d2b3 M   sra         x5, x5, x6
484 2286 0x00000860 0x4062d2b3 M   sra         x5, x5, x6
485 2289 0x00000864 0x4062d2b3 M   sra         x5, x5, x6
486 2292 0x00000868 0x4062d2b3 M   sra         x5, x5, x6
487 2295 0x0000086c 0x4062d2b3 M   sra         x5, x5, x6
488 2298 0x00000870 0x4062d2b3 M   sra         x5, x5, x6
489 2301 0x00000874 0x4062d2b3 M   sra         x5, x5, x6
490 2304 0x00000878 0x4062d2b3 M   sra         x5, x5, x6
491 2307 0x0000087c 0x4062d2b3 M   sra         x5, x5, x6
492 2319 0x00000880 0x4062d2b3 M   sra         x5, x5, x6
493 2322 0x00000884 0x4062d2b3 M   sra         x5, x5, x6
494 2325 0x00000888 0x4062d2b3 M   sra         x5, x5, x6
495 2328 0x0000088c 0x4062d2b3 M   sra         x5, x5, x6
496 2331 0x00000890 0x4062d2b3 M   sra         x5, x5, x6
497 2334 0x00000894 0x4062d2b3 M   sra         x5, x5, x6
498 2337 0x00000898 0x4062d2b3 M   sra         x5, x5, x6
499 2340 0x0000089c 0x4062d2b3 M   sra         x5, x5, x6
500 2352 0x000008a0 0x4062d2b3 M   sra         x5, x5, x6
501 2355 0x000008a4 0x4062d2b3 M   sra         x5, x5, x6
502 2358 0x000008a8 0x4062d2b3 M   sra         x5, x5, x6
503 2361 0x000008ac 0x4062d2b3 M   sra         x5, x5, x6
504 2364 0x000008b0 0x4062d2b3 M   sra         x5, x5, x6
505 2367 0x000008b4 0x4062d2b3 M   sra         x5, x5, x6
506 2370 0x000008b8 0x4062d2b3 M   sra         x5, x5, x6
507 2373 0x000008bc 0x4062d2b3 M   sra         x5, x5, x6
508 2385 0x000008c0 0x4062d2b3 M   sra         x5, x5, x6
509 2388 0x000008c4 0x4062d2b3 M   sra         x5, x5, x6
510 2391 0x000008c8 0x4062d2b3 M   sra         x5, x5, x6
511 2394 0x000008cc 0x4062d2b3 M   sra         x5, x5, x6
512 2397 0x000008d0 0x4062d2b3 M   sra         x5, x5, x6
513 2400 0x000008d4 0x4062d2b3 M   sra         x5, x5, x6
514 2403 0x000008d8 0x4062d2b3 M   sra         x5, x5, x6
515 2406 0x000008dc 0x4062d2b3 M   sra         x5, x5, x6
516 2418 0x000008e0 0x4062d2b3 M   sra         x5, x5, x6
517 2421 0x000008e4 0x4062d2b3 M   sra         x5, x5, x6
518 2424 0x000008e8 0x4062d2b3 M   sra         x5, x5, x6
519 2427 0x000008ec 0x4062d2b3 M   sra         x5, x5, x6
520 2430 0x000008f0 0x4062d2b3 M   sra         x5, x5, x6
521 2433 0x000008f4 0x4062d2b3 M   sra         x5, x5, x6
522 2436 0x000008f8 0x4062d2b3 M   sra         x5, x5, x6
523 2439 0x000008fc 0x4062d2b3 M   sra         x5, x5, x6
524 2451 0x00000900 0x4062d2b3 M   sra         x5, x5, x6
525 2454 0x00000904 0x4062d2b3 M   sra         x5, x5, x6
526 2457 0x00000908 0x4062d2b3 M   sra         x5, x5, x6
527 2460 0x0000090c 0x4062d2b3 M   sra         x5, x5, x6
528 2463 0x00000910 0x4062d2b3 M   sra         x5, x5, x6
529 2466 0x00000914 0x4062d2b3 M   sra         x5, x5, x6
530 2469 0x00000918 0x4062d2b3 M   sra         x5, x5, x6
531 2472 0x0000091c 0x4062d2b3 M   sra         x5, x5, x6
532 2484 0x00000920 0x4062d2b3 M   sra         x5, x5, x6
533 2487 0x00000924 0x4062d2b3 M   sra         x5, x5, x6
534 2490 0x00000928 0x4062d2b3 M   sra         x5, x5, x6
535 2493 0x0000092c 0x4062d2b3 M   sra         x5, x5, x6
536 2496 0x00000930 0x4062d2b3 M   sra         x5, x5, x6
537 2499 0x00000934 0x4062d2b3 M   sra         x5, x5, x6
538 2502 0x00000938 0x4062d2b3 M   sra         x5, x5, x6
539 2505 0x0000093c 0x4062d2b3 M   sra         x5, x5, x6
540 2517 0x00000940 0x4062d2b3 M   sra         x5, x5, x6
541 2520 0x00000944 0x4062d2b3 M   sra         x5, x5, x6
542 2523 0x00000948 0x4062d2b3 M   sra         x5, x5, x6
543 2526 0x0000094c 0x4062d2b3 M   sra         x5, x5, x6
544 2529 0x00000950 0x4062d2b3 M   sra         x5, x5, x6
545 2532 0x00000954 0x4062d2b3 M   sra         x5, x5, x6
546 2535 0x00000958 0x4062d2b3 M   sra         x5, x5, x6
547 2538 0x0000095c 0x4062d2b3 M   sra         x5, x5, x6
548 2550 0x00000960 0x4062d2b3 M   sra         x5, x5, x6
549 2553 0x00000964 0x4062d2b3 M   sra         x5, x5, x6
550 2556 0x00000968 0x4062d2b3 M   sra         x5, x5, x6
551 2559 0x0000096c 0x4062d2b3 M   sra         x5, x5, x6
552 2562 0x00000970 0x4062d2b3 M   sra         x5, x5, x6
553 2565 0x00000974 0x4062d2b3 M   sra         x5, x5, x6
554 2568 0x00000978 0x4062d2b3 M   sra         x5, x5, x6
555 2571 0x0000097c 0x4062d2b3 M   sra         x5, x5, x6
556 2583 0x00000980 0x4062d2b3 M   sra         x5, x5, x6
557 2586 0x00000984 0x4062d2b3 M   sra         x5, x5, x6
558 2589 0x00000988 0x4062d2b3 M   sra         x5, x5, x6
559 2592 0x0000098c 0x4062d2b3 M   sra         x5, x5, x6
560 2595 0x00000990 0x4062d2b3 M   sra         x5, x5, x6
561 2598 0x00000994 0x4062d2b3 M   sra         x5, x5, x6
562 2601 0x00000998 0x4062d2b3 M   sra         x5, x5, x6
563 2604 0x0000099c 0x4062d2b3 M   sra         x5, x5, x6
564 2616 0x000009a0 0x4062d2b3 M   sra         x5, x5, x6
565 2619 0x000009a4 0x4062d2b3 M   sra         x5, x5, x6
566 2622 0x000009a8 0x4062d2b3 M   sra         x5, x5, x6
567 2625 0x000009ac 0x4062d2b3 M   sra         x5, x5, x6
568 2628 0x000009b0 0x4062d2b3 M   sra         x5, x5, x6
569 2631 0x000009b4 0x4062d2b3 M   sra         x5, x5, x6
570 2634 0x000009b8 0x4062d2b3 M   sra         x5, x5, x6
571 2637 0x000009bc 0x4062d2b3 M   sra         x5, x5, x6
572 2649 0x000009c0 0x4062d2b3 M   sra         x5, x5, x6
573 2652 0x000009c4 0x4062d2b3 M   sra         x5, x5, x6
574 2655 0x000009c8 0x4062d2b3 M   sra         x5, x5, x6
575 2658 0x000009cc 0x4062d2b3 M   sra         x5, x5, x6
576 2661 0x000009d0 0x4062d2b3 M   sra         x5, x5, x6
577 2664 0x000009d4 0x4062d2b3 M   sra         x5, x5, x6
578 2667 0x000009d8 0x4062d2b3 M   sra         x5, x5, x6
579 2670 0x000009dc 0x4062d2b3 M   sra         x5, x5, x6
580 2682 0x000009e0 0x4062d2b3 M   sra         x5, x5, x6
581 2685 0x000009e4 0x4062d2b3 M   sra         x5, x5, x6
582 2688 0x000009e8 0x4062d2b3 M   sra         x5, x5, x6
583 2691 0x000009ec 0x4062d2b3 M   sra         x5, x5, x6
584 2694 0x000009f0 0x4062d2b3 M   sra         x5, x5, x6
585 2697 0x000009f4 0x4062d2b3 M   sra         x5, x5, x6
586 2700 0x000009f8 0x4062d2b3 M   sra         x5, x5, x6
587 2703 0x000009fc 0x4062d2b3 M   sra         x5, x5, x6
588 2715 0x00000a00 0x4062d2b3 M   sra         x5, x5, x6
589 2718 0x00000a04 0x4062d2b3 M   sra         x5, x5, x6
590 2721 0x00000a08 0x4062d2b3 M   sra         x5, x5, x6
591 2724 0x00000a0c 0x4062d2b3 M   sra         x5, x5, x6
592 2727 0x00000a10 0x4062d2b3 M   sra         x5, x5, x6
593 2730 0x00000a14 0x4062d2b3 M   sra         x5, x5, x6
594 2733 0x00000a18 0x4062d2b3 M   sra         x5, x5, x6
595 2736 0x00000a1c 0x4062d2b3 M   sra         x5, x5, x6
596 2748 0x00000a20 0x4062d2b3 M   sra         x5, x5, x6
597 2751 0x00000a24 0x4062d2b3 M   sra         x5, x5, x6
598 2754 0x00000a28 0x4062d2b3 M   sra         x5, x5, x6
599 2757 0x00000a2c 0x4062d2b3 M   sra         x5, x5, x6
600 2760 0x00000a30 0x4062d2b3 M   sra         x5, x5, x6
601 2763 0x00000a34 0x4062d2b3 M   sra         x5, x5, x6
602 2766 0x00000a38 0x4062d2b3 M   sra         x5, x5, x6
603 2769 0x00000a3c 0x4062d2b3 M   sra         x5, x5, x6
604 2781 0x00000a40 0x4062d2b3 M   sra         x5, x5, x6
605 2784 0x00000a44 0x4062d2b3 M   sra         x5, x5, x6
606 2787 0x00000a48 0x4062d2b3 M   sra         x5, x5, x6
607 2790 0x00000a4c 0x4062d2b3 M   sra         x5, x5, x6
608 2793 0x00000a50 0x4062d2b3 M   sra         x5, x5, x6
609 2796 0x00000a54 0x4062d2b3 M   sra         x5, x5, x6
610 2799 0x00000a58 0x4062d2b3 M   sra         x5, x5, x6
611 2802 0x00000a5c 0x4062d2b3 M   sra         x5, x5, x6
612 2814 0x00000a60 0x4062d2b3 M   sra         x5, x5, x6
613 2817 0x00000a64 0x4062d2b3 M   sra         x5, x5, x6
614 2820 0x00000a68 0x4062d2b3 M   sra         x5, x5, x6
615 2823 0x00000a6c 0x4062d2b3 M   sra         x5, x5, x6
616 2826 0x00000a70 0x4062d2b3 M   sra         x5, x5, x6
617 2829 0x00000a74 0x4062d2b3 M   sra         x5, x5, x6
618 2832 0x00000a78 0x4062d2b3 M   sra         x5, x5, x6
619 2835 0x00000a7c 0x4062d2b3 M   sra         x5, x5, x6
620 2847 0x00000a80 0x4062d2b3 M   sra         x5, x5, x6
621 2850 0x00000a84 0x4062d2b3 M   sra         x5, x5, x6
622 2853 0x00000a88 0x4062d2b3 M   sra         x5, x5, x6
623 2856 0x00000a8c 0x4062d2b3 M   sra         x5, x5, x6
624 2859 0x00000a90 0x4062d2b3 M   sra         x5, x5, x6
625 2862 0x00000a94 0x4062d2b3 M   sra         x5, x5, x6
626 2865 0x00000a98 0x4062d2b3 M   sra         x5, x5, x6
627 2868 0x00000a9c 0x4062d2b3 M   sra         x5, x5, x6
628 2880 0x00000aa0 0x4062d2b3 M   sra         x5, x5, x6
629 2883 0x00000aa4 0x4062d2b3 M   sra         x5, x5, x6
630 2886 0x00000aa8 0x4062d2b3 M   sra         x5, x5, x6
631 2889 0x00000aac 0x4062d2b3 M   sra         x5, x5, x6
632 2892 0x00000ab0 0x4062d2b3 M   sra         x5, x5, x6
633 2895 0x00000ab4 0x4062d2b3 M   sra         x5, x5, x6
634 2898 0x00000ab8 0x4062d2b3 M   sra         x5, x5, x6
635 2901 0x00000abc 0x4062d2b3 M   sra         x5, x5, x6
636 2913 0x00000ac0 0x4062d2b3 M   sra         x5, x5, x6
637 2916 0x00000ac4 0x4062d2b3 M   sra         x5, x5, x6
638 2919 0x00000ac8 0x4062d2b3 M   sra         x5, x5, x6
639 2922 0x00000acc 0x4062d2b3 M   sra         x5, x5, x6
640 2925 0x00000ad0 0x4062d2b3 M   sra         x5, x5, x6
641 2928 0x00000ad4 0x4062d2b3 M   sra         x5, x5, x6
642 2931 0x00000ad8 0x4062d2b3 M   sra         x5, x5, x6
643 2934 0x00000adc 0x4062d2b3 M   sra         x5, x5, x6
644 2946 0x00000ae0 0x4062d2b3 M   sra         x5, x5, x6
645 2949 0x00000ae4 0x4062d2b3 M   sra         x5, x5, x6
646 2952 0x00000ae8 0x4062d2b3 M   sra         x5, x5, x6
647 2955 0x00000aec 0x4062d2b3 M   sra         x5, x5, x6
648 2958 0x00000af0 0x4062d2b3 M   sra         x5, x5, x6
649 2961 0x00000af4 0x4062d2b3 M   sra         x5, x5, x6
650 2964 0x00000af8 0x4062d2b3 M   sra         x5, x5, x6
651 2967 0x00000afc 0x4062d2b3 M   sra         x5, x5, x6
652 2979 0x00000b00 0x4062d2b3 M   sra         x5, x5, x6
653 2982 0x00000b04 0x4062d2b3 M   sra         x5, x5, x6
654 2985 0x00000b08 0x4062d2b3 M   sra         x5, x5, x6
655 2988 0x00000b0c 0x4062d2b3 M   sra         x5, x5, x6
656 2991 0x00000b10 0x4062d2b3 M   sra         x5, x5, x6
657 2994 0x00000b14 0x4062d2b3 M   sra         x5, x5, x6
658 2997 0x00000b18 0x4062d2b3 M   sra         x5, x5, x6
659 3000 0x00000b1c 0x4062d2b3 M   sra         x5, x5, x6
660 3012 0x00000b20 0x4062d2b3 M   sra         x5, x5, x6
661 3015 0x00000b24 0x4062d2b3 M   sra         x5, x5, x6
662 3018 0x00000b28 0x4062d2b3 M   sra         x5, x5, x6
663 3021 0x00000b2c 0x4062d2b3 M   sra         x5, x5, x6
664 3024 0x00000b30 0x4062d2b3 M   sra         x5, x5, x6
665 3027 0x00000b34 0x4062d2b3 M   sra         x5, x5, x6
666 3030 0x00000b38 0x4062d2b3 M   sra         x5, x5, x6
667 3033 0x00000b3c 0x4062d2b3 M   sra         x5, x5, x6
668 3045 0x00000b40 0x4062d2b3 M   sra         x5, x5, x6
669 3048 0x00000b44 0x4062d2b3 M   sra         x5, x5, x6
670 3051 0x00000b48 0x4062d2b3 M   sra         x5, x5, x6
671 3054 0x00000b4c 0x4062d2b3 M   sra         x5, x5, x6
672 3057 0x00000b50 0x4062d2b3 M   sra         x5, x5, x6
673 3060 0x00000b54 0x4062d2b3 M   sra         x5, x5, x6
674 3063 0x00000b58 0x4062d2b3 M   sra         x5, x5, x6
675 3066 0x00000b5c 0x4062d2b3 M   sra         x5, x5, x6
676 3078 0x00000b60 0x4062d2b3 M   sra         x5, x5, x6
677 3081 0x00000b64 0x4062d2b3 M   sra         x5, x5, x6
678 3084 0x00000b68 0x4062d2b3 M   sra         x5, x5, x6
679 3087 0x00000b6c 0x4062d2b3 M   sra         x5, x5, x6
680 3090 0x00000b70 0x4062d2b3 M   sra         x5, x5, x6
681 3093 0x00000b74 0x4062d2b3 M   sra         x5, x5, x6
682 3096 0x00000b78 0x4062d2b3 M   sra         x5, x5, x6
683 3099 0x00000b7c 0x4062d2b3 M   sra         x5, x5, x6
684 3111 0x00000b80 0x4062d2b3 M   sra         x5, x5, x6
685 3114 0x00000b84 0x4062d2b3 M   sra         x5, x5, x6
686 3117 0x00000b88 0x4062d2b3 M   sra         x5, x5, x6
687 3120 0x00000b8c 0x4062d2b3 M   sra         x5, x5, x6
688 3123 0x00000b90 0x4062d2b3 M   sra         x5, x5, x6
689 3126 0x00000b94 0x4062d2b3 M   sra         x5, x5, x6
690 3129 0x00000b98 0x4062d2b3 M   sra         x5, x5, x6
691 3132 0x00000b9c 0x4062d2b3 M   sra         x5, x5, x6
692 3144 0x00000ba0 0x4062d2b3 M   sra         x5, x5, x6
693 3147 0x00000ba4 0x4062d2b3 M   sra         x5, x5, x6
694 3150 0x00000ba8 0x4062d2b3 M   sra         x5, x5, x6
695 3153 0x00000bac 0x4062d2b3 M   sra         x5, x5, x6
696 3156 0x00000bb0 0x4062d2b3 M   sra         x5, x5, x6
697 3159 0x00000bb4 0x4062d2b3 M   sra         x5, x5, x6
698 3162 0x00000bb8 0x4062d2b3 M   sra         x5, x5, x6
699 3165 0x00000bbc 0x4062d2b3 M   sra         x5, x5, x6
700 3177 0x00000bc0 0x4062d2b3 M   sra         x5, x5, x6
701 3180 0x00000bc4 0x4062d2b3 M   sra         x5, x5, x6
702 3183 0x00000bc8 0x4062d2b3 M   sra         x5, x5, x6
703 3186 0x00000bcc 0x4062d2b3 M   sra         x5, x5, x6
704 3189 0x00000bd0 0x4062d2b3 M   sra         x5, x5, x6
705 3192 0x00000bd4 0x4062d2b3 M   sra         x5, x5, x6
706 3195 0x00000bd8 0x4062d2b3 M   sra         x5, x5, x6
707 3198 0x00000bdc 0x4062d2b3 M   sra         x5, x5, x6
708 3210 0x00000be0 0x4062d2b3 M   sra         x5, x5, x6
709 3213 0x00000be4 0x4062d2b3 M   sra         x5, x5, x6
710 3216 0x00000be8 0x4062d2b3 M   sra         x5, x5, x6
711 3219 0x00000bec 0x4062d2b3 M   sra         x5, x5, x6
712 3222 0x00000bf0 0x4062d2b3 M   sra         x5, x5, x6
713 3225 0x00000bf4 0x4062d2b3 M   sra         x5, x5, x6
714 3228 0x00000bf8 0x4062d2b3 M   sra         x5, x5, x6
715 3231 0x00000bfc 0x4062d2b3 M   sra         x5, x5, x6
716 3243 0x00000c00 0x4062d2b3 M   sra         x5, x5, x6
717 3246 0x00000c04 0x4062d2b3 M   sra         x5, x5, x6
718 3249 0x00000c08 0x4062d2b3 M   sra         x5, x5, x6
719 3252 0x00000c0c 0x4062d2b3 M   sra         x5, x5, x6
720 3255 0x00000c10 0x4062d2b3 M   sra         x5, x5, x6
721 3258 0x00000c14 0x4062d2b3 M   sra         x5, x5, x6
722 3261 0x00000c18 0x4062d2b3 M   sra         x5, x5, x6
723 3264 0x00000c1c 0x4062d2b3 M   sra         x5, x5, x6
724 3276 0x00000c20 0x4062d2b3 M   sra         x5, x5, x6
725 3279 0x00000c24 0x4062d2b3 M   sra         x5, x5, x6
726 3282 0x00000c28 0x4062d2b3 M   sra         x5, x5, x6
727 3285 0x00000c2c 0x4062d2b3 M   sra         x5, x5, x6
728 3288 0x00000c30 0x4062d2b3 M   sra         x5, x5, x6
729 3291 0x00000c34 0x4062d2b3 M   sra         x5, x5, x6
730 3294 0x00000c38 0x4062d2b3 M   sra         x5, x5, x6
731 3297 0x00000c3c 0x4062d2b3 M   sra         x5, x5, x6
732 3309 0x00000c40 0x4062d2b3 M   sra         x5, x5, x6
733 3312 0x00000c44 0x4062d2b3 M   sra         x5, x5, x6
734 3315 0x00000c48 0x4062d2b3 M   sra         x5, x5, x6
735 3318 0x00000c4c 0x4062d2b3 M   sra         x5, x5, x6
736 3321 0x00000c50 0x4062d2b3 M   sra         x5, x5, x6
737 3324 0x00000c54 0x4062d2b3 M   sra         x5, x5, x6
738 3327 0x00000c58 0x4062d2b3 M   sra         x5, x5, x6
739 3330 0x00000c5c 0x4062d2b3 M   sra         x5, x5, x6
740 3342 0x00000c60 0x4062d2b3 M   sra         x5, x5, x6
741 3345 0x00000c64 0x4062d2b3 M   sra         x5, x5, x6
742 3348 0x00000c68 0x4062d2b3 M   sra         x5, x5, x6
743 3351 0x00000c6c 0x4062d2b3 M   sra         x5, x5, x6
744 3354 0x00000c70 0x4062d2b3 M   sra         x5, x5, x6
745 3357 0x00000c74 0x4062d2b3 M   sra         x5, x5, x6
746 3360 0x00000c78 0x4062d2b3 M   sra         x5, x5, x6
747 3363 0x00000c7c 0x4062d2b3 M   sra         x5, x5, x6
748 3375 0x00000c80 0x4062d2b3 M   sra         x5, x5, x6
749 3378 0x00000c84 0x4062d2b3 M   sra         x5, x5, x6
750 3381 0x00000c88 0x4062d2b3 M   sra         x5, x5, x6
751 3384 0x00000c8c 0x4062d2b3 M   sra         x5, x5, x6
752 3387 0x00000c90 0x4062d2b3 M   sra         x5, x5, x6
753 3390 0x00000c94 0x4062d2b3 M   sra         x5, x5, x6
754 3393 0x00000c98 0x4062d2b3 M   sra         x5, x5, x6
755 3396 0x00000c9c 0x4062d2b3 M   sra         x5, x5, x6
756 3408 0x00000ca0 0x4062d2b3 M   sra         x5, x5, x6
757 3411 0x00000ca4 0x4062d2b3 M   sra         x5, x5, x6
758 3414 0x00000ca8 0x4062d2b3 M   sra         x5, x5, x6
759 3417 0x00000cac 0x4062d2b3 M   sra         x5, x5, x6
760 3420 0x00000cb0 0x4062d2b3 M   sra         x5, x5, x6
761 3423 0x00000cb4 0x4062d2b3 M   sra         x5, x5, x6
762 3426 0x00000cb8 0x4062d2b3 M   sra         x5, x5, x6
763 3429 0x00000cbc 0x4062d2b3 M   sra         x5, x5, x6
764 3441 0x00000cc0 0x4062d2b3 M   sra         x5, x5, x6
765 3444 0x00000cc4 0x4062d2b3 M   sra         x5, x5, x6
766 3447 0x00000cc8 0x4062d2b3 M   sra         x5, x5, x6
767 3450 0x00000ccc 0x4062d2b3 M   sra         x5, x5, x6
768 3453 0x00000cd0 0x4062d2b3 M   sra         x5, x5, x6
769 3456 0x00000cd4 0x4062d2b3 M   sra         x5, x5, x6
770 3459 0x00000cd8 0x4062d2b3 M   sra         x5, x5, x6
771 3462 0x00000cdc 0x4062d2b3 M   sra         x5, x5, x6
772 3474 0x00000ce0 0x4062d2b3 M   sra         x5, x5, x6
773 3477 0x00000ce4 0x4062d2b3 M   sra         x5, x5, x6
774 3480 0x00000ce8 0x4062d2b3 M   sra         x5, x5, x6
775 3483 0x00000cec 0x4062d2b3 M   sra         x5, x5, x6
776 3486 0x00000cf0 0x4062d2b3 M   sra         x5, x5, x6
777 3489 0x00000cf4 0x4062d2b3 M   sra         x5, x5, x6
778 3492 0x00000cf8 0x4062d2b3 M   sra         x5, x5, x6
779 3495 0x00000cfc 0x4062d2b3 M   sra         x5, x5, x6
780 3507 0x00000d00 0x4062d2b3 M   sra         x5, x5, x6
781 3510 0x00000d04 0x4062d2b3 M   sra         x5, x5, x6
782 3513 0x00000d08 0x4062d2b3 M   sra         x5, x5, x6
783 3516 0x00000d0c 0x4062d2b3 M   sra         x5, x5, x6
784 3519 0x00000d10 0x4062d2b3 M   sra         x5, x5, x6
785 3522 0x00000d14 0x4062d2b3 M   sra         x5, x5, x6
786 3525 0x00000d18 0x4062d2b3 M   sra         x5, x5, x6
787 3528 0x00000d1c 0x4062d2b3 M   sra         x5, x5, x6
788 3540 0x00000d20 0x4062d2b3 M   sra         x5, x5, x6
789 3543 0x00000d24 0x4062d2b3 M   sra         x5, x5, x6
790 3546 0x00000d28 0x4062d2b3 M   sra         x5, x5, x6
791 3549 0x00000d2c 0x4062d2b3 M   sra         x5, x5, x6
792 3552 0x00000d30 0x4062d2b3 M   sra         x5, x5, x6
793 3555 0x00000d34 0x4062d2b3 M   sra         x5, x5, x6
794 3558 0x00000d38 0x4062d2b3 M   sra         x5, x5, x6
795 3561 0x00000d3c 0x4062d2b3 M   sra         x5, x5, x6
796 3573 0x00000d40 0x4062d2b3 M   sra         x5, x5, x6
797 3576 0x00000d44 0x4062d2b3 M   sra         x5, x5, x6
798 3579 0x00000d48 0x4062d2b3 M   sra         x5, x5, x6
799 3582 0x00000d4c 0x4062d2b3 M   sra         x5, x5, x6
800 3585 0x00000d50 0x4062d2b3 M   sra         x5, x5, x6
801 3588 0x00000d54 0x4062d2b3 M   sra         x5, x5, x6
802 3591 0x00000d58 0x4062d2b3 M   sra         x5, x5, x6
803 3594 0x00000d5c 0x4062d2b3 M   sra         x5, x5, x6
804 3606 0x00000d60 0x4062d2b3 M   sra         x5, x5, x6
805 3609 0x00000d64 0x4062d2b3 M   sra         x5, x5, x6
806 3612 0x00000d68 0x4062d2b3 M   sra         x5, x5, x6
807 3615 0x00000d6c 0x4062d2b3 M   sra         x5, x5, x6
808 3618 0x00000d70 0x4062d2b3 M   sra         x5, x5, x6
809 3621 0x00000d74 0x4062d2b3 M   sra         x5, x5, x6
810 3624 0x00000d78 0x4062d2b3 M   sra         x5, x5, x6
811 3627 0x00000d7c 0x4062d2b3 M   sra         x5, x5, x6
812 3639 0x00000d80 0x4062d2b3 M   sra         x5, x5, x6
813 3642 0x00000d84 0x4062d2b3 M   sra         x5, x5, x6
814 3645 0x00000d88 0x4062d2b3 M   sra         x5, x5, x6
815 3648 0x00000d8c 0x4062d2b3 M   sra         x5, x5, x6
816 3651 0x00000d90 0x4062d2b3 M   sra         x5, x5, x6
817 3654 0x00000d94 0x4062d2b3 M   sra         x5, x5, x6
818 3657 0x00000d98 0x4062d2b3 M   sra         x5, x5, x6
819 3660 0x00000d9c 0x4062d2b3 M   sra         x5, x5, x6
820 3672 0x00000da0 0x4062d2b3 M   sra         x5, x5, x6
821 3675 0x00000da4 0x4062d2b3 M   sra         x5, x5, x6
822 3678 0x00000da8 0x4062d2b3 M   sra         x5, x5, x6
823 3681 0x00000dac 0x4062d2b3 M   sra         x5, x5, x6
824 3684 0x00000db0 0x4062d2b3 M   sra         x5, x5, x6
825 3687 0x00000db4 0x4062d2b3 M   sra         x5, x5, x6
826 3690 0x00000db8 0x4062d2b3 M   sra         x5, x5, x6
827 3693 0x00000dbc 0x4062d2b3 M   sra         x5, x5, x6
828 3705 0x00000dc0 0x4062d2b3 M   sra         x5, x5, x6
829 3708 0x00000dc4 0x4062d2b3 M   sra         x5, x5, x6
830 3711 0x00000dc8 0x4062d2b3 M   sra         x5, x5, x6
831 3714 0x00000dcc 0x4062d2b3 M   sra         x5, x5, x6
832 3717 0x00000dd0 0x4062d2b3 M   sra         x5, x5, x6
833 3720 0x00000dd4 0x4062d2b3 M   sra         x5, x5, x6
834 3723 0x00000dd8 0x4062d2b3 M   sra         x5, x5, x6
835 3726 0x00000ddc 0x4062d2b3 M   sra         x5, x5, x6
836 3738 0x00000de0 0x4062d2b3 M   sra         x5, x5, x6
837 3741 0x00000de4 0x4062d2b3 M   sra         x5, x5, x6
838 3744 0x00000de8 0x4062d2b3 M   sra         x5, x5, x6
839 3747 0x00000dec 0x4062d2b3 M   sra         x5, x5, x6
840 3750 0x00000df0 0x4062d2b3 M   sra         x5, x5, x6
841 3753 0x00000df4 0x4062d2b3 M   sra         x5, x5, x6
842 3756 0x00000df8 0x4062d2b3 M   sra         x5, x5, x6
843 3759 0x00000dfc 0x4062d2b3 M   sra         x5, x5, x6
844 3771 0x00000e00 0x4062d2b3 M   sra         x5, x5, x6
845 3774 0x00000e04 0x4062d2b3 M   sra         x5, x5, x6
846 3777 0x00000e08 0x4062d2b3 M   sra         x5, x5, x6
847 3780 0x00000e0c 0x4062d2b3 M   sra         x5, x5, x6
848 3783 0x00000e10 0x4062d2b3 M   sra         x5, x5, x6
849 3786 0x00000e14 0x4062d2b3 M   sra         x5, x5, x6
850 3789 0x00000e18 0x4062d2b3 M   sra         x5, x5, x6
851 3792 0x00000e1c 0x4062d2b3 M   sra         x5, x5, x6
852 3804 0x00000e20 0x4062d2b3 M   sra         x5, x5, x6
853 3807 0x00000e24 0x4062d2b3 M   sra         x5, x5, x6
854 3810 0x00000e28 0x4062d2b3 M   sra         x5, x5, x6
855 3813 0x00000e2c 0x4062d2b3 M   sra         x5, x5, x6
856 3816 0x00000e30 0x4062d2b3 M   sra         x5, x5, x6
857 3819 0x00000e34 0x4062d2b3 M   sra         x5, x5, x6
858 3822 0x00000e38 0x4062d2b3 M   sra         x5, x5, x6
859 3825 0x00000e3c 0x4062d2b3 M   sra         x5, x5, x6
860 3837 0x00000e40 0x4062d2b3 M   sra         x5, x5, x6
861 3840 0x00000e44 0x4062d2b3 M   sra         x5, x5, x6
862 3843 0x00000e48 0x4062d2b3 M   sra         x5, x5, x6
863 3846 0x00000e4c 0x4062d2b3 M   sra         x5, x5, x6
864 3849 0x00000e50 0x4062d2b3 M   sra         x5, x5, x6
865 3852 0x00000e54 0x4062d2b3 M   sra         x5, x5, x6
866 3855 0x00000e58 0x4062d2b3 M   sra         x5, x5, x6
867 3858 0x00000e5c 0x4062d2b3 M   sra         x5, x5, x6
868 3870 0x00000e60 0x4062d2b3 M   sra         x5, x5, x6
869 3873 0x00000e64 0x4062d2b3 M   sra         x5, x5, x6
870 3876 0x00000e68 0x4062d2b3 M   sra         x5, x5, x6
871 3879 0x00000e6c 0x4062d2b3 M   sra         x5, x5, x6
872 3882 0x00000e70 0x4062d2b3 M   sra         x5, x5, x6
873 3885 0x00000e74 0x4062d2b3 M   sra         x5, x5, x6
874 3888 0x00000e78 0x4062d2b3 M   sra         x5, x5, x6
875 3891 0x00000e7c 0x4062d2b3 M   sra         x5, x5, x6
876 3903 0x00000e80 0x4062d2b3 M   sra         x5, x5, x6
877 3906 0x00000e84 0x4062d2b3 M   sra         x5, x5, x6
878 3909 0x00000e88 0x4062d2b3 M   sra         x5, x5, x6
879 3912 0x00000e8c 0x4062d2b3 M   sra         x5, x5, x6
880 3915 0x00000e90 0x4062d2b3 M   sra         x5, x5, x6
881 3918 0x00000e94 0x4062d2b3 M   sra         x5, x5, x6
882 3921 0x00000e98 0x4062d2b3 M   sra         x5, x5, x6
883 3924 0x00000e9c 0x4062d2b3 M   sra         x5, x5, x6
884 3936 0x00000ea0 0x4062d2b3 M   sra         x5, x5, x6
885 3939 0x00000ea4 0x4062d2b3 M   sra         x5, x5, x6
886 3942 0x00000ea8 0x4062d2b3 M   sra         x5, x5, x6
887 3945 0x00000eac 0x4062d2b3 M   sra         x5, x5, x6
888 3948 0x00000eb0 0x4062d2b3 M   sra         x5, x5, x6
889 3951 0x00000eb4 0x4062d2b3 M   sra         x5, x5, x6
890 3954 0x00000eb8 0x4062d2b3 M   sra         x5, x5, x6
891 3957 0x00000ebc 0x4062d2b3 M   sra         x5, x5, x6
892 3969 0x00000ec0 0x4062d2b3 M   sra         x5, x5, x6
893 3972 0x00000ec4 0x4062d2b3 M   sra         x5, x5, x6
894 3975 0x00000ec8 0x4062d2b3 M   sra         x5, x5, x6
895 3978 0x00000ecc 0x4062d2b3 M   sra         x5, x5, x6
896 3981 0x00000ed0 0x4062d2b3 M   sra         x5, x5, x6
897 3984 0x00000ed4 0x4062d2b3 M   sra         x5, x5, x6
898 3987 0x00000ed8 0x4062d2b3 M   sra         x5, x5, x6
899 3990 0x00000edc 0x4062d2b3 M   sra         x5, x5, x6
900 4002 0x00000ee0 0x4062d2b3 M   sra         x5, x5, x6
901 4005 0x00000ee4 0x4062d2b3 M   sra         x5, x5, x6
902 4008 0x00000ee8 0x4062d2b3 M   sra         x5, x5, x6
903 4011 0x00000eec 0x4062d2b3 M   sra         x5, x5, x6
904 4014 0x00000ef0 0x4062d2b3 M   sra         x5, x5, x6
905 4017 0x00000ef4 0x4062d2b3 M   sra         x5, x5, x6
906 4020 0x00000ef8 0x4062d2b3 M   sra         x5, x5, x6
907 4023 0x00000efc 0x4062d2b3 M   sra         x5, x5, x6
908 4035 0x00000f00 0x4062d2b3 M   sra         x5, x5, x6
909 4038 0x00000f04 0x4062d2b3 M   sra         x5, x5, x6
910 4041 0x00000f08 0x4062d2b3 M   sra         x5, x5, x6
911 4044 0x00000f0c 0x4062d2b3 M   sra         x5, x5, x6
912 4047 0x00000f10 0x4062d2b3 M   sra         x5, x5, x6
913 4050 0x00000f14 0x4062d2b3 M   sra         x5, x5, x6
914 4053 0x00000f18 0x4062d2b3 M   sra         x5, x5, x6
915 4056 0x00000f1c 0x4062d2b3 M   sra         x5, x5, x6
916 4068 0x00000f20 0x4062d2b3 M   sra         x5, x5, x6
917 4071 0x00000f24 0x4062d2b3 M   sra         x5, x5, x6
918 4074 0x00000f28 0x4062d2b3 M   sra         x5, x5, x6
919 4077 0x00000f2c 0x4062d2b3 M   sra         x5, x5, x6
920 4080 0x00000f30 0x4062d2b3 M   sra         x5, x5, x6
921 4083 0x00000f34 0x4062d2b3 M   sra         x5, x5, x6
922 4086 0x00000f38 0x4062d2b3 M   sra         x5, x5, x6
923 4089 0x00000f3c 0x4062d2b3 M   sra         x5, x5, x6
924 4101 0x00000f40 0x4062d2b3 M   sra         x5, x5, x6
925 4104 0x00000f44 0x4062d2b3 M   sra         x5, x5, x6
926 4107 0x00000f48 0x4062d2b3 M   sra         x5, x5, x6
927 4110 0x00000f4c 0x4062d2b3 M   sra         x5, x5, x6
928 4113 0x00000f50 0x4062d2b3 M   sra         x5, x5, x6
929 4116 0x00000f54 0x4062d2b3 M   sra         x5, x5, x6
930 4119 0x00000f58 0x4062d2b3 M   sra         x5, x5, x6
931 4122 0x00000f5c 0x4062d2b3 M   sra         x5, x5, x6
932 4134 0x00000f60 0x4062d2b3 M   sra         x5, x5, x6
933 4137 0x00000f64 0x4062d2b3 M   sra         x5, x5, x6
934 4140 0x00000f68 0x4062d2b3 M   sra         x5, x5, x6
935 4143 0x00000f6c 0x4062d2b3 M   sra         x5, x5, x6
936 4146 0x00000f70 0x4062d2b3 M   sra         x5, x5, x6
937 4149 0x00000f74 0x4062d2b3 M   sra         x5, x5, x6
938 4152 0x00000f78 0x4062d2b3 M   sra         x5, x5, x6
939 4155 0x00000f7c 0x4062d2b3 M   sra         x5, x5, x6
940 4167 0x00000f80 0x4062d2b3 M   sra         x5, x5, x6
941 4170 0x00000f84 0x4062d2b3 M   sra         x5, x5, x6
942 4173 0x00000f88 0x4062d2b3 M   sra         x5, x5, x6
943 4176 0x00000f8c 0x4062d2b3 M   sra         x5, x5, x6
944 4179 0x00000f90 0x4062d2b3 M   sra         x5, x5, x6
945 4182 0x00000f94 0x4062d2b3 M   sra         x5, x5, x6
946 4185 0x00000f98 0x4062d2b3 M   sra         x5, x5, x6
947 4188 0x00000f9c 0x4062d2b3 M   sra         x5, x5, x6
948 4200 0x00000fa0 0x4062d2b3 M   sra         x5, x5, x6
949 4203 0x00000fa4 0x4062d2b3 M   sra         x5, x5, x6
950 4206 0x00000fa8 0x4062d2b3 M   sra         x5, x5, x6
951 4209 0x00000fac 0x4062d2b3 M   sra         x5, x5, x6
952 4212 0x00000fb0 0x4062d2b3 M   sra         x5, x5, x6
953 4215 0x00000fb4 0x4062d2b3 M   sra         x5, x5, x6
954 4218 0x00000fb8 0x4062d2b3 M   sra         x5, x5, x6
955 4221 0x00000fbc 0x4062d2b3 M   sra         x5, x5, x6
956 4233 0x00000fc0 0x4062d2b3 M   sra         x5, x5, x6
957 4236 0x00000fc4 0x4062d2b3 M   sra         x5, x5, x6
958 4239 0x00000fc8 0x4062d2b3 M   sra         x5, x5, x6
959 4242 0x00000fcc 0x4062d2b3 M   sra         x5, x5, x6
960 4245 0x00000fd0 0x4062d2b3 M   sra         x5, x5, x6
961 4248 0x00000fd4 0x4062d2b3 M   sra         x5, x5, x6
962 4251 0x00000fd8 0x4062d2b3 M   sra         x5, x5, x6
963 4254 0x00000fdc 0x4062d2b3 M   sra         x5, x5, x6
964 4266 0x00000fe0 0x4062d2b3 M   sra         x5, x5, x6
965 4269 0x00000fe4 0x4062d2b3 M   sra         x5, x5, x6
966 4272 0x00000fe8 0x4062d2b3 M   sra         x5, x5, x6
967 4275 0x00000fec 0x4062d2b3 M   sra         x5, x5, x6
968 4278 0x00000ff0 0x4062d2b3 M   sra         x5, x5, x6
969 4281 0x00000ff4 0x4062d2b3 M   sra         x5, x5, x6
970 4284 0x00000ff8 0x4062d2b3 M   sra         x5, x5, x6
971 4287 0x00000ffc 0x4062d2b3 M   sra         x5, x5, x6
972 4299 0x00001000 0x4062d2b3 M   sra         x5, x5, x6
973 4302 0x00001004 0x4062d2b3 M   sra         x5, x5, x6
974 4305 0x00001008 0x4062d2b3 M   sra         x5, x5, x6
975 4308 0x0000100c 0x4062d2b3 M   sra         x5, x5, x6
976 4311 0x00001010 0x4062d2b3 M   sra         x5, x5, x6
977 4314 0x00001014 0x4062d2b3 M   sra         x5, x5, x6
978 4317 0x00001018 0x4062d2b3 M   sra         x5, x5, x6
979 4320 0x0000101c 0x4062d2b3 M   sra         x5, x5, x6
980 4332 0x00001020 0x4062d2b3 M   sra         x5, x5, x6
981 4335 0x00001024 0x4062d2b3 M   sra         x5, x5, x6
982 4338 0x00001028 0x4062d2b3 M   sra         x5, x5, x6
983 4341 0x0000102c 0x4062d2b3 M   sra         x5, x5, x6
984 4344 0x00001030 0x4062d2b3 M   sra         x5, x5, x6
985 4347 0x00001034 0x4062d2b3 M   sra         x5, x5, x6
986 4350 0x00001038 0x4062d2b3 M   sra         x5, x5, x6
987 4353 0x0000103c 0x4062d2b3 M   sra         x5, x5, x6
988 4365 0x00001040 0x4062d2b3 M   sra         x5, x5, x6
989 4368 0x00001044 0x4062d2b3 M   sra         x5, x5, x6
990 4371 0x00001048 0x4062d2b3 M   sra         x5, x5, x6
991 4374 0x0000104c 0x4062d2b3 M   sra         x5, x5, x6
992 4377 0x00001050 0x4062d2b3 M   sra         x5, x5, x6
993 4380 0x00001054 0x4062d2b3 M   sra         x5, x5, x6
994 4383 0x00001058 0x4062d2b3 M   sra         x5, x5, x6
995 4386 0x0000105c 0x4062d2b3 M   sra         x5, x5, x6
996 4398 0x00001060 0x4062d2b3 M   sra         x5, x5, x6
997 4401 0x00001064 0x4062d2b3 M   sra         x5, x5, x6
998 4404 0x00001068 0x4062d2b3 M   sra         x5, x5, x6
999 4407 0x0000106c 0x4062d2b3 M   sra         x5, x5, x6
1000 4410 0x00001070 0x4062d2b3 M   sra         x5, x5, x6
1001 4413 0x00001074 0x4062d2b3 M   sra         x5, x5, x6
1002 4416 0x00001078 0x4062d2b3 M   sra         x5, x5, x6
1003 4419 0x0000107c 0x4062d2b3 M   sra         x5, x5, x6
1004 4431 0x00001080 0x4062d2b3 M   sra         x5, x5, x6
1005 4434 0x00001084 0x4062d2b3 M   sra         x5, x5, x6
1006 4437 0x00001088 0x4062d2b3 M   sra         x5, x5, x6
1007 4440 0x0000108c 0x4062d2b3 M   sra         x5, x5, x6
1008 4443 0x00001090 0x4062d2b3 M   sra         x5, x5, x6
1009 4446 0x00001094 0x4062d2b3 M   sra         x5, x5, x6
1010 4449 0x00001098 0x4062d2b3 M   sra         x5, x5, x6
1011 4452 0x0000109c 0x4062d2b3 M   sra         x5, x5, x6
1012 4464 0x000010a0 0x4062d2b3 M   sra         x5, x5, x6
1013 4467 0x000010a4 0x4062d2b3 M   sra         x5, x5, x6
1014 4470 0x000010a8 0x4062d2b3 M   sra         x5, x5, x6
1015 4473 0x000010ac 0x4062d2b3 M   sra         x5, x5, x6
1016 4476 0x000010b0 0x4062d2b3 M   sra         x5, x5, x6
1017 4479 0x000010b4 0x4062d2b3 M   sra         x5, x5, x6
1018 4482 0x000010b8 0x4062d2b3 M   sra         x5, x5, x6
1019 4485 0x000010bc 0x4062d2b3 M   sra         x5, x5, x6
1020 4497 0x000010c0 0x4062d2b3 M   sra         x5, x5, x6
1021 4500 0x000010c4 0x4062d2b3 M   sra         x5, x5, x6
1022 4503 0x000010c8 0x4062d2b3 M   sra         x5, x5, x6
1023 4506 0x000010cc 0x4062d2b3 M   sra         x5, x5, x6
1024 4509 0x000010d0 0x4062d2b3 M   sra         x5, x5, x6
1025 4512 0x000010d4 0x4062d2b3 M   sra         x5, x5, x6
1026 4515 0x000010d8 0x4062d2b3 M   sra         x5, x5, x6
1027 4518 0x000010dc 0x4062d2b3 M   sra         x5, x5, x6
1028 4530 0x000010e0 0x4062d2b3 M   sra         x5, x5, x6
1029 4533 0x000010e4 0x4062d2b3 M   sra         x5, x5, x6
1030 4536 0x000010e8 0x4062d2b3 M   sra         x5, x5, x6
1031 4539 0x000010ec 0x4062d2b3 M   sra         x5, x5, x6
1032 4542 0x000010f0 0x4062d2b3 M   sra         x5, x5, x6
1033 4545 0x000010f4 0x4062d2b3 M   sra         x5, x5, x6
1034 4548 0x000010f8 0x4062d2b3 M   sra         x5, x5, x6
1035 4551 0x000010fc 0x4062d2b3 M   sra         x5, x5, x6
1036 4563 0x00001100 0x4062d2b3 M   sra         x5, x5, x6
1037 4566 0x00001104 0x4062d2b3 M   sra         x5, x5, x6
1038 4569 0x00001108 0x4062d2b3 M   sra         x5, x5, x6
1039 4572 0x0000110c 0x4062d2b3 M   sra         x5, x5, x6
1040 4575 0x00001110 0x4062d2b3 M   sra         x5, x5, x6
1041 4578 0x00001114 0x4062d2b3 M   sra         x5, x5, x6
1042 4581 0x00001118 0x4062d2b3 M   sra         x5, x5, x6
1043 4584 0x0000111c 0x4062d2b3 M   sra         x5, x5, x6
1044 4596 0x00001120 0x4062d2b3 M   sra         x5, x5, x6
1045 4599 0x00001124 0x4062d2b3 M   sra         x5, x5, x6
1046 4602 0x00001128 0x4062d2b3 M   sra         x5, x5, x6
1047 4605 0x0000112c 0x4062d2b3 M   sra         x5, x5, x6
1048 4608 0x00001130 0x4062d2b3 M   sra         x5, x5, x6
1049 4611 0x00001134 0x4062d2b3 M   sra         x5, x5, x6
1050 4614 0x00001138 0x4062d2b3 M   sra         x5, x5, x6
1051 4617 0x0000113c 0x4062d2b3 M   sra         x5, x5, x6
1052 4629 0x00001140 0x4062d2b3 M   sra         x5, x5, x6
1053 4632 0x00001144 0x4062d2b3 M   sra         x5, x5, x6
1054 4635 0x00001148 0x4062d2b3 M   sra         x5, x5, x6
1055 4638 0x0000114c 0x4062d2b3 M   sra         x5, x5, x6
1056 4641 0x00001150 0x4062d2b3 M   sra         x5, x5, x6
1057 4644 0x00001154 0x4062d2b3 M   sra         x5, x5, x6
1058 4647 0x00001158 0x4062d2b3 M   sra         x5, x5, x6
1059 4650 0x0000115c 0x4062d2b3 M   sra         x5, x5, x6
1060 4662 0x00001160 0x4062d2b3 M   sra         x5, x5, x6
1061 4665 0x00001164 0x4062d2b3 M   sra         x5, x5, x6
1062 4667 0x00001168 0x00000513 M   addi        x10, x0, 0
1063 4670 0x0000116c 0x00008067 M   jalr        x0, 0(x1)
1064 4688 0x0000015c 0x30047073 M   csrrci      x0, mstatus, 8
1065 4702 0x00000160 0x30401073 M   csrrw       x0, mie, x0
1066 4704 0x00000164 0x00000597 M   auipc       x11, 0x00000000
1067 4706 0x00000168 0x05058593 M   addi        x11, x11, 80
1068 4709 0x0000016c 0x30559073 M   csrrw       x0, mtvec, x11
1069 4712 0x00000170 0x34051073 M   csrrw       x0, mscratch, x10
1070 4715 0x00000174 0xf1402473 M   csrrs       x8, mhartid, x0
1071 4718 0x00000178 0x02041463 M   bne         x8, x0, 40
1072 4720 0x0000017c 0x00001417 M   auipc       x8, 0x00001000
1073 4732 0x00000180 0xff440413 M   addi        x8, x8, -12
1074 4734 0x00000184 0x00001497 M   auipc       x9, 0x00001000
1075 4736 0x00000188 0xfec48493 M   addi        x9, x9, -20
1076 4739 0x0000018c 0x00945a63 M   bge         x8, x9, 20
1077 4758 0x000001a0 0xf1402473 M   csrrs       x8, mhartid, x0
1078 4761 0x000001a4 0x00041463 M   bne         x8, x0, 8
1079 4764 0x000001a8 0x00100073 M   ebreak      
1080 4773 0x000001b4 0x10500073 M   wfi          <TRAP_ENTRY>
