0 30 0x00000000 0xf14020f3 M   csrrs       x1, mhartid, x0
1 32 0x00000004 0x80002217 M   auipc       x4, 0x80002000
2 34 0x00000008 0xffc20213 M   addi        x4, x4, -4
3 36 0x0000000c 0xff027113 M   andi        x2, x4, -16
4 38 0x00000010 0x80000197 M   auipc       x3, 0x80000000
5 40 0x00000014 0x7f018193 M   addi        x3, x3, 2032
6 42 0x00000018 0x000022b7 M   lui         x5, 0x00002000
7 44 0x0000001c 0x80028293 M   addi        x5, x5, -2048
8 58 0x00000020 0x30029073 M   csrrw       x0, mstatus, x5
9 60 0x00000024 0x00000317 M   auipc       x6, 0x00000000
10 62 0x00000028 0x19430313 M   addi        x6, x6, 404
11 65 0x0000002c 0x30531073 M   csrrw       x0, mtvec, x6
12 68 0x00000030 0x30401073 M   csrrw       x0, mie, x0
13 70 0x00000034 0x00001397 M   auipc       x7, 0x00001000
14 72 0x00000038 0x14c38393 M   addi        x7, x7, 332
15 74 0x0000003c 0x80000417 M   auipc       x8, 0x80000000
16 87 0x00000040 0xfc440413 M   addi        x8, x8, -60
17 89 0x00000044 0x80000497 M   auipc       x9, 0x80000000
18 91 0x00000048 0xfbc48493 M   addi        x9, x9, -68
19 93 0x0000004c 0x80000517 M   auipc       x10, 0x80000000
20 95 0x00000050 0xfb450513 M   addi        x10, x10, -76
21 97 0x00000054 0x80000597 M   auipc       x11, 0x80000000
22 99 0x00000058 0xfac58593 M   addi        x11, x11, -84
23 101 0x0000005c 0x00000613 M   addi        x12, x0, 0
24 115 0x00000060 0x00000693 M   addi        x13, x0, 0
25 117 0x00000064 0x00000713 M   addi        x14, x0, 0
26 119 0x00000068 0x00000793 M   addi        x15, x0, 0
27 121 0x0000006c 0x00000813 M   addi        x16, x0, 0
28 123 0x00000070 0x00000893 M   addi        x17, x0, 0
29 125 0x00000074 0x00000913 M   addi        x18, x0, 0
30 127 0x00000078 0x00000993 M   addi        x19, x0, 0
31 129 0x0000007c 0x00000a13 M   addi        x20, x0, 0
32 143 0x00000080 0x00000a93 M   addi        x21, x0, 0
33 145 0x00000084 0x00000b13 M   addi        x22, x0, 0
34 147 0x00000088 0x00000b93 M   addi        x23, x0, 0
35 149 0x0000008c 0x00000c13 M   addi        x24, x0, 0
36 151 0x00000090 0x00000c93 M   addi        x25, x0, 0
37 153 0x00000094 0x00000d13 M   addi        x26, x0, 0
38 155 0x00000098 0x00000d93 M   addi        x27, x0, 0
39 157 0x0000009c 0x00000e13 M   addi        x28, x0, 0
40 171 0x000000a0 0x00000e93 M   addi        x29, x0, 0
41 173 0x000000a4 0x00000f13 M   addi        x30, x0, 0
42 175 0x000000a8 0x00000f93 M   addi        x31, x0, 0
43 178 0x000000ac 0x04008463 M   beq         x1, x0, 72
44 200 0x000000f4 0x00838e63 M   beq         x7, x8, 28
45 203 0x000000f8 0x00945c63 M   bge         x8, x9, 24
46 221 0x00000110 0x00b55863 M   bge         x10, x11, 16
47 239 0x00000120 0x00001417 M   auipc       x8, 0x00001000
48 241 0x00000124 0x06040413 M   addi        x8, x8, 96
49 243 0x00000128 0x00001497 M   auipc       x9, 0x00001000
50 245 0x0000012c 0x05848493 M   addi        x9, x9, 88
51 248 0x00000130 0x00945a63 M   bge         x8, x9, 20
52 266 0x00000144 0x00000617 M   auipc       x12, 0x00000000
53 268 0x00000148 0x07c60613 M   addi        x12, x12, 124
54 271 0x0000014c 0x0ff0000f M   fence       
55 278 0x00000150 0x0000100f M   fence.i     
56 489 0x00000154 0x00000513 M   addi        x10, x0, 0
57 491 0x00000158 0x00000593 M   addi        x11, x0, 0
58 494 0x0000015c 0x000600e7 M   jalr        x1, 0(x12)
59 522 0x000001c0 0x800002b7 M   lui         x5, 0x80000000
60 524 0x000001c4 0xfff28293 M   addi        x5, x5, -1
61 526 0x000001c8 0x01f00313 M   addi        x6, x0, 31
62 529 0x000001cc 0xc0002473 M   csrrs       x8, cycle, x0
63 532 0x000001d0 0x4062d3b3 M   sra         x7, x5, x6
64 535 0x000001d4 0x4062d3b3 M   sra         x7, x5, x6
65 538 0x000001d8 0x4062d3b3 M   sra         x7, x5, x6
66 541 0x000001dc 0x4062d3b3 M   sra         x7, x5, x6
67 553 0x000001e0 0x4062d3b3 M   sra         x7, x5, x6
68 556 0x000001e4 0x4062d3b3 M   sra         x7, x5, x6
69 559 0x000001e8 0x4062d3b3 M   sra         x7, x5, x6
70 562 0x000001ec 0x4062d3b3 M   sra         x7, x5, x6
71 565 0x000001f0 0x4062d3b3 M   sra         x7, x5, x6
72 568 0x000001f4 0x4062d3b3 M   sra         x7, x5, x6
73 571 0x000001f8 0x4062d3b3 M   sra         x7, x5, x6
74 574 0x000001fc 0x4062d3b3 M   sra         x7, x5, x6
75 586 0x00000200 0x4062d3b3 M   sra         x7, x5, x6
76 589 0x00000204 0x4062d3b3 M   sra         x7, x5, x6
77 592 0x00000208 0x4062d3b3 M   sra         x7, x5, x6
78 595 0x0000020c 0x4062d3b3 M   sra         x7, x5, x6
79 598 0x00000210 0x4062d3b3 M   sra         x7, x5, x6
80 601 0x00000214 0x4062d3b3 M   sra         x7, x5, x6
81 604 0x00000218 0x4062d3b3 M   sra         x7, x5, x6
82 607 0x0000021c 0x4062d3b3 M   sra         x7, x5, x6
83 619 0x00000220 0x4062d3b3 M   sra         x7, x5, x6
84 622 0x00000224 0x4062d3b3 M   sra         x7, x5, x6
85 625 0x00000228 0x4062d3b3 M   sra         x7, x5, x6
86 628 0x0000022c 0x4062d3b3 M   sra         x7, x5, x6
87 631 0x00000230 0x4062d3b3 M   sra         x7, x5, x6
88 634 0x00000234 0x4062d3b3 M   sra         x7, x5, x6
89 637 0x00000238 0x4062d3b3 M   sra         x7, x5, x6
90 640 0x0000023c 0x4062d3b3 M   sra         x7, x5, x6
91 652 0x00000240 0x4062d3b3 M   sra         x7, x5, x6
92 655 0x00000244 0x4062d3b3 M   sra         x7, x5, x6
93 658 0x00000248 0x4062d3b3 M   sra         x7, x5, x6
94 661 0x0000024c 0x4062d3b3 M   sra         x7, x5, x6
95 664 0x00000250 0x4062d3b3 M   sra         x7, x5, x6
96 667 0x00000254 0x4062d3b3 M   sra         x7, x5, x6
97 670 0x00000258 0x4062d3b3 M   sra         x7, x5, x6
98 673 0x0000025c 0x4062d3b3 M   sra         x7, x5, x6
99 685 0x00000260 0x4062d3b3 M   sra         x7, x5, x6
100 688 0x00000264 0x4062d3b3 M   sra         x7, x5, x6
101 691 0x00000268 0x4062d3b3 M   sra         x7, x5, x6
102 694 0x0000026c 0x4062d3b3 M   sra         x7, x5, x6
103 697 0x00000270 0x4062d3b3 M   sra         x7, x5, x6
104 700 0x00000274 0x4062d3b3 M   sra         x7, x5, x6
105 703 0x00000278 0x4062d3b3 M   sra         x7, x5, x6
106 706 0x0000027c 0x4062d3b3 M   sra         x7, x5, x6
107 718 0x00000280 0x4062d3b3 M   sra         x7, x5, x6
108 721 0x00000284 0x4062d3b3 M   sra         x7, x5, x6
109 724 0x00000288 0x4062d3b3 M   sra         x7, x5, x6
110 727 0x0000028c 0x4062d3b3 M   sra         x7, x5, x6
111 730 0x00000290 0x4062d3b3 M   sra         x7, x5, x6
112 733 0x00000294 0x4062d3b3 M   sra         x7, x5, x6
113 736 0x00000298 0x4062d3b3 M   sra         x7, x5, x6
114 739 0x0000029c 0x4062d3b3 M   sra         x7, x5, x6
115 751 0x000002a0 0x4062d3b3 M   sra         x7, x5, x6
116 754 0x000002a4 0x4062d3b3 M   sra         x7, x5, x6
117 757 0x000002a8 0x4062d3b3 M   sra         x7, x5, x6
118 760 0x000002ac 0x4062d3b3 M   sra         x7, x5, x6
119 763 0x000002b0 0x4062d3b3 M   sra         x7, x5, x6
120 766 0x000002b4 0x4062d3b3 M   sra         x7, x5, x6
121 769 0x000002b8 0x4062d3b3 M   sra         x7, x5, x6
122 772 0x000002bc 0x4062d3b3 M   sra         x7, x5, x6
123 784 0x000002c0 0x4062d3b3 M   sra         x7, x5, x6
124 787 0x000002c4 0x4062d3b3 M   sra         x7, x5, x6
125 790 0x000002c8 0x4062d3b3 M   sra         x7, x5, x6
126 793 0x000002cc 0x4062d3b3 M   sra         x7, x5, x6
127 796 0x000002d0 0x4062d3b3 M   sra         x7, x5, x6
128 799 0x000002d4 0x4062d3b3 M   sra         x7, x5, x6
129 802 0x000002d8 0x4062d3b3 M   sra         x7, x5, x6
130 805 0x000002dc 0x4062d3b3 M   sra         x7, x5, x6
131 817 0x000002e0 0x4062d3b3 M   sra         x7, x5, x6
132 820 0x000002e4 0x4062d3b3 M   sra         x7, x5, x6
133 823 0x000002e8 0x4062d3b3 M   sra         x7, x5, x6
134 826 0x000002ec 0x4062d3b3 M   sra         x7, x5, x6
135 829 0x000002f0 0x4062d3b3 M   sra         x7, x5, x6
136 832 0x000002f4 0x4062d3b3 M   sra         x7, x5, x6
137 835 0x000002f8 0x4062d3b3 M   sra         x7, x5, x6
138 838 0x000002fc 0x4062d3b3 M   sra         x7, x5, x6
139 850 0x00000300 0x4062d3b3 M   sra         x7, x5, x6
140 853 0x00000304 0x4062d3b3 M   sra         x7, x5, x6
141 856 0x00000308 0x4062d3b3 M   sra         x7, x5, x6
142 859 0x0000030c 0x4062d3b3 M   sra         x7, x5, x6
143 862 0x00000310 0x4062d3b3 M   sra         x7, x5, x6
144 865 0x00000314 0x4062d3b3 M   sra         x7, x5, x6
145 868 0x00000318 0x4062d3b3 M   sra         x7, x5, x6
146 871 0x0000031c 0x4062d3b3 M   sra         x7, x5, x6
147 883 0x00000320 0x4062d3b3 M   sra         x7, x5, x6
148 886 0x00000324 0x4062d3b3 M   sra         x7, x5, x6
149 889 0x00000328 0x4062d3b3 M   sra         x7, x5, x6
150 892 0x0000032c 0x4062d3b3 M   sra         x7, x5, x6
151 895 0x00000330 0x4062d3b3 M   sra         x7, x5, x6
152 898 0x00000334 0x4062d3b3 M   sra         x7, x5, x6
153 901 0x00000338 0x4062d3b3 M   sra         x7, x5, x6
154 904 0x0000033c 0x4062d3b3 M   sra         x7, x5, x6
155 916 0x00000340 0x4062d3b3 M   sra         x7, x5, x6
156 919 0x00000344 0x4062d3b3 M   sra         x7, x5, x6
157 922 0x00000348 0x4062d3b3 M   sra         x7, x5, x6
158 925 0x0000034c 0x4062d3b3 M   sra         x7, x5, x6
159 928 0x00000350 0x4062d3b3 M   sra         x7, x5, x6
160 931 0x00000354 0x4062d3b3 M   sra         x7, x5, x6
161 934 0x00000358 0x4062d3b3 M   sra         x7, x5, x6
162 937 0x0000035c 0x4062d3b3 M   sra         x7, x5, x6
163 949 0x00000360 0x4062d3b3 M   sra         x7, x5, x6
164 952 0x00000364 0x4062d3b3 M   sra         x7, x5, x6
165 955 0x00000368 0x4062d3b3 M   sra         x7, x5, x6
166 958 0x0000036c 0x4062d3b3 M   sra         x7, x5, x6
167 961 0x00000370 0x4062d3b3 M   sra         x7, x5, x6
168 964 0x00000374 0x4062d3b3 M   sra         x7, x5, x6
169 967 0x00000378 0x4062d3b3 M   sra         x7, x5, x6
170 970 0x0000037c 0x4062d3b3 M   sra         x7, x5, x6
171 982 0x00000380 0x4062d3b3 M   sra         x7, x5, x6
172 985 0x00000384 0x4062d3b3 M   sra         x7, x5, x6
173 988 0x00000388 0x4062d3b3 M   sra         x7, x5, x6
174 991 0x0000038c 0x4062d3b3 M   sra         x7, x5, x6
175 994 0x00000390 0x4062d3b3 M   sra         x7, x5, x6
176 997 0x00000394 0x4062d3b3 M   sra         x7, x5, x6
177 1000 0x00000398 0x4062d3b3 M   sra         x7, x5, x6
178 1003 0x0000039c 0x4062d3b3 M   sra         x7, x5, x6
179 1015 0x000003a0 0x4062d3b3 M   sra         x7, x5, x6
180 1018 0x000003a4 0x4062d3b3 M   sra         x7, x5, x6
181 1021 0x000003a8 0x4062d3b3 M   sra         x7, x5, x6
182 1024 0x000003ac 0x4062d3b3 M   sra         x7, x5, x6
183 1027 0x000003b0 0x4062d3b3 M   sra         x7, x5, x6
184 1030 0x000003b4 0x4062d3b3 M   sra         x7, x5, x6
185 1033 0x000003b8 0x4062d3b3 M   sra         x7, x5, x6
186 1036 0x000003bc 0x4062d3b3 M   sra         x7, x5, x6
187 1048 0x000003c0 0x4062d3b3 M   sra         x7, x5, x6
188 1051 0x000003c4 0x4062d3b3 M   sra         x7, x5, x6
189 1054 0x000003c8 0x4062d3b3 M   sra         x7, x5, x6
190 1057 0x000003cc 0x4062d3b3 M   sra         x7, x5, x6
191 1060 0x000003d0 0x4062d3b3 M   sra         x7, x5, x6
192 1063 0x000003d4 0x4062d3b3 M   sra         x7, x5, x6
193 1066 0x000003d8 0x4062d3b3 M   sra         x7, x5, x6
194 1069 0x000003dc 0x4062d3b3 M   sra         x7, x5, x6
195 1081 0x000003e0 0x4062d3b3 M   sra         x7, x5, x6
196 1084 0x000003e4 0x4062d3b3 M   sra         x7, x5, x6
197 1087 0x000003e8 0x4062d3b3 M   sra         x7, x5, x6
198 1090 0x000003ec 0x4062d3b3 M   sra         x7, x5, x6
199 1093 0x000003f0 0x4062d3b3 M   sra         x7, x5, x6
200 1096 0x000003f4 0x4062d3b3 M   sra         x7, x5, x6
201 1099 0x000003f8 0x4062d3b3 M   sra         x7, x5, x6
202 1102 0x000003fc 0x4062d3b3 M   sra         x7, x5, x6
203 1114 0x00000400 0x4062d3b3 M   sra         x7, x5, x6
204 1117 0x00000404 0x4062d3b3 M   sra         x7, x5, x6
205 1120 0x00000408 0x4062d3b3 M   sra         x7, x5, x6
206 1123 0x0000040c 0x4062d3b3 M   sra         x7, x5, x6
207 1126 0x00000410 0x4062d3b3 M   sra         x7, x5, x6
208 1129 0x00000414 0x4062d3b3 M   sra         x7, x5, x6
209 1132 0x00000418 0x4062d3b3 M   sra         x7, x5, x6
210 1135 0x0000041c 0x4062d3b3 M   sra         x7, x5, x6
211 1147 0x00000420 0x4062d3b3 M   sra         x7, x5, x6
212 1150 0x00000424 0x4062d3b3 M   sra         x7, x5, x6
213 1153 0x00000428 0x4062d3b3 M   sra         x7, x5, x6
214 1156 0x0000042c 0x4062d3b3 M   sra         x7, x5, x6
215 1159 0x00000430 0x4062d3b3 M   sra         x7, x5, x6
216 1162 0x00000434 0x4062d3b3 M   sra         x7, x5, x6
217 1165 0x00000438 0x4062d3b3 M   sra         x7, x5, x6
218 1168 0x0000043c 0x4062d3b3 M   sra         x7, x5, x6
219 1180 0x00000440 0x4062d3b3 M   sra         x7, x5, x6
220 1183 0x00000444 0x4062d3b3 M   sra         x7, x5, x6
221 1186 0x00000448 0x4062d3b3 M   sra         x7, x5, x6
222 1189 0x0000044c 0x4062d3b3 M   sra         x7, x5, x6
223 1192 0x00000450 0x4062d3b3 M   sra         x7, x5, x6
224 1195 0x00000454 0x4062d3b3 M   sra         x7, x5, x6
225 1198 0x00000458 0x4062d3b3 M   sra         x7, x5, x6
226 1201 0x0000045c 0x4062d3b3 M   sra         x7, x5, x6
227 1213 0x00000460 0x4062d3b3 M   sra         x7, x5, x6
228 1216 0x00000464 0x4062d3b3 M   sra         x7, x5, x6
229 1219 0x00000468 0x4062d3b3 M   sra         x7, x5, x6
230 1222 0x0000046c 0x4062d3b3 M   sra         x7, x5, x6
231 1225 0x00000470 0x4062d3b3 M   sra         x7, x5, x6
232 1228 0x00000474 0x4062d3b3 M   sra         x7, x5, x6
233 1231 0x00000478 0x4062d3b3 M   sra         x7, x5, x6
234 1234 0x0000047c 0x4062d3b3 M   sra         x7, x5, x6
235 1246 0x00000480 0x4062d3b3 M   sra         x7, x5, x6
236 1249 0x00000484 0x4062d3b3 M   sra         x7, x5, x6
237 1252 0x00000488 0x4062d3b3 M   sra         x7, x5, x6
238 1255 0x0000048c 0x4062d3b3 M   sra         x7, x5, x6
239 1258 0x00000490 0x4062d3b3 M   sra         x7, x5, x6
240 1261 0x00000494 0x4062d3b3 M   sra         x7, x5, x6
241 1264 0x00000498 0x4062d3b3 M   sra         x7, x5, x6
242 1267 0x0000049c 0x4062d3b3 M   sra         x7, x5, x6
243 1279 0x000004a0 0x4062d3b3 M   sra         x7, x5, x6
244 1282 0x000004a4 0x4062d3b3 M   sra         x7, x5, x6
245 1285 0x000004a8 0x4062d3b3 M   sra         x7, x5, x6
246 1288 0x000004ac 0x4062d3b3 M   sra         x7, x5, x6
247 1291 0x000004b0 0x4062d3b3 M   sra         x7, x5, x6
248 1294 0x000004b4 0x4062d3b3 M   sra         x7, x5, x6
249 1297 0x000004b8 0x4062d3b3 M   sra         x7, x5, x6
250 1300 0x000004bc 0x4062d3b3 M   sra         x7, x5, x6
251 1312 0x000004c0 0x4062d3b3 M   sra         x7, x5, x6
252 1315 0x000004c4 0x4062d3b3 M   sra         x7, x5, x6
253 1318 0x000004c8 0x4062d3b3 M   sra         x7, x5, x6
254 1321 0x000004cc 0x4062d3b3 M   sra         x7, x5, x6
255 1324 0x000004d0 0x4062d3b3 M   sra         x7, x5, x6
256 1327 0x000004d4 0x4062d3b3 M   sra         x7, x5, x6
257 1330 0x000004d8 0x4062d3b3 M   sra         x7, x5, x6
258 1333 0x000004dc 0x4062d3b3 M   sra         x7, x5, x6
259 1345 0x000004e0 0x4062d3b3 M   sra         x7, x5, x6
260 1348 0x000004e4 0x4062d3b3 M   sra         x7, x5, x6
261 1351 0x000004e8 0x4062d3b3 M   sra         x7, x5, x6
262 1354 0x000004ec 0x4062d3b3 M   sra         x7, x5, x6
263 1357 0x000004f0 0x4062d3b3 M   sra         x7, x5, x6
264 1360 0x000004f4 0x4062d3b3 M   sra         x7, x5, x6
265 1363 0x000004f8 0x4062d3b3 M   sra         x7, x5, x6
266 1366 0x000004fc 0x4062d3b3 M   sra         x7, x5, x6
267 1378 0x00000500 0x4062d3b3 M   sra         x7, x5, x6
268 1381 0x00000504 0x4062d3b3 M   sra         x7, x5, x6
269 1384 0x00000508 0x4062d3b3 M   sra         x7, x5, x6
270 1387 0x0000050c 0x4062d3b3 M   sra         x7, x5, x6
271 1390 0x00000510 0x4062d3b3 M   sra         x7, x5, x6
272 1393 0x00000514 0x4062d3b3 M   sra         x7, x5, x6
273 1396 0x00000518 0x4062d3b3 M   sra         x7, x5, x6
274 1399 0x0000051c 0x4062d3b3 M   sra         x7, x5, x6
275 1411 0x00000520 0x4062d3b3 M   sra         x7, x5, x6
276 1414 0x00000524 0x4062d3b3 M   sra         x7, x5, x6
277 1417 0x00000528 0x4062d3b3 M   sra         x7, x5, x6
278 1420 0x0000052c 0x4062d3b3 M   sra         x7, x5, x6
279 1423 0x00000530 0x4062d3b3 M   sra         x7, x5, x6
280 1426 0x00000534 0x4062d3b3 M   sra         x7, x5, x6
281 1429 0x00000538 0x4062d3b3 M   sra         x7, x5, x6
282 1432 0x0000053c 0x4062d3b3 M   sra         x7, x5, x6
283 1444 0x00000540 0x4062d3b3 M   sra         x7, x5, x6
284 1447 0x00000544 0x4062d3b3 M   sra         x7, x5, x6
285 1450 0x00000548 0x4062d3b3 M   sra         x7, x5, x6
286 1453 0x0000054c 0x4062d3b3 M   sra         x7, x5, x6
287 1456 0x00000550 0x4062d3b3 M   sra         x7, x5, x6
288 1459 0x00000554 0x4062d3b3 M   sra         x7, x5, x6
289 1462 0x00000558 0x4062d3b3 M   sra         x7, x5, x6
290 1465 0x0000055c 0x4062d3b3 M   sra         x7, x5, x6
291 1477 0x00000560 0x4062d3b3 M   sra         x7, x5, x6
292 1480 0x00000564 0x4062d3b3 M   sra         x7, x5, x6
293 1483 0x00000568 0x4062d3b3 M   sra         x7, x5, x6
294 1486 0x0000056c 0x4062d3b3 M   sra         x7, x5, x6
295 1489 0x00000570 0x4062d3b3 M   sra         x7, x5, x6
296 1492 0x00000574 0x4062d3b3 M   sra         x7, x5, x6
297 1495 0x00000578 0x4062d3b3 M   sra         x7, x5, x6
298 1498 0x0000057c 0x4062d3b3 M   sra         x7, x5, x6
299 1510 0x00000580 0x4062d3b3 M   sra         x7, x5, x6
300 1513 0x00000584 0x4062d3b3 M   sra         x7, x5, x6
301 1516 0x00000588 0x4062d3b3 M   sra         x7, x5, x6
302 1519 0x0000058c 0x4062d3b3 M   sra         x7, x5, x6
303 1522 0x00000590 0x4062d3b3 M   sra         x7, x5, x6
304 1525 0x00000594 0x4062d3b3 M   sra         x7, x5, x6
305 1528 0x00000598 0x4062d3b3 M   sra         x7, x5, x6
306 1531 0x0000059c 0x4062d3b3 M   sra         x7, x5, x6
307 1543 0x000005a0 0x4062d3b3 M   sra         x7, x5, x6
308 1546 0x000005a4 0x4062d3b3 M   sra         x7, x5, x6
309 1549 0x000005a8 0x4062d3b3 M   sra         x7, x5, x6
310 1552 0x000005ac 0x4062d3b3 M   sra         x7, x5, x6
311 1555 0x000005b0 0x4062d3b3 M   sra         x7, x5, x6
312 1558 0x000005b4 0x4062d3b3 M   sra         x7, x5, x6
313 1561 0x000005b8 0x4062d3b3 M   sra         x7, x5, x6
314 1564 0x000005bc 0x4062d3b3 M   sra         x7, x5, x6
315 1576 0x000005c0 0x4062d3b3 M   sra         x7, x5, x6
316 1579 0x000005c4 0x4062d3b3 M   sra         x7, x5, x6
317 1582 0x000005c8 0x4062d3b3 M   sra         x7, x5, x6
318 1585 0x000005cc 0x4062d3b3 M   sra         x7, x5, x6
319 1588 0x000005d0 0x4062d3b3 M   sra         x7, x5, x6
320 1591 0x000005d4 0x4062d3b3 M   sra         x7, x5, x6
321 1594 0x000005d8 0x4062d3b3 M   sra         x7, x5, x6
322 1597 0x000005dc 0x4062d3b3 M   sra         x7, x5, x6
323 1609 0x000005e0 0x4062d3b3 M   sra         x7, x5, x6
324 1612 0x000005e4 0x4062d3b3 M   sra         x7, x5, x6
325 1615 0x000005e8 0x4062d3b3 M   sra         x7, x5, x6
326 1618 0x000005ec 0x4062d3b3 M   sra         x7, x5, x6
327 1621 0x000005f0 0x4062d3b3 M   sra         x7, x5, x6
328 1624 0x000005f4 0x4062d3b3 M   sra         x7, x5, x6
329 1627 0x000005f8 0x4062d3b3 M   sra         x7, x5, x6
330 1630 0x000005fc 0x4062d3b3 M   sra         x7, x5, x6
331 1642 0x00000600 0x4062d3b3 M   sra         x7, x5, x6
332 1645 0x00000604 0x4062d3b3 M   sra         x7, x5, x6
333 1648 0x00000608 0x4062d3b3 M   sra         x7, x5, x6
334 1651 0x0000060c 0x4062d3b3 M   sra         x7, x5, x6
335 1654 0x00000610 0x4062d3b3 M   sra         x7, x5, x6
336 1657 0x00000614 0x4062d3b3 M   sra         x7, x5, x6
337 1660 0x00000618 0x4062d3b3 M   sra         x7, x5, x6
338 1663 0x0000061c 0x4062d3b3 M   sra         x7, x5, x6
339 1675 0x00000620 0x4062d3b3 M   sra         x7, x5, x6
340 1678 0x00000624 0x4062d3b3 M   sra         x7, x5, x6
341 1681 0x00000628 0x4062d3b3 M   sra         x7, x5, x6
342 1684 0x0000062c 0x4062d3b3 M   sra         x7, x5, x6
343 1687 0x00000630 0x4062d3b3 M   sra         x7, x5, x6
344 1690 0x00000634 0x4062d3b3 M   sra         x7, x5, x6
345 1693 0x00000638 0x4062d3b3 M   sra         x7, x5, x6
346 1696 0x0000063c 0x4062d3b3 M   sra         x7, x5, x6
347 1708 0x00000640 0x4062d3b3 M   sra         x7, x5, x6
348 1711 0x00000644 0x4062d3b3 M   sra         x7, x5, x6
349 1714 0x00000648 0x4062d3b3 M   sra         x7, x5, x6
350 1717 0x0000064c 0x4062d3b3 M   sra         x7, x5, x6
351 1720 0x00000650 0x4062d3b3 M   sra         x7, x5, x6
352 1723 0x00000654 0x4062d3b3 M   sra         x7, x5, x6
353 1726 0x00000658 0x4062d3b3 M   sra         x7, x5, x6
354 1729 0x0000065c 0x4062d3b3 M   sra         x7, x5, x6
355 1741 0x00000660 0x4062d3b3 M   sra         x7, x5, x6
356 1744 0x00000664 0x4062d3b3 M   sra         x7, x5, x6
357 1747 0x00000668 0x4062d3b3 M   sra         x7, x5, x6
358 1750 0x0000066c 0x4062d3b3 M   sra         x7, x5, x6
359 1753 0x00000670 0x4062d3b3 M   sra         x7, x5, x6
360 1756 0x00000674 0x4062d3b3 M   sra         x7, x5, x6
361 1759 0x00000678 0x4062d3b3 M   sra         x7, x5, x6
362 1762 0x0000067c 0x4062d3b3 M   sra         x7, x5, x6
363 1774 0x00000680 0x4062d3b3 M   sra         x7, x5, x6
364 1777 0x00000684 0x4062d3b3 M   sra         x7, x5, x6
365 1780 0x00000688 0x4062d3b3 M   sra         x7, x5, x6
366 1783 0x0000068c 0x4062d3b3 M   sra         x7, x5, x6
367 1786 0x00000690 0x4062d3b3 M   sra         x7, x5, x6
368 1789 0x00000694 0x4062d3b3 M   sra         x7, x5, x6
369 1792 0x00000698 0x4062d3b3 M   sra         x7, x5, x6
370 1795 0x0000069c 0x4062d3b3 M   sra         x7, x5, x6
371 1807 0x000006a0 0x4062d3b3 M   sra         x7, x5, x6
372 1810 0x000006a4 0x4062d3b3 M   sra         x7, x5, x6
373 1813 0x000006a8 0x4062d3b3 M   sra         x7, x5, x6
374 1816 0x000006ac 0x4062d3b3 M   sra         x7, x5, x6
375 1819 0x000006b0 0x4062d3b3 M   sra         x7, x5, x6
376 1822 0x000006b4 0x4062d3b3 M   sra         x7, x5, x6
377 1825 0x000006b8 0x4062d3b3 M   sra         x7, x5, x6
378 1828 0x000006bc 0x4062d3b3 M   sra         x7, x5, x6
379 1840 0x000006c0 0x4062d3b3 M   sra         x7, x5, x6
380 1843 0x000006c4 0x4062d3b3 M   sra         x7, x5, x6
381 1846 0x000006c8 0x4062d3b3 M   sra         x7, x5, x6
382 1849 0x000006cc 0x4062d3b3 M   sra         x7, x5, x6
383 1852 0x000006d0 0x4062d3b3 M   sra         x7, x5, x6
384 1855 0x000006d4 0x4062d3b3 M   sra         x7, x5, x6
385 1858 0x000006d8 0x4062d3b3 M   sra         x7, x5, x6
386 1861 0x000006dc 0x4062d3b3 M   sra         x7, x5, x6
387 1873 0x000006e0 0x4062d3b3 M   sra         x7, x5, x6
388 1876 0x000006e4 0x4062d3b3 M   sra         x7, x5, x6
389 1879 0x000006e8 0x4062d3b3 M   sra         x7, x5, x6
390 1882 0x000006ec 0x4062d3b3 M   sra         x7, x5, x6
391 1885 0x000006f0 0x4062d3b3 M   sra         x7, x5, x6
392 1888 0x000006f4 0x4062d3b3 M   sra         x7, x5, x6
393 1891 0x000006f8 0x4062d3b3 M   sra         x7, x5, x6
394 1894 0x000006fc 0x4062d3b3 M   sra         x7, x5, x6
395 1906 0x00000700 0x4062d3b3 M   sra         x7, x5, x6
396 1909 0x00000704 0x4062d3b3 M   sra         x7, x5, x6
397 1912 0x00000708 0x4062d3b3 M   sra         x7, x5, x6
398 1915 0x0000070c 0x4062d3b3 M   sra         x7, x5, x6
399 1918 0x00000710 0x4062d3b3 M   sra         x7, x5, x6
400 1921 0x00000714 0x4062d3b3 M   sra         x7, x5, x6
401 1924 0x00000718 0x4062d3b3 M   sra         x7, x5, x6
402 1927 0x0000071c 0x4062d3b3 M   sra         x7, x5, x6
403 1939 0x00000720 0x4062d3b3 M   sra         x7, x5, x6
404 1942 0x00000724 0x4062d3b3 M   sra         x7, x5, x6
405 1945 0x00000728 0x4062d3b3 M   sra         x7, x5, x6
406 1948 0x0000072c 0x4062d3b3 M   sra         x7, x5, x6
407 1951 0x00000730 0x4062d3b3 M   sra         x7, x5, x6
408 1954 0x00000734 0x4062d3b3 M   sra         x7, x5, x6
409 1957 0x00000738 0x4062d3b3 M   sra         x7, x5, x6
410 1960 0x0000073c 0x4062d3b3 M   sra         x7, x5, x6
411 1972 0x00000740 0x4062d3b3 M   sra         x7, x5, x6
412 1975 0x00000744 0x4062d3b3 M   sra         x7, x5, x6
413 1978 0x00000748 0x4062d3b3 M   sra         x7, x5, x6
414 1981 0x0000074c 0x4062d3b3 M   sra         x7, x5, x6
415 1984 0x00000750 0x4062d3b3 M   sra         x7, x5, x6
416 1987 0x00000754 0x4062d3b3 M   sra         x7, x5, x6
417 1990 0x00000758 0x4062d3b3 M   sra         x7, x5, x6
418 1993 0x0000075c 0x4062d3b3 M   sra         x7, x5, x6
419 2005 0x00000760 0x4062d3b3 M   sra         x7, x5, x6
420 2008 0x00000764 0x4062d3b3 M   sra         x7, x5, x6
421 2011 0x00000768 0x4062d3b3 M   sra         x7, x5, x6
422 2014 0x0000076c 0x4062d3b3 M   sra         x7, x5, x6
423 2017 0x00000770 0x4062d3b3 M   sra         x7, x5, x6
424 2020 0x00000774 0x4062d3b3 M   sra         x7, x5, x6
425 2023 0x00000778 0x4062d3b3 M   sra         x7, x5, x6
426 2026 0x0000077c 0x4062d3b3 M   sra         x7, x5, x6
427 2038 0x00000780 0x4062d3b3 M   sra         x7, x5, x6
428 2041 0x00000784 0x4062d3b3 M   sra         x7, x5, x6
429 2044 0x00000788 0x4062d3b3 M   sra         x7, x5, x6
430 2047 0x0000078c 0x4062d3b3 M   sra         x7, x5, x6
431 2050 0x00000790 0x4062d3b3 M   sra         x7, x5, x6
432 2053 0x00000794 0x4062d3b3 M   sra         x7, x5, x6
433 2056 0x00000798 0x4062d3b3 M   sra         x7, x5, x6
434 2059 0x0000079c 0x4062d3b3 M   sra         x7, x5, x6
435 2071 0x000007a0 0x4062d3b3 M   sra         x7, x5, x6
436 2074 0x000007a4 0x4062d3b3 M   sra         x7, x5, x6
437 2077 0x000007a8 0x4062d3b3 M   sra         x7, x5, x6
438 2080 0x000007ac 0x4062d3b3 M   sra         x7, x5, x6
439 2083 0x000007b0 0x4062d3b3 M   sra         x7, x5, x6
440 2086 0x000007b4 0x4062d3b3 M   sra         x7, x5, x6
441 2089 0x000007b8 0x4062d3b3 M   sra         x7, x5, x6
442 2092 0x000007bc 0x4062d3b3 M   sra         x7, x5, x6
443 2104 0x000007c0 0x4062d3b3 M   sra         x7, x5, x6
444 2107 0x000007c4 0x4062d3b3 M   sra         x7, x5, x6
445 2110 0x000007c8 0x4062d3b3 M   sra         x7, x5, x6
446 2113 0x000007cc 0x4062d3b3 M   sra         x7, x5, x6
447 2116 0x000007d0 0x4062d3b3 M   sra         x7, x5, x6
448 2119 0x000007d4 0x4062d3b3 M   sra         x7, x5, x6
449 2122 0x000007d8 0x4062d3b3 M   sra         x7, x5, x6
450 2125 0x000007dc 0x4062d3b3 M   sra         x7, x5, x6
451 2137 0x000007e0 0x4062d3b3 M   sra         x7, x5, x6
452 2140 0x000007e4 0x4062d3b3 M   sra         x7, x5, x6
453 2143 0x000007e8 0x4062d3b3 M   sra         x7, x5, x6
454 2146 0x000007ec 0x4062d3b3 M   sra         x7, x5, x6
455 2149 0x000007f0 0x4062d3b3 M   sra         x7, x5, x6
456 2152 0x000007f4 0x4062d3b3 M   sra         x7, x5, x6
457 2155 0x000007f8 0x4062d3b3 M   sra         x7, x5, x6
458 2158 0x000007fc 0x4062d3b3 M   sra         x7, x5, x6
459 2170 0x00000800 0x4062d3b3 M   sra         x7, x5, x6
460 2173 0x00000804 0x4062d3b3 M   sra         x7, x5, x6
461 2176 0x00000808 0x4062d3b3 M   sra         x7, x5, x6
462 2179 0x0000080c 0x4062d3b3 M   sra         x7, x5, x6
463 2182 0x00000810 0x4062d3b3 M   sra         x7, x5, x6
464 2185 0x00000814 0x4062d3b3 M   sra         x7, x5, x6
465 2188 0x00000818 0x4062d3b3 M   sra         x7, x5, x6
466 2191 0x0000081c 0x4062d3b3 M   sra         x7, x5, x6
467 2203 0x00000820 0x4062d3b3 M   sra         x7, x5, x6
468 2206 0x00000824 0x4062d3b3 M   sra         x7, x5, x6
469 2209 0x00000828 0x4062d3b3 M   sra         x7, x5, x6
470 2212 0x0000082c 0x4062d3b3 M   sra         x7, x5, x6
471 2215 0x00000830 0x4062d3b3 M   sra         x7, x5, x6
472 2218 0x00000834 0x4062d3b3 M   sra         x7, x5, x6
473 2221 0x00000838 0x4062d3b3 M   sra         x7, x5, x6
474 2224 0x0000083c 0x4062d3b3 M   sra         x7, x5, x6
475 2236 0x00000840 0x4062d3b3 M   sra         x7, x5, x6
476 2239 0x00000844 0x4062d3b3 M   sra         x7, x5, x6
477 2242 0x00000848 0x4062d3b3 M   sra         x7, x5, x6
478 2245 0x0000084c 0x4062d3b3 M   sra         x7, x5, x6
479 2248 0x00000850 0x4062d3b3 M   sra         x7, x5, x6
480 2251 0x00000854 0x4062d3b3 M   sra         x7, x5, x6
481 2254 0x00000858 0x4062d3b3 M   sra         x7, x5, x6
482 2257 0x0000085c 0x4062d3b3 M   sra         x7, x5, x6
483 2269 0x00000860 0x4062d3b3 M   sra         x7, x5, x6
484 2272 0x00000864 0x4062d3b3 M   sra         x7, x5, x6
485 2275 0x00000868 0x4062d3b3 M   sra         x7, x5, x6
486 2278 0x0000086c 0x4062d3b3 M   sra         x7, x5, x6
487 2281 0x00000870 0x4062d3b3 M   sra         x7, x5, x6
488 2284 0x00000874 0x4062d3b3 M   sra         x7, x5, x6
489 2287 0x00000878 0x4062d3b3 M   sra         x7, x5, x6
490 2290 0x0000087c 0x4062d3b3 M   sra         x7, x5, x6
491 2302 0x00000880 0x4062d3b3 M   sra         x7, x5, x6
492 2305 0x00000884 0x4062d3b3 M   sra         x7, x5, x6
493 2308 0x00000888 0x4062d3b3 M   sra         x7, x5, x6
494 2311 0x0000088c 0x4062d3b3 M   sra         x7, x5, x6
495 2314 0x00000890 0x4062d3b3 M   sra         x7, x5, x6
496 2317 0x00000894 0x4062d3b3 M   sra         x7, x5, x6
497 2320 0x00000898 0x4062d3b3 M   sra         x7, x5, x6
498 2323 0x0000089c 0x4062d3b3 M   sra         x7, x5, x6
499 2335 0x000008a0 0x4062d3b3 M   sra         x7, x5, x6
500 2338 0x000008a4 0x4062d3b3 M   sra         x7, x5, x6
501 2341 0x000008a8 0x4062d3b3 M   sra         x7, x5, x6
502 2344 0x000008ac 0x4062d3b3 M   sra         x7, x5, x6
503 2347 0x000008b0 0x4062d3b3 M   sra         x7, x5, x6
504 2350 0x000008b4 0x4062d3b3 M   sra         x7, x5, x6
505 2353 0x000008b8 0x4062d3b3 M   sra         x7, x5, x6
506 2356 0x000008bc 0x4062d3b3 M   sra         x7, x5, x6
507 2368 0x000008c0 0x4062d3b3 M   sra         x7, x5, x6
508 2371 0x000008c4 0x4062d3b3 M   sra         x7, x5, x6
509 2374 0x000008c8 0x4062d3b3 M   sra         x7, x5, x6
510 2377 0x000008cc 0x4062d3b3 M   sra         x7, x5, x6
511 2380 0x000008d0 0x4062d3b3 M   sra         x7, x5, x6
512 2383 0x000008d4 0x4062d3b3 M   sra         x7, x5, x6
513 2386 0x000008d8 0x4062d3b3 M   sra         x7, x5, x6
514 2389 0x000008dc 0x4062d3b3 M   sra         x7, x5, x6
515 2401 0x000008e0 0x4062d3b3 M   sra         x7, x5, x6
516 2404 0x000008e4 0x4062d3b3 M   sra         x7, x5, x6
517 2407 0x000008e8 0x4062d3b3 M   sra         x7, x5, x6
518 2410 0x000008ec 0x4062d3b3 M   sra         x7, x5, x6
519 2413 0x000008f0 0x4062d3b3 M   sra         x7, x5, x6
520 2416 0x000008f4 0x4062d3b3 M   sra         x7, x5, x6
521 2419 0x000008f8 0x4062d3b3 M   sra         x7, x5, x6
522 2422 0x000008fc 0x4062d3b3 M   sra         x7, x5, x6
523 2434 0x00000900 0x4062d3b3 M   sra         x7, x5, x6
524 2437 0x00000904 0x4062d3b3 M   sra         x7, x5, x6
525 2440 0x00000908 0x4062d3b3 M   sra         x7, x5, x6
526 2443 0x0000090c 0x4062d3b3 M   sra         x7, x5, x6
527 2446 0x00000910 0x4062d3b3 M   sra         x7, x5, x6
528 2449 0x00000914 0x4062d3b3 M   sra         x7, x5, x6
529 2452 0x00000918 0x4062d3b3 M   sra         x7, x5, x6
530 2455 0x0000091c 0x4062d3b3 M   sra         x7, x5, x6
531 2467 0x00000920 0x4062d3b3 M   sra         x7, x5, x6
532 2470 0x00000924 0x4062d3b3 M   sra         x7, x5, x6
533 2473 0x00000928 0x4062d3b3 M   sra         x7, x5, x6
534 2476 0x0000092c 0x4062d3b3 M   sra         x7, x5, x6
535 2479 0x00000930 0x4062d3b3 M   sra         x7, x5, x6
536 2482 0x00000934 0x4062d3b3 M   sra         x7, x5, x6
537 2485 0x00000938 0x4062d3b3 M   sra         x7, x5, x6
538 2488 0x0000093c 0x4062d3b3 M   sra         x7, x5, x6
539 2500 0x00000940 0x4062d3b3 M   sra         x7, x5, x6
540 2503 0x00000944 0x4062d3b3 M   sra         x7, x5, x6
541 2506 0x00000948 0x4062d3b3 M   sra         x7, x5, x6
542 2509 0x0000094c 0x4062d3b3 M   sra         x7, x5, x6
543 2512 0x00000950 0x4062d3b3 M   sra         x7, x5, x6
544 2515 0x00000954 0x4062d3b3 M   sra         x7, x5, x6
545 2518 0x00000958 0x4062d3b3 M   sra         x7, x5, x6
546 2521 0x0000095c 0x4062d3b3 M   sra         x7, x5, x6
547 2533 0x00000960 0x4062d3b3 M   sra         x7, x5, x6
548 2536 0x00000964 0x4062d3b3 M   sra         x7, x5, x6
549 2539 0x00000968 0x4062d3b3 M   sra         x7, x5, x6
550 2542 0x0000096c 0x4062d3b3 M   sra         x7, x5, x6
551 2545 0x00000970 0x4062d3b3 M   sra         x7, x5, x6
552 2548 0x00000974 0x4062d3b3 M   sra         x7, x5, x6
553 2551 0x00000978 0x4062d3b3 M   sra         x7, x5, x6
554 2554 0x0000097c 0x4062d3b3 M   sra         x7, x5, x6
555 2566 0x00000980 0x4062d3b3 M   sra         x7, x5, x6
556 2569 0x00000984 0x4062d3b3 M   sra         x7, x5, x6
557 2572 0x00000988 0x4062d3b3 M   sra         x7, x5, x6
558 2575 0x0000098c 0x4062d3b3 M   sra         x7, x5, x6
559 2578 0x00000990 0x4062d3b3 M   sra         x7, x5, x6
560 2581 0x00000994 0x4062d3b3 M   sra         x7, x5, x6
561 2584 0x00000998 0x4062d3b3 M   sra         x7, x5, x6
562 2587 0x0000099c 0x4062d3b3 M   sra         x7, x5, x6
563 2599 0x000009a0 0x4062d3b3 M   sra         x7, x5, x6
564 2602 0x000009a4 0x4062d3b3 M   sra         x7, x5, x6
565 2605 0x000009a8 0x4062d3b3 M   sra         x7, x5, x6
566 2608 0x000009ac 0x4062d3b3 M   sra         x7, x5, x6
567 2611 0x000009b0 0x4062d3b3 M   sra         x7, x5, x6
568 2614 0x000009b4 0x4062d3b3 M   sra         x7, x5, x6
569 2617 0x000009b8 0x4062d3b3 M   sra         x7, x5, x6
570 2620 0x000009bc 0x4062d3b3 M   sra         x7, x5, x6
571 2632 0x000009c0 0x4062d3b3 M   sra         x7, x5, x6
572 2635 0x000009c4 0x4062d3b3 M   sra         x7, x5, x6
573 2638 0x000009c8 0x4062d3b3 M   sra         x7, x5, x6
574 2641 0x000009cc 0x4062d3b3 M   sra         x7, x5, x6
575 2644 0x000009d0 0x4062d3b3 M   sra         x7, x5, x6
576 2647 0x000009d4 0x4062d3b3 M   sra         x7, x5, x6
577 2650 0x000009d8 0x4062d3b3 M   sra         x7, x5, x6
578 2653 0x000009dc 0x4062d3b3 M   sra         x7, x5, x6
579 2665 0x000009e0 0x4062d3b3 M   sra         x7, x5, x6
580 2668 0x000009e4 0x4062d3b3 M   sra         x7, x5, x6
581 2671 0x000009e8 0x4062d3b3 M   sra         x7, x5, x6
582 2674 0x000009ec 0x4062d3b3 M   sra         x7, x5, x6
583 2677 0x000009f0 0x4062d3b3 M   sra         x7, x5, x6
584 2680 0x000009f4 0x4062d3b3 M   sra         x7, x5, x6
585 2683 0x000009f8 0x4062d3b3 M   sra         x7, x5, x6
586 2686 0x000009fc 0x4062d3b3 M   sra         x7, x5, x6
587 2698 0x00000a00 0x4062d3b3 M   sra         x7, x5, x6
588 2701 0x00000a04 0x4062d3b3 M   sra         x7, x5, x6
589 2704 0x00000a08 0x4062d3b3 M   sra         x7, x5, x6
590 2707 0x00000a0c 0x4062d3b3 M   sra         x7, x5, x6
591 2710 0x00000a10 0x4062d3b3 M   sra         x7, x5, x6
592 2713 0x00000a14 0x4062d3b3 M   sra         x7, x5, x6
593 2716 0x00000a18 0x4062d3b3 M   sra         x7, x5, x6
594 2719 0x00000a1c 0x4062d3b3 M   sra         x7, x5, x6
595 2731 0x00000a20 0x4062d3b3 M   sra         x7, x5, x6
596 2734 0x00000a24 0x4062d3b3 M   sra         x7, x5, x6
597 2737 0x00000a28 0x4062d3b3 M   sra         x7, x5, x6
598 2740 0x00000a2c 0x4062d3b3 M   sra         x7, x5, x6
599 2743 0x00000a30 0x4062d3b3 M   sra         x7, x5, x6
600 2746 0x00000a34 0x4062d3b3 M   sra         x7, x5, x6
601 2749 0x00000a38 0x4062d3b3 M   sra         x7, x5, x6
602 2752 0x00000a3c 0x4062d3b3 M   sra         x7, x5, x6
603 2764 0x00000a40 0x4062d3b3 M   sra         x7, x5, x6
604 2767 0x00000a44 0x4062d3b3 M   sra         x7, x5, x6
605 2770 0x00000a48 0x4062d3b3 M   sra         x7, x5, x6
606 2773 0x00000a4c 0x4062d3b3 M   sra         x7, x5, x6
607 2776 0x00000a50 0x4062d3b3 M   sra         x7, x5, x6
608 2779 0x00000a54 0x4062d3b3 M   sra         x7, x5, x6
609 2782 0x00000a58 0x4062d3b3 M   sra         x7, x5, x6
610 2785 0x00000a5c 0x4062d3b3 M   sra         x7, x5, x6
611 2797 0x00000a60 0x4062d3b3 M   sra         x7, x5, x6
612 2800 0x00000a64 0x4062d3b3 M   sra         x7, x5, x6
613 2803 0x00000a68 0x4062d3b3 M   sra         x7, x5, x6
614 2806 0x00000a6c 0x4062d3b3 M   sra         x7, x5, x6
615 2809 0x00000a70 0x4062d3b3 M   sra         x7, x5, x6
616 2812 0x00000a74 0x4062d3b3 M   sra         x7, x5, x6
617 2815 0x00000a78 0x4062d3b3 M   sra         x7, x5, x6
618 2818 0x00000a7c 0x4062d3b3 M   sra         x7, x5, x6
619 2830 0x00000a80 0x4062d3b3 M   sra         x7, x5, x6
620 2833 0x00000a84 0x4062d3b3 M   sra         x7, x5, x6
621 2836 0x00000a88 0x4062d3b3 M   sra         x7, x5, x6
622 2839 0x00000a8c 0x4062d3b3 M   sra         x7, x5, x6
623 2842 0x00000a90 0x4062d3b3 M   sra         x7, x5, x6
624 2845 0x00000a94 0x4062d3b3 M   sra         x7, x5, x6
625 2848 0x00000a98 0x4062d3b3 M   sra         x7, x5, x6
626 2851 0x00000a9c 0x4062d3b3 M   sra         x7, x5, x6
627 2863 0x00000aa0 0x4062d3b3 M   sra         x7, x5, x6
628 2866 0x00000aa4 0x4062d3b3 M   sra         x7, x5, x6
629 2869 0x00000aa8 0x4062d3b3 M   sra         x7, x5, x6
630 2872 0x00000aac 0x4062d3b3 M   sra         x7, x5, x6
631 2875 0x00000ab0 0x4062d3b3 M   sra         x7, x5, x6
632 2878 0x00000ab4 0x4062d3b3 M   sra         x7, x5, x6
633 2881 0x00000ab8 0x4062d3b3 M   sra         x7, x5, x6
634 2884 0x00000abc 0x4062d3b3 M   sra         x7, x5, x6
635 2896 0x00000ac0 0x4062d3b3 M   sra         x7, x5, x6
636 2899 0x00000ac4 0x4062d3b3 M   sra         x7, x5, x6
637 2902 0x00000ac8 0x4062d3b3 M   sra         x7, x5, x6
638 2905 0x00000acc 0x4062d3b3 M   sra         x7, x5, x6
639 2908 0x00000ad0 0x4062d3b3 M   sra         x7, x5, x6
640 2911 0x00000ad4 0x4062d3b3 M   sra         x7, x5, x6
641 2914 0x00000ad8 0x4062d3b3 M   sra         x7, x5, x6
642 2917 0x00000adc 0x4062d3b3 M   sra         x7, x5, x6
643 2929 0x00000ae0 0x4062d3b3 M   sra         x7, x5, x6
644 2932 0x00000ae4 0x4062d3b3 M   sra         x7, x5, x6
645 2935 0x00000ae8 0x4062d3b3 M   sra         x7, x5, x6
646 2938 0x00000aec 0x4062d3b3 M   sra         x7, x5, x6
647 2941 0x00000af0 0x4062d3b3 M   sra         x7, x5, x6
648 2944 0x00000af4 0x4062d3b3 M   sra         x7, x5, x6
649 2947 0x00000af8 0x4062d3b3 M   sra         x7, x5, x6
650 2950 0x00000afc 0x4062d3b3 M   sra         x7, x5, x6
651 2962 0x00000b00 0x4062d3b3 M   sra         x7, x5, x6
652 2965 0x00000b04 0x4062d3b3 M   sra         x7, x5, x6
653 2968 0x00000b08 0x4062d3b3 M   sra         x7, x5, x6
654 2971 0x00000b0c 0x4062d3b3 M   sra         x7, x5, x6
655 2974 0x00000b10 0x4062d3b3 M   sra         x7, x5, x6
656 2977 0x00000b14 0x4062d3b3 M   sra         x7, x5, x6
657 2980 0x00000b18 0x4062d3b3 M   sra         x7, x5, x6
658 2983 0x00000b1c 0x4062d3b3 M   sra         x7, x5, x6
659 2995 0x00000b20 0x4062d3b3 M   sra         x7, x5, x6
660 2998 0x00000b24 0x4062d3b3 M   sra         x7, x5, x6
661 3001 0x00000b28 0x4062d3b3 M   sra         x7, x5, x6
662 3004 0x00000b2c 0x4062d3b3 M   sra         x7, x5, x6
663 3007 0x00000b30 0x4062d3b3 M   sra         x7, x5, x6
664 3010 0x00000b34 0x4062d3b3 M   sra         x7, x5, x6
665 3013 0x00000b38 0x4062d3b3 M   sra         x7, x5, x6
666 3016 0x00000b3c 0x4062d3b3 M   sra         x7, x5, x6
667 3028 0x00000b40 0x4062d3b3 M   sra         x7, x5, x6
668 3031 0x00000b44 0x4062d3b3 M   sra         x7, x5, x6
669 3034 0x00000b48 0x4062d3b3 M   sra         x7, x5, x6
670 3037 0x00000b4c 0x4062d3b3 M   sra         x7, x5, x6
671 3040 0x00000b50 0x4062d3b3 M   sra         x7, x5, x6
672 3043 0x00000b54 0x4062d3b3 M   sra         x7, x5, x6
673 3046 0x00000b58 0x4062d3b3 M   sra         x7, x5, x6
674 3049 0x00000b5c 0x4062d3b3 M   sra         x7, x5, x6
675 3061 0x00000b60 0x4062d3b3 M   sra         x7, x5, x6
676 3064 0x00000b64 0x4062d3b3 M   sra         x7, x5, x6
677 3067 0x00000b68 0x4062d3b3 M   sra         x7, x5, x6
678 3070 0x00000b6c 0x4062d3b3 M   sra         x7, x5, x6
679 3073 0x00000b70 0x4062d3b3 M   sra         x7, x5, x6
680 3076 0x00000b74 0x4062d3b3 M   sra         x7, x5, x6
681 3079 0x00000b78 0x4062d3b3 M   sra         x7, x5, x6
682 3082 0x00000b7c 0x4062d3b3 M   sra         x7, x5, x6
683 3094 0x00000b80 0x4062d3b3 M   sra         x7, x5, x6
684 3097 0x00000b84 0x4062d3b3 M   sra         x7, x5, x6
685 3100 0x00000b88 0x4062d3b3 M   sra         x7, x5, x6
686 3103 0x00000b8c 0x4062d3b3 M   sra         x7, x5, x6
687 3106 0x00000b90 0x4062d3b3 M   sra         x7, x5, x6
688 3109 0x00000b94 0x4062d3b3 M   sra         x7, x5, x6
689 3112 0x00000b98 0x4062d3b3 M   sra         x7, x5, x6
690 3115 0x00000b9c 0x4062d3b3 M   sra         x7, x5, x6
691 3127 0x00000ba0 0x4062d3b3 M   sra         x7, x5, x6
692 3130 0x00000ba4 0x4062d3b3 M   sra         x7, x5, x6
693 3133 0x00000ba8 0x4062d3b3 M   sra         x7, x5, x6
694 3136 0x00000bac 0x4062d3b3 M   sra         x7, x5, x6
695 3139 0x00000bb0 0x4062d3b3 M   sra         x7, x5, x6
696 3142 0x00000bb4 0x4062d3b3 M   sra         x7, x5, x6
697 3145 0x00000bb8 0x4062d3b3 M   sra         x7, x5, x6
698 3148 0x00000bbc 0x4062d3b3 M   sra         x7, x5, x6
699 3160 0x00000bc0 0x4062d3b3 M   sra         x7, x5, x6
700 3163 0x00000bc4 0x4062d3b3 M   sra         x7, x5, x6
701 3166 0x00000bc8 0x4062d3b3 M   sra         x7, x5, x6
702 3169 0x00000bcc 0x4062d3b3 M   sra         x7, x5, x6
703 3172 0x00000bd0 0x4062d3b3 M   sra         x7, x5, x6
704 3175 0x00000bd4 0x4062d3b3 M   sra         x7, x5, x6
705 3178 0x00000bd8 0x4062d3b3 M   sra         x7, x5, x6
706 3181 0x00000bdc 0x4062d3b3 M   sra         x7, x5, x6
707 3193 0x00000be0 0x4062d3b3 M   sra         x7, x5, x6
708 3196 0x00000be4 0x4062d3b3 M   sra         x7, x5, x6
709 3199 0x00000be8 0x4062d3b3 M   sra         x7, x5, x6
710 3202 0x00000bec 0x4062d3b3 M   sra         x7, x5, x6
711 3205 0x00000bf0 0x4062d3b3 M   sra         x7, x5, x6
712 3208 0x00000bf4 0x4062d3b3 M   sra         x7, x5, x6
713 3211 0x00000bf8 0x4062d3b3 M   sra         x7, x5, x6
714 3214 0x00000bfc 0x4062d3b3 M   sra         x7, x5, x6
715 3226 0x00000c00 0x4062d3b3 M   sra         x7, x5, x6
716 3229 0x00000c04 0x4062d3b3 M   sra         x7, x5, x6
717 3232 0x00000c08 0x4062d3b3 M   sra         x7, x5, x6
718 3235 0x00000c0c 0x4062d3b3 M   sra         x7, x5, x6
719 3238 0x00000c10 0x4062d3b3 M   sra         x7, x5, x6
720 3241 0x00000c14 0x4062d3b3 M   sra         x7, x5, x6
721 3244 0x00000c18 0x4062d3b3 M   sra         x7, x5, x6
722 3247 0x00000c1c 0x4062d3b3 M   sra         x7, x5, x6
723 3259 0x00000c20 0x4062d3b3 M   sra         x7, x5, x6
724 3262 0x00000c24 0x4062d3b3 M   sra         x7, x5, x6
725 3265 0x00000c28 0x4062d3b3 M   sra         x7, x5, x6
726 3268 0x00000c2c 0x4062d3b3 M   sra         x7, x5, x6
727 3271 0x00000c30 0x4062d3b3 M   sra         x7, x5, x6
728 3274 0x00000c34 0x4062d3b3 M   sra         x7, x5, x6
729 3277 0x00000c38 0x4062d3b3 M   sra         x7, x5, x6
730 3280 0x00000c3c 0x4062d3b3 M   sra         x7, x5, x6
731 3292 0x00000c40 0x4062d3b3 M   sra         x7, x5, x6
732 3295 0x00000c44 0x4062d3b3 M   sra         x7, x5, x6
733 3298 0x00000c48 0x4062d3b3 M   sra         x7, x5, x6
734 3301 0x00000c4c 0x4062d3b3 M   sra         x7, x5, x6
735 3304 0x00000c50 0x4062d3b3 M   sra         x7, x5, x6
736 3307 0x00000c54 0x4062d3b3 M   sra         x7, x5, x6
737 3310 0x00000c58 0x4062d3b3 M   sra         x7, x5, x6
738 3313 0x00000c5c 0x4062d3b3 M   sra         x7, x5, x6
739 3325 0x00000c60 0x4062d3b3 M   sra         x7, x5, x6
740 3328 0x00000c64 0x4062d3b3 M   sra         x7, x5, x6
741 3331 0x00000c68 0x4062d3b3 M   sra         x7, x5, x6
742 3334 0x00000c6c 0x4062d3b3 M   sra         x7, x5, x6
743 3337 0x00000c70 0x4062d3b3 M   sra         x7, x5, x6
744 3340 0x00000c74 0x4062d3b3 M   sra         x7, x5, x6
745 3343 0x00000c78 0x4062d3b3 M   sra         x7, x5, x6
746 3346 0x00000c7c 0x4062d3b3 M   sra         x7, x5, x6
747 3358 0x00000c80 0x4062d3b3 M   sra         x7, x5, x6
748 3361 0x00000c84 0x4062d3b3 M   sra         x7, x5, x6
749 3364 0x00000c88 0x4062d3b3 M   sra         x7, x5, x6
750 3367 0x00000c8c 0x4062d3b3 M   sra         x7, x5, x6
751 3370 0x00000c90 0x4062d3b3 M   sra         x7, x5, x6
752 3373 0x00000c94 0x4062d3b3 M   sra         x7, x5, x6
753 3376 0x00000c98 0x4062d3b3 M   sra         x7, x5, x6
754 3379 0x00000c9c 0x4062d3b3 M   sra         x7, x5, x6
755 3391 0x00000ca0 0x4062d3b3 M   sra         x7, x5, x6
756 3394 0x00000ca4 0x4062d3b3 M   sra         x7, x5, x6
757 3397 0x00000ca8 0x4062d3b3 M   sra         x7, x5, x6
758 3400 0x00000cac 0x4062d3b3 M   sra         x7, x5, x6
759 3403 0x00000cb0 0x4062d3b3 M   sra         x7, x5, x6
760 3406 0x00000cb4 0x4062d3b3 M   sra         x7, x5, x6
761 3409 0x00000cb8 0x4062d3b3 M   sra         x7, x5, x6
762 3412 0x00000cbc 0x4062d3b3 M   sra         x7, x5, x6
763 3424 0x00000cc0 0x4062d3b3 M   sra         x7, x5, x6
764 3427 0x00000cc4 0x4062d3b3 M   sra         x7, x5, x6
765 3430 0x00000cc8 0x4062d3b3 M   sra         x7, x5, x6
766 3433 0x00000ccc 0x4062d3b3 M   sra         x7, x5, x6
767 3436 0x00000cd0 0x4062d3b3 M   sra         x7, x5, x6
768 3439 0x00000cd4 0x4062d3b3 M   sra         x7, x5, x6
769 3442 0x00000cd8 0x4062d3b3 M   sra         x7, x5, x6
770 3445 0x00000cdc 0x4062d3b3 M   sra         x7, x5, x6
771 3457 0x00000ce0 0x4062d3b3 M   sra         x7, x5, x6
772 3460 0x00000ce4 0x4062d3b3 M   sra         x7, x5, x6
773 3463 0x00000ce8 0x4062d3b3 M   sra         x7, x5, x6
774 3466 0x00000cec 0x4062d3b3 M   sra         x7, x5, x6
775 3469 0x00000cf0 0x4062d3b3 M   sra         x7, x5, x6
776 3472 0x00000cf4 0x4062d3b3 M   sra         x7, x5, x6
777 3475 0x00000cf8 0x4062d3b3 M   sra         x7, x5, x6
778 3478 0x00000cfc 0x4062d3b3 M   sra         x7, x5, x6
779 3490 0x00000d00 0x4062d3b3 M   sra         x7, x5, x6
780 3493 0x00000d04 0x4062d3b3 M   sra         x7, x5, x6
781 3496 0x00000d08 0x4062d3b3 M   sra         x7, x5, x6
782 3499 0x00000d0c 0x4062d3b3 M   sra         x7, x5, x6
783 3502 0x00000d10 0x4062d3b3 M   sra         x7, x5, x6
784 3505 0x00000d14 0x4062d3b3 M   sra         x7, x5, x6
785 3508 0x00000d18 0x4062d3b3 M   sra         x7, x5, x6
786 3511 0x00000d1c 0x4062d3b3 M   sra         x7, x5, x6
787 3523 0x00000d20 0x4062d3b3 M   sra         x7, x5, x6
788 3526 0x00000d24 0x4062d3b3 M   sra         x7, x5, x6
789 3529 0x00000d28 0x4062d3b3 M   sra         x7, x5, x6
790 3532 0x00000d2c 0x4062d3b3 M   sra         x7, x5, x6
791 3535 0x00000d30 0x4062d3b3 M   sra         x7, x5, x6
792 3538 0x00000d34 0x4062d3b3 M   sra         x7, x5, x6
793 3541 0x00000d38 0x4062d3b3 M   sra         x7, x5, x6
794 3544 0x00000d3c 0x4062d3b3 M   sra         x7, x5, x6
795 3556 0x00000d40 0x4062d3b3 M   sra         x7, x5, x6
796 3559 0x00000d44 0x4062d3b3 M   sra         x7, x5, x6
797 3562 0x00000d48 0x4062d3b3 M   sra         x7, x5, x6
798 3565 0x00000d4c 0x4062d3b3 M   sra         x7, x5, x6
799 3568 0x00000d50 0x4062d3b3 M   sra         x7, x5, x6
800 3571 0x00000d54 0x4062d3b3 M   sra         x7, x5, x6
801 3574 0x00000d58 0x4062d3b3 M   sra         x7, x5, x6
802 3577 0x00000d5c 0x4062d3b3 M   sra         x7, x5, x6
803 3589 0x00000d60 0x4062d3b3 M   sra         x7, x5, x6
804 3592 0x00000d64 0x4062d3b3 M   sra         x7, x5, x6
805 3595 0x00000d68 0x4062d3b3 M   sra         x7, x5, x6
806 3598 0x00000d6c 0x4062d3b3 M   sra         x7, x5, x6
807 3601 0x00000d70 0x4062d3b3 M   sra         x7, x5, x6
808 3604 0x00000d74 0x4062d3b3 M   sra         x7, x5, x6
809 3607 0x00000d78 0x4062d3b3 M   sra         x7, x5, x6
810 3610 0x00000d7c 0x4062d3b3 M   sra         x7, x5, x6
811 3622 0x00000d80 0x4062d3b3 M   sra         x7, x5, x6
812 3625 0x00000d84 0x4062d3b3 M   sra         x7, x5, x6
813 3628 0x00000d88 0x4062d3b3 M   sra         x7, x5, x6
814 3631 0x00000d8c 0x4062d3b3 M   sra         x7, x5, x6
815 3634 0x00000d90 0x4062d3b3 M   sra         x7, x5, x6
816 3637 0x00000d94 0x4062d3b3 M   sra         x7, x5, x6
817 3640 0x00000d98 0x4062d3b3 M   sra         x7, x5, x6
818 3643 0x00000d9c 0x4062d3b3 M   sra         x7, x5, x6
819 3655 0x00000da0 0x4062d3b3 M   sra         x7, x5, x6
820 3658 0x00000da4 0x4062d3b3 M   sra         x7, x5, x6
821 3661 0x00000da8 0x4062d3b3 M   sra         x7, x5, x6
822 3664 0x00000dac 0x4062d3b3 M   sra         x7, x5, x6
823 3667 0x00000db0 0x4062d3b3 M   sra         x7, x5, x6
824 3670 0x00000db4 0x4062d3b3 M   sra         x7, x5, x6
825 3673 0x00000db8 0x4062d3b3 M   sra         x7, x5, x6
826 3676 0x00000dbc 0x4062d3b3 M   sra         x7, x5, x6
827 3688 0x00000dc0 0x4062d3b3 M   sra         x7, x5, x6
828 3691 0x00000dc4 0x4062d3b3 M   sra         x7, x5, x6
829 3694 0x00000dc8 0x4062d3b3 M   sra         x7, x5, x6
830 3697 0x00000dcc 0x4062d3b3 M   sra         x7, x5, x6
831 3700 0x00000dd0 0x4062d3b3 M   sra         x7, x5, x6
832 3703 0x00000dd4 0x4062d3b3 M   sra         x7, x5, x6
833 3706 0x00000dd8 0x4062d3b3 M   sra         x7, x5, x6
834 3709 0x00000ddc 0x4062d3b3 M   sra         x7, x5, x6
835 3721 0x00000de0 0x4062d3b3 M   sra         x7, x5, x6
836 3724 0x00000de4 0x4062d3b3 M   sra         x7, x5, x6
837 3727 0x00000de8 0x4062d3b3 M   sra         x7, x5, x6
838 3730 0x00000dec 0x4062d3b3 M   sra         x7, x5, x6
839 3733 0x00000df0 0x4062d3b3 M   sra         x7, x5, x6
840 3736 0x00000df4 0x4062d3b3 M   sra         x7, x5, x6
841 3739 0x00000df8 0x4062d3b3 M   sra         x7, x5, x6
842 3742 0x00000dfc 0x4062d3b3 M   sra         x7, x5, x6
843 3754 0x00000e00 0x4062d3b3 M   sra         x7, x5, x6
844 3757 0x00000e04 0x4062d3b3 M   sra         x7, x5, x6
845 3760 0x00000e08 0x4062d3b3 M   sra         x7, x5, x6
846 3763 0x00000e0c 0x4062d3b3 M   sra         x7, x5, x6
847 3766 0x00000e10 0x4062d3b3 M   sra         x7, x5, x6
848 3769 0x00000e14 0x4062d3b3 M   sra         x7, x5, x6
849 3772 0x00000e18 0x4062d3b3 M   sra         x7, x5, x6
850 3775 0x00000e1c 0x4062d3b3 M   sra         x7, x5, x6
851 3787 0x00000e20 0x4062d3b3 M   sra         x7, x5, x6
852 3790 0x00000e24 0x4062d3b3 M   sra         x7, x5, x6
853 3793 0x00000e28 0x4062d3b3 M   sra         x7, x5, x6
854 3796 0x00000e2c 0x4062d3b3 M   sra         x7, x5, x6
855 3799 0x00000e30 0x4062d3b3 M   sra         x7, x5, x6
856 3802 0x00000e34 0x4062d3b3 M   sra         x7, x5, x6
857 3805 0x00000e38 0x4062d3b3 M   sra         x7, x5, x6
858 3808 0x00000e3c 0x4062d3b3 M   sra         x7, x5, x6
859 3820 0x00000e40 0x4062d3b3 M   sra         x7, x5, x6
860 3823 0x00000e44 0x4062d3b3 M   sra         x7, x5, x6
861 3826 0x00000e48 0x4062d3b3 M   sra         x7, x5, x6
862 3829 0x00000e4c 0x4062d3b3 M   sra         x7, x5, x6
863 3832 0x00000e50 0x4062d3b3 M   sra         x7, x5, x6
864 3835 0x00000e54 0x4062d3b3 M   sra         x7, x5, x6
865 3838 0x00000e58 0x4062d3b3 M   sra         x7, x5, x6
866 3841 0x00000e5c 0x4062d3b3 M   sra         x7, x5, x6
867 3853 0x00000e60 0x4062d3b3 M   sra         x7, x5, x6
868 3856 0x00000e64 0x4062d3b3 M   sra         x7, x5, x6
869 3859 0x00000e68 0x4062d3b3 M   sra         x7, x5, x6
870 3862 0x00000e6c 0x4062d3b3 M   sra         x7, x5, x6
871 3865 0x00000e70 0x4062d3b3 M   sra         x7, x5, x6
872 3868 0x00000e74 0x4062d3b3 M   sra         x7, x5, x6
873 3871 0x00000e78 0x4062d3b3 M   sra         x7, x5, x6
874 3874 0x00000e7c 0x4062d3b3 M   sra         x7, x5, x6
875 3886 0x00000e80 0x4062d3b3 M   sra         x7, x5, x6
876 3889 0x00000e84 0x4062d3b3 M   sra         x7, x5, x6
877 3892 0x00000e88 0x4062d3b3 M   sra         x7, x5, x6
878 3895 0x00000e8c 0x4062d3b3 M   sra         x7, x5, x6
879 3898 0x00000e90 0x4062d3b3 M   sra         x7, x5, x6
880 3901 0x00000e94 0x4062d3b3 M   sra         x7, x5, x6
881 3904 0x00000e98 0x4062d3b3 M   sra         x7, x5, x6
882 3907 0x00000e9c 0x4062d3b3 M   sra         x7, x5, x6
883 3919 0x00000ea0 0x4062d3b3 M   sra         x7, x5, x6
884 3922 0x00000ea4 0x4062d3b3 M   sra         x7, x5, x6
885 3925 0x00000ea8 0x4062d3b3 M   sra         x7, x5, x6
886 3928 0x00000eac 0x4062d3b3 M   sra         x7, x5, x6
887 3931 0x00000eb0 0x4062d3b3 M   sra         x7, x5, x6
888 3934 0x00000eb4 0x4062d3b3 M   sra         x7, x5, x6
889 3937 0x00000eb8 0x4062d3b3 M   sra         x7, x5, x6
890 3940 0x00000ebc 0x4062d3b3 M   sra         x7, x5, x6
891 3952 0x00000ec0 0x4062d3b3 M   sra         x7, x5, x6
892 3955 0x00000ec4 0x4062d3b3 M   sra         x7, x5, x6
893 3958 0x00000ec8 0x4062d3b3 M   sra         x7, x5, x6
894 3961 0x00000ecc 0x4062d3b3 M   sra         x7, x5, x6
895 3964 0x00000ed0 0x4062d3b3 M   sra         x7, x5, x6
896 3967 0x00000ed4 0x4062d3b3 M   sra         x7, x5, x6
897 3970 0x00000ed8 0x4062d3b3 M   sra         x7, x5, x6
898 3973 0x00000edc 0x4062d3b3 M   sra         x7, x5, x6
899 3985 0x00000ee0 0x4062d3b3 M   sra         x7, x5, x6
900 3988 0x00000ee4 0x4062d3b3 M   sra         x7, x5, x6
901 3991 0x00000ee8 0x4062d3b3 M   sra         x7, x5, x6
902 3994 0x00000eec 0x4062d3b3 M   sra         x7, x5, x6
903 3997 0x00000ef0 0x4062d3b3 M   sra         x7, x5, x6
904 4000 0x00000ef4 0x4062d3b3 M   sra         x7, x5, x6
905 4003 0x00000ef8 0x4062d3b3 M   sra         x7, x5, x6
906 4006 0x00000efc 0x4062d3b3 M   sra         x7, x5, x6
907 4018 0x00000f00 0x4062d3b3 M   sra         x7, x5, x6
908 4021 0x00000f04 0x4062d3b3 M   sra         x7, x5, x6
909 4024 0x00000f08 0x4062d3b3 M   sra         x7, x5, x6
910 4027 0x00000f0c 0x4062d3b3 M   sra         x7, x5, x6
911 4030 0x00000f10 0x4062d3b3 M   sra         x7, x5, x6
912 4033 0x00000f14 0x4062d3b3 M   sra         x7, x5, x6
913 4036 0x00000f18 0x4062d3b3 M   sra         x7, x5, x6
914 4039 0x00000f1c 0x4062d3b3 M   sra         x7, x5, x6
915 4051 0x00000f20 0x4062d3b3 M   sra         x7, x5, x6
916 4054 0x00000f24 0x4062d3b3 M   sra         x7, x5, x6
917 4057 0x00000f28 0x4062d3b3 M   sra         x7, x5, x6
918 4060 0x00000f2c 0x4062d3b3 M   sra         x7, x5, x6
919 4063 0x00000f30 0x4062d3b3 M   sra         x7, x5, x6
920 4066 0x00000f34 0x4062d3b3 M   sra         x7, x5, x6
921 4069 0x00000f38 0x4062d3b3 M   sra         x7, x5, x6
922 4072 0x00000f3c 0x4062d3b3 M   sra         x7, x5, x6
923 4084 0x00000f40 0x4062d3b3 M   sra         x7, x5, x6
924 4087 0x00000f44 0x4062d3b3 M   sra         x7, x5, x6
925 4090 0x00000f48 0x4062d3b3 M   sra         x7, x5, x6
926 4093 0x00000f4c 0x4062d3b3 M   sra         x7, x5, x6
927 4096 0x00000f50 0x4062d3b3 M   sra         x7, x5, x6
928 4099 0x00000f54 0x4062d3b3 M   sra         x7, x5, x6
929 4102 0x00000f58 0x4062d3b3 M   sra         x7, x5, x6
930 4105 0x00000f5c 0x4062d3b3 M   sra         x7, x5, x6
931 4117 0x00000f60 0x4062d3b3 M   sra         x7, x5, x6
932 4120 0x00000f64 0x4062d3b3 M   sra         x7, x5, x6
933 4123 0x00000f68 0x4062d3b3 M   sra         x7, x5, x6
934 4126 0x00000f6c 0x4062d3b3 M   sra         x7, x5, x6
935 4129 0x00000f70 0x4062d3b3 M   sra         x7, x5, x6
936 4132 0x00000f74 0x4062d3b3 M   sra         x7, x5, x6
937 4135 0x00000f78 0x4062d3b3 M   sra         x7, x5, x6
938 4138 0x00000f7c 0x4062d3b3 M   sra         x7, x5, x6
939 4150 0x00000f80 0x4062d3b3 M   sra         x7, x5, x6
940 4153 0x00000f84 0x4062d3b3 M   sra         x7, x5, x6
941 4156 0x00000f88 0x4062d3b3 M   sra         x7, x5, x6
942 4159 0x00000f8c 0x4062d3b3 M   sra         x7, x5, x6
943 4162 0x00000f90 0x4062d3b3 M   sra         x7, x5, x6
944 4165 0x00000f94 0x4062d3b3 M   sra         x7, x5, x6
945 4168 0x00000f98 0x4062d3b3 M   sra         x7, x5, x6
946 4171 0x00000f9c 0x4062d3b3 M   sra         x7, x5, x6
947 4183 0x00000fa0 0x4062d3b3 M   sra         x7, x5, x6
948 4186 0x00000fa4 0x4062d3b3 M   sra         x7, x5, x6
949 4189 0x00000fa8 0x4062d3b3 M   sra         x7, x5, x6
950 4192 0x00000fac 0x4062d3b3 M   sra         x7, x5, x6
951 4195 0x00000fb0 0x4062d3b3 M   sra         x7, x5, x6
952 4198 0x00000fb4 0x4062d3b3 M   sra         x7, x5, x6
953 4201 0x00000fb8 0x4062d3b3 M   sra         x7, x5, x6
954 4204 0x00000fbc 0x4062d3b3 M   sra         x7, x5, x6
955 4216 0x00000fc0 0x4062d3b3 M   sra         x7, x5, x6
956 4219 0x00000fc4 0x4062d3b3 M   sra         x7, x5, x6
957 4222 0x00000fc8 0x4062d3b3 M   sra         x7, x5, x6
958 4225 0x00000fcc 0x4062d3b3 M   sra         x7, x5, x6
959 4228 0x00000fd0 0x4062d3b3 M   sra         x7, x5, x6
960 4231 0x00000fd4 0x4062d3b3 M   sra         x7, x5, x6
961 4234 0x00000fd8 0x4062d3b3 M   sra         x7, x5, x6
962 4237 0x00000fdc 0x4062d3b3 M   sra         x7, x5, x6
963 4249 0x00000fe0 0x4062d3b3 M   sra         x7, x5, x6
964 4252 0x00000fe4 0x4062d3b3 M   sra         x7, x5, x6
965 4255 0x00000fe8 0x4062d3b3 M   sra         x7, x5, x6
966 4258 0x00000fec 0x4062d3b3 M   sra         x7, x5, x6
967 4261 0x00000ff0 0x4062d3b3 M   sra         x7, x5, x6
968 4264 0x00000ff4 0x4062d3b3 M   sra         x7, x5, x6
969 4267 0x00000ff8 0x4062d3b3 M   sra         x7, x5, x6
970 4270 0x00000ffc 0x4062d3b3 M   sra         x7, x5, x6
971 4282 0x00001000 0x4062d3b3 M   sra         x7, x5, x6
972 4285 0x00001004 0x4062d3b3 M   sra         x7, x5, x6
973 4288 0x00001008 0x4062d3b3 M   sra         x7, x5, x6
974 4291 0x0000100c 0x4062d3b3 M   sra         x7, x5, x6
975 4294 0x00001010 0x4062d3b3 M   sra         x7, x5, x6
976 4297 0x00001014 0x4062d3b3 M   sra         x7, x5, x6
977 4300 0x00001018 0x4062d3b3 M   sra         x7, x5, x6
978 4303 0x0000101c 0x4062d3b3 M   sra         x7, x5, x6
979 4315 0x00001020 0x4062d3b3 M   sra         x7, x5, x6
980 4318 0x00001024 0x4062d3b3 M   sra         x7, x5, x6
981 4321 0x00001028 0x4062d3b3 M   sra         x7, x5, x6
982 4324 0x0000102c 0x4062d3b3 M   sra         x7, x5, x6
983 4327 0x00001030 0x4062d3b3 M   sra         x7, x5, x6
984 4330 0x00001034 0x4062d3b3 M   sra         x7, x5, x6
985 4333 0x00001038 0x4062d3b3 M   sra         x7, x5, x6
986 4336 0x0000103c 0x4062d3b3 M   sra         x7, x5, x6
987 4348 0x00001040 0x4062d3b3 M   sra         x7, x5, x6
988 4351 0x00001044 0x4062d3b3 M   sra         x7, x5, x6
989 4354 0x00001048 0x4062d3b3 M   sra         x7, x5, x6
990 4357 0x0000104c 0x4062d3b3 M   sra         x7, x5, x6
991 4360 0x00001050 0x4062d3b3 M   sra         x7, x5, x6
992 4363 0x00001054 0x4062d3b3 M   sra         x7, x5, x6
993 4366 0x00001058 0x4062d3b3 M   sra         x7, x5, x6
994 4369 0x0000105c 0x4062d3b3 M   sra         x7, x5, x6
995 4381 0x00001060 0x4062d3b3 M   sra         x7, x5, x6
996 4384 0x00001064 0x4062d3b3 M   sra         x7, x5, x6
997 4387 0x00001068 0x4062d3b3 M   sra         x7, x5, x6
998 4390 0x0000106c 0x4062d3b3 M   sra         x7, x5, x6
999 4393 0x00001070 0x4062d3b3 M   sra         x7, x5, x6
1000 4396 0x00001074 0x4062d3b3 M   sra         x7, x5, x6
1001 4399 0x00001078 0x4062d3b3 M   sra         x7, x5, x6
1002 4402 0x0000107c 0x4062d3b3 M   sra         x7, x5, x6
1003 4414 0x00001080 0x4062d3b3 M   sra         x7, x5, x6
1004 4417 0x00001084 0x4062d3b3 M   sra         x7, x5, x6
1005 4420 0x00001088 0x4062d3b3 M   sra         x7, x5, x6
1006 4423 0x0000108c 0x4062d3b3 M   sra         x7, x5, x6
1007 4426 0x00001090 0x4062d3b3 M   sra         x7, x5, x6
1008 4429 0x00001094 0x4062d3b3 M   sra         x7, x5, x6
1009 4432 0x00001098 0x4062d3b3 M   sra         x7, x5, x6
1010 4435 0x0000109c 0x4062d3b3 M   sra         x7, x5, x6
1011 4447 0x000010a0 0x4062d3b3 M   sra         x7, x5, x6
1012 4450 0x000010a4 0x4062d3b3 M   sra         x7, x5, x6
1013 4453 0x000010a8 0x4062d3b3 M   sra         x7, x5, x6
1014 4456 0x000010ac 0x4062d3b3 M   sra         x7, x5, x6
1015 4459 0x000010b0 0x4062d3b3 M   sra         x7, x5, x6
1016 4462 0x000010b4 0x4062d3b3 M   sra         x7, x5, x6
1017 4465 0x000010b8 0x4062d3b3 M   sra         x7, x5, x6
1018 4468 0x000010bc 0x4062d3b3 M   sra         x7, x5, x6
1019 4480 0x000010c0 0x4062d3b3 M   sra         x7, x5, x6
1020 4483 0x000010c4 0x4062d3b3 M   sra         x7, x5, x6
1021 4486 0x000010c8 0x4062d3b3 M   sra         x7, x5, x6
1022 4489 0x000010cc 0x4062d3b3 M   sra         x7, x5, x6
1023 4492 0x000010d0 0x4062d3b3 M   sra         x7, x5, x6
1024 4495 0x000010d4 0x4062d3b3 M   sra         x7, x5, x6
1025 4498 0x000010d8 0x4062d3b3 M   sra         x7, x5, x6
1026 4501 0x000010dc 0x4062d3b3 M   sra         x7, x5, x6
1027 4513 0x000010e0 0x4062d3b3 M   sra         x7, x5, x6
1028 4516 0x000010e4 0x4062d3b3 M   sra         x7, x5, x6
1029 4519 0x000010e8 0x4062d3b3 M   sra         x7, x5, x6
1030 4522 0x000010ec 0x4062d3b3 M   sra         x7, x5, x6
1031 4525 0x000010f0 0x4062d3b3 M   sra         x7, x5, x6
1032 4528 0x000010f4 0x4062d3b3 M   sra         x7, x5, x6
1033 4531 0x000010f8 0x4062d3b3 M   sra         x7, x5, x6
1034 4534 0x000010fc 0x4062d3b3 M   sra         x7, x5, x6
1035 4546 0x00001100 0x4062d3b3 M   sra         x7, x5, x6
1036 4549 0x00001104 0x4062d3b3 M   sra         x7, x5, x6
1037 4552 0x00001108 0x4062d3b3 M   sra         x7, x5, x6
1038 4555 0x0000110c 0x4062d3b3 M   sra         x7, x5, x6
1039 4558 0x00001110 0x4062d3b3 M   sra         x7, x5, x6
1040 4561 0x00001114 0x4062d3b3 M   sra         x7, x5, x6
1041 4564 0x00001118 0x4062d3b3 M   sra         x7, x5, x6
1042 4567 0x0000111c 0x4062d3b3 M   sra         x7, x5, x6
1043 4579 0x00001120 0x4062d3b3 M   sra         x7, x5, x6
1044 4582 0x00001124 0x4062d3b3 M   sra         x7, x5, x6
1045 4585 0x00001128 0x4062d3b3 M   sra         x7, x5, x6
1046 4588 0x0000112c 0x4062d3b3 M   sra         x7, x5, x6
1047 4591 0x00001130 0x4062d3b3 M   sra         x7, x5, x6
1048 4594 0x00001134 0x4062d3b3 M   sra         x7, x5, x6
1049 4597 0x00001138 0x4062d3b3 M   sra         x7, x5, x6
1050 4600 0x0000113c 0x4062d3b3 M   sra         x7, x5, x6
1051 4612 0x00001140 0x4062d3b3 M   sra         x7, x5, x6
1052 4615 0x00001144 0x4062d3b3 M   sra         x7, x5, x6
1053 4618 0x00001148 0x4062d3b3 M   sra         x7, x5, x6
1054 4621 0x0000114c 0x4062d3b3 M   sra         x7, x5, x6
1055 4624 0x00001150 0x4062d3b3 M   sra         x7, x5, x6
1056 4627 0x00001154 0x4062d3b3 M   sra         x7, x5, x6
1057 4630 0x00001158 0x4062d3b3 M   sra         x7, x5, x6
1058 4633 0x0000115c 0x4062d3b3 M   sra         x7, x5, x6
1059 4645 0x00001160 0x4062d3b3 M   sra         x7, x5, x6
1060 4648 0x00001164 0x4062d3b3 M   sra         x7, x5, x6
1061 4651 0x00001168 0x4062d3b3 M   sra         x7, x5, x6
1062 4654 0x0000116c 0x4062d3b3 M   sra         x7, x5, x6
1063 4657 0x00001170 0xc00024f3 M   csrrs       x9, cycle, x0
1064 4659 0x00001174 0x40848933 M   sub         x18, x9, x8
1065 4661 0x00001178 0x00000513 M   addi        x10, x0, 0
1066 4664 0x0000117c 0x00008067 M   jalr        x0, 0(x1)
1067 4692 0x00000160 0x30047073 M   csrrci      x0, mstatus, 8
1068 4695 0x00000164 0x30401073 M   csrrw       x0, mie, x0
1069 4697 0x00000168 0x00000597 M   auipc       x11, 0x00000000
1070 4699 0x0000016c 0x05058593 M   addi        x11, x11, 80
1071 4702 0x00000170 0x30559073 M   csrrw       x0, mtvec, x11
1072 4705 0x00000174 0x34051073 M   csrrw       x0, mscratch, x10
1073 4708 0x00000178 0xf1402473 M   csrrs       x8, mhartid, x0
1074 4711 0x0000017c 0x02041463 M   bne         x8, x0, 40
1075 4722 0x00000180 0x00001417 M   auipc       x8, 0x00001000
1076 4724 0x00000184 0x00040413 M   addi        x8, x8, 0
1077 4726 0x00000188 0x00001497 M   auipc       x9, 0x00001000
1078 4728 0x0000018c 0xff848493 M   addi        x9, x9, -8
1079 4731 0x00000190 0x00945a63 M   bge         x8, x9, 20
1080 4750 0x000001a4 0xf1402473 M   csrrs       x8, mhartid, x0
1081 4753 0x000001a8 0x00041463 M   bne         x8, x0, 8
1082 4756 0x000001ac 0x00100073 M   ebreak      
1083 4765 0x000001b8 0x10500073 M   wfi          <TRAP_ENTRY>
